[2025-10-02 10:07:56.432] [a3610b49] [DBG1] [SYSTEM] Debug system initialized (Level=2, Session=a3610b49)
[2025-10-02 10:07:56.520] [a3610b49] [DBG1] [SECURITY] Security level changed to: balanced | Data: {"MaxFileSize":104857600,"MaxExecutionTime":300000,"TemplateExecutionEnabled":false,"AllowedWritePaths":["/home/****/pmc/pmcapp","/home/****/pmc/pmcapp/reports","/home/****/pmc/pmcapp/backups","/home/****/pmc/pmcapp/exports","/tmp/"],"InputValidationEnabled":true,"SensitiveDataScanEnabled":true,"ResourceLimitsEnabled":true,"MaxMemoryUsage":524288000,"AuditLoggingEnabled":true,"PathWhitelistEnabled":true}
[2025-10-02 10:07:56.640] [a3610b49] [DBG1] [INTERACTIVE] Enabling PMC interactive mode with full t2.ps1 feature set
[2025-10-02 10:07:56.753] [a3610b49] [DBG2] [ScreenManager] Screen manager initialized | Data: {"Regions":{"Header":{"X":0,"Y":0,"Width":80,"Height":3},"Content":{"X":0,"Y":3,"Width":80,"Height":32},"Status":{"X":50,"Y":1,"Width":30,"Height":1},"Input":{"X":0,"Y":35,"Width":80,"Height":2},"Full":{"X":0,"Y":0,"Width":80,"Height":37}},"Title":"pmc — enhanced project management console"}
[2025-10-02 10:07:56.757] [a3610b49] [DBG1] [ScreenManager] PMC screen initialized | Data: {"Title":"pmc — enhanced project management console"}
[2025-10-02 10:07:56.760] [a3610b49] [DBG2] [SHELL] Persistent screen layout initialized
[2025-10-02 10:07:56.899] [a3610b49] [DBG2] [INPUT] Starting Read-PmcCommand session
[2025-10-02 10:07:56.976] [a3610b49] [DBG2] [RENDER] Bottom HUD render: bufferLen=0, cursorPos=0, width=79
[2025-10-02 10:10:53.251] [e36389f1] [DBG1] [SYSTEM] Debug system initialized (Level=2, Session=e36389f1)
[2025-10-02 10:10:53.348] [e36389f1] [DBG1] [SECURITY] Security level changed to: balanced | Data: {"ResourceLimitsEnabled":true,"MaxFileSize":104857600,"AllowedWritePaths":["/home/****/pmc/pmcapp","/home/****/pmc/pmcapp/reports","/home/****/pmc/pmcapp/backups","/home/****/pmc/pmcapp/exports","/tmp/"],"PathWhitelistEnabled":true,"AuditLoggingEnabled":true,"SensitiveDataScanEnabled":true,"TemplateExecutionEnabled":false,"MaxMemoryUsage":524288000,"InputValidationEnabled":true,"MaxExecutionTime":300000}
[2025-10-02 10:10:53.409] [e36389f1] [DBG1] [GUI] Start-PmcFakeTUI dispatch
[2025-10-02 10:10:53.450] [e36389f1] [DBG1] [FakeTUI] Failed to start integrated FakeTUI: At /home/****/pmc/pmcapp/module/Pmc.Strict/FakeTUI/FakeTUIAppIntegrated.ps1:35 char:14
+             [PmcStringCache]::Initialize()
+              ~~~~~~~~~~~~~~
Unable to find type [PmcStringCache].

At /home/****/pmc/pmcapp/module/Pmc.Strict/FakeTUI/FakeTUIAppIntegrated.ps1:38 char:31
+             $this.Terminal = [PmcSimpleTerminal]::GetInstance()
+                               ~~~~~~~~~~~~~~~~~
Unable to find type [PmcSimpleTerminal].

At /home/****/pmc/pmcapp/module/Pmc.Strict/FakeTUI/FakeTUIAppIntegrated.ps1:41 char:33
+             $this.MenuSystem = [PmcMenuSystem]::new($this.Terminal)
+                                 ~~~~~~~~~~~~~
Unable to find type [PmcMenuSystem].

At /home/****/pmc/pmcapp/module/Pmc.Strict/FakeTUI/FakeTUIAppIntegrated.ps1:45 char:33
+             $this.CLIAdapter = [PmcCLIAdapter]::new()
+                                 ~~~~~~~~~~~~~
Unable to find type [PmcCLIAdapter].

At /home/****/pmc/pmcapp/module/Pmc.Strict/FakeTUI/FakeTUIAppIntegrated.ps1:48 char:37
+             $this.TaskListScreen = [PmcTaskListScreen]::new($this.Ter …
+                                     ~~~~~~~~~~~~~~~~~
Unable to find type [PmcTaskListScreen].

At /home/****/pmc/pmcapp/module/Pmc.Strict/FakeTUI/FakeTUIAppIntegrated.ps1:49 char:40
+             $this.ProjectListScreen = [PmcProjectListScreen]::new($th …
+                                        ~~~~~~~~~~~~~~~~~~~~
Unable to find type [PmcProjectListScreen].

At /home/****/pmc/pmcapp/module/Pmc.Strict/FakeTUI/FakeTUIAppIntegrated.ps1:50 char:37
+             $this.CommandPalette = [PmcCommandPalette]::new($this.Ter …
+                                     ~~~~~~~~~~~~~~~~~
Unable to find type [PmcCommandPalette].

At /home/****/pmc/pmcapp/module/Pmc.Strict/FakeTUI/FakeTUIAppIntegrated.ps1:69 char:43
+             $this.Terminal.WriteAt(0, 0, [PmcStringCache]::GetAnsiSeq …
+                                           ~~~~~~~~~~~~~~
Unable to find type [PmcStringCache].

At /home/****/pmc/pmcapp/module/Pmc.Strict/FakeTUI/FakeTUIAppIntegrated.ps1:70 char:43
+             $this.Terminal.WriteAt(0, 0, [PmcStringCache]::GetAnsiSeq …
+                                           ~~~~~~~~~~~~~~
Unable to find type [PmcStringCache].

At /home/****/pmc/pmcapp/module/Pmc.Strict/FakeTUI/FakeTUIAppIntegrated.ps1:95 char:43
+             $this.Terminal.WriteAt(0, 0, [PmcStringCache]::GetAnsiSeq …
+                                           ~~~~~~~~~~~~~~
Unable to find type [PmcStringCache].

Not all parse errors were reported.  Correct the reported errors and try again.
[2025-10-02 10:10:53.456] [e36389f1] [DBG1] [GUI] Integrated GUI failed: At /home/****/pmc/pmcapp/module/Pmc.Strict/FakeTUI/FakeTUIAppIntegrated.ps1:35 char:14
+             [PmcStringCache]::Initialize()
+              ~~~~~~~~~~~~~~
Unable to find type [PmcStringCache].

At /home/****/pmc/pmcapp/module/Pmc.Strict/FakeTUI/FakeTUIAppIntegrated.ps1:38 char:31
+             $this.Terminal = [PmcSimpleTerminal]::GetInstance()
+                               ~~~~~~~~~~~~~~~~~
Unable to find type [PmcSimpleTerminal].

At /home/****/pmc/pmcapp/module/Pmc.Strict/FakeTUI/FakeTUIAppIntegrated.ps1:41 char:33
+             $this.MenuSystem = [PmcMenuSystem]::new($this.Terminal)
+                                 ~~~~~~~~~~~~~
Unable to find type [PmcMenuSystem].

At /home/****/pmc/pmcapp/module/Pmc.Strict/FakeTUI/FakeTUIAppIntegrated.ps1:45 char:33
+             $this.CLIAdapter = [PmcCLIAdapter]::new()
+                                 ~~~~~~~~~~~~~
Unable to find type [PmcCLIAdapter].

At /home/****/pmc/pmcapp/module/Pmc.Strict/FakeTUI/FakeTUIAppIntegrated.ps1:48 char:37
+             $this.TaskListScreen = [PmcTaskListScreen]::new($this.Ter …
+                                     ~~~~~~~~~~~~~~~~~
Unable to find type [PmcTaskListScreen].

At /home/****/pmc/pmcapp/module/Pmc.Strict/FakeTUI/FakeTUIAppIntegrated.ps1:49 char:40
+             $this.ProjectListScreen = [PmcProjectListScreen]::new($th …
+                                        ~~~~~~~~~~~~~~~~~~~~
Unable to find type [PmcProjectListScreen].

At /home/****/pmc/pmcapp/module/Pmc.Strict/FakeTUI/FakeTUIAppIntegrated.ps1:50 char:37
+             $this.CommandPalette = [PmcCommandPalette]::new($this.Ter …
+                                     ~~~~~~~~~~~~~~~~~
Unable to find type [PmcCommandPalette].

At /home/****/pmc/pmcapp/module/Pmc.Strict/FakeTUI/FakeTUIAppIntegrated.ps1:69 char:43
+             $this.Terminal.WriteAt(0, 0, [PmcStringCache]::GetAnsiSeq …
+                                           ~~~~~~~~~~~~~~
Unable to find type [PmcStringCache].

At /home/****/pmc/pmcapp/module/Pmc.Strict/FakeTUI/FakeTUIAppIntegrated.ps1:70 char:43
+             $this.Terminal.WriteAt(0, 0, [PmcStringCache]::GetAnsiSeq …
+                                           ~~~~~~~~~~~~~~
Unable to find type [PmcStringCache].

At /home/****/pmc/pmcapp/module/Pmc.Strict/FakeTUI/FakeTUIAppIntegrated.ps1:95 char:43
+             $this.Terminal.WriteAt(0, 0, [PmcStringCache]::GetAnsiSeq …
+                                           ~~~~~~~~~~~~~~
Unable to find type [PmcStringCache].

Not all parse errors were reported.  Correct the reported errors and try again.
[2025-10-02 10:10:53.461] [e36389f1] [DBG1] [INTERACTIVE] Enabling PMC interactive mode with full t2.ps1 feature set
[2025-10-02 10:10:53.577] [e36389f1] [DBG2] [ScreenManager] Screen manager initialized | Data: {"Title":"pmc — enhanced project management console","Regions":{"Header":{"X":0,"Y":0,"Width":80,"Height":3},"Content":{"X":0,"Y":3,"Width":80,"Height":32},"Status":{"X":50,"Y":1,"Width":30,"Height":1},"Input":{"X":0,"Y":35,"Width":80,"Height":2},"Full":{"X":0,"Y":0,"Width":80,"Height":37}}}
[2025-10-02 10:10:53.582] [e36389f1] [DBG1] [ScreenManager] PMC screen initialized | Data: {"Title":"pmc — enhanced project management console"}
[2025-10-02 10:10:53.584] [e36389f1] [DBG2] [SHELL] Persistent screen layout initialized
[2025-10-02 10:10:53.722] [e36389f1] [DBG2] [INPUT] Starting Read-PmcCommand session
[2025-10-02 10:10:53.795] [e36389f1] [DBG2] [RENDER] Bottom HUD render: bufferLen=0, cursorPos=0, width=79
[2025-10-02 10:32:11.973] [c7fcf573] [DBG1] [SYSTEM] Debug system initialized (Level=2, Session=c7fcf573)
[2025-10-02 10:35:27.737] [812e0af4] [DBG1] [SYSTEM] Debug system initialized (Level=2, Session=812e0af4)
[2025-10-02 11:09:31.036] [4fbd7a17] [DBG1] [SYSTEM] Debug system initialized (Level=2, Session=4fbd7a17)
