[2025-10-06 13:27:00.502] [8b953875] [DBG1] [SYSTEM] Debug system initialized (Level=1, Session=8b953875)
[2025-10-06 13:27:00.581] [8b953875] [DBG1] [SECURITY] Security level changed to: balanced | Data: {"InputValidationEnabled":true,"SensitiveDataScanEnabled":true,"AuditLoggingEnabled":true,"MaxExecutionTime":300000,"MaxMemoryUsage":524288000,"ResourceLimitsEnabled":true,"PathWhitelistEnabled":true,"TemplateExecutionEnabled":false,"AllowedWritePaths":["/home/****/pmc","/home/****/pmc/reports","/home/****/pmc/backups","/home/****/pmc/exports","/tmp/"],"MaxFileSize":104857600}
[2025-10-06 13:27:45.899] [8b953875] [DBG1] [INTERACTIVE] Enabling PMC interactive mode with full t2.ps1 feature set
[2025-10-06 13:27:45.965] [8b953875] [DBG1] [ScreenManager] PMC screen initialized | Data: {"Title":"pmc — enhanced project management console"}
[2025-10-06 13:35:25.623] [da07e70c] [DBG1] [SYSTEM] Debug system initialized (Level=1, Session=da07e70c)
[2025-10-06 13:35:25.699] [da07e70c] [DBG1] [SECURITY] Security level changed to: balanced | Data: {"AuditLoggingEnabled":true,"MaxExecutionTime":300000,"ResourceLimitsEnabled":true,"AllowedWritePaths":["/home/****/pmc","/home/****/pmc/reports","/home/****/pmc/backups","/home/****/pmc/exports","/tmp/"],"MaxFileSize":104857600,"MaxMemoryUsage":524288000,"TemplateExecutionEnabled":false,"PathWhitelistEnabled":true,"SensitiveDataScanEnabled":true,"InputValidationEnabled":true}
[2025-10-06 13:35:30.464] [da07e70c] [DBG1] [INTERACTIVE] Enabling PMC interactive mode with full t2.ps1 feature set
[2025-10-06 13:35:30.624] [da07e70c] [DBG1] [ScreenManager] PMC screen initialized | Data: {"Title":"pmc — enhanced project management console"}
[2025-10-06 13:39:42.182] [fce68411] [DBG1] [SYSTEM] Debug system initialized (Level=1, Session=fce68411)
[2025-10-06 13:39:42.259] [fce68411] [DBG1] [SECURITY] Security level changed to: balanced | Data: {"InputValidationEnabled":true,"TemplateExecutionEnabled":false,"AllowedWritePaths":["/home/****/pmc","/home/****/pmc/reports","/home/****/pmc/backups","/home/****/pmc/exports","/tmp/"],"MaxExecutionTime":300000,"ResourceLimitsEnabled":true,"MaxMemoryUsage":524288000,"AuditLoggingEnabled":true,"MaxFileSize":104857600,"SensitiveDataScanEnabled":true,"PathWhitelistEnabled":true}
[2025-10-06 13:39:46.103] [fce68411] [DBG1] [INTERACTIVE] Enabling PMC interactive mode with full t2.ps1 feature set
[2025-10-06 13:39:46.202] [fce68411] [DBG1] [ScreenManager] PMC screen initialized | Data: {"Title":"pmc — enhanced project management console"}
[2025-10-06 13:42:53.863] [1872afb1] [DBG1] [SYSTEM] Debug system initialized (Level=1, Session=1872afb1)
[2025-10-06 13:42:53.942] [1872afb1] [DBG1] [SECURITY] Security level changed to: balanced | Data: {"MaxExecutionTime":300000,"PathWhitelistEnabled":true,"MaxMemoryUsage":524288000,"AllowedWritePaths":["/home/****/pmc","/home/****/pmc/reports","/home/****/pmc/backups","/home/****/pmc/exports","/tmp/"],"MaxFileSize":104857600,"TemplateExecutionEnabled":false,"AuditLoggingEnabled":true,"InputValidationEnabled":true,"SensitiveDataScanEnabled":true,"ResourceLimitsEnabled":true}
[2025-10-06 13:42:54.314] [1872afb1] [DBG1] [INTERACTIVE] Enabling PMC interactive mode with full t2.ps1 feature set
[2025-10-06 13:42:54.427] [1872afb1] [DBG1] [ScreenManager] PMC screen initialized | Data: {"Title":"pmc — enhanced project management console"}
[2025-10-06 13:48:00.011] [22a46cac] [DBG1] [SYSTEM] Debug system initialized (Level=1, Session=22a46cac)
[2025-10-06 13:48:00.088] [22a46cac] [DBG1] [SECURITY] Security level changed to: balanced | Data: {"MaxMemoryUsage":524288000,"MaxFileSize":104857600,"AuditLoggingEnabled":true,"SensitiveDataScanEnabled":true,"InputValidationEnabled":true,"AllowedWritePaths":["/home/****/pmc","/home/****/pmc/reports","/home/****/pmc/backups","/home/****/pmc/exports","/tmp/"],"ResourceLimitsEnabled":true,"TemplateExecutionEnabled":false,"PathWhitelistEnabled":true,"MaxExecutionTime":300000}
[2025-10-06 13:48:00.428] [22a46cac] [DBG1] [INTERACTIVE] Enabling PMC interactive mode with full t2.ps1 feature set
[2025-10-06 13:48:00.523] [22a46cac] [DBG1] [ScreenManager] PMC screen initialized | Data: {"Title":"pmc — enhanced project management console"}
[2025-10-06 13:51:16.482] [41d68c6a] [DBG1] [SYSTEM] Debug system initialized (Level=1, Session=41d68c6a)
[2025-10-06 13:51:16.559] [41d68c6a] [DBG1] [SECURITY] Security level changed to: balanced | Data: {"SensitiveDataScanEnabled":true,"AuditLoggingEnabled":true,"InputValidationEnabled":true,"ResourceLimitsEnabled":true,"MaxMemoryUsage":524288000,"MaxExecutionTime":300000,"TemplateExecutionEnabled":false,"MaxFileSize":104857600,"PathWhitelistEnabled":true,"AllowedWritePaths":["/home/****/pmc","/home/****/pmc/reports","/home/****/pmc/backups","/home/****/pmc/exports","/tmp/"]}
[FakeTUI-START-ERROR] 2025-10-06T13:51:16.8896124-06:00 | System.Management.Automation.ParseException: At /home/teej/pmc/module/Pmc.Strict/FakeTUI/FakeTUI.ps1:6389 char:32
+                 Set-PmcAllData $allData
+                                ~~~~~~~~
Variable is not assigned in the method.
   at System.Management.Automation.ExceptionHandlingOps.CheckActionPreference(FunctionContext funcContext, Exception exception)
   at System.Management.Automation.Interpreter.ActionCallInstruction`2.Run(InterpretedFrame frame)
   at System.Management.Automation.Interpreter.EnterTryCatchFinallyInstruction.Run(InterpretedFrame frame)
   at System.Management.Automation.Interpreter.EnterTryCatchFinallyInstruction.Run(InterpretedFrame frame)
[2025-10-06 13:51:16.896] [41d68c6a] [DBG1] [INTERACTIVE] Enabling PMC interactive mode with full t2.ps1 feature set
[2025-10-06 13:51:16.992] [41d68c6a] [DBG1] [ScreenManager] PMC screen initialized | Data: {"Title":"pmc — enhanced project management console"}
[2025-10-06 13:54:19.413] [51c1162d] [DBG1] [SYSTEM] Debug system initialized (Level=1, Session=51c1162d)
[2025-10-06 13:54:19.495] [51c1162d] [DBG1] [SECURITY] Security level changed to: balanced | Data: {"InputValidationEnabled":true,"PathWhitelistEnabled":true,"TemplateExecutionEnabled":false,"SensitiveDataScanEnabled":true,"MaxExecutionTime":300000,"ResourceLimitsEnabled":true,"AllowedWritePaths":["/home/****/pmc","/home/****/pmc/reports","/home/****/pmc/backups","/home/****/pmc/exports","/tmp/"],"MaxMemoryUsage":524288000,"AuditLoggingEnabled":true,"MaxFileSize":104857600}
[FakeTUI-START-ERROR] 2025-10-06T13:54:23.7885324-06:00 | System.Management.Automation.PropertyNotFoundException: The property 'Type' cannot be found on this object. Verify that the property exists.
   at System.Management.Automation.ExceptionHandlingOps.CheckActionPreference(FunctionContext funcContext, Exception exception)
   at System.Management.Automation.Interpreter.ActionCallInstruction`2.Run(InterpretedFrame frame)
   at System.Management.Automation.Interpreter.EnterTryCatchFinallyInstruction.Run(InterpretedFrame frame)
   at System.Management.Automation.Interpreter.EnterTryCatchFinallyInstruction.Run(InterpretedFrame frame)
   at System.Management.Automation.Interpreter.Interpreter.Run(InterpretedFrame frame)
   at System.Management.Automation.Interpreter.LightLambda.RunVoid1[T0](T0 arg0)
   at System.Management.Automation.PSScriptCmdlet.RunClause(Action`1 clause, Object dollarUnderbar, Object inputToProcess)
   at System.Management.Automation.CommandProcessorBase.Complete()
[2025-10-06 13:54:23.793] [51c1162d] [DBG1] [INTERACTIVE] Enabling PMC interactive mode with full t2.ps1 feature set
[2025-10-06 13:54:23.878] [51c1162d] [DBG1] [ScreenManager] PMC screen initialized | Data: {"Title":"pmc — enhanced project management console"}
[2025-10-06 14:07:11.164] [8eb3555f] [DBG1] [SYSTEM] Debug system initialized (Level=1, Session=8eb3555f)
[2025-10-06 14:07:11.245] [8eb3555f] [DBG1] [SECURITY] Security level changed to: balanced | Data: {"SensitiveDataScanEnabled":true,"AuditLoggingEnabled":true,"InputValidationEnabled":true,"MaxExecutionTime":300000,"AllowedWritePaths":["/home/****/pmc","/home/****/pmc/reports","/home/****/pmc/backups","/home/****/pmc/exports","/tmp/"],"MaxFileSize":104857600,"PathWhitelistEnabled":true,"MaxMemoryUsage":524288000,"TemplateExecutionEnabled":false,"ResourceLimitsEnabled":true}
[FakeTUI-START-ERROR] 2025-10-06T14:07:16.0243551-06:00 | System.Management.Automation.PropertyNotFoundException: The property 'Type' cannot be found on this object. Verify that the property exists.
   at System.Management.Automation.ExceptionHandlingOps.CheckActionPreference(FunctionContext funcContext, Exception exception)
   at System.Management.Automation.Interpreter.ActionCallInstruction`2.Run(InterpretedFrame frame)
   at System.Management.Automation.Interpreter.EnterTryCatchFinallyInstruction.Run(InterpretedFrame frame)
   at System.Management.Automation.Interpreter.EnterTryCatchFinallyInstruction.Run(InterpretedFrame frame)
   at System.Management.Automation.Interpreter.Interpreter.Run(InterpretedFrame frame)
   at System.Management.Automation.Interpreter.LightLambda.RunVoid1[T0](T0 arg0)
   at System.Management.Automation.PSScriptCmdlet.RunClause(Action`1 clause, Object dollarUnderbar, Object inputToProcess)
   at System.Management.Automation.CommandProcessorBase.Complete()
[2025-10-06 14:07:16.030] [8eb3555f] [DBG1] [INTERACTIVE] Enabling PMC interactive mode with full t2.ps1 feature set
[2025-10-06 14:07:16.191] [8eb3555f] [DBG1] [ScreenManager] PMC screen initialized | Data: {"Title":"pmc — enhanced project management console"}
[2025-10-06 14:11:24.292] [d9d1f4a1] [DBG1] [SYSTEM] Debug system initialized (Level=1, Session=d9d1f4a1)
[2025-10-06 14:11:24.367] [d9d1f4a1] [DBG1] [SECURITY] Security level changed to: balanced | Data: {"MaxFileSize":104857600,"MaxMemoryUsage":524288000,"AllowedWritePaths":["/home/****/pmc","/home/****/pmc/reports","/home/****/pmc/backups","/home/****/pmc/exports","/tmp/"],"TemplateExecutionEnabled":false,"SensitiveDataScanEnabled":true,"PathWhitelistEnabled":true,"InputValidationEnabled":true,"AuditLoggingEnabled":true,"ResourceLimitsEnabled":true,"MaxExecutionTime":300000}
[FakeTUI-START-ERROR] 2025-10-06T14:11:29.3286247-06:00 | System.Management.Automation.PropertyNotFoundException: The property 'Type' cannot be found on this object. Verify that the property exists.
   at System.Management.Automation.ExceptionHandlingOps.CheckActionPreference(FunctionContext funcContext, Exception exception)
   at System.Management.Automation.Interpreter.ActionCallInstruction`2.Run(InterpretedFrame frame)
   at System.Management.Automation.Interpreter.EnterTryCatchFinallyInstruction.Run(InterpretedFrame frame)
   at System.Management.Automation.Interpreter.EnterTryCatchFinallyInstruction.Run(InterpretedFrame frame)
   at System.Management.Automation.Interpreter.Interpreter.Run(InterpretedFrame frame)
   at System.Management.Automation.Interpreter.LightLambda.RunVoid1[T0](T0 arg0)
   at System.Management.Automation.PSScriptCmdlet.RunClause(Action`1 clause, Object dollarUnderbar, Object inputToProcess)
   at System.Management.Automation.CommandProcessorBase.Complete()
[2025-10-06 14:11:29.333] [d9d1f4a1] [DBG1] [INTERACTIVE] Enabling PMC interactive mode with full t2.ps1 feature set
[2025-10-06 14:11:29.416] [d9d1f4a1] [DBG1] [ScreenManager] PMC screen initialized | Data: {"Title":"pmc — enhanced project management console"}
[2025-10-06 14:12:32.667] [eb68aa1e] [DBG1] [SYSTEM] Debug system initialized (Level=1, Session=eb68aa1e)
[2025-10-06 14:12:32.747] [eb68aa1e] [DBG1] [SECURITY] Security level changed to: balanced | Data: {"InputValidationEnabled":true,"ResourceLimitsEnabled":true,"MaxExecutionTime":300000,"PathWhitelistEnabled":true,"MaxFileSize":104857600,"AllowedWritePaths":["/home/****/pmc","/home/****/pmc/reports","/home/****/pmc/backups","/home/****/pmc/exports","/tmp/"],"SensitiveDataScanEnabled":true,"MaxMemoryUsage":524288000,"AuditLoggingEnabled":true,"TemplateExecutionEnabled":false}
[FakeTUI-START-ERROR] 2025-10-06T14:12:36.5294496-06:00 | System.Management.Automation.PropertyNotFoundException: The property 'Type' cannot be found on this object. Verify that the property exists.
   at System.Management.Automation.ExceptionHandlingOps.CheckActionPreference(FunctionContext funcContext, Exception exception)
   at System.Management.Automation.Interpreter.ActionCallInstruction`2.Run(InterpretedFrame frame)
   at System.Management.Automation.Interpreter.EnterTryCatchFinallyInstruction.Run(InterpretedFrame frame)
   at System.Management.Automation.Interpreter.EnterTryCatchFinallyInstruction.Run(InterpretedFrame frame)
   at System.Management.Automation.Interpreter.Interpreter.Run(InterpretedFrame frame)
   at System.Management.Automation.Interpreter.LightLambda.RunVoid1[T0](T0 arg0)
   at System.Management.Automation.PSScriptCmdlet.RunClause(Action`1 clause, Object dollarUnderbar, Object inputToProcess)
   at System.Management.Automation.CommandProcessorBase.Complete()
[2025-10-06 14:12:36.534] [eb68aa1e] [DBG1] [INTERACTIVE] Enabling PMC interactive mode with full t2.ps1 feature set
[2025-10-06 14:12:36.618] [eb68aa1e] [DBG1] [ScreenManager] PMC screen initialized | Data: {"Title":"pmc — enhanced project management console"}
[2025-10-06 14:12:44.932] [d19ba1bf] [DBG1] [SYSTEM] Debug system initialized (Level=1, Session=d19ba1bf)
[2025-10-06 14:12:45.011] [d19ba1bf] [DBG1] [SECURITY] Security level changed to: balanced | Data: {"AllowedWritePaths":["/home/****/pmc","/home/****/pmc/reports","/home/****/pmc/backups","/home/****/pmc/exports","/tmp/"],"TemplateExecutionEnabled":false,"MaxMemoryUsage":524288000,"ResourceLimitsEnabled":true,"SensitiveDataScanEnabled":true,"AuditLoggingEnabled":true,"InputValidationEnabled":true,"MaxFileSize":104857600,"MaxExecutionTime":300000,"PathWhitelistEnabled":true}
[FakeTUI-START-ERROR] 2025-10-06T14:12:47.7058898-06:00 | System.Management.Automation.PropertyNotFoundException: The property 'Type' cannot be found on this object. Verify that the property exists.
   at System.Management.Automation.ExceptionHandlingOps.CheckActionPreference(FunctionContext funcContext, Exception exception)
   at System.Management.Automation.Interpreter.ActionCallInstruction`2.Run(InterpretedFrame frame)
   at System.Management.Automation.Interpreter.EnterTryCatchFinallyInstruction.Run(InterpretedFrame frame)
   at System.Management.Automation.Interpreter.EnterTryCatchFinallyInstruction.Run(InterpretedFrame frame)
   at System.Management.Automation.Interpreter.Interpreter.Run(InterpretedFrame frame)
   at System.Management.Automation.Interpreter.LightLambda.RunVoid1[T0](T0 arg0)
   at System.Management.Automation.PSScriptCmdlet.RunClause(Action`1 clause, Object dollarUnderbar, Object inputToProcess)
   at System.Management.Automation.CommandProcessorBase.Complete()
[2025-10-06 14:12:47.714] [d19ba1bf] [DBG1] [INTERACTIVE] Enabling PMC interactive mode with full t2.ps1 feature set
[2025-10-06 14:12:47.890] [d19ba1bf] [DBG1] [ScreenManager] PMC screen initialized | Data: {"Title":"pmc — enhanced project management console"}
[2025-10-06 14:17:11.821] [03a89942] [DBG1] [SYSTEM] Debug system initialized (Level=1, Session=03a89942)
[2025-10-06 14:17:11.896] [03a89942] [DBG1] [SECURITY] Security level changed to: balanced | Data: {"MaxMemoryUsage":524288000,"TemplateExecutionEnabled":false,"MaxExecutionTime":300000,"MaxFileSize":104857600,"AuditLoggingEnabled":true,"SensitiveDataScanEnabled":true,"InputValidationEnabled":true,"PathWhitelistEnabled":true,"AllowedWritePaths":["/home/****/pmc","/home/****/pmc/reports","/home/****/pmc/backups","/home/****/pmc/exports","/tmp/"],"ResourceLimitsEnabled":true}
[FakeTUI-START-ERROR] 2025-10-06T14:17:16.4896089-06:00 | System.Management.Automation.PropertyNotFoundException: The property 'Type' cannot be found on this object. Verify that the property exists.
   at System.Management.Automation.ExceptionHandlingOps.CheckActionPreference(FunctionContext funcContext, Exception exception)
   at System.Management.Automation.Interpreter.ActionCallInstruction`2.Run(InterpretedFrame frame)
   at System.Management.Automation.Interpreter.EnterTryCatchFinallyInstruction.Run(InterpretedFrame frame)
   at System.Management.Automation.Interpreter.EnterTryCatchFinallyInstruction.Run(InterpretedFrame frame)
   at System.Management.Automation.Interpreter.Interpreter.Run(InterpretedFrame frame)
   at System.Management.Automation.Interpreter.LightLambda.RunVoid1[T0](T0 arg0)
   at System.Management.Automation.PSScriptCmdlet.RunClause(Action`1 clause, Object dollarUnderbar, Object inputToProcess)
   at System.Management.Automation.CommandProcessorBase.Complete()
[2025-10-06 14:17:16.500] [03a89942] [DBG1] [INTERACTIVE] Enabling PMC interactive mode with full t2.ps1 feature set
[2025-10-06 14:17:16.647] [03a89942] [DBG1] [ScreenManager] PMC screen initialized | Data: {"Title":"pmc — enhanced project management console"}
[2025-10-06 14:22:12.633] [b0f783b9] [DBG1] [SYSTEM] Debug system initialized (Level=1, Session=b0f783b9)
[2025-10-06 14:22:12.710] [b0f783b9] [DBG1] [SECURITY] Security level changed to: balanced | Data: {"AuditLoggingEnabled":true,"TemplateExecutionEnabled":false,"PathWhitelistEnabled":true,"AllowedWritePaths":["/home/****/pmc","/home/****/pmc/reports","/home/****/pmc/backups","/home/****/pmc/exports","/tmp/"],"ResourceLimitsEnabled":true,"SensitiveDataScanEnabled":true,"MaxMemoryUsage":524288000,"MaxExecutionTime":300000,"InputValidationEnabled":true,"MaxFileSize":104857600}
[FakeTUI-START-ERROR] 2025-10-06T14:22:17.4404335-06:00 | System.Management.Automation.PropertyNotFoundException: The property 'Type' cannot be found on this object. Verify that the property exists.
   at System.Management.Automation.ExceptionHandlingOps.CheckActionPreference(FunctionContext funcContext, Exception exception)
   at System.Management.Automation.Interpreter.ActionCallInstruction`2.Run(InterpretedFrame frame)
   at System.Management.Automation.Interpreter.EnterTryCatchFinallyInstruction.Run(InterpretedFrame frame)
   at System.Management.Automation.Interpreter.EnterTryCatchFinallyInstruction.Run(InterpretedFrame frame)
   at System.Management.Automation.Interpreter.Interpreter.Run(InterpretedFrame frame)
   at System.Management.Automation.Interpreter.LightLambda.RunVoid1[T0](T0 arg0)
   at System.Management.Automation.PSScriptCmdlet.RunClause(Action`1 clause, Object dollarUnderbar, Object inputToProcess)
   at System.Management.Automation.CommandProcessorBase.Complete()
[2025-10-06 14:22:17.444] [b0f783b9] [DBG1] [INTERACTIVE] Enabling PMC interactive mode with full t2.ps1 feature set
[2025-10-06 14:22:17.535] [b0f783b9] [DBG1] [ScreenManager] PMC screen initialized | Data: {"Title":"pmc — enhanced project management console"}
[2025-10-06 14:27:34.932] [38bbffcc] [DBG1] [SYSTEM] Debug system initialized (Level=1, Session=38bbffcc)
[2025-10-06 14:27:35.012] [38bbffcc] [DBG1] [SECURITY] Security level changed to: balanced | Data: {"MaxFileSize":104857600,"AuditLoggingEnabled":true,"TemplateExecutionEnabled":false,"AllowedWritePaths":["/home/****/pmc","/home/****/pmc/reports","/home/****/pmc/backups","/home/****/pmc/exports","/tmp/"],"MaxExecutionTime":300000,"InputValidationEnabled":true,"SensitiveDataScanEnabled":true,"MaxMemoryUsage":524288000,"ResourceLimitsEnabled":true,"PathWhitelistEnabled":true}
[FakeTUI-START-ERROR] 2025-10-06T14:27:39.9971942-06:00 | System.Management.Automation.PropertyNotFoundException: The property 'Type' cannot be found on this object. Verify that the property exists.
   at System.Management.Automation.ExceptionHandlingOps.CheckActionPreference(FunctionContext funcContext, Exception exception)
   at System.Management.Automation.Interpreter.ActionCallInstruction`2.Run(InterpretedFrame frame)
   at System.Management.Automation.Interpreter.EnterTryCatchFinallyInstruction.Run(InterpretedFrame frame)
   at System.Management.Automation.Interpreter.EnterTryCatchFinallyInstruction.Run(InterpretedFrame frame)
   at System.Management.Automation.Interpreter.Interpreter.Run(InterpretedFrame frame)
   at System.Management.Automation.Interpreter.LightLambda.RunVoid1[T0](T0 arg0)
   at System.Management.Automation.PSScriptCmdlet.RunClause(Action`1 clause, Object dollarUnderbar, Object inputToProcess)
   at System.Management.Automation.CommandProcessorBase.Complete()
[2025-10-06 14:27:40.005] [38bbffcc] [DBG1] [INTERACTIVE] Enabling PMC interactive mode with full t2.ps1 feature set
[2025-10-06 14:27:40.100] [38bbffcc] [DBG1] [ScreenManager] PMC screen initialized | Data: {"Title":"pmc — enhanced project management console"}
[2025-10-06 14:29:31.741] [aba4d2a4] [DBG1] [SYSTEM] Debug system initialized (Level=1, Session=aba4d2a4)
[2025-10-06 14:29:31.818] [aba4d2a4] [DBG1] [SECURITY] Security level changed to: balanced | Data: {"MaxExecutionTime":300000,"TemplateExecutionEnabled":false,"InputValidationEnabled":true,"MaxFileSize":104857600,"PathWhitelistEnabled":true,"ResourceLimitsEnabled":true,"AuditLoggingEnabled":true,"SensitiveDataScanEnabled":true,"AllowedWritePaths":["/home/****/pmc","/home/****/pmc/reports","/home/****/pmc/backups","/home/****/pmc/exports","/tmp/"],"MaxMemoryUsage":524288000}
[FakeTUI-START-ERROR] 2025-10-06T14:29:36.1246672-06:00 | System.Management.Automation.PropertyNotFoundException: The property 'Type' cannot be found on this object. Verify that the property exists.
   at System.Management.Automation.ExceptionHandlingOps.CheckActionPreference(FunctionContext funcContext, Exception exception)
   at System.Management.Automation.Interpreter.ActionCallInstruction`2.Run(InterpretedFrame frame)
   at System.Management.Automation.Interpreter.EnterTryCatchFinallyInstruction.Run(InterpretedFrame frame)
   at System.Management.Automation.Interpreter.EnterTryCatchFinallyInstruction.Run(InterpretedFrame frame)
   at System.Management.Automation.Interpreter.Interpreter.Run(InterpretedFrame frame)
   at System.Management.Automation.Interpreter.LightLambda.RunVoid1[T0](T0 arg0)
   at System.Management.Automation.PSScriptCmdlet.RunClause(Action`1 clause, Object dollarUnderbar, Object inputToProcess)
   at System.Management.Automation.CommandProcessorBase.Complete()
[2025-10-06 14:29:36.130] [aba4d2a4] [DBG1] [INTERACTIVE] Enabling PMC interactive mode with full t2.ps1 feature set
[2025-10-06 14:29:36.212] [aba4d2a4] [DBG1] [ScreenManager] PMC screen initialized | Data: {"Title":"pmc — enhanced project management console"}
[2025-10-06 14:36:21.442] [7de9d8fd] [DBG1] [SYSTEM] Debug system initialized (Level=1, Session=7de9d8fd)
[2025-10-06 14:36:21.521] [7de9d8fd] [DBG1] [SECURITY] Security level changed to: balanced | Data: {"TemplateExecutionEnabled":false,"SensitiveDataScanEnabled":true,"AllowedWritePaths":["/home/****/pmc","/home/****/pmc/reports","/home/****/pmc/backups","/home/****/pmc/exports","/tmp/"],"ResourceLimitsEnabled":true,"InputValidationEnabled":true,"PathWhitelistEnabled":true,"AuditLoggingEnabled":true,"MaxExecutionTime":300000,"MaxFileSize":104857600,"MaxMemoryUsage":524288000}
[FakeTUI-START-ERROR] 2025-10-06T14:36:21.8871046-06:00 | System.Management.Automation.ParseException: At /home/teej/pmc/module/Pmc.Strict/FakeTUI/FakeTUI.ps1:544 char:66
+ …      $terminal.WriteAt([int]($boxX + 2), $prevY, "$prevLabel: $($resu …
+                                                     ~~~~~~~~~~~
Variable reference is not valid. ':' was not followed by a valid variable name character. Consider using ${} to delimit the name.
   at System.Management.Automation.ExceptionHandlingOps.CheckActionPreference(FunctionContext funcContext, Exception exception)
   at System.Management.Automation.Interpreter.ActionCallInstruction`2.Run(InterpretedFrame frame)
   at System.Management.Automation.Interpreter.EnterTryCatchFinallyInstruction.Run(InterpretedFrame frame)
   at System.Management.Automation.Interpreter.EnterTryCatchFinallyInstruction.Run(InterpretedFrame frame)
[2025-10-06 14:36:21.895] [7de9d8fd] [DBG1] [INTERACTIVE] Enabling PMC interactive mode with full t2.ps1 feature set
[2025-10-06 14:36:22.013] [7de9d8fd] [DBG1] [ScreenManager] PMC screen initialized | Data: {"Title":"pmc — enhanced project management console"}
[2025-10-06 14:57:02.222] [ded06c8d] [DBG1] [SYSTEM] Debug system initialized (Level=1, Session=ded06c8d)
[2025-10-06 14:57:02.303] [ded06c8d] [DBG1] [SECURITY] Security level changed to: balanced | Data: {"MaxMemoryUsage":524288000,"PathWhitelistEnabled":true,"InputValidationEnabled":true,"MaxFileSize":104857600,"AuditLoggingEnabled":true,"ResourceLimitsEnabled":true,"AllowedWritePaths":["/home/****/pmc","/home/****/pmc/reports","/home/****/pmc/backups","/home/****/pmc/exports","/tmp/"],"MaxExecutionTime":300000,"TemplateExecutionEnabled":false,"SensitiveDataScanEnabled":true}
[2025-10-06 15:11:13.009] [21d1578e] [DBG1] [SYSTEM] Debug system initialized (Level=1, Session=21d1578e)
[2025-10-06 15:11:13.084] [21d1578e] [DBG1] [SECURITY] Security level changed to: balanced | Data: {"ResourceLimitsEnabled":true,"AuditLoggingEnabled":true,"MaxFileSize":104857600,"TemplateExecutionEnabled":false,"MaxMemoryUsage":524288000,"AllowedWritePaths":["/home/****/pmc","/home/****/pmc/reports","/home/****/pmc/backups","/home/****/pmc/exports","/tmp/"],"SensitiveDataScanEnabled":true,"PathWhitelistEnabled":true,"MaxExecutionTime":300000,"InputValidationEnabled":true}
[2025-10-06 15:20:04.110] [1d868c7a] [DBG1] [SYSTEM] Debug system initialized (Level=1, Session=1d868c7a)
[2025-10-06 15:20:04.186] [1d868c7a] [DBG1] [SECURITY] Security level changed to: balanced | Data: {"MaxExecutionTime":300000,"TemplateExecutionEnabled":false,"SensitiveDataScanEnabled":true,"PathWhitelistEnabled":true,"InputValidationEnabled":true,"AuditLoggingEnabled":true,"ResourceLimitsEnabled":true,"MaxFileSize":104857600,"AllowedWritePaths":["/home/****/pmc","/home/****/pmc/reports","/home/****/pmc/backups","/home/****/pmc/exports","/tmp/"],"MaxMemoryUsage":524288000}
[FakeTUI-START-ERROR] 2025-10-06T15:20:04.5228608-06:00 | System.Management.Automation.ParseException: At /home/teej/pmc/module/Pmc.Strict/FakeTUI/FakeTUI.ps1:4924 char:21
+             $ctx = [PmcCommandContext]::new('project','add')
+                     ~~~~~~~~~~~~~~~~~
Unable to find type [PmcCommandContext].
   at System.Management.Automation.ExceptionHandlingOps.CheckActionPreference(FunctionContext funcContext, Exception exception)
   at System.Management.Automation.Interpreter.ActionCallInstruction`2.Run(InterpretedFrame frame)
   at System.Management.Automation.Interpreter.EnterTryCatchFinallyInstruction.Run(InterpretedFrame frame)
   at System.Management.Automation.Interpreter.EnterTryCatchFinallyInstruction.Run(InterpretedFrame frame)
[2025-10-06 15:20:04.528] [1d868c7a] [DBG1] [INTERACTIVE] Enabling PMC interactive mode with full t2.ps1 feature set
[2025-10-06 15:20:04.618] [1d868c7a] [DBG1] [ScreenManager] PMC screen initialized | Data: {"Title":"pmc — enhanced project management console"}
[2025-10-06 15:25:28.674] [3175377a] [DBG1] [SYSTEM] Debug system initialized (Level=1, Session=3175377a)
[2025-10-06 15:25:28.757] [3175377a] [DBG1] [SECURITY] Security level changed to: balanced | Data: {"MaxMemoryUsage":524288000,"SensitiveDataScanEnabled":true,"TemplateExecutionEnabled":false,"MaxFileSize":104857600,"MaxExecutionTime":300000,"InputValidationEnabled":true,"PathWhitelistEnabled":true,"AuditLoggingEnabled":true,"ResourceLimitsEnabled":true,"AllowedWritePaths":["/home/****/pmc","/home/****/pmc/reports","/home/****/pmc/backups","/home/****/pmc/exports","/tmp/"]}
[FakeTUI-START-ERROR] 2025-10-06T15:25:29.1626455-06:00 | System.Management.Automation.ParseException: At /home/teej/pmc/module/Pmc.Strict/FakeTUI/FakeTUI.ps1:4924 char:21
+             $ctx = [PmcCommandContext]::new('project','add')
+                     ~~~~~~~~~~~~~~~~~
Unable to find type [PmcCommandContext].
   at System.Management.Automation.ExceptionHandlingOps.CheckActionPreference(FunctionContext funcContext, Exception exception)
   at System.Management.Automation.Interpreter.ActionCallInstruction`2.Run(InterpretedFrame frame)
   at System.Management.Automation.Interpreter.EnterTryCatchFinallyInstruction.Run(InterpretedFrame frame)
   at System.Management.Automation.Interpreter.EnterTryCatchFinallyInstruction.Run(InterpretedFrame frame)
[2025-10-06 15:25:29.169] [3175377a] [DBG1] [INTERACTIVE] Enabling PMC interactive mode with full t2.ps1 feature set
[2025-10-06 15:25:29.269] [3175377a] [DBG1] [ScreenManager] PMC screen initialized | Data: {"Title":"pmc — enhanced project management console"}
[2025-10-06 15:29:06.721] [85262bca] [DBG1] [SYSTEM] Debug system initialized (Level=1, Session=85262bca)
[2025-10-06 15:29:06.850] [85262bca] [DBG1] [SECURITY] Security level changed to: balanced | Data: {"TemplateExecutionEnabled":false,"AuditLoggingEnabled":true,"MaxFileSize":104857600,"PathWhitelistEnabled":true,"AllowedWritePaths":["/home/****/pmc","/home/****/pmc/reports","/home/****/pmc/backups","/home/****/pmc/exports","/tmp/"],"InputValidationEnabled":true,"SensitiveDataScanEnabled":true,"MaxMemoryUsage":524288000,"ResourceLimitsEnabled":true,"MaxExecutionTime":300000}
[FakeTUI-START-ERROR] 2025-10-06T15:29:07.4655301-06:00 | System.Management.Automation.ParseException: At /home/teej/pmc/module/Pmc.Strict/FakeTUI/FakeTUI.ps1:4925 char:35
+             $cmd = "project add \"$escaped\""
+                                   ~~~~~~~~~~~
Unexpected token '$escaped\""' in expression or statement.

At /home/teej/pmc/module/Pmc.Strict/FakeTUI/FakeTUI.ps1:4925 char:43
+             $cmd = "project add \"$escaped\""
+                                           ~~~
Unexpected token '\""' in expression or statement.
   at System.Management.Automation.ExceptionHandlingOps.CheckActionPreference(FunctionContext funcContext, Exception exception)
   at System.Management.Automation.Interpreter.ActionCallInstruction`2.Run(InterpretedFrame frame)
   at System.Management.Automation.Interpreter.EnterTryCatchFinallyInstruction.Run(InterpretedFrame frame)
   at System.Management.Automation.Interpreter.EnterTryCatchFinallyInstruction.Run(InterpretedFrame frame)
POSITION:
At /home/teej/pmc/module/Pmc.Strict/FakeTUI/FakeTUI.ps1:4925 char:35
+             $cmd = "project add \"$escaped\""
+                                   ~~~~~~~~~~~
[2025-10-06 15:29:07.476] [85262bca] [DBG1] [INTERACTIVE] Enabling PMC interactive mode with full t2.ps1 feature set
[2025-10-06 15:29:07.636] [85262bca] [DBG1] [ScreenManager] PMC screen initialized | Data: {"Title":"pmc — enhanced project management console"}
[2025-10-06 15:30:27.431] [454574df] [DBG1] [SYSTEM] Debug system initialized (Level=1, Session=454574df)
[2025-10-06 15:30:27.560] [454574df] [DBG1] [SECURITY] Security level changed to: balanced | Data: {"AuditLoggingEnabled":true,"ResourceLimitsEnabled":true,"MaxMemoryUsage":524288000,"AllowedWritePaths":["/home/****/pmc","/home/****/pmc/reports","/home/****/pmc/backups","/home/****/pmc/exports","/tmp/"],"InputValidationEnabled":true,"TemplateExecutionEnabled":false,"MaxExecutionTime":300000,"PathWhitelistEnabled":true,"SensitiveDataScanEnabled":true,"MaxFileSize":104857600}
[2025-10-06 15:30:39.622] [454574df] [DBG1] [COMMAND] START: project add "New Test 3"
[2025-10-06 15:30:40.024] [454574df] [DBG1] [AUDIT] Secure file operation | Data: {"Operation":"write","ContentSize":1479,"Path":"/home/****/pmc/tasks.json.tmp","Timestamp":"2025-10-06 15:30:40","User":null}
[2025-10-06 15:30:40.073] [454574df] [DBG1] [COMMAND] SUCCESS: project add "New Test 3" | Data: {"Domain":"project","Action":"add","Handler":"Add-PmcProject"}
[2025-10-06 15:35:41.655] [e5b9ce65] [DBG1] [SYSTEM] Debug system initialized (Level=1, Session=e5b9ce65)
[2025-10-06 15:35:41.786] [e5b9ce65] [DBG1] [SECURITY] Security level changed to: balanced | Data: {"MaxFileSize":104857600,"MaxMemoryUsage":524288000,"PathWhitelistEnabled":true,"InputValidationEnabled":true,"SensitiveDataScanEnabled":true,"ResourceLimitsEnabled":true,"TemplateExecutionEnabled":false,"AuditLoggingEnabled":true,"MaxExecutionTime":300000,"AllowedWritePaths":["/home/****/pmc","/home/****/pmc/reports","/home/****/pmc/backups","/home/****/pmc/exports","/tmp/"]}
[2025-10-06 15:35:45.364] [e5b9ce65] [DBG1] [COMMAND] START: project add
[2025-10-06 15:35:45.931] [e5b9ce65] [DBG1] [Grid] StartInteractive called | Data: {"DataCount":1}
[2025-10-06 15:35:45.962] [e5b9ce65] [DBG1] [Grid] Starting interactive loop
[2025-10-06 15:36:06.947] [e5b9ce65] [DBG1] [COMMAND] SUCCESS: project add | Data: {"Domain":"project","Action":"add","Handler":"Add-PmcProject"}
[2025-10-06 15:41:34.501] [df429bc2] [DBG1] [SYSTEM] Debug system initialized (Level=1, Session=df429bc2)
[2025-10-06 15:41:34.633] [df429bc2] [DBG1] [SECURITY] Security level changed to: balanced | Data: {"TemplateExecutionEnabled":false,"MaxMemoryUsage":524288000,"PathWhitelistEnabled":true,"AuditLoggingEnabled":true,"InputValidationEnabled":true,"MaxExecutionTime":300000,"MaxFileSize":104857600,"ResourceLimitsEnabled":true,"SensitiveDataScanEnabled":true,"AllowedWritePaths":["/home/****/pmc","/home/****/pmc/reports","/home/****/pmc/backups","/home/****/pmc/exports","/tmp/"]}
[2025-10-06 18:00:20.522] [884de62b] [DBG1] [SYSTEM] Debug system initialized (Level=1, Session=884de62b)
[2025-10-06 18:00:20.657] [884de62b] [DBG1] [SECURITY] Security level changed to: balanced | Data: {"MaxFileSize":104857600,"PathWhitelistEnabled":true,"MaxMemoryUsage":524288000,"AllowedWritePaths":["/home/****/pmc","/home/****/pmc/reports","/home/****/pmc/backups","/home/****/pmc/exports","/tmp/"],"TemplateExecutionEnabled":false,"AuditLoggingEnabled":true,"InputValidationEnabled":true,"SensitiveDataScanEnabled":true,"ResourceLimitsEnabled":true,"MaxExecutionTime":300000}
[FakeTUI-START-ERROR] 2025-10-06T18:00:47.1725866-06:00 | System.Management.Automation.CommandNotFoundException: The term 'if' is not recognized as a name of a cmdlet, function, script file, or executable program.
Check the spelling of the name, or if a path was included, verify that the path is correct and try again.
   at System.Management.Automation.ExceptionHandlingOps.CheckActionPreference(FunctionContext funcContext, Exception exception)
   at System.Management.Automation.Interpreter.ActionCallInstruction`2.Run(InterpretedFrame frame)
   at System.Management.Automation.Interpreter.EnterTryCatchFinallyInstruction.Run(InterpretedFrame frame)
   at System.Management.Automation.Interpreter.EnterTryCatchFinallyInstruction.Run(InterpretedFrame frame)
POSITION:
At /home/teej/pmc/module/Pmc.Strict/FakeTUI/FakeTUI.ps1:4938 char:40
+                 $title = " Select " + (if ($directoriesOnly) { 'Folde …
+                                        ~~
[2025-10-06 18:00:47.178] [884de62b] [DBG1] [INTERACTIVE] Enabling PMC interactive mode with full t2.ps1 feature set
[2025-10-06 18:00:47.307] [884de62b] [DBG1] [ScreenManager] PMC screen initialized | Data: {"Title":"pmc — enhanced project management console"}
[2025-10-06 18:34:01.836] [c68283e1] [DBG1] [SYSTEM] Debug system initialized (Level=1, Session=c68283e1)
[2025-10-06 18:34:01.963] [c68283e1] [DBG1] [SECURITY] Security level changed to: balanced | Data: {"MaxFileSize":104857600,"MaxExecutionTime":300000,"PathWhitelistEnabled":true,"ResourceLimitsEnabled":true,"AuditLoggingEnabled":true,"TemplateExecutionEnabled":false,"SensitiveDataScanEnabled":true,"InputValidationEnabled":true,"MaxMemoryUsage":524288000,"AllowedWritePaths":["/home/****/pmc","/home/****/pmc/reports","/home/****/pmc/backups","/home/****/pmc/exports","/tmp/"]}
[FakeTUI-START-ERROR] 2025-10-06T18:34:37.4895384-06:00 | System.Management.Automation.CommandNotFoundException: The term 'if' is not recognized as a name of a cmdlet, function, script file, or executable program.
Check the spelling of the name, or if a path was included, verify that the path is correct and try again.
   at System.Management.Automation.ExceptionHandlingOps.CheckActionPreference(FunctionContext funcContext, Exception exception)
   at System.Management.Automation.Interpreter.ActionCallInstruction`2.Run(InterpretedFrame frame)
   at System.Management.Automation.Interpreter.EnterTryCatchFinallyInstruction.Run(InterpretedFrame frame)
   at System.Management.Automation.Interpreter.EnterTryCatchFinallyInstruction.Run(InterpretedFrame frame)
POSITION:
At /home/teej/pmc/module/Pmc.Strict/FakeTUI/FakeTUI.ps1:4938 char:40
+                 $title = " Select " + (if ($directoriesOnly) { 'Folde …
+                                        ~~
[2025-10-06 18:34:37.497] [c68283e1] [DBG1] [INTERACTIVE] Enabling PMC interactive mode with full t2.ps1 feature set
[2025-10-06 18:34:37.628] [c68283e1] [DBG1] [ScreenManager] PMC screen initialized | Data: {"Title":"pmc — enhanced project management console"}
[2025-10-06 19:37:09.659] [4242fbd2] [DBG1] [SYSTEM] Debug system initialized (Level=1, Session=4242fbd2)
[2025-10-06 19:37:09.783] [4242fbd2] [DBG1] [SECURITY] Security level changed to: balanced | Data: {"PathWhitelistEnabled":true,"TemplateExecutionEnabled":false,"MaxExecutionTime":300000,"ResourceLimitsEnabled":true,"AuditLoggingEnabled":true,"SensitiveDataScanEnabled":true,"MaxFileSize":104857600,"InputValidationEnabled":true,"AllowedWritePaths":["/home/****/pmc","/home/****/pmc/reports","/home/****/pmc/backups","/home/****/pmc/exports","/tmp/"],"MaxMemoryUsage":524288000}
[2025-10-07 09:50:00.400] [d4bd2544] [DBG1] [SYSTEM] Debug system initialized (Level=1, Session=d4bd2544)
[2025-10-07 09:50:00.538] [d4bd2544] [DBG1] [SECURITY] Security level changed to: balanced | Data: {"SensitiveDataScanEnabled":true,"InputValidationEnabled":true,"PathWhitelistEnabled":true,"ResourceLimitsEnabled":true,"TemplateExecutionEnabled":false,"MaxFileSize":104857600,"AllowedWritePaths":["/home/****/pmc","/home/****/pmc/reports","/home/****/pmc/backups","/home/****/pmc/exports","/tmp/"],"MaxExecutionTime":300000,"AuditLoggingEnabled":true,"MaxMemoryUsage":524288000}
[2025-10-07 09:55:01.156] [d12a4e1f] [DBG1] [SYSTEM] Debug system initialized (Level=1, Session=d12a4e1f)
[2025-10-07 09:55:01.292] [d12a4e1f] [DBG1] [SECURITY] Security level changed to: balanced | Data: {"MaxExecutionTime":300000,"AuditLoggingEnabled":true,"MaxFileSize":104857600,"MaxMemoryUsage":524288000,"TemplateExecutionEnabled":false,"PathWhitelistEnabled":true,"AllowedWritePaths":["/home/****/pmc","/home/****/pmc/reports","/home/****/pmc/backups","/home/****/pmc/exports","/tmp/"],"SensitiveDataScanEnabled":true,"ResourceLimitsEnabled":true,"InputValidationEnabled":true}
[FakeTUI-START-ERROR] 2025-10-07T09:55:01.9915612-06:00 | System.Management.Automation.ParseException: At /home/teej/pmc/module/Pmc.Strict/FakeTUI/FakeTUI.ps1:4922 char:17
+             if ($IsWindows -or ($env:OS -like '*Windows*')) { $defaul …
+                 ~~~~~~~~~~
Variable is not assigned in the method.
   at System.Management.Automation.ExceptionHandlingOps.CheckActionPreference(FunctionContext funcContext, Exception exception)
   at System.Management.Automation.Interpreter.ActionCallInstruction`2.Run(InterpretedFrame frame)
   at System.Management.Automation.Interpreter.EnterTryCatchFinallyInstruction.Run(InterpretedFrame frame)
   at System.Management.Automation.Interpreter.EnterTryCatchFinallyInstruction.Run(InterpretedFrame frame)
POSITION:
At /home/teej/pmc/module/Pmc.Strict/FakeTUI/FakeTUI.ps1:4922 char:17
+             if ($IsWindows -or ($env:OS -like '*Windows*')) { $defaul …
+                 ~~~~~~~~~~
[2025-10-07 09:55:02.001] [d12a4e1f] [DBG1] [INTERACTIVE] Enabling PMC interactive mode with full t2.ps1 feature set
[2025-10-07 09:55:02.170] [d12a4e1f] [DBG1] [ScreenManager] PMC screen initialized | Data: {"Title":"pmc — enhanced project management console"}
[2025-10-07 10:02:06.925] [2e2722c6] [DBG1] [SYSTEM] Debug system initialized (Level=1, Session=2e2722c6)
[2025-10-07 10:02:07.057] [2e2722c6] [DBG1] [SECURITY] Security level changed to: balanced | Data: {"AuditLoggingEnabled":true,"SensitiveDataScanEnabled":true,"InputValidationEnabled":true,"AllowedWritePaths":["/home/****/pmc","/home/****/pmc/reports","/home/****/pmc/backups","/home/****/pmc/exports","/tmp/"],"MaxFileSize":104857600,"MaxMemoryUsage":524288000,"PathWhitelistEnabled":true,"TemplateExecutionEnabled":false,"ResourceLimitsEnabled":true,"MaxExecutionTime":300000}
[FakeTUI-START-ERROR] 2025-10-07T10:02:07.6773179-06:00 | System.Management.Automation.ParseException: At /home/teej/pmc/module/Pmc.Strict/FakeTUI/FakeTUI.ps1:4922 char:17
+             if ($IsWindows -or ($env:OS -like '*Windows*')) { $defaul …
+                 ~~~~~~~~~~
Variable is not assigned in the method.
   at System.Management.Automation.ExceptionHandlingOps.CheckActionPreference(FunctionContext funcContext, Exception exception)
   at System.Management.Automation.Interpreter.ActionCallInstruction`2.Run(InterpretedFrame frame)
   at System.Management.Automation.Interpreter.EnterTryCatchFinallyInstruction.Run(InterpretedFrame frame)
   at System.Management.Automation.Interpreter.EnterTryCatchFinallyInstruction.Run(InterpretedFrame frame)
POSITION:
At /home/teej/pmc/module/Pmc.Strict/FakeTUI/FakeTUI.ps1:4922 char:17
+             if ($IsWindows -or ($env:OS -like '*Windows*')) { $defaul …
+                 ~~~~~~~~~~
[2025-10-07 10:02:07.687] [2e2722c6] [DBG1] [INTERACTIVE] Enabling PMC interactive mode with full t2.ps1 feature set
[2025-10-07 10:02:07.860] [2e2722c6] [DBG1] [ScreenManager] PMC screen initialized | Data: {"Title":"pmc — enhanced project management console"}
[2025-10-07 10:09:36.951] [ea44a960] [DBG1] [SYSTEM] Debug system initialized (Level=1, Session=ea44a960)
[2025-10-07 10:09:37.074] [ea44a960] [DBG1] [SECURITY] Security level changed to: balanced | Data: {"PathWhitelistEnabled":true,"AllowedWritePaths":["/home/****/pmc","/home/****/pmc/reports","/home/****/pmc/backups","/home/****/pmc/exports","/tmp/"],"MaxFileSize":104857600,"InputValidationEnabled":true,"ResourceLimitsEnabled":true,"SensitiveDataScanEnabled":true,"AuditLoggingEnabled":true,"MaxExecutionTime":300000,"TemplateExecutionEnabled":false,"MaxMemoryUsage":524288000}
[FakeTUI-START-ERROR] 2025-10-07T10:09:37.6884168-06:00 | System.Management.Automation.ParseException: At /home/teej/pmc/module/Pmc.Strict/FakeTUI/FakeTUI.ps1:5004 char:17
+             if ($IsWindows -or ($env:OS -like '*Windows*')) { $defaul …
+                 ~~~~~~~~~~
Variable is not assigned in the method.
   at System.Management.Automation.ExceptionHandlingOps.CheckActionPreference(FunctionContext funcContext, Exception exception)
   at System.Management.Automation.Interpreter.ActionCallInstruction`2.Run(InterpretedFrame frame)
   at System.Management.Automation.Interpreter.EnterTryCatchFinallyInstruction.Run(InterpretedFrame frame)
   at System.Management.Automation.Interpreter.EnterTryCatchFinallyInstruction.Run(InterpretedFrame frame)
POSITION:
At /home/teej/pmc/module/Pmc.Strict/FakeTUI/FakeTUI.ps1:5004 char:17
+             if ($IsWindows -or ($env:OS -like '*Windows*')) { $defaul …
+                 ~~~~~~~~~~
[2025-10-07 10:09:37.700] [ea44a960] [DBG1] [INTERACTIVE] Enabling PMC interactive mode with full t2.ps1 feature set
[2025-10-07 10:09:37.886] [ea44a960] [DBG1] [ScreenManager] PMC screen initialized | Data: {"Title":"pmc — enhanced project management console"}
[2025-10-07 10:13:04.893] [82cfd844] [DBG1] [SYSTEM] Debug system initialized (Level=1, Session=82cfd844)
[2025-10-07 10:13:04.970] [82cfd844] [DBG1] [SECURITY] Security level changed to: balanced | Data: {"MaxFileSize":104857600,"MaxExecutionTime":300000,"AllowedWritePaths":["/home/****/pmc","/home/****/pmc/reports","/home/****/pmc/backups","/home/****/pmc/exports","/tmp/"],"InputValidationEnabled":true,"SensitiveDataScanEnabled":true,"AuditLoggingEnabled":true,"ResourceLimitsEnabled":true,"PathWhitelistEnabled":true,"MaxMemoryUsage":524288000,"TemplateExecutionEnabled":false}
[FakeTUI-START-ERROR] 2025-10-07T10:13:05.3284157-06:00 | System.Management.Automation.ParseException: At /home/teej/pmc/module/Pmc.Strict/FakeTUI/FakeTUI.ps1:5004 char:17
+             if ($IsWindows -or ($env:OS -like '*Windows*')) { $defaul …
+                 ~~~~~~~~~~
Variable is not assigned in the method.
   at System.Management.Automation.ExceptionHandlingOps.CheckActionPreference(FunctionContext funcContext, Exception exception)
   at System.Management.Automation.Interpreter.ActionCallInstruction`2.Run(InterpretedFrame frame)
   at System.Management.Automation.Interpreter.EnterTryCatchFinallyInstruction.Run(InterpretedFrame frame)
   at System.Management.Automation.Interpreter.EnterTryCatchFinallyInstruction.Run(InterpretedFrame frame)
POSITION:
At /home/teej/pmc/module/Pmc.Strict/FakeTUI/FakeTUI.ps1:5004 char:17
+             if ($IsWindows -or ($env:OS -like '*Windows*')) { $defaul …
+                 ~~~~~~~~~~
[2025-10-07 10:13:05.334] [82cfd844] [DBG1] [INTERACTIVE] Enabling PMC interactive mode with full t2.ps1 feature set
[2025-10-07 10:13:05.429] [82cfd844] [DBG1] [ScreenManager] PMC screen initialized | Data: {"Title":"pmc — enhanced project management console"}
[2025-10-07 10:15:50.478] [9bcceae9] [DBG1] [SYSTEM] Debug system initialized (Level=1, Session=9bcceae9)
[2025-10-07 10:15:50.560] [9bcceae9] [DBG1] [SECURITY] Security level changed to: balanced | Data: {"AllowedWritePaths":["/home/****/pmc","/home/****/pmc/reports","/home/****/pmc/backups","/home/****/pmc/exports","/tmp/"],"TemplateExecutionEnabled":false,"PathWhitelistEnabled":true,"MaxMemoryUsage":524288000,"SensitiveDataScanEnabled":true,"AuditLoggingEnabled":true,"MaxExecutionTime":300000,"ResourceLimitsEnabled":true,"InputValidationEnabled":true,"MaxFileSize":104857600}
[FakeTUI-START-ERROR] 2025-10-07T10:15:50.9589858-06:00 | System.Management.Automation.ParseException: At /home/teej/pmc/module/Pmc.Strict/FakeTUI/FakeTUI.ps1:5004 char:17
+             if ($IsWindows -or ($env:OS -like '*Windows*')) { $defaul …
+                 ~~~~~~~~~~
Variable is not assigned in the method.
   at System.Management.Automation.ExceptionHandlingOps.CheckActionPreference(FunctionContext funcContext, Exception exception)
   at System.Management.Automation.Interpreter.ActionCallInstruction`2.Run(InterpretedFrame frame)
   at System.Management.Automation.Interpreter.EnterTryCatchFinallyInstruction.Run(InterpretedFrame frame)
   at System.Management.Automation.Interpreter.EnterTryCatchFinallyInstruction.Run(InterpretedFrame frame)
POSITION:
At /home/teej/pmc/module/Pmc.Strict/FakeTUI/FakeTUI.ps1:5004 char:17
+             if ($IsWindows -or ($env:OS -like '*Windows*')) { $defaul …
+                 ~~~~~~~~~~
[2025-10-07 10:15:50.966] [9bcceae9] [DBG1] [INTERACTIVE] Enabling PMC interactive mode with full t2.ps1 feature set
[2025-10-07 10:15:51.078] [9bcceae9] [DBG1] [ScreenManager] PMC screen initialized | Data: {"Title":"pmc — enhanced project management console"}
[2025-10-07 10:43:01.973] [434a86f7] [DBG1] [SYSTEM] Debug system initialized (Level=1, Session=434a86f7)
[2025-10-07 10:43:02.107] [434a86f7] [DBG1] [SECURITY] Security level changed to: balanced | Data: {"AuditLoggingEnabled":true,"TemplateExecutionEnabled":false,"PathWhitelistEnabled":true,"MaxMemoryUsage":524288000,"ResourceLimitsEnabled":true,"AllowedWritePaths":["/home/****/pmc","/home/****/pmc/reports","/home/****/pmc/backups","/home/****/pmc/exports","/tmp/"],"InputValidationEnabled":true,"SensitiveDataScanEnabled":true,"MaxFileSize":104857600,"MaxExecutionTime":300000}
[2025-10-07 10:47:55.588] [bbb4cb89] [DBG1] [SYSTEM] Debug system initialized (Level=1, Session=bbb4cb89)
[2025-10-07 10:47:55.714] [bbb4cb89] [DBG1] [SECURITY] Security level changed to: balanced | Data: {"PathWhitelistEnabled":true,"InputValidationEnabled":true,"AuditLoggingEnabled":true,"MaxExecutionTime":300000,"ResourceLimitsEnabled":true,"MaxMemoryUsage":524288000,"TemplateExecutionEnabled":false,"SensitiveDataScanEnabled":true,"AllowedWritePaths":["/home/****/pmc","/home/****/pmc/reports","/home/****/pmc/backups","/home/****/pmc/exports","/tmp/"],"MaxFileSize":104857600}
[2025-10-07 10:53:18.859] [e2a74992] [DBG1] [SYSTEM] Debug system initialized (Level=1, Session=e2a74992)
[2025-10-07 10:53:19.004] [e2a74992] [DBG1] [SECURITY] Security level changed to: balanced | Data: {"ResourceLimitsEnabled":true,"SensitiveDataScanEnabled":true,"TemplateExecutionEnabled":false,"MaxMemoryUsage":524288000,"AllowedWritePaths":["/home/****/pmc","/home/****/pmc/reports","/home/****/pmc/backups","/home/****/pmc/exports","/tmp/"],"MaxExecutionTime":300000,"MaxFileSize":104857600,"InputValidationEnabled":true,"AuditLoggingEnabled":true,"PathWhitelistEnabled":true}
[2025-10-07 10:53:35.352] [ea1bea58] [DBG1] [SYSTEM] Debug system initialized (Level=1, Session=ea1bea58)
[2025-10-07 10:53:35.489] [ea1bea58] [DBG1] [SECURITY] Security level changed to: balanced | Data: {"InputValidationEnabled":true,"TemplateExecutionEnabled":false,"ResourceLimitsEnabled":true,"MaxFileSize":104857600,"SensitiveDataScanEnabled":true,"MaxExecutionTime":300000,"AuditLoggingEnabled":true,"AllowedWritePaths":["/home/****/pmc","/home/****/pmc/reports","/home/****/pmc/backups","/home/****/pmc/exports","/tmp/"],"MaxMemoryUsage":524288000,"PathWhitelistEnabled":true}
[FakeTUI-START-ERROR] 2025-10-07T10:54:00.2565655-06:00 | System.Management.Automation.ParameterBindingValidationException: Cannot bind argument to parameter 'Path' because it is an empty string.
   at System.Management.Automation.ExceptionHandlingOps.CheckActionPreference(FunctionContext funcContext, Exception exception)
   at System.Management.Automation.Interpreter.ActionCallInstruction`2.Run(InterpretedFrame frame)
   at System.Management.Automation.Interpreter.EnterTryCatchFinallyInstruction.Run(InterpretedFrame frame)
   at System.Management.Automation.Interpreter.EnterTryCatchFinallyInstruction.Run(InterpretedFrame frame)
POSITION:
At /home/teej/pmc/module/Pmc.Strict/FakeTUI/FakeTUI.ps1:1042 char:53
+             'LeftArrow' { $cwd = Split-Path -Parent $cwd }
+                                                     ~~~~
[2025-10-07 10:54:00.264] [ea1bea58] [DBG1] [INTERACTIVE] Enabling PMC interactive mode with full t2.ps1 feature set
[2025-10-07 10:54:00.384] [ea1bea58] [DBG1] [ScreenManager] PMC screen initialized | Data: {"Title":"pmc — enhanced project management console"}
[2025-10-07 10:55:34.868] [794dcc59] [DBG1] [SYSTEM] Debug system initialized (Level=1, Session=794dcc59)
[2025-10-07 10:55:35.003] [794dcc59] [DBG1] [SECURITY] Security level changed to: balanced | Data: {"MaxExecutionTime":300000,"MaxFileSize":104857600,"InputValidationEnabled":true,"ResourceLimitsEnabled":true,"PathWhitelistEnabled":true,"AuditLoggingEnabled":true,"AllowedWritePaths":["/home/****/pmc","/home/****/pmc/reports","/home/****/pmc/backups","/home/****/pmc/exports","/tmp/"],"SensitiveDataScanEnabled":true,"MaxMemoryUsage":524288000,"TemplateExecutionEnabled":false}
[2025-10-07 10:59:49.807] [4323fe10] [DBG1] [SYSTEM] Debug system initialized (Level=1, Session=4323fe10)
[2025-10-07 10:59:49.941] [4323fe10] [DBG1] [SECURITY] Security level changed to: balanced | Data: {"AuditLoggingEnabled":true,"MaxFileSize":104857600,"TemplateExecutionEnabled":false,"PathWhitelistEnabled":true,"SensitiveDataScanEnabled":true,"ResourceLimitsEnabled":true,"InputValidationEnabled":true,"MaxMemoryUsage":524288000,"AllowedWritePaths":["/home/****/pmc","/home/****/pmc/reports","/home/****/pmc/backups","/home/****/pmc/exports","/tmp/"],"MaxExecutionTime":300000}
[2025-10-07 11:16:16.532] [0d27e188] [DBG1] [SYSTEM] Debug system initialized (Level=1, Session=0d27e188)
[2025-10-07 11:16:16.655] [0d27e188] [DBG1] [SECURITY] Security level changed to: balanced | Data: {"PathWhitelistEnabled":true,"InputValidationEnabled":true,"AllowedWritePaths":["/home/****/pmc","/home/****/pmc/reports","/home/****/pmc/backups","/home/****/pmc/exports","/tmp/"],"AuditLoggingEnabled":true,"ResourceLimitsEnabled":true,"MaxMemoryUsage":524288000,"MaxExecutionTime":300000,"MaxFileSize":104857600,"TemplateExecutionEnabled":false,"SensitiveDataScanEnabled":true}
[2025-10-07 11:16:58.653] [82ca8d59] [DBG1] [SYSTEM] Debug system initialized (Level=1, Session=82ca8d59)
[2025-10-07 11:16:58.785] [82ca8d59] [DBG1] [SECURITY] Security level changed to: balanced | Data: {"AuditLoggingEnabled":true,"PathWhitelistEnabled":true,"TemplateExecutionEnabled":false,"MaxMemoryUsage":524288000,"ResourceLimitsEnabled":true,"MaxFileSize":104857600,"MaxExecutionTime":300000,"SensitiveDataScanEnabled":true,"AllowedWritePaths":["/home/****/pmc","/home/****/pmc/reports","/home/****/pmc/backups","/home/****/pmc/exports","/tmp/"],"InputValidationEnabled":true}
[2025-10-07 11:21:32.666] [a1c4f488] [DBG1] [SYSTEM] Debug system initialized (Level=1, Session=a1c4f488)
[2025-10-07 11:21:32.790] [a1c4f488] [DBG1] [SECURITY] Security level changed to: balanced | Data: {"TemplateExecutionEnabled":false,"MaxFileSize":104857600,"MaxExecutionTime":300000,"InputValidationEnabled":true,"PathWhitelistEnabled":true,"ResourceLimitsEnabled":true,"SensitiveDataScanEnabled":true,"MaxMemoryUsage":524288000,"AuditLoggingEnabled":true,"AllowedWritePaths":["/home/****/pmc","/home/****/pmc/reports","/home/****/pmc/backups","/home/****/pmc/exports","/tmp/"]}
[FakeTUI-START-ERROR] 2025-10-07T11:21:33.4229436-06:00 | System.Management.Automation.ParseException: At /home/teej/pmc/module/Pmc.Strict/FakeTUI/FakeTUI.ps1:7771 char:17
+             'F' {
+                 ~
Unexpected token '{' in expression or statement.

At /home/teej/pmc/module/Pmc.Strict/FakeTUI/FakeTUI.ps1:7775 char:17
+             'C' {
+                 ~
Unexpected token '{' in expression or statement.

At /home/teej/pmc/module/Pmc.Strict/FakeTUI/FakeTUI.ps1:7779 char:17
+             'T' {
+                 ~
Unexpected token '{' in expression or statement.

At /home/teej/pmc/module/Pmc.Strict/FakeTUI/FakeTUI.ps1:7783 char:17
+             'R' {
+                 ~
Unexpected token '{' in expression or statement.
   at System.Management.Automation.ExceptionHandlingOps.CheckActionPreference(FunctionContext funcContext, Exception exception)
   at System.Management.Automation.Interpreter.ActionCallInstruction`2.Run(InterpretedFrame frame)
   at System.Management.Automation.Interpreter.EnterTryCatchFinallyInstruction.Run(InterpretedFrame frame)
   at System.Management.Automation.Interpreter.EnterTryCatchFinallyInstruction.Run(InterpretedFrame frame)
POSITION:
At /home/teej/pmc/module/Pmc.Strict/FakeTUI/FakeTUI.ps1:7771 char:17
+             'F' {
+                 ~
[2025-10-07 11:21:33.435] [a1c4f488] [DBG1] [INTERACTIVE] Enabling PMC interactive mode with full t2.ps1 feature set
[2025-10-07 11:21:33.615] [a1c4f488] [DBG1] [ScreenManager] PMC screen initialized | Data: {"Title":"pmc — enhanced project management console"}
[2025-10-07 11:23:33.821] [da6266d0] [DBG1] [SYSTEM] Debug system initialized (Level=1, Session=da6266d0)
[2025-10-07 11:23:33.952] [da6266d0] [DBG1] [SECURITY] Security level changed to: balanced | Data: {"InputValidationEnabled":true,"TemplateExecutionEnabled":false,"AllowedWritePaths":["/home/****/pmc","/home/****/pmc/reports","/home/****/pmc/backups","/home/****/pmc/exports","/tmp/"],"PathWhitelistEnabled":true,"AuditLoggingEnabled":true,"ResourceLimitsEnabled":true,"MaxExecutionTime":300000,"MaxMemoryUsage":524288000,"MaxFileSize":104857600,"SensitiveDataScanEnabled":true}
