2025-07-31 06:40:19.509 [Info] [SpeedTUI][Startup] SpeedTUI 1.0.0 starting up
2025-07-31 06:40:20.369 [Info] [SpeedTUI][Startup] Debug mode enabled
2025-07-31 06:40:21.150 [Info] [SpeedTUI][Startup] Application startup completed
2025-07-31 06:40:21.694 [Error] [SpeedTUI][MainLoop] Error in main loop: Cannot see if a key has been pressed when either application does not have a console or when console input has been redirected from a file. Try Console.In.Peek.
2025-07-31 06:40:22.015 [Error] [SpeedTUI][MainLoop] Error in main loop: Cannot see if a key has been pressed when either application does not have a console or when console input has been redirected from a file. Try Console.In.Peek.
2025-07-31 06:40:22.099 [Error] [SpeedTUI][MainLoop] Error in main loop: Cannot see if a key has been pressed when either application does not have a console or when console input has been redirected from a file. Try Console.In.Peek.
2025-07-31 06:40:22.179 [Error] [SpeedTUI][MainLoop] Error in main loop: Cannot see if a key has been pressed when either application does not have a console or when console input has been redirected from a file. Try Console.In.Peek.
2025-07-31 06:40:22.270 [Error] [SpeedTUI][MainLoop] Error in main loop: Cannot see if a key has been pressed when either application does not have a console or when console input has been redirected from a file. Try Console.In.Peek.
2025-07-31 06:40:22.438 [Error] [SpeedTUI][MainLoop] Error in main loop: Cannot see if a key has been pressed when either application does not have a console or when console input has been redirected from a file. Try Console.In.Peek.
2025-07-31 06:40:22.566 [Error] [SpeedTUI][MainLoop] Error in main loop: Cannot see if a key has been pressed when either application does not have a console or when console input has been redirected from a file. Try Console.In.Peek.
2025-07-31 06:40:22.653 [Error] [SpeedTUI][MainLoop] Error in main loop: Cannot see if a key has been pressed when either application does not have a console or when console input has been redirected from a file. Try Console.In.Peek.
2025-07-31 06:40:22.839 [Error] [SpeedTUI][MainLoop] Error in main loop: Cannot see if a key has been pressed when either application does not have a console or when console input has been redirected from a file. Try Console.In.Peek.
2025-07-31 06:40:22.957 [Error] [SpeedTUI][MainLoop] Error in main loop: Cannot see if a key has been pressed when either application does not have a console or when console input has been redirected from a file. Try Console.In.Peek.
2025-07-31 06:40:23.065 [Error] [SpeedTUI][MainLoop] Error in main loop: Cannot see if a key has been pressed when either application does not have a console or when console input has been redirected from a file. Try Console.In.Peek.
2025-07-31 06:40:23.291 [Error] [SpeedTUI][MainLoop] Error in main loop: Cannot see if a key has been pressed when either application does not have a console or when console input has been redirected from a file. Try Console.In.Peek.
2025-07-31 06:40:23.448 [Error] [SpeedTUI][MainLoop] Error in main loop: Cannot see if a key has been pressed when either application does not have a console or when console input has been redirected from a file. Try Console.In.Peek.
2025-07-31 06:40:23.554 [Error] [SpeedTUI][MainLoop] Error in main loop: Cannot see if a key has been pressed when either application does not have a console or when console input has been redirected from a file. Try Console.In.Peek.
2025-07-31 06:40:23.702 [Error] [SpeedTUI][MainLoop] Error in main loop: Cannot see if a key has been pressed when either application does not have a console or when console input has been redirected from a file. Try Console.In.Peek.
2025-07-31 06:40:23.808 [Error] [SpeedTUI][MainLoop] Error in main loop: Cannot see if a key has been pressed when either application does not have a console or when console input has been redirected from a file. Try Console.In.Peek.
2025-07-31 06:40:23.965 [Error] [SpeedTUI][MainLoop] Error in main loop: Cannot see if a key has been pressed when either application does not have a console or when console input has been redirected from a file. Try Console.In.Peek.
2025-07-31 06:40:24.161 [Error] [SpeedTUI][MainLoop] Error in main loop: Cannot see if a key has been pressed when either application does not have a console or when console input has been redirected from a file. Try Console.In.Peek.
2025-07-31 06:40:24.273 [Error] [SpeedTUI][MainLoop] Error in main loop: Cannot see if a key has been pressed when either application does not have a console or when console input has been redirected from a file. Try Console.In.Peek.
2025-07-31 06:40:24.364 [Error] [SpeedTUI][MainLoop] Error in main loop: Cannot see if a key has been pressed when either application does not have a console or when console input has been redirected from a file. Try Console.In.Peek.
2025-07-31 06:40:24.456 [Error] [SpeedTUI][MainLoop] Error in main loop: Cannot see if a key has been pressed when either application does not have a console or when console input has been redirected from a file. Try Console.In.Peek.
2025-07-31 06:40:24.602 [Error] [SpeedTUI][MainLoop] Error in main loop: Cannot see if a key has been pressed when either application does not have a console or when console input has been redirected from a file. Try Console.In.Peek.
2025-07-31 06:40:24.691 [Error] [SpeedTUI][MainLoop] Error in main loop: Cannot see if a key has been pressed when either application does not have a console or when console input has been redirected from a file. Try Console.In.Peek.
2025-07-31 06:40:24.796 [Error] [SpeedTUI][MainLoop] Error in main loop: Cannot see if a key has been pressed when either application does not have a console or when console input has been redirected from a file. Try Console.In.Peek.
2025-07-31 06:40:24.882 [Error] [SpeedTUI][MainLoop] Error in main loop: Cannot see if a key has been pressed when either application does not have a console or when console input has been redirected from a file. Try Console.In.Peek.
2025-07-31 06:40:24.970 [Error] [SpeedTUI][MainLoop] Error in main loop: Cannot see if a key has been pressed when either application does not have a console or when console input has been redirected from a file. Try Console.In.Peek.
2025-07-31 06:40:25.072 [Error] [SpeedTUI][MainLoop] Error in main loop: Cannot see if a key has been pressed when either application does not have a console or when console input has been redirected from a file. Try Console.In.Peek.
2025-07-31 06:40:25.194 [Error] [SpeedTUI][MainLoop] Error in main loop: Cannot see if a key has been pressed when either application does not have a console or when console input has been redirected from a file. Try Console.In.Peek.
2025-07-31 06:40:25.280 [Error] [SpeedTUI][MainLoop] Error in main loop: Cannot see if a key has been pressed when either application does not have a console or when console input has been redirected from a file. Try Console.In.Peek.
2025-07-31 06:40:25.368 [Error] [SpeedTUI][MainLoop] Error in main loop: Cannot see if a key has been pressed when either application does not have a console or when console input has been redirected from a file. Try Console.In.Peek.
2025-07-31 06:40:25.653 [Error] [SpeedTUI][MainLoop] Error in main loop: Cannot see if a key has been pressed when either application does not have a console or when console input has been redirected from a file. Try Console.In.Peek.
2025-07-31 06:40:25.735 [Error] [SpeedTUI][MainLoop] Error in main loop: Cannot see if a key has been pressed when either application does not have a console or when console input has been redirected from a file. Try Console.In.Peek.
2025-07-31 06:40:26.087 [Error] [SpeedTUI][MainLoop] Error in main loop: Cannot see if a key has been pressed when either application does not have a console or when console input has been redirected from a file. Try Console.In.Peek.
2025-07-31 06:40:26.175 [Error] [SpeedTUI][MainLoop] Error in main loop: Cannot see if a key has been pressed when either application does not have a console or when console input has been redirected from a file. Try Console.In.Peek.
2025-07-31 06:40:26.256 [Error] [SpeedTUI][MainLoop] Error in main loop: Cannot see if a key has been pressed when either application does not have a console or when console input has been redirected from a file. Try Console.In.Peek.
2025-07-31 06:40:26.333 [Error] [SpeedTUI][MainLoop] Error in main loop: Cannot see if a key has been pressed when either application does not have a console or when console input has been redirected from a file. Try Console.In.Peek.
2025-07-31 06:40:26.427 [Error] [SpeedTUI][MainLoop] Error in main loop: Cannot see if a key has been pressed when either application does not have a console or when console input has been redirected from a file. Try Console.In.Peek.
2025-07-31 06:40:26.547 [Error] [SpeedTUI][MainLoop] Error in main loop: Cannot see if a key has been pressed when either application does not have a console or when console input has been redirected from a file. Try Console.In.Peek.
2025-07-31 06:40:26.656 [Error] [SpeedTUI][MainLoop] Error in main loop: Cannot see if a key has been pressed when either application does not have a console or when console input has been redirected from a file. Try Console.In.Peek.
2025-07-31 06:40:26.808 [Error] [SpeedTUI][MainLoop] Error in main loop: Cannot see if a key has been pressed when either application does not have a console or when console input has been redirected from a file. Try Console.In.Peek.
2025-07-31 06:40:26.933 [Error] [SpeedTUI][MainLoop] Error in main loop: Cannot see if a key has been pressed when either application does not have a console or when console input has been redirected from a file. Try Console.In.Peek.
2025-07-31 06:40:27.037 [Error] [SpeedTUI][MainLoop] Error in main loop: Cannot see if a key has been pressed when either application does not have a console or when console input has been redirected from a file. Try Console.In.Peek.
2025-07-31 06:40:27.114 [Error] [SpeedTUI][MainLoop] Error in main loop: Cannot see if a key has been pressed when either application does not have a console or when console input has been redirected from a file. Try Console.In.Peek.
2025-07-31 06:40:27.202 [Error] [SpeedTUI][MainLoop] Error in main loop: Cannot see if a key has been pressed when either application does not have a console or when console input has been redirected from a file. Try Console.In.Peek.
2025-07-31 06:40:27.301 [Error] [SpeedTUI][MainLoop] Error in main loop: Cannot see if a key has been pressed when either application does not have a console or when console input has been redirected from a file. Try Console.In.Peek.
2025-07-31 06:40:27.395 [Error] [SpeedTUI][MainLoop] Error in main loop: Cannot see if a key has been pressed when either application does not have a console or when console input has been redirected from a file. Try Console.In.Peek.
2025-07-31 06:40:27.478 [Error] [SpeedTUI][MainLoop] Error in main loop: Cannot see if a key has been pressed when either application does not have a console or when console input has been redirected from a file. Try Console.In.Peek.
2025-07-31 06:40:27.573 [Error] [SpeedTUI][MainLoop] Error in main loop: Cannot see if a key has been pressed when either application does not have a console or when console input has been redirected from a file. Try Console.In.Peek.
2025-07-31 06:40:27.813 [Error] [SpeedTUI][MainLoop] Error in main loop: Cannot see if a key has been pressed when either application does not have a console or when console input has been redirected from a file. Try Console.In.Peek.
2025-07-31 06:40:27.966 [Error] [SpeedTUI][MainLoop] Error in main loop: Cannot see if a key has been pressed when either application does not have a console or when console input has been redirected from a file. Try Console.In.Peek.
2025-07-31 06:40:28.052 [Error] [SpeedTUI][MainLoop] Error in main loop: Cannot see if a key has been pressed when either application does not have a console or when console input has been redirected from a file. Try Console.In.Peek.
2025-07-31 06:40:28.131 [Error] [SpeedTUI][MainLoop] Error in main loop: Cannot see if a key has been pressed when either application does not have a console or when console input has been redirected from a file. Try Console.In.Peek.
2025-07-31 06:40:28.215 [Error] [SpeedTUI][MainLoop] Error in main loop: Cannot see if a key has been pressed when either application does not have a console or when console input has been redirected from a file. Try Console.In.Peek.
2025-07-31 06:40:28.292 [Error] [SpeedTUI][MainLoop] Error in main loop: Cannot see if a key has been pressed when either application does not have a console or when console input has been redirected from a file. Try Console.In.Peek.
2025-07-31 06:40:28.379 [Error] [SpeedTUI][MainLoop] Error in main loop: Cannot see if a key has been pressed when either application does not have a console or when console input has been redirected from a file. Try Console.In.Peek.
2025-07-31 06:40:28.465 [Error] [SpeedTUI][MainLoop] Error in main loop: Cannot see if a key has been pressed when either application does not have a console or when console input has been redirected from a file. Try Console.In.Peek.
2025-07-31 06:40:28.546 [Error] [SpeedTUI][MainLoop] Error in main loop: Cannot see if a key has been pressed when either application does not have a console or when console input has been redirected from a file. Try Console.In.Peek.
2025-07-31 06:40:28.635 [Error] [SpeedTUI][MainLoop] Error in main loop: Cannot see if a key has been pressed when either application does not have a console or when console input has been redirected from a file. Try Console.In.Peek.
2025-07-31 06:40:28.741 [Error] [SpeedTUI][MainLoop] Error in main loop: Cannot see if a key has been pressed when either application does not have a console or when console input has been redirected from a file. Try Console.In.Peek.
2025-07-31 06:40:28.831 [Error] [SpeedTUI][MainLoop] Error in main loop: Cannot see if a key has been pressed when either application does not have a console or when console input has been redirected from a file. Try Console.In.Peek.
2025-07-31 06:40:28.922 [Error] [SpeedTUI][MainLoop] Error in main loop: Cannot see if a key has been pressed when either application does not have a console or when console input has been redirected from a file. Try Console.In.Peek.
2025-07-31 06:40:29.004 [Error] [SpeedTUI][MainLoop] Error in main loop: Cannot see if a key has been pressed when either application does not have a console or when console input has been redirected from a file. Try Console.In.Peek.
2025-07-31 06:40:29.093 [Error] [SpeedTUI][MainLoop] Error in main loop: Cannot see if a key has been pressed when either application does not have a console or when console input has been redirected from a file. Try Console.In.Peek.
2025-07-31 06:40:29.174 [Error] [SpeedTUI][MainLoop] Error in main loop: Cannot see if a key has been pressed when either application does not have a console or when console input has been redirected from a file. Try Console.In.Peek.
2025-07-31 06:40:29.256 [Error] [SpeedTUI][MainLoop] Error in main loop: Cannot see if a key has been pressed when either application does not have a console or when console input has been redirected from a file. Try Console.In.Peek.
2025-07-31 06:40:29.340 [Error] [SpeedTUI][MainLoop] Error in main loop: Cannot see if a key has been pressed when either application does not have a console or when console input has been redirected from a file. Try Console.In.Peek.
2025-07-31 06:40:29.422 [Error] [SpeedTUI][MainLoop] Error in main loop: Cannot see if a key has been pressed when either application does not have a console or when console input has been redirected from a file. Try Console.In.Peek.
2025-07-31 06:40:29.509 [Error] [SpeedTUI][MainLoop] Error in main loop: Cannot see if a key has been pressed when either application does not have a console or when console input has been redirected from a file. Try Console.In.Peek.
2025-07-31 06:40:29.599 [Error] [SpeedTUI][MainLoop] Error in main loop: Cannot see if a key has been pressed when either application does not have a console or when console input has been redirected from a file. Try Console.In.Peek.
2025-07-31 06:40:29.679 [Error] [SpeedTUI][MainLoop] Error in main loop: Cannot see if a key has been pressed when either application does not have a console or when console input has been redirected from a file. Try Console.In.Peek.
2025-07-31 06:40:29.758 [Error] [SpeedTUI][MainLoop] Error in main loop: Cannot see if a key has been pressed when either application does not have a console or when console input has been redirected from a file. Try Console.In.Peek.
2025-07-31 06:40:29.841 [Error] [SpeedTUI][MainLoop] Error in main loop: Cannot see if a key has been pressed when either application does not have a console or when console input has been redirected from a file. Try Console.In.Peek.
2025-07-31 06:40:29.986 [Error] [SpeedTUI][MainLoop] Error in main loop: Cannot see if a key has been pressed when either application does not have a console or when console input has been redirected from a file. Try Console.In.Peek.
2025-07-31 06:40:30.150 [Error] [SpeedTUI][MainLoop] Error in main loop: Cannot see if a key has been pressed when either application does not have a console or when console input has been redirected from a file. Try Console.In.Peek.
2025-07-31 06:40:30.252 [Error] [SpeedTUI][MainLoop] Error in main loop: Cannot see if a key has been pressed when either application does not have a console or when console input has been redirected from a file. Try Console.In.Peek.
2025-07-31 06:40:30.370 [Error] [SpeedTUI][MainLoop] Error in main loop: Cannot see if a key has been pressed when either application does not have a console or when console input has been redirected from a file. Try Console.In.Peek.
2025-07-31 06:40:30.460 [Error] [SpeedTUI][MainLoop] Error in main loop: Cannot see if a key has been pressed when either application does not have a console or when console input has been redirected from a file. Try Console.In.Peek.
2025-07-31 06:40:30.542 [Error] [SpeedTUI][MainLoop] Error in main loop: Cannot see if a key has been pressed when either application does not have a console or when console input has been redirected from a file. Try Console.In.Peek.
2025-07-31 06:40:30.630 [Error] [SpeedTUI][MainLoop] Error in main loop: Cannot see if a key has been pressed when either application does not have a console or when console input has been redirected from a file. Try Console.In.Peek.
2025-07-31 06:40:30.726 [Error] [SpeedTUI][MainLoop] Error in main loop: Cannot see if a key has been pressed when either application does not have a console or when console input has been redirected from a file. Try Console.In.Peek.
2025-07-31 06:40:30.811 [Error] [SpeedTUI][MainLoop] Error in main loop: Cannot see if a key has been pressed when either application does not have a console or when console input has been redirected from a file. Try Console.In.Peek.
2025-07-31 06:40:30.892 [Error] [SpeedTUI][MainLoop] Error in main loop: Cannot see if a key has been pressed when either application does not have a console or when console input has been redirected from a file. Try Console.In.Peek.
2025-07-31 06:40:30.978 [Error] [SpeedTUI][MainLoop] Error in main loop: Cannot see if a key has been pressed when either application does not have a console or when console input has been redirected from a file. Try Console.In.Peek.
2025-07-31 06:40:31.067 [Error] [SpeedTUI][MainLoop] Error in main loop: Cannot see if a key has been pressed when either application does not have a console or when console input has been redirected from a file. Try Console.In.Peek.
2025-07-31 06:40:31.149 [Error] [SpeedTUI][MainLoop] Error in main loop: Cannot see if a key has been pressed when either application does not have a console or when console input has been redirected from a file. Try Console.In.Peek.
2025-07-31 06:40:31.229 [Error] [SpeedTUI][MainLoop] Error in main loop: Cannot see if a key has been pressed when either application does not have a console or when console input has been redirected from a file. Try Console.In.Peek.
2025-07-31 06:40:31.314 [Error] [SpeedTUI][MainLoop] Error in main loop: Cannot see if a key has been pressed when either application does not have a console or when console input has been redirected from a file. Try Console.In.Peek.
2025-07-31 06:40:31.409 [Error] [SpeedTUI][MainLoop] Error in main loop: Cannot see if a key has been pressed when either application does not have a console or when console input has been redirected from a file. Try Console.In.Peek.
2025-07-31 06:40:31.493 [Error] [SpeedTUI][MainLoop] Error in main loop: Cannot see if a key has been pressed when either application does not have a console or when console input has been redirected from a file. Try Console.In.Peek.
2025-07-31 06:40:31.574 [Error] [SpeedTUI][MainLoop] Error in main loop: Cannot see if a key has been pressed when either application does not have a console or when console input has been redirected from a file. Try Console.In.Peek.
2025-07-31 06:40:31.659 [Error] [SpeedTUI][MainLoop] Error in main loop: Cannot see if a key has been pressed when either application does not have a console or when console input has been redirected from a file. Try Console.In.Peek.
2025-07-31 06:40:31.756 [Error] [SpeedTUI][MainLoop] Error in main loop: Cannot see if a key has been pressed when either application does not have a console or when console input has been redirected from a file. Try Console.In.Peek.
2025-07-31 06:40:31.839 [Error] [SpeedTUI][MainLoop] Error in main loop: Cannot see if a key has been pressed when either application does not have a console or when console input has been redirected from a file. Try Console.In.Peek.
2025-07-31 06:40:31.929 [Error] [SpeedTUI][MainLoop] Error in main loop: Cannot see if a key has been pressed when either application does not have a console or when console input has been redirected from a file. Try Console.In.Peek.
2025-07-31 06:40:32.056 [Error] [SpeedTUI][MainLoop] Error in main loop: Cannot see if a key has been pressed when either application does not have a console or when console input has been redirected from a file. Try Console.In.Peek.
2025-07-31 06:40:32.181 [Error] [SpeedTUI][MainLoop] Error in main loop: Cannot see if a key has been pressed when either application does not have a console or when console input has been redirected from a file. Try Console.In.Peek.
2025-07-31 06:40:32.334 [Error] [SpeedTUI][MainLoop] Error in main loop: Cannot see if a key has been pressed when either application does not have a console or when console input has been redirected from a file. Try Console.In.Peek.
2025-07-31 06:40:32.424 [Error] [SpeedTUI][MainLoop] Error in main loop: Cannot see if a key has been pressed when either application does not have a console or when console input has been redirected from a file. Try Console.In.Peek.
2025-07-31 06:40:32.507 [Error] [SpeedTUI][MainLoop] Error in main loop: Cannot see if a key has been pressed when either application does not have a console or when console input has been redirected from a file. Try Console.In.Peek.
2025-07-31 06:40:32.589 [Error] [SpeedTUI][MainLoop] Error in main loop: Cannot see if a key has been pressed when either application does not have a console or when console input has been redirected from a file. Try Console.In.Peek.
2025-07-31 06:40:32.764 [Error] [SpeedTUI][MainLoop] Error in main loop: Cannot see if a key has been pressed when either application does not have a console or when console input has been redirected from a file. Try Console.In.Peek.
2025-07-31 06:40:32.866 [Error] [SpeedTUI][MainLoop] Error in main loop: Cannot see if a key has been pressed when either application does not have a console or when console input has been redirected from a file. Try Console.In.Peek.
2025-07-31 06:40:32.946 [Error] [SpeedTUI][MainLoop] Error in main loop: Cannot see if a key has been pressed when either application does not have a console or when console input has been redirected from a file. Try Console.In.Peek.
2025-07-31 06:40:33.036 [Error] [SpeedTUI][MainLoop] Error in main loop: Cannot see if a key has been pressed when either application does not have a console or when console input has been redirected from a file. Try Console.In.Peek.
2025-07-31 06:40:33.130 [Error] [SpeedTUI][MainLoop] Error in main loop: Cannot see if a key has been pressed when either application does not have a console or when console input has been redirected from a file. Try Console.In.Peek.
2025-07-31 06:40:33.209 [Error] [SpeedTUI][MainLoop] Error in main loop: Cannot see if a key has been pressed when either application does not have a console or when console input has been redirected from a file. Try Console.In.Peek.
2025-07-31 06:40:33.287 [Error] [SpeedTUI][MainLoop] Error in main loop: Cannot see if a key has been pressed when either application does not have a console or when console input has been redirected from a file. Try Console.In.Peek.
2025-07-31 06:40:33.382 [Error] [SpeedTUI][MainLoop] Error in main loop: Cannot see if a key has been pressed when either application does not have a console or when console input has been redirected from a file. Try Console.In.Peek.
2025-07-31 06:40:33.469 [Error] [SpeedTUI][MainLoop] Error in main loop: Cannot see if a key has been pressed when either application does not have a console or when console input has been redirected from a file. Try Console.In.Peek.
2025-07-31 06:40:33.551 [Error] [SpeedTUI][MainLoop] Error in main loop: Cannot see if a key has been pressed when either application does not have a console or when console input has been redirected from a file. Try Console.In.Peek.
2025-07-31 06:40:33.629 [Error] [SpeedTUI][MainLoop] Error in main loop: Cannot see if a key has been pressed when either application does not have a console or when console input has been redirected from a file. Try Console.In.Peek.
2025-07-31 06:40:33.716 [Error] [SpeedTUI][MainLoop] Error in main loop: Cannot see if a key has been pressed when either application does not have a console or when console input has been redirected from a file. Try Console.In.Peek.
2025-07-31 06:40:33.792 [Error] [SpeedTUI][MainLoop] Error in main loop: Cannot see if a key has been pressed when either application does not have a console or when console input has been redirected from a file. Try Console.In.Peek.
2025-07-31 06:40:33.873 [Error] [SpeedTUI][MainLoop] Error in main loop: Cannot see if a key has been pressed when either application does not have a console or when console input has been redirected from a file. Try Console.In.Peek.
2025-07-31 06:40:33.952 [Error] [SpeedTUI][MainLoop] Error in main loop: Cannot see if a key has been pressed when either application does not have a console or when console input has been redirected from a file. Try Console.In.Peek.
2025-07-31 06:40:34.040 [Error] [SpeedTUI][MainLoop] Error in main loop: Cannot see if a key has been pressed when either application does not have a console or when console input has been redirected from a file. Try Console.In.Peek.
2025-07-31 06:40:34.120 [Error] [SpeedTUI][MainLoop] Error in main loop: Cannot see if a key has been pressed when either application does not have a console or when console input has been redirected from a file. Try Console.In.Peek.
2025-07-31 06:40:34.207 [Error] [SpeedTUI][MainLoop] Error in main loop: Cannot see if a key has been pressed when either application does not have a console or when console input has been redirected from a file. Try Console.In.Peek.
2025-07-31 06:40:34.335 [Error] [SpeedTUI][MainLoop] Error in main loop: Cannot see if a key has been pressed when either application does not have a console or when console input has been redirected from a file. Try Console.In.Peek.
2025-07-31 06:40:34.434 [Error] [SpeedTUI][MainLoop] Error in main loop: Cannot see if a key has been pressed when either application does not have a console or when console input has been redirected from a file. Try Console.In.Peek.
2025-07-31 06:40:34.512 [Error] [SpeedTUI][MainLoop] Error in main loop: Cannot see if a key has been pressed when either application does not have a console or when console input has been redirected from a file. Try Console.In.Peek.
2025-07-31 06:40:34.598 [Error] [SpeedTUI][MainLoop] Error in main loop: Cannot see if a key has been pressed when either application does not have a console or when console input has been redirected from a file. Try Console.In.Peek.
2025-07-31 06:40:34.684 [Error] [SpeedTUI][MainLoop] Error in main loop: Cannot see if a key has been pressed when either application does not have a console or when console input has been redirected from a file. Try Console.In.Peek.
2025-07-31 06:40:34.767 [Error] [SpeedTUI][MainLoop] Error in main loop: Cannot see if a key has been pressed when either application does not have a console or when console input has been redirected from a file. Try Console.In.Peek.
2025-07-31 06:40:34.852 [Error] [SpeedTUI][MainLoop] Error in main loop: Cannot see if a key has been pressed when either application does not have a console or when console input has been redirected from a file. Try Console.In.Peek.
2025-07-31 06:40:34.944 [Error] [SpeedTUI][MainLoop] Error in main loop: Cannot see if a key has been pressed when either application does not have a console or when console input has been redirected from a file. Try Console.In.Peek.
2025-07-31 06:40:35.041 [Error] [SpeedTUI][MainLoop] Error in main loop: Cannot see if a key has been pressed when either application does not have a console or when console input has been redirected from a file. Try Console.In.Peek.
2025-07-31 06:40:35.118 [Error] [SpeedTUI][MainLoop] Error in main loop: Cannot see if a key has been pressed when either application does not have a console or when console input has been redirected from a file. Try Console.In.Peek.
2025-07-31 06:40:35.197 [Error] [SpeedTUI][MainLoop] Error in main loop: Cannot see if a key has been pressed when either application does not have a console or when console input has been redirected from a file. Try Console.In.Peek.
2025-07-31 06:40:35.285 [Error] [SpeedTUI][MainLoop] Error in main loop: Cannot see if a key has been pressed when either application does not have a console or when console input has been redirected from a file. Try Console.In.Peek.
2025-07-31 06:40:35.369 [Error] [SpeedTUI][MainLoop] Error in main loop: Cannot see if a key has been pressed when either application does not have a console or when console input has been redirected from a file. Try Console.In.Peek.
2025-07-31 06:40:35.445 [Error] [SpeedTUI][MainLoop] Error in main loop: Cannot see if a key has been pressed when either application does not have a console or when console input has been redirected from a file. Try Console.In.Peek.
2025-07-31 06:40:35.534 [Error] [SpeedTUI][MainLoop] Error in main loop: Cannot see if a key has been pressed when either application does not have a console or when console input has been redirected from a file. Try Console.In.Peek.
2025-07-31 06:40:35.613 [Error] [SpeedTUI][MainLoop] Error in main loop: Cannot see if a key has been pressed when either application does not have a console or when console input has been redirected from a file. Try Console.In.Peek.
2025-07-31 06:40:35.706 [Error] [SpeedTUI][MainLoop] Error in main loop: Cannot see if a key has been pressed when either application does not have a console or when console input has been redirected from a file. Try Console.In.Peek.
2025-07-31 06:40:35.789 [Error] [SpeedTUI][MainLoop] Error in main loop: Cannot see if a key has been pressed when either application does not have a console or when console input has been redirected from a file. Try Console.In.Peek.
2025-07-31 06:40:35.868 [Error] [SpeedTUI][MainLoop] Error in main loop: Cannot see if a key has been pressed when either application does not have a console or when console input has been redirected from a file. Try Console.In.Peek.
2025-07-31 06:40:35.942 [Error] [SpeedTUI][MainLoop] Error in main loop: Cannot see if a key has been pressed when either application does not have a console or when console input has been redirected from a file. Try Console.In.Peek.
2025-07-31 06:40:36.022 [Error] [SpeedTUI][MainLoop] Error in main loop: Cannot see if a key has been pressed when either application does not have a console or when console input has been redirected from a file. Try Console.In.Peek.
2025-07-31 06:40:36.101 [Error] [SpeedTUI][MainLoop] Error in main loop: Cannot see if a key has been pressed when either application does not have a console or when console input has been redirected from a file. Try Console.In.Peek.
2025-07-31 06:40:36.185 [Error] [SpeedTUI][MainLoop] Error in main loop: Cannot see if a key has been pressed when either application does not have a console or when console input has been redirected from a file. Try Console.In.Peek.
2025-07-31 06:40:36.266 [Error] [SpeedTUI][MainLoop] Error in main loop: Cannot see if a key has been pressed when either application does not have a console or when console input has been redirected from a file. Try Console.In.Peek.
2025-07-31 06:40:36.348 [Error] [SpeedTUI][MainLoop] Error in main loop: Cannot see if a key has been pressed when either application does not have a console or when console input has been redirected from a file. Try Console.In.Peek.
2025-07-31 06:40:36.428 [Error] [SpeedTUI][MainLoop] Error in main loop: Cannot see if a key has been pressed when either application does not have a console or when console input has been redirected from a file. Try Console.In.Peek.
2025-07-31 06:40:36.629 [Error] [SpeedTUI][MainLoop] Error in main loop: Cannot see if a key has been pressed when either application does not have a console or when console input has been redirected from a file. Try Console.In.Peek.
2025-07-31 06:40:36.768 [Error] [SpeedTUI][MainLoop] Error in main loop: Cannot see if a key has been pressed when either application does not have a console or when console input has been redirected from a file. Try Console.In.Peek.
2025-07-31 06:40:36.844 [Error] [SpeedTUI][MainLoop] Error in main loop: Cannot see if a key has been pressed when either application does not have a console or when console input has been redirected from a file. Try Console.In.Peek.
2025-07-31 06:40:36.923 [Error] [SpeedTUI][MainLoop] Error in main loop: Cannot see if a key has been pressed when either application does not have a console or when console input has been redirected from a file. Try Console.In.Peek.
2025-07-31 06:40:36.995 [Error] [SpeedTUI][MainLoop] Error in main loop: Cannot see if a key has been pressed when either application does not have a console or when console input has been redirected from a file. Try Console.In.Peek.
2025-07-31 06:40:37.068 [Error] [SpeedTUI][MainLoop] Error in main loop: Cannot see if a key has been pressed when either application does not have a console or when console input has been redirected from a file. Try Console.In.Peek.
2025-07-31 06:40:37.142 [Error] [SpeedTUI][MainLoop] Error in main loop: Cannot see if a key has been pressed when either application does not have a console or when console input has been redirected from a file. Try Console.In.Peek.
2025-07-31 06:40:37.217 [Error] [SpeedTUI][MainLoop] Error in main loop: Cannot see if a key has been pressed when either application does not have a console or when console input has been redirected from a file. Try Console.In.Peek.
2025-07-31 06:40:37.308 [Error] [SpeedTUI][MainLoop] Error in main loop: Cannot see if a key has been pressed when either application does not have a console or when console input has been redirected from a file. Try Console.In.Peek.
2025-07-31 06:40:37.387 [Error] [SpeedTUI][MainLoop] Error in main loop: Cannot see if a key has been pressed when either application does not have a console or when console input has been redirected from a file. Try Console.In.Peek.
2025-07-31 06:40:37.463 [Error] [SpeedTUI][MainLoop] Error in main loop: Cannot see if a key has been pressed when either application does not have a console or when console input has been redirected from a file. Try Console.In.Peek.
2025-07-31 06:40:37.536 [Error] [SpeedTUI][MainLoop] Error in main loop: Cannot see if a key has been pressed when either application does not have a console or when console input has been redirected from a file. Try Console.In.Peek.
2025-07-31 06:40:37.614 [Error] [SpeedTUI][MainLoop] Error in main loop: Cannot see if a key has been pressed when either application does not have a console or when console input has been redirected from a file. Try Console.In.Peek.
2025-07-31 06:40:37.696 [Error] [SpeedTUI][MainLoop] Error in main loop: Cannot see if a key has been pressed when either application does not have a console or when console input has been redirected from a file. Try Console.In.Peek.
2025-07-31 06:40:37.778 [Error] [SpeedTUI][MainLoop] Error in main loop: Cannot see if a key has been pressed when either application does not have a console or when console input has been redirected from a file. Try Console.In.Peek.
2025-07-31 06:40:37.854 [Error] [SpeedTUI][MainLoop] Error in main loop: Cannot see if a key has been pressed when either application does not have a console or when console input has been redirected from a file. Try Console.In.Peek.
2025-07-31 06:40:37.930 [Error] [SpeedTUI][MainLoop] Error in main loop: Cannot see if a key has been pressed when either application does not have a console or when console input has been redirected from a file. Try Console.In.Peek.
2025-07-31 06:40:38.001 [Error] [SpeedTUI][MainLoop] Error in main loop: Cannot see if a key has been pressed when either application does not have a console or when console input has been redirected from a file. Try Console.In.Peek.
2025-07-31 06:40:38.078 [Error] [SpeedTUI][MainLoop] Error in main loop: Cannot see if a key has been pressed when either application does not have a console or when console input has been redirected from a file. Try Console.In.Peek.
2025-07-31 06:40:38.153 [Error] [SpeedTUI][MainLoop] Error in main loop: Cannot see if a key has been pressed when either application does not have a console or when console input has been redirected from a file. Try Console.In.Peek.
2025-07-31 06:40:38.225 [Error] [SpeedTUI][MainLoop] Error in main loop: Cannot see if a key has been pressed when either application does not have a console or when console input has been redirected from a file. Try Console.In.Peek.
2025-07-31 06:40:38.296 [Error] [SpeedTUI][MainLoop] Error in main loop: Cannot see if a key has been pressed when either application does not have a console or when console input has been redirected from a file. Try Console.In.Peek.
2025-07-31 06:40:38.371 [Error] [SpeedTUI][MainLoop] Error in main loop: Cannot see if a key has been pressed when either application does not have a console or when console input has been redirected from a file. Try Console.In.Peek.
2025-07-31 06:40:38.444 [Error] [SpeedTUI][MainLoop] Error in main loop: Cannot see if a key has been pressed when either application does not have a console or when console input has been redirected from a file. Try Console.In.Peek.
2025-07-31 06:40:38.549 [Error] [SpeedTUI][MainLoop] Error in main loop: Cannot see if a key has been pressed when either application does not have a console or when console input has been redirected from a file. Try Console.In.Peek.
2025-07-31 06:40:38.706 [Error] [SpeedTUI][MainLoop] Error in main loop: Cannot see if a key has been pressed when either application does not have a console or when console input has been redirected from a file. Try Console.In.Peek.
2025-07-31 06:40:38.844 [Error] [SpeedTUI][MainLoop] Error in main loop: Cannot see if a key has been pressed when either application does not have a console or when console input has been redirected from a file. Try Console.In.Peek.
2025-07-31 06:40:38.915 [Error] [SpeedTUI][MainLoop] Error in main loop: Cannot see if a key has been pressed when either application does not have a console or when console input has been redirected from a file. Try Console.In.Peek.
2025-07-31 06:40:38.988 [Error] [SpeedTUI][MainLoop] Error in main loop: Cannot see if a key has been pressed when either application does not have a console or when console input has been redirected from a file. Try Console.In.Peek.
2025-07-31 06:40:39.074 [Error] [SpeedTUI][MainLoop] Error in main loop: Cannot see if a key has been pressed when either application does not have a console or when console input has been redirected from a file. Try Console.In.Peek.
2025-07-31 06:40:39.150 [Error] [SpeedTUI][MainLoop] Error in main loop: Cannot see if a key has been pressed when either application does not have a console or when console input has been redirected from a file. Try Console.In.Peek.
2025-07-31 06:40:39.223 [Error] [SpeedTUI][MainLoop] Error in main loop: Cannot see if a key has been pressed when either application does not have a console or when console input has been redirected from a file. Try Console.In.Peek.
2025-07-31 06:40:39.293 [Error] [SpeedTUI][MainLoop] Error in main loop: Cannot see if a key has been pressed when either application does not have a console or when console input has been redirected from a file. Try Console.In.Peek.
2025-07-31 06:40:39.365 [Error] [SpeedTUI][MainLoop] Error in main loop: Cannot see if a key has been pressed when either application does not have a console or when console input has been redirected from a file. Try Console.In.Peek.
2025-07-31 06:40:39.436 [Error] [SpeedTUI][MainLoop] Error in main loop: Cannot see if a key has been pressed when either application does not have a console or when console input has been redirected from a file. Try Console.In.Peek.
2025-07-31 06:40:39.507 [Error] [SpeedTUI][MainLoop] Error in main loop: Cannot see if a key has been pressed when either application does not have a console or when console input has been redirected from a file. Try Console.In.Peek.
2025-07-31 06:40:39.582 [Error] [SpeedTUI][MainLoop] Error in main loop: Cannot see if a key has been pressed when either application does not have a console or when console input has been redirected from a file. Try Console.In.Peek.
2025-07-31 06:40:39.650 [Error] [SpeedTUI][MainLoop] Error in main loop: Cannot see if a key has been pressed when either application does not have a console or when console input has been redirected from a file. Try Console.In.Peek.
2025-07-31 06:40:39.727 [Error] [SpeedTUI][MainLoop] Error in main loop: Cannot see if a key has been pressed when either application does not have a console or when console input has been redirected from a file. Try Console.In.Peek.
2025-07-31 06:40:39.795 [Error] [SpeedTUI][MainLoop] Error in main loop: Cannot see if a key has been pressed when either application does not have a console or when console input has been redirected from a file. Try Console.In.Peek.
2025-07-31 06:40:39.866 [Error] [SpeedTUI][MainLoop] Error in main loop: Cannot see if a key has been pressed when either application does not have a console or when console input has been redirected from a file. Try Console.In.Peek.
2025-07-31 06:40:39.934 [Error] [SpeedTUI][MainLoop] Error in main loop: Cannot see if a key has been pressed when either application does not have a console or when console input has been redirected from a file. Try Console.In.Peek.
2025-07-31 06:40:40.019 [Error] [SpeedTUI][MainLoop] Error in main loop: Cannot see if a key has been pressed when either application does not have a console or when console input has been redirected from a file. Try Console.In.Peek.
2025-07-31 06:40:40.128 [Error] [SpeedTUI][MainLoop] Error in main loop: Cannot see if a key has been pressed when either application does not have a console or when console input has been redirected from a file. Try Console.In.Peek.
2025-07-31 06:40:40.236 [Error] [SpeedTUI][MainLoop] Error in main loop: Cannot see if a key has been pressed when either application does not have a console or when console input has been redirected from a file. Try Console.In.Peek.
2025-07-31 06:40:40.338 [Error] [SpeedTUI][MainLoop] Error in main loop: Cannot see if a key has been pressed when either application does not have a console or when console input has been redirected from a file. Try Console.In.Peek.
2025-07-31 06:40:40.419 [Error] [SpeedTUI][MainLoop] Error in main loop: Cannot see if a key has been pressed when either application does not have a console or when console input has been redirected from a file. Try Console.In.Peek.
2025-07-31 06:40:40.485 [Error] [SpeedTUI][MainLoop] Error in main loop: Cannot see if a key has been pressed when either application does not have a console or when console input has been redirected from a file. Try Console.In.Peek.
2025-07-31 06:40:40.567 [Error] [SpeedTUI][MainLoop] Error in main loop: Cannot see if a key has been pressed when either application does not have a console or when console input has been redirected from a file. Try Console.In.Peek.
2025-07-31 06:40:40.632 [Error] [SpeedTUI][MainLoop] Error in main loop: Cannot see if a key has been pressed when either application does not have a console or when console input has been redirected from a file. Try Console.In.Peek.
2025-07-31 06:40:40.714 [Error] [SpeedTUI][MainLoop] Error in main loop: Cannot see if a key has been pressed when either application does not have a console or when console input has been redirected from a file. Try Console.In.Peek.
2025-07-31 06:40:40.804 [Error] [SpeedTUI][MainLoop] Error in main loop: Cannot see if a key has been pressed when either application does not have a console or when console input has been redirected from a file. Try Console.In.Peek.
2025-07-31 06:40:40.890 [Error] [SpeedTUI][MainLoop] Error in main loop: Cannot see if a key has been pressed when either application does not have a console or when console input has been redirected from a file. Try Console.In.Peek.
2025-07-31 06:40:40.979 [Error] [SpeedTUI][MainLoop] Error in main loop: Cannot see if a key has been pressed when either application does not have a console or when console input has been redirected from a file. Try Console.In.Peek.
2025-07-31 06:40:41.049 [Error] [SpeedTUI][MainLoop] Error in main loop: Cannot see if a key has been pressed when either application does not have a console or when console input has been redirected from a file. Try Console.In.Peek.
2025-07-31 06:40:41.125 [Error] [SpeedTUI][MainLoop] Error in main loop: Cannot see if a key has been pressed when either application does not have a console or when console input has been redirected from a file. Try Console.In.Peek.
2025-07-31 06:40:41.193 [Error] [SpeedTUI][MainLoop] Error in main loop: Cannot see if a key has been pressed when either application does not have a console or when console input has been redirected from a file. Try Console.In.Peek.
2025-07-31 06:40:41.276 [Error] [SpeedTUI][MainLoop] Error in main loop: Cannot see if a key has been pressed when either application does not have a console or when console input has been redirected from a file. Try Console.In.Peek.
2025-07-31 06:40:41.360 [Error] [SpeedTUI][MainLoop] Error in main loop: Cannot see if a key has been pressed when either application does not have a console or when console input has been redirected from a file. Try Console.In.Peek.
2025-07-31 06:40:41.435 [Error] [SpeedTUI][MainLoop] Error in main loop: Cannot see if a key has been pressed when either application does not have a console or when console input has been redirected from a file. Try Console.In.Peek.
2025-07-31 06:40:41.507 [Error] [SpeedTUI][MainLoop] Error in main loop: Cannot see if a key has been pressed when either application does not have a console or when console input has been redirected from a file. Try Console.In.Peek.
2025-07-31 06:40:41.593 [Error] [SpeedTUI][MainLoop] Error in main loop: Cannot see if a key has been pressed when either application does not have a console or when console input has been redirected from a file. Try Console.In.Peek.
2025-07-31 06:40:41.694 [Error] [SpeedTUI][MainLoop] Error in main loop: Cannot see if a key has been pressed when either application does not have a console or when console input has been redirected from a file. Try Console.In.Peek.
2025-07-31 06:40:41.769 [Error] [SpeedTUI][MainLoop] Error in main loop: Cannot see if a key has been pressed when either application does not have a console or when console input has been redirected from a file. Try Console.In.Peek.
2025-07-31 06:40:41.840 [Error] [SpeedTUI][MainLoop] Error in main loop: Cannot see if a key has been pressed when either application does not have a console or when console input has been redirected from a file. Try Console.In.Peek.
2025-07-31 06:40:41.906 [Error] [SpeedTUI][MainLoop] Error in main loop: Cannot see if a key has been pressed when either application does not have a console or when console input has been redirected from a file. Try Console.In.Peek.
2025-07-31 06:40:42.039 [Error] [SpeedTUI][MainLoop] Error in main loop: Cannot see if a key has been pressed when either application does not have a console or when console input has been redirected from a file. Try Console.In.Peek.
2025-07-31 06:40:42.193 [Error] [SpeedTUI][MainLoop] Error in main loop: Cannot see if a key has been pressed when either application does not have a console or when console input has been redirected from a file. Try Console.In.Peek.
