[2025-12-10 16:06:30.709] [INFO] Loading PMC module...
[2025-12-10 16:06:31.621] [INFO] PMC module loaded
[2025-12-10 16:06:31.622] [INFO] Loading dependencies (FieldSchemas, etc.)...
[2025-12-10 16:06:31.721] [INFO] Dependencies loaded
[2025-12-10 16:06:31.729] [INFO] Loading SpeedTUI framework...
[2025-12-10 16:06:31.975] [INFO] SpeedTUI framework loaded
[2025-12-10 16:06:31.976] [INFO] Loading PraxisVT...
[2025-12-10 16:06:31.991] [INFO] PraxisVT loaded
[2025-12-10 16:06:31.999] [INFO] Loading core dependencies...
[2025-12-10 16:06:32.051] [INFO] Core dependencies loaded
[2025-12-10 16:06:32.059] [INFO] Loading widget base classes...
[2025-12-10 16:06:32.103] [INFO] Widget base classes loaded
[2025-12-10 16:06:32.113] [INFO] Loading widgets...
[2025-12-10 16:06:32.174] [ERROR] Failed to load widgets: At C:\Users\jhnhe\OneDrive\Documents\GitHub\project-management-console\og_transport\working\module\Pmc.Strict\consoleui\widgets\ProjectPicker.ps1:535 char:23
+             $store = [TaskStore]::GetInstance()
+                       ~~~~~~~~~
Unable to find type [TaskStore].

At C:\Users\jhnhe\OneDrive\Documents\GitHub\project-management-console\og_transport\working\module\Pmc.Strict\consoleui\widgets\ProjectPicker.ps1:872 char:23
+             $store = [TaskStore]::GetInstance()
+                       ~~~~~~~~~
Unable to find type [TaskStore].
