[2025-12-10 16:16:42.419] [INFO] Loading PMC module...
[2025-12-10 16:16:43.477] [INFO] PMC module loaded
[2025-12-10 16:16:43.480] [INFO] Loading dependencies (FieldSchemas, etc.)...
[2025-12-10 16:16:43.593] [INFO] Dependencies loaded
[2025-12-10 16:16:43.603] [INFO] Loading SpeedTUI framework...
[2025-12-10 16:16:43.876] [INFO] SpeedTUI framework loaded
[2025-12-10 16:16:43.877] [INFO] Loading PraxisVT...
[2025-12-10 16:16:43.896] [INFO] PraxisVT loaded
[2025-12-10 16:16:43.907] [INFO] Loading core dependencies...
[2025-12-10 16:16:43.972] [INFO] Core dependencies loaded
[2025-12-10 16:16:43.983] [INFO] Loading widget base classes...
[2025-12-10 16:16:44.036] [INFO] Widget base classes loaded
[2025-12-10 16:16:44.047] [INFO] Loading services...
[2025-12-10 16:16:44.189] [INFO] Services loaded
[2025-12-10 16:16:44.200] [INFO] Loading helpers...
[2025-12-10 16:16:45.255] [INFO] Helpers loaded
[2025-12-10 16:16:45.256] [INFO] Loading widgets...
[2025-12-10 16:16:45.796] [INFO] Widgets loaded
[2025-12-10 16:16:45.808] [INFO] Loading screen base class...
[2025-12-10 16:16:45.868] [INFO] Screen base class loaded
[2025-12-10 16:16:45.881] [INFO] Loading base classes...
[2025-12-10 16:16:46.006] [ERROR] Failed to load base classes: At C:\Users\jhnhe\OneDrive\Documents\GitHub\project-management-console\og_transport\working\module\Pmc.Strict\consoleui\base\StandardListScreen.ps1:988 char:32
+                     $screen = [HelpViewScreen]::new()
+                                ~~~~~~~~~~~~~~
Unable to find type [HelpViewScreen].
