[2025-12-11 10:33:23.395] [INFO] Loading PMC module...
[2025-12-11 10:33:24.519] [INFO] PMC module loaded
[2025-12-11 10:33:24.532] [INFO] Loading dependencies (FieldSchemas, etc.)...
[2025-12-11 10:33:24.646] [INFO] Dependencies loaded
[2025-12-11 10:33:24.657] [INFO] Loading SpeedTUI framework...
[2025-12-11 10:33:25.013] [INFO] SpeedTUI framework loaded
[2025-12-11 10:33:25.023] [INFO] Loading PraxisVT...
[2025-12-11 10:33:25.043] [INFO] PraxisVT loaded
[2025-12-11 10:33:25.053] [INFO] Loading core dependencies...
[2025-12-11 10:33:25.119] [INFO] Core dependencies loaded
[2025-12-11 10:33:25.134] [INFO] Loading widget base classes...
[2025-12-11 10:33:25.220] [INFO] Widget base classes loaded
[2025-12-11 10:33:25.231] [INFO] Loading services...
[2025-12-11 10:33:25.384] [INFO] Services loaded
[2025-12-11 10:33:25.394] [INFO] Loading helpers...
[2025-12-11 10:33:25.888] [INFO] Helpers loaded
[2025-12-11 10:33:25.898] [INFO] Loading widgets...
[2025-12-11 10:33:26.534] [INFO] Widgets loaded
[2025-12-11 10:33:26.535] [INFO] Loading screen base class...
[2025-12-11 10:33:26.568] [INFO] Screen base class loaded
[2025-12-11 10:33:26.580] [INFO] Loading HelpViewScreen (needed by base classes)...
[2025-12-11 10:33:26.616] [INFO] HelpViewScreen loaded
[2025-12-11 10:33:26.627] [INFO] Loading base classes...
[2025-12-11 10:33:26.848] [INFO] Base classes loaded
[2025-12-11 10:33:26.861] [INFO] Loading ServiceContainer (needed by screens)...
[2025-12-11 10:33:26.888] [INFO] ServiceContainer loaded
[2025-12-11 10:33:26.902] [INFO] Loading remaining screens...
[2025-12-11 10:33:27.100] [INFO] Remaining screens loaded
[2025-12-11 10:33:27.113] [INFO] Loading PmcApplication...
[2025-12-11 10:33:27.179] [INFO] PmcApplication loaded
[2025-12-11 10:33:27.191] [INFO] All components loaded successfully
[2025-12-11 10:33:27.213] [INFO] Starting PMC TUI with screen: TaskList
[2025-12-11 10:33:27.230] [INFO] Cleared stale PmcSharedMenuBar and MenuRegistry singleton
[2025-12-11 10:33:27.244] [INFO] Creating ServiceContainer...
[2025-12-11 10:33:27.261] [INFO] ServiceContainer created
[2025-12-11 10:33:27.278] [INFO] Registering Theme service...
[2025-12-11 10:33:27.310] ServiceContainer: Registered 'Theme' (singleton=True)
[2025-12-11 10:33:27.324] [INFO] Registering ThemeManager...
[2025-12-11 10:33:27.338] ServiceContainer: Registered 'ThemeManager' (singleton=True)
[2025-12-11 10:33:27.350] [INFO] Registering Config service...
[2025-12-11 10:33:27.363] ServiceContainer: Registered 'Config' (singleton=True)
[2025-12-11 10:33:27.375] [INFO] Registering TaskStore service...
[2025-12-11 10:33:27.387] ServiceContainer: Registered 'TaskStore' (singleton=True)
[2025-12-11 10:33:27.400] [INFO] Registering MenuRegistry service...
[2025-12-11 10:33:27.412] ServiceContainer: Registered 'MenuRegistry' (singleton=True)
[2025-12-11 10:33:27.424] [INFO] Registering Application service...
[2025-12-11 10:33:27.436] ServiceContainer: Registered 'Application' (singleton=True)
[2025-12-11 10:33:27.453] [INFO] Registering CommandService...
[2025-12-11 10:33:27.465] ServiceContainer: Registered 'CommandService' (singleton=True)
[2025-12-11 10:33:27.477] [INFO] Registering ChecklistService...
[2025-12-11 10:33:27.489] ServiceContainer: Registered 'ChecklistService' (singleton=True)
[2025-12-11 10:33:27.502] [INFO] Registering NoteService...
[2025-12-11 10:33:27.514] ServiceContainer: Registered 'NoteService' (singleton=True)
[2025-12-11 10:33:27.527] [INFO] Registering ExcelMappingService...
[2025-12-11 10:33:27.542] ServiceContainer: Registered 'ExcelMappingService' (singleton=True)
[2025-12-11 10:33:27.555] [INFO] Registering PreferencesService...
[2025-12-11 10:33:27.567] ServiceContainer: Registered 'PreferencesService' (singleton=True)
[2025-12-11 10:33:27.579] [INFO] Registering screen factories...
[2025-12-11 10:33:27.592] ServiceContainer: Registered 'TaskListScreen' (singleton=False)
[2025-12-11 10:33:27.605] [INFO] Resolving Application from container...
[2025-12-11 10:33:27.628] ServiceContainer: Resolving 'Application'...
[2025-12-11 10:33:27.642] [INFO] Resolving Application...
[2025-12-11 10:33:27.655] ServiceContainer: Resolving 'Theme'...
[2025-12-11 10:33:27.672] [INFO] Resolving Theme: Calling Initialize-PmcThemeSystem...
[2025-12-11 10:33:27.691] [INFO] Theme resolved: #33aaff
[2025-12-11 10:33:27.704] [INFO] Loading PmcThemeEngine...
[2025-12-11 10:33:27.822] [INFO] PmcThemeEngine initialized with PMC palette (14 colors)
[2025-12-11 10:33:27.835] ServiceContainer: Resolved 'Theme' successfully
[2025-12-11 10:33:28.155] ServiceContainer: Resolving 'ThemeManager'...
[2025-12-11 10:33:28.169] [INFO] Resolving ThemeManager...
[2025-12-11 10:33:28.255] ServiceContainer: Resolved 'ThemeManager' successfully
[2025-12-11 10:33:28.277] ServiceContainer: Resolved 'Application' successfully
[2025-12-11 10:33:28.290] [INFO] Application resolved and assigned to $global:PmcApp
[2025-12-11 10:33:28.303] [INFO] Loading menus from manifest...
[2025-12-11 10:33:28.316] ServiceContainer: Resolving 'MenuRegistry'...
[2025-12-11 10:33:28.334] [INFO] Resolving MenuRegistry...
[2025-12-11 10:33:28.352] ServiceContainer: Resolved 'MenuRegistry' successfully
[2025-12-11 10:33:28.377] MenuRegistry: Loaded manifest with 24 entries
[2025-12-11 10:33:28.404] ServiceContainer: Registered 'TaskListScreen_Overdue' (singleton=False)
[2025-12-11 10:33:28.416] MenuRegistry: Registered screen factory 'TaskListScreen_Overdue' in container (viewMode=overdue)
[2025-12-11 10:33:28.438] MenuRegistry: Registered 'Overdue' in 'Tasks' menu (hotkey=O order=30)
[2025-12-11 10:33:28.451] ServiceContainer: Registered 'TaskListScreen_Tomorrow' (singleton=False)
[2025-12-11 10:33:28.463] MenuRegistry: Registered screen factory 'TaskListScreen_Tomorrow' in container (viewMode=tomorrow)
[2025-12-11 10:33:28.475] MenuRegistry: Registered 'Tomorrow' in 'Tasks' menu (hotkey=T order=15)
[2025-12-11 10:33:28.487] ServiceContainer: Registered 'TaskListScreen_Month' (singleton=False)
[2025-12-11 10:33:28.500] MenuRegistry: Registered screen factory 'TaskListScreen_Month' in container (viewMode=month)
[2025-12-11 10:33:28.512] MenuRegistry: Registered 'Month View' in 'Tasks' menu (hotkey=M order=45)
[2025-12-11 10:33:28.524] ServiceContainer: Registered 'TaskListScreen_Upcoming' (singleton=False)
[2025-12-11 10:33:28.536] MenuRegistry: Registered screen factory 'TaskListScreen_Upcoming' in container (viewMode=upcoming)
[2025-12-11 10:33:28.548] MenuRegistry: Registered 'Upcoming' in 'Tasks' menu (hotkey=U order=25)
[2025-12-11 10:33:28.561] ServiceContainer: Registered 'TaskListScreen_Default' (singleton=False)
[2025-12-11 10:33:28.573] MenuRegistry: Registered screen factory 'TaskListScreen_Default' in container (viewMode=)
[2025-12-11 10:33:28.587] MenuRegistry: Registered 'Task List' in 'Tasks' menu (hotkey=L order=5)
[2025-12-11 10:33:28.599] ServiceContainer: Registered 'TimeReportScreen' (singleton=False)
[2025-12-11 10:33:28.611] MenuRegistry: Registered screen factory 'TimeReportScreen' in container (viewMode=)
[2025-12-11 10:33:28.623] MenuRegistry: Registered 'Time Report' in 'Time' menu (hotkey=R order=20)
[2025-12-11 10:33:28.635] ServiceContainer: Registered 'KanbanScreenV2' (singleton=False)
[2025-12-11 10:33:28.647] MenuRegistry: Registered screen factory 'KanbanScreenV2' in container (viewMode=)
[2025-12-11 10:33:28.661] MenuRegistry: Registered 'Kanban Board' in 'Tasks' menu (hotkey=K order=55)
[2025-12-11 10:33:28.673] ServiceContainer: Registered 'TaskListScreen_NextActions' (singleton=False)
[2025-12-11 10:33:28.685] MenuRegistry: Registered screen factory 'TaskListScreen_NextActions' in container (viewMode=nextactions)
[2025-12-11 10:33:28.698] MenuRegistry: Registered 'Next Actions' in 'Tasks' menu (hotkey=N order=35)
[2025-12-11 10:33:28.713] ServiceContainer: Registered 'NotesMenuScreen' (singleton=False)
[2025-12-11 10:33:28.725] MenuRegistry: Registered screen factory 'NotesMenuScreen' in container (viewMode=)
[2025-12-11 10:33:28.737] MenuRegistry: Registered 'Notes' in 'Tools' menu (hotkey=N order=20)
[2025-12-11 10:33:28.750] ServiceContainer: Registered 'WeeklyTimeReportScreen' (singleton=False)
[2025-12-11 10:33:28.762] MenuRegistry: Registered screen factory 'WeeklyTimeReportScreen' in container (viewMode=)
[2025-12-11 10:33:28.775] MenuRegistry: Registered 'Weekly Report' in 'Time' menu (hotkey=W order=10)
[2025-12-11 10:33:28.787] ServiceContainer: Registered 'TaskListScreen_NoDate' (singleton=False)
[2025-12-11 10:33:28.803] MenuRegistry: Registered screen factory 'TaskListScreen_NoDate' in container (viewMode=noduedate)
[2025-12-11 10:33:28.816] MenuRegistry: Registered 'No Due Date' in 'Tasks' menu (hotkey=D order=40)
[2025-12-11 10:33:28.828] ServiceContainer: Registered 'CommandLibraryScreen' (singleton=False)
[2025-12-11 10:33:28.841] MenuRegistry: Registered screen factory 'CommandLibraryScreen' in container (viewMode=)
[2025-12-11 10:33:28.853] MenuRegistry: Registered 'Command Library' in 'Tools' menu (hotkey=L order=10)
[2025-12-11 10:33:28.867] ServiceContainer: Registered 'ExcelProfileManagerScreen' (singleton=False)
[2025-12-11 10:33:28.879] MenuRegistry: Registered screen factory 'ExcelProfileManagerScreen' in container (viewMode=)
[2025-12-11 10:33:28.890] MenuRegistry: Registered 'Excel Profiles' in 'Projects' menu (hotkey=M order=50)
[2025-12-11 10:33:28.904] ServiceContainer: Registered 'ProjectListScreen' (singleton=False)
[2025-12-11 10:33:28.916] MenuRegistry: Registered screen factory 'ProjectListScreen' in container (viewMode=)
[2025-12-11 10:33:28.928] MenuRegistry: Registered 'Project List' in 'Projects' menu (hotkey=L order=10)
[2025-12-11 10:33:28.942] ServiceContainer: Registered 'ChecklistsLauncherScreen' (singleton=False)
[2025-12-11 10:33:28.954] MenuRegistry: Registered screen factory 'ChecklistsLauncherScreen' in container (viewMode=)
[2025-12-11 10:33:28.967] MenuRegistry: Registered 'Checklists' in 'Tools' menu (hotkey=C order=25)
[2025-12-11 10:33:28.980] ServiceContainer: Registered 'ExcelImportScreen' (singleton=False)
[2025-12-11 10:33:28.992] MenuRegistry: Registered screen factory 'ExcelImportScreen' in container (viewMode=)
[2025-12-11 10:33:29.006] MenuRegistry: Registered 'Import from Excel' in 'Projects' menu (hotkey=I order=40)
[2025-12-11 10:33:29.020] ServiceContainer: Registered 'ThemeEditorScreen' (singleton=False)
[2025-12-11 10:33:29.033] MenuRegistry: Registered screen factory 'ThemeEditorScreen' in container (viewMode=)
[2025-12-11 10:33:29.045] MenuRegistry: Registered 'Theme Editor' in 'Options' menu (hotkey=T order=10)
[2025-12-11 10:33:29.058] ServiceContainer: Registered 'TimeListScreen' (singleton=False)
[2025-12-11 10:33:29.070] MenuRegistry: Registered screen factory 'TimeListScreen' in container (viewMode=)
[2025-12-11 10:33:29.082] MenuRegistry: Registered 'Time Tracking' in 'Time' menu (hotkey=T order=5)
[2025-12-11 10:33:29.096] ServiceContainer: Registered 'TaskListScreen_Agenda' (singleton=False)
[2025-12-11 10:33:29.109] MenuRegistry: Registered screen factory 'TaskListScreen_Agenda' in container (viewMode=agenda)
[2025-12-11 10:33:29.122] MenuRegistry: Registered 'Agenda View' in 'Tasks' menu (hotkey=A order=50)
[2025-12-11 10:33:29.134] ServiceContainer: Registered 'TaskListScreen_Week' (singleton=False)
[2025-12-11 10:33:29.147] MenuRegistry: Registered screen factory 'TaskListScreen_Week' in container (viewMode=week)
[2025-12-11 10:33:29.160] MenuRegistry: Registered 'Week View' in 'Tasks' menu (hotkey=W order=20)
[2025-12-11 10:33:29.172] ServiceContainer: Registered 'ChecklistTemplatesFolderScreen' (singleton=False)
[2025-12-11 10:33:29.185] MenuRegistry: Registered screen factory 'ChecklistTemplatesFolderScreen' in container (viewMode=)
[2025-12-11 10:33:29.197] MenuRegistry: Registered 'Checklist Templates' in 'Tools' menu (hotkey=H order=30)
[2025-12-11 10:33:29.210] ServiceContainer: Registered 'TaskListScreen_Today' (singleton=False)
[2025-12-11 10:33:29.222] MenuRegistry: Registered screen factory 'TaskListScreen_Today' in container (viewMode=today)
[2025-12-11 10:33:29.234] MenuRegistry: Registered 'Today' in 'Tasks' menu (hotkey=Y order=10)
[2025-12-11 10:33:29.247] ServiceContainer: Registered 'SettingsScreen' (singleton=False)
[2025-12-11 10:33:29.260] MenuRegistry: Registered screen factory 'SettingsScreen' in container (viewMode=)
[2025-12-11 10:33:29.272] MenuRegistry: Registered 'Settings' in 'Options' menu (hotkey=S order=20)
[2025-12-11 10:33:29.283] ServiceContainer: Registered 'HelpViewScreen' (singleton=False)
[2025-12-11 10:33:29.295] MenuRegistry: Registered screen factory 'HelpViewScreen' in container (viewMode=)
[2025-12-11 10:33:29.307] MenuRegistry: Registered 'Help' in 'Help' menu (hotkey=H order=10)
[2025-12-11 10:33:29.319] [INFO] Menus loaded from C:\Users\jhnhe\OneDrive\Documents\GitHub\project-management-console\og_transport\working\module\Pmc.Strict\consoleui\screens\MenuItems.psd1
[2025-12-11 10:33:29.334] [INFO] Launching screen: TaskList
[2025-12-11 10:33:29.346] [INFO] Resolving TaskListScreen from container...
[2025-12-11 10:33:29.359] ServiceContainer: Resolving 'TaskListScreen'...
[2025-12-11 10:33:29.373] [INFO] Resolving TaskListScreen...
[2025-12-11 10:33:29.387] ServiceContainer: Resolving 'TaskStore'...
[2025-12-11 10:33:29.401] [INFO] Resolving TaskStore...
[2025-12-11 10:33:29.437] [DEBUG] TaskStore.LoadData: Starting
[2025-12-11 10:33:29.452] [DEBUG] TaskStore.LoadData: Calling Get-PmcData
[2025-12-11 10:33:29.668] [DEBUG] TaskStore.LoadData: Get-PmcData returned - tasks=2 projects=2 timelogs=2
[2025-12-11 10:33:29.688] [DEBUG] TaskStore.LoadData: Loaded 2 tasks
[2025-12-11 10:33:29.704] [DEBUG] TaskStore.LoadData: Loaded 2 projects
[2025-12-11 10:33:29.720] [DEBUG] TaskStore.LoadData: First project name='p1' ID1='111'
[2025-12-11 10:33:29.740] ServiceContainer: Resolved 'TaskStore' successfully
[2025-12-11 10:33:30.120] MenuRegistry: Loaded manifest with 24 entries
[2025-12-11 10:33:30.133] MenuRegistry: Registered 'Overdue' in 'Tasks' menu (hotkey=O order=30)
[2025-12-11 10:33:30.147] MenuRegistry: Registered 'Tomorrow' in 'Tasks' menu (hotkey=T order=15)
[2025-12-11 10:33:30.160] MenuRegistry: Registered 'Month View' in 'Tasks' menu (hotkey=M order=45)
[2025-12-11 10:33:30.172] MenuRegistry: Registered 'Upcoming' in 'Tasks' menu (hotkey=U order=25)
[2025-12-11 10:33:30.185] MenuRegistry: Registered 'Task List' in 'Tasks' menu (hotkey=L order=5)
[2025-12-11 10:33:30.198] MenuRegistry: Registered 'Time Report' in 'Time' menu (hotkey=R order=20)
[2025-12-11 10:33:30.211] MenuRegistry: Registered 'Kanban Board' in 'Tasks' menu (hotkey=K order=55)
[2025-12-11 10:33:30.224] MenuRegistry: Registered 'Next Actions' in 'Tasks' menu (hotkey=N order=35)
[2025-12-11 10:33:30.237] MenuRegistry: Registered 'Notes' in 'Tools' menu (hotkey=N order=20)
[2025-12-11 10:33:30.250] MenuRegistry: Registered 'Weekly Report' in 'Time' menu (hotkey=W order=10)
[2025-12-11 10:33:30.265] MenuRegistry: Registered 'No Due Date' in 'Tasks' menu (hotkey=D order=40)
[2025-12-11 10:33:30.277] MenuRegistry: Registered 'Command Library' in 'Tools' menu (hotkey=L order=10)
[2025-12-11 10:33:30.309] MenuRegistry: Registered 'Excel Profiles' in 'Projects' menu (hotkey=M order=50)
[2025-12-11 10:33:30.321] MenuRegistry: Registered 'Project List' in 'Projects' menu (hotkey=L order=10)
[2025-12-11 10:33:30.335] MenuRegistry: Registered 'Checklists' in 'Tools' menu (hotkey=C order=25)
[2025-12-11 10:33:30.348] MenuRegistry: Registered 'Import from Excel' in 'Projects' menu (hotkey=I order=40)
[2025-12-11 10:33:30.362] MenuRegistry: Registered 'Theme Editor' in 'Options' menu (hotkey=T order=10)
[2025-12-11 10:33:30.376] MenuRegistry: Registered 'Time Tracking' in 'Time' menu (hotkey=T order=5)
[2025-12-11 10:33:30.388] MenuRegistry: Registered 'Agenda View' in 'Tasks' menu (hotkey=A order=50)
[2025-12-11 10:33:30.401] MenuRegistry: Registered 'Week View' in 'Tasks' menu (hotkey=W order=20)
[2025-12-11 10:33:30.413] MenuRegistry: Registered 'Checklist Templates' in 'Tools' menu (hotkey=H order=30)
[2025-12-11 10:33:30.426] MenuRegistry: Registered 'Today' in 'Tasks' menu (hotkey=Y order=10)
[2025-12-11 10:33:30.439] MenuRegistry: Registered 'Settings' in 'Options' menu (hotkey=S order=20)
[2025-12-11 10:33:30.453] MenuRegistry: Registered 'Help' in 'Help' menu (hotkey=H order=10)
[2025-12-11 10:33:30.478] _PopulateMenusFromRegistry: Menu 'Projects' has 3 items from registry (array)
[2025-12-11 10:33:30.502] _PopulateMenusFromRegistry: Menu 'Options' has 2 items from registry (array)
[2025-12-11 10:33:30.517] _PopulateMenusFromRegistry: Menu 'Help' has 1 items from registry (array)
[2025-12-11 10:33:30.531] _PopulateMenusFromRegistry: Menu 'Tasks' has 11 items from registry (array)
[2025-12-11 10:33:30.546] _PopulateMenusFromRegistry: Menu 'Tools' has 4 items from registry (array)
[2025-12-11 10:33:30.560] _PopulateMenusFromRegistry: Menu 'Time' has 3 items from registry (array)
[2025-12-11 10:33:30.572] ServiceContainer: Resolved 'TaskListScreen' successfully
[2025-12-11 10:33:30.585] [INFO] Pushing screen to app...
[2025-12-11 10:33:30.893] [DEBUG] LoadData: Got 2 tasks from Store
[2025-12-11 10:33:30.977] [DEBUG] TaskListScreen.LoadData: Setting 2 tasks
[2025-12-11 10:33:30.996] [INFO] UniversalList.SetData: START, data param type=System.Object[]
[2025-12-11 10:33:31.007] [INFO] UniversalList.SetData: About to assign _data
[2025-12-11 10:33:31.023] [INFO] UniversalList.SetData: _data assigned successfully
[2025-12-11 10:33:31.036] [INFO] UniversalList.SetData: About to check _data type
[2025-12-11 10:33:31.050] [INFO] UniversalList.SetData: _data type=System.Object[]
[2025-12-11 10:33:31.063] [INFO] UniversalList.SetData: About to access _data.Count
[2025-12-11 10:33:31.077] [INFO] UniversalList.SetData: _data.Count=2
[2025-12-11 10:33:31.089] [INFO] UniversalList.SetData: _filteredData assigned
[2025-12-11 10:33:31.102] [INFO] UniversalList.SetData: About to clear _selectedIndices
[2025-12-11 10:33:31.117] [INFO] UniversalList.SetData: _selectedIndices cleared
[2025-12-11 10:33:31.131] [INFO] UniversalList.SetData: Received 2 items
[2025-12-11 10:33:31.146] [INFO] UniversalList.SetData: First item type=Hashtable isHashtable=True
[2025-12-11 10:33:31.160] [INFO] UniversalList.SetData: First item keys: details, due, modified, status, completed, id, priority, text, tags, created, project
[2025-12-11 10:33:31.173] [INFO] UniversalList.SetData: Incrementing cache generation
[2025-12-11 10:33:31.187] [INFO] UniversalList.SetData: Clearing row cache
[2025-12-11 10:33:31.201] [INFO] UniversalList.SetData: Clearing cache access order
[2025-12-11 10:33:31.215] [INFO] UniversalList.SetData: Applying filters
[2025-12-11 10:33:31.245] [INFO] UniversalList.SetData: Applying search
[2025-12-11 10:33:31.259] [INFO] UniversalList.SetData: Invoking OnDataChanged callback
[2025-12-11 10:33:31.281] [INFO] UniversalList.SetData: COMPLETE
[2025-12-11 10:33:31.417] [INFO] Screen pushed successfully
[2025-12-11 10:33:31.430] [INFO] Starting event loop...
[2025-12-11 10:33:31.624] [INFO] PadText: text='Task' rawLen=4 visibleLen=4 width=28 align=left
[2025-12-11 10:33:31.640] [INFO] PadText: text='Details' rawLen=7 visibleLen=7 width=20 align=left
[2025-12-11 10:33:31.654] [INFO] PadText: text='Due' rawLen=3 visibleLen=3 width=14 align=left
[2025-12-11 10:33:31.668] [INFO] PadText: text='Project' rawLen=7 visibleLen=7 width=14 align=left
[2025-12-11 10:33:31.681] [INFO] PadText: text='Tags' rawLen=4 visibleLen=4 width=16 align=left
[2025-12-11 10:33:31.725] [INFO] PadText: text='d2' rawLen=2 visibleLen=2 width=18 align=left
[2025-12-11 10:33:31.744] [INFO] PadText: text='2025-12-16 12:00:00 AM' rawLen=22 visibleLen=22 width=12 align=left
[2025-12-11 10:33:38.187] [INFO] PadText: text='Task' rawLen=4 visibleLen=4 width=28 align=left
[2025-12-11 10:33:38.189] [INFO] PadText: text='Details' rawLen=7 visibleLen=7 width=20 align=left
[2025-12-11 10:33:38.203] [INFO] PadText: text='Due' rawLen=3 visibleLen=3 width=14 align=left
[2025-12-11 10:33:38.216] [INFO] PadText: text='Project' rawLen=7 visibleLen=7 width=14 align=left
[2025-12-11 10:33:38.230] [INFO] PadText: text='Tags' rawLen=4 visibleLen=4 width=16 align=left
[2025-12-11 10:33:38.250] [INFO] PadText: text='d2' rawLen=2 visibleLen=2 width=18 align=left
[2025-12-11 10:33:38.264] [INFO] PadText: text='2025-12-16 12:00:00 AM' rawLen=22 visibleLen=22 width=12 align=left
[2025-12-11 10:34:44.448] [INFO] Event loop exited normally
[2025-12-11 10:34:44.450] [INFO] Cleanup - showing cursor and resetting terminal
