[2025-12-10 16:12:22.475] [INFO] Loading PMC module...
[2025-12-10 16:12:23.554] [INFO] PMC module loaded
[2025-12-10 16:12:23.556] [INFO] Loading dependencies (FieldSchemas, etc.)...
[2025-12-10 16:12:23.834] [INFO] Loading SpeedTUI framework...
[2025-12-10 16:12:24.078] [INFO] SpeedTUI framework loaded
[2025-12-10 16:12:24.091] [INFO] Loading PraxisVT...
[2025-12-10 16:12:24.111] [INFO] PraxisVT loaded
[2025-12-10 16:12:24.122] [INFO] Loading core dependencies...
[2025-12-10 16:12:24.201] [INFO] Core dependencies loaded
[2025-12-10 16:12:24.213] [INFO] Loading widget base classes...
[2025-12-10 16:12:24.260] [INFO] Widget base classes loaded
[2025-12-10 16:12:24.272] [INFO] Loading services...
[2025-12-10 16:12:24.634] [INFO] Services loaded
[2025-12-10 16:12:24.644] [INFO] Loading widgets...
[2025-12-10 16:12:25.364] [ERROR] Failed to load widgets: At C:\Users\jhnhe\OneDrive\Documents\GitHub\project-management-console\og_transport\working\module\Pmc.Strict\consoleui\widgets\TextAreaEditor.ps1:22 char:13
+     hidden [GapBuffer]$_gapBuffer
+             ~~~~~~~~~
Unable to find type [GapBuffer].

At C:\Users\jhnhe\OneDrive\Documents\GitHub\project-management-console\og_transport\working\module\Pmc.Strict\consoleui\widgets\TextAreaEditor.ps1:55 char:29
+         $this._gapBuffer = [GapBuffer]::new()
+                             ~~~~~~~~~
Unable to find type [GapBuffer].
