[2025-12-13 20:29:04.121] [INFO] Loading PMC module...
[2025-12-13 20:29:08.797] [INFO] PMC module loaded
[2025-12-13 20:29:08.799] [INFO] Loading dependencies (FieldSchemas, etc.)...
[2025-12-13 20:29:09.041] [INFO] Dependencies loaded
[2025-12-13 20:29:09.064] [INFO] Loading SpeedTUI framework...
[2025-12-13 20:29:09.806] [INFO] SpeedTUI framework loaded
[2025-12-13 20:29:09.809] [INFO] Loading PraxisVT...
[2025-12-13 20:29:09.882] [INFO] PraxisVT loaded
[2025-12-13 20:29:09.903] [INFO] Loading core dependencies...
[2025-12-13 20:29:10.024] [INFO] Core dependencies loaded
[2025-12-13 20:29:10.042] [INFO] Loading widget base classes...
[2025-12-13 20:29:10.186] [INFO] Widget base classes loaded
[2025-12-13 20:29:10.205] [INFO] Loading services...
[2025-12-13 20:29:10.499] [INFO] Services loaded
[2025-12-13 20:29:10.516] [INFO] Loading helpers...
[2025-12-13 20:29:11.547] [INFO] Helpers loaded
[2025-12-13 20:29:11.550] [INFO] Loading widgets...
[2025-12-13 20:29:12.667] [INFO] Widgets loaded
[2025-12-13 20:29:12.669] [INFO] Loading screen base class...
[2025-12-13 20:29:12.735] [INFO] Screen base class loaded
[2025-12-13 20:29:12.757] [INFO] Loading HelpViewScreen (needed by base classes)...
[2025-12-13 20:29:12.821] [INFO] HelpViewScreen loaded
[2025-12-13 20:29:12.840] [INFO] Loading base classes...
[2025-12-13 20:29:13.014] [INFO] Base classes loaded
[2025-12-13 20:29:13.034] [INFO] Loading ServiceContainer (needed by screens)...
[2025-12-13 20:29:13.072] [INFO] ServiceContainer loaded
[2025-12-13 20:29:13.093] [INFO] Loading remaining screens...
[2025-12-13 20:29:13.296] [INFO] Remaining screens loaded
[2025-12-13 20:29:13.316] [INFO] Loading PmcApplication...
[2025-12-13 20:29:13.379] [INFO] PmcApplication loaded
[2025-12-13 20:29:13.403] [INFO] All components loaded successfully
[2025-12-13 20:29:13.466] [INFO] Starting PMC TUI with screen: TaskList
[2025-12-13 20:29:13.512] [INFO] Cleared stale PmcSharedMenuBar and MenuRegistry singleton
[2025-12-13 20:29:13.542] [INFO] Creating ServiceContainer...
[2025-12-13 20:29:13.614] [INFO] ServiceContainer created
[2025-12-13 20:29:13.670] [INFO] Registering Theme service...
[2025-12-13 20:29:13.731] ServiceContainer: Registered 'Theme' (singleton=True)
[2025-12-13 20:29:13.758] [INFO] Registering ThemeManager...
[2025-12-13 20:29:13.780] ServiceContainer: Registered 'ThemeManager' (singleton=True)
[2025-12-13 20:29:13.815] [INFO] Registering Config service...
[2025-12-13 20:29:13.844] ServiceContainer: Registered 'Config' (singleton=True)
[2025-12-13 20:29:13.867] [INFO] Registering TaskStore service...
[2025-12-13 20:29:13.886] ServiceContainer: Registered 'TaskStore' (singleton=True)
[2025-12-13 20:29:13.906] [INFO] Registering MenuRegistry service...
[2025-12-13 20:29:13.932] ServiceContainer: Registered 'MenuRegistry' (singleton=True)
[2025-12-13 20:29:13.965] [INFO] Registering Application service...
[2025-12-13 20:29:13.990] ServiceContainer: Registered 'Application' (singleton=True)
[2025-12-13 20:29:14.009] [INFO] Registering CommandService...
[2025-12-13 20:29:14.028] ServiceContainer: Registered 'CommandService' (singleton=True)
[2025-12-13 20:29:14.063] [INFO] Registering ChecklistService...
[2025-12-13 20:29:14.087] ServiceContainer: Registered 'ChecklistService' (singleton=True)
[2025-12-13 20:29:14.114] [INFO] Registering NoteService...
[2025-12-13 20:29:14.134] ServiceContainer: Registered 'NoteService' (singleton=True)
[2025-12-13 20:29:14.162] [INFO] Registering ExcelMappingService...
[2025-12-13 20:29:14.188] ServiceContainer: Registered 'ExcelMappingService' (singleton=True)
[2025-12-13 20:29:14.225] [INFO] Registering PreferencesService...
[2025-12-13 20:29:14.262] ServiceContainer: Registered 'PreferencesService' (singleton=True)
[2025-12-13 20:29:14.301] [INFO] Registering screen factories...
[2025-12-13 20:29:14.372] ServiceContainer: Registered 'TaskListScreen' (singleton=False)
[2025-12-13 20:29:14.459] [INFO] Resolving Application from container...
[2025-12-13 20:29:14.557] ServiceContainer: Resolving 'Application'...
[2025-12-13 20:29:14.671] [INFO] Resolving Application...
[2025-12-13 20:29:14.705] ServiceContainer: Resolving 'Theme'...
[2025-12-13 20:29:14.777] [INFO] Resolving Theme: Calling Initialize-PmcThemeSystem...
[2025-12-13 20:29:14.812] [INFO] Theme resolved: #33aaff
[2025-12-13 20:29:14.832] [INFO] Loading PmcThemeEngine...
[2025-12-13 20:29:15.190] [DEBUG] Palette [Status] -> #5C8F6D (R=92 G=143 B=109)
[2025-12-13 20:29:15.213] [DEBUG] Palette [Highlight] -> #228844 (R=34 G=136 B=68)
[2025-12-13 20:29:15.241] [DEBUG] Palette [Footer] -> #185F30 (R=24 G=95 B=48)
[2025-12-13 20:29:15.271] [DEBUG] Palette [Cursor] -> #228844 (R=34 G=136 B=68)
[2025-12-13 20:29:15.302] [DEBUG] Palette [Error] -> #BE2914 (R=190 G=41 B=20)
[2025-12-13 20:29:15.334] [DEBUG] Palette [Text] -> #C2EACF (R=194 G=234 B=207)
[2025-12-13 20:29:15.379] [DEBUG] Palette [Success] -> #2CB158 (R=44 G=177 B=88)
[2025-12-13 20:29:15.457] [DEBUG] Palette [Warning] -> #7FCA14 (R=127 G=202 B=20)
[2025-12-13 20:29:15.557] [DEBUG] Palette [Bright] -> #2CB158 (R=44 G=177 B=88)
[2025-12-13 20:29:15.645] [DEBUG] Palette [Muted] -> #5C8F6D (R=92 G=143 B=109)
[2025-12-13 20:29:15.734] [DEBUG] Palette [Primary] -> #228844 (R=34 G=136 B=68)
[2025-12-13 20:29:15.778] [DEBUG] Palette [Border] -> #185F30 (R=24 G=95 B=48)
[2025-12-13 20:29:15.817] [DEBUG] Palette [Header] -> #228844 (R=34 G=136 B=68)
[2025-12-13 20:29:15.841] [DEBUG] Palette [Label] -> #5C8F6D (R=92 G=143 B=109)
[2025-12-13 20:29:15.886] [INFO] LoadFromConfig: Loaded Properties with 16 items
[2025-12-13 20:29:15.919] [INFO] PmcThemeEngine initialized with PMC palette (14 colors)
[2025-12-13 20:29:15.993] ServiceContainer: Resolved 'Theme' successfully
[2025-12-13 20:29:16.307] ServiceContainer: Resolving 'ThemeManager'...
[2025-12-13 20:29:16.347] [INFO] Resolving ThemeManager...
[2025-12-13 20:29:16.696] ServiceContainer: Resolved 'ThemeManager' successfully
[2025-12-13 20:29:16.763] ServiceContainer: Resolved 'Application' successfully
[2025-12-13 20:29:16.789] [INFO] Application resolved and assigned to $global:PmcApp
[2025-12-13 20:29:16.817] [INFO] Loading menus from manifest...
[2025-12-13 20:29:16.840] ServiceContainer: Resolving 'MenuRegistry'...
[2025-12-13 20:29:16.866] [INFO] Resolving MenuRegistry...
[2025-12-13 20:29:16.901] ServiceContainer: Resolved 'MenuRegistry' successfully
[2025-12-13 20:29:16.960] MenuRegistry: Loaded manifest with 24 entries
[2025-12-13 20:29:17.020] ServiceContainer: Registered 'TaskListScreen_Month' (singleton=False)
[2025-12-13 20:29:17.044] MenuRegistry: Registered screen factory 'TaskListScreen_Month' in container (viewMode=month)
[2025-12-13 20:29:17.085] MenuRegistry: Registered 'Month View' in 'Tasks' menu (hotkey=M order=45)
[2025-12-13 20:29:17.110] ServiceContainer: Registered 'SettingsScreen' (singleton=False)
[2025-12-13 20:29:17.129] MenuRegistry: Registered screen factory 'SettingsScreen' in container (viewMode=)
[2025-12-13 20:29:17.150] MenuRegistry: Registered 'Settings' in 'Options' menu (hotkey=S order=20)
[2025-12-13 20:29:17.171] ServiceContainer: Registered 'ThemeEditorScreen' (singleton=False)
[2025-12-13 20:29:17.197] MenuRegistry: Registered screen factory 'ThemeEditorScreen' in container (viewMode=)
[2025-12-13 20:29:17.222] MenuRegistry: Registered 'Theme Editor' in 'Options' menu (hotkey=T order=10)
[2025-12-13 20:29:17.257] ServiceContainer: Registered 'TaskListScreen_Week' (singleton=False)
[2025-12-13 20:29:17.290] MenuRegistry: Registered screen factory 'TaskListScreen_Week' in container (viewMode=week)
[2025-12-13 20:29:17.330] MenuRegistry: Registered 'Week View' in 'Tasks' menu (hotkey=W order=20)
[2025-12-13 20:29:17.393] ServiceContainer: Registered 'ExcelImportScreen' (singleton=False)
[2025-12-13 20:29:17.448] MenuRegistry: Registered screen factory 'ExcelImportScreen' in container (viewMode=)
[2025-12-13 20:29:17.495] MenuRegistry: Registered 'Import from Excel' in 'Projects' menu (hotkey=I order=40)
[2025-12-13 20:29:17.576] ServiceContainer: Registered 'TaskListScreen_Tomorrow' (singleton=False)
[2025-12-13 20:29:17.610] MenuRegistry: Registered screen factory 'TaskListScreen_Tomorrow' in container (viewMode=tomorrow)
[2025-12-13 20:29:17.643] MenuRegistry: Registered 'Tomorrow' in 'Tasks' menu (hotkey=T order=15)
[2025-12-13 20:29:17.674] ServiceContainer: Registered 'TaskListScreen_Agenda' (singleton=False)
[2025-12-13 20:29:17.705] MenuRegistry: Registered screen factory 'TaskListScreen_Agenda' in container (viewMode=agenda)
[2025-12-13 20:29:17.730] MenuRegistry: Registered 'Agenda View' in 'Tasks' menu (hotkey=A order=50)
[2025-12-13 20:29:17.766] ServiceContainer: Registered 'ExcelProfileManagerScreen' (singleton=False)
[2025-12-13 20:29:17.786] MenuRegistry: Registered screen factory 'ExcelProfileManagerScreen' in container (viewMode=)
[2025-12-13 20:29:17.811] MenuRegistry: Registered 'Excel Profiles' in 'Projects' menu (hotkey=M order=50)
[2025-12-13 20:29:17.839] ServiceContainer: Registered 'TaskListScreen_Default' (singleton=False)
[2025-12-13 20:29:17.859] MenuRegistry: Registered screen factory 'TaskListScreen_Default' in container (viewMode=)
[2025-12-13 20:29:17.882] MenuRegistry: Registered 'Task List' in 'Tasks' menu (hotkey=L order=5)
[2025-12-13 20:29:17.904] ServiceContainer: Registered 'TimeListScreen' (singleton=False)
[2025-12-13 20:29:17.930] MenuRegistry: Registered screen factory 'TimeListScreen' in container (viewMode=)
[2025-12-13 20:29:17.952] MenuRegistry: Registered 'Time Tracking' in 'Time' menu (hotkey=T order=5)
[2025-12-13 20:29:17.979] ServiceContainer: Registered 'TimeReportScreen' (singleton=False)
[2025-12-13 20:29:18.004] MenuRegistry: Registered screen factory 'TimeReportScreen' in container (viewMode=)
[2025-12-13 20:29:18.032] MenuRegistry: Registered 'Time Report' in 'Time' menu (hotkey=R order=20)
[2025-12-13 20:29:18.058] ServiceContainer: Registered 'NotesMenuScreen' (singleton=False)
[2025-12-13 20:29:18.096] MenuRegistry: Registered screen factory 'NotesMenuScreen' in container (viewMode=)
[2025-12-13 20:29:18.121] MenuRegistry: Registered 'Notes' in 'Tools' menu (hotkey=N order=20)
[2025-12-13 20:29:18.152] ServiceContainer: Registered 'CommandLibraryScreen' (singleton=False)
[2025-12-13 20:29:18.194] MenuRegistry: Registered screen factory 'CommandLibraryScreen' in container (viewMode=)
[2025-12-13 20:29:18.220] MenuRegistry: Registered 'Command Library' in 'Tools' menu (hotkey=L order=10)
[2025-12-13 20:29:18.247] ServiceContainer: Registered 'TaskListScreen_Overdue' (singleton=False)
[2025-12-13 20:29:18.279] MenuRegistry: Registered screen factory 'TaskListScreen_Overdue' in container (viewMode=overdue)
[2025-12-13 20:29:18.314] MenuRegistry: Registered 'Overdue' in 'Tasks' menu (hotkey=O order=30)
[2025-12-13 20:29:18.344] ServiceContainer: Registered 'TaskListScreen_Today' (singleton=False)
[2025-12-13 20:29:18.378] MenuRegistry: Registered screen factory 'TaskListScreen_Today' in container (viewMode=today)
[2025-12-13 20:29:18.407] MenuRegistry: Registered 'Today' in 'Tasks' menu (hotkey=Y order=10)
[2025-12-13 20:29:18.438] ServiceContainer: Registered 'HelpViewScreen' (singleton=False)
[2025-12-13 20:29:18.469] MenuRegistry: Registered screen factory 'HelpViewScreen' in container (viewMode=)
[2025-12-13 20:29:18.492] MenuRegistry: Registered 'Help' in 'Help' menu (hotkey=H order=10)
[2025-12-13 20:29:18.522] ServiceContainer: Registered 'ProjectListScreen' (singleton=False)
[2025-12-13 20:29:18.555] MenuRegistry: Registered screen factory 'ProjectListScreen' in container (viewMode=)
[2025-12-13 20:29:18.585] MenuRegistry: Registered 'Project List' in 'Projects' menu (hotkey=L order=10)
[2025-12-13 20:29:18.615] ServiceContainer: Registered 'WeeklyTimeReportScreen' (singleton=False)
[2025-12-13 20:29:18.647] MenuRegistry: Registered screen factory 'WeeklyTimeReportScreen' in container (viewMode=)
[2025-12-13 20:29:18.700] MenuRegistry: Registered 'Weekly Report' in 'Time' menu (hotkey=W order=10)
[2025-12-13 20:29:18.732] ServiceContainer: Registered 'TaskListScreen_NextActions' (singleton=False)
[2025-12-13 20:29:18.771] MenuRegistry: Registered screen factory 'TaskListScreen_NextActions' in container (viewMode=nextactions)
[2025-12-13 20:29:18.795] MenuRegistry: Registered 'Next Actions' in 'Tasks' menu (hotkey=N order=35)
[2025-12-13 20:29:18.816] ServiceContainer: Registered 'TaskListScreen_Upcoming' (singleton=False)
[2025-12-13 20:29:18.836] MenuRegistry: Registered screen factory 'TaskListScreen_Upcoming' in container (viewMode=upcoming)
[2025-12-13 20:29:18.865] MenuRegistry: Registered 'Upcoming' in 'Tasks' menu (hotkey=U order=25)
[2025-12-13 20:29:18.915] ServiceContainer: Registered 'KanbanScreenV2' (singleton=False)
[2025-12-13 20:29:18.943] MenuRegistry: Registered screen factory 'KanbanScreenV2' in container (viewMode=)
[2025-12-13 20:29:18.987] MenuRegistry: Registered 'Kanban Board' in 'Tasks' menu (hotkey=K order=55)
[2025-12-13 20:29:19.058] ServiceContainer: Registered 'ChecklistsLauncherScreen' (singleton=False)
[2025-12-13 20:29:19.111] MenuRegistry: Registered screen factory 'ChecklistsLauncherScreen' in container (viewMode=)
[2025-12-13 20:29:19.147] MenuRegistry: Registered 'Checklists' in 'Tools' menu (hotkey=C order=25)
[2025-12-13 20:29:19.187] ServiceContainer: Registered 'ChecklistTemplatesFolderScreen' (singleton=False)
[2025-12-13 20:29:19.211] MenuRegistry: Registered screen factory 'ChecklistTemplatesFolderScreen' in container (viewMode=)
[2025-12-13 20:29:19.243] MenuRegistry: Registered 'Checklist Templates' in 'Tools' menu (hotkey=H order=30)
[2025-12-13 20:29:19.280] ServiceContainer: Registered 'TaskListScreen_NoDate' (singleton=False)
[2025-12-13 20:29:19.313] MenuRegistry: Registered screen factory 'TaskListScreen_NoDate' in container (viewMode=noduedate)
[2025-12-13 20:29:19.354] MenuRegistry: Registered 'No Due Date' in 'Tasks' menu (hotkey=D order=40)
[2025-12-13 20:29:19.389] [INFO] Menus loaded from C:\Users\jhnhe\OneDrive\Documents\GitHub\project-management-console\og_transport\HYBRID\module\Pmc.Strict\consoleui\screens\MenuItems.psd1
[2025-12-13 20:29:19.419] [INFO] Launching screen: TaskList
[2025-12-13 20:29:19.446] [INFO] Resolving TaskListScreen from container...
[2025-12-13 20:29:19.466] ServiceContainer: Resolving 'TaskListScreen'...
[2025-12-13 20:29:19.505] [INFO] Resolving TaskListScreen...
[2025-12-13 20:29:19.547] ServiceContainer: Resolving 'TaskStore'...
[2025-12-13 20:29:19.587] [INFO] Resolving TaskStore...
[2025-12-13 20:29:19.669] [DEBUG] TaskStore.LoadData: Starting
[2025-12-13 20:29:19.695] [DEBUG] TaskStore.LoadData: Calling Get-PmcData
[2025-12-13 20:29:20.211] [DEBUG] TaskStore.LoadData: Get-PmcData returned - tasks=4 projects=2 timelogs=3
[2025-12-13 20:29:20.254] [DEBUG] TaskStore.LoadData: Loaded 4 tasks
[2025-12-13 20:29:20.282] [DEBUG] TaskStore.LoadData: Loaded 2 projects
[2025-12-13 20:29:20.315] [DEBUG] TaskStore.LoadData: First project name='p1' ID1='111'
[2025-12-13 20:29:20.362] ServiceContainer: Resolved 'TaskStore' successfully
[2025-12-13 20:29:21.545] [DEBUG] PmcScreen.AddContentWidget: Adding UniversalList (Total: 1)
[2025-12-13 20:29:21.597] [DEBUG] PmcScreen.AddContentWidget: Adding FilterPanel (Total: 2)
[2025-12-13 20:29:21.639] [DEBUG] PmcScreen.AddContentWidget: Adding InlineEditor (Total: 3)
[2025-12-13 20:29:21.740] [DEBUG] TaskListScreen: Constructor started
[2025-12-13 20:29:21.978] _PopulateMenusFromRegistry: Menu 'Projects' has 3 items from registry (array)
[2025-12-13 20:29:22.078] _PopulateMenusFromRegistry: Menu 'Tasks' has 11 items from registry (array)
[2025-12-13 20:29:22.126] _PopulateMenusFromRegistry: Menu 'Tools' has 4 items from registry (array)
[2025-12-13 20:29:22.169] _PopulateMenusFromRegistry: Menu 'Options' has 2 items from registry (array)
[2025-12-13 20:29:22.197] _PopulateMenusFromRegistry: Menu 'Time' has 3 items from registry (array)
[2025-12-13 20:29:22.230] _PopulateMenusFromRegistry: Menu 'Help' has 1 items from registry (array)
[2025-12-13 20:29:22.262] [DEBUG] TaskListScreen: Constructor completed
[2025-12-13 20:29:22.287] ServiceContainer: Resolved 'TaskListScreen' successfully
[2025-12-13 20:29:22.317] [INFO] Pushing screen to app...
[2025-12-13 20:29:23.644] [DEBUG] LoadData: Got 4 tasks from Store
[2025-12-13 20:29:23.911] [DEBUG] TaskListScreen.LoadData: Setting 4 tasks
[2025-12-13 20:29:23.944] [DEBUG] UniversalList.SetData: START
[2025-12-13 20:29:24.111] [DEBUG] UniversalList.SetData: COMPLETE (4 items)
[2025-12-13 20:29:24.182] [INFO] Screen pushed successfully
[2025-12-13 20:29:24.206] [INFO] Starting event loop...
[2025-12-13 20:29:25.458] [DEBUG] PmcScreen: Calling RenderToEngine on UniversalList
[2025-12-13 20:29:25.622] [DEBUG] PmcScreen: Calling RenderToEngine on FilterPanel
[2025-12-13 20:29:25.818] [DEBUG] PmcScreen: Calling RenderToEngine on InlineEditor
[2025-12-13 20:29:36.757] [DEBUG] PmcScreen: Calling RenderToEngine on UniversalList
[2025-12-13 20:29:36.770] [DEBUG] PmcScreen: Calling RenderToEngine on FilterPanel
[2025-12-13 20:29:36.800] [DEBUG] PmcScreen: Calling RenderToEngine on InlineEditor
