[2025-12-10 16:18:30.610] [INFO] Loading PMC module...
[2025-12-10 16:18:31.731] [INFO] PMC module loaded
[2025-12-10 16:18:31.733] [INFO] Loading dependencies (FieldSchemas, etc.)...
[2025-12-10 16:18:31.845] [INFO] Dependencies loaded
[2025-12-10 16:18:31.856] [INFO] Loading SpeedTUI framework...
[2025-12-10 16:18:32.122] [INFO] SpeedTUI framework loaded
[2025-12-10 16:18:32.132] [INFO] Loading PraxisVT...
[2025-12-10 16:18:32.151] [INFO] PraxisVT loaded
[2025-12-10 16:18:32.161] [INFO] Loading core dependencies...
[2025-12-10 16:18:32.225] [INFO] Core dependencies loaded
[2025-12-10 16:18:32.236] [INFO] Loading widget base classes...
[2025-12-10 16:18:32.290] [INFO] Widget base classes loaded
[2025-12-10 16:18:32.301] [INFO] Loading services...
[2025-12-10 16:18:32.439] [INFO] Services loaded
[2025-12-10 16:18:32.449] [INFO] Loading helpers...
[2025-12-10 16:18:32.853] [INFO] Helpers loaded
[2025-12-10 16:18:32.864] [INFO] Loading widgets...
[2025-12-10 16:18:33.303] [INFO] Widgets loaded
[2025-12-10 16:18:33.315] [INFO] Loading screen base class...
[2025-12-10 16:18:33.350] [INFO] Screen base class loaded
[2025-12-10 16:18:33.362] [INFO] Loading initial screens...
[2025-12-10 16:18:33.498] [ERROR] Failed to load screens: At C:\Users\jhnhe\OneDrive\Documents\GitHub\project-management-console\og_transport\working\module\Pmc.Strict\consoleui\screens\TaskListScreen.ps1:67 char:24
+ class TaskListScreen : StandardListScreen {
+                        ~~~~~~~~~~~~~~~~~~
Unable to find type [StandardListScreen].

At C:\Users\jhnhe\OneDrive\Documents\GitHub\project-management-console\og_transport\working\module\Pmc.Strict\consoleui\screens\TaskListScreen.ps1:147 char:11
+         ([StandardListScreen]$this)._InitializeComponents()
+           ~~~~~~~~~~~~~~~~~~
Unable to find type [StandardListScreen].

At C:\Users\jhnhe\OneDrive\Documents\GitHub\project-management-console\og_transport\working\module\Pmc.Strict\consoleui\screens\TaskListScreen.ps1:238 char:41
+                 $global:PmcContainer = [ServiceContainer]::new()
+                                         ~~~~~~~~~~~~~~~~
Unable to find type [ServiceContainer].

At C:\Users\jhnhe\OneDrive\Documents\GitHub\project-management-console\og_transport\working\module\Pmc.Strict\consoleui\screens\TaskListScreen.ps1:1555 char:18
+         return ([StandardListScreen]$this).RenderContent()
+                  ~~~~~~~~~~~~~~~~~~
Unable to find type [StandardListScreen].

At C:\Users\jhnhe\OneDrive\Documents\GitHub\project-management-console\og_transport\working\module\Pmc.Strict\consoleui\screens\TaskListScreen.ps1:1564 char:22
+             return ([StandardListScreen]$this).HandleKeyPress($keyInf …
+                      ~~~~~~~~~~~~~~~~~~
Unable to find type [StandardListScreen].

At C:\Users\jhnhe\OneDrive\Documents\GitHub\project-management-console\og_transport\working\module\Pmc.Strict\consoleui\screens\TaskListScreen.ps1:1569 char:22
+         $handled = ([StandardListScreen]$this).HandleKeyPress($keyInf …
+                      ~~~~~~~~~~~~~~~~~~
Unable to find type [StandardListScreen].

At C:\Users\jhnhe\OneDrive\Documents\GitHub\project-management-console\og_transport\working\module\Pmc.Strict\consoleui\screens\TaskListScreen.ps1:1679 char:22
+         $output += ([StandardListScreen]$this).Render()
+                      ~~~~~~~~~~~~~~~~~~
Unable to find type [StandardListScreen].
