[2025-12-14 14:02:50.204] [INFO] Loading PMC module...
[2025-12-14 14:02:53.916] [INFO] PMC module loaded
[2025-12-14 14:02:53.919] [INFO] Loading dependencies (FieldSchemas, etc.)...
[2025-12-14 14:02:54.178] [INFO] Dependencies loaded
[2025-12-14 14:02:54.195] [INFO] Loading SpeedTUI framework...
[2025-12-14 14:02:54.742] [INFO] SpeedTUI framework loaded
[2025-12-14 14:02:54.757] [INFO] Loading PraxisVT...
[2025-12-14 14:02:54.784] [INFO] PraxisVT loaded
[2025-12-14 14:02:54.798] [INFO] Loading core dependencies...
[2025-12-14 14:02:54.911] [INFO] Core dependencies loaded
[2025-12-14 14:02:54.912] [INFO] Loading widget base classes...
[2025-12-14 14:02:54.993] [INFO] Widget base classes loaded
[2025-12-14 14:02:55.006] [INFO] Loading services...
[2025-12-14 14:02:55.308] [INFO] Services loaded
[2025-12-14 14:02:55.327] [INFO] Loading helpers...
[2025-12-14 14:02:56.930] [INFO] Helpers loaded
[2025-12-14 14:02:56.934] [INFO] Loading widgets...
[2025-12-14 14:02:57.752] [INFO] Widgets loaded
[2025-12-14 14:02:57.759] [INFO] Loading screen base class...
[2025-12-14 14:02:57.807] [INFO] Screen base class loaded
[2025-12-14 14:02:57.825] [INFO] Loading HelpViewScreen (needed by base classes)...
[2025-12-14 14:02:57.869] [INFO] HelpViewScreen loaded
[2025-12-14 14:02:57.883] [INFO] Loading base classes...
[2025-12-14 14:02:58.079] [ERROR] Failed to load base classes: At C:\Users\jhnhe\OneDrive\Documents\GitHub\project-management-console\og_transport\HYBRID\module\Pmc.Strict\consoleui\base\StandardListScreen.ps1:686 char:12
+     [void] OnItemActivated($item) {
+            ~~~~~~~~~~~~~~~
The member 'OnItemActivated' is already defined.
