[2025-12-13 15:53:02.099] [INFO] Loading PMC module...
[2025-12-13 15:53:04.071] [INFO] PMC module loaded
[2025-12-13 15:53:04.083] [INFO] Loading dependencies (FieldSchemas, etc.)...
[2025-12-13 15:53:04.263] [INFO] Dependencies loaded
[2025-12-13 15:53:04.290] [INFO] Loading SpeedTUI framework...
[2025-12-13 15:53:04.676] [INFO] SpeedTUI framework loaded
[2025-12-13 15:53:04.694] [INFO] Loading PraxisVT...
[2025-12-13 15:53:04.719] [INFO] PraxisVT loaded
[2025-12-13 15:53:04.732] [INFO] Loading core dependencies...
[2025-12-13 15:53:04.819] [INFO] Core dependencies loaded
[2025-12-13 15:53:04.832] [INFO] Loading widget base classes...
[2025-12-13 15:53:04.910] [INFO] Widget base classes loaded
[2025-12-13 15:53:04.923] [INFO] Loading services...
[2025-12-13 15:53:05.120] [INFO] Services loaded
[2025-12-13 15:53:05.139] [INFO] Loading helpers...
[2025-12-13 15:53:05.696] [INFO] Helpers loaded
[2025-12-13 15:53:05.709] [INFO] Loading widgets...
[2025-12-13 15:53:06.249] [INFO] Widgets loaded
[2025-12-13 15:53:06.261] [INFO] Loading screen base class...
[2025-12-13 15:53:06.291] [INFO] Screen base class loaded
[2025-12-13 15:53:06.304] [INFO] Loading HelpViewScreen (needed by base classes)...
[2025-12-13 15:53:06.340] [INFO] HelpViewScreen loaded
[2025-12-13 15:53:06.352] [INFO] Loading base classes...
[2025-12-13 15:53:06.461] [INFO] Base classes loaded
[2025-12-13 15:53:06.475] [INFO] Loading ServiceContainer (needed by screens)...
[2025-12-13 15:53:06.503] [INFO] ServiceContainer loaded
[2025-12-13 15:53:06.519] [INFO] Loading remaining screens...
[2025-12-13 15:53:06.650] [INFO] Remaining screens loaded
[2025-12-13 15:53:06.663] [INFO] Loading PmcApplication...
[2025-12-13 15:53:06.698] [INFO] PmcApplication loaded
[2025-12-13 15:53:06.711] [INFO] All components loaded successfully
[2025-12-13 15:53:06.734] [INFO] Starting PMC TUI with screen: TaskList
[2025-12-13 15:53:06.750] [INFO] Cleared stale PmcSharedMenuBar and MenuRegistry singleton
[2025-12-13 15:53:06.764] [INFO] Creating ServiceContainer...
[2025-12-13 15:53:06.782] [INFO] ServiceContainer created
[2025-12-13 15:53:06.795] [INFO] Registering Theme service...
[2025-12-13 15:53:06.816] ServiceContainer: Registered 'Theme' (singleton=True)
[2025-12-13 15:53:06.830] [INFO] Registering ThemeManager...
[2025-12-13 15:53:06.845] ServiceContainer: Registered 'ThemeManager' (singleton=True)
[2025-12-13 15:53:06.858] [INFO] Registering Config service...
[2025-12-13 15:53:06.871] ServiceContainer: Registered 'Config' (singleton=True)
[2025-12-13 15:53:06.887] [INFO] Registering TaskStore service...
[2025-12-13 15:53:06.900] ServiceContainer: Registered 'TaskStore' (singleton=True)
[2025-12-13 15:53:06.916] [INFO] Registering MenuRegistry service...
[2025-12-13 15:53:06.931] ServiceContainer: Registered 'MenuRegistry' (singleton=True)
[2025-12-13 15:53:06.946] [INFO] Registering Application service...
[2025-12-13 15:53:06.957] ServiceContainer: Registered 'Application' (singleton=True)
[2025-12-13 15:53:06.972] [INFO] Registering CommandService...
[2025-12-13 15:53:06.986] ServiceContainer: Registered 'CommandService' (singleton=True)
[2025-12-13 15:53:07.006] [INFO] Registering ChecklistService...
[2025-12-13 15:53:07.022] ServiceContainer: Registered 'ChecklistService' (singleton=True)
[2025-12-13 15:53:07.038] [INFO] Registering NoteService...
[2025-12-13 15:53:07.053] ServiceContainer: Registered 'NoteService' (singleton=True)
[2025-12-13 15:53:07.067] [INFO] Registering ExcelMappingService...
[2025-12-13 15:53:07.083] ServiceContainer: Registered 'ExcelMappingService' (singleton=True)
[2025-12-13 15:53:07.097] [INFO] Registering PreferencesService...
[2025-12-13 15:53:07.109] ServiceContainer: Registered 'PreferencesService' (singleton=True)
[2025-12-13 15:53:07.122] [INFO] Registering screen factories...
[2025-12-13 15:53:07.138] ServiceContainer: Registered 'TaskListScreen' (singleton=False)
[2025-12-13 15:53:07.151] [INFO] Resolving Application from container...
[2025-12-13 15:53:07.174] ServiceContainer: Resolving 'Application'...
[2025-12-13 15:53:07.190] [INFO] Resolving Application...
[2025-12-13 15:53:07.205] ServiceContainer: Resolving 'Theme'...
[2025-12-13 15:53:07.229] [INFO] Resolving Theme: Calling Initialize-PmcThemeSystem...
[2025-12-13 15:53:07.264] [INFO] Theme resolved: #33aaff
[2025-12-13 15:53:07.279] [INFO] Loading PmcThemeEngine...
[2025-12-13 15:53:07.401] [DEBUG] Palette [Border] -> #185F30 (R=24 G=95 B=48)
[2025-12-13 15:53:07.413] [DEBUG] Palette [Highlight] -> #228844 (R=34 G=136 B=68)
[2025-12-13 15:53:07.425] [DEBUG] Palette [Bright] -> #2CB158 (R=44 G=177 B=88)
[2025-12-13 15:53:07.438] [DEBUG] Palette [Error] -> #BE2914 (R=190 G=41 B=20)
[2025-12-13 15:53:07.449] [DEBUG] Palette [Text] -> #C2EACF (R=194 G=234 B=207)
[2025-12-13 15:53:07.461] [DEBUG] Palette [Primary] -> #228844 (R=34 G=136 B=68)
[2025-12-13 15:53:07.474] [DEBUG] Palette [Status] -> #5C8F6D (R=92 G=143 B=109)
[2025-12-13 15:53:07.485] [DEBUG] Palette [Label] -> #5C8F6D (R=92 G=143 B=109)
[2025-12-13 15:53:07.496] [DEBUG] Palette [Footer] -> #185F30 (R=24 G=95 B=48)
[2025-12-13 15:53:07.507] [DEBUG] Palette [Muted] -> #5C8F6D (R=92 G=143 B=109)
[2025-12-13 15:53:07.527] [DEBUG] Palette [Cursor] -> #228844 (R=34 G=136 B=68)
[2025-12-13 15:53:07.541] [DEBUG] Palette [Warning] -> #7FCA14 (R=127 G=202 B=20)
[2025-12-13 15:53:07.553] [DEBUG] Palette [Success] -> #2CB158 (R=44 G=177 B=88)
[2025-12-13 15:53:07.564] [DEBUG] Palette [Header] -> #228844 (R=34 G=136 B=68)
[2025-12-13 15:53:07.583] [INFO] LoadFromConfig: Loaded Properties with 16 items
[2025-12-13 15:53:07.598] [INFO] PmcThemeEngine initialized with PMC palette (14 colors)
[2025-12-13 15:53:07.611] ServiceContainer: Resolved 'Theme' successfully
[2025-12-13 15:53:07.708] ServiceContainer: Resolving 'ThemeManager'...
[2025-12-13 15:53:07.725] [INFO] Resolving ThemeManager...
[2025-12-13 15:53:07.843] ServiceContainer: Resolved 'ThemeManager' successfully
[2025-12-13 15:53:07.868] ServiceContainer: Resolved 'Application' successfully
[2025-12-13 15:53:07.881] [INFO] Application resolved and assigned to $global:PmcApp
[2025-12-13 15:53:07.896] [INFO] Loading menus from manifest...
[2025-12-13 15:53:07.909] ServiceContainer: Resolving 'MenuRegistry'...
[2025-12-13 15:53:07.928] [INFO] Resolving MenuRegistry...
[2025-12-13 15:53:07.948] ServiceContainer: Resolved 'MenuRegistry' successfully
[2025-12-13 15:53:07.974] MenuRegistry: Loaded manifest with 24 entries
[2025-12-13 15:53:08.003] ServiceContainer: Registered 'HelpViewScreen' (singleton=False)
[2025-12-13 15:53:08.015] MenuRegistry: Registered screen factory 'HelpViewScreen' in container (viewMode=)
[2025-12-13 15:53:08.036] MenuRegistry: Registered 'Help' in 'Help' menu (hotkey=H order=10)
[2025-12-13 15:53:08.048] ServiceContainer: Registered 'ExcelImportScreen' (singleton=False)
[2025-12-13 15:53:08.059] MenuRegistry: Registered screen factory 'ExcelImportScreen' in container (viewMode=)
[2025-12-13 15:53:08.072] MenuRegistry: Registered 'Import from Excel' in 'Projects' menu (hotkey=I order=40)
[2025-12-13 15:53:08.085] ServiceContainer: Registered 'TaskListScreen_Overdue' (singleton=False)
[2025-12-13 15:53:08.096] MenuRegistry: Registered screen factory 'TaskListScreen_Overdue' in container (viewMode=overdue)
[2025-12-13 15:53:08.107] MenuRegistry: Registered 'Overdue' in 'Tasks' menu (hotkey=O order=30)
[2025-12-13 15:53:08.119] ServiceContainer: Registered 'ChecklistsLauncherScreen' (singleton=False)
[2025-12-13 15:53:08.130] MenuRegistry: Registered screen factory 'ChecklistsLauncherScreen' in container (viewMode=)
[2025-12-13 15:53:08.143] MenuRegistry: Registered 'Checklists' in 'Tools' menu (hotkey=C order=25)
[2025-12-13 15:53:08.155] ServiceContainer: Registered 'CommandLibraryScreen' (singleton=False)
[2025-12-13 15:53:08.167] MenuRegistry: Registered screen factory 'CommandLibraryScreen' in container (viewMode=)
[2025-12-13 15:53:08.179] MenuRegistry: Registered 'Command Library' in 'Tools' menu (hotkey=L order=10)
[2025-12-13 15:53:08.191] ServiceContainer: Registered 'TaskListScreen_NextActions' (singleton=False)
[2025-12-13 15:53:08.203] MenuRegistry: Registered screen factory 'TaskListScreen_NextActions' in container (viewMode=nextactions)
[2025-12-13 15:53:08.216] MenuRegistry: Registered 'Next Actions' in 'Tasks' menu (hotkey=N order=35)
[2025-12-13 15:53:08.229] ServiceContainer: Registered 'ProjectListScreen' (singleton=False)
[2025-12-13 15:53:08.241] MenuRegistry: Registered screen factory 'ProjectListScreen' in container (viewMode=)
[2025-12-13 15:53:08.254] MenuRegistry: Registered 'Project List' in 'Projects' menu (hotkey=L order=10)
[2025-12-13 15:53:08.273] ServiceContainer: Registered 'ThemeEditorScreen' (singleton=False)
[2025-12-13 15:53:08.284] MenuRegistry: Registered screen factory 'ThemeEditorScreen' in container (viewMode=)
[2025-12-13 15:53:08.296] MenuRegistry: Registered 'Theme Editor' in 'Options' menu (hotkey=T order=10)
[2025-12-13 15:53:08.308] ServiceContainer: Registered 'TimeListScreen' (singleton=False)
[2025-12-13 15:53:08.320] MenuRegistry: Registered screen factory 'TimeListScreen' in container (viewMode=)
[2025-12-13 15:53:08.330] MenuRegistry: Registered 'Time Tracking' in 'Time' menu (hotkey=T order=5)
[2025-12-13 15:53:08.342] ServiceContainer: Registered 'TaskListScreen_Default' (singleton=False)
[2025-12-13 15:53:08.353] MenuRegistry: Registered screen factory 'TaskListScreen_Default' in container (viewMode=)
[2025-12-13 15:53:08.364] MenuRegistry: Registered 'Task List' in 'Tasks' menu (hotkey=L order=5)
[2025-12-13 15:53:08.375] ServiceContainer: Registered 'TimeReportScreen' (singleton=False)
[2025-12-13 15:53:08.387] MenuRegistry: Registered screen factory 'TimeReportScreen' in container (viewMode=)
[2025-12-13 15:53:08.398] MenuRegistry: Registered 'Time Report' in 'Time' menu (hotkey=R order=20)
[2025-12-13 15:53:08.409] ServiceContainer: Registered 'NotesMenuScreen' (singleton=False)
[2025-12-13 15:53:08.422] MenuRegistry: Registered screen factory 'NotesMenuScreen' in container (viewMode=)
[2025-12-13 15:53:08.435] MenuRegistry: Registered 'Notes' in 'Tools' menu (hotkey=N order=20)
[2025-12-13 15:53:08.447] ServiceContainer: Registered 'TaskListScreen_Today' (singleton=False)
[2025-12-13 15:53:08.458] MenuRegistry: Registered screen factory 'TaskListScreen_Today' in container (viewMode=today)
[2025-12-13 15:53:08.468] MenuRegistry: Registered 'Today' in 'Tasks' menu (hotkey=Y order=10)
[2025-12-13 15:53:08.480] ServiceContainer: Registered 'KanbanScreenV2' (singleton=False)
[2025-12-13 15:53:08.491] MenuRegistry: Registered screen factory 'KanbanScreenV2' in container (viewMode=)
[2025-12-13 15:53:08.502] MenuRegistry: Registered 'Kanban Board' in 'Tasks' menu (hotkey=K order=55)
[2025-12-13 15:53:08.514] ServiceContainer: Registered 'TaskListScreen_Tomorrow' (singleton=False)
[2025-12-13 15:53:08.526] MenuRegistry: Registered screen factory 'TaskListScreen_Tomorrow' in container (viewMode=tomorrow)
[2025-12-13 15:53:08.538] MenuRegistry: Registered 'Tomorrow' in 'Tasks' menu (hotkey=T order=15)
[2025-12-13 15:53:08.550] ServiceContainer: Registered 'ExcelProfileManagerScreen' (singleton=False)
[2025-12-13 15:53:08.562] MenuRegistry: Registered screen factory 'ExcelProfileManagerScreen' in container (viewMode=)
[2025-12-13 15:53:08.573] MenuRegistry: Registered 'Excel Profiles' in 'Projects' menu (hotkey=M order=50)
[2025-12-13 15:53:08.587] ServiceContainer: Registered 'ChecklistTemplatesFolderScreen' (singleton=False)
[2025-12-13 15:53:08.599] MenuRegistry: Registered screen factory 'ChecklistTemplatesFolderScreen' in container (viewMode=)
[2025-12-13 15:53:08.610] MenuRegistry: Registered 'Checklist Templates' in 'Tools' menu (hotkey=H order=30)
[2025-12-13 15:53:08.623] ServiceContainer: Registered 'TaskListScreen_NoDate' (singleton=False)
[2025-12-13 15:53:08.636] MenuRegistry: Registered screen factory 'TaskListScreen_NoDate' in container (viewMode=noduedate)
[2025-12-13 15:53:08.649] MenuRegistry: Registered 'No Due Date' in 'Tasks' menu (hotkey=D order=40)
[2025-12-13 15:53:08.661] ServiceContainer: Registered 'SettingsScreen' (singleton=False)
[2025-12-13 15:53:08.671] MenuRegistry: Registered screen factory 'SettingsScreen' in container (viewMode=)
[2025-12-13 15:53:08.685] MenuRegistry: Registered 'Settings' in 'Options' menu (hotkey=S order=20)
[2025-12-13 15:53:08.699] ServiceContainer: Registered 'WeeklyTimeReportScreen' (singleton=False)
[2025-12-13 15:53:08.713] MenuRegistry: Registered screen factory 'WeeklyTimeReportScreen' in container (viewMode=)
[2025-12-13 15:53:08.726] MenuRegistry: Registered 'Weekly Report' in 'Time' menu (hotkey=W order=10)
[2025-12-13 15:53:08.742] ServiceContainer: Registered 'TaskListScreen_Upcoming' (singleton=False)
[2025-12-13 15:53:08.753] MenuRegistry: Registered screen factory 'TaskListScreen_Upcoming' in container (viewMode=upcoming)
[2025-12-13 15:53:08.767] MenuRegistry: Registered 'Upcoming' in 'Tasks' menu (hotkey=U order=25)
[2025-12-13 15:53:08.781] ServiceContainer: Registered 'TaskListScreen_Month' (singleton=False)
[2025-12-13 15:53:08.793] MenuRegistry: Registered screen factory 'TaskListScreen_Month' in container (viewMode=month)
[2025-12-13 15:53:08.805] MenuRegistry: Registered 'Month View' in 'Tasks' menu (hotkey=M order=45)
[2025-12-13 15:53:08.819] ServiceContainer: Registered 'TaskListScreen_Week' (singleton=False)
[2025-12-13 15:53:08.831] MenuRegistry: Registered screen factory 'TaskListScreen_Week' in container (viewMode=week)
[2025-12-13 15:53:08.842] MenuRegistry: Registered 'Week View' in 'Tasks' menu (hotkey=W order=20)
[2025-12-13 15:53:08.854] ServiceContainer: Registered 'TaskListScreen_Agenda' (singleton=False)
[2025-12-13 15:53:08.864] MenuRegistry: Registered screen factory 'TaskListScreen_Agenda' in container (viewMode=agenda)
[2025-12-13 15:53:08.875] MenuRegistry: Registered 'Agenda View' in 'Tasks' menu (hotkey=A order=50)
[2025-12-13 15:53:08.887] [INFO] Menus loaded from C:\Users\jhnhe\OneDrive\Documents\GitHub\project-management-console\og_transport\HYBRID\module\Pmc.Strict\consoleui\screens\MenuItems.psd1
[2025-12-13 15:53:08.900] [INFO] Launching screen: TaskList
[2025-12-13 15:53:08.913] [INFO] Resolving TaskListScreen from container...
[2025-12-13 15:53:08.924] ServiceContainer: Resolving 'TaskListScreen'...
[2025-12-13 15:53:08.937] [INFO] Resolving TaskListScreen...
[2025-12-13 15:53:08.950] ServiceContainer: Resolving 'TaskStore'...
[2025-12-13 15:53:08.962] [INFO] Resolving TaskStore...
[2025-12-13 15:53:08.997] [DEBUG] TaskStore.LoadData: Starting
[2025-12-13 15:53:09.010] [DEBUG] TaskStore.LoadData: Calling Get-PmcData
[2025-12-13 15:53:09.261] [DEBUG] TaskStore.LoadData: Get-PmcData returned - tasks=4 projects=2 timelogs=3
[2025-12-13 15:53:09.282] [DEBUG] TaskStore.LoadData: Loaded 4 tasks
[2025-12-13 15:53:09.297] [DEBUG] TaskStore.LoadData: Loaded 2 projects
[2025-12-13 15:53:09.312] [DEBUG] TaskStore.LoadData: First project name='p1' ID1='111'
[2025-12-13 15:53:09.329] ServiceContainer: Resolved 'TaskStore' successfully
[2025-12-13 15:53:10.441] [DEBUG] PmcScreen.AddContentWidget: Adding UniversalList (Total: 1)
[2025-12-13 15:53:10.458] [DEBUG] PmcScreen.AddContentWidget: Adding FilterPanel (Total: 2)
[2025-12-13 15:53:10.478] [DEBUG] PmcScreen.AddContentWidget: Adding InlineEditor (Total: 3)
[2025-12-13 15:53:10.523] [DEBUG] TaskListScreen: Constructor started
[2025-12-13 15:53:10.570] _PopulateMenusFromRegistry: Menu 'Tools' has 4 items from registry (array)
[2025-12-13 15:53:10.593] _PopulateMenusFromRegistry: Menu 'Time' has 3 items from registry (array)
[2025-12-13 15:53:10.608] _PopulateMenusFromRegistry: Menu 'Help' has 1 items from registry (array)
[2025-12-13 15:53:10.623] _PopulateMenusFromRegistry: Menu 'Projects' has 3 items from registry (array)
[2025-12-13 15:53:10.638] _PopulateMenusFromRegistry: Menu 'Tasks' has 11 items from registry (array)
[2025-12-13 15:53:10.651] _PopulateMenusFromRegistry: Menu 'Options' has 2 items from registry (array)
[2025-12-13 15:53:10.663] [DEBUG] TaskListScreen: Constructor completed
[2025-12-13 15:53:10.676] ServiceContainer: Resolved 'TaskListScreen' successfully
[2025-12-13 15:53:10.688] [INFO] Pushing screen to app...
[2025-12-13 15:53:11.002] [DEBUG] LoadData: Got 4 tasks from Store
[2025-12-13 15:53:11.089] [DEBUG] TaskListScreen.LoadData: Setting 4 tasks
[2025-12-13 15:53:11.104] [DEBUG] UniversalList.SetData: START
[2025-12-13 15:53:11.167] [DEBUG] UniversalList.SetData: COMPLETE (4 items)
[2025-12-13 15:53:11.212] [INFO] Screen pushed successfully
[2025-12-13 15:53:11.224] [INFO] Starting event loop...
[2025-12-13 15:53:11.560] [DEBUG] UniversalList.RenderToEngine: W=100 H=23 MaxRows=17 Items=4 RegionCount=0
[2025-12-13 15:53:12.038] [DEBUG] Row 0 Col 0: 't2' (Region: UniversalList_cb1bcdb0_Row_0_title) FG=16777215 BG=2263108
[2025-12-13 15:53:12.058] [DEBUG] Row 0 Col 1: 'd2' (Region: UniversalList_cb1bcdb0_Row_0_details) FG=16777215 BG=2263108
[2025-12-13 15:53:12.079] [DEBUG] Row 0 Col 2: 'Dec 16' (Region: UniversalList_cb1bcdb0_Row_0_due) FG=16777215 BG=2263108
[2025-12-13 15:53:12.095] [DEBUG] Row 0 Col 3: '' (Region: UniversalList_cb1bcdb0_Row_0_project) FG=16777215 BG=2263108
[2025-12-13 15:53:12.112] [DEBUG] Row 0 Col 4: '' (Region: UniversalList_cb1bcdb0_Row_0_tags) FG=16777215 BG=2263108
[2025-12-13 15:53:12.136] [DEBUG] PmcScreen: Calling RenderToEngine on UniversalList
[2025-12-13 15:53:12.153] [DEBUG] UniversalList.RenderToEngine: W=100 H=23 MaxRows=17 Items=4 RegionCount=17
[2025-12-13 15:53:12.684] [DEBUG] Row 0 Col 0: 't2' (Region: UniversalList_cb1bcdb0_Row_0_title) FG=16777215 BG=2263108
[2025-12-13 15:53:12.700] [DEBUG] Row 0 Col 1: 'd2' (Region: UniversalList_cb1bcdb0_Row_0_details) FG=16777215 BG=2263108
[2025-12-13 15:53:12.718] [DEBUG] Row 0 Col 2: 'Dec 16' (Region: UniversalList_cb1bcdb0_Row_0_due) FG=16777215 BG=2263108
[2025-12-13 15:53:12.734] [DEBUG] Row 0 Col 3: '' (Region: UniversalList_cb1bcdb0_Row_0_project) FG=16777215 BG=2263108
[2025-12-13 15:53:12.748] [DEBUG] Row 0 Col 4: '' (Region: UniversalList_cb1bcdb0_Row_0_tags) FG=16777215 BG=2263108
[2025-12-13 15:53:12.774] [DEBUG] PmcScreen: Calling RenderToEngine on FilterPanel
[2025-12-13 15:53:12.853] [DEBUG] PmcScreen: Calling RenderToEngine on InlineEditor
[2025-12-13 15:53:12.950] [DEBUG] UniversalList.RenderToEngine: W=100 H=23 MaxRows=17 Items=4 RegionCount=17
[2025-12-13 15:53:12.996] [DEBUG] Row 0 Col 0: 't2' (Region: UniversalList_cb1bcdb0_Row_0_title) FG=16777215 BG=2263108
[2025-12-13 15:53:13.013] [DEBUG] Row 0 Col 1: 'd2' (Region: UniversalList_cb1bcdb0_Row_0_details) FG=16777215 BG=2263108
[2025-12-13 15:53:13.028] [DEBUG] Row 0 Col 2: 'Dec 16' (Region: UniversalList_cb1bcdb0_Row_0_due) FG=16777215 BG=2263108
[2025-12-13 15:53:13.042] [DEBUG] Row 0 Col 3: '' (Region: UniversalList_cb1bcdb0_Row_0_project) FG=16777215 BG=2263108
[2025-12-13 15:53:13.056] [DEBUG] Row 0 Col 4: '' (Region: UniversalList_cb1bcdb0_Row_0_tags) FG=16777215 BG=2263108
[2025-12-13 15:53:27.429] [INFO] Cleanup - showing cursor and resetting terminal
