[2025-12-14 13:57:38.910] [INFO] Loading PMC module...
[2025-12-14 13:57:41.976] [INFO] PMC module loaded
[2025-12-14 13:57:41.978] [INFO] Loading dependencies (FieldSchemas, etc.)...
[2025-12-14 13:57:42.130] [INFO] Dependencies loaded
[2025-12-14 13:57:42.144] [INFO] Loading SpeedTUI framework...
[2025-12-14 13:57:42.688] [INFO] SpeedTUI framework loaded
[2025-12-14 13:57:42.697] [INFO] Loading PraxisVT...
[2025-12-14 13:57:42.718] [INFO] PraxisVT loaded
[2025-12-14 13:57:42.729] [INFO] Loading core dependencies...
[2025-12-14 13:57:42.905] [INFO] Core dependencies loaded
[2025-12-14 13:57:42.909] [INFO] Loading widget base classes...
[2025-12-14 13:57:43.052] [INFO] Widget base classes loaded
[2025-12-14 13:57:43.070] [INFO] Loading services...
[2025-12-14 13:57:43.694] [INFO] Services loaded
[2025-12-14 13:57:43.713] [INFO] Loading helpers...
[2025-12-14 13:57:44.784] [INFO] Helpers loaded
[2025-12-14 13:57:44.798] [INFO] Loading widgets...
[2025-12-14 13:57:46.751] [INFO] Widgets loaded
[2025-12-14 13:57:46.756] [INFO] Loading screen base class...
[2025-12-14 13:57:46.822] [INFO] Screen base class loaded
[2025-12-14 13:57:46.859] [INFO] Loading HelpViewScreen (needed by base classes)...
[2025-12-14 13:57:47.171] [INFO] HelpViewScreen loaded
[2025-12-14 13:57:47.199] [INFO] Loading base classes...
[2025-12-14 13:57:47.584] [INFO] Base classes loaded
[2025-12-14 13:57:47.640] [INFO] Loading ServiceContainer (needed by screens)...
[2025-12-14 13:57:47.721] [INFO] ServiceContainer loaded
[2025-12-14 13:57:47.739] [INFO] Loading remaining screens...
[2025-12-14 13:57:48.012] [INFO] Remaining screens loaded
[2025-12-14 13:57:48.048] [INFO] Loading PmcApplication...
[2025-12-14 13:57:48.143] [INFO] PmcApplication loaded
[2025-12-14 13:57:48.162] [INFO] All components loaded successfully
[2025-12-14 13:57:48.209] [INFO] Starting PMC TUI with screen: TaskList
[2025-12-14 13:57:48.260] [INFO] Cleared stale PmcSharedMenuBar and MenuRegistry singleton
[2025-12-14 13:57:48.353] [INFO] Creating ServiceContainer...
[2025-12-14 13:57:48.412] [INFO] ServiceContainer created
[2025-12-14 13:57:48.438] [INFO] Registering Theme service...
[2025-12-14 13:57:48.536] ServiceContainer: Registered 'Theme' (singleton=True)
[2025-12-14 13:57:48.565] [INFO] Registering ThemeManager...
[2025-12-14 13:57:48.591] ServiceContainer: Registered 'ThemeManager' (singleton=True)
[2025-12-14 13:57:48.609] [INFO] Registering Config service...
[2025-12-14 13:57:48.680] ServiceContainer: Registered 'Config' (singleton=True)
[2025-12-14 13:57:48.708] [INFO] Registering TaskStore service...
[2025-12-14 13:57:48.738] ServiceContainer: Registered 'TaskStore' (singleton=True)
[2025-12-14 13:57:48.758] [INFO] Registering MenuRegistry service...
[2025-12-14 13:57:48.782] ServiceContainer: Registered 'MenuRegistry' (singleton=True)
[2025-12-14 13:57:48.811] [INFO] Registering Application service...
[2025-12-14 13:57:48.834] ServiceContainer: Registered 'Application' (singleton=True)
[2025-12-14 13:57:48.857] [INFO] Registering CommandService...
[2025-12-14 13:57:48.900] ServiceContainer: Registered 'CommandService' (singleton=True)
[2025-12-14 13:57:48.917] [INFO] Registering ChecklistService...
[2025-12-14 13:57:48.932] ServiceContainer: Registered 'ChecklistService' (singleton=True)
[2025-12-14 13:57:48.946] [INFO] Registering NoteService...
[2025-12-14 13:57:48.965] ServiceContainer: Registered 'NoteService' (singleton=True)
[2025-12-14 13:57:48.981] [INFO] Registering ExcelMappingService...
[2025-12-14 13:57:48.998] ServiceContainer: Registered 'ExcelMappingService' (singleton=True)
[2025-12-14 13:57:49.017] [INFO] Registering PreferencesService...
[2025-12-14 13:57:49.040] ServiceContainer: Registered 'PreferencesService' (singleton=True)
[2025-12-14 13:57:49.055] [INFO] Registering screen factories...
[2025-12-14 13:57:49.071] ServiceContainer: Registered 'TaskListScreen' (singleton=False)
[2025-12-14 13:57:49.088] [INFO] Resolving Application from container...
[2025-12-14 13:57:49.131] ServiceContainer: Resolving 'Application'...
[2025-12-14 13:57:49.153] [INFO] Resolving Application...
[2025-12-14 13:57:49.167] ServiceContainer: Resolving 'Theme'...
[2025-12-14 13:57:49.191] [INFO] Resolving Theme: Calling Initialize-PmcThemeSystem...
[2025-12-14 13:57:49.217] [INFO] Theme resolved: #33aaff
[2025-12-14 13:57:49.230] [INFO] Loading PmcThemeEngine...
[2025-12-14 13:57:49.369] [DEBUG] Palette [Primary] -> #228844 (R=34 G=136 B=68)
[2025-12-14 13:57:49.385] [DEBUG] Palette [Cursor] -> #228844 (R=34 G=136 B=68)
[2025-12-14 13:57:49.400] [DEBUG] Palette [Highlight] -> #228844 (R=34 G=136 B=68)
[2025-12-14 13:57:49.411] [DEBUG] Palette [Border] -> #185F30 (R=24 G=95 B=48)
[2025-12-14 13:57:49.425] [DEBUG] Palette [Muted] -> #5C8F6D (R=92 G=143 B=109)
[2025-12-14 13:57:49.439] [DEBUG] Palette [Label] -> #5C8F6D (R=92 G=143 B=109)
[2025-12-14 13:57:49.468] [DEBUG] Palette [Text] -> #C2EACF (R=194 G=234 B=207)
[2025-12-14 13:57:49.481] [DEBUG] Palette [Footer] -> #185F30 (R=24 G=95 B=48)
[2025-12-14 13:57:49.497] [DEBUG] Palette [Header] -> #228844 (R=34 G=136 B=68)
[2025-12-14 13:57:49.547] [DEBUG] Palette [Error] -> #BE2914 (R=190 G=41 B=20)
[2025-12-14 13:57:49.608] [DEBUG] Palette [Success] -> #2CB158 (R=44 G=177 B=88)
[2025-12-14 13:57:49.653] [DEBUG] Palette [Warning] -> #7FCA14 (R=127 G=202 B=20)
[2025-12-14 13:57:49.683] [DEBUG] Palette [Status] -> #5C8F6D (R=92 G=143 B=109)
[2025-12-14 13:57:49.699] [DEBUG] Palette [Bright] -> #2CB158 (R=44 G=177 B=88)
[2025-12-14 13:57:49.721] [INFO] LoadFromConfig: Loaded Properties with 16 items
[2025-12-14 13:57:49.744] [INFO] PmcThemeEngine initialized with PMC palette (14 colors)
[2025-12-14 13:57:49.758] ServiceContainer: Resolved 'Theme' successfully
[2025-12-14 13:57:49.883] ServiceContainer: Resolving 'ThemeManager'...
[2025-12-14 13:57:49.899] [INFO] Resolving ThemeManager...
[2025-12-14 13:57:50.096] ServiceContainer: Resolved 'ThemeManager' successfully
[2025-12-14 13:57:50.141] ServiceContainer: Resolved 'Application' successfully
[2025-12-14 13:57:50.159] [INFO] Application resolved and assigned to $global:PmcApp
[2025-12-14 13:57:50.177] [INFO] Loading menus from manifest...
[2025-12-14 13:57:50.211] ServiceContainer: Resolving 'MenuRegistry'...
[2025-12-14 13:57:50.237] [INFO] Resolving MenuRegistry...
[2025-12-14 13:57:50.266] ServiceContainer: Resolved 'MenuRegistry' successfully
[2025-12-14 13:57:50.313] MenuRegistry: Loaded manifest with 24 entries
[2025-12-14 13:57:50.354] ServiceContainer: Registered 'NotesMenuScreen' (singleton=False)
[2025-12-14 13:57:50.369] MenuRegistry: Registered screen factory 'NotesMenuScreen' in container (viewMode=)
[2025-12-14 13:57:50.397] MenuRegistry: Registered 'Notes' in 'Tools' menu (hotkey=N order=20)
[2025-12-14 13:57:50.418] ServiceContainer: Registered 'KanbanScreenV2' (singleton=False)
[2025-12-14 13:57:50.433] MenuRegistry: Registered screen factory 'KanbanScreenV2' in container (viewMode=)
[2025-12-14 13:57:50.450] MenuRegistry: Registered 'Kanban Board' in 'Tasks' menu (hotkey=K order=55)
[2025-12-14 13:57:50.464] ServiceContainer: Registered 'ChecklistsLauncherScreen' (singleton=False)
[2025-12-14 13:57:50.478] MenuRegistry: Registered screen factory 'ChecklistsLauncherScreen' in container (viewMode=)
[2025-12-14 13:57:50.496] MenuRegistry: Registered 'Checklists' in 'Tools' menu (hotkey=C order=25)
[2025-12-14 13:57:50.510] ServiceContainer: Registered 'ProjectListScreen' (singleton=False)
[2025-12-14 13:57:50.523] MenuRegistry: Registered screen factory 'ProjectListScreen' in container (viewMode=)
[2025-12-14 13:57:50.534] MenuRegistry: Registered 'Project List' in 'Projects' menu (hotkey=L order=10)
[2025-12-14 13:57:50.547] ServiceContainer: Registered 'ExcelImportScreen' (singleton=False)
[2025-12-14 13:57:50.561] MenuRegistry: Registered screen factory 'ExcelImportScreen' in container (viewMode=)
[2025-12-14 13:57:50.582] MenuRegistry: Registered 'Import from Excel' in 'Projects' menu (hotkey=I order=40)
[2025-12-14 13:57:50.598] ServiceContainer: Registered 'TaskListScreen_Today' (singleton=False)
[2025-12-14 13:57:50.610] MenuRegistry: Registered screen factory 'TaskListScreen_Today' in container (viewMode=today)
[2025-12-14 13:57:50.624] MenuRegistry: Registered 'Today' in 'Tasks' menu (hotkey=Y order=10)
[2025-12-14 13:57:50.639] ServiceContainer: Registered 'TaskListScreen_Default' (singleton=False)
[2025-12-14 13:57:50.655] MenuRegistry: Registered screen factory 'TaskListScreen_Default' in container (viewMode=)
[2025-12-14 13:57:50.673] MenuRegistry: Registered 'Task List' in 'Tasks' menu (hotkey=L order=5)
[2025-12-14 13:57:50.687] ServiceContainer: Registered 'CommandLibraryScreen' (singleton=False)
[2025-12-14 13:57:50.700] MenuRegistry: Registered screen factory 'CommandLibraryScreen' in container (viewMode=)
[2025-12-14 13:57:50.713] MenuRegistry: Registered 'Command Library' in 'Tools' menu (hotkey=L order=10)
[2025-12-14 13:57:50.727] ServiceContainer: Registered 'HelpViewScreen' (singleton=False)
[2025-12-14 13:57:50.738] MenuRegistry: Registered screen factory 'HelpViewScreen' in container (viewMode=)
[2025-12-14 13:57:50.750] MenuRegistry: Registered 'Help' in 'Help' menu (hotkey=H order=10)
[2025-12-14 13:57:50.762] ServiceContainer: Registered 'ChecklistTemplatesFolderScreen' (singleton=False)
[2025-12-14 13:57:50.773] MenuRegistry: Registered screen factory 'ChecklistTemplatesFolderScreen' in container (viewMode=)
[2025-12-14 13:57:50.785] MenuRegistry: Registered 'Checklist Templates' in 'Tools' menu (hotkey=H order=30)
[2025-12-14 13:57:50.798] ServiceContainer: Registered 'TaskListScreen_Month' (singleton=False)
[2025-12-14 13:57:50.810] MenuRegistry: Registered screen factory 'TaskListScreen_Month' in container (viewMode=month)
[2025-12-14 13:57:50.822] MenuRegistry: Registered 'Month View' in 'Tasks' menu (hotkey=M order=45)
[2025-12-14 13:57:50.836] ServiceContainer: Registered 'ExcelProfileManagerScreen' (singleton=False)
[2025-12-14 13:57:50.849] MenuRegistry: Registered screen factory 'ExcelProfileManagerScreen' in container (viewMode=)
[2025-12-14 13:57:50.862] MenuRegistry: Registered 'Excel Profiles' in 'Projects' menu (hotkey=M order=50)
[2025-12-14 13:57:50.875] ServiceContainer: Registered 'TimeReportScreen' (singleton=False)
[2025-12-14 13:57:50.886] MenuRegistry: Registered screen factory 'TimeReportScreen' in container (viewMode=)
[2025-12-14 13:57:50.897] MenuRegistry: Registered 'Time Report' in 'Time' menu (hotkey=R order=20)
[2025-12-14 13:57:50.941] ServiceContainer: Registered 'TaskListScreen_Overdue' (singleton=False)
[2025-12-14 13:57:50.965] MenuRegistry: Registered screen factory 'TaskListScreen_Overdue' in container (viewMode=overdue)
[2025-12-14 13:57:50.983] MenuRegistry: Registered 'Overdue' in 'Tasks' menu (hotkey=O order=30)
[2025-12-14 13:57:50.999] ServiceContainer: Registered 'TaskListScreen_Week' (singleton=False)
[2025-12-14 13:57:51.016] MenuRegistry: Registered screen factory 'TaskListScreen_Week' in container (viewMode=week)
[2025-12-14 13:57:51.032] MenuRegistry: Registered 'Week View' in 'Tasks' menu (hotkey=W order=20)
[2025-12-14 13:57:51.046] ServiceContainer: Registered 'TaskListScreen_Agenda' (singleton=False)
[2025-12-14 13:57:51.059] MenuRegistry: Registered screen factory 'TaskListScreen_Agenda' in container (viewMode=agenda)
[2025-12-14 13:57:51.078] MenuRegistry: Registered 'Agenda View' in 'Tasks' menu (hotkey=A order=50)
[2025-12-14 13:57:51.093] ServiceContainer: Registered 'WeeklyTimeReportScreen' (singleton=False)
[2025-12-14 13:57:51.107] MenuRegistry: Registered screen factory 'WeeklyTimeReportScreen' in container (viewMode=)
[2025-12-14 13:57:51.119] MenuRegistry: Registered 'Weekly Report' in 'Time' menu (hotkey=W order=10)
[2025-12-14 13:57:51.130] ServiceContainer: Registered 'SettingsScreen' (singleton=False)
[2025-12-14 13:57:51.142] MenuRegistry: Registered screen factory 'SettingsScreen' in container (viewMode=)
[2025-12-14 13:57:51.157] MenuRegistry: Registered 'Settings' in 'Options' menu (hotkey=S order=20)
[2025-12-14 13:57:51.170] ServiceContainer: Registered 'TimeListScreen' (singleton=False)
[2025-12-14 13:57:51.181] MenuRegistry: Registered screen factory 'TimeListScreen' in container (viewMode=)
[2025-12-14 13:57:51.194] MenuRegistry: Registered 'Time Tracking' in 'Time' menu (hotkey=T order=5)
[2025-12-14 13:57:51.206] ServiceContainer: Registered 'TaskListScreen_NextActions' (singleton=False)
[2025-12-14 13:57:51.219] MenuRegistry: Registered screen factory 'TaskListScreen_NextActions' in container (viewMode=nextactions)
[2025-12-14 13:57:51.232] MenuRegistry: Registered 'Next Actions' in 'Tasks' menu (hotkey=N order=35)
[2025-12-14 13:57:51.244] ServiceContainer: Registered 'ThemeEditorScreen' (singleton=False)
[2025-12-14 13:57:51.255] MenuRegistry: Registered screen factory 'ThemeEditorScreen' in container (viewMode=)
[2025-12-14 13:57:51.272] MenuRegistry: Registered 'Theme Editor' in 'Options' menu (hotkey=T order=10)
[2025-12-14 13:57:51.285] ServiceContainer: Registered 'TaskListScreen_Tomorrow' (singleton=False)
[2025-12-14 13:57:51.296] MenuRegistry: Registered screen factory 'TaskListScreen_Tomorrow' in container (viewMode=tomorrow)
[2025-12-14 13:57:51.310] MenuRegistry: Registered 'Tomorrow' in 'Tasks' menu (hotkey=T order=15)
[2025-12-14 13:57:51.325] ServiceContainer: Registered 'TaskListScreen_NoDate' (singleton=False)
[2025-12-14 13:57:51.337] MenuRegistry: Registered screen factory 'TaskListScreen_NoDate' in container (viewMode=noduedate)
[2025-12-14 13:57:51.354] MenuRegistry: Registered 'No Due Date' in 'Tasks' menu (hotkey=D order=40)
[2025-12-14 13:57:51.376] ServiceContainer: Registered 'TaskListScreen_Upcoming' (singleton=False)
[2025-12-14 13:57:51.390] MenuRegistry: Registered screen factory 'TaskListScreen_Upcoming' in container (viewMode=upcoming)
[2025-12-14 13:57:51.402] MenuRegistry: Registered 'Upcoming' in 'Tasks' menu (hotkey=U order=25)
[2025-12-14 13:57:51.416] [INFO] Menus loaded from C:\Users\jhnhe\OneDrive\Documents\GitHub\project-management-console\og_transport\HYBRID\module\Pmc.Strict\consoleui\screens\MenuItems.psd1
[2025-12-14 13:57:51.431] [INFO] Launching screen: TaskList
[2025-12-14 13:57:51.448] [INFO] Resolving TaskListScreen from container...
[2025-12-14 13:57:51.461] ServiceContainer: Resolving 'TaskListScreen'...
[2025-12-14 13:57:51.477] [INFO] Resolving TaskListScreen...
[2025-12-14 13:57:51.488] ServiceContainer: Resolving 'TaskStore'...
[2025-12-14 13:57:51.504] [INFO] Resolving TaskStore...
[2025-12-14 13:57:51.561] [DEBUG] TaskStore.LoadData: Starting
[2025-12-14 13:57:51.578] [DEBUG] TaskStore.LoadData: Calling Get-PmcData
[2025-12-14 13:57:52.048] [DEBUG] TaskStore.LoadData: Get-PmcData returned - tasks=4 projects=2 timelogs=3
[2025-12-14 13:57:52.077] [DEBUG] TaskStore.LoadData: Loaded 4 tasks
[2025-12-14 13:57:52.101] [DEBUG] TaskStore.LoadData: Loaded 2 projects
[2025-12-14 13:57:52.140] [DEBUG] TaskStore.LoadData: First project name='p1' ID1='111'
[2025-12-14 13:57:52.171] ServiceContainer: Resolved 'TaskStore' successfully
[2025-12-14 13:57:53.133] [DEBUG] PmcScreen.AddContentWidget: Adding UniversalList (Total: 1)
[2025-12-14 13:57:53.177] [DEBUG] TaskListScreen: Constructor started
[2025-12-14 13:57:53.231] _PopulateMenusFromRegistry: Menu 'Help' has 1 items from registry (array)
[2025-12-14 13:57:53.257] _PopulateMenusFromRegistry: Menu 'Projects' has 3 items from registry (array)
[2025-12-14 13:57:53.280] _PopulateMenusFromRegistry: Menu 'Tools' has 4 items from registry (array)
[2025-12-14 13:57:53.325] _PopulateMenusFromRegistry: Menu 'Time' has 3 items from registry (array)
[2025-12-14 13:57:53.373] _PopulateMenusFromRegistry: Menu 'Tasks' has 11 items from registry (array)
[2025-12-14 13:57:53.397] _PopulateMenusFromRegistry: Menu 'Options' has 2 items from registry (array)
[2025-12-14 13:57:53.417] [DEBUG] TaskListScreen: Constructor completed
[2025-12-14 13:57:53.439] ServiceContainer: Resolved 'TaskListScreen' successfully
[2025-12-14 13:57:53.476] [INFO] Pushing screen to app...
[2025-12-14 13:57:54.240] [DEBUG] LoadData: Got 4 tasks from Store
[2025-12-14 13:57:54.396] [DEBUG] TaskListScreen.LoadData: Setting 4 tasks
[2025-12-14 13:57:54.423] [DEBUG] UniversalList.SetData: START
[2025-12-14 13:57:54.509] [DEBUG] UniversalList.SetData: COMPLETE (4 items)
[2025-12-14 13:57:54.678] [INFO] Screen pushed successfully
[2025-12-14 13:57:54.700] [INFO] Starting event loop...
[2025-12-14 13:57:55.507] [DEBUG] PmcScreen: Calling RenderToEngine on UniversalList
[2025-12-14 13:58:54.654] [DEBUG] PmcScreen: Calling RenderToEngine on UniversalList
