[2025-12-13 14:23:10.687] [INFO] Loading PMC module...
[2025-12-13 14:23:12.445] [INFO] PMC module loaded
[2025-12-13 14:23:12.447] [INFO] Loading dependencies (FieldSchemas, etc.)...
[2025-12-13 14:23:12.599] [INFO] Dependencies loaded
[2025-12-13 14:23:12.613] [INFO] Loading SpeedTUI framework...
[2025-12-13 14:23:12.957] [INFO] SpeedTUI framework loaded
[2025-12-13 14:23:12.971] [INFO] Loading PraxisVT...
[2025-12-13 14:23:12.992] [INFO] PraxisVT loaded
[2025-12-13 14:23:13.004] [INFO] Loading core dependencies...
[2025-12-13 14:23:13.088] [INFO] Core dependencies loaded
[2025-12-13 14:23:13.101] [INFO] Loading widget base classes...
[2025-12-13 14:23:13.181] [INFO] Widget base classes loaded
[2025-12-13 14:23:13.195] [INFO] Loading services...
[2025-12-13 14:23:13.374] [INFO] Services loaded
[2025-12-13 14:23:13.386] [INFO] Loading helpers...
[2025-12-13 14:23:14.327] [INFO] Helpers loaded
[2025-12-13 14:23:14.328] [INFO] Loading widgets...
[2025-12-13 14:23:15.193] [INFO] Widgets loaded
[2025-12-13 14:23:15.195] [INFO] Loading screen base class...
[2025-12-13 14:23:15.248] [INFO] Screen base class loaded
[2025-12-13 14:23:15.258] [INFO] Loading HelpViewScreen (needed by base classes)...
[2025-12-13 14:23:15.305] [INFO] HelpViewScreen loaded
[2025-12-13 14:23:15.317] [INFO] Loading base classes...
[2025-12-13 14:23:15.536] [INFO] Base classes loaded
[2025-12-13 14:23:15.551] [INFO] Loading ServiceContainer (needed by screens)...
[2025-12-13 14:23:15.593] [INFO] ServiceContainer loaded
[2025-12-13 14:23:15.604] [INFO] Loading remaining screens...
[2025-12-13 14:23:15.821] [INFO] Remaining screens loaded
[2025-12-13 14:23:15.831] [INFO] Loading PmcApplication...
[2025-12-13 14:23:15.907] [INFO] PmcApplication loaded
[2025-12-13 14:23:15.925] [INFO] All components loaded successfully
[2025-12-13 14:23:15.952] [INFO] Starting PMC TUI with screen: TaskList
[2025-12-13 14:23:15.968] [INFO] Cleared stale PmcSharedMenuBar and MenuRegistry singleton
[2025-12-13 14:23:15.980] [INFO] Creating ServiceContainer...
[2025-12-13 14:23:15.998] [INFO] ServiceContainer created
[2025-12-13 14:23:16.011] [INFO] Registering Theme service...
[2025-12-13 14:23:16.035] ServiceContainer: Registered 'Theme' (singleton=True)
[2025-12-13 14:23:16.055] [INFO] Registering ThemeManager...
[2025-12-13 14:23:16.068] ServiceContainer: Registered 'ThemeManager' (singleton=True)
[2025-12-13 14:23:16.083] [INFO] Registering Config service...
[2025-12-13 14:23:16.096] ServiceContainer: Registered 'Config' (singleton=True)
[2025-12-13 14:23:16.107] [INFO] Registering TaskStore service...
[2025-12-13 14:23:16.119] ServiceContainer: Registered 'TaskStore' (singleton=True)
[2025-12-13 14:23:16.131] [INFO] Registering MenuRegistry service...
[2025-12-13 14:23:16.143] ServiceContainer: Registered 'MenuRegistry' (singleton=True)
[2025-12-13 14:23:16.156] [INFO] Registering Application service...
[2025-12-13 14:23:16.168] ServiceContainer: Registered 'Application' (singleton=True)
[2025-12-13 14:23:16.182] [INFO] Registering CommandService...
[2025-12-13 14:23:16.194] ServiceContainer: Registered 'CommandService' (singleton=True)
[2025-12-13 14:23:16.205] [INFO] Registering ChecklistService...
[2025-12-13 14:23:16.235] ServiceContainer: Registered 'ChecklistService' (singleton=True)
[2025-12-13 14:23:16.247] [INFO] Registering NoteService...
[2025-12-13 14:23:16.260] ServiceContainer: Registered 'NoteService' (singleton=True)
[2025-12-13 14:23:16.271] [INFO] Registering ExcelMappingService...
[2025-12-13 14:23:16.283] ServiceContainer: Registered 'ExcelMappingService' (singleton=True)
[2025-12-13 14:23:16.299] [INFO] Registering PreferencesService...
[2025-12-13 14:23:16.311] ServiceContainer: Registered 'PreferencesService' (singleton=True)
[2025-12-13 14:23:16.324] [INFO] Registering screen factories...
[2025-12-13 14:23:16.335] ServiceContainer: Registered 'TaskListScreen' (singleton=False)
[2025-12-13 14:23:16.346] [INFO] Resolving Application from container...
[2025-12-13 14:23:16.367] ServiceContainer: Resolving 'Application'...
[2025-12-13 14:23:16.381] [INFO] Resolving Application...
[2025-12-13 14:23:16.392] ServiceContainer: Resolving 'Theme'...
[2025-12-13 14:23:16.427] [INFO] Resolving Theme: Calling Initialize-PmcThemeSystem...
[2025-12-13 14:23:16.446] [INFO] Theme resolved: #33aaff
[2025-12-13 14:23:16.457] [INFO] Loading PmcThemeEngine...
[2025-12-13 14:23:16.561] [DEBUG] Palette [Border] -> #185F30 (R=24 G=95 B=48)
[2025-12-13 14:23:16.576] [DEBUG] Palette [Muted] -> #5C8F6D (R=92 G=143 B=109)
[2025-12-13 14:23:16.589] [DEBUG] Palette [Header] -> #228844 (R=34 G=136 B=68)
[2025-12-13 14:23:16.600] [DEBUG] Palette [Error] -> #BE2914 (R=190 G=41 B=20)
[2025-12-13 14:23:16.611] [DEBUG] Palette [Text] -> #C2EACF (R=194 G=234 B=207)
[2025-12-13 14:23:16.623] [DEBUG] Palette [Cursor] -> #228844 (R=34 G=136 B=68)
[2025-12-13 14:23:16.632] [DEBUG] Palette [Footer] -> #185F30 (R=24 G=95 B=48)
[2025-12-13 14:23:16.642] [DEBUG] Palette [Highlight] -> #228844 (R=34 G=136 B=68)
[2025-12-13 14:23:16.654] [DEBUG] Palette [Primary] -> #228844 (R=34 G=136 B=68)
[2025-12-13 14:23:16.666] [DEBUG] Palette [Bright] -> #2CB158 (R=44 G=177 B=88)
[2025-12-13 14:23:16.680] [DEBUG] Palette [Success] -> #2CB158 (R=44 G=177 B=88)
[2025-12-13 14:23:16.699] [DEBUG] Palette [Status] -> #5C8F6D (R=92 G=143 B=109)
[2025-12-13 14:23:16.711] [DEBUG] Palette [Label] -> #5C8F6D (R=92 G=143 B=109)
[2025-12-13 14:23:16.723] [DEBUG] Palette [Warning] -> #7FCA14 (R=127 G=202 B=20)
[2025-12-13 14:23:16.741] [INFO] LoadFromConfig: Loaded Properties with 16 items
[2025-12-13 14:23:16.759] [INFO] PmcThemeEngine initialized with PMC palette (14 colors)
[2025-12-13 14:23:16.771] ServiceContainer: Resolved 'Theme' successfully
[2025-12-13 14:23:17.138] ServiceContainer: Resolving 'ThemeManager'...
[2025-12-13 14:23:17.151] [INFO] Resolving ThemeManager...
[2025-12-13 14:23:17.234] ServiceContainer: Resolved 'ThemeManager' successfully
[2025-12-13 14:23:17.251] ServiceContainer: Resolved 'Application' successfully
[2025-12-13 14:23:17.262] [INFO] Application resolved and assigned to $global:PmcApp
[2025-12-13 14:23:17.275] [INFO] Loading menus from manifest...
[2025-12-13 14:23:17.287] ServiceContainer: Resolving 'MenuRegistry'...
[2025-12-13 14:23:17.306] [INFO] Resolving MenuRegistry...
[2025-12-13 14:23:17.329] ServiceContainer: Resolved 'MenuRegistry' successfully
[2025-12-13 14:23:17.353] MenuRegistry: Loaded manifest with 24 entries
[2025-12-13 14:23:17.380] ServiceContainer: Registered 'TaskListScreen_Today' (singleton=False)
[2025-12-13 14:23:17.391] MenuRegistry: Registered screen factory 'TaskListScreen_Today' in container (viewMode=today)
[2025-12-13 14:23:17.412] MenuRegistry: Registered 'Today' in 'Tasks' menu (hotkey=Y order=10)
[2025-12-13 14:23:17.427] ServiceContainer: Registered 'ChecklistsLauncherScreen' (singleton=False)
[2025-12-13 14:23:17.439] MenuRegistry: Registered screen factory 'ChecklistsLauncherScreen' in container (viewMode=)
[2025-12-13 14:23:17.450] MenuRegistry: Registered 'Checklists' in 'Tools' menu (hotkey=C order=25)
[2025-12-13 14:23:17.462] ServiceContainer: Registered 'CommandLibraryScreen' (singleton=False)
[2025-12-13 14:23:17.476] MenuRegistry: Registered screen factory 'CommandLibraryScreen' in container (viewMode=)
[2025-12-13 14:23:17.488] MenuRegistry: Registered 'Command Library' in 'Tools' menu (hotkey=L order=10)
[2025-12-13 14:23:17.500] ServiceContainer: Registered 'TaskListScreen_NextActions' (singleton=False)
[2025-12-13 14:23:17.513] MenuRegistry: Registered screen factory 'TaskListScreen_NextActions' in container (viewMode=nextactions)
[2025-12-13 14:23:17.524] MenuRegistry: Registered 'Next Actions' in 'Tasks' menu (hotkey=N order=35)
[2025-12-13 14:23:17.535] ServiceContainer: Registered 'SettingsScreen' (singleton=False)
[2025-12-13 14:23:17.551] MenuRegistry: Registered screen factory 'SettingsScreen' in container (viewMode=)
[2025-12-13 14:23:17.565] MenuRegistry: Registered 'Settings' in 'Options' menu (hotkey=S order=20)
[2025-12-13 14:23:17.581] ServiceContainer: Registered 'TaskListScreen_Agenda' (singleton=False)
[2025-12-13 14:23:17.591] MenuRegistry: Registered screen factory 'TaskListScreen_Agenda' in container (viewMode=agenda)
[2025-12-13 14:23:17.602] MenuRegistry: Registered 'Agenda View' in 'Tasks' menu (hotkey=A order=50)
[2025-12-13 14:23:17.614] ServiceContainer: Registered 'TimeReportScreen' (singleton=False)
[2025-12-13 14:23:17.625] MenuRegistry: Registered screen factory 'TimeReportScreen' in container (viewMode=)
[2025-12-13 14:23:17.636] MenuRegistry: Registered 'Time Report' in 'Time' menu (hotkey=R order=20)
[2025-12-13 14:23:17.648] ServiceContainer: Registered 'TimeListScreen' (singleton=False)
[2025-12-13 14:23:17.660] MenuRegistry: Registered screen factory 'TimeListScreen' in container (viewMode=)
[2025-12-13 14:23:17.682] MenuRegistry: Registered 'Time Tracking' in 'Time' menu (hotkey=T order=5)
[2025-12-13 14:23:17.734] ServiceContainer: Registered 'ExcelProfileManagerScreen' (singleton=False)
[2025-12-13 14:23:17.760] MenuRegistry: Registered screen factory 'ExcelProfileManagerScreen' in container (viewMode=)
[2025-12-13 14:23:17.783] MenuRegistry: Registered 'Excel Profiles' in 'Projects' menu (hotkey=M order=50)
[2025-12-13 14:23:17.802] ServiceContainer: Registered 'TaskListScreen_Week' (singleton=False)
[2025-12-13 14:23:17.824] MenuRegistry: Registered screen factory 'TaskListScreen_Week' in container (viewMode=week)
[2025-12-13 14:23:17.844] MenuRegistry: Registered 'Week View' in 'Tasks' menu (hotkey=W order=20)
[2025-12-13 14:23:17.861] ServiceContainer: Registered 'TaskListScreen_NoDate' (singleton=False)
[2025-12-13 14:23:17.883] MenuRegistry: Registered screen factory 'TaskListScreen_NoDate' in container (viewMode=noduedate)
[2025-12-13 14:23:17.901] MenuRegistry: Registered 'No Due Date' in 'Tasks' menu (hotkey=D order=40)
[2025-12-13 14:23:17.922] ServiceContainer: Registered 'TaskListScreen_Tomorrow' (singleton=False)
[2025-12-13 14:23:17.939] MenuRegistry: Registered screen factory 'TaskListScreen_Tomorrow' in container (viewMode=tomorrow)
[2025-12-13 14:23:17.958] MenuRegistry: Registered 'Tomorrow' in 'Tasks' menu (hotkey=T order=15)
[2025-12-13 14:23:17.978] ServiceContainer: Registered 'TaskListScreen_Overdue' (singleton=False)
[2025-12-13 14:23:18.000] MenuRegistry: Registered screen factory 'TaskListScreen_Overdue' in container (viewMode=overdue)
[2025-12-13 14:23:18.023] MenuRegistry: Registered 'Overdue' in 'Tasks' menu (hotkey=O order=30)
[2025-12-13 14:23:18.047] ServiceContainer: Registered 'ProjectListScreen' (singleton=False)
[2025-12-13 14:23:18.075] MenuRegistry: Registered screen factory 'ProjectListScreen' in container (viewMode=)
[2025-12-13 14:23:18.111] MenuRegistry: Registered 'Project List' in 'Projects' menu (hotkey=L order=10)
[2025-12-13 14:23:18.136] ServiceContainer: Registered 'ExcelImportScreen' (singleton=False)
[2025-12-13 14:23:18.153] MenuRegistry: Registered screen factory 'ExcelImportScreen' in container (viewMode=)
[2025-12-13 14:23:18.177] MenuRegistry: Registered 'Import from Excel' in 'Projects' menu (hotkey=I order=40)
[2025-12-13 14:23:18.193] ServiceContainer: Registered 'TaskListScreen_Default' (singleton=False)
[2025-12-13 14:23:18.211] MenuRegistry: Registered screen factory 'TaskListScreen_Default' in container (viewMode=)
[2025-12-13 14:23:18.228] MenuRegistry: Registered 'Task List' in 'Tasks' menu (hotkey=L order=5)
[2025-12-13 14:23:18.245] ServiceContainer: Registered 'WeeklyTimeReportScreen' (singleton=False)
[2025-12-13 14:23:18.262] MenuRegistry: Registered screen factory 'WeeklyTimeReportScreen' in container (viewMode=)
[2025-12-13 14:23:18.280] MenuRegistry: Registered 'Weekly Report' in 'Time' menu (hotkey=W order=10)
[2025-12-13 14:23:18.298] ServiceContainer: Registered 'ChecklistTemplatesFolderScreen' (singleton=False)
[2025-12-13 14:23:18.313] MenuRegistry: Registered screen factory 'ChecklistTemplatesFolderScreen' in container (viewMode=)
[2025-12-13 14:23:18.329] MenuRegistry: Registered 'Checklist Templates' in 'Tools' menu (hotkey=H order=30)
[2025-12-13 14:23:18.346] ServiceContainer: Registered 'TaskListScreen_Upcoming' (singleton=False)
[2025-12-13 14:23:18.361] MenuRegistry: Registered screen factory 'TaskListScreen_Upcoming' in container (viewMode=upcoming)
[2025-12-13 14:23:18.377] MenuRegistry: Registered 'Upcoming' in 'Tasks' menu (hotkey=U order=25)
[2025-12-13 14:23:18.395] ServiceContainer: Registered 'HelpViewScreen' (singleton=False)
[2025-12-13 14:23:18.410] MenuRegistry: Registered screen factory 'HelpViewScreen' in container (viewMode=)
[2025-12-13 14:23:18.428] MenuRegistry: Registered 'Help' in 'Help' menu (hotkey=H order=10)
[2025-12-13 14:23:18.444] ServiceContainer: Registered 'KanbanScreenV2' (singleton=False)
[2025-12-13 14:23:18.464] MenuRegistry: Registered screen factory 'KanbanScreenV2' in container (viewMode=)
[2025-12-13 14:23:18.479] MenuRegistry: Registered 'Kanban Board' in 'Tasks' menu (hotkey=K order=55)
[2025-12-13 14:23:18.496] ServiceContainer: Registered 'NotesMenuScreen' (singleton=False)
[2025-12-13 14:23:18.517] MenuRegistry: Registered screen factory 'NotesMenuScreen' in container (viewMode=)
[2025-12-13 14:23:18.536] MenuRegistry: Registered 'Notes' in 'Tools' menu (hotkey=N order=20)
[2025-12-13 14:23:18.560] ServiceContainer: Registered 'TaskListScreen_Month' (singleton=False)
[2025-12-13 14:23:18.581] MenuRegistry: Registered screen factory 'TaskListScreen_Month' in container (viewMode=month)
[2025-12-13 14:23:18.594] MenuRegistry: Registered 'Month View' in 'Tasks' menu (hotkey=M order=45)
[2025-12-13 14:23:18.606] ServiceContainer: Registered 'ThemeEditorScreen' (singleton=False)
[2025-12-13 14:23:18.621] MenuRegistry: Registered screen factory 'ThemeEditorScreen' in container (viewMode=)
[2025-12-13 14:23:18.645] MenuRegistry: Registered 'Theme Editor' in 'Options' menu (hotkey=T order=10)
[2025-12-13 14:23:18.663] [INFO] Menus loaded from C:\Users\jhnhe\OneDrive\Documents\GitHub\project-management-console\og_transport\HYBRID\module\Pmc.Strict\consoleui\screens\MenuItems.psd1
[2025-12-13 14:23:18.682] [INFO] Launching screen: TaskList
[2025-12-13 14:23:18.705] [INFO] Resolving TaskListScreen from container...
[2025-12-13 14:23:18.733] ServiceContainer: Resolving 'TaskListScreen'...
[2025-12-13 14:23:18.767] [INFO] Resolving TaskListScreen...
[2025-12-13 14:23:18.785] ServiceContainer: Resolving 'TaskStore'...
[2025-12-13 14:23:18.834] [INFO] Resolving TaskStore...
[2025-12-13 14:23:18.882] [DEBUG] TaskStore.LoadData: Starting
[2025-12-13 14:23:18.900] [DEBUG] TaskStore.LoadData: Calling Get-PmcData
[2025-12-13 14:23:19.331] [DEBUG] TaskStore.LoadData: Get-PmcData returned - tasks=4 projects=2 timelogs=3
[2025-12-13 14:23:19.369] [DEBUG] TaskStore.LoadData: Loaded 4 tasks
[2025-12-13 14:23:19.396] [DEBUG] TaskStore.LoadData: Loaded 2 projects
[2025-12-13 14:23:19.432] [DEBUG] TaskStore.LoadData: First project name='p1' ID1='111'
[2025-12-13 14:23:19.460] ServiceContainer: Resolved 'TaskStore' successfully
[2025-12-13 14:23:20.036] MenuRegistry: Loaded manifest with 24 entries
[2025-12-13 14:23:20.049] MenuRegistry: Registered 'Today' in 'Tasks' menu (hotkey=Y order=10)
[2025-12-13 14:23:20.059] MenuRegistry: Registered 'Checklists' in 'Tools' menu (hotkey=C order=25)
[2025-12-13 14:23:20.070] MenuRegistry: Registered 'Command Library' in 'Tools' menu (hotkey=L order=10)
[2025-12-13 14:23:20.080] MenuRegistry: Registered 'Next Actions' in 'Tasks' menu (hotkey=N order=35)
[2025-12-13 14:23:20.091] MenuRegistry: Registered 'Settings' in 'Options' menu (hotkey=S order=20)
[2025-12-13 14:23:20.102] MenuRegistry: Registered 'Agenda View' in 'Tasks' menu (hotkey=A order=50)
[2025-12-13 14:23:20.113] MenuRegistry: Registered 'Time Report' in 'Time' menu (hotkey=R order=20)
[2025-12-13 14:23:20.124] MenuRegistry: Registered 'Time Tracking' in 'Time' menu (hotkey=T order=5)
[2025-12-13 14:23:20.135] MenuRegistry: Registered 'Excel Profiles' in 'Projects' menu (hotkey=M order=50)
[2025-12-13 14:23:20.146] MenuRegistry: Registered 'Week View' in 'Tasks' menu (hotkey=W order=20)
[2025-12-13 14:23:20.157] MenuRegistry: Registered 'No Due Date' in 'Tasks' menu (hotkey=D order=40)
[2025-12-13 14:23:20.167] MenuRegistry: Registered 'Tomorrow' in 'Tasks' menu (hotkey=T order=15)
[2025-12-13 14:23:20.178] MenuRegistry: Registered 'Overdue' in 'Tasks' menu (hotkey=O order=30)
[2025-12-13 14:23:20.190] MenuRegistry: Registered 'Project List' in 'Projects' menu (hotkey=L order=10)
[2025-12-13 14:23:20.202] MenuRegistry: Registered 'Import from Excel' in 'Projects' menu (hotkey=I order=40)
[2025-12-13 14:23:20.213] MenuRegistry: Registered 'Task List' in 'Tasks' menu (hotkey=L order=5)
[2025-12-13 14:23:20.224] MenuRegistry: Registered 'Weekly Report' in 'Time' menu (hotkey=W order=10)
[2025-12-13 14:23:20.236] MenuRegistry: Registered 'Checklist Templates' in 'Tools' menu (hotkey=H order=30)
[2025-12-13 14:23:20.247] MenuRegistry: Registered 'Upcoming' in 'Tasks' menu (hotkey=U order=25)
[2025-12-13 14:23:20.257] MenuRegistry: Registered 'Help' in 'Help' menu (hotkey=H order=10)
[2025-12-13 14:23:20.269] MenuRegistry: Registered 'Kanban Board' in 'Tasks' menu (hotkey=K order=55)
[2025-12-13 14:23:20.284] MenuRegistry: Registered 'Notes' in 'Tools' menu (hotkey=N order=20)
[2025-12-13 14:23:20.301] MenuRegistry: Registered 'Month View' in 'Tasks' menu (hotkey=M order=45)
[2025-12-13 14:23:20.315] MenuRegistry: Registered 'Theme Editor' in 'Options' menu (hotkey=T order=10)
[2025-12-13 14:23:20.361] _PopulateMenusFromRegistry: Menu 'Time' has 3 items from registry (array)
[2025-12-13 14:23:20.405] _PopulateMenusFromRegistry: Menu 'Projects' has 3 items from registry (array)
[2025-12-13 14:23:20.424] _PopulateMenusFromRegistry: Menu 'Tools' has 4 items from registry (array)
[2025-12-13 14:23:20.452] _PopulateMenusFromRegistry: Menu 'Tasks' has 11 items from registry (array)
[2025-12-13 14:23:20.476] _PopulateMenusFromRegistry: Menu 'Help' has 1 items from registry (array)
[2025-12-13 14:23:20.502] _PopulateMenusFromRegistry: Menu 'Options' has 2 items from registry (array)
[2025-12-13 14:23:20.581] ServiceContainer: Resolved 'TaskListScreen' successfully
[2025-12-13 14:23:20.613] [INFO] Pushing screen to app...
[2025-12-13 14:23:21.211] [DEBUG] LoadData: Got 4 tasks from Store
[2025-12-13 14:23:21.436] [DEBUG] TaskListScreen.LoadData: Setting 4 tasks
[2025-12-13 14:23:21.459] [INFO] UniversalList.SetData: START, data param type=System.Object[]
[2025-12-13 14:23:21.474] [INFO] UniversalList.SetData: About to assign _data
[2025-12-13 14:23:21.490] [INFO] UniversalList.SetData: _data assigned successfully
[2025-12-13 14:23:21.501] [INFO] UniversalList.SetData: About to check _data type
[2025-12-13 14:23:21.517] [INFO] UniversalList.SetData: _data type=System.Object[]
[2025-12-13 14:23:21.532] [INFO] UniversalList.SetData: About to access _data.Count
[2025-12-13 14:23:21.555] [INFO] UniversalList.SetData: _data.Count=4
[2025-12-13 14:23:21.615] [INFO] UniversalList.SetData: _filteredData assigned
[2025-12-13 14:23:21.639] [INFO] UniversalList.SetData: About to clear _selectedIndices
[2025-12-13 14:23:21.661] [INFO] UniversalList.SetData: _selectedIndices cleared
[2025-12-13 14:23:21.680] [INFO] UniversalList.SetData: Received 4 items
[2025-12-13 14:23:21.708] [INFO] UniversalList.SetData: First item type=Hashtable isHashtable=True
[2025-12-13 14:23:21.723] [INFO] UniversalList.SetData: First item keys: priority, tags, status, project, details, due, text, created, id, completed, modified
[2025-12-13 14:23:21.743] [INFO] UniversalList.SetData: Incrementing cache generation
[2025-12-13 14:23:21.766] [INFO] UniversalList.SetData: Clearing row cache
[2025-12-13 14:23:21.790] [INFO] UniversalList.SetData: Clearing cache access order
[2025-12-13 14:23:21.816] [INFO] UniversalList.SetData: Applying filters
[2025-12-13 14:23:21.881] [INFO] UniversalList.SetData: Applying search
[2025-12-13 14:23:21.907] [INFO] UniversalList.SetData: Invoking OnDataChanged callback
[2025-12-13 14:23:21.945] [INFO] UniversalList.SetData: COMPLETE
[2025-12-13 14:23:22.253] [INFO] Screen pushed successfully
[2025-12-13 14:23:22.291] [INFO] Starting event loop...
[2025-12-13 14:33:48.882] [INFO] Event loop exited normally
[2025-12-13 14:33:48.889] [INFO] Cleanup - showing cursor and resetting terminal
