[2025-12-14 18:13:41.531] [INFO] Loading PMC module...
[2025-12-14 18:13:43.228] [INFO] PMC module loaded
[2025-12-14 18:13:43.230] [INFO] Loading dependencies (FieldSchemas, etc.)...
[2025-12-14 18:13:43.434] [INFO] Dependencies loaded
[2025-12-14 18:13:43.446] [INFO] Loading SpeedTUI framework...
[2025-12-14 18:13:43.816] [INFO] SpeedTUI framework loaded
[2025-12-14 18:13:43.830] [INFO] Loading PraxisVT...
[2025-12-14 18:13:43.858] [INFO] PraxisVT loaded
[2025-12-14 18:13:43.871] [INFO] Loading core dependencies...
[2025-12-14 18:13:43.967] [INFO] Core dependencies loaded
[2025-12-14 18:13:43.980] [INFO] Loading widget base classes...
[2025-12-14 18:13:44.126] [INFO] Widget base classes loaded
[2025-12-14 18:13:44.138] [INFO] Loading services...
[2025-12-14 18:13:44.336] [INFO] Services loaded
[2025-12-14 18:13:44.353] [INFO] Loading helpers...
[2025-12-14 18:13:45.667] [INFO] Helpers loaded
[2025-12-14 18:13:45.669] [INFO] Loading widgets...
[2025-12-14 18:13:46.514] [INFO] Widgets loaded
[2025-12-14 18:13:46.531] [INFO] Loading screen base class...
[2025-12-14 18:13:46.584] [INFO] Screen base class loaded
[2025-12-14 18:13:46.598] [INFO] Loading HelpViewScreen (needed by base classes)...
[2025-12-14 18:13:46.636] [INFO] HelpViewScreen loaded
[2025-12-14 18:13:46.650] [INFO] Loading base classes...
[2025-12-14 18:13:46.781] [INFO] Base classes loaded
[2025-12-14 18:13:46.783] [INFO] Loading ServiceContainer (needed by screens)...
[2025-12-14 18:13:46.816] [INFO] ServiceContainer loaded
[2025-12-14 18:13:46.832] [INFO] Loading remaining screens...
[2025-12-14 18:13:47.004] [INFO] Remaining screens loaded
[2025-12-14 18:13:47.020] [INFO] Loading PmcApplication...
[2025-12-14 18:13:47.063] [INFO] PmcApplication loaded
[2025-12-14 18:13:47.079] [INFO] All components loaded successfully
[2025-12-14 18:13:47.107] [INFO] Starting PMC TUI with screen: TaskList
[2025-12-14 18:13:47.131] [INFO] Cleared stale PmcSharedMenuBar and MenuRegistry singleton
[2025-12-14 18:13:47.153] [INFO] Creating ServiceContainer...
[2025-12-14 18:13:47.178] [INFO] ServiceContainer created
[2025-12-14 18:13:47.196] [INFO] Registering Theme service...
[2025-12-14 18:13:47.233] ServiceContainer: Registered 'Theme' (singleton=True)
[2025-12-14 18:13:47.253] [INFO] Registering ThemeManager...
[2025-12-14 18:13:47.267] ServiceContainer: Registered 'ThemeManager' (singleton=True)
[2025-12-14 18:13:47.282] [INFO] Registering Config service...
[2025-12-14 18:13:47.295] ServiceContainer: Registered 'Config' (singleton=True)
[2025-12-14 18:13:47.311] [INFO] Registering TaskStore service...
[2025-12-14 18:13:47.325] ServiceContainer: Registered 'TaskStore' (singleton=True)
[2025-12-14 18:13:47.341] [INFO] Registering MenuRegistry service...
[2025-12-14 18:13:47.357] ServiceContainer: Registered 'MenuRegistry' (singleton=True)
[2025-12-14 18:13:47.374] [INFO] Registering Application service...
[2025-12-14 18:13:47.390] ServiceContainer: Registered 'Application' (singleton=True)
[2025-12-14 18:13:47.414] [INFO] Registering CommandService...
[2025-12-14 18:13:47.436] ServiceContainer: Registered 'CommandService' (singleton=True)
[2025-12-14 18:13:47.458] [INFO] Registering ChecklistService...
[2025-12-14 18:13:47.483] ServiceContainer: Registered 'ChecklistService' (singleton=True)
[2025-12-14 18:13:47.498] [INFO] Registering NoteService...
[2025-12-14 18:13:47.515] ServiceContainer: Registered 'NoteService' (singleton=True)
[2025-12-14 18:13:47.528] [INFO] Registering ExcelMappingService...
[2025-12-14 18:13:47.540] ServiceContainer: Registered 'ExcelMappingService' (singleton=True)
[2025-12-14 18:13:47.555] [INFO] Registering PreferencesService...
[2025-12-14 18:13:47.571] ServiceContainer: Registered 'PreferencesService' (singleton=True)
[2025-12-14 18:13:47.586] [INFO] Registering screen factories...
[2025-12-14 18:13:47.606] ServiceContainer: Registered 'TaskListScreen' (singleton=False)
[2025-12-14 18:13:47.622] [INFO] Resolving Application from container...
[2025-12-14 18:13:47.655] ServiceContainer: Resolving 'Application'...
[2025-12-14 18:13:47.671] [INFO] Resolving Application...
[2025-12-14 18:13:47.689] ServiceContainer: Resolving 'Theme'...
[2025-12-14 18:13:47.710] [INFO] Resolving Theme: Calling Initialize-PmcThemeSystem...
[2025-12-14 18:13:47.740] [INFO] Theme resolved: #33aaff
[2025-12-14 18:13:47.755] [INFO] Loading PmcThemeEngine...
[2025-12-14 18:13:47.895] [DEBUG] Palette [Footer] -> #185F30 (R=24 G=95 B=48)
[2025-12-14 18:13:47.911] [DEBUG] Palette [Cursor] -> #228844 (R=34 G=136 B=68)
[2025-12-14 18:13:47.930] [DEBUG] Palette [Bright] -> #2CB158 (R=44 G=177 B=88)
[2025-12-14 18:13:47.945] [DEBUG] Palette [Text] -> #C2EACF (R=194 G=234 B=207)
[2025-12-14 18:13:47.959] [DEBUG] Palette [Primary] -> #228844 (R=34 G=136 B=68)
[2025-12-14 18:13:47.974] [DEBUG] Palette [Error] -> #BE2914 (R=190 G=41 B=20)
[2025-12-14 18:13:47.989] [DEBUG] Palette [Label] -> #5C8F6D (R=92 G=143 B=109)
[2025-12-14 18:13:48.005] [DEBUG] Palette [Status] -> #5C8F6D (R=92 G=143 B=109)
[2025-12-14 18:13:48.022] [DEBUG] Palette [Success] -> #2CB158 (R=44 G=177 B=88)
[2025-12-14 18:13:48.036] [DEBUG] Palette [Muted] -> #5C8F6D (R=92 G=143 B=109)
[2025-12-14 18:13:48.050] [DEBUG] Palette [Border] -> #185F30 (R=24 G=95 B=48)
[2025-12-14 18:13:48.065] [DEBUG] Palette [Highlight] -> #228844 (R=34 G=136 B=68)
[2025-12-14 18:13:48.085] [DEBUG] Palette [Warning] -> #7FCA14 (R=127 G=202 B=20)
[2025-12-14 18:13:48.099] [DEBUG] Palette [Header] -> #228844 (R=34 G=136 B=68)
[2025-12-14 18:13:48.126] [INFO] LoadFromConfig: Loaded Properties with 16 items
[2025-12-14 18:13:48.149] [INFO] PmcThemeEngine initialized with PMC palette (14 colors)
[2025-12-14 18:13:48.165] ServiceContainer: Resolved 'Theme' successfully
[2025-12-14 18:13:48.703] ServiceContainer: Resolving 'ThemeManager'...
[2025-12-14 18:13:48.727] [INFO] Resolving ThemeManager...
[2025-12-14 18:13:48.867] ServiceContainer: Resolved 'ThemeManager' successfully
[2025-12-14 18:13:48.907] ServiceContainer: Resolved 'Application' successfully
[2025-12-14 18:13:48.929] [INFO] Application resolved and assigned to $global:PmcApp
[2025-12-14 18:13:48.954] [INFO] Loading menus from manifest...
[2025-12-14 18:13:48.979] ServiceContainer: Resolving 'MenuRegistry'...
[2025-12-14 18:13:49.010] [INFO] Resolving MenuRegistry...
[2025-12-14 18:13:49.038] ServiceContainer: Resolved 'MenuRegistry' successfully
[2025-12-14 18:13:49.075] MenuRegistry: Loaded manifest with 24 entries
[2025-12-14 18:13:49.123] ServiceContainer: Registered 'TaskListScreen_Week' (singleton=False)
[2025-12-14 18:13:49.139] MenuRegistry: Registered screen factory 'TaskListScreen_Week' in container (viewMode=week)
[2025-12-14 18:13:49.172] MenuRegistry: Registered 'Week View' in 'Tasks' menu (hotkey=W order=20)
[2025-12-14 18:13:49.188] ServiceContainer: Registered 'ExcelImportScreen' (singleton=False)
[2025-12-14 18:13:49.207] MenuRegistry: Registered screen factory 'ExcelImportScreen' in container (viewMode=)
[2025-12-14 18:13:49.223] MenuRegistry: Registered 'Import from Excel' in 'Projects' menu (hotkey=I order=40)
[2025-12-14 18:13:49.242] ServiceContainer: Registered 'CommandLibraryScreen' (singleton=False)
[2025-12-14 18:13:49.258] MenuRegistry: Registered screen factory 'CommandLibraryScreen' in container (viewMode=)
[2025-12-14 18:13:49.273] MenuRegistry: Registered 'Command Library' in 'Tools' menu (hotkey=L order=10)
[2025-12-14 18:13:49.288] ServiceContainer: Registered 'ChecklistsLauncherScreen' (singleton=False)
[2025-12-14 18:13:49.303] MenuRegistry: Registered screen factory 'ChecklistsLauncherScreen' in container (viewMode=)
[2025-12-14 18:13:49.317] MenuRegistry: Registered 'Checklists' in 'Tools' menu (hotkey=C order=25)
[2025-12-14 18:13:49.331] ServiceContainer: Registered 'TaskListScreen_Overdue' (singleton=False)
[2025-12-14 18:13:49.350] MenuRegistry: Registered screen factory 'TaskListScreen_Overdue' in container (viewMode=overdue)
[2025-12-14 18:13:49.365] MenuRegistry: Registered 'Overdue' in 'Tasks' menu (hotkey=O order=30)
[2025-12-14 18:13:49.394] ServiceContainer: Registered 'NotesMenuScreen' (singleton=False)
[2025-12-14 18:13:49.412] MenuRegistry: Registered screen factory 'NotesMenuScreen' in container (viewMode=)
[2025-12-14 18:13:49.428] MenuRegistry: Registered 'Notes' in 'Tools' menu (hotkey=N order=20)
[2025-12-14 18:13:49.447] ServiceContainer: Registered 'TaskListScreen_Agenda' (singleton=False)
[2025-12-14 18:13:49.461] MenuRegistry: Registered screen factory 'TaskListScreen_Agenda' in container (viewMode=agenda)
[2025-12-14 18:13:49.475] MenuRegistry: Registered 'Agenda View' in 'Tasks' menu (hotkey=A order=50)
[2025-12-14 18:13:49.490] ServiceContainer: Registered 'TimeListScreen' (singleton=False)
[2025-12-14 18:13:49.503] MenuRegistry: Registered screen factory 'TimeListScreen' in container (viewMode=)
[2025-12-14 18:13:49.518] MenuRegistry: Registered 'Time Tracking' in 'Time' menu (hotkey=T order=5)
[2025-12-14 18:13:49.538] ServiceContainer: Registered 'SettingsScreen' (singleton=False)
[2025-12-14 18:13:49.554] MenuRegistry: Registered screen factory 'SettingsScreen' in container (viewMode=)
[2025-12-14 18:13:49.569] MenuRegistry: Registered 'Settings' in 'Options' menu (hotkey=S order=20)
[2025-12-14 18:13:49.586] ServiceContainer: Registered 'TaskListScreen_Upcoming' (singleton=False)
[2025-12-14 18:13:49.601] MenuRegistry: Registered screen factory 'TaskListScreen_Upcoming' in container (viewMode=upcoming)
[2025-12-14 18:13:49.620] MenuRegistry: Registered 'Upcoming' in 'Tasks' menu (hotkey=U order=25)
[2025-12-14 18:13:49.635] ServiceContainer: Registered 'ChecklistTemplatesFolderScreen' (singleton=False)
[2025-12-14 18:13:49.648] MenuRegistry: Registered screen factory 'ChecklistTemplatesFolderScreen' in container (viewMode=)
[2025-12-14 18:13:49.664] MenuRegistry: Registered 'Checklist Templates' in 'Tools' menu (hotkey=H order=30)
[2025-12-14 18:13:49.680] ServiceContainer: Registered 'ProjectListScreen' (singleton=False)
[2025-12-14 18:13:49.695] MenuRegistry: Registered screen factory 'ProjectListScreen' in container (viewMode=)
[2025-12-14 18:13:49.711] MenuRegistry: Registered 'Project List' in 'Projects' menu (hotkey=L order=10)
[2025-12-14 18:13:49.727] ServiceContainer: Registered 'WeeklyTimeReportScreen' (singleton=False)
[2025-12-14 18:13:49.742] MenuRegistry: Registered screen factory 'WeeklyTimeReportScreen' in container (viewMode=)
[2025-12-14 18:13:49.756] MenuRegistry: Registered 'Weekly Report' in 'Time' menu (hotkey=W order=10)
[2025-12-14 18:13:49.773] ServiceContainer: Registered 'TaskListScreen_Default' (singleton=False)
[2025-12-14 18:13:49.789] MenuRegistry: Registered screen factory 'TaskListScreen_Default' in container (viewMode=)
[2025-12-14 18:13:49.804] MenuRegistry: Registered 'Task List' in 'Tasks' menu (hotkey=L order=5)
[2025-12-14 18:13:49.823] ServiceContainer: Registered 'ExcelProfileManagerScreen' (singleton=False)
[2025-12-14 18:13:49.841] MenuRegistry: Registered screen factory 'ExcelProfileManagerScreen' in container (viewMode=)
[2025-12-14 18:13:49.861] MenuRegistry: Registered 'Excel Profiles' in 'Projects' menu (hotkey=M order=50)
[2025-12-14 18:13:49.881] ServiceContainer: Registered 'TaskListScreen_NextActions' (singleton=False)
[2025-12-14 18:13:49.903] MenuRegistry: Registered screen factory 'TaskListScreen_NextActions' in container (viewMode=nextactions)
[2025-12-14 18:13:49.929] MenuRegistry: Registered 'Next Actions' in 'Tasks' menu (hotkey=N order=35)
[2025-12-14 18:13:49.960] ServiceContainer: Registered 'ThemeEditorScreen' (singleton=False)
[2025-12-14 18:13:49.981] MenuRegistry: Registered screen factory 'ThemeEditorScreen' in container (viewMode=)
[2025-12-14 18:13:49.996] MenuRegistry: Registered 'Theme Editor' in 'Options' menu (hotkey=T order=10)
[2025-12-14 18:13:50.011] ServiceContainer: Registered 'TaskListScreen_Tomorrow' (singleton=False)
[2025-12-14 18:13:50.025] MenuRegistry: Registered screen factory 'TaskListScreen_Tomorrow' in container (viewMode=tomorrow)
[2025-12-14 18:13:50.042] MenuRegistry: Registered 'Tomorrow' in 'Tasks' menu (hotkey=T order=15)
[2025-12-14 18:13:50.056] ServiceContainer: Registered 'TimeReportScreen' (singleton=False)
[2025-12-14 18:13:50.070] MenuRegistry: Registered screen factory 'TimeReportScreen' in container (viewMode=)
[2025-12-14 18:13:50.086] MenuRegistry: Registered 'Time Report' in 'Time' menu (hotkey=R order=20)
[2025-12-14 18:13:50.103] ServiceContainer: Registered 'TaskListScreen_Month' (singleton=False)
[2025-12-14 18:13:50.119] MenuRegistry: Registered screen factory 'TaskListScreen_Month' in container (viewMode=month)
[2025-12-14 18:13:50.134] MenuRegistry: Registered 'Month View' in 'Tasks' menu (hotkey=M order=45)
[2025-12-14 18:13:50.150] ServiceContainer: Registered 'KanbanScreenV2' (singleton=False)
[2025-12-14 18:13:50.166] MenuRegistry: Registered screen factory 'KanbanScreenV2' in container (viewMode=)
[2025-12-14 18:13:50.183] MenuRegistry: Registered 'Kanban Board' in 'Tasks' menu (hotkey=K order=55)
[2025-12-14 18:13:50.204] ServiceContainer: Registered 'TaskListScreen_Today' (singleton=False)
[2025-12-14 18:13:50.223] MenuRegistry: Registered screen factory 'TaskListScreen_Today' in container (viewMode=today)
[2025-12-14 18:13:50.241] MenuRegistry: Registered 'Today' in 'Tasks' menu (hotkey=Y order=10)
[2025-12-14 18:13:50.259] ServiceContainer: Registered 'HelpViewScreen' (singleton=False)
[2025-12-14 18:13:50.277] MenuRegistry: Registered screen factory 'HelpViewScreen' in container (viewMode=)
[2025-12-14 18:13:50.292] MenuRegistry: Registered 'Help' in 'Help' menu (hotkey=H order=10)
[2025-12-14 18:13:50.311] ServiceContainer: Registered 'TaskListScreen_NoDate' (singleton=False)
[2025-12-14 18:13:50.334] MenuRegistry: Registered screen factory 'TaskListScreen_NoDate' in container (viewMode=noduedate)
[2025-12-14 18:13:50.356] MenuRegistry: Registered 'No Due Date' in 'Tasks' menu (hotkey=D order=40)
[2025-12-14 18:13:50.380] [INFO] Menus loaded from C:\Users\jhnhe\OneDrive\Documents\GitHub\project-management-console\og_transport\HYBRID\module\Pmc.Strict\consoleui\screens\MenuItems.psd1
[2025-12-14 18:13:50.400] [INFO] Launching screen: TaskList
[2025-12-14 18:13:50.418] [INFO] Resolving TaskListScreen from container...
[2025-12-14 18:13:50.436] ServiceContainer: Resolving 'TaskListScreen'...
[2025-12-14 18:13:50.460] [INFO] Resolving TaskListScreen...
[2025-12-14 18:13:50.482] ServiceContainer: Resolving 'TaskStore'...
[2025-12-14 18:13:50.505] [INFO] Resolving TaskStore...
[2025-12-14 18:13:50.558] [DEBUG] TaskStore.LoadData: Starting
[2025-12-14 18:13:50.579] [DEBUG] TaskStore.LoadData: Calling Get-PmcData
[2025-12-14 18:13:50.935] [DEBUG] TaskStore.LoadData: Get-PmcData returned - tasks=2 projects=2 timelogs=3
[2025-12-14 18:13:50.971] [DEBUG] TaskStore.LoadData: Loaded 2 tasks
[2025-12-14 18:13:50.992] [DEBUG] TaskStore.LoadData: Loaded 2 projects
[2025-12-14 18:13:51.013] [DEBUG] TaskStore.LoadData: First project name='p1' ID1='111'
[2025-12-14 18:13:51.038] ServiceContainer: Resolved 'TaskStore' successfully
[2025-12-14 18:13:51.979] [DEBUG] PmcScreen.AddContentWidget: Adding UniversalList (Total: 1)
[2025-12-14 18:13:52.099] [DEBUG] TaskListScreen: Constructor started
[2025-12-14 18:13:52.187] _PopulateMenusFromRegistry: Menu 'Help' has 1 items from registry (array)
[2025-12-14 18:13:52.239] _PopulateMenusFromRegistry: Menu 'Tasks' has 11 items from registry (array)
[2025-12-14 18:13:52.269] _PopulateMenusFromRegistry: Menu 'Time' has 3 items from registry (array)
[2025-12-14 18:13:52.291] _PopulateMenusFromRegistry: Menu 'Options' has 2 items from registry (array)
[2025-12-14 18:13:52.316] _PopulateMenusFromRegistry: Menu 'Projects' has 3 items from registry (array)
[2025-12-14 18:13:52.337] _PopulateMenusFromRegistry: Menu 'Tools' has 4 items from registry (array)
[2025-12-14 18:13:52.353] [DEBUG] TaskListScreen: Constructor completed
[2025-12-14 18:13:52.371] ServiceContainer: Resolved 'TaskListScreen' successfully
[2025-12-14 18:13:52.390] [INFO] Pushing screen to app...
[2025-12-14 18:13:53.555] [DEBUG] LoadData: Got 2 tasks from Store
[2025-12-14 18:13:53.670] [DEBUG] TaskListScreen.LoadData: Setting 2 tasks
[2025-12-14 18:13:53.689] [DEBUG] UniversalList.SetData: START
[2025-12-14 18:13:53.807] [DEBUG] UniversalList.SetData: COMPLETE (2 items)
[2025-12-14 18:13:54.132] [INFO] Screen pushed successfully
[2025-12-14 18:13:54.150] [INFO] Starting event loop...
[2025-12-14 18:13:55.160] [DEBUG] PmcScreen: Calling RenderToEngine on UniversalList
[2025-12-14 18:13:59.839] [DEBUG] PmcScreen: Calling RenderToEngine on UniversalList
[2025-12-14 18:14:01.819] [DEBUG] StandardListScreen: Routing to InlineEditor (Key=Tab)
[2025-12-14 18:14:01.852] [DEBUG] StandardListScreen: After HandleInput - IsConfirmed=False IsCancelled=False ShowInlineEditor=True
[2025-12-14 18:14:01.872] [DEBUG] StandardListScreen: After close check - ShowInlineEditor=True
[2025-12-14 18:14:02.460] [DEBUG] PmcScreen: Calling RenderToEngine on UniversalList
[2025-12-14 18:14:03.283] [DEBUG] StandardListScreen: Routing to InlineEditor (Key=Tab)
[2025-12-14 18:14:03.309] [DEBUG] StandardListScreen: After HandleInput - IsConfirmed=False IsCancelled=False ShowInlineEditor=True
[2025-12-14 18:14:03.331] [DEBUG] StandardListScreen: After close check - ShowInlineEditor=True
[2025-12-14 18:14:04.085] [DEBUG] PmcScreen: Calling RenderToEngine on UniversalList
[2025-12-14 18:14:04.870] [DEBUG] StandardListScreen: Routing to InlineEditor (Key=Enter)
[2025-12-14 18:14:04.938] [DEBUG] StandardListScreen: After HandleInput - IsConfirmed=False IsCancelled=False ShowInlineEditor=True
[2025-12-14 18:14:04.975] [DEBUG] StandardListScreen: After close check - ShowInlineEditor=True
[2025-12-14 18:14:05.429] [INFO] PadText: text='Current: 2025-12-14 Sun' rawLen=23 visibleLen=23 width=22 align=left
[2025-12-14 18:14:05.482] [INFO] PadText: text='Enter: Select' rawLen=13 visibleLen=13 width=22 align=left
[2025-12-14 18:14:05.503] [DEBUG] PmcScreen: Calling RenderToEngine on UniversalList
[2025-12-14 18:14:05.643] [INFO] PadText: text='Current: 2025-12-14 Sun' rawLen=23 visibleLen=23 width=22 align=left
[2025-12-14 18:14:05.668] [INFO] PadText: text='Enter: Select' rawLen=13 visibleLen=13 width=22 align=left
[2025-12-14 18:14:05.837] [INFO] PadText: text='Current: 2025-12-14 Sun' rawLen=23 visibleLen=23 width=22 align=left
[2025-12-14 18:14:05.868] [INFO] PadText: text='Enter: Select' rawLen=13 visibleLen=13 width=22 align=left
[2025-12-14 18:14:05.939] [INFO] PadText: text='Current: 2025-12-14 Sun' rawLen=23 visibleLen=23 width=22 align=left
[2025-12-14 18:14:05.967] [INFO] PadText: text='Enter: Select' rawLen=13 visibleLen=13 width=22 align=left
[2025-12-14 18:14:08.823] [DEBUG] StandardListScreen: Routing to InlineEditor (Key=Escape)
[2025-12-14 18:14:08.838] [DEBUG] StandardListScreen: After HandleInput - IsConfirmed=False IsCancelled=False ShowInlineEditor=True
[2025-12-14 18:14:08.854] [DEBUG] StandardListScreen: After close check - ShowInlineEditor=True
[2025-12-14 18:14:09.282] [DEBUG] PmcScreen: Calling RenderToEngine on UniversalList
[2025-12-14 18:14:10.074] [DEBUG] StandardListScreen: Routing to InlineEditor (Key=Tab)
[2025-12-14 18:14:10.090] [DEBUG] StandardListScreen: After HandleInput - IsConfirmed=False IsCancelled=False ShowInlineEditor=True
[2025-12-14 18:14:10.105] [DEBUG] StandardListScreen: After close check - ShowInlineEditor=True
[2025-12-14 18:14:10.315] [DEBUG] PmcScreen: Calling RenderToEngine on UniversalList
[2025-12-14 18:14:11.345] [DEBUG] StandardListScreen: Routing to InlineEditor (Key=Enter)
[2025-12-14 18:14:11.428] [DEBUG] StandardListScreen: After HandleInput - IsConfirmed=False IsCancelled=False ShowInlineEditor=True
[2025-12-14 18:14:11.444] [DEBUG] StandardListScreen: After close check - ShowInlineEditor=True
[2025-12-14 18:14:11.887] [INFO] PadText: text='Type to filter...' rawLen=17 visibleLen=17 width=56 align=left
[2025-12-14 18:14:12.007] [INFO] PadText: text='Enter=Select | Alt+N=Create' rawLen=27 visibleLen=27 width=56 align=left
[2025-12-14 18:14:12.029] [DEBUG] PmcScreen: Calling RenderToEngine on UniversalList
[2025-12-14 18:14:12.192] [INFO] PadText: text='Type to filter...' rawLen=17 visibleLen=17 width=56 align=left
[2025-12-14 18:14:12.295] [INFO] PadText: text='Enter=Select | Alt+N=Create' rawLen=27 visibleLen=27 width=56 align=left
[2025-12-14 18:14:12.482] [INFO] PadText: text='Type to filter...' rawLen=17 visibleLen=17 width=56 align=left
[2025-12-14 18:14:12.551] [INFO] PadText: text='Enter=Select | Alt+N=Create' rawLen=27 visibleLen=27 width=56 align=left
[2025-12-14 18:14:12.634] [INFO] PadText: text='Type to filter...' rawLen=17 visibleLen=17 width=56 align=left
[2025-12-14 18:14:12.706] [INFO] PadText: text='Enter=Select | Alt+N=Create' rawLen=27 visibleLen=27 width=56 align=left
[2025-12-14 18:14:15.003] [DEBUG] StandardListScreen: Routing to InlineEditor (Key=Escape)
[2025-12-14 18:14:15.021] [DEBUG] StandardListScreen: After HandleInput - IsConfirmed=False IsCancelled=False ShowInlineEditor=True
[2025-12-14 18:14:15.040] [DEBUG] StandardListScreen: After close check - ShowInlineEditor=True
[2025-12-14 18:14:15.326] [DEBUG] PmcScreen: Calling RenderToEngine on UniversalList
[2025-12-14 18:14:16.625] [INFO] Event loop exited normally
[2025-12-14 18:14:16.639] [INFO] Cleanup - showing cursor and resetting terminal
