[2025-12-13 16:05:34.927] [INFO] Loading PMC module...
[2025-12-13 16:05:36.649] [INFO] PMC module loaded
[2025-12-13 16:05:36.654] [INFO] Loading dependencies (FieldSchemas, etc.)...
[2025-12-13 16:05:36.834] [INFO] Dependencies loaded
[2025-12-13 16:05:36.846] [INFO] Loading SpeedTUI framework...
[2025-12-13 16:05:37.241] [INFO] SpeedTUI framework loaded
[2025-12-13 16:05:37.258] [INFO] Loading PraxisVT...
[2025-12-13 16:05:37.288] [INFO] PraxisVT loaded
[2025-12-13 16:05:37.301] [INFO] Loading core dependencies...
[2025-12-13 16:05:37.404] [INFO] Core dependencies loaded
[2025-12-13 16:05:37.417] [INFO] Loading widget base classes...
[2025-12-13 16:05:37.510] [INFO] Widget base classes loaded
[2025-12-13 16:05:37.521] [INFO] Loading services...
[2025-12-13 16:05:37.711] [INFO] Services loaded
[2025-12-13 16:05:37.722] [INFO] Loading helpers...
[2025-12-13 16:05:38.323] [INFO] Helpers loaded
[2025-12-13 16:05:38.334] [INFO] Loading widgets...
[2025-12-13 16:05:38.887] [ERROR] Failed to load widgets: At C:\Users\jhnhe\OneDrive\Documents\GitHub\project-management-console\og_transport\HYBRID\module\Pmc.Strict\consoleui\widgets\UniversalList.ps1:389 char:21
+     hidden [object] _GetItemProperty([object]$item, [string]$property …
+                     ~~~~~~~~~~~~~~~~
The member '_GetItemProperty' is already defined.

At C:\Users\jhnhe\OneDrive\Documents\GitHub\project-management-console\og_transport\HYBRID\module\Pmc.Strict\consoleui\widgets\UniversalList.ps1:416 char:19
+     hidden [bool] _HasItemProperty([object]$item, [string]$propertyNa …
+                   ~~~~~~~~~~~~~~~~
The member '_HasItemProperty' is already defined.
