[2025-12-13 15:10:25.564] [INFO] Loading PMC module...
[2025-12-13 15:10:28.018] [INFO] PMC module loaded
[2025-12-13 15:10:28.023] [INFO] Loading dependencies (FieldSchemas, etc.)...
[2025-12-13 15:10:28.218] [INFO] Dependencies loaded
[2025-12-13 15:10:28.235] [INFO] Loading SpeedTUI framework...
[2025-12-13 15:10:28.669] [INFO] SpeedTUI framework loaded
[2025-12-13 15:10:28.688] [INFO] Loading PraxisVT...
[2025-12-13 15:10:28.717] [INFO] PraxisVT loaded
[2025-12-13 15:10:28.730] [INFO] Loading core dependencies...
[2025-12-13 15:10:28.823] [INFO] Core dependencies loaded
[2025-12-13 15:10:28.837] [INFO] Loading widget base classes...
[2025-12-13 15:10:28.935] [INFO] Widget base classes loaded
[2025-12-13 15:10:28.956] [INFO] Loading services...
[2025-12-13 15:10:29.202] [INFO] Services loaded
[2025-12-13 15:10:29.216] [INFO] Loading helpers...
[2025-12-13 15:10:30.085] [INFO] Helpers loaded
[2025-12-13 15:10:30.111] [INFO] Loading widgets...
[2025-12-13 15:10:30.956] [INFO] Widgets loaded
[2025-12-13 15:10:30.986] [INFO] Loading screen base class...
[2025-12-13 15:10:31.029] [INFO] Screen base class loaded
