[2025-12-13 15:19:33.867] [INFO] Loading PMC module...
[2025-12-13 15:19:35.432] [INFO] PMC module loaded
[2025-12-13 15:19:35.434] [INFO] Loading dependencies (FieldSchemas, etc.)...
[2025-12-13 15:19:35.577] [INFO] Dependencies loaded
[2025-12-13 15:19:35.590] [INFO] Loading SpeedTUI framework...
[2025-12-13 15:19:35.945] [INFO] SpeedTUI framework loaded
[2025-12-13 15:19:35.956] [INFO] Loading PraxisVT...
[2025-12-13 15:19:35.975] [INFO] PraxisVT loaded
[2025-12-13 15:19:35.987] [INFO] Loading core dependencies...
[2025-12-13 15:19:36.066] [INFO] Core dependencies loaded
[2025-12-13 15:19:36.076] [INFO] Loading widget base classes...
[2025-12-13 15:19:36.139] [INFO] Widget base classes loaded
[2025-12-13 15:19:36.163] [INFO] Loading services...
[2025-12-13 15:19:36.364] [INFO] Services loaded
[2025-12-13 15:19:36.377] [INFO] Loading helpers...
[2025-12-13 15:19:36.966] [INFO] Helpers loaded
[2025-12-13 15:19:36.978] [INFO] Loading widgets...
[2025-12-13 15:19:37.463] [INFO] Widgets loaded
[2025-12-13 15:19:37.482] [INFO] Loading screen base class...
[2025-12-13 15:19:37.514] [INFO] Screen base class loaded
[2025-12-13 15:19:37.530] [INFO] Loading HelpViewScreen (needed by base classes)...
[2025-12-13 15:19:37.567] [INFO] HelpViewScreen loaded
[2025-12-13 15:19:37.578] [INFO] Loading base classes...
[2025-12-13 15:19:37.723] [INFO] Base classes loaded
[2025-12-13 15:19:37.735] [INFO] Loading ServiceContainer (needed by screens)...
[2025-12-13 15:19:37.761] [INFO] ServiceContainer loaded
[2025-12-13 15:19:37.772] [INFO] Loading remaining screens...
[2025-12-13 15:19:37.888] [INFO] Remaining screens loaded
[2025-12-13 15:19:37.901] [INFO] Loading PmcApplication...
[2025-12-13 15:19:37.944] [INFO] PmcApplication loaded
[2025-12-13 15:19:37.992] [INFO] All components loaded successfully
[2025-12-13 15:19:38.045] [INFO] Starting PMC TUI with screen: TaskList
[2025-12-13 15:19:38.063] [INFO] Cleared stale PmcSharedMenuBar and MenuRegistry singleton
[2025-12-13 15:19:38.075] [INFO] Creating ServiceContainer...
[2025-12-13 15:19:38.099] [INFO] ServiceContainer created
[2025-12-13 15:19:38.112] [INFO] Registering Theme service...
[2025-12-13 15:19:38.140] ServiceContainer: Registered 'Theme' (singleton=True)
[2025-12-13 15:19:38.153] [INFO] Registering ThemeManager...
[2025-12-13 15:19:38.167] ServiceContainer: Registered 'ThemeManager' (singleton=True)
[2025-12-13 15:19:38.178] [INFO] Registering Config service...
[2025-12-13 15:19:38.190] ServiceContainer: Registered 'Config' (singleton=True)
[2025-12-13 15:19:38.204] [INFO] Registering TaskStore service...
[2025-12-13 15:19:38.215] ServiceContainer: Registered 'TaskStore' (singleton=True)
[2025-12-13 15:19:38.228] [INFO] Registering MenuRegistry service...
[2025-12-13 15:19:38.244] ServiceContainer: Registered 'MenuRegistry' (singleton=True)
[2025-12-13 15:19:38.265] [INFO] Registering Application service...
[2025-12-13 15:19:38.281] ServiceContainer: Registered 'Application' (singleton=True)
[2025-12-13 15:19:38.296] [INFO] Registering CommandService...
[2025-12-13 15:19:38.313] ServiceContainer: Registered 'CommandService' (singleton=True)
[2025-12-13 15:19:38.342] [INFO] Registering ChecklistService...
[2025-12-13 15:19:38.360] ServiceContainer: Registered 'ChecklistService' (singleton=True)
[2025-12-13 15:19:38.375] [INFO] Registering NoteService...
[2025-12-13 15:19:38.390] ServiceContainer: Registered 'NoteService' (singleton=True)
[2025-12-13 15:19:38.404] [INFO] Registering ExcelMappingService...
[2025-12-13 15:19:38.420] ServiceContainer: Registered 'ExcelMappingService' (singleton=True)
[2025-12-13 15:19:38.440] [INFO] Registering PreferencesService...
[2025-12-13 15:19:38.457] ServiceContainer: Registered 'PreferencesService' (singleton=True)
[2025-12-13 15:19:38.473] [INFO] Registering screen factories...
[2025-12-13 15:19:38.490] ServiceContainer: Registered 'TaskListScreen' (singleton=False)
[2025-12-13 15:19:38.510] [INFO] Resolving Application from container...
[2025-12-13 15:19:38.542] ServiceContainer: Resolving 'Application'...
[2025-12-13 15:19:38.559] [INFO] Resolving Application...
[2025-12-13 15:19:38.580] ServiceContainer: Resolving 'Theme'...
[2025-12-13 15:19:38.602] [INFO] Resolving Theme: Calling Initialize-PmcThemeSystem...
[2025-12-13 15:19:38.627] [INFO] Theme resolved: #33aaff
[2025-12-13 15:19:38.642] [INFO] Loading PmcThemeEngine...
[2025-12-13 15:19:38.765] [DEBUG] Palette [Text] -> #C2EACF (R=194 G=234 B=207)
[2025-12-13 15:19:38.781] [DEBUG] Palette [Muted] -> #5C8F6D (R=92 G=143 B=109)
[2025-12-13 15:19:38.796] [DEBUG] Palette [Error] -> #BE2914 (R=190 G=41 B=20)
[2025-12-13 15:19:38.814] [DEBUG] Palette [Status] -> #5C8F6D (R=92 G=143 B=109)
[2025-12-13 15:19:38.828] [DEBUG] Palette [Warning] -> #7FCA14 (R=127 G=202 B=20)
[2025-12-13 15:19:38.844] [DEBUG] Palette [Success] -> #2CB158 (R=44 G=177 B=88)
[2025-12-13 15:19:38.860] [DEBUG] Palette [Border] -> #185F30 (R=24 G=95 B=48)
[2025-12-13 15:19:38.879] [DEBUG] Palette [Primary] -> #228844 (R=34 G=136 B=68)
[2025-12-13 15:19:38.897] [DEBUG] Palette [Highlight] -> #228844 (R=34 G=136 B=68)
[2025-12-13 15:19:38.914] [DEBUG] Palette [Bright] -> #2CB158 (R=44 G=177 B=88)
[2025-12-13 15:19:38.933] [DEBUG] Palette [Footer] -> #185F30 (R=24 G=95 B=48)
[2025-12-13 15:19:38.947] [DEBUG] Palette [Cursor] -> #228844 (R=34 G=136 B=68)
[2025-12-13 15:19:38.961] [DEBUG] Palette [Label] -> #5C8F6D (R=92 G=143 B=109)
[2025-12-13 15:19:38.974] [DEBUG] Palette [Header] -> #228844 (R=34 G=136 B=68)
[2025-12-13 15:19:38.999] [INFO] LoadFromConfig: Loaded Properties with 16 items
[2025-12-13 15:19:39.019] [INFO] PmcThemeEngine initialized with PMC palette (14 colors)
[2025-12-13 15:19:39.035] ServiceContainer: Resolved 'Theme' successfully
[2025-12-13 15:19:39.131] ServiceContainer: Resolving 'ThemeManager'...
[2025-12-13 15:19:39.146] [INFO] Resolving ThemeManager...
[2025-12-13 15:19:39.267] ServiceContainer: Resolved 'ThemeManager' successfully
[2025-12-13 15:19:39.293] ServiceContainer: Resolved 'Application' successfully
[2025-12-13 15:19:39.307] [INFO] Application resolved and assigned to $global:PmcApp
[2025-12-13 15:19:39.322] [INFO] Loading menus from manifest...
[2025-12-13 15:19:39.336] ServiceContainer: Resolving 'MenuRegistry'...
[2025-12-13 15:19:39.352] [INFO] Resolving MenuRegistry...
[2025-12-13 15:19:39.375] ServiceContainer: Resolved 'MenuRegistry' successfully
[2025-12-13 15:19:39.405] MenuRegistry: Loaded manifest with 24 entries
[2025-12-13 15:19:39.444] ServiceContainer: Registered 'TaskListScreen_Today' (singleton=False)
[2025-12-13 15:19:39.456] MenuRegistry: Registered screen factory 'TaskListScreen_Today' in container (viewMode=today)
[2025-12-13 15:19:39.482] MenuRegistry: Registered 'Today' in 'Tasks' menu (hotkey=Y order=10)
[2025-12-13 15:19:39.498] ServiceContainer: Registered 'HelpViewScreen' (singleton=False)
[2025-12-13 15:19:39.513] MenuRegistry: Registered screen factory 'HelpViewScreen' in container (viewMode=)
[2025-12-13 15:19:39.530] MenuRegistry: Registered 'Help' in 'Help' menu (hotkey=H order=10)
[2025-12-13 15:19:39.545] ServiceContainer: Registered 'TaskListScreen_Default' (singleton=False)
[2025-12-13 15:19:39.560] MenuRegistry: Registered screen factory 'TaskListScreen_Default' in container (viewMode=)
[2025-12-13 15:19:39.575] MenuRegistry: Registered 'Task List' in 'Tasks' menu (hotkey=L order=5)
[2025-12-13 15:19:39.591] ServiceContainer: Registered 'ExcelImportScreen' (singleton=False)
[2025-12-13 15:19:39.608] MenuRegistry: Registered screen factory 'ExcelImportScreen' in container (viewMode=)
[2025-12-13 15:19:39.625] MenuRegistry: Registered 'Import from Excel' in 'Projects' menu (hotkey=I order=40)
[2025-12-13 15:19:39.652] ServiceContainer: Registered 'ChecklistsLauncherScreen' (singleton=False)
[2025-12-13 15:19:39.671] MenuRegistry: Registered screen factory 'ChecklistsLauncherScreen' in container (viewMode=)
[2025-12-13 15:19:39.686] MenuRegistry: Registered 'Checklists' in 'Tools' menu (hotkey=C order=25)
[2025-12-13 15:19:39.702] ServiceContainer: Registered 'TimeListScreen' (singleton=False)
[2025-12-13 15:19:39.718] MenuRegistry: Registered screen factory 'TimeListScreen' in container (viewMode=)
[2025-12-13 15:19:39.732] MenuRegistry: Registered 'Time Tracking' in 'Time' menu (hotkey=T order=5)
[2025-12-13 15:19:39.746] ServiceContainer: Registered 'ThemeEditorScreen' (singleton=False)
[2025-12-13 15:19:39.761] MenuRegistry: Registered screen factory 'ThemeEditorScreen' in container (viewMode=)
[2025-12-13 15:19:39.775] MenuRegistry: Registered 'Theme Editor' in 'Options' menu (hotkey=T order=10)
[2025-12-13 15:19:39.795] ServiceContainer: Registered 'ExcelProfileManagerScreen' (singleton=False)
[2025-12-13 15:19:39.809] MenuRegistry: Registered screen factory 'ExcelProfileManagerScreen' in container (viewMode=)
[2025-12-13 15:19:39.825] MenuRegistry: Registered 'Excel Profiles' in 'Projects' menu (hotkey=M order=50)
[2025-12-13 15:19:39.840] ServiceContainer: Registered 'ChecklistTemplatesFolderScreen' (singleton=False)
[2025-12-13 15:19:39.853] MenuRegistry: Registered screen factory 'ChecklistTemplatesFolderScreen' in container (viewMode=)
[2025-12-13 15:19:39.867] MenuRegistry: Registered 'Checklist Templates' in 'Tools' menu (hotkey=H order=30)
[2025-12-13 15:19:39.881] ServiceContainer: Registered 'TaskListScreen_NoDate' (singleton=False)
[2025-12-13 15:19:39.896] MenuRegistry: Registered screen factory 'TaskListScreen_NoDate' in container (viewMode=noduedate)
[2025-12-13 15:19:39.910] MenuRegistry: Registered 'No Due Date' in 'Tasks' menu (hotkey=D order=40)
[2025-12-13 15:19:39.922] ServiceContainer: Registered 'TaskListScreen_Agenda' (singleton=False)
[2025-12-13 15:19:39.936] MenuRegistry: Registered screen factory 'TaskListScreen_Agenda' in container (viewMode=agenda)
[2025-12-13 15:19:39.948] MenuRegistry: Registered 'Agenda View' in 'Tasks' menu (hotkey=A order=50)
[2025-12-13 15:19:39.960] ServiceContainer: Registered 'TaskListScreen_Upcoming' (singleton=False)
[2025-12-13 15:19:39.973] MenuRegistry: Registered screen factory 'TaskListScreen_Upcoming' in container (viewMode=upcoming)
[2025-12-13 15:19:39.987] MenuRegistry: Registered 'Upcoming' in 'Tasks' menu (hotkey=U order=25)
[2025-12-13 15:19:39.999] ServiceContainer: Registered 'TaskListScreen_Tomorrow' (singleton=False)
[2025-12-13 15:19:40.012] MenuRegistry: Registered screen factory 'TaskListScreen_Tomorrow' in container (viewMode=tomorrow)
[2025-12-13 15:19:40.025] MenuRegistry: Registered 'Tomorrow' in 'Tasks' menu (hotkey=T order=15)
[2025-12-13 15:19:40.037] ServiceContainer: Registered 'TaskListScreen_Month' (singleton=False)
[2025-12-13 15:19:40.049] MenuRegistry: Registered screen factory 'TaskListScreen_Month' in container (viewMode=month)
[2025-12-13 15:19:40.063] MenuRegistry: Registered 'Month View' in 'Tasks' menu (hotkey=M order=45)
[2025-12-13 15:19:40.076] ServiceContainer: Registered 'TaskListScreen_Overdue' (singleton=False)
[2025-12-13 15:19:40.090] MenuRegistry: Registered screen factory 'TaskListScreen_Overdue' in container (viewMode=overdue)
[2025-12-13 15:19:40.105] MenuRegistry: Registered 'Overdue' in 'Tasks' menu (hotkey=O order=30)
[2025-12-13 15:19:40.122] ServiceContainer: Registered 'TaskListScreen_Week' (singleton=False)
[2025-12-13 15:19:40.143] MenuRegistry: Registered screen factory 'TaskListScreen_Week' in container (viewMode=week)
[2025-12-13 15:19:40.160] MenuRegistry: Registered 'Week View' in 'Tasks' menu (hotkey=W order=20)
[2025-12-13 15:19:40.183] ServiceContainer: Registered 'KanbanScreenV2' (singleton=False)
[2025-12-13 15:19:40.199] MenuRegistry: Registered screen factory 'KanbanScreenV2' in container (viewMode=)
[2025-12-13 15:19:40.215] MenuRegistry: Registered 'Kanban Board' in 'Tasks' menu (hotkey=K order=55)
[2025-12-13 15:19:40.230] ServiceContainer: Registered 'SettingsScreen' (singleton=False)
[2025-12-13 15:19:40.244] MenuRegistry: Registered screen factory 'SettingsScreen' in container (viewMode=)
[2025-12-13 15:19:40.258] MenuRegistry: Registered 'Settings' in 'Options' menu (hotkey=S order=20)
[2025-12-13 15:19:40.273] ServiceContainer: Registered 'WeeklyTimeReportScreen' (singleton=False)
[2025-12-13 15:19:40.287] MenuRegistry: Registered screen factory 'WeeklyTimeReportScreen' in container (viewMode=)
[2025-12-13 15:19:40.302] MenuRegistry: Registered 'Weekly Report' in 'Time' menu (hotkey=W order=10)
[2025-12-13 15:19:40.316] ServiceContainer: Registered 'NotesMenuScreen' (singleton=False)
[2025-12-13 15:19:40.330] MenuRegistry: Registered screen factory 'NotesMenuScreen' in container (viewMode=)
[2025-12-13 15:19:40.344] MenuRegistry: Registered 'Notes' in 'Tools' menu (hotkey=N order=20)
[2025-12-13 15:19:40.356] ServiceContainer: Registered 'TaskListScreen_NextActions' (singleton=False)
[2025-12-13 15:19:40.370] MenuRegistry: Registered screen factory 'TaskListScreen_NextActions' in container (viewMode=nextactions)
[2025-12-13 15:19:40.383] MenuRegistry: Registered 'Next Actions' in 'Tasks' menu (hotkey=N order=35)
[2025-12-13 15:19:40.397] ServiceContainer: Registered 'CommandLibraryScreen' (singleton=False)
[2025-12-13 15:19:40.411] MenuRegistry: Registered screen factory 'CommandLibraryScreen' in container (viewMode=)
[2025-12-13 15:19:40.426] MenuRegistry: Registered 'Command Library' in 'Tools' menu (hotkey=L order=10)
[2025-12-13 15:19:40.442] ServiceContainer: Registered 'TimeReportScreen' (singleton=False)
[2025-12-13 15:19:40.458] MenuRegistry: Registered screen factory 'TimeReportScreen' in container (viewMode=)
[2025-12-13 15:19:40.475] MenuRegistry: Registered 'Time Report' in 'Time' menu (hotkey=R order=20)
[2025-12-13 15:19:40.490] ServiceContainer: Registered 'ProjectListScreen' (singleton=False)
[2025-12-13 15:19:40.505] MenuRegistry: Registered screen factory 'ProjectListScreen' in container (viewMode=)
[2025-12-13 15:19:40.527] MenuRegistry: Registered 'Project List' in 'Projects' menu (hotkey=L order=10)
[2025-12-13 15:19:40.544] [INFO] Menus loaded from C:\Users\jhnhe\OneDrive\Documents\GitHub\project-management-console\og_transport\HYBRID\module\Pmc.Strict\consoleui\screens\MenuItems.psd1
[2025-12-13 15:19:40.559] [INFO] Launching screen: TaskList
[2025-12-13 15:19:40.574] [INFO] Resolving TaskListScreen from container...
[2025-12-13 15:19:40.589] ServiceContainer: Resolving 'TaskListScreen'...
[2025-12-13 15:19:40.605] [INFO] Resolving TaskListScreen...
[2025-12-13 15:19:40.624] ServiceContainer: Resolving 'TaskStore'...
[2025-12-13 15:19:40.649] [INFO] Resolving TaskStore...
[2025-12-13 15:19:40.711] [DEBUG] TaskStore.LoadData: Starting
[2025-12-13 15:19:40.735] [DEBUG] TaskStore.LoadData: Calling Get-PmcData
[2025-12-13 15:19:41.067] [DEBUG] TaskStore.LoadData: Get-PmcData returned - tasks=4 projects=2 timelogs=3
[2025-12-13 15:19:41.096] [DEBUG] TaskStore.LoadData: Loaded 4 tasks
[2025-12-13 15:19:41.126] [INFO] Cleanup - showing cursor and resetting terminal
