[2025-12-14 16:00:10.540] [INFO] Loading PMC module...
[2025-12-14 16:00:11.691] [INFO] PMC module loaded
[2025-12-14 16:00:11.692] [INFO] Loading dependencies (FieldSchemas, etc.)...
[2025-12-14 16:00:11.797] [INFO] Dependencies loaded
[2025-12-14 16:00:11.810] [INFO] Loading SpeedTUI framework...
[2025-12-14 16:00:12.120] [INFO] SpeedTUI framework loaded
[2025-12-14 16:00:12.129] [INFO] Loading PraxisVT...
[2025-12-14 16:00:12.146] [INFO] PraxisVT loaded
[2025-12-14 16:00:12.157] [INFO] Loading core dependencies...
[2025-12-14 16:00:12.229] [INFO] Core dependencies loaded
[2025-12-14 16:00:12.240] [INFO] Loading widget base classes...
[2025-12-14 16:00:12.294] [INFO] Widget base classes loaded
[2025-12-14 16:00:12.305] [INFO] Loading services...
[2025-12-14 16:00:12.456] [INFO] Services loaded
[2025-12-14 16:00:12.465] [INFO] Loading helpers...
[2025-12-14 16:00:12.903] [INFO] Helpers loaded
[2025-12-14 16:00:12.912] [INFO] Loading widgets...
[2025-12-14 16:00:13.405] [INFO] Widgets loaded
[2025-12-14 16:00:13.415] [INFO] Loading screen base class...
[2025-12-14 16:00:13.481] [INFO] Screen base class loaded
[2025-12-14 16:00:13.493] [INFO] Loading HelpViewScreen (needed by base classes)...
[2025-12-14 16:00:13.524] [INFO] HelpViewScreen loaded
[2025-12-14 16:00:13.534] [INFO] Loading base classes...
[2025-12-14 16:00:13.795] [INFO] Base classes loaded
[2025-12-14 16:00:13.811] [INFO] Loading ServiceContainer (needed by screens)...
[2025-12-14 16:00:13.859] [INFO] ServiceContainer loaded
[2025-12-14 16:00:13.871] [INFO] Loading remaining screens...
[2025-12-14 16:00:14.165] [INFO] Remaining screens loaded
[2025-12-14 16:00:14.178] [INFO] Loading PmcApplication...
[2025-12-14 16:00:14.246] [INFO] PmcApplication loaded
[2025-12-14 16:00:14.256] [INFO] All components loaded successfully
[2025-12-14 16:00:14.276] [INFO] Starting PMC TUI with screen: TaskList
[2025-12-14 16:00:14.291] [INFO] Cleared stale PmcSharedMenuBar and MenuRegistry singleton
[2025-12-14 16:00:14.304] [INFO] Creating ServiceContainer...
[2025-12-14 16:00:14.322] [INFO] ServiceContainer created
[2025-12-14 16:00:14.333] [INFO] Registering Theme service...
[2025-12-14 16:00:14.353] ServiceContainer: Registered 'Theme' (singleton=True)
[2025-12-14 16:00:14.365] [INFO] Registering ThemeManager...
[2025-12-14 16:00:14.375] ServiceContainer: Registered 'ThemeManager' (singleton=True)
[2025-12-14 16:00:14.386] [INFO] Registering Config service...
[2025-12-14 16:00:14.398] ServiceContainer: Registered 'Config' (singleton=True)
[2025-12-14 16:00:14.409] [INFO] Registering TaskStore service...
[2025-12-14 16:00:14.419] ServiceContainer: Registered 'TaskStore' (singleton=True)
[2025-12-14 16:00:14.433] [INFO] Registering MenuRegistry service...
[2025-12-14 16:00:14.449] ServiceContainer: Registered 'MenuRegistry' (singleton=True)
[2025-12-14 16:00:14.459] [INFO] Registering Application service...
[2025-12-14 16:00:14.471] ServiceContainer: Registered 'Application' (singleton=True)
[2025-12-14 16:00:14.482] [INFO] Registering CommandService...
[2025-12-14 16:00:14.494] ServiceContainer: Registered 'CommandService' (singleton=True)
[2025-12-14 16:00:14.505] [INFO] Registering ChecklistService...
[2025-12-14 16:00:14.516] ServiceContainer: Registered 'ChecklistService' (singleton=True)
[2025-12-14 16:00:14.532] [INFO] Registering NoteService...
[2025-12-14 16:00:14.543] ServiceContainer: Registered 'NoteService' (singleton=True)
[2025-12-14 16:00:14.558] [INFO] Registering ExcelMappingService...
[2025-12-14 16:00:14.571] ServiceContainer: Registered 'ExcelMappingService' (singleton=True)
[2025-12-14 16:00:14.583] [INFO] Registering PreferencesService...
[2025-12-14 16:00:14.593] ServiceContainer: Registered 'PreferencesService' (singleton=True)
[2025-12-14 16:00:14.603] [INFO] Registering screen factories...
[2025-12-14 16:00:14.614] ServiceContainer: Registered 'TaskListScreen' (singleton=False)
[2025-12-14 16:00:14.624] [INFO] Resolving Application from container...
[2025-12-14 16:00:14.644] ServiceContainer: Resolving 'Application'...
[2025-12-14 16:00:14.657] [INFO] Resolving Application...
[2025-12-14 16:00:14.670] ServiceContainer: Resolving 'Theme'...
[2025-12-14 16:00:14.691] [INFO] Resolving Theme: Calling Initialize-PmcThemeSystem...
[2025-12-14 16:00:14.710] [INFO] Theme resolved: #33aaff
[2025-12-14 16:00:14.721] [INFO] Loading PmcThemeEngine...
[2025-12-14 16:00:14.818] [DEBUG] Palette [Warning] -> #7FCA14 (R=127 G=202 B=20)
[2025-12-14 16:00:14.829] [DEBUG] Palette [Cursor] -> #228844 (R=34 G=136 B=68)
[2025-12-14 16:00:14.838] [DEBUG] Palette [Bright] -> #2CB158 (R=44 G=177 B=88)
[2025-12-14 16:00:14.850] [DEBUG] Palette [Status] -> #5C8F6D (R=92 G=143 B=109)
[2025-12-14 16:00:14.863] [DEBUG] Palette [Header] -> #228844 (R=34 G=136 B=68)
[2025-12-14 16:00:14.873] [DEBUG] Palette [Muted] -> #5C8F6D (R=92 G=143 B=109)
[2025-12-14 16:00:14.883] [DEBUG] Palette [Success] -> #2CB158 (R=44 G=177 B=88)
[2025-12-14 16:00:14.894] [DEBUG] Palette [Highlight] -> #228844 (R=34 G=136 B=68)
[2025-12-14 16:00:14.904] [DEBUG] Palette [Error] -> #BE2914 (R=190 G=41 B=20)
[2025-12-14 16:00:14.914] [DEBUG] Palette [Primary] -> #228844 (R=34 G=136 B=68)
[2025-12-14 16:00:14.925] [DEBUG] Palette [Footer] -> #185F30 (R=24 G=95 B=48)
[2025-12-14 16:00:14.940] [DEBUG] Palette [Label] -> #5C8F6D (R=92 G=143 B=109)
[2025-12-14 16:00:14.951] [DEBUG] Palette [Text] -> #C2EACF (R=194 G=234 B=207)
[2025-12-14 16:00:14.966] [DEBUG] Palette [Border] -> #185F30 (R=24 G=95 B=48)
[2025-12-14 16:00:14.984] [INFO] LoadFromConfig: Loaded Properties with 16 items
[2025-12-14 16:00:15.000] [INFO] PmcThemeEngine initialized with PMC palette (14 colors)
[2025-12-14 16:00:15.012] ServiceContainer: Resolved 'Theme' successfully
[2025-12-14 16:00:15.373] ServiceContainer: Resolving 'ThemeManager'...
[2025-12-14 16:00:15.387] [INFO] Resolving ThemeManager...
[2025-12-14 16:00:15.483] ServiceContainer: Resolved 'ThemeManager' successfully
[2025-12-14 16:00:15.500] ServiceContainer: Resolved 'Application' successfully
[2025-12-14 16:00:15.513] [INFO] Application resolved and assigned to $global:PmcApp
[2025-12-14 16:00:15.523] [INFO] Loading menus from manifest...
[2025-12-14 16:00:15.534] ServiceContainer: Resolving 'MenuRegistry'...
[2025-12-14 16:00:15.546] [INFO] Resolving MenuRegistry...
[2025-12-14 16:00:15.569] ServiceContainer: Resolved 'MenuRegistry' successfully
[2025-12-14 16:00:15.611] MenuRegistry: Loaded manifest with 24 entries
[2025-12-14 16:00:15.637] ServiceContainer: Registered 'TimeReportScreen' (singleton=False)
[2025-12-14 16:00:15.647] MenuRegistry: Registered screen factory 'TimeReportScreen' in container (viewMode=)
[2025-12-14 16:00:15.669] MenuRegistry: Registered 'Time Report' in 'Time' menu (hotkey=R order=20)
[2025-12-14 16:00:15.686] ServiceContainer: Registered 'TaskListScreen_Agenda' (singleton=False)
[2025-12-14 16:00:15.697] MenuRegistry: Registered screen factory 'TaskListScreen_Agenda' in container (viewMode=agenda)
[2025-12-14 16:00:15.708] MenuRegistry: Registered 'Agenda View' in 'Tasks' menu (hotkey=A order=50)
[2025-12-14 16:00:15.718] ServiceContainer: Registered 'HelpViewScreen' (singleton=False)
[2025-12-14 16:00:15.728] MenuRegistry: Registered screen factory 'HelpViewScreen' in container (viewMode=)
[2025-12-14 16:00:15.738] MenuRegistry: Registered 'Help' in 'Help' menu (hotkey=H order=10)
[2025-12-14 16:00:15.748] ServiceContainer: Registered 'TaskListScreen_Overdue' (singleton=False)
[2025-12-14 16:00:15.758] MenuRegistry: Registered screen factory 'TaskListScreen_Overdue' in container (viewMode=overdue)
[2025-12-14 16:00:15.768] MenuRegistry: Registered 'Overdue' in 'Tasks' menu (hotkey=O order=30)
[2025-12-14 16:00:15.778] ServiceContainer: Registered 'TimeListScreen' (singleton=False)
[2025-12-14 16:00:15.788] MenuRegistry: Registered screen factory 'TimeListScreen' in container (viewMode=)
[2025-12-14 16:00:15.800] MenuRegistry: Registered 'Time Tracking' in 'Time' menu (hotkey=T order=5)
[2025-12-14 16:00:15.819] ServiceContainer: Registered 'CommandLibraryScreen' (singleton=False)
[2025-12-14 16:00:15.831] MenuRegistry: Registered screen factory 'CommandLibraryScreen' in container (viewMode=)
[2025-12-14 16:00:15.841] MenuRegistry: Registered 'Command Library' in 'Tools' menu (hotkey=L order=10)
[2025-12-14 16:00:15.851] ServiceContainer: Registered 'TaskListScreen_NoDate' (singleton=False)
[2025-12-14 16:00:15.862] MenuRegistry: Registered screen factory 'TaskListScreen_NoDate' in container (viewMode=noduedate)
[2025-12-14 16:00:15.873] MenuRegistry: Registered 'No Due Date' in 'Tasks' menu (hotkey=D order=40)
[2025-12-14 16:00:15.883] ServiceContainer: Registered 'SettingsScreen' (singleton=False)
[2025-12-14 16:00:15.893] MenuRegistry: Registered screen factory 'SettingsScreen' in container (viewMode=)
[2025-12-14 16:00:15.904] MenuRegistry: Registered 'Settings' in 'Options' menu (hotkey=S order=20)
[2025-12-14 16:00:15.914] ServiceContainer: Registered 'ChecklistTemplatesFolderScreen' (singleton=False)
[2025-12-14 16:00:15.928] MenuRegistry: Registered screen factory 'ChecklistTemplatesFolderScreen' in container (viewMode=)
[2025-12-14 16:00:15.943] MenuRegistry: Registered 'Checklist Templates' in 'Tools' menu (hotkey=H order=30)
[2025-12-14 16:00:15.955] ServiceContainer: Registered 'TaskListScreen_Today' (singleton=False)
[2025-12-14 16:00:15.966] MenuRegistry: Registered screen factory 'TaskListScreen_Today' in container (viewMode=today)
[2025-12-14 16:00:15.976] MenuRegistry: Registered 'Today' in 'Tasks' menu (hotkey=Y order=10)
[2025-12-14 16:00:15.986] ServiceContainer: Registered 'TaskListScreen_Tomorrow' (singleton=False)
[2025-12-14 16:00:15.997] MenuRegistry: Registered screen factory 'TaskListScreen_Tomorrow' in container (viewMode=tomorrow)
[2025-12-14 16:00:16.007] MenuRegistry: Registered 'Tomorrow' in 'Tasks' menu (hotkey=T order=15)
[2025-12-14 16:00:16.018] ServiceContainer: Registered 'TaskListScreen_NextActions' (singleton=False)
[2025-12-14 16:00:16.028] MenuRegistry: Registered screen factory 'TaskListScreen_NextActions' in container (viewMode=nextactions)
[2025-12-14 16:00:16.040] MenuRegistry: Registered 'Next Actions' in 'Tasks' menu (hotkey=N order=35)
[2025-12-14 16:00:16.055] ServiceContainer: Registered 'ExcelImportScreen' (singleton=False)
[2025-12-14 16:00:16.069] MenuRegistry: Registered screen factory 'ExcelImportScreen' in container (viewMode=)
[2025-12-14 16:00:16.082] MenuRegistry: Registered 'Import from Excel' in 'Projects' menu (hotkey=I order=40)
[2025-12-14 16:00:16.092] ServiceContainer: Registered 'TaskListScreen_Upcoming' (singleton=False)
[2025-12-14 16:00:16.104] MenuRegistry: Registered screen factory 'TaskListScreen_Upcoming' in container (viewMode=upcoming)
[2025-12-14 16:00:16.115] MenuRegistry: Registered 'Upcoming' in 'Tasks' menu (hotkey=U order=25)
[2025-12-14 16:00:16.127] ServiceContainer: Registered 'ThemeEditorScreen' (singleton=False)
[2025-12-14 16:00:16.137] MenuRegistry: Registered screen factory 'ThemeEditorScreen' in container (viewMode=)
[2025-12-14 16:00:16.147] MenuRegistry: Registered 'Theme Editor' in 'Options' menu (hotkey=T order=10)
[2025-12-14 16:00:16.159] ServiceContainer: Registered 'TaskListScreen_Default' (singleton=False)
[2025-12-14 16:00:16.171] MenuRegistry: Registered screen factory 'TaskListScreen_Default' in container (viewMode=)
[2025-12-14 16:00:16.187] MenuRegistry: Registered 'Task List' in 'Tasks' menu (hotkey=L order=5)
[2025-12-14 16:00:16.200] ServiceContainer: Registered 'WeeklyTimeReportScreen' (singleton=False)
[2025-12-14 16:00:16.211] MenuRegistry: Registered screen factory 'WeeklyTimeReportScreen' in container (viewMode=)
[2025-12-14 16:00:16.225] MenuRegistry: Registered 'Weekly Report' in 'Time' menu (hotkey=W order=10)
[2025-12-14 16:00:16.237] ServiceContainer: Registered 'ProjectListScreen' (singleton=False)
[2025-12-14 16:00:16.251] MenuRegistry: Registered screen factory 'ProjectListScreen' in container (viewMode=)
[2025-12-14 16:00:16.264] MenuRegistry: Registered 'Project List' in 'Projects' menu (hotkey=L order=10)
[2025-12-14 16:00:16.276] ServiceContainer: Registered 'TaskListScreen_Week' (singleton=False)
[2025-12-14 16:00:16.286] MenuRegistry: Registered screen factory 'TaskListScreen_Week' in container (viewMode=week)
[2025-12-14 16:00:16.296] MenuRegistry: Registered 'Week View' in 'Tasks' menu (hotkey=W order=20)
[2025-12-14 16:00:16.312] ServiceContainer: Registered 'NotesMenuScreen' (singleton=False)
[2025-12-14 16:00:16.325] MenuRegistry: Registered screen factory 'NotesMenuScreen' in container (viewMode=)
[2025-12-14 16:00:16.337] MenuRegistry: Registered 'Notes' in 'Tools' menu (hotkey=N order=20)
[2025-12-14 16:00:16.348] ServiceContainer: Registered 'ExcelProfileManagerScreen' (singleton=False)
[2025-12-14 16:00:16.359] MenuRegistry: Registered screen factory 'ExcelProfileManagerScreen' in container (viewMode=)
[2025-12-14 16:00:16.370] MenuRegistry: Registered 'Excel Profiles' in 'Projects' menu (hotkey=M order=50)
[2025-12-14 16:00:16.380] ServiceContainer: Registered 'ChecklistsLauncherScreen' (singleton=False)
[2025-12-14 16:00:16.390] MenuRegistry: Registered screen factory 'ChecklistsLauncherScreen' in container (viewMode=)
[2025-12-14 16:00:16.401] MenuRegistry: Registered 'Checklists' in 'Tools' menu (hotkey=C order=25)
[2025-12-14 16:00:16.411] ServiceContainer: Registered 'KanbanScreenV2' (singleton=False)
[2025-12-14 16:00:16.425] MenuRegistry: Registered screen factory 'KanbanScreenV2' in container (viewMode=)
[2025-12-14 16:00:16.443] MenuRegistry: Registered 'Kanban Board' in 'Tasks' menu (hotkey=K order=55)
[2025-12-14 16:00:16.455] ServiceContainer: Registered 'TaskListScreen_Month' (singleton=False)
[2025-12-14 16:00:16.469] MenuRegistry: Registered screen factory 'TaskListScreen_Month' in container (viewMode=month)
[2025-12-14 16:00:16.480] MenuRegistry: Registered 'Month View' in 'Tasks' menu (hotkey=M order=45)
[2025-12-14 16:00:16.490] [INFO] Menus loaded from C:\Users\jhnhe\OneDrive\Documents\GitHub\project-management-console\og_transport\HYBRID\module\Pmc.Strict\consoleui\screens\MenuItems.psd1
[2025-12-14 16:00:16.500] [INFO] Launching screen: TaskList
[2025-12-14 16:00:16.511] [INFO] Resolving TaskListScreen from container...
[2025-12-14 16:00:16.520] ServiceContainer: Resolving 'TaskListScreen'...
[2025-12-14 16:00:16.532] [INFO] Resolving TaskListScreen...
[2025-12-14 16:00:16.544] ServiceContainer: Resolving 'TaskStore'...
[2025-12-14 16:00:16.561] [INFO] Resolving TaskStore...
[2025-12-14 16:00:16.601] [DEBUG] TaskStore.LoadData: Starting
[2025-12-14 16:00:16.613] [DEBUG] TaskStore.LoadData: Calling Get-PmcData
[2025-12-14 16:00:16.840] [DEBUG] TaskStore.LoadData: Get-PmcData returned - tasks=2 projects=2 timelogs=3
[2025-12-14 16:00:16.860] [DEBUG] TaskStore.LoadData: Loaded 2 tasks
[2025-12-14 16:00:16.874] [DEBUG] TaskStore.LoadData: Loaded 2 projects
[2025-12-14 16:00:16.890] [DEBUG] TaskStore.LoadData: First project name='p1' ID1='111'
[2025-12-14 16:00:16.908] ServiceContainer: Resolved 'TaskStore' successfully
[2025-12-14 16:00:17.313] [DEBUG] PmcScreen.AddContentWidget: Adding UniversalList (Total: 1)
[2025-12-14 16:00:17.378] [DEBUG] TaskListScreen: Constructor started
[2025-12-14 16:00:17.425] _PopulateMenusFromRegistry: Menu 'Options' has 2 items from registry (array)
[2025-12-14 16:00:17.454] _PopulateMenusFromRegistry: Menu 'Time' has 3 items from registry (array)
[2025-12-14 16:00:17.470] _PopulateMenusFromRegistry: Menu 'Tasks' has 11 items from registry (array)
[2025-12-14 16:00:17.485] _PopulateMenusFromRegistry: Menu 'Projects' has 3 items from registry (array)
[2025-12-14 16:00:17.498] _PopulateMenusFromRegistry: Menu 'Tools' has 4 items from registry (array)
[2025-12-14 16:00:17.512] _PopulateMenusFromRegistry: Menu 'Help' has 1 items from registry (array)
[2025-12-14 16:00:17.523] [DEBUG] TaskListScreen: Constructor completed
[2025-12-14 16:00:17.535] ServiceContainer: Resolved 'TaskListScreen' successfully
[2025-12-14 16:00:17.545] [INFO] Pushing screen to app...
[2025-12-14 16:00:18.090] [DEBUG] LoadData: Got 2 tasks from Store
[2025-12-14 16:00:18.143] [DEBUG] TaskListScreen.LoadData: Setting 2 tasks
[2025-12-14 16:00:18.159] [DEBUG] UniversalList.SetData: START
[2025-12-14 16:00:18.223] [DEBUG] UniversalList.SetData: COMPLETE (2 items)
[2025-12-14 16:00:18.460] [INFO] Screen pushed successfully
[2025-12-14 16:00:18.472] [INFO] Starting event loop...
[2025-12-14 16:00:18.947] [DEBUG] PmcScreen: Calling RenderToEngine on UniversalList
[2025-12-14 16:00:21.664] [DEBUG] PmcScreen: Calling RenderToEngine on UniversalList
[2025-12-14 16:00:22.486] [DEBUG] StandardListScreen: Routing to InlineEditor (Key=Tab)
[2025-12-14 16:00:22.499] [DEBUG] StandardListScreen: After HandleInput - IsConfirmed=False IsCancelled=False ShowInlineEditor=True
[2025-12-14 16:00:22.513] [DEBUG] StandardListScreen: After close check - ShowInlineEditor=True
[2025-12-14 16:00:22.768] [DEBUG] PmcScreen: Calling RenderToEngine on UniversalList
[2025-12-14 16:00:23.298] [DEBUG] StandardListScreen: Routing to InlineEditor (Key=Tab)
[2025-12-14 16:00:23.310] [DEBUG] StandardListScreen: After HandleInput - IsConfirmed=False IsCancelled=False ShowInlineEditor=True
[2025-12-14 16:00:23.324] [DEBUG] StandardListScreen: After close check - ShowInlineEditor=True
[2025-12-14 16:00:23.498] [DEBUG] PmcScreen: Calling RenderToEngine on UniversalList
[2025-12-14 16:00:24.485] [DEBUG] StandardListScreen: Routing to InlineEditor (Key=Tab)
[2025-12-14 16:00:24.487] [DEBUG] StandardListScreen: After HandleInput - IsConfirmed=False IsCancelled=False ShowInlineEditor=True
[2025-12-14 16:00:24.500] [DEBUG] StandardListScreen: After close check - ShowInlineEditor=True
[2025-12-14 16:00:24.661] [DEBUG] PmcScreen: Calling RenderToEngine on UniversalList
[2025-12-14 16:00:26.122] [DEBUG] StandardListScreen: Routing to InlineEditor (Key=Enter)
[2025-12-14 16:00:26.199] [DEBUG] StandardListScreen: After HandleInput - IsConfirmed=False IsCancelled=False ShowInlineEditor=True
[2025-12-14 16:00:26.213] [DEBUG] StandardListScreen: After close check - ShowInlineEditor=True
[2025-12-14 16:00:26.437] [INFO] PadText: text='Type to filter...' rawLen=17 visibleLen=17 width=56 align=left
[2025-12-14 16:00:26.540] [INFO] PadText: text='Enter=Select | Alt+N=Create' rawLen=27 visibleLen=27 width=56 align=left
[2025-12-14 16:00:26.555] [DEBUG] PmcScreen: Calling RenderToEngine on UniversalList
[2025-12-14 16:00:26.685] [INFO] PadText: text='Type to filter...' rawLen=17 visibleLen=17 width=56 align=left
[2025-12-14 16:00:26.748] [INFO] PadText: text='Enter=Select | Alt+N=Create' rawLen=27 visibleLen=27 width=56 align=left
[2025-12-14 16:00:26.902] [INFO] PadText: text='Type to filter...' rawLen=17 visibleLen=17 width=56 align=left
[2025-12-14 16:00:26.962] [INFO] PadText: text='Enter=Select | Alt+N=Create' rawLen=27 visibleLen=27 width=56 align=left
[2025-12-14 16:00:27.035] [INFO] PadText: text='Type to filter...' rawLen=17 visibleLen=17 width=56 align=left
[2025-12-14 16:00:27.098] [INFO] PadText: text='Enter=Select | Alt+N=Create' rawLen=27 visibleLen=27 width=56 align=left
[2025-12-14 16:04:43.345] [INFO] Event loop exited normally
[2025-12-14 16:04:43.351] [INFO] Cleanup - showing cursor and resetting terminal
