[2025-12-13 15:00:26.961] [INFO] Loading PMC module...
[2025-12-13 15:00:28.481] [INFO] PMC module loaded
[2025-12-13 15:00:28.487] [INFO] Loading dependencies (FieldSchemas, etc.)...
[2025-12-13 15:00:28.699] [INFO] Dependencies loaded
[2025-12-13 15:00:28.715] [INFO] Loading SpeedTUI framework...
[2025-12-13 15:00:29.097] [INFO] SpeedTUI framework loaded
[2025-12-13 15:00:29.111] [INFO] Loading PraxisVT...
[2025-12-13 15:00:29.139] [INFO] PraxisVT loaded
[2025-12-13 15:00:29.151] [INFO] Loading core dependencies...
[2025-12-13 15:00:29.248] [INFO] Core dependencies loaded
[2025-12-13 15:00:29.262] [INFO] Loading widget base classes...
[2025-12-13 15:00:29.336] [INFO] Widget base classes loaded
[2025-12-13 15:00:29.353] [INFO] Loading services...
[2025-12-13 15:00:29.564] [INFO] Services loaded
[2025-12-13 15:00:29.577] [INFO] Loading helpers...
[2025-12-13 15:00:30.113] [INFO] Helpers loaded
[2025-12-13 15:00:30.126] [INFO] Loading widgets...
[2025-12-13 15:00:30.593] [INFO] Widgets loaded
[2025-12-13 15:00:30.607] [INFO] Loading screen base class...
[2025-12-13 15:00:30.637] [INFO] Screen base class loaded
[2025-12-13 15:00:30.652] [INFO] Loading HelpViewScreen (needed by base classes)...
[2025-12-13 15:00:30.694] [INFO] HelpViewScreen loaded
[2025-12-13 15:00:30.707] [INFO] Loading base classes...
[2025-12-13 15:00:30.824] [INFO] Base classes loaded
[2025-12-13 15:00:30.836] [INFO] Loading ServiceContainer (needed by screens)...
[2025-12-13 15:00:30.862] [INFO] ServiceContainer loaded
[2025-12-13 15:00:30.875] [INFO] Loading remaining screens...
[2025-12-13 15:00:31.000] [INFO] Remaining screens loaded
[2025-12-13 15:00:31.010] [INFO] Loading PmcApplication...
[2025-12-13 15:00:31.041] [INFO] PmcApplication loaded
[2025-12-13 15:00:31.055] [INFO] All components loaded successfully
[2025-12-13 15:00:31.081] [INFO] Starting PMC TUI with screen: TaskList
[2025-12-13 15:00:31.101] [INFO] Cleared stale PmcSharedMenuBar and MenuRegistry singleton
[2025-12-13 15:00:31.116] [INFO] Creating ServiceContainer...
[2025-12-13 15:00:31.135] [INFO] ServiceContainer created
[2025-12-13 15:00:31.149] [INFO] Registering Theme service...
[2025-12-13 15:00:31.177] ServiceContainer: Registered 'Theme' (singleton=True)
[2025-12-13 15:00:31.193] [INFO] Registering ThemeManager...
[2025-12-13 15:00:31.208] ServiceContainer: Registered 'ThemeManager' (singleton=True)
[2025-12-13 15:00:31.226] [INFO] Registering Config service...
[2025-12-13 15:00:31.244] ServiceContainer: Registered 'Config' (singleton=True)
[2025-12-13 15:00:31.260] [INFO] Registering TaskStore service...
[2025-12-13 15:00:31.278] ServiceContainer: Registered 'TaskStore' (singleton=True)
[2025-12-13 15:00:31.293] [INFO] Registering MenuRegistry service...
[2025-12-13 15:00:31.309] ServiceContainer: Registered 'MenuRegistry' (singleton=True)
[2025-12-13 15:00:31.324] [INFO] Registering Application service...
[2025-12-13 15:00:31.349] ServiceContainer: Registered 'Application' (singleton=True)
[2025-12-13 15:00:31.370] [INFO] Registering CommandService...
[2025-12-13 15:00:31.400] ServiceContainer: Registered 'CommandService' (singleton=True)
[2025-12-13 15:00:31.414] [INFO] Registering ChecklistService...
[2025-12-13 15:00:31.431] ServiceContainer: Registered 'ChecklistService' (singleton=True)
[2025-12-13 15:00:31.444] [INFO] Registering NoteService...
[2025-12-13 15:00:31.464] ServiceContainer: Registered 'NoteService' (singleton=True)
[2025-12-13 15:00:31.479] [INFO] Registering ExcelMappingService...
[2025-12-13 15:00:31.493] ServiceContainer: Registered 'ExcelMappingService' (singleton=True)
[2025-12-13 15:00:31.507] [INFO] Registering PreferencesService...
[2025-12-13 15:00:31.522] ServiceContainer: Registered 'PreferencesService' (singleton=True)
[2025-12-13 15:00:31.540] [INFO] Registering screen factories...
[2025-12-13 15:00:31.555] ServiceContainer: Registered 'TaskListScreen' (singleton=False)
[2025-12-13 15:00:31.569] [INFO] Resolving Application from container...
[2025-12-13 15:00:31.592] ServiceContainer: Resolving 'Application'...
[2025-12-13 15:00:31.608] [INFO] Resolving Application...
[2025-12-13 15:00:31.623] ServiceContainer: Resolving 'Theme'...
[2025-12-13 15:00:31.642] [INFO] Resolving Theme: Calling Initialize-PmcThemeSystem...
[2025-12-13 15:00:31.663] [INFO] Theme resolved: #33aaff
[2025-12-13 15:00:31.678] [INFO] Loading PmcThemeEngine...
[2025-12-13 15:00:31.790] [DEBUG] Palette [Border] -> #185F30 (R=24 G=95 B=48)
[2025-12-13 15:00:31.809] [DEBUG] Palette [Success] -> #2CB158 (R=44 G=177 B=88)
[2025-12-13 15:00:31.825] [DEBUG] Palette [Text] -> #C2EACF (R=194 G=234 B=207)
[2025-12-13 15:00:31.838] [DEBUG] Palette [Label] -> #5C8F6D (R=92 G=143 B=109)
[2025-12-13 15:00:31.853] [DEBUG] Palette [Cursor] -> #228844 (R=34 G=136 B=68)
[2025-12-13 15:00:31.870] [DEBUG] Palette [Bright] -> #2CB158 (R=44 G=177 B=88)
[2025-12-13 15:00:31.884] [DEBUG] Palette [Primary] -> #228844 (R=34 G=136 B=68)
[2025-12-13 15:00:31.899] [DEBUG] Palette [Warning] -> #7FCA14 (R=127 G=202 B=20)
[2025-12-13 15:00:31.911] [DEBUG] Palette [Status] -> #5C8F6D (R=92 G=143 B=109)
[2025-12-13 15:00:31.923] [DEBUG] Palette [Header] -> #228844 (R=34 G=136 B=68)
[2025-12-13 15:00:31.941] [DEBUG] Palette [Highlight] -> #228844 (R=34 G=136 B=68)
[2025-12-13 15:00:31.955] [DEBUG] Palette [Muted] -> #5C8F6D (R=92 G=143 B=109)
[2025-12-13 15:00:31.969] [DEBUG] Palette [Error] -> #BE2914 (R=190 G=41 B=20)
[2025-12-13 15:00:31.984] [DEBUG] Palette [Footer] -> #185F30 (R=24 G=95 B=48)
[2025-12-13 15:00:32.005] [INFO] LoadFromConfig: Loaded Properties with 16 items
[2025-12-13 15:00:32.024] [INFO] PmcThemeEngine initialized with PMC palette (14 colors)
[2025-12-13 15:00:32.040] ServiceContainer: Resolved 'Theme' successfully
[2025-12-13 15:00:32.138] ServiceContainer: Resolving 'ThemeManager'...
[2025-12-13 15:00:32.153] [INFO] Resolving ThemeManager...
[2025-12-13 15:00:32.280] ServiceContainer: Resolved 'ThemeManager' successfully
[2025-12-13 15:00:32.310] ServiceContainer: Resolved 'Application' successfully
[2025-12-13 15:00:32.334] [INFO] Application resolved and assigned to $global:PmcApp
[2025-12-13 15:00:32.363] [INFO] Loading menus from manifest...
[2025-12-13 15:00:32.379] ServiceContainer: Resolving 'MenuRegistry'...
[2025-12-13 15:00:32.398] [INFO] Resolving MenuRegistry...
[2025-12-13 15:00:32.420] ServiceContainer: Resolved 'MenuRegistry' successfully
[2025-12-13 15:00:32.454] MenuRegistry: Loaded manifest with 24 entries
[2025-12-13 15:00:32.497] ServiceContainer: Registered 'TaskListScreen_Agenda' (singleton=False)
[2025-12-13 15:00:32.514] MenuRegistry: Registered screen factory 'TaskListScreen_Agenda' in container (viewMode=agenda)
[2025-12-13 15:00:32.546] MenuRegistry: Registered 'Agenda View' in 'Tasks' menu (hotkey=A order=50)
[2025-12-13 15:00:32.564] ServiceContainer: Registered 'ProjectListScreen' (singleton=False)
[2025-12-13 15:00:32.579] MenuRegistry: Registered screen factory 'ProjectListScreen' in container (viewMode=)
[2025-12-13 15:00:32.602] MenuRegistry: Registered 'Project List' in 'Projects' menu (hotkey=L order=10)
[2025-12-13 15:00:32.620] ServiceContainer: Registered 'ExcelImportScreen' (singleton=False)
[2025-12-13 15:00:32.635] MenuRegistry: Registered screen factory 'ExcelImportScreen' in container (viewMode=)
[2025-12-13 15:00:32.647] MenuRegistry: Registered 'Import from Excel' in 'Projects' menu (hotkey=I order=40)
[2025-12-13 15:00:32.663] ServiceContainer: Registered 'TaskListScreen_Default' (singleton=False)
[2025-12-13 15:00:32.679] MenuRegistry: Registered screen factory 'TaskListScreen_Default' in container (viewMode=)
[2025-12-13 15:00:32.691] MenuRegistry: Registered 'Task List' in 'Tasks' menu (hotkey=L order=5)
[2025-12-13 15:00:32.705] ServiceContainer: Registered 'ExcelProfileManagerScreen' (singleton=False)
[2025-12-13 15:00:32.718] MenuRegistry: Registered screen factory 'ExcelProfileManagerScreen' in container (viewMode=)
[2025-12-13 15:00:32.733] MenuRegistry: Registered 'Excel Profiles' in 'Projects' menu (hotkey=M order=50)
[2025-12-13 15:00:32.749] ServiceContainer: Registered 'TaskListScreen_Today' (singleton=False)
[2025-12-13 15:00:32.763] MenuRegistry: Registered screen factory 'TaskListScreen_Today' in container (viewMode=today)
[2025-12-13 15:00:32.784] [INFO] Cleanup - showing cursor and resetting terminal
