[2025-12-13 15:52:50.290] [INFO] Loading PMC module...
[2025-12-13 15:52:51.408] [INFO] PMC module loaded
[2025-12-13 15:52:51.410] [INFO] Loading dependencies (FieldSchemas, etc.)...
[2025-12-13 15:52:51.529] [INFO] Dependencies loaded
[2025-12-13 15:52:51.540] [INFO] Loading SpeedTUI framework...
[2025-12-13 15:52:51.796] [INFO] SpeedTUI framework loaded
[2025-12-13 15:52:51.798] [INFO] Loading PraxisVT...
[2025-12-13 15:52:51.827] [INFO] PraxisVT loaded
[2025-12-13 15:52:51.843] [INFO] Loading core dependencies...
[2025-12-13 15:52:51.918] [INFO] Core dependencies loaded
[2025-12-13 15:52:51.929] [INFO] Loading widget base classes...
[2025-12-13 15:52:51.981] [INFO] Widget base classes loaded
[2025-12-13 15:52:51.993] [INFO] Loading services...
[2025-12-13 15:52:52.147] [INFO] Services loaded
[2025-12-13 15:52:52.160] [INFO] Loading helpers...
[2025-12-13 15:52:52.609] [INFO] Helpers loaded
[2025-12-13 15:52:52.619] [INFO] Loading widgets...
[2025-12-13 15:52:52.986] [ERROR] Failed to load widgets: At C:\Users\jhnhe\OneDrive\Documents\GitHub\project-management-console\og_transport\HYBRID\module\Pmc.Strict\consoleui\widgets\UniversalList.ps1:1029 char:52
+                         Write-PmcTuiLog "Row 0 Col $c: '$strVal' (Reg …
+                                                    ~~~
Variable reference is not valid. ':' was not followed by a valid variable name character. Consider using ${} to delimit the name.
