[2025-12-13 21:05:31.317] [INFO] Loading PMC module...
[2025-12-13 21:05:33.581] [INFO] PMC module loaded
[2025-12-13 21:05:33.584] [INFO] Loading dependencies (FieldSchemas, etc.)...
[2025-12-13 21:05:33.764] [INFO] Dependencies loaded
[2025-12-13 21:05:33.781] [INFO] Loading SpeedTUI framework...
[2025-12-13 21:05:34.281] [INFO] SpeedTUI framework loaded
[2025-12-13 21:05:34.301] [INFO] Loading PraxisVT...
[2025-12-13 21:05:34.329] [INFO] PraxisVT loaded
[2025-12-13 21:05:34.343] [INFO] Loading core dependencies...
[2025-12-13 21:05:34.489] [INFO] Core dependencies loaded
[2025-12-13 21:05:34.504] [INFO] Loading widget base classes...
[2025-12-13 21:05:34.614] [INFO] Widget base classes loaded
[2025-12-13 21:05:34.633] [INFO] Loading services...
[2025-12-13 21:05:34.857] [INFO] Services loaded
[2025-12-13 21:05:34.873] [INFO] Loading helpers...
[2025-12-13 21:05:35.665] [INFO] Helpers loaded
[2025-12-13 21:05:35.678] [INFO] Loading widgets...
[2025-12-13 21:05:36.387] [INFO] Widgets loaded
[2025-12-13 21:05:36.402] [INFO] Loading screen base class...
[2025-12-13 21:05:36.456] [INFO] Screen base class loaded
[2025-12-13 21:05:36.477] [INFO] Loading HelpViewScreen (needed by base classes)...
[2025-12-13 21:05:36.535] [INFO] HelpViewScreen loaded
[2025-12-13 21:05:36.550] [INFO] Loading base classes...
[2025-12-13 21:05:36.766] [INFO] Base classes loaded
[2025-12-13 21:05:36.781] [INFO] Loading ServiceContainer (needed by screens)...
[2025-12-13 21:05:36.825] [INFO] ServiceContainer loaded
[2025-12-13 21:05:36.846] [INFO] Loading remaining screens...
[2025-12-13 21:05:37.041] [INFO] Remaining screens loaded
[2025-12-13 21:05:37.059] [INFO] Loading PmcApplication...
[2025-12-13 21:05:37.112] [INFO] PmcApplication loaded
[2025-12-13 21:05:37.129] [INFO] All components loaded successfully
[2025-12-13 21:05:37.164] [INFO] Starting PMC TUI with screen: TaskList
[2025-12-13 21:05:37.192] [INFO] Cleared stale PmcSharedMenuBar and MenuRegistry singleton
[2025-12-13 21:05:37.216] [INFO] Creating ServiceContainer...
[2025-12-13 21:05:37.253] [INFO] ServiceContainer created
[2025-12-13 21:05:37.278] [INFO] Registering Theme service...
[2025-12-13 21:05:37.310] ServiceContainer: Registered 'Theme' (singleton=True)
[2025-12-13 21:05:37.333] [INFO] Registering ThemeManager...
[2025-12-13 21:05:37.352] ServiceContainer: Registered 'ThemeManager' (singleton=True)
[2025-12-13 21:05:37.368] [INFO] Registering Config service...
[2025-12-13 21:05:37.383] ServiceContainer: Registered 'Config' (singleton=True)
[2025-12-13 21:05:37.402] [INFO] Registering TaskStore service...
[2025-12-13 21:05:37.422] ServiceContainer: Registered 'TaskStore' (singleton=True)
[2025-12-13 21:05:37.439] [INFO] Registering MenuRegistry service...
[2025-12-13 21:05:37.455] ServiceContainer: Registered 'MenuRegistry' (singleton=True)
[2025-12-13 21:05:37.476] [INFO] Registering Application service...
[2025-12-13 21:05:37.495] ServiceContainer: Registered 'Application' (singleton=True)
[2025-12-13 21:05:37.518] [INFO] Registering CommandService...
[2025-12-13 21:05:37.549] ServiceContainer: Registered 'CommandService' (singleton=True)
[2025-12-13 21:05:37.577] [INFO] Registering ChecklistService...
[2025-12-13 21:05:37.593] ServiceContainer: Registered 'ChecklistService' (singleton=True)
[2025-12-13 21:05:37.609] [INFO] Registering NoteService...
[2025-12-13 21:05:37.627] ServiceContainer: Registered 'NoteService' (singleton=True)
[2025-12-13 21:05:37.647] [INFO] Registering ExcelMappingService...
[2025-12-13 21:05:37.668] ServiceContainer: Registered 'ExcelMappingService' (singleton=True)
[2025-12-13 21:05:37.689] [INFO] Registering PreferencesService...
[2025-12-13 21:05:37.719] ServiceContainer: Registered 'PreferencesService' (singleton=True)
[2025-12-13 21:05:37.739] [INFO] Registering screen factories...
[2025-12-13 21:05:37.761] ServiceContainer: Registered 'TaskListScreen' (singleton=False)
[2025-12-13 21:05:37.789] [INFO] Resolving Application from container...
[2025-12-13 21:05:37.829] ServiceContainer: Resolving 'Application'...
[2025-12-13 21:05:37.850] [INFO] Resolving Application...
[2025-12-13 21:05:37.883] ServiceContainer: Resolving 'Theme'...
[2025-12-13 21:05:37.915] [INFO] Resolving Theme: Calling Initialize-PmcThemeSystem...
[2025-12-13 21:05:37.958] [INFO] Theme resolved: #33aaff
[2025-12-13 21:05:37.980] [INFO] Loading PmcThemeEngine...
[2025-12-13 21:05:38.367] [DEBUG] Palette [Header] -> #228844 (R=34 G=136 B=68)
[2025-12-13 21:05:38.394] [DEBUG] Palette [Primary] -> #228844 (R=34 G=136 B=68)
[2025-12-13 21:05:38.414] [DEBUG] Palette [Highlight] -> #228844 (R=34 G=136 B=68)
[2025-12-13 21:05:38.451] [DEBUG] Palette [Error] -> #BE2914 (R=190 G=41 B=20)
[2025-12-13 21:05:38.483] [DEBUG] Palette [Bright] -> #2CB158 (R=44 G=177 B=88)
[2025-12-13 21:05:38.516] [DEBUG] Palette [Warning] -> #7FCA14 (R=127 G=202 B=20)
[2025-12-13 21:05:38.555] [DEBUG] Palette [Cursor] -> #228844 (R=34 G=136 B=68)
[2025-12-13 21:05:38.583] [DEBUG] Palette [Text] -> #C2EACF (R=194 G=234 B=207)
[2025-12-13 21:05:38.615] [DEBUG] Palette [Status] -> #5C8F6D (R=92 G=143 B=109)
[2025-12-13 21:05:38.655] [DEBUG] Palette [Footer] -> #185F30 (R=24 G=95 B=48)
[2025-12-13 21:05:38.703] [DEBUG] Palette [Border] -> #185F30 (R=24 G=95 B=48)
[2025-12-13 21:05:38.739] [DEBUG] Palette [Muted] -> #5C8F6D (R=92 G=143 B=109)
[2025-12-13 21:05:38.774] [DEBUG] Palette [Success] -> #2CB158 (R=44 G=177 B=88)
[2025-12-13 21:05:38.810] [DEBUG] Palette [Label] -> #5C8F6D (R=92 G=143 B=109)
[2025-12-13 21:05:38.869] [INFO] LoadFromConfig: Loaded Properties with 16 items
[2025-12-13 21:05:38.912] [INFO] PmcThemeEngine initialized with PMC palette (14 colors)
[2025-12-13 21:05:38.936] ServiceContainer: Resolved 'Theme' successfully
[2025-12-13 21:05:39.148] ServiceContainer: Resolving 'ThemeManager'...
[2025-12-13 21:05:39.175] [INFO] Resolving ThemeManager...
[2025-12-13 21:05:39.409] ServiceContainer: Resolved 'ThemeManager' successfully
[2025-12-13 21:05:39.445] ServiceContainer: Resolved 'Application' successfully
[2025-12-13 21:05:39.471] [INFO] Application resolved and assigned to $global:PmcApp
[2025-12-13 21:05:39.493] [INFO] Loading menus from manifest...
[2025-12-13 21:05:39.509] ServiceContainer: Resolving 'MenuRegistry'...
[2025-12-13 21:05:39.527] [INFO] Resolving MenuRegistry...
[2025-12-13 21:05:39.564] ServiceContainer: Resolved 'MenuRegistry' successfully
[2025-12-13 21:05:39.602] MenuRegistry: Loaded manifest with 24 entries
[2025-12-13 21:05:39.646] ServiceContainer: Registered 'TaskListScreen_Agenda' (singleton=False)
[2025-12-13 21:05:39.662] MenuRegistry: Registered screen factory 'TaskListScreen_Agenda' in container (viewMode=agenda)
[2025-12-13 21:05:39.696] MenuRegistry: Registered 'Agenda View' in 'Tasks' menu (hotkey=A order=50)
[2025-12-13 21:05:39.714] ServiceContainer: Registered 'ChecklistsLauncherScreen' (singleton=False)
[2025-12-13 21:05:39.730] MenuRegistry: Registered screen factory 'ChecklistsLauncherScreen' in container (viewMode=)
[2025-12-13 21:05:39.747] MenuRegistry: Registered 'Checklists' in 'Tools' menu (hotkey=C order=25)
[2025-12-13 21:05:39.767] ServiceContainer: Registered 'TaskListScreen_NoDate' (singleton=False)
[2025-12-13 21:05:39.785] MenuRegistry: Registered screen factory 'TaskListScreen_NoDate' in container (viewMode=noduedate)
[2025-12-13 21:05:39.803] MenuRegistry: Registered 'No Due Date' in 'Tasks' menu (hotkey=D order=40)
[2025-12-13 21:05:39.824] ServiceContainer: Registered 'TaskListScreen_Month' (singleton=False)
[2025-12-13 21:05:39.840] MenuRegistry: Registered screen factory 'TaskListScreen_Month' in container (viewMode=month)
[2025-12-13 21:05:39.857] MenuRegistry: Registered 'Month View' in 'Tasks' menu (hotkey=M order=45)
[2025-12-13 21:05:39.876] ServiceContainer: Registered 'HelpViewScreen' (singleton=False)
[2025-12-13 21:05:39.894] MenuRegistry: Registered screen factory 'HelpViewScreen' in container (viewMode=)
[2025-12-13 21:05:39.922] MenuRegistry: Registered 'Help' in 'Help' menu (hotkey=H order=10)
[2025-12-13 21:05:39.952] ServiceContainer: Registered 'ProjectListScreen' (singleton=False)
[2025-12-13 21:05:39.985] MenuRegistry: Registered screen factory 'ProjectListScreen' in container (viewMode=)
[2025-12-13 21:05:39.999] MenuRegistry: Registered 'Project List' in 'Projects' menu (hotkey=L order=10)
[2025-12-13 21:05:40.015] ServiceContainer: Registered 'KanbanScreenV2' (singleton=False)
[2025-12-13 21:05:40.031] MenuRegistry: Registered screen factory 'KanbanScreenV2' in container (viewMode=)
[2025-12-13 21:05:40.059] MenuRegistry: Registered 'Kanban Board' in 'Tasks' menu (hotkey=K order=55)
[2025-12-13 21:05:40.088] ServiceContainer: Registered 'TaskListScreen_Tomorrow' (singleton=False)
[2025-12-13 21:05:40.121] MenuRegistry: Registered screen factory 'TaskListScreen_Tomorrow' in container (viewMode=tomorrow)
[2025-12-13 21:05:40.146] MenuRegistry: Registered 'Tomorrow' in 'Tasks' menu (hotkey=T order=15)
[2025-12-13 21:05:40.169] ServiceContainer: Registered 'TaskListScreen_Default' (singleton=False)
[2025-12-13 21:05:40.195] MenuRegistry: Registered screen factory 'TaskListScreen_Default' in container (viewMode=)
[2025-12-13 21:05:40.214] MenuRegistry: Registered 'Task List' in 'Tasks' menu (hotkey=L order=5)
[2025-12-13 21:05:40.235] ServiceContainer: Registered 'ExcelImportScreen' (singleton=False)
[2025-12-13 21:05:40.261] MenuRegistry: Registered screen factory 'ExcelImportScreen' in container (viewMode=)
[2025-12-13 21:05:40.283] MenuRegistry: Registered 'Import from Excel' in 'Projects' menu (hotkey=I order=40)
[2025-12-13 21:05:40.308] ServiceContainer: Registered 'ExcelProfileManagerScreen' (singleton=False)
[2025-12-13 21:05:40.331] MenuRegistry: Registered screen factory 'ExcelProfileManagerScreen' in container (viewMode=)
[2025-12-13 21:05:40.358] MenuRegistry: Registered 'Excel Profiles' in 'Projects' menu (hotkey=M order=50)
[2025-12-13 21:05:40.388] ServiceContainer: Registered 'TaskListScreen_Week' (singleton=False)
[2025-12-13 21:05:40.405] MenuRegistry: Registered screen factory 'TaskListScreen_Week' in container (viewMode=week)
[2025-12-13 21:05:40.423] MenuRegistry: Registered 'Week View' in 'Tasks' menu (hotkey=W order=20)
[2025-12-13 21:05:40.444] ServiceContainer: Registered 'WeeklyTimeReportScreen' (singleton=False)
[2025-12-13 21:05:40.462] MenuRegistry: Registered screen factory 'WeeklyTimeReportScreen' in container (viewMode=)
[2025-12-13 21:05:40.489] MenuRegistry: Registered 'Weekly Report' in 'Time' menu (hotkey=W order=10)
[2025-12-13 21:05:40.511] ServiceContainer: Registered 'NotesMenuScreen' (singleton=False)
[2025-12-13 21:05:40.535] MenuRegistry: Registered screen factory 'NotesMenuScreen' in container (viewMode=)
[2025-12-13 21:05:40.558] MenuRegistry: Registered 'Notes' in 'Tools' menu (hotkey=N order=20)
[2025-12-13 21:05:40.576] ServiceContainer: Registered 'TaskListScreen_Upcoming' (singleton=False)
[2025-12-13 21:05:40.596] MenuRegistry: Registered screen factory 'TaskListScreen_Upcoming' in container (viewMode=upcoming)
[2025-12-13 21:05:40.621] MenuRegistry: Registered 'Upcoming' in 'Tasks' menu (hotkey=U order=25)
[2025-12-13 21:05:40.657] ServiceContainer: Registered 'TaskListScreen_Overdue' (singleton=False)
[2025-12-13 21:05:40.695] MenuRegistry: Registered screen factory 'TaskListScreen_Overdue' in container (viewMode=overdue)
[2025-12-13 21:05:40.764] MenuRegistry: Registered 'Overdue' in 'Tasks' menu (hotkey=O order=30)
[2025-12-13 21:05:40.811] ServiceContainer: Registered 'TaskListScreen_NextActions' (singleton=False)
[2025-12-13 21:05:40.838] MenuRegistry: Registered screen factory 'TaskListScreen_NextActions' in container (viewMode=nextactions)
[2025-12-13 21:05:40.864] MenuRegistry: Registered 'Next Actions' in 'Tasks' menu (hotkey=N order=35)
[2025-12-13 21:05:40.897] ServiceContainer: Registered 'CommandLibraryScreen' (singleton=False)
[2025-12-13 21:05:40.918] MenuRegistry: Registered screen factory 'CommandLibraryScreen' in container (viewMode=)
[2025-12-13 21:05:40.934] MenuRegistry: Registered 'Command Library' in 'Tools' menu (hotkey=L order=10)
[2025-12-13 21:05:40.948] ServiceContainer: Registered 'TaskListScreen_Today' (singleton=False)
[2025-12-13 21:05:40.962] MenuRegistry: Registered screen factory 'TaskListScreen_Today' in container (viewMode=today)
[2025-12-13 21:05:40.978] MenuRegistry: Registered 'Today' in 'Tasks' menu (hotkey=Y order=10)
[2025-12-13 21:05:40.994] ServiceContainer: Registered 'TimeReportScreen' (singleton=False)
[2025-12-13 21:05:41.015] MenuRegistry: Registered screen factory 'TimeReportScreen' in container (viewMode=)
[2025-12-13 21:05:41.031] MenuRegistry: Registered 'Time Report' in 'Time' menu (hotkey=R order=20)
[2025-12-13 21:05:41.048] ServiceContainer: Registered 'TimeListScreen' (singleton=False)
[2025-12-13 21:05:41.068] MenuRegistry: Registered screen factory 'TimeListScreen' in container (viewMode=)
[2025-12-13 21:05:41.089] MenuRegistry: Registered 'Time Tracking' in 'Time' menu (hotkey=T order=5)
[2025-12-13 21:05:41.109] ServiceContainer: Registered 'SettingsScreen' (singleton=False)
[2025-12-13 21:05:41.126] MenuRegistry: Registered screen factory 'SettingsScreen' in container (viewMode=)
[2025-12-13 21:05:41.146] MenuRegistry: Registered 'Settings' in 'Options' menu (hotkey=S order=20)
[2025-12-13 21:05:41.166] ServiceContainer: Registered 'ChecklistTemplatesFolderScreen' (singleton=False)
[2025-12-13 21:05:41.195] MenuRegistry: Registered screen factory 'ChecklistTemplatesFolderScreen' in container (viewMode=)
[2025-12-13 21:05:41.222] MenuRegistry: Registered 'Checklist Templates' in 'Tools' menu (hotkey=H order=30)
[2025-12-13 21:05:41.255] ServiceContainer: Registered 'ThemeEditorScreen' (singleton=False)
[2025-12-13 21:05:41.279] MenuRegistry: Registered screen factory 'ThemeEditorScreen' in container (viewMode=)
[2025-12-13 21:05:41.311] MenuRegistry: Registered 'Theme Editor' in 'Options' menu (hotkey=T order=10)
[2025-12-13 21:05:41.335] [INFO] Menus loaded from C:\Users\jhnhe\OneDrive\Documents\GitHub\project-management-console\og_transport\HYBRID\module\Pmc.Strict\consoleui\screens\MenuItems.psd1
[2025-12-13 21:05:41.351] [INFO] Launching screen: TaskList
[2025-12-13 21:05:41.365] [INFO] Resolving TaskListScreen from container...
[2025-12-13 21:05:41.380] ServiceContainer: Resolving 'TaskListScreen'...
[2025-12-13 21:05:41.396] [INFO] Resolving TaskListScreen...
[2025-12-13 21:05:41.420] ServiceContainer: Resolving 'TaskStore'...
[2025-12-13 21:05:41.445] [INFO] Resolving TaskStore...
[2025-12-13 21:05:41.493] [DEBUG] TaskStore.LoadData: Starting
[2025-12-13 21:05:41.512] [DEBUG] TaskStore.LoadData: Calling Get-PmcData
[2025-12-13 21:05:41.858] [DEBUG] TaskStore.LoadData: Get-PmcData returned - tasks=4 projects=2 timelogs=3
[2025-12-13 21:05:41.887] [DEBUG] TaskStore.LoadData: Loaded 4 tasks
[2025-12-13 21:05:41.913] [DEBUG] TaskStore.LoadData: Loaded 2 projects
[2025-12-13 21:05:41.935] [DEBUG] TaskStore.LoadData: First project name='p1' ID1='111'
[2025-12-13 21:05:41.967] ServiceContainer: Resolved 'TaskStore' successfully
[2025-12-13 21:05:42.680] [DEBUG] PmcScreen.AddContentWidget: Adding UniversalList (Total: 1)
[2025-12-13 21:05:42.736] [DEBUG] TaskListScreen: Constructor started
[2025-12-13 21:05:42.805] _PopulateMenusFromRegistry: Menu 'Tasks' has 11 items from registry (array)
[2025-12-13 21:05:42.842] _PopulateMenusFromRegistry: Menu 'Help' has 1 items from registry (array)
[2025-12-13 21:05:42.862] _PopulateMenusFromRegistry: Menu 'Time' has 3 items from registry (array)
[2025-12-13 21:05:42.880] _PopulateMenusFromRegistry: Menu 'Projects' has 3 items from registry (array)
[2025-12-13 21:05:42.899] _PopulateMenusFromRegistry: Menu 'Options' has 2 items from registry (array)
[2025-12-13 21:05:42.921] _PopulateMenusFromRegistry: Menu 'Tools' has 4 items from registry (array)
[2025-12-13 21:05:42.944] [DEBUG] TaskListScreen: Constructor completed
[2025-12-13 21:05:42.968] ServiceContainer: Resolved 'TaskListScreen' successfully
[2025-12-13 21:05:42.984] [INFO] Pushing screen to app...
[2025-12-13 21:05:43.561] [DEBUG] LoadData: Got 4 tasks from Store
[2025-12-13 21:05:43.694] [DEBUG] TaskListScreen.LoadData: Setting 4 tasks
[2025-12-13 21:05:43.718] [DEBUG] UniversalList.SetData: START
[2025-12-13 21:05:43.812] [DEBUG] UniversalList.SetData: COMPLETE (4 items)
[2025-12-13 21:05:43.882] [INFO] Screen pushed successfully
[2025-12-13 21:05:43.906] [INFO] Starting event loop...
[2025-12-13 21:05:45.234] [DEBUG] PmcScreen: Calling RenderToEngine on UniversalList
[2025-12-13 21:07:20.949] [DEBUG] PmcScreen: Calling RenderToEngine on UniversalList
