[2025-12-13 21:02:43.342] [INFO] Loading PMC module...
[2025-12-13 21:02:44.472] [INFO] PMC module loaded
[2025-12-13 21:02:44.474] [INFO] Loading dependencies (FieldSchemas, etc.)...
[2025-12-13 21:02:44.610] [INFO] Dependencies loaded
[2025-12-13 21:02:44.621] [INFO] Loading SpeedTUI framework...
[2025-12-13 21:02:45.113] [INFO] Loading PraxisVT...
[2025-12-13 21:02:45.122] [INFO] PraxisVT loaded
[2025-12-13 21:02:45.132] [INFO] Loading core dependencies...
[2025-12-13 21:02:45.192] [INFO] Core dependencies loaded
[2025-12-13 21:02:45.202] [INFO] Loading widget base classes...
[2025-12-13 21:02:45.244] [INFO] Widget base classes loaded
[2025-12-13 21:02:45.252] [INFO] Loading services...
[2025-12-13 21:02:45.394] [INFO] Services loaded
[2025-12-13 21:02:45.404] [INFO] Loading helpers...
[2025-12-13 21:02:46.023] [INFO] Helpers loaded
[2025-12-13 21:02:46.035] [INFO] Loading widgets...
[2025-12-13 21:02:46.478] [INFO] Widgets loaded
[2025-12-13 21:02:46.492] [INFO] Loading screen base class...
[2025-12-13 21:02:46.526] [INFO] Screen base class loaded
[2025-12-13 21:02:46.539] [INFO] Loading HelpViewScreen (needed by base classes)...
[2025-12-13 21:02:46.587] [INFO] HelpViewScreen loaded
[2025-12-13 21:02:46.602] [INFO] Loading base classes...
[2025-12-13 21:02:46.683] [INFO] Base classes loaded
[2025-12-13 21:02:46.694] [INFO] Loading ServiceContainer (needed by screens)...
[2025-12-13 21:02:46.715] [INFO] ServiceContainer loaded
[2025-12-13 21:02:46.726] [INFO] Loading remaining screens...
[2025-12-13 21:02:46.848] [INFO] Remaining screens loaded
[2025-12-13 21:02:46.858] [INFO] Loading PmcApplication...
[2025-12-13 21:02:46.885] [INFO] PmcApplication loaded
[2025-12-13 21:02:46.895] [INFO] All components loaded successfully
[2025-12-13 21:02:46.936] [INFO] Starting PMC TUI with screen: TaskList
[2025-12-13 21:02:46.950] [INFO] Cleared stale PmcSharedMenuBar and MenuRegistry singleton
[2025-12-13 21:02:46.960] [INFO] Creating ServiceContainer...
[2025-12-13 21:02:46.974] [INFO] ServiceContainer created
[2025-12-13 21:02:46.985] [INFO] Registering Theme service...
[2025-12-13 21:02:47.004] ServiceContainer: Registered 'Theme' (singleton=True)
[2025-12-13 21:02:47.015] [INFO] Registering ThemeManager...
[2025-12-13 21:02:47.024] ServiceContainer: Registered 'ThemeManager' (singleton=True)
[2025-12-13 21:02:47.036] [INFO] Registering Config service...
[2025-12-13 21:02:47.049] ServiceContainer: Registered 'Config' (singleton=True)
[2025-12-13 21:02:47.062] [INFO] Registering TaskStore service...
[2025-12-13 21:02:47.072] ServiceContainer: Registered 'TaskStore' (singleton=True)
[2025-12-13 21:02:47.082] [INFO] Registering MenuRegistry service...
[2025-12-13 21:02:47.092] ServiceContainer: Registered 'MenuRegistry' (singleton=True)
[2025-12-13 21:02:47.102] [INFO] Registering Application service...
[2025-12-13 21:02:47.112] ServiceContainer: Registered 'Application' (singleton=True)
[2025-12-13 21:02:47.123] [INFO] Registering CommandService...
[2025-12-13 21:02:47.134] ServiceContainer: Registered 'CommandService' (singleton=True)
[2025-12-13 21:02:47.144] [INFO] Registering ChecklistService...
[2025-12-13 21:02:47.155] ServiceContainer: Registered 'ChecklistService' (singleton=True)
[2025-12-13 21:02:47.165] [INFO] Registering NoteService...
[2025-12-13 21:02:47.178] ServiceContainer: Registered 'NoteService' (singleton=True)
[2025-12-13 21:02:47.193] [INFO] Registering ExcelMappingService...
[2025-12-13 21:02:47.203] ServiceContainer: Registered 'ExcelMappingService' (singleton=True)
[2025-12-13 21:02:47.215] [INFO] Registering PreferencesService...
[2025-12-13 21:02:47.228] ServiceContainer: Registered 'PreferencesService' (singleton=True)
[2025-12-13 21:02:47.240] [INFO] Registering screen factories...
[2025-12-13 21:02:47.252] ServiceContainer: Registered 'TaskListScreen' (singleton=False)
[2025-12-13 21:02:47.263] [INFO] Resolving Application from container...
[2025-12-13 21:02:47.285] ServiceContainer: Resolving 'Application'...
[2025-12-13 21:02:47.298] [INFO] Resolving Application...
[2025-12-13 21:02:47.311] ServiceContainer: Resolving 'Theme'...
[2025-12-13 21:02:47.329] [INFO] Resolving Theme: Calling Initialize-PmcThemeSystem...
[2025-12-13 21:02:47.350] [INFO] Theme resolved: #33aaff
[2025-12-13 21:02:47.364] [INFO] Loading PmcThemeEngine...
[2025-12-13 21:02:47.457] [DEBUG] Palette [Header] -> #228844 (R=34 G=136 B=68)
[2025-12-13 21:02:47.470] [DEBUG] Palette [Muted] -> #5C8F6D (R=92 G=143 B=109)
[2025-12-13 21:02:47.482] [DEBUG] Palette [Primary] -> #228844 (R=34 G=136 B=68)
[2025-12-13 21:02:47.494] [DEBUG] Palette [Footer] -> #185F30 (R=24 G=95 B=48)
[2025-12-13 21:02:47.506] [DEBUG] Palette [Warning] -> #7FCA14 (R=127 G=202 B=20)
[2025-12-13 21:02:47.518] [DEBUG] Palette [Label] -> #5C8F6D (R=92 G=143 B=109)
[2025-12-13 21:02:47.534] [DEBUG] Palette [Text] -> #C2EACF (R=194 G=234 B=207)
[2025-12-13 21:02:47.550] [DEBUG] Palette [Cursor] -> #228844 (R=34 G=136 B=68)
[2025-12-13 21:02:47.562] [DEBUG] Palette [Success] -> #2CB158 (R=44 G=177 B=88)
[2025-12-13 21:02:47.578] [DEBUG] Palette [Error] -> #BE2914 (R=190 G=41 B=20)
[2025-12-13 21:02:47.593] [DEBUG] Palette [Bright] -> #2CB158 (R=44 G=177 B=88)
[2025-12-13 21:02:47.604] [DEBUG] Palette [Border] -> #185F30 (R=24 G=95 B=48)
[2025-12-13 21:02:47.614] [DEBUG] Palette [Status] -> #5C8F6D (R=92 G=143 B=109)
[2025-12-13 21:02:47.626] [DEBUG] Palette [Highlight] -> #228844 (R=34 G=136 B=68)
[2025-12-13 21:02:47.644] [INFO] LoadFromConfig: Loaded Properties with 16 items
[2025-12-13 21:02:47.659] [INFO] PmcThemeEngine initialized with PMC palette (14 colors)
[2025-12-13 21:02:47.673] ServiceContainer: Resolved 'Theme' successfully
[2025-12-13 21:02:48.007] ServiceContainer: Resolving 'ThemeManager'...
[2025-12-13 21:02:48.020] [INFO] Resolving ThemeManager...
[2025-12-13 21:02:48.100] ServiceContainer: Resolved 'ThemeManager' successfully
[2025-12-13 21:02:48.118] ServiceContainer: Resolved 'Application' successfully
[2025-12-13 21:02:48.128] [INFO] Application resolved and assigned to $global:PmcApp
[2025-12-13 21:02:48.138] [INFO] Loading menus from manifest...
[2025-12-13 21:02:48.152] ServiceContainer: Resolving 'MenuRegistry'...
[2025-12-13 21:02:48.166] [INFO] Resolving MenuRegistry...
[2025-12-13 21:02:48.184] ServiceContainer: Resolved 'MenuRegistry' successfully
[2025-12-13 21:02:48.211] MenuRegistry: Loaded manifest with 24 entries
[2025-12-13 21:02:48.237] ServiceContainer: Registered 'TaskListScreen_Tomorrow' (singleton=False)
[2025-12-13 21:02:48.248] MenuRegistry: Registered screen factory 'TaskListScreen_Tomorrow' in container (viewMode=tomorrow)
[2025-12-13 21:02:48.266] MenuRegistry: Registered 'Tomorrow' in 'Tasks' menu (hotkey=T order=15)
[2025-12-13 21:02:48.278] ServiceContainer: Registered 'TaskListScreen_Today' (singleton=False)
[2025-12-13 21:02:48.289] MenuRegistry: Registered screen factory 'TaskListScreen_Today' in container (viewMode=today)
[2025-12-13 21:02:48.300] MenuRegistry: Registered 'Today' in 'Tasks' menu (hotkey=Y order=10)
[2025-12-13 21:02:48.312] ServiceContainer: Registered 'KanbanScreenV2' (singleton=False)
[2025-12-13 21:02:48.323] MenuRegistry: Registered screen factory 'KanbanScreenV2' in container (viewMode=)
[2025-12-13 21:02:48.334] MenuRegistry: Registered 'Kanban Board' in 'Tasks' menu (hotkey=K order=55)
[2025-12-13 21:02:48.347] ServiceContainer: Registered 'TaskListScreen_Month' (singleton=False)
[2025-12-13 21:02:48.358] MenuRegistry: Registered screen factory 'TaskListScreen_Month' in container (viewMode=month)
[2025-12-13 21:02:48.368] MenuRegistry: Registered 'Month View' in 'Tasks' menu (hotkey=M order=45)
[2025-12-13 21:02:48.378] ServiceContainer: Registered 'TaskListScreen_NoDate' (singleton=False)
[2025-12-13 21:02:48.388] MenuRegistry: Registered screen factory 'TaskListScreen_NoDate' in container (viewMode=noduedate)
[2025-12-13 21:02:48.399] MenuRegistry: Registered 'No Due Date' in 'Tasks' menu (hotkey=D order=40)
[2025-12-13 21:02:48.410] ServiceContainer: Registered 'WeeklyTimeReportScreen' (singleton=False)
[2025-12-13 21:02:48.421] MenuRegistry: Registered screen factory 'WeeklyTimeReportScreen' in container (viewMode=)
[2025-12-13 21:02:48.434] MenuRegistry: Registered 'Weekly Report' in 'Time' menu (hotkey=W order=10)
[2025-12-13 21:02:48.448] ServiceContainer: Registered 'SettingsScreen' (singleton=False)
[2025-12-13 21:02:48.462] MenuRegistry: Registered screen factory 'SettingsScreen' in container (viewMode=)
[2025-12-13 21:02:48.474] MenuRegistry: Registered 'Settings' in 'Options' menu (hotkey=S order=20)
[2025-12-13 21:02:48.486] ServiceContainer: Registered 'TaskListScreen_Agenda' (singleton=False)
[2025-12-13 21:02:48.497] MenuRegistry: Registered screen factory 'TaskListScreen_Agenda' in container (viewMode=agenda)
[2025-12-13 21:02:48.508] MenuRegistry: Registered 'Agenda View' in 'Tasks' menu (hotkey=A order=50)
[2025-12-13 21:02:48.518] ServiceContainer: Registered 'ChecklistsLauncherScreen' (singleton=False)
[2025-12-13 21:02:48.529] MenuRegistry: Registered screen factory 'ChecklistsLauncherScreen' in container (viewMode=)
[2025-12-13 21:02:48.539] MenuRegistry: Registered 'Checklists' in 'Tools' menu (hotkey=C order=25)
[2025-12-13 21:02:48.551] ServiceContainer: Registered 'ThemeEditorScreen' (singleton=False)
[2025-12-13 21:02:48.567] MenuRegistry: Registered screen factory 'ThemeEditorScreen' in container (viewMode=)
[2025-12-13 21:02:48.578] MenuRegistry: Registered 'Theme Editor' in 'Options' menu (hotkey=T order=10)
[2025-12-13 21:02:48.591] ServiceContainer: Registered 'ExcelProfileManagerScreen' (singleton=False)
[2025-12-13 21:02:48.602] MenuRegistry: Registered screen factory 'ExcelProfileManagerScreen' in container (viewMode=)
[2025-12-13 21:02:48.613] MenuRegistry: Registered 'Excel Profiles' in 'Projects' menu (hotkey=M order=50)
[2025-12-13 21:02:48.622] ServiceContainer: Registered 'TaskListScreen_Week' (singleton=False)
[2025-12-13 21:02:48.635] MenuRegistry: Registered screen factory 'TaskListScreen_Week' in container (viewMode=week)
[2025-12-13 21:02:48.650] MenuRegistry: Registered 'Week View' in 'Tasks' menu (hotkey=W order=20)
[2025-12-13 21:02:48.661] ServiceContainer: Registered 'CommandLibraryScreen' (singleton=False)
[2025-12-13 21:02:48.673] MenuRegistry: Registered screen factory 'CommandLibraryScreen' in container (viewMode=)
[2025-12-13 21:02:48.685] MenuRegistry: Registered 'Command Library' in 'Tools' menu (hotkey=L order=10)
[2025-12-13 21:02:48.698] ServiceContainer: Registered 'NotesMenuScreen' (singleton=False)
[2025-12-13 21:02:48.711] MenuRegistry: Registered screen factory 'NotesMenuScreen' in container (viewMode=)
[2025-12-13 21:02:48.723] MenuRegistry: Registered 'Notes' in 'Tools' menu (hotkey=N order=20)
[2025-12-13 21:02:48.733] ServiceContainer: Registered 'TimeListScreen' (singleton=False)
[2025-12-13 21:02:48.745] MenuRegistry: Registered screen factory 'TimeListScreen' in container (viewMode=)
[2025-12-13 21:02:48.755] MenuRegistry: Registered 'Time Tracking' in 'Time' menu (hotkey=T order=5)
[2025-12-13 21:02:48.767] ServiceContainer: Registered 'TaskListScreen_Default' (singleton=False)
[2025-12-13 21:02:48.779] MenuRegistry: Registered screen factory 'TaskListScreen_Default' in container (viewMode=)
[2025-12-13 21:02:48.791] MenuRegistry: Registered 'Task List' in 'Tasks' menu (hotkey=L order=5)
[2025-12-13 21:02:48.803] ServiceContainer: Registered 'ExcelImportScreen' (singleton=False)
[2025-12-13 21:02:48.821] MenuRegistry: Registered screen factory 'ExcelImportScreen' in container (viewMode=)
[2025-12-13 21:02:48.835] MenuRegistry: Registered 'Import from Excel' in 'Projects' menu (hotkey=I order=40)
[2025-12-13 21:02:48.847] ServiceContainer: Registered 'ProjectListScreen' (singleton=False)
[2025-12-13 21:02:48.858] MenuRegistry: Registered screen factory 'ProjectListScreen' in container (viewMode=)
[2025-12-13 21:02:48.870] MenuRegistry: Registered 'Project List' in 'Projects' menu (hotkey=L order=10)
[2025-12-13 21:02:48.882] ServiceContainer: Registered 'TimeReportScreen' (singleton=False)
[2025-12-13 21:02:48.893] MenuRegistry: Registered screen factory 'TimeReportScreen' in container (viewMode=)
[2025-12-13 21:02:48.905] MenuRegistry: Registered 'Time Report' in 'Time' menu (hotkey=R order=20)
[2025-12-13 21:02:48.917] ServiceContainer: Registered 'TaskListScreen_NextActions' (singleton=False)
[2025-12-13 21:02:48.930] MenuRegistry: Registered screen factory 'TaskListScreen_NextActions' in container (viewMode=nextactions)
[2025-12-13 21:02:48.946] MenuRegistry: Registered 'Next Actions' in 'Tasks' menu (hotkey=N order=35)
[2025-12-13 21:02:48.960] ServiceContainer: Registered 'TaskListScreen_Overdue' (singleton=False)
[2025-12-13 21:02:48.972] MenuRegistry: Registered screen factory 'TaskListScreen_Overdue' in container (viewMode=overdue)
[2025-12-13 21:02:48.984] MenuRegistry: Registered 'Overdue' in 'Tasks' menu (hotkey=O order=30)
[2025-12-13 21:02:48.996] ServiceContainer: Registered 'TaskListScreen_Upcoming' (singleton=False)
[2025-12-13 21:02:49.008] MenuRegistry: Registered screen factory 'TaskListScreen_Upcoming' in container (viewMode=upcoming)
[2025-12-13 21:02:49.022] MenuRegistry: Registered 'Upcoming' in 'Tasks' menu (hotkey=U order=25)
[2025-12-13 21:02:49.037] ServiceContainer: Registered 'ChecklistTemplatesFolderScreen' (singleton=False)
[2025-12-13 21:02:49.051] MenuRegistry: Registered screen factory 'ChecklistTemplatesFolderScreen' in container (viewMode=)
[2025-12-13 21:02:49.068] MenuRegistry: Registered 'Checklist Templates' in 'Tools' menu (hotkey=H order=30)
[2025-12-13 21:02:49.081] ServiceContainer: Registered 'HelpViewScreen' (singleton=False)
[2025-12-13 21:02:49.096] MenuRegistry: Registered screen factory 'HelpViewScreen' in container (viewMode=)
[2025-12-13 21:02:49.108] MenuRegistry: Registered 'Help' in 'Help' menu (hotkey=H order=10)
[2025-12-13 21:02:49.121] [INFO] Menus loaded from C:\Users\jhnhe\OneDrive\Documents\GitHub\project-management-console\og_transport\HYBRID\module\Pmc.Strict\consoleui\screens\MenuItems.psd1
[2025-12-13 21:02:49.133] [INFO] Launching screen: TaskList
[2025-12-13 21:02:49.146] [INFO] Resolving TaskListScreen from container...
[2025-12-13 21:02:49.156] ServiceContainer: Resolving 'TaskListScreen'...
[2025-12-13 21:02:49.169] [INFO] Resolving TaskListScreen...
[2025-12-13 21:02:49.186] ServiceContainer: Resolving 'TaskStore'...
[2025-12-13 21:02:49.201] [INFO] Resolving TaskStore...
[2025-12-13 21:02:49.240] [DEBUG] TaskStore.LoadData: Starting
[2025-12-13 21:02:49.253] [DEBUG] TaskStore.LoadData: Calling Get-PmcData
[2025-12-13 21:02:49.517] [DEBUG] TaskStore.LoadData: Get-PmcData returned - tasks=4 projects=2 timelogs=3
[2025-12-13 21:02:49.538] [DEBUG] TaskStore.LoadData: Loaded 4 tasks
[2025-12-13 21:02:49.557] [DEBUG] TaskStore.LoadData: Loaded 2 projects
[2025-12-13 21:02:49.577] [DEBUG] TaskStore.LoadData: First project name='p1' ID1='111'
[2025-12-13 21:02:49.597] ServiceContainer: Resolved 'TaskStore' successfully
[2025-12-13 21:02:49.961] [DEBUG] PmcScreen.AddContentWidget: Adding UniversalList (Total: 1)
[2025-12-13 21:02:50.002] [DEBUG] TaskListScreen: Constructor started
[2025-12-13 21:02:50.057] _PopulateMenusFromRegistry: Menu 'Projects' has 3 items from registry (array)
[2025-12-13 21:02:50.088] _PopulateMenusFromRegistry: Menu 'Help' has 1 items from registry (array)
[2025-12-13 21:02:50.100] _PopulateMenusFromRegistry: Menu 'Options' has 2 items from registry (array)
[2025-12-13 21:02:50.114] _PopulateMenusFromRegistry: Menu 'Tasks' has 11 items from registry (array)
[2025-12-13 21:02:50.127] _PopulateMenusFromRegistry: Menu 'Time' has 3 items from registry (array)
[2025-12-13 21:02:50.141] _PopulateMenusFromRegistry: Menu 'Tools' has 4 items from registry (array)
[2025-12-13 21:02:50.154] [DEBUG] TaskListScreen: Constructor completed
[2025-12-13 21:02:50.166] ServiceContainer: Resolved 'TaskListScreen' successfully
[2025-12-13 21:02:50.177] [INFO] Pushing screen to app...
[2025-12-13 21:02:50.613] [DEBUG] LoadData: Got 4 tasks from Store
[2025-12-13 21:02:50.687] [DEBUG] TaskListScreen.LoadData: Setting 4 tasks
[2025-12-13 21:02:50.704] [DEBUG] UniversalList.SetData: START
[2025-12-13 21:02:50.756] [DEBUG] UniversalList.SetData: COMPLETE (4 items)
[2025-12-13 21:02:50.931] [INFO] Screen pushed successfully
[2025-12-13 21:02:50.945] [INFO] Starting event loop...
[2025-12-13 21:02:51.378] [DEBUG] PmcScreen: Calling RenderToEngine on UniversalList
[2025-12-13 21:02:53.998] [DEBUG] PmcScreen: Calling RenderToEngine on UniversalList
[2025-12-13 21:24:28.520] [INFO] Event loop exited normally
[2025-12-13 21:24:28.525] [INFO] Cleanup - showing cursor and resetting terminal
