[2025-12-13 20:29:28.506] [INFO] Loading PMC module...
[2025-12-13 20:29:30.099] [INFO] PMC module loaded
[2025-12-13 20:29:30.101] [INFO] Loading dependencies (FieldSchemas, etc.)...
[2025-12-13 20:29:30.225] [INFO] Dependencies loaded
[2025-12-13 20:29:30.227] [INFO] Loading SpeedTUI framework...
[2025-12-13 20:29:30.559] [INFO] SpeedTUI framework loaded
[2025-12-13 20:29:30.572] [INFO] Loading PraxisVT...
[2025-12-13 20:29:30.594] [INFO] PraxisVT loaded
[2025-12-13 20:29:30.608] [INFO] Loading core dependencies...
[2025-12-13 20:29:30.716] [INFO] Core dependencies loaded
[2025-12-13 20:29:30.731] [INFO] Loading widget base classes...
[2025-12-13 20:29:30.798] [INFO] Widget base classes loaded
[2025-12-13 20:29:30.809] [INFO] Loading services...
[2025-12-13 20:29:30.979] [INFO] Services loaded
[2025-12-13 20:29:30.991] [INFO] Loading helpers...
[2025-12-13 20:29:31.519] [INFO] Helpers loaded
[2025-12-13 20:29:31.535] [INFO] Loading widgets...
[2025-12-13 20:29:31.947] [INFO] Widgets loaded
[2025-12-13 20:29:31.957] [INFO] Loading screen base class...
[2025-12-13 20:29:31.984] [INFO] Screen base class loaded
[2025-12-13 20:29:31.997] [INFO] Loading HelpViewScreen (needed by base classes)...
[2025-12-13 20:29:32.035] [INFO] HelpViewScreen loaded
[2025-12-13 20:29:32.045] [INFO] Loading base classes...
[2025-12-13 20:29:32.150] [INFO] Base classes loaded
[2025-12-13 20:29:32.161] [INFO] Loading ServiceContainer (needed by screens)...
[2025-12-13 20:29:32.182] [INFO] ServiceContainer loaded
[2025-12-13 20:29:32.192] [INFO] Loading remaining screens...
[2025-12-13 20:29:32.305] [INFO] Remaining screens loaded
[2025-12-13 20:29:32.314] [INFO] Loading PmcApplication...
[2025-12-13 20:29:32.340] [INFO] PmcApplication loaded
[2025-12-13 20:29:32.351] [INFO] All components loaded successfully
[2025-12-13 20:29:32.370] [INFO] Starting PMC TUI with screen: TaskList
[2025-12-13 20:29:32.385] [INFO] Cleared stale PmcSharedMenuBar and MenuRegistry singleton
[2025-12-13 20:29:32.398] [INFO] Creating ServiceContainer...
[2025-12-13 20:29:32.414] [INFO] ServiceContainer created
[2025-12-13 20:29:32.425] [INFO] Registering Theme service...
[2025-12-13 20:29:32.448] ServiceContainer: Registered 'Theme' (singleton=True)
[2025-12-13 20:29:32.459] [INFO] Registering ThemeManager...
[2025-12-13 20:29:32.470] ServiceContainer: Registered 'ThemeManager' (singleton=True)
[2025-12-13 20:29:32.483] [INFO] Registering Config service...
[2025-12-13 20:29:32.495] ServiceContainer: Registered 'Config' (singleton=True)
[2025-12-13 20:29:32.505] [INFO] Registering TaskStore service...
[2025-12-13 20:29:32.515] ServiceContainer: Registered 'TaskStore' (singleton=True)
[2025-12-13 20:29:32.532] [INFO] Registering MenuRegistry service...
[2025-12-13 20:29:32.545] ServiceContainer: Registered 'MenuRegistry' (singleton=True)
[2025-12-13 20:29:32.557] [INFO] Registering Application service...
[2025-12-13 20:29:32.570] ServiceContainer: Registered 'Application' (singleton=True)
[2025-12-13 20:29:32.580] [INFO] Registering CommandService...
[2025-12-13 20:29:32.593] ServiceContainer: Registered 'CommandService' (singleton=True)
[2025-12-13 20:29:32.610] [INFO] Registering ChecklistService...
[2025-12-13 20:29:32.622] ServiceContainer: Registered 'ChecklistService' (singleton=True)
[2025-12-13 20:29:32.634] [INFO] Registering NoteService...
[2025-12-13 20:29:32.649] ServiceContainer: Registered 'NoteService' (singleton=True)
[2025-12-13 20:29:32.663] [INFO] Registering ExcelMappingService...
[2025-12-13 20:29:32.676] ServiceContainer: Registered 'ExcelMappingService' (singleton=True)
[2025-12-13 20:29:32.687] [INFO] Registering PreferencesService...
[2025-12-13 20:29:32.701] ServiceContainer: Registered 'PreferencesService' (singleton=True)
[2025-12-13 20:29:32.712] [INFO] Registering screen factories...
[2025-12-13 20:29:32.724] ServiceContainer: Registered 'TaskListScreen' (singleton=False)
[2025-12-13 20:29:32.736] [INFO] Resolving Application from container...
[2025-12-13 20:29:32.758] ServiceContainer: Resolving 'Application'...
[2025-12-13 20:29:32.773] [INFO] Resolving Application...
[2025-12-13 20:29:32.785] ServiceContainer: Resolving 'Theme'...
[2025-12-13 20:29:32.800] [INFO] Resolving Theme: Calling Initialize-PmcThemeSystem...
[2025-12-13 20:29:32.817] [INFO] Theme resolved: #33aaff
[2025-12-13 20:29:32.828] [INFO] Loading PmcThemeEngine...
[2025-12-13 20:29:32.937] [DEBUG] Palette [Success] -> #2CB158 (R=44 G=177 B=88)
[2025-12-13 20:29:32.952] [DEBUG] Palette [Header] -> #228844 (R=34 G=136 B=68)
[2025-12-13 20:29:32.967] [DEBUG] Palette [Cursor] -> #228844 (R=34 G=136 B=68)
[2025-12-13 20:29:32.980] [DEBUG] Palette [Error] -> #BE2914 (R=190 G=41 B=20)
[2025-12-13 20:29:32.994] [DEBUG] Palette [Text] -> #C2EACF (R=194 G=234 B=207)
[2025-12-13 20:29:33.007] [DEBUG] Palette [Border] -> #185F30 (R=24 G=95 B=48)
[2025-12-13 20:29:33.020] [DEBUG] Palette [Muted] -> #5C8F6D (R=92 G=143 B=109)
[2025-12-13 20:29:33.035] [DEBUG] Palette [Highlight] -> #228844 (R=34 G=136 B=68)
[2025-12-13 20:29:33.047] [DEBUG] Palette [Footer] -> #185F30 (R=24 G=95 B=48)
[2025-12-13 20:29:33.059] [DEBUG] Palette [Status] -> #5C8F6D (R=92 G=143 B=109)
[2025-12-13 20:29:33.070] [DEBUG] Palette [Warning] -> #7FCA14 (R=127 G=202 B=20)
[2025-12-13 20:29:33.087] [DEBUG] Palette [Label] -> #5C8F6D (R=92 G=143 B=109)
[2025-12-13 20:29:33.100] [DEBUG] Palette [Bright] -> #2CB158 (R=44 G=177 B=88)
[2025-12-13 20:29:33.112] [DEBUG] Palette [Primary] -> #228844 (R=34 G=136 B=68)
[2025-12-13 20:29:33.131] [INFO] LoadFromConfig: Loaded Properties with 16 items
[2025-12-13 20:29:33.150] [INFO] PmcThemeEngine initialized with PMC palette (14 colors)
[2025-12-13 20:29:33.164] ServiceContainer: Resolved 'Theme' successfully
[2025-12-13 20:29:33.247] ServiceContainer: Resolving 'ThemeManager'...
[2025-12-13 20:29:33.260] [INFO] Resolving ThemeManager...
[2025-12-13 20:29:33.361] ServiceContainer: Resolved 'ThemeManager' successfully
[2025-12-13 20:29:33.379] ServiceContainer: Resolved 'Application' successfully
[2025-12-13 20:29:33.390] [INFO] Application resolved and assigned to $global:PmcApp
[2025-12-13 20:29:33.406] [INFO] Loading menus from manifest...
[2025-12-13 20:29:33.418] ServiceContainer: Resolving 'MenuRegistry'...
[2025-12-13 20:29:33.433] [INFO] Resolving MenuRegistry...
[2025-12-13 20:29:33.454] ServiceContainer: Resolved 'MenuRegistry' successfully
[2025-12-13 20:29:33.480] MenuRegistry: Loaded manifest with 24 entries
[2025-12-13 20:29:33.512] ServiceContainer: Registered 'HelpViewScreen' (singleton=False)
[2025-12-13 20:29:33.532] MenuRegistry: Registered screen factory 'HelpViewScreen' in container (viewMode=)
[2025-12-13 20:29:33.554] MenuRegistry: Registered 'Help' in 'Help' menu (hotkey=H order=10)
[2025-12-13 20:29:33.566] ServiceContainer: Registered 'TimeListScreen' (singleton=False)
[2025-12-13 20:29:33.577] MenuRegistry: Registered screen factory 'TimeListScreen' in container (viewMode=)
[2025-12-13 20:29:33.587] MenuRegistry: Registered 'Time Tracking' in 'Time' menu (hotkey=T order=5)
[2025-12-13 20:29:33.598] ServiceContainer: Registered 'SettingsScreen' (singleton=False)
[2025-12-13 20:29:33.610] MenuRegistry: Registered screen factory 'SettingsScreen' in container (viewMode=)
[2025-12-13 20:29:33.623] MenuRegistry: Registered 'Settings' in 'Options' menu (hotkey=S order=20)
[2025-12-13 20:29:33.635] ServiceContainer: Registered 'TaskListScreen_Default' (singleton=False)
[2025-12-13 20:29:33.648] MenuRegistry: Registered screen factory 'TaskListScreen_Default' in container (viewMode=)
[2025-12-13 20:29:33.665] MenuRegistry: Registered 'Task List' in 'Tasks' menu (hotkey=L order=5)
[2025-12-13 20:29:33.678] ServiceContainer: Registered 'NotesMenuScreen' (singleton=False)
[2025-12-13 20:29:33.691] MenuRegistry: Registered screen factory 'NotesMenuScreen' in container (viewMode=)
[2025-12-13 20:29:33.705] MenuRegistry: Registered 'Notes' in 'Tools' menu (hotkey=N order=20)
[2025-12-13 20:29:33.719] ServiceContainer: Registered 'TaskListScreen_Tomorrow' (singleton=False)
[2025-12-13 20:29:33.734] MenuRegistry: Registered screen factory 'TaskListScreen_Tomorrow' in container (viewMode=tomorrow)
[2025-12-13 20:29:33.746] MenuRegistry: Registered 'Tomorrow' in 'Tasks' menu (hotkey=T order=15)
[2025-12-13 20:29:33.760] ServiceContainer: Registered 'ChecklistTemplatesFolderScreen' (singleton=False)
[2025-12-13 20:29:33.774] MenuRegistry: Registered screen factory 'ChecklistTemplatesFolderScreen' in container (viewMode=)
[2025-12-13 20:29:33.788] MenuRegistry: Registered 'Checklist Templates' in 'Tools' menu (hotkey=H order=30)
[2025-12-13 20:29:33.803] ServiceContainer: Registered 'CommandLibraryScreen' (singleton=False)
[2025-12-13 20:29:33.813] MenuRegistry: Registered screen factory 'CommandLibraryScreen' in container (viewMode=)
[2025-12-13 20:29:33.825] MenuRegistry: Registered 'Command Library' in 'Tools' menu (hotkey=L order=10)
[2025-12-13 20:29:33.836] ServiceContainer: Registered 'KanbanScreenV2' (singleton=False)
[2025-12-13 20:29:33.848] MenuRegistry: Registered screen factory 'KanbanScreenV2' in container (viewMode=)
[2025-12-13 20:29:33.862] MenuRegistry: Registered 'Kanban Board' in 'Tasks' menu (hotkey=K order=55)
[2025-12-13 20:29:33.875] ServiceContainer: Registered 'ProjectListScreen' (singleton=False)
[2025-12-13 20:29:33.895] MenuRegistry: Registered screen factory 'ProjectListScreen' in container (viewMode=)
[2025-12-13 20:29:33.916] MenuRegistry: Registered 'Project List' in 'Projects' menu (hotkey=L order=10)
[2025-12-13 20:29:33.934] ServiceContainer: Registered 'TaskListScreen_Week' (singleton=False)
[2025-12-13 20:29:33.954] MenuRegistry: Registered screen factory 'TaskListScreen_Week' in container (viewMode=week)
[2025-12-13 20:29:33.973] MenuRegistry: Registered 'Week View' in 'Tasks' menu (hotkey=W order=20)
[2025-12-13 20:29:34.009] ServiceContainer: Registered 'TaskListScreen_Month' (singleton=False)
[2025-12-13 20:29:34.033] MenuRegistry: Registered screen factory 'TaskListScreen_Month' in container (viewMode=month)
[2025-12-13 20:29:34.048] MenuRegistry: Registered 'Month View' in 'Tasks' menu (hotkey=M order=45)
[2025-12-13 20:29:34.067] ServiceContainer: Registered 'WeeklyTimeReportScreen' (singleton=False)
[2025-12-13 20:29:34.084] MenuRegistry: Registered screen factory 'WeeklyTimeReportScreen' in container (viewMode=)
[2025-12-13 20:29:34.099] MenuRegistry: Registered 'Weekly Report' in 'Time' menu (hotkey=W order=10)
[2025-12-13 20:29:34.112] ServiceContainer: Registered 'TaskListScreen_NoDate' (singleton=False)
[2025-12-13 20:29:34.122] MenuRegistry: Registered screen factory 'TaskListScreen_NoDate' in container (viewMode=noduedate)
[2025-12-13 20:29:34.133] MenuRegistry: Registered 'No Due Date' in 'Tasks' menu (hotkey=D order=40)
[2025-12-13 20:29:34.148] ServiceContainer: Registered 'ExcelProfileManagerScreen' (singleton=False)
[2025-12-13 20:29:34.161] MenuRegistry: Registered screen factory 'ExcelProfileManagerScreen' in container (viewMode=)
[2025-12-13 20:29:34.172] MenuRegistry: Registered 'Excel Profiles' in 'Projects' menu (hotkey=M order=50)
[2025-12-13 20:29:34.183] ServiceContainer: Registered 'TimeReportScreen' (singleton=False)
[2025-12-13 20:29:34.193] MenuRegistry: Registered screen factory 'TimeReportScreen' in container (viewMode=)
[2025-12-13 20:29:34.205] MenuRegistry: Registered 'Time Report' in 'Time' menu (hotkey=R order=20)
[2025-12-13 20:29:34.216] ServiceContainer: Registered 'TaskListScreen_NextActions' (singleton=False)
[2025-12-13 20:29:34.227] MenuRegistry: Registered screen factory 'TaskListScreen_NextActions' in container (viewMode=nextactions)
[2025-12-13 20:29:34.239] MenuRegistry: Registered 'Next Actions' in 'Tasks' menu (hotkey=N order=35)
[2025-12-13 20:29:34.251] ServiceContainer: Registered 'TaskListScreen_Upcoming' (singleton=False)
[2025-12-13 20:29:34.262] MenuRegistry: Registered screen factory 'TaskListScreen_Upcoming' in container (viewMode=upcoming)
[2025-12-13 20:29:34.278] MenuRegistry: Registered 'Upcoming' in 'Tasks' menu (hotkey=U order=25)
[2025-12-13 20:29:34.292] ServiceContainer: Registered 'TaskListScreen_Today' (singleton=False)
[2025-12-13 20:29:34.304] MenuRegistry: Registered screen factory 'TaskListScreen_Today' in container (viewMode=today)
[2025-12-13 20:29:34.316] MenuRegistry: Registered 'Today' in 'Tasks' menu (hotkey=Y order=10)
[2025-12-13 20:29:34.329] ServiceContainer: Registered 'TaskListScreen_Overdue' (singleton=False)
[2025-12-13 20:29:34.340] MenuRegistry: Registered screen factory 'TaskListScreen_Overdue' in container (viewMode=overdue)
[2025-12-13 20:29:34.356] MenuRegistry: Registered 'Overdue' in 'Tasks' menu (hotkey=O order=30)
[2025-12-13 20:29:34.372] ServiceContainer: Registered 'ThemeEditorScreen' (singleton=False)
[2025-12-13 20:29:34.384] MenuRegistry: Registered screen factory 'ThemeEditorScreen' in container (viewMode=)
[2025-12-13 20:29:34.398] MenuRegistry: Registered 'Theme Editor' in 'Options' menu (hotkey=T order=10)
[2025-12-13 20:29:34.415] ServiceContainer: Registered 'ExcelImportScreen' (singleton=False)
[2025-12-13 20:29:34.426] MenuRegistry: Registered screen factory 'ExcelImportScreen' in container (viewMode=)
[2025-12-13 20:29:34.438] MenuRegistry: Registered 'Import from Excel' in 'Projects' menu (hotkey=I order=40)
[2025-12-13 20:29:34.451] ServiceContainer: Registered 'ChecklistsLauncherScreen' (singleton=False)
[2025-12-13 20:29:34.464] MenuRegistry: Registered screen factory 'ChecklistsLauncherScreen' in container (viewMode=)
[2025-12-13 20:29:34.480] MenuRegistry: Registered 'Checklists' in 'Tools' menu (hotkey=C order=25)
[2025-12-13 20:29:34.495] ServiceContainer: Registered 'TaskListScreen_Agenda' (singleton=False)
[2025-12-13 20:29:34.509] MenuRegistry: Registered screen factory 'TaskListScreen_Agenda' in container (viewMode=agenda)
[2025-12-13 20:29:34.524] MenuRegistry: Registered 'Agenda View' in 'Tasks' menu (hotkey=A order=50)
[2025-12-13 20:29:34.538] [INFO] Menus loaded from C:\Users\jhnhe\OneDrive\Documents\GitHub\project-management-console\og_transport\HYBRID\module\Pmc.Strict\consoleui\screens\MenuItems.psd1
[2025-12-13 20:29:34.550] [INFO] Launching screen: TaskList
[2025-12-13 20:29:34.560] [INFO] Resolving TaskListScreen from container...
[2025-12-13 20:29:34.573] ServiceContainer: Resolving 'TaskListScreen'...
[2025-12-13 20:29:34.585] [INFO] Resolving TaskListScreen...
[2025-12-13 20:29:34.597] ServiceContainer: Resolving 'TaskStore'...
[2025-12-13 20:29:34.611] [INFO] Resolving TaskStore...
[2025-12-13 20:29:34.657] [DEBUG] TaskStore.LoadData: Starting
[2025-12-13 20:29:34.671] [DEBUG] TaskStore.LoadData: Calling Get-PmcData
[2025-12-13 20:29:34.923] [DEBUG] TaskStore.LoadData: Get-PmcData returned - tasks=4 projects=2 timelogs=3
[2025-12-13 20:29:34.944] [DEBUG] TaskStore.LoadData: Loaded 4 tasks
[2025-12-13 20:29:34.959] [DEBUG] TaskStore.LoadData: Loaded 2 projects
[2025-12-13 20:29:34.974] [DEBUG] TaskStore.LoadData: First project name='p1' ID1='111'
[2025-12-13 20:29:34.992] ServiceContainer: Resolved 'TaskStore' successfully
[2025-12-13 20:29:35.391] [DEBUG] PmcScreen.AddContentWidget: Adding UniversalList (Total: 1)
[2025-12-13 20:29:35.410] [DEBUG] PmcScreen.AddContentWidget: Adding FilterPanel (Total: 2)
[2025-12-13 20:29:35.424] [DEBUG] PmcScreen.AddContentWidget: Adding InlineEditor (Total: 3)
[2025-12-13 20:29:35.466] [DEBUG] TaskListScreen: Constructor started
[2025-12-13 20:29:35.514] _PopulateMenusFromRegistry: Menu 'Time' has 3 items from registry (array)
[2025-12-13 20:29:35.542] _PopulateMenusFromRegistry: Menu 'Help' has 1 items from registry (array)
[2025-12-13 20:29:35.556] _PopulateMenusFromRegistry: Menu 'Tasks' has 11 items from registry (array)
[2025-12-13 20:29:35.569] _PopulateMenusFromRegistry: Menu 'Projects' has 3 items from registry (array)
[2025-12-13 20:29:35.583] _PopulateMenusFromRegistry: Menu 'Tools' has 4 items from registry (array)
[2025-12-13 20:29:35.596] _PopulateMenusFromRegistry: Menu 'Options' has 2 items from registry (array)
[2025-12-13 20:29:35.606] [DEBUG] TaskListScreen: Constructor completed
[2025-12-13 20:29:35.617] ServiceContainer: Resolved 'TaskListScreen' successfully
[2025-12-13 20:29:35.629] [INFO] Pushing screen to app...
[2025-12-13 20:29:35.949] [DEBUG] LoadData: Got 4 tasks from Store
[2025-12-13 20:29:36.069] [DEBUG] TaskListScreen.LoadData: Setting 4 tasks
[2025-12-13 20:29:36.092] [DEBUG] UniversalList.SetData: START
[2025-12-13 20:29:36.183] [DEBUG] UniversalList.SetData: COMPLETE (4 items)
[2025-12-13 20:29:36.237] [INFO] Screen pushed successfully
[2025-12-13 20:29:36.252] [INFO] Starting event loop...
[2025-12-13 20:29:36.670] [DEBUG] PmcScreen: Calling RenderToEngine on UniversalList
[2025-12-13 20:29:36.713] [DEBUG] PmcScreen: Calling RenderToEngine on FilterPanel
[2025-12-13 20:29:36.808] [DEBUG] PmcScreen: Calling RenderToEngine on InlineEditor
[2025-12-13 20:29:37.107] [DEBUG] PmcScreen: Calling RenderToEngine on UniversalList
[2025-12-13 20:29:37.132] [DEBUG] PmcScreen: Calling RenderToEngine on FilterPanel
[2025-12-13 20:29:37.159] [DEBUG] PmcScreen: Calling RenderToEngine on InlineEditor
