[2025-12-13 16:13:26.603] [INFO] Loading PMC module...
[2025-12-13 16:13:27.707] [INFO] PMC module loaded
[2025-12-13 16:13:27.709] [INFO] Loading dependencies (FieldSchemas, etc.)...
[2025-12-13 16:13:27.816] [INFO] Dependencies loaded
[2025-12-13 16:13:27.828] [INFO] Loading SpeedTUI framework...
[2025-12-13 16:13:28.137] [INFO] SpeedTUI framework loaded
[2025-12-13 16:13:28.147] [INFO] Loading PraxisVT...
[2025-12-13 16:13:28.165] [INFO] PraxisVT loaded
[2025-12-13 16:13:28.185] [INFO] Loading core dependencies...
[2025-12-13 16:13:28.281] [INFO] Core dependencies loaded
[2025-12-13 16:13:28.294] [INFO] Loading widget base classes...
[2025-12-13 16:13:28.369] [INFO] Widget base classes loaded
[2025-12-13 16:13:28.379] [INFO] Loading services...
[2025-12-13 16:13:28.547] [INFO] Services loaded
[2025-12-13 16:13:28.563] [INFO] Loading helpers...
[2025-12-13 16:13:29.175] [INFO] Helpers loaded
[2025-12-13 16:13:29.193] [INFO] Loading widgets...
[2025-12-13 16:13:29.703] [INFO] Widgets loaded
[2025-12-13 16:13:29.705] [INFO] Loading screen base class...
[2025-12-13 16:13:29.737] [INFO] Screen base class loaded
[2025-12-13 16:13:29.747] [INFO] Loading HelpViewScreen (needed by base classes)...
[2025-12-13 16:13:29.778] [INFO] HelpViewScreen loaded
[2025-12-13 16:13:29.789] [INFO] Loading base classes...
[2025-12-13 16:13:29.940] [INFO] Base classes loaded
[2025-12-13 16:13:29.950] [INFO] Loading ServiceContainer (needed by screens)...
[2025-12-13 16:13:29.975] [INFO] ServiceContainer loaded
[2025-12-13 16:13:29.985] [INFO] Loading remaining screens...
[2025-12-13 16:13:30.091] [INFO] Remaining screens loaded
[2025-12-13 16:13:30.102] [INFO] Loading PmcApplication...
[2025-12-13 16:13:30.127] [INFO] PmcApplication loaded
[2025-12-13 16:13:30.137] [INFO] All components loaded successfully
[2025-12-13 16:13:30.157] [INFO] Starting PMC TUI with screen: TaskList
[2025-12-13 16:13:30.174] [INFO] Cleared stale PmcSharedMenuBar and MenuRegistry singleton
[2025-12-13 16:13:30.188] [INFO] Creating ServiceContainer...
[2025-12-13 16:13:30.204] [INFO] ServiceContainer created
[2025-12-13 16:13:30.217] [INFO] Registering Theme service...
[2025-12-13 16:13:30.240] ServiceContainer: Registered 'Theme' (singleton=True)
[2025-12-13 16:13:30.252] [INFO] Registering ThemeManager...
[2025-12-13 16:13:30.265] ServiceContainer: Registered 'ThemeManager' (singleton=True)
[2025-12-13 16:13:30.275] [INFO] Registering Config service...
[2025-12-13 16:13:30.287] ServiceContainer: Registered 'Config' (singleton=True)
[2025-12-13 16:13:30.299] [INFO] Registering TaskStore service...
[2025-12-13 16:13:30.310] ServiceContainer: Registered 'TaskStore' (singleton=True)
[2025-12-13 16:13:30.320] [INFO] Registering MenuRegistry service...
[2025-12-13 16:13:30.332] ServiceContainer: Registered 'MenuRegistry' (singleton=True)
[2025-12-13 16:13:30.343] [INFO] Registering Application service...
[2025-12-13 16:13:30.354] ServiceContainer: Registered 'Application' (singleton=True)
[2025-12-13 16:13:30.365] [INFO] Registering CommandService...
[2025-12-13 16:13:30.383] ServiceContainer: Registered 'CommandService' (singleton=True)
[2025-12-13 16:13:30.394] [INFO] Registering ChecklistService...
[2025-12-13 16:13:30.406] ServiceContainer: Registered 'ChecklistService' (singleton=True)
[2025-12-13 16:13:30.416] [INFO] Registering NoteService...
[2025-12-13 16:13:30.428] ServiceContainer: Registered 'NoteService' (singleton=True)
[2025-12-13 16:13:30.439] [INFO] Registering ExcelMappingService...
[2025-12-13 16:13:30.450] ServiceContainer: Registered 'ExcelMappingService' (singleton=True)
[2025-12-13 16:13:30.465] [INFO] Registering PreferencesService...
[2025-12-13 16:13:30.476] ServiceContainer: Registered 'PreferencesService' (singleton=True)
[2025-12-13 16:13:30.487] [INFO] Registering screen factories...
[2025-12-13 16:13:30.498] ServiceContainer: Registered 'TaskListScreen' (singleton=False)
[2025-12-13 16:13:30.508] [INFO] Resolving Application from container...
[2025-12-13 16:13:30.529] ServiceContainer: Resolving 'Application'...
[2025-12-13 16:13:30.544] [INFO] Resolving Application...
[2025-12-13 16:13:30.556] ServiceContainer: Resolving 'Theme'...
[2025-12-13 16:13:30.573] [INFO] Resolving Theme: Calling Initialize-PmcThemeSystem...
[2025-12-13 16:13:30.594] [INFO] Theme resolved: #33aaff
[2025-12-13 16:13:30.606] [INFO] Loading PmcThemeEngine...
[2025-12-13 16:13:30.704] [DEBUG] Palette [Highlight] -> #228844 (R=34 G=136 B=68)
[2025-12-13 16:13:30.717] [DEBUG] Palette [Warning] -> #7FCA14 (R=127 G=202 B=20)
[2025-12-13 16:13:30.728] [DEBUG] Palette [Primary] -> #228844 (R=34 G=136 B=68)
[2025-12-13 16:13:30.739] [DEBUG] Palette [Cursor] -> #228844 (R=34 G=136 B=68)
[2025-12-13 16:13:30.752] [DEBUG] Palette [Bright] -> #2CB158 (R=44 G=177 B=88)
[2025-12-13 16:13:30.763] [DEBUG] Palette [Border] -> #185F30 (R=24 G=95 B=48)
[2025-12-13 16:13:30.773] [DEBUG] Palette [Muted] -> #5C8F6D (R=92 G=143 B=109)
[2025-12-13 16:13:30.784] [DEBUG] Palette [Status] -> #5C8F6D (R=92 G=143 B=109)
[2025-12-13 16:13:30.794] [DEBUG] Palette [Header] -> #228844 (R=34 G=136 B=68)
[2025-12-13 16:13:30.805] [DEBUG] Palette [Text] -> #C2EACF (R=194 G=234 B=207)
[2025-12-13 16:13:30.818] [DEBUG] Palette [Error] -> #BE2914 (R=190 G=41 B=20)
[2025-12-13 16:13:30.830] [DEBUG] Palette [Label] -> #5C8F6D (R=92 G=143 B=109)
[2025-12-13 16:13:30.841] [DEBUG] Palette [Success] -> #2CB158 (R=44 G=177 B=88)
[2025-12-13 16:13:30.851] [DEBUG] Palette [Footer] -> #185F30 (R=24 G=95 B=48)
[2025-12-13 16:13:30.870] [INFO] LoadFromConfig: Loaded Properties with 16 items
[2025-12-13 16:13:30.886] [INFO] PmcThemeEngine initialized with PMC palette (14 colors)
[2025-12-13 16:13:30.897] ServiceContainer: Resolved 'Theme' successfully
[2025-12-13 16:13:30.984] ServiceContainer: Resolving 'ThemeManager'...
[2025-12-13 16:13:30.996] [INFO] Resolving ThemeManager...
[2025-12-13 16:13:31.093] ServiceContainer: Resolved 'ThemeManager' successfully
[2025-12-13 16:13:31.112] ServiceContainer: Resolved 'Application' successfully
[2025-12-13 16:13:31.123] [INFO] Application resolved and assigned to $global:PmcApp
[2025-12-13 16:13:31.137] [INFO] Loading menus from manifest...
[2025-12-13 16:13:31.152] ServiceContainer: Resolving 'MenuRegistry'...
[2025-12-13 16:13:31.165] [INFO] Resolving MenuRegistry...
[2025-12-13 16:13:31.183] ServiceContainer: Resolved 'MenuRegistry' successfully
[2025-12-13 16:13:31.208] MenuRegistry: Loaded manifest with 24 entries
[2025-12-13 16:13:31.233] ServiceContainer: Registered 'ChecklistTemplatesFolderScreen' (singleton=False)
[2025-12-13 16:13:31.244] MenuRegistry: Registered screen factory 'ChecklistTemplatesFolderScreen' in container (viewMode=)
[2025-12-13 16:13:31.264] MenuRegistry: Registered 'Checklist Templates' in 'Tools' menu (hotkey=H order=30)
[2025-12-13 16:13:31.276] ServiceContainer: Registered 'TimeReportScreen' (singleton=False)
[2025-12-13 16:13:31.287] MenuRegistry: Registered screen factory 'TimeReportScreen' in container (viewMode=)
[2025-12-13 16:13:31.299] MenuRegistry: Registered 'Time Report' in 'Time' menu (hotkey=R order=20)
[2025-12-13 16:13:31.311] ServiceContainer: Registered 'ProjectListScreen' (singleton=False)
[2025-12-13 16:13:31.321] MenuRegistry: Registered screen factory 'ProjectListScreen' in container (viewMode=)
[2025-12-13 16:13:31.335] MenuRegistry: Registered 'Project List' in 'Projects' menu (hotkey=L order=10)
[2025-12-13 16:13:31.347] ServiceContainer: Registered 'TaskListScreen_NextActions' (singleton=False)
[2025-12-13 16:13:31.359] MenuRegistry: Registered screen factory 'TaskListScreen_NextActions' in container (viewMode=nextactions)
[2025-12-13 16:13:31.371] MenuRegistry: Registered 'Next Actions' in 'Tasks' menu (hotkey=N order=35)
[2025-12-13 16:13:31.381] ServiceContainer: Registered 'ExcelProfileManagerScreen' (singleton=False)
[2025-12-13 16:13:31.393] MenuRegistry: Registered screen factory 'ExcelProfileManagerScreen' in container (viewMode=)
[2025-12-13 16:13:31.405] MenuRegistry: Registered 'Excel Profiles' in 'Projects' menu (hotkey=M order=50)
[2025-12-13 16:13:31.417] ServiceContainer: Registered 'TaskListScreen_Tomorrow' (singleton=False)
[2025-12-13 16:13:31.428] MenuRegistry: Registered screen factory 'TaskListScreen_Tomorrow' in container (viewMode=tomorrow)
[2025-12-13 16:13:31.441] MenuRegistry: Registered 'Tomorrow' in 'Tasks' menu (hotkey=T order=15)
[2025-12-13 16:13:31.455] ServiceContainer: Registered 'NotesMenuScreen' (singleton=False)
[2025-12-13 16:13:31.468] MenuRegistry: Registered screen factory 'NotesMenuScreen' in container (viewMode=)
[2025-12-13 16:13:31.481] MenuRegistry: Registered 'Notes' in 'Tools' menu (hotkey=N order=20)
[2025-12-13 16:13:31.497] ServiceContainer: Registered 'TaskListScreen_Agenda' (singleton=False)
[2025-12-13 16:13:31.509] MenuRegistry: Registered screen factory 'TaskListScreen_Agenda' in container (viewMode=agenda)
[2025-12-13 16:13:31.521] MenuRegistry: Registered 'Agenda View' in 'Tasks' menu (hotkey=A order=50)
[2025-12-13 16:13:31.534] ServiceContainer: Registered 'TaskListScreen_NoDate' (singleton=False)
[2025-12-13 16:13:31.545] MenuRegistry: Registered screen factory 'TaskListScreen_NoDate' in container (viewMode=noduedate)
[2025-12-13 16:13:31.559] MenuRegistry: Registered 'No Due Date' in 'Tasks' menu (hotkey=D order=40)
[2025-12-13 16:13:31.570] ServiceContainer: Registered 'ThemeEditorScreen' (singleton=False)
[2025-12-13 16:13:31.585] MenuRegistry: Registered screen factory 'ThemeEditorScreen' in container (viewMode=)
[2025-12-13 16:13:31.596] MenuRegistry: Registered 'Theme Editor' in 'Options' menu (hotkey=T order=10)
[2025-12-13 16:13:31.608] ServiceContainer: Registered 'CommandLibraryScreen' (singleton=False)
[2025-12-13 16:13:31.622] MenuRegistry: Registered screen factory 'CommandLibraryScreen' in container (viewMode=)
[2025-12-13 16:13:31.635] MenuRegistry: Registered 'Command Library' in 'Tools' menu (hotkey=L order=10)
[2025-12-13 16:13:31.647] ServiceContainer: Registered 'TaskListScreen_Upcoming' (singleton=False)
[2025-12-13 16:13:31.657] MenuRegistry: Registered screen factory 'TaskListScreen_Upcoming' in container (viewMode=upcoming)
[2025-12-13 16:13:31.670] MenuRegistry: Registered 'Upcoming' in 'Tasks' menu (hotkey=U order=25)
[2025-12-13 16:13:31.683] ServiceContainer: Registered 'ExcelImportScreen' (singleton=False)
[2025-12-13 16:13:31.695] MenuRegistry: Registered screen factory 'ExcelImportScreen' in container (viewMode=)
[2025-12-13 16:13:31.709] MenuRegistry: Registered 'Import from Excel' in 'Projects' menu (hotkey=I order=40)
[2025-12-13 16:13:31.721] ServiceContainer: Registered 'TaskListScreen_Overdue' (singleton=False)
[2025-12-13 16:13:31.734] MenuRegistry: Registered screen factory 'TaskListScreen_Overdue' in container (viewMode=overdue)
[2025-12-13 16:13:31.748] MenuRegistry: Registered 'Overdue' in 'Tasks' menu (hotkey=O order=30)
[2025-12-13 16:13:31.760] ServiceContainer: Registered 'WeeklyTimeReportScreen' (singleton=False)
[2025-12-13 16:13:31.771] MenuRegistry: Registered screen factory 'WeeklyTimeReportScreen' in container (viewMode=)
[2025-12-13 16:13:31.783] MenuRegistry: Registered 'Weekly Report' in 'Time' menu (hotkey=W order=10)
[2025-12-13 16:13:31.794] ServiceContainer: Registered 'HelpViewScreen' (singleton=False)
[2025-12-13 16:13:31.805] MenuRegistry: Registered screen factory 'HelpViewScreen' in container (viewMode=)
[2025-12-13 16:13:31.814] MenuRegistry: Registered 'Help' in 'Help' menu (hotkey=H order=10)
[2025-12-13 16:13:31.827] ServiceContainer: Registered 'TimeListScreen' (singleton=False)
[2025-12-13 16:13:31.839] MenuRegistry: Registered screen factory 'TimeListScreen' in container (viewMode=)
[2025-12-13 16:13:31.851] MenuRegistry: Registered 'Time Tracking' in 'Time' menu (hotkey=T order=5)
[2025-12-13 16:13:31.862] ServiceContainer: Registered 'KanbanScreenV2' (singleton=False)
[2025-12-13 16:13:31.873] MenuRegistry: Registered screen factory 'KanbanScreenV2' in container (viewMode=)
[2025-12-13 16:13:31.885] MenuRegistry: Registered 'Kanban Board' in 'Tasks' menu (hotkey=K order=55)
[2025-12-13 16:13:31.896] ServiceContainer: Registered 'TaskListScreen_Today' (singleton=False)
[2025-12-13 16:13:31.907] MenuRegistry: Registered screen factory 'TaskListScreen_Today' in container (viewMode=today)
[2025-12-13 16:13:31.919] MenuRegistry: Registered 'Today' in 'Tasks' menu (hotkey=Y order=10)
[2025-12-13 16:13:31.929] ServiceContainer: Registered 'TaskListScreen_Default' (singleton=False)
[2025-12-13 16:13:31.939] MenuRegistry: Registered screen factory 'TaskListScreen_Default' in container (viewMode=)
[2025-12-13 16:13:31.950] MenuRegistry: Registered 'Task List' in 'Tasks' menu (hotkey=L order=5)
[2025-12-13 16:13:31.963] ServiceContainer: Registered 'SettingsScreen' (singleton=False)
[2025-12-13 16:13:31.975] MenuRegistry: Registered screen factory 'SettingsScreen' in container (viewMode=)
[2025-12-13 16:13:31.988] MenuRegistry: Registered 'Settings' in 'Options' menu (hotkey=S order=20)
[2025-12-13 16:13:32.001] ServiceContainer: Registered 'TaskListScreen_Week' (singleton=False)
[2025-12-13 16:13:32.012] MenuRegistry: Registered screen factory 'TaskListScreen_Week' in container (viewMode=week)
[2025-12-13 16:13:32.023] MenuRegistry: Registered 'Week View' in 'Tasks' menu (hotkey=W order=20)
[2025-12-13 16:13:32.034] ServiceContainer: Registered 'ChecklistsLauncherScreen' (singleton=False)
[2025-12-13 16:13:32.048] MenuRegistry: Registered screen factory 'ChecklistsLauncherScreen' in container (viewMode=)
[2025-12-13 16:13:32.059] MenuRegistry: Registered 'Checklists' in 'Tools' menu (hotkey=C order=25)
[2025-12-13 16:13:32.071] ServiceContainer: Registered 'TaskListScreen_Month' (singleton=False)
[2025-12-13 16:13:32.083] MenuRegistry: Registered screen factory 'TaskListScreen_Month' in container (viewMode=month)
[2025-12-13 16:13:32.094] MenuRegistry: Registered 'Month View' in 'Tasks' menu (hotkey=M order=45)
[2025-12-13 16:13:32.108] [INFO] Menus loaded from C:\Users\jhnhe\OneDrive\Documents\GitHub\project-management-console\og_transport\HYBRID\module\Pmc.Strict\consoleui\screens\MenuItems.psd1
[2025-12-13 16:13:32.120] [INFO] Launching screen: TaskList
[2025-12-13 16:13:32.133] [INFO] Resolving TaskListScreen from container...
[2025-12-13 16:13:32.145] ServiceContainer: Resolving 'TaskListScreen'...
[2025-12-13 16:13:32.157] [INFO] Resolving TaskListScreen...
[2025-12-13 16:13:32.167] ServiceContainer: Resolving 'TaskStore'...
[2025-12-13 16:13:32.180] [INFO] Resolving TaskStore...
[2025-12-13 16:13:32.217] [DEBUG] TaskStore.LoadData: Starting
[2025-12-13 16:13:32.228] [DEBUG] TaskStore.LoadData: Calling Get-PmcData
[2025-12-13 16:13:32.469] [DEBUG] TaskStore.LoadData: Get-PmcData returned - tasks=4 projects=2 timelogs=3
[2025-12-13 16:13:32.489] [DEBUG] TaskStore.LoadData: Loaded 4 tasks
[2025-12-13 16:13:32.503] [DEBUG] TaskStore.LoadData: Loaded 2 projects
[2025-12-13 16:13:32.519] [DEBUG] TaskStore.LoadData: First project name='p1' ID1='111'
[2025-12-13 16:13:32.536] ServiceContainer: Resolved 'TaskStore' successfully
[2025-12-13 16:13:32.903] [DEBUG] PmcScreen.AddContentWidget: Adding UniversalList (Total: 1)
[2025-12-13 16:13:32.918] [DEBUG] PmcScreen.AddContentWidget: Adding FilterPanel (Total: 2)
[2025-12-13 16:13:32.933] [DEBUG] PmcScreen.AddContentWidget: Adding InlineEditor (Total: 3)
[2025-12-13 16:13:32.974] [DEBUG] TaskListScreen: Constructor started
[2025-12-13 16:13:33.025] _PopulateMenusFromRegistry: Menu 'Help' has 1 items from registry (array)
[2025-12-13 16:13:33.049] _PopulateMenusFromRegistry: Menu 'Tasks' has 11 items from registry (array)
[2025-12-13 16:13:33.063] _PopulateMenusFromRegistry: Menu 'Options' has 2 items from registry (array)
[2025-12-13 16:13:33.075] _PopulateMenusFromRegistry: Menu 'Time' has 3 items from registry (array)
[2025-12-13 16:13:33.090] _PopulateMenusFromRegistry: Menu 'Projects' has 3 items from registry (array)
[2025-12-13 16:13:33.103] _PopulateMenusFromRegistry: Menu 'Tools' has 4 items from registry (array)
[2025-12-13 16:13:33.114] [DEBUG] TaskListScreen: Constructor completed
[2025-12-13 16:13:33.124] ServiceContainer: Resolved 'TaskListScreen' successfully
[2025-12-13 16:13:33.135] [INFO] Pushing screen to app...
[2025-12-13 16:13:33.426] [DEBUG] LoadData: Got 4 tasks from Store
[2025-12-13 16:13:33.518] [DEBUG] TaskListScreen.LoadData: Setting 4 tasks
[2025-12-13 16:13:33.534] [DEBUG] UniversalList.SetData: START
[2025-12-13 16:13:33.589] [DEBUG] UniversalList.SetData: COMPLETE (4 items)
[2025-12-13 16:13:33.626] [INFO] Screen pushed successfully
[2025-12-13 16:13:33.637] [INFO] Starting event loop...
[2025-12-13 16:13:33.990] [DEBUG] PmcScreen: Calling RenderToEngine on UniversalList
[2025-12-13 16:13:34.025] [DEBUG] PmcScreen: Calling RenderToEngine on FilterPanel
[2025-12-13 16:13:34.101] [DEBUG] PmcScreen: Calling RenderToEngine on InlineEditor
[2025-12-13 16:13:41.177] [DEBUG] PmcScreen: Calling RenderToEngine on UniversalList
[2025-12-13 16:13:41.201] [DEBUG] PmcScreen: Calling RenderToEngine on FilterPanel
[2025-12-13 16:13:41.231] [DEBUG] PmcScreen: Calling RenderToEngine on InlineEditor
