[2025-12-13 12:48:57.445] [INFO] Loading PMC module...
[2025-12-13 12:48:58.981] [INFO] PMC module loaded
[2025-12-13 12:48:58.983] [INFO] Loading dependencies (FieldSchemas, etc.)...
[2025-12-13 12:48:59.130] [INFO] Dependencies loaded
[2025-12-13 12:48:59.143] [INFO] Loading SpeedTUI framework...
[2025-12-13 12:48:59.555] [INFO] SpeedTUI framework loaded
[2025-12-13 12:48:59.572] [INFO] Loading PraxisVT...
[2025-12-13 12:48:59.600] [INFO] PraxisVT loaded
[2025-12-13 12:48:59.614] [INFO] Loading core dependencies...
[2025-12-13 12:48:59.710] [INFO] Core dependencies loaded
[2025-12-13 12:48:59.727] [INFO] Loading widget base classes...
[2025-12-13 12:48:59.804] [INFO] Widget base classes loaded
[2025-12-13 12:48:59.816] [INFO] Loading services...
[2025-12-13 12:49:00.022] [INFO] Services loaded
[2025-12-13 12:49:00.037] [INFO] Loading helpers...
[2025-12-13 12:49:00.881] [INFO] Helpers loaded
[2025-12-13 12:49:00.897] [INFO] Loading widgets...
[2025-12-13 12:49:01.538] [INFO] Widgets loaded
[2025-12-13 12:49:01.554] [INFO] Loading screen base class...
[2025-12-13 12:49:01.598] [INFO] Screen base class loaded
[2025-12-13 12:49:01.617] [INFO] Loading HelpViewScreen (needed by base classes)...
[2025-12-13 12:49:01.669] [INFO] HelpViewScreen loaded
[2025-12-13 12:49:01.685] [INFO] Loading base classes...
[2025-12-13 12:49:01.884] [INFO] Base classes loaded
[2025-12-13 12:49:01.916] [INFO] Loading ServiceContainer (needed by screens)...
[2025-12-13 12:49:01.966] [INFO] ServiceContainer loaded
[2025-12-13 12:49:01.988] [INFO] Loading remaining screens...
[2025-12-13 12:49:02.147] [INFO] Remaining screens loaded
[2025-12-13 12:49:02.158] [INFO] Loading PmcApplication...
[2025-12-13 12:49:02.203] [INFO] PmcApplication loaded
[2025-12-13 12:49:02.218] [INFO] All components loaded successfully
[2025-12-13 12:49:02.249] [INFO] Starting PMC TUI with screen: TaskList
[2025-12-13 12:49:02.269] [INFO] Cleared stale PmcSharedMenuBar and MenuRegistry singleton
[2025-12-13 12:49:02.287] [INFO] Creating ServiceContainer...
[2025-12-13 12:49:02.313] [INFO] ServiceContainer created
[2025-12-13 12:49:02.327] [INFO] Registering Theme service...
[2025-12-13 12:49:02.355] ServiceContainer: Registered 'Theme' (singleton=True)
[2025-12-13 12:49:02.375] [INFO] Registering ThemeManager...
[2025-12-13 12:49:02.397] ServiceContainer: Registered 'ThemeManager' (singleton=True)
[2025-12-13 12:49:02.417] [INFO] Registering Config service...
[2025-12-13 12:49:02.436] ServiceContainer: Registered 'Config' (singleton=True)
[2025-12-13 12:49:02.454] [INFO] Registering TaskStore service...
[2025-12-13 12:49:02.471] ServiceContainer: Registered 'TaskStore' (singleton=True)
[2025-12-13 12:49:02.487] [INFO] Registering MenuRegistry service...
[2025-12-13 12:49:02.504] ServiceContainer: Registered 'MenuRegistry' (singleton=True)
[2025-12-13 12:49:02.520] [INFO] Registering Application service...
[2025-12-13 12:49:02.535] ServiceContainer: Registered 'Application' (singleton=True)
[2025-12-13 12:49:02.551] [INFO] Registering CommandService...
[2025-12-13 12:49:02.565] ServiceContainer: Registered 'CommandService' (singleton=True)
[2025-12-13 12:49:02.582] [INFO] Registering ChecklistService...
[2025-12-13 12:49:02.599] ServiceContainer: Registered 'ChecklistService' (singleton=True)
[2025-12-13 12:49:02.623] [INFO] Registering NoteService...
[2025-12-13 12:49:02.643] ServiceContainer: Registered 'NoteService' (singleton=True)
[2025-12-13 12:49:02.664] [INFO] Registering ExcelMappingService...
[2025-12-13 12:49:02.678] ServiceContainer: Registered 'ExcelMappingService' (singleton=True)
[2025-12-13 12:49:02.691] [INFO] Registering PreferencesService...
[2025-12-13 12:49:02.707] ServiceContainer: Registered 'PreferencesService' (singleton=True)
[2025-12-13 12:49:02.722] [INFO] Registering screen factories...
[2025-12-13 12:49:02.739] ServiceContainer: Registered 'TaskListScreen' (singleton=False)
[2025-12-13 12:49:02.754] [INFO] Resolving Application from container...
[2025-12-13 12:49:02.833] ServiceContainer: Resolving 'Application'...
[2025-12-13 12:49:02.875] [INFO] Resolving Application...
[2025-12-13 12:49:02.892] ServiceContainer: Resolving 'Theme'...
[2025-12-13 12:49:02.923] [INFO] Resolving Theme: Calling Initialize-PmcThemeSystem...
[2025-12-13 12:49:02.953] [INFO] Theme resolved: #33aaff
[2025-12-13 12:49:02.967] [INFO] Loading PmcThemeEngine...
[2025-12-13 12:49:03.103] [DEBUG] Palette [Muted] -> #5C8F6D (R=92 G=143 B=109)
[2025-12-13 12:49:03.119] [DEBUG] Palette [Label] -> #5C8F6D (R=92 G=143 B=109)
[2025-12-13 12:49:03.134] [DEBUG] Palette [Border] -> #185F30 (R=24 G=95 B=48)
[2025-12-13 12:49:03.151] [DEBUG] Palette [Header] -> #228844 (R=34 G=136 B=68)
[2025-12-13 12:49:03.166] [DEBUG] Palette [Cursor] -> #228844 (R=34 G=136 B=68)
[2025-12-13 12:49:03.183] [DEBUG] Palette [Status] -> #5C8F6D (R=92 G=143 B=109)
[2025-12-13 12:49:03.199] [DEBUG] Palette [Error] -> #BE2914 (R=190 G=41 B=20)
[2025-12-13 12:49:03.215] [DEBUG] Palette [Success] -> #2CB158 (R=44 G=177 B=88)
[2025-12-13 12:49:03.231] [DEBUG] Palette [Highlight] -> #228844 (R=34 G=136 B=68)
[2025-12-13 12:49:03.249] [DEBUG] Palette [Text] -> #C2EACF (R=194 G=234 B=207)
[2025-12-13 12:49:03.265] [DEBUG] Palette [Primary] -> #228844 (R=34 G=136 B=68)
[2025-12-13 12:49:03.282] [DEBUG] Palette [Footer] -> #185F30 (R=24 G=95 B=48)
[2025-12-13 12:49:03.305] [DEBUG] Palette [Warning] -> #7FCA14 (R=127 G=202 B=20)
[2025-12-13 12:49:03.323] [DEBUG] Palette [Bright] -> #2CB158 (R=44 G=177 B=88)
[2025-12-13 12:49:03.352] [INFO] LoadFromConfig: Loaded Properties with 16 items
[2025-12-13 12:49:03.373] [INFO] PmcThemeEngine initialized with PMC palette (14 colors)
[2025-12-13 12:49:03.391] ServiceContainer: Resolved 'Theme' successfully
[2025-12-13 12:49:03.514] ServiceContainer: Resolving 'ThemeManager'...
[2025-12-13 12:49:03.527] [INFO] Resolving ThemeManager...
[2025-12-13 12:49:03.666] ServiceContainer: Resolved 'ThemeManager' successfully
[2025-12-13 12:49:03.695] ServiceContainer: Resolved 'Application' successfully
[2025-12-13 12:49:03.720] [INFO] Application resolved and assigned to $global:PmcApp
[2025-12-13 12:49:03.742] [INFO] Loading menus from manifest...
[2025-12-13 12:49:03.763] ServiceContainer: Resolving 'MenuRegistry'...
[2025-12-13 12:49:03.782] [INFO] Resolving MenuRegistry...
[2025-12-13 12:49:03.803] ServiceContainer: Resolved 'MenuRegistry' successfully
[2025-12-13 12:49:03.836] MenuRegistry: Loaded manifest with 24 entries
[2025-12-13 12:49:03.876] ServiceContainer: Registered 'TaskListScreen_Week' (singleton=False)
[2025-12-13 12:49:03.895] MenuRegistry: Registered screen factory 'TaskListScreen_Week' in container (viewMode=week)
[2025-12-13 12:49:03.946] MenuRegistry: Registered 'Week View' in 'Tasks' menu (hotkey=W order=20)
[2025-12-13 12:49:03.977] ServiceContainer: Registered 'TaskListScreen_Default' (singleton=False)
[2025-12-13 12:49:04.011] MenuRegistry: Registered screen factory 'TaskListScreen_Default' in container (viewMode=)
[2025-12-13 12:49:04.042] MenuRegistry: Registered 'Task List' in 'Tasks' menu (hotkey=L order=5)
[2025-12-13 12:49:04.063] ServiceContainer: Registered 'TaskListScreen_Overdue' (singleton=False)
[2025-12-13 12:49:04.096] MenuRegistry: Registered screen factory 'TaskListScreen_Overdue' in container (viewMode=overdue)
[2025-12-13 12:49:04.115] MenuRegistry: Registered 'Overdue' in 'Tasks' menu (hotkey=O order=30)
[2025-12-13 12:49:04.131] ServiceContainer: Registered 'CommandLibraryScreen' (singleton=False)
[2025-12-13 12:49:04.146] MenuRegistry: Registered screen factory 'CommandLibraryScreen' in container (viewMode=)
[2025-12-13 12:49:04.162] MenuRegistry: Registered 'Command Library' in 'Tools' menu (hotkey=L order=10)
[2025-12-13 12:49:04.178] ServiceContainer: Registered 'ChecklistsLauncherScreen' (singleton=False)
[2025-12-13 12:49:04.193] MenuRegistry: Registered screen factory 'ChecklistsLauncherScreen' in container (viewMode=)
[2025-12-13 12:49:04.209] MenuRegistry: Registered 'Checklists' in 'Tools' menu (hotkey=C order=25)
[2025-12-13 12:49:04.226] ServiceContainer: Registered 'TaskListScreen_NoDate' (singleton=False)
[2025-12-13 12:49:04.243] MenuRegistry: Registered screen factory 'TaskListScreen_NoDate' in container (viewMode=noduedate)
[2025-12-13 12:49:04.260] MenuRegistry: Registered 'No Due Date' in 'Tasks' menu (hotkey=D order=40)
[2025-12-13 12:49:04.280] ServiceContainer: Registered 'TimeReportScreen' (singleton=False)
[2025-12-13 12:49:04.296] MenuRegistry: Registered screen factory 'TimeReportScreen' in container (viewMode=)
[2025-12-13 12:49:04.312] MenuRegistry: Registered 'Time Report' in 'Time' menu (hotkey=R order=20)
[2025-12-13 12:49:04.325] ServiceContainer: Registered 'ExcelImportScreen' (singleton=False)
[2025-12-13 12:49:04.348] MenuRegistry: Registered screen factory 'ExcelImportScreen' in container (viewMode=)
[2025-12-13 12:49:04.372] MenuRegistry: Registered 'Import from Excel' in 'Projects' menu (hotkey=I order=40)
[2025-12-13 12:49:04.397] ServiceContainer: Registered 'TaskListScreen_Tomorrow' (singleton=False)
[2025-12-13 12:49:04.415] MenuRegistry: Registered screen factory 'TaskListScreen_Tomorrow' in container (viewMode=tomorrow)
[2025-12-13 12:49:04.430] MenuRegistry: Registered 'Tomorrow' in 'Tasks' menu (hotkey=T order=15)
[2025-12-13 12:49:04.450] ServiceContainer: Registered 'ExcelProfileManagerScreen' (singleton=False)
[2025-12-13 12:49:04.467] MenuRegistry: Registered screen factory 'ExcelProfileManagerScreen' in container (viewMode=)
[2025-12-13 12:49:04.484] MenuRegistry: Registered 'Excel Profiles' in 'Projects' menu (hotkey=M order=50)
[2025-12-13 12:49:04.501] ServiceContainer: Registered 'TaskListScreen_Today' (singleton=False)
[2025-12-13 12:49:04.515] MenuRegistry: Registered screen factory 'TaskListScreen_Today' in container (viewMode=today)
[2025-12-13 12:49:04.530] MenuRegistry: Registered 'Today' in 'Tasks' menu (hotkey=Y order=10)
[2025-12-13 12:49:04.547] ServiceContainer: Registered 'HelpViewScreen' (singleton=False)
[2025-12-13 12:49:04.562] MenuRegistry: Registered screen factory 'HelpViewScreen' in container (viewMode=)
[2025-12-13 12:49:04.579] MenuRegistry: Registered 'Help' in 'Help' menu (hotkey=H order=10)
[2025-12-13 12:49:04.593] ServiceContainer: Registered 'ProjectListScreen' (singleton=False)
[2025-12-13 12:49:04.609] MenuRegistry: Registered screen factory 'ProjectListScreen' in container (viewMode=)
[2025-12-13 12:49:04.626] MenuRegistry: Registered 'Project List' in 'Projects' menu (hotkey=L order=10)
[2025-12-13 12:49:04.643] ServiceContainer: Registered 'ThemeEditorScreen' (singleton=False)
[2025-12-13 12:49:04.660] MenuRegistry: Registered screen factory 'ThemeEditorScreen' in container (viewMode=)
[2025-12-13 12:49:04.684] MenuRegistry: Registered 'Theme Editor' in 'Options' menu (hotkey=T order=10)
[2025-12-13 12:49:04.706] ServiceContainer: Registered 'TaskListScreen_Upcoming' (singleton=False)
[2025-12-13 12:49:04.729] MenuRegistry: Registered screen factory 'TaskListScreen_Upcoming' in container (viewMode=upcoming)
[2025-12-13 12:49:04.751] MenuRegistry: Registered 'Upcoming' in 'Tasks' menu (hotkey=U order=25)
[2025-12-13 12:49:04.771] ServiceContainer: Registered 'SettingsScreen' (singleton=False)
[2025-12-13 12:49:04.788] MenuRegistry: Registered screen factory 'SettingsScreen' in container (viewMode=)
[2025-12-13 12:49:04.806] MenuRegistry: Registered 'Settings' in 'Options' menu (hotkey=S order=20)
[2025-12-13 12:49:04.824] ServiceContainer: Registered 'WeeklyTimeReportScreen' (singleton=False)
[2025-12-13 12:49:04.887] MenuRegistry: Registered screen factory 'WeeklyTimeReportScreen' in container (viewMode=)
[2025-12-13 12:49:04.926] MenuRegistry: Registered 'Weekly Report' in 'Time' menu (hotkey=W order=10)
[2025-12-13 12:49:04.984] ServiceContainer: Registered 'TaskListScreen_Agenda' (singleton=False)
[2025-12-13 12:49:05.034] MenuRegistry: Registered screen factory 'TaskListScreen_Agenda' in container (viewMode=agenda)
[2025-12-13 12:49:05.066] MenuRegistry: Registered 'Agenda View' in 'Tasks' menu (hotkey=A order=50)
[2025-12-13 12:49:05.090] ServiceContainer: Registered 'NotesMenuScreen' (singleton=False)
[2025-12-13 12:49:05.116] MenuRegistry: Registered screen factory 'NotesMenuScreen' in container (viewMode=)
[2025-12-13 12:49:05.142] MenuRegistry: Registered 'Notes' in 'Tools' menu (hotkey=N order=20)
[2025-12-13 12:49:05.164] ServiceContainer: Registered 'TaskListScreen_Month' (singleton=False)
[2025-12-13 12:49:05.183] MenuRegistry: Registered screen factory 'TaskListScreen_Month' in container (viewMode=month)
[2025-12-13 12:49:05.202] MenuRegistry: Registered 'Month View' in 'Tasks' menu (hotkey=M order=45)
[2025-12-13 12:49:05.223] ServiceContainer: Registered 'ChecklistTemplatesFolderScreen' (singleton=False)
[2025-12-13 12:49:05.239] MenuRegistry: Registered screen factory 'ChecklistTemplatesFolderScreen' in container (viewMode=)
[2025-12-13 12:49:05.257] MenuRegistry: Registered 'Checklist Templates' in 'Tools' menu (hotkey=H order=30)
[2025-12-13 12:49:05.275] ServiceContainer: Registered 'TimeListScreen' (singleton=False)
[2025-12-13 12:49:05.293] MenuRegistry: Registered screen factory 'TimeListScreen' in container (viewMode=)
[2025-12-13 12:49:05.315] MenuRegistry: Registered 'Time Tracking' in 'Time' menu (hotkey=T order=5)
[2025-12-13 12:49:05.336] ServiceContainer: Registered 'TaskListScreen_NextActions' (singleton=False)
[2025-12-13 12:49:05.359] MenuRegistry: Registered screen factory 'TaskListScreen_NextActions' in container (viewMode=nextactions)
[2025-12-13 12:49:05.392] MenuRegistry: Registered 'Next Actions' in 'Tasks' menu (hotkey=N order=35)
[2025-12-13 12:49:05.437] ServiceContainer: Registered 'KanbanScreenV2' (singleton=False)
[2025-12-13 12:49:05.477] MenuRegistry: Registered screen factory 'KanbanScreenV2' in container (viewMode=)
[2025-12-13 12:49:05.506] MenuRegistry: Registered 'Kanban Board' in 'Tasks' menu (hotkey=K order=55)
[2025-12-13 12:49:05.531] [INFO] Menus loaded from C:\Users\jhnhe\OneDrive\Documents\GitHub\project-management-console\og_transport\HYBRID\module\Pmc.Strict\consoleui\screens\MenuItems.psd1
[2025-12-13 12:49:05.552] [INFO] Launching screen: TaskList
[2025-12-13 12:49:05.574] [INFO] Resolving TaskListScreen from container...
[2025-12-13 12:49:05.600] ServiceContainer: Resolving 'TaskListScreen'...
[2025-12-13 12:49:05.621] [INFO] Resolving TaskListScreen...
[2025-12-13 12:49:05.640] ServiceContainer: Resolving 'TaskStore'...
[2025-12-13 12:49:05.665] [INFO] Resolving TaskStore...
[2025-12-13 12:49:05.721] [DEBUG] TaskStore.LoadData: Starting
[2025-12-13 12:49:05.739] [DEBUG] TaskStore.LoadData: Calling Get-PmcData
[2025-12-13 12:49:06.137] [DEBUG] TaskStore.LoadData: Get-PmcData returned - tasks=4 projects=2 timelogs=3
[2025-12-13 12:49:06.172] [DEBUG] TaskStore.LoadData: Loaded 4 tasks
[2025-12-13 12:49:06.192] [DEBUG] TaskStore.LoadData: Loaded 2 projects
[2025-12-13 12:49:06.221] [DEBUG] TaskStore.LoadData: First project name='p1' ID1='111'
[2025-12-13 12:49:06.249] ServiceContainer: Resolved 'TaskStore' successfully
[2025-12-13 12:49:06.832] MenuRegistry: Loaded manifest with 24 entries
[2025-12-13 12:49:06.860] MenuRegistry: Registered 'Week View' in 'Tasks' menu (hotkey=W order=20)
[2025-12-13 12:49:06.878] MenuRegistry: Registered 'Task List' in 'Tasks' menu (hotkey=L order=5)
[2025-12-13 12:49:06.895] MenuRegistry: Registered 'Overdue' in 'Tasks' menu (hotkey=O order=30)
[2025-12-13 12:49:06.912] MenuRegistry: Registered 'Command Library' in 'Tools' menu (hotkey=L order=10)
[2025-12-13 12:49:06.931] MenuRegistry: Registered 'Checklists' in 'Tools' menu (hotkey=C order=25)
[2025-12-13 12:49:06.954] MenuRegistry: Registered 'No Due Date' in 'Tasks' menu (hotkey=D order=40)
[2025-12-13 12:49:06.971] MenuRegistry: Registered 'Time Report' in 'Time' menu (hotkey=R order=20)
[2025-12-13 12:49:06.989] MenuRegistry: Registered 'Import from Excel' in 'Projects' menu (hotkey=I order=40)
[2025-12-13 12:49:07.006] MenuRegistry: Registered 'Tomorrow' in 'Tasks' menu (hotkey=T order=15)
[2025-12-13 12:49:07.024] MenuRegistry: Registered 'Excel Profiles' in 'Projects' menu (hotkey=M order=50)
[2025-12-13 12:49:07.041] MenuRegistry: Registered 'Today' in 'Tasks' menu (hotkey=Y order=10)
[2025-12-13 12:49:07.058] MenuRegistry: Registered 'Help' in 'Help' menu (hotkey=H order=10)
[2025-12-13 12:49:07.079] MenuRegistry: Registered 'Project List' in 'Projects' menu (hotkey=L order=10)
[2025-12-13 12:49:07.096] MenuRegistry: Registered 'Theme Editor' in 'Options' menu (hotkey=T order=10)
[2025-12-13 12:49:07.113] MenuRegistry: Registered 'Upcoming' in 'Tasks' menu (hotkey=U order=25)
[2025-12-13 12:49:07.129] MenuRegistry: Registered 'Settings' in 'Options' menu (hotkey=S order=20)
[2025-12-13 12:49:07.146] MenuRegistry: Registered 'Weekly Report' in 'Time' menu (hotkey=W order=10)
[2025-12-13 12:49:07.162] MenuRegistry: Registered 'Agenda View' in 'Tasks' menu (hotkey=A order=50)
[2025-12-13 12:49:07.179] MenuRegistry: Registered 'Notes' in 'Tools' menu (hotkey=N order=20)
[2025-12-13 12:49:07.196] MenuRegistry: Registered 'Month View' in 'Tasks' menu (hotkey=M order=45)
[2025-12-13 12:49:07.215] MenuRegistry: Registered 'Checklist Templates' in 'Tools' menu (hotkey=H order=30)
[2025-12-13 12:49:07.233] MenuRegistry: Registered 'Time Tracking' in 'Time' menu (hotkey=T order=5)
[2025-12-13 12:49:07.255] MenuRegistry: Registered 'Next Actions' in 'Tasks' menu (hotkey=N order=35)
[2025-12-13 12:49:07.274] MenuRegistry: Registered 'Kanban Board' in 'Tasks' menu (hotkey=K order=55)
[2025-12-13 12:49:07.315] _PopulateMenusFromRegistry: Menu 'Time' has 3 items from registry (array)
[2025-12-13 12:49:07.351] _PopulateMenusFromRegistry: Menu 'Tools' has 4 items from registry (array)
[2025-12-13 12:49:07.369] _PopulateMenusFromRegistry: Menu 'Help' has 1 items from registry (array)
[2025-12-13 12:49:07.395] _PopulateMenusFromRegistry: Menu 'Tasks' has 11 items from registry (array)
[2025-12-13 12:49:07.421] _PopulateMenusFromRegistry: Menu 'Options' has 2 items from registry (array)
[2025-12-13 12:49:07.443] _PopulateMenusFromRegistry: Menu 'Projects' has 3 items from registry (array)
[2025-12-13 12:49:07.461] ServiceContainer: Resolved 'TaskListScreen' successfully
[2025-12-13 12:49:07.484] [INFO] Pushing screen to app...
[2025-12-13 12:49:08.354] [ERROR] EXCEPTION: Parameter 'x' must be non-negative. Got: -27. Called from:  at line 136 (Parameter 'x')
Actual value was -27.
[2025-12-13 12:49:08.381] [ERROR] Stack trace: at NonNegative, C:\Users\jhnhe\OneDrive\Documents\GitHub\project-management-console\og_transport\HYBRID\lib\SpeedTUI\Core\NullCheck.ps1: line 194
at SetPosition, C:\Users\jhnhe\OneDrive\Documents\GitHub\project-management-console\og_transport\HYBRID\lib\SpeedTUI\Core\Component.ps1: line 136
at Resize, C:\Users\jhnhe\OneDrive\Documents\GitHub\project-management-console\og_transport\HYBRID\module\Pmc.Strict\consoleui\base\StandardListScreen.ps1: line 202
at OnEnter, C:\Users\jhnhe\OneDrive\Documents\GitHub\project-management-console\og_transport\HYBRID\module\Pmc.Strict\consoleui\base\StandardListScreen.ps1: line 596
at PushScreen, C:\Users\jhnhe\OneDrive\Documents\GitHub\project-management-console\og_transport\HYBRID\module\Pmc.Strict\consoleui\PmcApplication.ps1: line 136
at Start-PmcTUI, C:\Users\jhnhe\OneDrive\Documents\GitHub\project-management-console\og_transport\HYBRID\module\Pmc.Strict\consoleui\Start-PmcTUI.ps1: line 513
at <ScriptBlock>, C:\Users\jhnhe\OneDrive\Documents\GitHub\project-management-console\og_transport\HYBRID\module\Pmc.Strict\consoleui\Start-PmcTUI.ps1: line 565
[2025-12-13 12:49:08.474] [ERROR] Exception details: 
Message        : Parameter 'x' must be non-negative. Got: -27. Called from:  at line 136 (Parameter 'x')
                 Actual value was -27.
ActualValue    : -27
ParamName      : x
TargetSite     : 
Data           : {}
InnerException : 
HelpLink       : 
Source         : 
HResult        : -2146233086
StackTrace     : 


[2025-12-13 12:49:08.555] [INFO] Cleanup - showing cursor and resetting terminal
