[2025-12-13 20:29:50.333] [INFO] Loading PMC module...
[2025-12-13 20:29:51.357] [INFO] PMC module loaded
[2025-12-13 20:29:51.358] [INFO] Loading dependencies (FieldSchemas, etc.)...
[2025-12-13 20:29:51.462] [INFO] Dependencies loaded
[2025-12-13 20:29:51.463] [INFO] Loading SpeedTUI framework...
[2025-12-13 20:29:51.718] [INFO] SpeedTUI framework loaded
[2025-12-13 20:29:51.728] [INFO] Loading PraxisVT...
[2025-12-13 20:29:51.745] [INFO] PraxisVT loaded
[2025-12-13 20:29:51.753] [INFO] Loading core dependencies...
[2025-12-13 20:29:51.816] [INFO] Core dependencies loaded
[2025-12-13 20:29:51.831] [INFO] Loading widget base classes...
[2025-12-13 20:29:51.889] [INFO] Widget base classes loaded
[2025-12-13 20:29:51.900] [INFO] Loading services...
[2025-12-13 20:29:52.048] [INFO] Services loaded
[2025-12-13 20:29:52.058] [INFO] Loading helpers...
[2025-12-13 20:29:52.465] [INFO] Helpers loaded
[2025-12-13 20:29:52.475] [INFO] Loading widgets...
[2025-12-13 20:29:52.841] [INFO] Widgets loaded
[2025-12-13 20:29:52.852] [INFO] Loading screen base class...
[2025-12-13 20:29:52.876] [INFO] Screen base class loaded
[2025-12-13 20:29:52.888] [INFO] Loading HelpViewScreen (needed by base classes)...
[2025-12-13 20:29:52.916] [INFO] HelpViewScreen loaded
[2025-12-13 20:29:52.925] [INFO] Loading base classes...
[2025-12-13 20:29:53.021] [INFO] Base classes loaded
[2025-12-13 20:29:53.050] [INFO] Loading ServiceContainer (needed by screens)...
[2025-12-13 20:29:53.073] [INFO] ServiceContainer loaded
[2025-12-13 20:29:53.085] [INFO] Loading remaining screens...
[2025-12-13 20:29:53.191] [INFO] Remaining screens loaded
[2025-12-13 20:29:53.203] [INFO] Loading PmcApplication...
[2025-12-13 20:29:53.230] [INFO] PmcApplication loaded
[2025-12-13 20:29:53.241] [INFO] All components loaded successfully
[2025-12-13 20:29:53.260] [INFO] Starting PMC TUI with screen: TaskList
[2025-12-13 20:29:53.273] [INFO] Cleared stale PmcSharedMenuBar and MenuRegistry singleton
[2025-12-13 20:29:53.285] [INFO] Creating ServiceContainer...
[2025-12-13 20:29:53.299] [INFO] ServiceContainer created
[2025-12-13 20:29:53.310] [INFO] Registering Theme service...
[2025-12-13 20:29:53.335] ServiceContainer: Registered 'Theme' (singleton=True)
[2025-12-13 20:29:53.346] [INFO] Registering ThemeManager...
[2025-12-13 20:29:53.356] ServiceContainer: Registered 'ThemeManager' (singleton=True)
[2025-12-13 20:29:53.368] [INFO] Registering Config service...
[2025-12-13 20:29:53.381] ServiceContainer: Registered 'Config' (singleton=True)
[2025-12-13 20:29:53.391] [INFO] Registering TaskStore service...
[2025-12-13 20:29:53.402] ServiceContainer: Registered 'TaskStore' (singleton=True)
[2025-12-13 20:29:53.414] [INFO] Registering MenuRegistry service...
[2025-12-13 20:29:53.424] ServiceContainer: Registered 'MenuRegistry' (singleton=True)
[2025-12-13 20:29:53.435] [INFO] Registering Application service...
[2025-12-13 20:29:53.448] ServiceContainer: Registered 'Application' (singleton=True)
[2025-12-13 20:29:53.461] [INFO] Registering CommandService...
[2025-12-13 20:29:53.472] ServiceContainer: Registered 'CommandService' (singleton=True)
[2025-12-13 20:29:53.487] [INFO] Registering ChecklistService...
[2025-12-13 20:29:53.497] ServiceContainer: Registered 'ChecklistService' (singleton=True)
[2025-12-13 20:29:53.508] [INFO] Registering NoteService...
[2025-12-13 20:29:53.520] ServiceContainer: Registered 'NoteService' (singleton=True)
[2025-12-13 20:29:53.533] [INFO] Registering ExcelMappingService...
[2025-12-13 20:29:53.545] ServiceContainer: Registered 'ExcelMappingService' (singleton=True)
[2025-12-13 20:29:53.556] [INFO] Registering PreferencesService...
[2025-12-13 20:29:53.567] ServiceContainer: Registered 'PreferencesService' (singleton=True)
[2025-12-13 20:29:53.581] [INFO] Registering screen factories...
[2025-12-13 20:29:53.592] ServiceContainer: Registered 'TaskListScreen' (singleton=False)
[2025-12-13 20:29:53.603] [INFO] Resolving Application from container...
[2025-12-13 20:29:53.623] ServiceContainer: Resolving 'Application'...
[2025-12-13 20:29:53.635] [INFO] Resolving Application...
[2025-12-13 20:29:53.646] ServiceContainer: Resolving 'Theme'...
[2025-12-13 20:29:53.660] [INFO] Resolving Theme: Calling Initialize-PmcThemeSystem...
[2025-12-13 20:29:53.677] [INFO] Theme resolved: #33aaff
[2025-12-13 20:29:53.688] [INFO] Loading PmcThemeEngine...
[2025-12-13 20:29:53.780] [DEBUG] Palette [Warning] -> #7FCA14 (R=127 G=202 B=20)
[2025-12-13 20:29:53.790] [DEBUG] Palette [Cursor] -> #228844 (R=34 G=136 B=68)
[2025-12-13 20:29:53.801] [DEBUG] Palette [Footer] -> #185F30 (R=24 G=95 B=48)
[2025-12-13 20:29:53.811] [DEBUG] Palette [Status] -> #5C8F6D (R=92 G=143 B=109)
[2025-12-13 20:29:53.824] [DEBUG] Palette [Header] -> #228844 (R=34 G=136 B=68)
[2025-12-13 20:29:53.837] [DEBUG] Palette [Highlight] -> #228844 (R=34 G=136 B=68)
[2025-12-13 20:29:53.848] [DEBUG] Palette [Label] -> #5C8F6D (R=92 G=143 B=109)
[2025-12-13 20:29:53.858] [DEBUG] Palette [Text] -> #C2EACF (R=194 G=234 B=207)
[2025-12-13 20:29:53.869] [DEBUG] Palette [Muted] -> #5C8F6D (R=92 G=143 B=109)
[2025-12-13 20:29:53.880] [DEBUG] Palette [Border] -> #185F30 (R=24 G=95 B=48)
[2025-12-13 20:29:53.894] [DEBUG] Palette [Success] -> #2CB158 (R=44 G=177 B=88)
[2025-12-13 20:29:53.904] [DEBUG] Palette [Bright] -> #2CB158 (R=44 G=177 B=88)
[2025-12-13 20:29:53.913] [DEBUG] Palette [Primary] -> #228844 (R=34 G=136 B=68)
[2025-12-13 20:29:53.924] [DEBUG] Palette [Error] -> #BE2914 (R=190 G=41 B=20)
[2025-12-13 20:29:53.940] [INFO] LoadFromConfig: Loaded Properties with 16 items
[2025-12-13 20:29:53.960] [INFO] PmcThemeEngine initialized with PMC palette (14 colors)
[2025-12-13 20:29:53.974] ServiceContainer: Resolved 'Theme' successfully
[2025-12-13 20:29:54.306] ServiceContainer: Resolving 'ThemeManager'...
[2025-12-13 20:29:54.319] [INFO] Resolving ThemeManager...
[2025-12-13 20:29:54.399] ServiceContainer: Resolved 'ThemeManager' successfully
[2025-12-13 20:29:54.418] ServiceContainer: Resolved 'Application' successfully
[2025-12-13 20:29:54.429] [INFO] Application resolved and assigned to $global:PmcApp
[2025-12-13 20:29:54.439] [INFO] Loading menus from manifest...
[2025-12-13 20:29:54.452] ServiceContainer: Resolving 'MenuRegistry'...
[2025-12-13 20:29:54.464] [INFO] Resolving MenuRegistry...
[2025-12-13 20:29:54.480] ServiceContainer: Resolved 'MenuRegistry' successfully
[2025-12-13 20:29:54.502] MenuRegistry: Loaded manifest with 24 entries
[2025-12-13 20:29:54.526] ServiceContainer: Registered 'ThemeEditorScreen' (singleton=False)
[2025-12-13 20:29:54.540] MenuRegistry: Registered screen factory 'ThemeEditorScreen' in container (viewMode=)
[2025-12-13 20:29:54.559] MenuRegistry: Registered 'Theme Editor' in 'Options' menu (hotkey=T order=10)
[2025-12-13 20:29:54.572] ServiceContainer: Registered 'TaskListScreen_Default' (singleton=False)
[2025-12-13 20:29:54.584] MenuRegistry: Registered screen factory 'TaskListScreen_Default' in container (viewMode=)
[2025-12-13 20:29:54.595] MenuRegistry: Registered 'Task List' in 'Tasks' menu (hotkey=L order=5)
[2025-12-13 20:29:54.606] ServiceContainer: Registered 'CommandLibraryScreen' (singleton=False)
[2025-12-13 20:29:54.615] MenuRegistry: Registered screen factory 'CommandLibraryScreen' in container (viewMode=)
[2025-12-13 20:29:54.627] MenuRegistry: Registered 'Command Library' in 'Tools' menu (hotkey=L order=10)
[2025-12-13 20:29:54.638] ServiceContainer: Registered 'TaskListScreen_Month' (singleton=False)
[2025-12-13 20:29:54.649] MenuRegistry: Registered screen factory 'TaskListScreen_Month' in container (viewMode=month)
[2025-12-13 20:29:54.660] MenuRegistry: Registered 'Month View' in 'Tasks' menu (hotkey=M order=45)
[2025-12-13 20:29:54.671] ServiceContainer: Registered 'ChecklistTemplatesFolderScreen' (singleton=False)
[2025-12-13 20:29:54.686] MenuRegistry: Registered screen factory 'ChecklistTemplatesFolderScreen' in container (viewMode=)
[2025-12-13 20:29:54.698] MenuRegistry: Registered 'Checklist Templates' in 'Tools' menu (hotkey=H order=30)
[2025-12-13 20:29:54.711] ServiceContainer: Registered 'ExcelImportScreen' (singleton=False)
[2025-12-13 20:29:54.722] MenuRegistry: Registered screen factory 'ExcelImportScreen' in container (viewMode=)
[2025-12-13 20:29:54.733] MenuRegistry: Registered 'Import from Excel' in 'Projects' menu (hotkey=I order=40)
[2025-12-13 20:29:54.744] ServiceContainer: Registered 'ChecklistsLauncherScreen' (singleton=False)
[2025-12-13 20:29:54.754] MenuRegistry: Registered screen factory 'ChecklistsLauncherScreen' in container (viewMode=)
[2025-12-13 20:29:54.766] MenuRegistry: Registered 'Checklists' in 'Tools' menu (hotkey=C order=25)
[2025-12-13 20:29:54.776] ServiceContainer: Registered 'TaskListScreen_Week' (singleton=False)
[2025-12-13 20:29:54.787] MenuRegistry: Registered screen factory 'TaskListScreen_Week' in container (viewMode=week)
[2025-12-13 20:29:54.798] MenuRegistry: Registered 'Week View' in 'Tasks' menu (hotkey=W order=20)
[2025-12-13 20:29:54.809] ServiceContainer: Registered 'NotesMenuScreen' (singleton=False)
[2025-12-13 20:29:54.819] MenuRegistry: Registered screen factory 'NotesMenuScreen' in container (viewMode=)
[2025-12-13 20:29:54.832] MenuRegistry: Registered 'Notes' in 'Tools' menu (hotkey=N order=20)
[2025-12-13 20:29:54.843] ServiceContainer: Registered 'ExcelProfileManagerScreen' (singleton=False)
[2025-12-13 20:29:54.857] MenuRegistry: Registered screen factory 'ExcelProfileManagerScreen' in container (viewMode=)
[2025-12-13 20:29:54.867] MenuRegistry: Registered 'Excel Profiles' in 'Projects' menu (hotkey=M order=50)
[2025-12-13 20:29:54.879] ServiceContainer: Registered 'TaskListScreen_Tomorrow' (singleton=False)
[2025-12-13 20:29:54.891] MenuRegistry: Registered screen factory 'TaskListScreen_Tomorrow' in container (viewMode=tomorrow)
[2025-12-13 20:29:54.902] MenuRegistry: Registered 'Tomorrow' in 'Tasks' menu (hotkey=T order=15)
[2025-12-13 20:29:54.913] ServiceContainer: Registered 'TaskListScreen_Today' (singleton=False)
[2025-12-13 20:29:54.924] MenuRegistry: Registered screen factory 'TaskListScreen_Today' in container (viewMode=today)
[2025-12-13 20:29:54.934] MenuRegistry: Registered 'Today' in 'Tasks' menu (hotkey=Y order=10)
[2025-12-13 20:29:54.946] ServiceContainer: Registered 'TaskListScreen_NoDate' (singleton=False)
[2025-12-13 20:29:54.960] MenuRegistry: Registered screen factory 'TaskListScreen_NoDate' in container (viewMode=noduedate)
[2025-12-13 20:29:54.973] MenuRegistry: Registered 'No Due Date' in 'Tasks' menu (hotkey=D order=40)
[2025-12-13 20:29:54.984] ServiceContainer: Registered 'KanbanScreenV2' (singleton=False)
[2025-12-13 20:29:54.994] MenuRegistry: Registered screen factory 'KanbanScreenV2' in container (viewMode=)
[2025-12-13 20:29:55.004] MenuRegistry: Registered 'Kanban Board' in 'Tasks' menu (hotkey=K order=55)
[2025-12-13 20:29:55.015] ServiceContainer: Registered 'TaskListScreen_Upcoming' (singleton=False)
[2025-12-13 20:29:55.025] MenuRegistry: Registered screen factory 'TaskListScreen_Upcoming' in container (viewMode=upcoming)
[2025-12-13 20:29:55.038] MenuRegistry: Registered 'Upcoming' in 'Tasks' menu (hotkey=U order=25)
[2025-12-13 20:29:55.049] ServiceContainer: Registered 'TaskListScreen_NextActions' (singleton=False)
[2025-12-13 20:29:55.060] MenuRegistry: Registered screen factory 'TaskListScreen_NextActions' in container (viewMode=nextactions)
[2025-12-13 20:29:55.073] MenuRegistry: Registered 'Next Actions' in 'Tasks' menu (hotkey=N order=35)
[2025-12-13 20:29:55.085] ServiceContainer: Registered 'WeeklyTimeReportScreen' (singleton=False)
[2025-12-13 20:29:55.095] MenuRegistry: Registered screen factory 'WeeklyTimeReportScreen' in container (viewMode=)
[2025-12-13 20:29:55.107] MenuRegistry: Registered 'Weekly Report' in 'Time' menu (hotkey=W order=10)
[2025-12-13 20:29:55.119] ServiceContainer: Registered 'HelpViewScreen' (singleton=False)
[2025-12-13 20:29:55.129] MenuRegistry: Registered screen factory 'HelpViewScreen' in container (viewMode=)
[2025-12-13 20:29:55.140] MenuRegistry: Registered 'Help' in 'Help' menu (hotkey=H order=10)
[2025-12-13 20:29:55.151] ServiceContainer: Registered 'TimeListScreen' (singleton=False)
[2025-12-13 20:29:55.161] MenuRegistry: Registered screen factory 'TimeListScreen' in container (viewMode=)
[2025-12-13 20:29:55.175] MenuRegistry: Registered 'Time Tracking' in 'Time' menu (hotkey=T order=5)
[2025-12-13 20:29:55.186] ServiceContainer: Registered 'SettingsScreen' (singleton=False)
[2025-12-13 20:29:55.197] MenuRegistry: Registered screen factory 'SettingsScreen' in container (viewMode=)
[2025-12-13 20:29:55.210] MenuRegistry: Registered 'Settings' in 'Options' menu (hotkey=S order=20)
[2025-12-13 20:29:55.220] ServiceContainer: Registered 'TaskListScreen_Overdue' (singleton=False)
[2025-12-13 20:29:55.230] MenuRegistry: Registered screen factory 'TaskListScreen_Overdue' in container (viewMode=overdue)
[2025-12-13 20:29:55.241] MenuRegistry: Registered 'Overdue' in 'Tasks' menu (hotkey=O order=30)
[2025-12-13 20:29:55.252] ServiceContainer: Registered 'TimeReportScreen' (singleton=False)
[2025-12-13 20:29:55.264] MenuRegistry: Registered screen factory 'TimeReportScreen' in container (viewMode=)
[2025-12-13 20:29:55.274] MenuRegistry: Registered 'Time Report' in 'Time' menu (hotkey=R order=20)
[2025-12-13 20:29:55.285] ServiceContainer: Registered 'ProjectListScreen' (singleton=False)
[2025-12-13 20:29:55.297] MenuRegistry: Registered screen factory 'ProjectListScreen' in container (viewMode=)
[2025-12-13 20:29:55.310] MenuRegistry: Registered 'Project List' in 'Projects' menu (hotkey=L order=10)
[2025-12-13 20:29:55.322] ServiceContainer: Registered 'TaskListScreen_Agenda' (singleton=False)
[2025-12-13 20:29:55.335] MenuRegistry: Registered screen factory 'TaskListScreen_Agenda' in container (viewMode=agenda)
[2025-12-13 20:29:55.346] MenuRegistry: Registered 'Agenda View' in 'Tasks' menu (hotkey=A order=50)
[2025-12-13 20:29:55.357] [INFO] Menus loaded from C:\Users\jhnhe\OneDrive\Documents\GitHub\project-management-console\og_transport\HYBRID\module\Pmc.Strict\consoleui\screens\MenuItems.psd1
[2025-12-13 20:29:55.368] [INFO] Launching screen: TaskList
[2025-12-13 20:29:55.379] [INFO] Resolving TaskListScreen from container...
[2025-12-13 20:29:55.390] ServiceContainer: Resolving 'TaskListScreen'...
[2025-12-13 20:29:55.402] [INFO] Resolving TaskListScreen...
[2025-12-13 20:29:55.411] ServiceContainer: Resolving 'TaskStore'...
[2025-12-13 20:29:55.424] [INFO] Resolving TaskStore...
[2025-12-13 20:29:55.463] [DEBUG] TaskStore.LoadData: Starting
[2025-12-13 20:29:55.486] [DEBUG] TaskStore.LoadData: Calling Get-PmcData
[2025-12-13 20:29:55.785] [DEBUG] TaskStore.LoadData: Get-PmcData returned - tasks=4 projects=2 timelogs=3
[2025-12-13 20:29:55.802] [DEBUG] TaskStore.LoadData: Loaded 4 tasks
[2025-12-13 20:29:55.817] [DEBUG] TaskStore.LoadData: Loaded 2 projects
[2025-12-13 20:29:55.838] [DEBUG] TaskStore.LoadData: First project name='p1' ID1='111'
[2025-12-13 20:29:55.854] ServiceContainer: Resolved 'TaskStore' successfully
[2025-12-13 20:29:56.239] [DEBUG] PmcScreen.AddContentWidget: Adding UniversalList (Total: 1)
[2025-12-13 20:29:56.252] [DEBUG] PmcScreen.AddContentWidget: Adding FilterPanel (Total: 2)
[2025-12-13 20:29:56.265] [DEBUG] PmcScreen.AddContentWidget: Adding InlineEditor (Total: 3)
[2025-12-13 20:29:56.302] [DEBUG] TaskListScreen: Constructor started
[2025-12-13 20:29:56.380] _PopulateMenusFromRegistry: Menu 'Options' has 2 items from registry (array)
[2025-12-13 20:29:56.424] _PopulateMenusFromRegistry: Menu 'Tasks' has 11 items from registry (array)
[2025-12-13 20:29:56.441] _PopulateMenusFromRegistry: Menu 'Time' has 3 items from registry (array)
[2025-12-13 20:29:56.458] _PopulateMenusFromRegistry: Menu 'Projects' has 3 items from registry (array)
[2025-12-13 20:29:56.475] _PopulateMenusFromRegistry: Menu 'Tools' has 4 items from registry (array)
[2025-12-13 20:29:56.495] _PopulateMenusFromRegistry: Menu 'Help' has 1 items from registry (array)
[2025-12-13 20:29:56.505] [DEBUG] TaskListScreen: Constructor completed
[2025-12-13 20:29:56.518] ServiceContainer: Resolved 'TaskListScreen' successfully
[2025-12-13 20:29:56.531] [INFO] Pushing screen to app...
[2025-12-13 20:29:56.987] [DEBUG] LoadData: Got 4 tasks from Store
[2025-12-13 20:29:57.074] [DEBUG] TaskListScreen.LoadData: Setting 4 tasks
[2025-12-13 20:29:57.090] [DEBUG] UniversalList.SetData: START
[2025-12-13 20:29:57.136] [DEBUG] UniversalList.SetData: COMPLETE (4 items)
[2025-12-13 20:29:57.336] [INFO] Screen pushed successfully
[2025-12-13 20:29:57.347] [INFO] Starting event loop...
[2025-12-13 20:29:57.840] [DEBUG] PmcScreen: Calling RenderToEngine on UniversalList
[2025-12-13 20:29:57.997] [DEBUG] PmcScreen: Calling RenderToEngine on FilterPanel
[2025-12-13 20:29:58.137] [DEBUG] PmcScreen: Calling RenderToEngine on InlineEditor
[2025-12-13 20:30:00.551] [DEBUG] PmcScreen: Calling RenderToEngine on UniversalList
[2025-12-13 20:30:00.670] [DEBUG] PmcScreen: Calling RenderToEngine on FilterPanel
[2025-12-13 20:30:00.764] [DEBUG] PmcScreen: Calling RenderToEngine on InlineEditor
[2025-12-13 20:51:27.890] [INFO] Event loop exited normally
[2025-12-13 20:51:27.894] [INFO] Cleanup - showing cursor and resetting terminal
