[2025-12-14 14:07:49.736] [INFO] Loading PMC module...
[2025-12-14 14:07:50.789] [INFO] PMC module loaded
[2025-12-14 14:07:50.791] [INFO] Loading dependencies (FieldSchemas, etc.)...
[2025-12-14 14:07:50.916] [INFO] Dependencies loaded
[2025-12-14 14:07:50.918] [INFO] Loading SpeedTUI framework...
[2025-12-14 14:07:51.213] [INFO] SpeedTUI framework loaded
[2025-12-14 14:07:51.222] [INFO] Loading PraxisVT...
[2025-12-14 14:07:51.238] [INFO] PraxisVT loaded
[2025-12-14 14:07:51.247] [INFO] Loading core dependencies...
[2025-12-14 14:07:51.309] [INFO] Core dependencies loaded
[2025-12-14 14:07:51.317] [INFO] Loading widget base classes...
[2025-12-14 14:07:51.366] [INFO] Widget base classes loaded
[2025-12-14 14:07:51.375] [INFO] Loading services...
[2025-12-14 14:07:51.512] [INFO] Services loaded
[2025-12-14 14:07:51.525] [INFO] Loading helpers...
[2025-12-14 14:07:52.034] [INFO] Helpers loaded
[2025-12-14 14:07:52.043] [INFO] Loading widgets...
[2025-12-14 14:07:52.510] [INFO] Widgets loaded
[2025-12-14 14:07:52.522] [INFO] Loading screen base class...
[2025-12-14 14:07:52.554] [INFO] Screen base class loaded
[2025-12-14 14:07:52.565] [INFO] Loading HelpViewScreen (needed by base classes)...
[2025-12-14 14:07:52.595] [INFO] HelpViewScreen loaded
[2025-12-14 14:07:52.604] [INFO] Loading base classes...
[2025-12-14 14:07:52.701] [INFO] Base classes loaded
[2025-12-14 14:07:52.711] [INFO] Loading ServiceContainer (needed by screens)...
[2025-12-14 14:07:52.730] [INFO] ServiceContainer loaded
[2025-12-14 14:07:52.741] [INFO] Loading remaining screens...
[2025-12-14 14:07:52.850] [INFO] Remaining screens loaded
[2025-12-14 14:07:52.861] [INFO] Loading PmcApplication...
[2025-12-14 14:07:52.888] [INFO] PmcApplication loaded
[2025-12-14 14:07:52.903] [INFO] All components loaded successfully
[2025-12-14 14:07:52.925] [INFO] Starting PMC TUI with screen: TaskList
[2025-12-14 14:07:52.939] [INFO] Cleared stale PmcSharedMenuBar and MenuRegistry singleton
[2025-12-14 14:07:52.949] [INFO] Creating ServiceContainer...
[2025-12-14 14:07:52.964] [INFO] ServiceContainer created
[2025-12-14 14:07:52.976] [INFO] Registering Theme service...
[2025-12-14 14:07:52.998] ServiceContainer: Registered 'Theme' (singleton=True)
[2025-12-14 14:07:53.008] [INFO] Registering ThemeManager...
[2025-12-14 14:07:53.018] ServiceContainer: Registered 'ThemeManager' (singleton=True)
[2025-12-14 14:07:53.031] [INFO] Registering Config service...
[2025-12-14 14:07:53.041] ServiceContainer: Registered 'Config' (singleton=True)
[2025-12-14 14:07:53.052] [INFO] Registering TaskStore service...
[2025-12-14 14:07:53.062] ServiceContainer: Registered 'TaskStore' (singleton=True)
[2025-12-14 14:07:53.072] [INFO] Registering MenuRegistry service...
[2025-12-14 14:07:53.081] ServiceContainer: Registered 'MenuRegistry' (singleton=True)
[2025-12-14 14:07:53.090] [INFO] Registering Application service...
[2025-12-14 14:07:53.100] ServiceContainer: Registered 'Application' (singleton=True)
[2025-12-14 14:07:53.110] [INFO] Registering CommandService...
[2025-12-14 14:07:53.125] ServiceContainer: Registered 'CommandService' (singleton=True)
[2025-12-14 14:07:53.135] [INFO] Registering ChecklistService...
[2025-12-14 14:07:53.147] ServiceContainer: Registered 'ChecklistService' (singleton=True)
[2025-12-14 14:07:53.159] [INFO] Registering NoteService...
[2025-12-14 14:07:53.169] ServiceContainer: Registered 'NoteService' (singleton=True)
[2025-12-14 14:07:53.178] [INFO] Registering ExcelMappingService...
[2025-12-14 14:07:53.188] ServiceContainer: Registered 'ExcelMappingService' (singleton=True)
[2025-12-14 14:07:53.197] [INFO] Registering PreferencesService...
[2025-12-14 14:07:53.208] ServiceContainer: Registered 'PreferencesService' (singleton=True)
[2025-12-14 14:07:53.219] [INFO] Registering screen factories...
[2025-12-14 14:07:53.228] ServiceContainer: Registered 'TaskListScreen' (singleton=False)
[2025-12-14 14:07:53.239] [INFO] Resolving Application from container...
[2025-12-14 14:07:53.258] ServiceContainer: Resolving 'Application'...
[2025-12-14 14:07:53.270] [INFO] Resolving Application...
[2025-12-14 14:07:53.283] ServiceContainer: Resolving 'Theme'...
[2025-12-14 14:07:53.299] [INFO] Resolving Theme: Calling Initialize-PmcThemeSystem...
[2025-12-14 14:07:53.315] [INFO] Theme resolved: #33aaff
[2025-12-14 14:07:53.326] [INFO] Loading PmcThemeEngine...
[2025-12-14 14:07:53.424] [DEBUG] Palette [Footer] -> #185F30 (R=24 G=95 B=48)
[2025-12-14 14:07:53.434] [DEBUG] Palette [Border] -> #185F30 (R=24 G=95 B=48)
[2025-12-14 14:07:53.444] [DEBUG] Palette [Label] -> #5C8F6D (R=92 G=143 B=109)
[2025-12-14 14:07:53.455] [DEBUG] Palette [Warning] -> #7FCA14 (R=127 G=202 B=20)
[2025-12-14 14:07:53.467] [DEBUG] Palette [Cursor] -> #228844 (R=34 G=136 B=68)
[2025-12-14 14:07:53.477] [DEBUG] Palette [Text] -> #C2EACF (R=194 G=234 B=207)
[2025-12-14 14:07:53.488] [DEBUG] Palette [Bright] -> #2CB158 (R=44 G=177 B=88)
[2025-12-14 14:07:53.499] [DEBUG] Palette [Header] -> #228844 (R=34 G=136 B=68)
[2025-12-14 14:07:53.508] [DEBUG] Palette [Muted] -> #5C8F6D (R=92 G=143 B=109)
[2025-12-14 14:07:53.520] [DEBUG] Palette [Highlight] -> #228844 (R=34 G=136 B=68)
[2025-12-14 14:07:53.537] [DEBUG] Palette [Status] -> #5C8F6D (R=92 G=143 B=109)
[2025-12-14 14:07:53.548] [DEBUG] Palette [Success] -> #2CB158 (R=44 G=177 B=88)
[2025-12-14 14:07:53.559] [DEBUG] Palette [Error] -> #BE2914 (R=190 G=41 B=20)
[2025-12-14 14:07:53.570] [DEBUG] Palette [Primary] -> #228844 (R=34 G=136 B=68)
[2025-12-14 14:07:53.587] [INFO] LoadFromConfig: Loaded Properties with 16 items
[2025-12-14 14:07:53.603] [INFO] PmcThemeEngine initialized with PMC palette (14 colors)
[2025-12-14 14:07:53.614] ServiceContainer: Resolved 'Theme' successfully
[2025-12-14 14:07:53.926] ServiceContainer: Resolving 'ThemeManager'...
[2025-12-14 14:07:53.939] [INFO] Resolving ThemeManager...
[2025-12-14 14:07:54.008] ServiceContainer: Resolved 'ThemeManager' successfully
[2025-12-14 14:07:54.027] ServiceContainer: Resolved 'Application' successfully
[2025-12-14 14:07:54.037] [INFO] Application resolved and assigned to $global:PmcApp
[2025-12-14 14:07:54.047] [INFO] Loading menus from manifest...
[2025-12-14 14:07:54.059] ServiceContainer: Resolving 'MenuRegistry'...
[2025-12-14 14:07:54.070] [INFO] Resolving MenuRegistry...
[2025-12-14 14:07:54.086] ServiceContainer: Resolved 'MenuRegistry' successfully
[2025-12-14 14:07:54.109] MenuRegistry: Loaded manifest with 24 entries
[2025-12-14 14:07:54.136] ServiceContainer: Registered 'NotesMenuScreen' (singleton=False)
[2025-12-14 14:07:54.148] MenuRegistry: Registered screen factory 'NotesMenuScreen' in container (viewMode=)
[2025-12-14 14:07:54.170] MenuRegistry: Registered 'Notes' in 'Tools' menu (hotkey=N order=20)
[2025-12-14 14:07:54.181] ServiceContainer: Registered 'ChecklistsLauncherScreen' (singleton=False)
[2025-12-14 14:07:54.192] MenuRegistry: Registered screen factory 'ChecklistsLauncherScreen' in container (viewMode=)
[2025-12-14 14:07:54.203] MenuRegistry: Registered 'Checklists' in 'Tools' menu (hotkey=C order=25)
[2025-12-14 14:07:54.214] ServiceContainer: Registered 'ThemeEditorScreen' (singleton=False)
[2025-12-14 14:07:54.225] MenuRegistry: Registered screen factory 'ThemeEditorScreen' in container (viewMode=)
[2025-12-14 14:07:54.235] MenuRegistry: Registered 'Theme Editor' in 'Options' menu (hotkey=T order=10)
[2025-12-14 14:07:54.246] ServiceContainer: Registered 'TaskListScreen_NextActions' (singleton=False)
[2025-12-14 14:07:54.256] MenuRegistry: Registered screen factory 'TaskListScreen_NextActions' in container (viewMode=nextactions)
[2025-12-14 14:07:54.268] MenuRegistry: Registered 'Next Actions' in 'Tasks' menu (hotkey=N order=35)
[2025-12-14 14:07:54.281] ServiceContainer: Registered 'ProjectListScreen' (singleton=False)
[2025-12-14 14:07:54.297] MenuRegistry: Registered screen factory 'ProjectListScreen' in container (viewMode=)
[2025-12-14 14:07:54.309] MenuRegistry: Registered 'Project List' in 'Projects' menu (hotkey=L order=10)
[2025-12-14 14:07:54.319] ServiceContainer: Registered 'TaskListScreen_Default' (singleton=False)
[2025-12-14 14:07:54.329] MenuRegistry: Registered screen factory 'TaskListScreen_Default' in container (viewMode=)
[2025-12-14 14:07:54.341] MenuRegistry: Registered 'Task List' in 'Tasks' menu (hotkey=L order=5)
[2025-12-14 14:07:54.353] ServiceContainer: Registered 'TaskListScreen_Week' (singleton=False)
[2025-12-14 14:07:54.364] MenuRegistry: Registered screen factory 'TaskListScreen_Week' in container (viewMode=week)
[2025-12-14 14:07:54.375] MenuRegistry: Registered 'Week View' in 'Tasks' menu (hotkey=W order=20)
[2025-12-14 14:07:54.386] ServiceContainer: Registered 'HelpViewScreen' (singleton=False)
[2025-12-14 14:07:54.397] MenuRegistry: Registered screen factory 'HelpViewScreen' in container (viewMode=)
[2025-12-14 14:07:54.411] MenuRegistry: Registered 'Help' in 'Help' menu (hotkey=H order=10)
[2025-12-14 14:07:54.426] ServiceContainer: Registered 'TaskListScreen_Tomorrow' (singleton=False)
[2025-12-14 14:07:54.437] MenuRegistry: Registered screen factory 'TaskListScreen_Tomorrow' in container (viewMode=tomorrow)
[2025-12-14 14:07:54.448] MenuRegistry: Registered 'Tomorrow' in 'Tasks' menu (hotkey=T order=15)
[2025-12-14 14:07:54.460] ServiceContainer: Registered 'SettingsScreen' (singleton=False)
[2025-12-14 14:07:54.471] MenuRegistry: Registered screen factory 'SettingsScreen' in container (viewMode=)
[2025-12-14 14:07:54.482] MenuRegistry: Registered 'Settings' in 'Options' menu (hotkey=S order=20)
[2025-12-14 14:07:54.494] ServiceContainer: Registered 'TaskListScreen_NoDate' (singleton=False)
[2025-12-14 14:07:54.503] MenuRegistry: Registered screen factory 'TaskListScreen_NoDate' in container (viewMode=noduedate)
[2025-12-14 14:07:54.517] MenuRegistry: Registered 'No Due Date' in 'Tasks' menu (hotkey=D order=40)
[2025-12-14 14:07:54.531] ServiceContainer: Registered 'TaskListScreen_Agenda' (singleton=False)
[2025-12-14 14:07:54.542] MenuRegistry: Registered screen factory 'TaskListScreen_Agenda' in container (viewMode=agenda)
[2025-12-14 14:07:54.555] MenuRegistry: Registered 'Agenda View' in 'Tasks' menu (hotkey=A order=50)
[2025-12-14 14:07:54.567] ServiceContainer: Registered 'TaskListScreen_Month' (singleton=False)
[2025-12-14 14:07:54.579] MenuRegistry: Registered screen factory 'TaskListScreen_Month' in container (viewMode=month)
[2025-12-14 14:07:54.590] MenuRegistry: Registered 'Month View' in 'Tasks' menu (hotkey=M order=45)
[2025-12-14 14:07:54.601] ServiceContainer: Registered 'TaskListScreen_Upcoming' (singleton=False)
[2025-12-14 14:07:54.612] MenuRegistry: Registered screen factory 'TaskListScreen_Upcoming' in container (viewMode=upcoming)
[2025-12-14 14:07:54.623] MenuRegistry: Registered 'Upcoming' in 'Tasks' menu (hotkey=U order=25)
[2025-12-14 14:07:54.634] ServiceContainer: Registered 'KanbanScreenV2' (singleton=False)
[2025-12-14 14:07:54.645] MenuRegistry: Registered screen factory 'KanbanScreenV2' in container (viewMode=)
[2025-12-14 14:07:54.659] MenuRegistry: Registered 'Kanban Board' in 'Tasks' menu (hotkey=K order=55)
[2025-12-14 14:07:54.669] ServiceContainer: Registered 'TaskListScreen_Overdue' (singleton=False)
[2025-12-14 14:07:54.680] MenuRegistry: Registered screen factory 'TaskListScreen_Overdue' in container (viewMode=overdue)
[2025-12-14 14:07:54.690] MenuRegistry: Registered 'Overdue' in 'Tasks' menu (hotkey=O order=30)
[2025-12-14 14:07:54.700] ServiceContainer: Registered 'ExcelImportScreen' (singleton=False)
[2025-12-14 14:07:54.711] MenuRegistry: Registered screen factory 'ExcelImportScreen' in container (viewMode=)
[2025-12-14 14:07:54.724] MenuRegistry: Registered 'Import from Excel' in 'Projects' menu (hotkey=I order=40)
[2025-12-14 14:07:54.735] ServiceContainer: Registered 'CommandLibraryScreen' (singleton=False)
[2025-12-14 14:07:54.745] MenuRegistry: Registered screen factory 'CommandLibraryScreen' in container (viewMode=)
[2025-12-14 14:07:54.755] MenuRegistry: Registered 'Command Library' in 'Tools' menu (hotkey=L order=10)
[2025-12-14 14:07:54.768] ServiceContainer: Registered 'ChecklistTemplatesFolderScreen' (singleton=False)
[2025-12-14 14:07:54.783] MenuRegistry: Registered screen factory 'ChecklistTemplatesFolderScreen' in container (viewMode=)
[2025-12-14 14:07:54.796] MenuRegistry: Registered 'Checklist Templates' in 'Tools' menu (hotkey=H order=30)
[2025-12-14 14:07:54.807] ServiceContainer: Registered 'TaskListScreen_Today' (singleton=False)
[2025-12-14 14:07:54.819] MenuRegistry: Registered screen factory 'TaskListScreen_Today' in container (viewMode=today)
[2025-12-14 14:07:54.831] MenuRegistry: Registered 'Today' in 'Tasks' menu (hotkey=Y order=10)
[2025-12-14 14:07:54.841] ServiceContainer: Registered 'ExcelProfileManagerScreen' (singleton=False)
[2025-12-14 14:07:54.853] MenuRegistry: Registered screen factory 'ExcelProfileManagerScreen' in container (viewMode=)
[2025-12-14 14:07:54.864] MenuRegistry: Registered 'Excel Profiles' in 'Projects' menu (hotkey=M order=50)
[2025-12-14 14:07:54.877] ServiceContainer: Registered 'WeeklyTimeReportScreen' (singleton=False)
[2025-12-14 14:07:54.888] MenuRegistry: Registered screen factory 'WeeklyTimeReportScreen' in container (viewMode=)
[2025-12-14 14:07:54.902] MenuRegistry: Registered 'Weekly Report' in 'Time' menu (hotkey=W order=10)
[2025-12-14 14:07:54.914] ServiceContainer: Registered 'TimeReportScreen' (singleton=False)
[2025-12-14 14:07:54.925] MenuRegistry: Registered screen factory 'TimeReportScreen' in container (viewMode=)
[2025-12-14 14:07:54.936] MenuRegistry: Registered 'Time Report' in 'Time' menu (hotkey=R order=20)
[2025-12-14 14:07:54.947] ServiceContainer: Registered 'TimeListScreen' (singleton=False)
[2025-12-14 14:07:54.956] MenuRegistry: Registered screen factory 'TimeListScreen' in container (viewMode=)
[2025-12-14 14:07:54.967] MenuRegistry: Registered 'Time Tracking' in 'Time' menu (hotkey=T order=5)
[2025-12-14 14:07:54.978] [INFO] Menus loaded from C:\Users\jhnhe\OneDrive\Documents\GitHub\project-management-console\og_transport\HYBRID\module\Pmc.Strict\consoleui\screens\MenuItems.psd1
[2025-12-14 14:07:54.987] [INFO] Launching screen: TaskList
[2025-12-14 14:07:54.997] [INFO] Resolving TaskListScreen from container...
[2025-12-14 14:07:55.006] ServiceContainer: Resolving 'TaskListScreen'...
[2025-12-14 14:07:55.017] [INFO] Resolving TaskListScreen...
[2025-12-14 14:07:55.031] ServiceContainer: Resolving 'TaskStore'...
[2025-12-14 14:07:55.044] [INFO] Resolving TaskStore...
[2025-12-14 14:07:55.075] [DEBUG] TaskStore.LoadData: Starting
[2025-12-14 14:07:55.086] [DEBUG] TaskStore.LoadData: Calling Get-PmcData
[2025-12-14 14:07:55.293] [DEBUG] TaskStore.LoadData: Get-PmcData returned - tasks=2 projects=2 timelogs=3
[2025-12-14 14:07:55.312] [DEBUG] TaskStore.LoadData: Loaded 2 tasks
[2025-12-14 14:07:55.323] [DEBUG] TaskStore.LoadData: Loaded 2 projects
[2025-12-14 14:07:55.339] [DEBUG] TaskStore.LoadData: First project name='p1' ID1='111'
[2025-12-14 14:07:55.356] ServiceContainer: Resolved 'TaskStore' successfully
[2025-12-14 14:07:55.760] [DEBUG] PmcScreen.AddContentWidget: Adding UniversalList (Total: 1)
[2025-12-14 14:07:55.821] [DEBUG] TaskListScreen: Constructor started
[2025-12-14 14:07:55.867] _PopulateMenusFromRegistry: Menu 'Options' has 2 items from registry (array)
[2025-12-14 14:07:55.888] _PopulateMenusFromRegistry: Menu 'Time' has 3 items from registry (array)
[2025-12-14 14:07:55.903] _PopulateMenusFromRegistry: Menu 'Tasks' has 11 items from registry (array)
[2025-12-14 14:07:55.917] _PopulateMenusFromRegistry: Menu 'Help' has 1 items from registry (array)
[2025-12-14 14:07:55.931] _PopulateMenusFromRegistry: Menu 'Tools' has 4 items from registry (array)
[2025-12-14 14:07:55.944] _PopulateMenusFromRegistry: Menu 'Projects' has 3 items from registry (array)
[2025-12-14 14:07:55.955] [DEBUG] TaskListScreen: Constructor completed
[2025-12-14 14:07:55.966] ServiceContainer: Resolved 'TaskListScreen' successfully
[2025-12-14 14:07:55.977] [INFO] Pushing screen to app...
[2025-12-14 14:07:56.389] [DEBUG] LoadData: Got 2 tasks from Store
[2025-12-14 14:07:56.452] [DEBUG] TaskListScreen.LoadData: Setting 2 tasks
[2025-12-14 14:07:56.473] [DEBUG] UniversalList.SetData: START
[2025-12-14 14:07:56.516] [DEBUG] UniversalList.SetData: COMPLETE (2 items)
[2025-12-14 14:07:56.662] [INFO] Screen pushed successfully
[2025-12-14 14:07:56.678] [INFO] Starting event loop...
[2025-12-14 14:07:57.230] [DEBUG] PmcScreen: Calling RenderToEngine on UniversalList
[2025-12-14 14:08:04.481] [DEBUG] PmcScreen: Calling RenderToEngine on UniversalList
[2025-12-14 14:08:06.372] [DEBUG] PmcScreen: Calling RenderToEngine on UniversalList
[2025-12-14 14:08:08.977] [DEBUG] PmcScreen: Calling RenderToEngine on UniversalList
[2025-12-14 14:08:10.206] [DEBUG] StandardListScreen: Routing to InlineEditor (Key=Tab)
[2025-12-14 14:08:10.215] [DEBUG] StandardListScreen: After HandleInput - IsConfirmed=False IsCancelled=False ShowInlineEditor=True
[2025-12-14 14:08:10.228] [DEBUG] StandardListScreen: After close check - ShowInlineEditor=True
[2025-12-14 14:08:10.342] [DEBUG] PmcScreen: Calling RenderToEngine on UniversalList
[2025-12-14 14:08:10.909] [DEBUG] StandardListScreen: Routing to InlineEditor (Key=Tab)
[2025-12-14 14:08:10.920] [DEBUG] StandardListScreen: After HandleInput - IsConfirmed=False IsCancelled=False ShowInlineEditor=True
[2025-12-14 14:08:10.932] [DEBUG] StandardListScreen: After close check - ShowInlineEditor=True
[2025-12-14 14:08:11.042] [DEBUG] PmcScreen: Calling RenderToEngine on UniversalList
[2025-12-14 14:08:11.755] [DEBUG] StandardListScreen: Routing to InlineEditor (Key=Enter)
[2025-12-14 14:08:11.803] [DEBUG] StandardListScreen: After HandleInput - IsConfirmed=False IsCancelled=False ShowInlineEditor=True
[2025-12-14 14:08:11.813] [DEBUG] StandardListScreen: After close check - ShowInlineEditor=True
[2025-12-14 14:08:11.988] [INFO] PadText: text='Current: 2025-12-14 Sun' rawLen=23 visibleLen=23 width=22 align=left
[2025-12-14 14:08:12.015] [INFO] PadText: text='Enter: Select' rawLen=13 visibleLen=13 width=22 align=left
[2025-12-14 14:08:12.027] [DEBUG] PmcScreen: Calling RenderToEngine on UniversalList
[2025-12-14 14:08:12.116] [INFO] PadText: text='Current: 2025-12-14 Sun' rawLen=23 visibleLen=23 width=22 align=left
[2025-12-14 14:08:12.130] [INFO] PadText: text='Enter: Select' rawLen=13 visibleLen=13 width=22 align=left
[2025-12-14 14:08:12.231] [INFO] PadText: text='Current: 2025-12-14 Sun' rawLen=23 visibleLen=23 width=22 align=left
[2025-12-14 14:08:12.246] [INFO] PadText: text='Enter: Select' rawLen=13 visibleLen=13 width=22 align=left
[2025-12-14 14:08:12.288] [INFO] PadText: text='Current: 2025-12-14 Sun' rawLen=23 visibleLen=23 width=22 align=left
[2025-12-14 14:08:12.307] [INFO] PadText: text='Enter: Select' rawLen=13 visibleLen=13 width=22 align=left
[2025-12-14 14:08:40.106] [DEBUG] StandardListScreen: Routing to InlineEditor (Key=Escape)
[2025-12-14 14:08:40.119] [DEBUG] StandardListScreen: After HandleInput - IsConfirmed=False IsCancelled=False ShowInlineEditor=True
[2025-12-14 14:08:40.132] [DEBUG] StandardListScreen: After close check - ShowInlineEditor=True
[2025-12-14 14:08:40.250] [DEBUG] PmcScreen: Calling RenderToEngine on UniversalList
[2025-12-14 14:08:41.165] [DEBUG] StandardListScreen: Routing to InlineEditor (Key=Tab)
[2025-12-14 14:08:41.176] [DEBUG] StandardListScreen: After HandleInput - IsConfirmed=False IsCancelled=False ShowInlineEditor=True
[2025-12-14 14:08:41.188] [DEBUG] StandardListScreen: After close check - ShowInlineEditor=True
[2025-12-14 14:08:41.286] [DEBUG] PmcScreen: Calling RenderToEngine on UniversalList
[2025-12-14 14:08:42.287] [DEBUG] StandardListScreen: Routing to InlineEditor (Key=Enter)
[2025-12-14 14:08:42.355] [DEBUG] StandardListScreen: After HandleInput - IsConfirmed=False IsCancelled=False ShowInlineEditor=True
[2025-12-14 14:08:42.366] [DEBUG] StandardListScreen: After close check - ShowInlineEditor=True
[2025-12-14 14:08:42.550] [INFO] PadText: text='Type to filter...' rawLen=17 visibleLen=17 width=56 align=left
[2025-12-14 14:08:42.617] [INFO] PadText: text='Enter=Select | Alt+N=Create' rawLen=27 visibleLen=27 width=56 align=left
[2025-12-14 14:08:42.632] [DEBUG] PmcScreen: Calling RenderToEngine on UniversalList
[2025-12-14 14:08:42.729] [INFO] PadText: text='Type to filter...' rawLen=17 visibleLen=17 width=56 align=left
[2025-12-14 14:08:42.780] [INFO] PadText: text='Enter=Select | Alt+N=Create' rawLen=27 visibleLen=27 width=56 align=left
[2025-12-14 14:08:42.901] [INFO] PadText: text='Type to filter...' rawLen=17 visibleLen=17 width=56 align=left
[2025-12-14 14:08:42.955] [INFO] PadText: text='Enter=Select | Alt+N=Create' rawLen=27 visibleLen=27 width=56 align=left
[2025-12-14 14:08:43.011] [INFO] PadText: text='Type to filter...' rawLen=17 visibleLen=17 width=56 align=left
[2025-12-14 14:08:43.065] [INFO] PadText: text='Enter=Select | Alt+N=Create' rawLen=27 visibleLen=27 width=56 align=left
[2025-12-14 14:09:02.838] [INFO] Event loop exited normally
[2025-12-14 14:09:02.849] [INFO] Cleanup - showing cursor and resetting terminal
