[2025-12-13 15:21:42.255] [INFO] Loading PMC module...
[2025-12-13 15:21:43.744] [INFO] PMC module loaded
[2025-12-13 15:21:43.745] [INFO] Loading dependencies (FieldSchemas, etc.)...
[2025-12-13 15:21:43.890] [INFO] Dependencies loaded
[2025-12-13 15:21:43.905] [INFO] Loading SpeedTUI framework...
[2025-12-13 15:21:44.233] [INFO] SpeedTUI framework loaded
[2025-12-13 15:21:44.246] [INFO] Loading PraxisVT...
[2025-12-13 15:21:44.266] [INFO] PraxisVT loaded
[2025-12-13 15:21:44.278] [INFO] Loading core dependencies...
[2025-12-13 15:21:44.360] [INFO] Core dependencies loaded
[2025-12-13 15:21:44.372] [INFO] Loading widget base classes...
[2025-12-13 15:21:44.463] [INFO] Widget base classes loaded
[2025-12-13 15:21:44.476] [INFO] Loading services...
[2025-12-13 15:21:44.658] [INFO] Services loaded
[2025-12-13 15:21:44.672] [INFO] Loading helpers...
[2025-12-13 15:21:45.450] [INFO] Helpers loaded
[2025-12-13 15:21:45.470] [INFO] Loading widgets...
[2025-12-13 15:21:46.050] [INFO] Widgets loaded
[2025-12-13 15:21:46.064] [INFO] Loading screen base class...
[2025-12-13 15:21:46.100] [INFO] Screen base class loaded
[2025-12-13 15:21:46.115] [INFO] Loading HelpViewScreen (needed by base classes)...
[2025-12-13 15:21:46.152] [INFO] HelpViewScreen loaded
[2025-12-13 15:21:46.165] [INFO] Loading base classes...
[2025-12-13 15:21:46.266] [INFO] Base classes loaded
[2025-12-13 15:21:46.280] [INFO] Loading ServiceContainer (needed by screens)...
[2025-12-13 15:21:46.308] [INFO] ServiceContainer loaded
[2025-12-13 15:21:46.322] [INFO] Loading remaining screens...
[2025-12-13 15:21:46.449] [INFO] Remaining screens loaded
[2025-12-13 15:21:46.462] [INFO] Loading PmcApplication...
[2025-12-13 15:21:46.495] [INFO] PmcApplication loaded
[2025-12-13 15:21:46.509] [INFO] All components loaded successfully
[2025-12-13 15:21:46.531] [INFO] Starting PMC TUI with screen: TaskList
[2025-12-13 15:21:46.550] [INFO] Cleared stale PmcSharedMenuBar and MenuRegistry singleton
[2025-12-13 15:21:46.561] [INFO] Creating ServiceContainer...
[2025-12-13 15:21:46.581] [INFO] ServiceContainer created
[2025-12-13 15:21:46.592] [INFO] Registering Theme service...
[2025-12-13 15:21:46.616] ServiceContainer: Registered 'Theme' (singleton=True)
[2025-12-13 15:21:46.632] [INFO] Registering ThemeManager...
[2025-12-13 15:21:46.648] ServiceContainer: Registered 'ThemeManager' (singleton=True)
[2025-12-13 15:21:46.662] [INFO] Registering Config service...
[2025-12-13 15:21:46.676] ServiceContainer: Registered 'Config' (singleton=True)
[2025-12-13 15:21:46.691] [INFO] Registering TaskStore service...
[2025-12-13 15:21:46.705] ServiceContainer: Registered 'TaskStore' (singleton=True)
[2025-12-13 15:21:46.719] [INFO] Registering MenuRegistry service...
[2025-12-13 15:21:46.731] ServiceContainer: Registered 'MenuRegistry' (singleton=True)
[2025-12-13 15:21:46.746] [INFO] Registering Application service...
[2025-12-13 15:21:46.760] ServiceContainer: Registered 'Application' (singleton=True)
[2025-12-13 15:21:46.776] [INFO] Registering CommandService...
[2025-12-13 15:21:46.816] ServiceContainer: Registered 'CommandService' (singleton=True)
[2025-12-13 15:21:46.832] [INFO] Registering ChecklistService...
[2025-12-13 15:21:46.848] ServiceContainer: Registered 'ChecklistService' (singleton=True)
[2025-12-13 15:21:46.863] [INFO] Registering NoteService...
[2025-12-13 15:21:46.877] ServiceContainer: Registered 'NoteService' (singleton=True)
[2025-12-13 15:21:46.893] [INFO] Registering ExcelMappingService...
[2025-12-13 15:21:46.909] ServiceContainer: Registered 'ExcelMappingService' (singleton=True)
[2025-12-13 15:21:46.923] [INFO] Registering PreferencesService...
[2025-12-13 15:21:46.936] ServiceContainer: Registered 'PreferencesService' (singleton=True)
[2025-12-13 15:21:46.951] [INFO] Registering screen factories...
[2025-12-13 15:21:46.967] ServiceContainer: Registered 'TaskListScreen' (singleton=False)
[2025-12-13 15:21:46.983] [INFO] Resolving Application from container...
[2025-12-13 15:21:47.009] ServiceContainer: Resolving 'Application'...
[2025-12-13 15:21:47.025] [INFO] Resolving Application...
[2025-12-13 15:21:47.039] ServiceContainer: Resolving 'Theme'...
[2025-12-13 15:21:47.059] [INFO] Resolving Theme: Calling Initialize-PmcThemeSystem...
[2025-12-13 15:21:47.081] [INFO] Theme resolved: #33aaff
[2025-12-13 15:21:47.096] [INFO] Loading PmcThemeEngine...
[2025-12-13 15:21:47.221] [DEBUG] Palette [Border] -> #185F30 (R=24 G=95 B=48)
[2025-12-13 15:21:47.235] [DEBUG] Palette [Bright] -> #2CB158 (R=44 G=177 B=88)
[2025-12-13 15:21:47.247] [DEBUG] Palette [Header] -> #228844 (R=34 G=136 B=68)
[2025-12-13 15:21:47.262] [DEBUG] Palette [Cursor] -> #228844 (R=34 G=136 B=68)
[2025-12-13 15:21:47.277] [DEBUG] Palette [Success] -> #2CB158 (R=44 G=177 B=88)
[2025-12-13 15:21:47.290] [DEBUG] Palette [Muted] -> #5C8F6D (R=92 G=143 B=109)
[2025-12-13 15:21:47.303] [DEBUG] Palette [Text] -> #C2EACF (R=194 G=234 B=207)
[2025-12-13 15:21:47.316] [DEBUG] Palette [Label] -> #5C8F6D (R=92 G=143 B=109)
[2025-12-13 15:21:47.329] [DEBUG] Palette [Primary] -> #228844 (R=34 G=136 B=68)
[2025-12-13 15:21:47.344] [DEBUG] Palette [Highlight] -> #228844 (R=34 G=136 B=68)
[2025-12-13 15:21:47.363] [DEBUG] Palette [Warning] -> #7FCA14 (R=127 G=202 B=20)
[2025-12-13 15:21:47.378] [DEBUG] Palette [Error] -> #BE2914 (R=190 G=41 B=20)
[2025-12-13 15:21:47.391] [DEBUG] Palette [Footer] -> #185F30 (R=24 G=95 B=48)
[2025-12-13 15:21:47.404] [DEBUG] Palette [Status] -> #5C8F6D (R=92 G=143 B=109)
[2025-12-13 15:21:47.425] [INFO] LoadFromConfig: Loaded Properties with 16 items
[2025-12-13 15:21:47.446] [INFO] PmcThemeEngine initialized with PMC palette (14 colors)
[2025-12-13 15:21:47.461] ServiceContainer: Resolved 'Theme' successfully
[2025-12-13 15:21:47.567] ServiceContainer: Resolving 'ThemeManager'...
[2025-12-13 15:21:47.580] [INFO] Resolving ThemeManager...
[2025-12-13 15:21:47.684] ServiceContainer: Resolved 'ThemeManager' successfully
[2025-12-13 15:21:47.709] ServiceContainer: Resolved 'Application' successfully
[2025-12-13 15:21:47.724] [INFO] Application resolved and assigned to $global:PmcApp
[2025-12-13 15:21:47.739] [INFO] Loading menus from manifest...
[2025-12-13 15:21:47.755] ServiceContainer: Resolving 'MenuRegistry'...
[2025-12-13 15:21:47.773] [INFO] Resolving MenuRegistry...
[2025-12-13 15:21:47.795] ServiceContainer: Resolved 'MenuRegistry' successfully
[2025-12-13 15:21:47.823] MenuRegistry: Loaded manifest with 24 entries
[2025-12-13 15:21:47.860] ServiceContainer: Registered 'TimeReportScreen' (singleton=False)
[2025-12-13 15:21:47.876] MenuRegistry: Registered screen factory 'TimeReportScreen' in container (viewMode=)
[2025-12-13 15:21:47.903] MenuRegistry: Registered 'Time Report' in 'Time' menu (hotkey=R order=20)
[2025-12-13 15:21:47.922] ServiceContainer: Registered 'TaskListScreen_Upcoming' (singleton=False)
[2025-12-13 15:21:47.936] MenuRegistry: Registered screen factory 'TaskListScreen_Upcoming' in container (viewMode=upcoming)
[2025-12-13 15:21:47.951] MenuRegistry: Registered 'Upcoming' in 'Tasks' menu (hotkey=U order=25)
[2025-12-13 15:21:47.968] ServiceContainer: Registered 'TaskListScreen_Month' (singleton=False)
[2025-12-13 15:21:47.983] MenuRegistry: Registered screen factory 'TaskListScreen_Month' in container (viewMode=month)
[2025-12-13 15:21:48.000] MenuRegistry: Registered 'Month View' in 'Tasks' menu (hotkey=M order=45)
[2025-12-13 15:21:48.016] ServiceContainer: Registered 'TaskListScreen_NextActions' (singleton=False)
[2025-12-13 15:21:48.028] MenuRegistry: Registered screen factory 'TaskListScreen_NextActions' in container (viewMode=nextactions)
[2025-12-13 15:21:48.044] MenuRegistry: Registered 'Next Actions' in 'Tasks' menu (hotkey=N order=35)
[2025-12-13 15:21:48.059] ServiceContainer: Registered 'ChecklistTemplatesFolderScreen' (singleton=False)
[2025-12-13 15:21:48.072] MenuRegistry: Registered screen factory 'ChecklistTemplatesFolderScreen' in container (viewMode=)
[2025-12-13 15:21:48.089] MenuRegistry: Registered 'Checklist Templates' in 'Tools' menu (hotkey=H order=30)
[2025-12-13 15:21:48.105] ServiceContainer: Registered 'TaskListScreen_Default' (singleton=False)
[2025-12-13 15:21:48.116] MenuRegistry: Registered screen factory 'TaskListScreen_Default' in container (viewMode=)
[2025-12-13 15:21:48.132] MenuRegistry: Registered 'Task List' in 'Tasks' menu (hotkey=L order=5)
[2025-12-13 15:21:48.147] ServiceContainer: Registered 'CommandLibraryScreen' (singleton=False)
[2025-12-13 15:21:48.161] MenuRegistry: Registered screen factory 'CommandLibraryScreen' in container (viewMode=)
[2025-12-13 15:21:48.203] MenuRegistry: Registered 'Command Library' in 'Tools' menu (hotkey=L order=10)
[2025-12-13 15:21:48.224] ServiceContainer: Registered 'ExcelImportScreen' (singleton=False)
[2025-12-13 15:21:48.242] MenuRegistry: Registered screen factory 'ExcelImportScreen' in container (viewMode=)
[2025-12-13 15:21:48.276] MenuRegistry: Registered 'Import from Excel' in 'Projects' menu (hotkey=I order=40)
[2025-12-13 15:21:48.296] ServiceContainer: Registered 'ProjectListScreen' (singleton=False)
[2025-12-13 15:21:48.310] MenuRegistry: Registered screen factory 'ProjectListScreen' in container (viewMode=)
[2025-12-13 15:21:48.330] MenuRegistry: Registered 'Project List' in 'Projects' menu (hotkey=L order=10)
[2025-12-13 15:21:48.350] ServiceContainer: Registered 'ChecklistsLauncherScreen' (singleton=False)
[2025-12-13 15:21:48.370] MenuRegistry: Registered screen factory 'ChecklistsLauncherScreen' in container (viewMode=)
[2025-12-13 15:21:48.385] MenuRegistry: Registered 'Checklists' in 'Tools' menu (hotkey=C order=25)
[2025-12-13 15:21:48.400] ServiceContainer: Registered 'TaskListScreen_NoDate' (singleton=False)
[2025-12-13 15:21:48.414] MenuRegistry: Registered screen factory 'TaskListScreen_NoDate' in container (viewMode=noduedate)
[2025-12-13 15:21:48.430] MenuRegistry: Registered 'No Due Date' in 'Tasks' menu (hotkey=D order=40)
[2025-12-13 15:21:48.445] ServiceContainer: Registered 'TimeListScreen' (singleton=False)
[2025-12-13 15:21:48.457] MenuRegistry: Registered screen factory 'TimeListScreen' in container (viewMode=)
[2025-12-13 15:21:48.471] MenuRegistry: Registered 'Time Tracking' in 'Time' menu (hotkey=T order=5)
[2025-12-13 15:21:48.485] ServiceContainer: Registered 'TaskListScreen_Tomorrow' (singleton=False)
[2025-12-13 15:21:48.500] MenuRegistry: Registered screen factory 'TaskListScreen_Tomorrow' in container (viewMode=tomorrow)
[2025-12-13 15:21:48.515] MenuRegistry: Registered 'Tomorrow' in 'Tasks' menu (hotkey=T order=15)
[2025-12-13 15:21:48.530] ServiceContainer: Registered 'TaskListScreen_Week' (singleton=False)
[2025-12-13 15:21:48.543] MenuRegistry: Registered screen factory 'TaskListScreen_Week' in container (viewMode=week)
[2025-12-13 15:21:48.557] MenuRegistry: Registered 'Week View' in 'Tasks' menu (hotkey=W order=20)
[2025-12-13 15:21:48.572] ServiceContainer: Registered 'HelpViewScreen' (singleton=False)
[2025-12-13 15:21:48.585] MenuRegistry: Registered screen factory 'HelpViewScreen' in container (viewMode=)
[2025-12-13 15:21:48.600] MenuRegistry: Registered 'Help' in 'Help' menu (hotkey=H order=10)
[2025-12-13 15:21:48.614] ServiceContainer: Registered 'TaskListScreen_Overdue' (singleton=False)
[2025-12-13 15:21:48.627] MenuRegistry: Registered screen factory 'TaskListScreen_Overdue' in container (viewMode=overdue)
[2025-12-13 15:21:48.642] MenuRegistry: Registered 'Overdue' in 'Tasks' menu (hotkey=O order=30)
[2025-12-13 15:21:48.656] ServiceContainer: Registered 'SettingsScreen' (singleton=False)
[2025-12-13 15:21:48.671] MenuRegistry: Registered screen factory 'SettingsScreen' in container (viewMode=)
[2025-12-13 15:21:48.686] MenuRegistry: Registered 'Settings' in 'Options' menu (hotkey=S order=20)
[2025-12-13 15:21:48.701] ServiceContainer: Registered 'KanbanScreenV2' (singleton=False)
[2025-12-13 15:21:48.715] MenuRegistry: Registered screen factory 'KanbanScreenV2' in container (viewMode=)
[2025-12-13 15:21:48.730] MenuRegistry: Registered 'Kanban Board' in 'Tasks' menu (hotkey=K order=55)
[2025-12-13 15:21:48.746] ServiceContainer: Registered 'WeeklyTimeReportScreen' (singleton=False)
[2025-12-13 15:21:48.761] MenuRegistry: Registered screen factory 'WeeklyTimeReportScreen' in container (viewMode=)
[2025-12-13 15:21:48.776] MenuRegistry: Registered 'Weekly Report' in 'Time' menu (hotkey=W order=10)
[2025-12-13 15:21:48.790] ServiceContainer: Registered 'ThemeEditorScreen' (singleton=False)
[2025-12-13 15:21:48.804] MenuRegistry: Registered screen factory 'ThemeEditorScreen' in container (viewMode=)
[2025-12-13 15:21:48.819] MenuRegistry: Registered 'Theme Editor' in 'Options' menu (hotkey=T order=10)
[2025-12-13 15:21:48.834] ServiceContainer: Registered 'TaskListScreen_Agenda' (singleton=False)
[2025-12-13 15:21:48.848] MenuRegistry: Registered screen factory 'TaskListScreen_Agenda' in container (viewMode=agenda)
[2025-12-13 15:21:48.878] MenuRegistry: Registered 'Agenda View' in 'Tasks' menu (hotkey=A order=50)
[2025-12-13 15:21:48.892] ServiceContainer: Registered 'ExcelProfileManagerScreen' (singleton=False)
[2025-12-13 15:21:48.905] MenuRegistry: Registered screen factory 'ExcelProfileManagerScreen' in container (viewMode=)
[2025-12-13 15:21:48.919] MenuRegistry: Registered 'Excel Profiles' in 'Projects' menu (hotkey=M order=50)
[2025-12-13 15:21:48.934] ServiceContainer: Registered 'NotesMenuScreen' (singleton=False)
[2025-12-13 15:21:48.948] MenuRegistry: Registered screen factory 'NotesMenuScreen' in container (viewMode=)
[2025-12-13 15:21:48.963] MenuRegistry: Registered 'Notes' in 'Tools' menu (hotkey=N order=20)
[2025-12-13 15:21:48.978] ServiceContainer: Registered 'TaskListScreen_Today' (singleton=False)
[2025-12-13 15:21:48.992] MenuRegistry: Registered screen factory 'TaskListScreen_Today' in container (viewMode=today)
[2025-12-13 15:21:49.004] MenuRegistry: Registered 'Today' in 'Tasks' menu (hotkey=Y order=10)
[2025-12-13 15:21:49.017] [INFO] Menus loaded from C:\Users\jhnhe\OneDrive\Documents\GitHub\project-management-console\og_transport\HYBRID\module\Pmc.Strict\consoleui\screens\MenuItems.psd1
[2025-12-13 15:21:49.031] [INFO] Launching screen: TaskList
[2025-12-13 15:21:49.045] [INFO] Resolving TaskListScreen from container...
[2025-12-13 15:21:49.059] ServiceContainer: Resolving 'TaskListScreen'...
[2025-12-13 15:21:49.075] [INFO] Resolving TaskListScreen...
[2025-12-13 15:21:49.089] ServiceContainer: Resolving 'TaskStore'...
[2025-12-13 15:21:49.104] [INFO] Resolving TaskStore...
[2025-12-13 15:21:49.145] [DEBUG] TaskStore.LoadData: Starting
[2025-12-13 15:21:49.160] [DEBUG] TaskStore.LoadData: Calling Get-PmcData
[2025-12-13 15:21:49.432] [DEBUG] TaskStore.LoadData: Get-PmcData returned - tasks=4 projects=2 timelogs=3
[2025-12-13 15:21:49.456] [DEBUG] TaskStore.LoadData: Loaded 4 tasks
[2025-12-13 15:21:49.473] [DEBUG] TaskStore.LoadData: Loaded 2 projects
[2025-12-13 15:21:49.491] [DEBUG] TaskStore.LoadData: First project name='p1' ID1='111'
[2025-12-13 15:21:49.513] ServiceContainer: Resolved 'TaskStore' successfully
[2025-12-13 15:21:50.047] [DEBUG] TaskListScreen: Constructor started
[2025-12-13 15:21:50.138] _PopulateMenusFromRegistry: Menu 'Options' has 2 items from registry (array)
[2025-12-13 15:21:50.176] _PopulateMenusFromRegistry: Menu 'Time' has 3 items from registry (array)
[2025-12-13 15:21:50.193] _PopulateMenusFromRegistry: Menu 'Tools' has 4 items from registry (array)
[2025-12-13 15:21:50.212] _PopulateMenusFromRegistry: Menu 'Tasks' has 11 items from registry (array)
[2025-12-13 15:21:50.229] _PopulateMenusFromRegistry: Menu 'Help' has 1 items from registry (array)
[2025-12-13 15:21:50.248] _PopulateMenusFromRegistry: Menu 'Projects' has 3 items from registry (array)
[2025-12-13 15:21:50.263] [DEBUG] TaskListScreen: Constructor completed
[2025-12-13 15:21:50.278] ServiceContainer: Resolved 'TaskListScreen' successfully
[2025-12-13 15:21:50.292] [INFO] Pushing screen to app...
[2025-12-13 15:21:50.691] [DEBUG] LoadData: Got 4 tasks from Store
[2025-12-13 15:21:50.797] [DEBUG] TaskListScreen.LoadData: Setting 4 tasks
[2025-12-13 15:21:51.157] [INFO] Cleanup - showing cursor and resetting terminal
