[2025-12-13 06:29:07.177] [INFO] Loading PMC module...
[2025-12-13 06:29:08.094] [INFO] PMC module loaded
[2025-12-13 06:29:08.096] [INFO] Loading dependencies (FieldSchemas, etc.)...
[2025-12-13 06:29:08.192] [INFO] Dependencies loaded
[2025-12-13 06:29:08.202] [INFO] Loading SpeedTUI framework...
[2025-12-13 06:29:08.420] [INFO] SpeedTUI framework loaded
[2025-12-13 06:29:08.429] [INFO] Loading PraxisVT...
[2025-12-13 06:29:08.445] [INFO] PraxisVT loaded
[2025-12-13 06:29:08.456] [INFO] Loading core dependencies...
[2025-12-13 06:29:08.509] [INFO] Core dependencies loaded
[2025-12-13 06:29:08.519] [INFO] Loading widget base classes...
[2025-12-13 06:29:08.591] [INFO] Widget base classes loaded
[2025-12-13 06:29:08.601] [INFO] Loading services...
[2025-12-13 06:29:08.721] [INFO] Services loaded
[2025-12-13 06:29:08.731] [INFO] Loading helpers...
[2025-12-13 06:29:09.119] [INFO] Helpers loaded
[2025-12-13 06:29:09.120] [INFO] Loading widgets...
[2025-12-13 06:29:09.496] [INFO] Widgets loaded
[2025-12-13 06:29:09.506] [INFO] Loading screen base class...
[2025-12-13 06:29:09.533] [INFO] Screen base class loaded
[2025-12-13 06:29:09.543] [INFO] Loading HelpViewScreen (needed by base classes)...
[2025-12-13 06:29:09.571] [INFO] HelpViewScreen loaded
[2025-12-13 06:29:09.582] [INFO] Loading base classes...
[2025-12-13 06:29:09.654] [INFO] Base classes loaded
[2025-12-13 06:29:09.665] [INFO] Loading ServiceContainer (needed by screens)...
[2025-12-13 06:29:09.685] [INFO] ServiceContainer loaded
[2025-12-13 06:29:09.694] [INFO] Loading remaining screens...
[2025-12-13 06:29:09.823] [INFO] Remaining screens loaded
[2025-12-13 06:29:09.834] [INFO] Loading PmcApplication...
[2025-12-13 06:29:09.860] [INFO] PmcApplication loaded
[2025-12-13 06:29:09.870] [INFO] All components loaded successfully
[2025-12-13 06:29:09.889] [INFO] Starting PMC TUI with screen: TaskList
[2025-12-13 06:29:09.902] [INFO] Cleared stale PmcSharedMenuBar and MenuRegistry singleton
[2025-12-13 06:29:09.914] [INFO] Creating ServiceContainer...
[2025-12-13 06:29:09.928] [INFO] ServiceContainer created
[2025-12-13 06:29:09.960] [INFO] Registering Theme service...
[2025-12-13 06:29:09.979] ServiceContainer: Registered 'Theme' (singleton=True)
[2025-12-13 06:29:09.991] [INFO] Registering ThemeManager...
[2025-12-13 06:29:10.000] ServiceContainer: Registered 'ThemeManager' (singleton=True)
[2025-12-13 06:29:10.011] [INFO] Registering Config service...
[2025-12-13 06:29:10.019] ServiceContainer: Registered 'Config' (singleton=True)
[2025-12-13 06:29:10.029] [INFO] Registering TaskStore service...
[2025-12-13 06:29:10.039] ServiceContainer: Registered 'TaskStore' (singleton=True)
[2025-12-13 06:29:10.048] [INFO] Registering MenuRegistry service...
[2025-12-13 06:29:10.058] ServiceContainer: Registered 'MenuRegistry' (singleton=True)
[2025-12-13 06:29:10.069] [INFO] Registering Application service...
[2025-12-13 06:29:10.079] ServiceContainer: Registered 'Application' (singleton=True)
[2025-12-13 06:29:10.090] [INFO] Registering CommandService...
[2025-12-13 06:29:10.099] ServiceContainer: Registered 'CommandService' (singleton=True)
[2025-12-13 06:29:10.109] [INFO] Registering ChecklistService...
[2025-12-13 06:29:10.120] ServiceContainer: Registered 'ChecklistService' (singleton=True)
[2025-12-13 06:29:10.129] [INFO] Registering NoteService...
[2025-12-13 06:29:10.139] ServiceContainer: Registered 'NoteService' (singleton=True)
[2025-12-13 06:29:10.150] [INFO] Registering ExcelMappingService...
[2025-12-13 06:29:10.160] ServiceContainer: Registered 'ExcelMappingService' (singleton=True)
[2025-12-13 06:29:10.170] [INFO] Registering PreferencesService...
[2025-12-13 06:29:10.181] ServiceContainer: Registered 'PreferencesService' (singleton=True)
[2025-12-13 06:29:10.191] [INFO] Registering screen factories...
[2025-12-13 06:29:10.201] ServiceContainer: Registered 'TaskListScreen' (singleton=False)
[2025-12-13 06:29:10.213] [INFO] Resolving Application from container...
[2025-12-13 06:29:10.232] ServiceContainer: Resolving 'Application'...
[2025-12-13 06:29:10.245] [INFO] Resolving Application...
[2025-12-13 06:29:10.257] ServiceContainer: Resolving 'Theme'...
[2025-12-13 06:29:10.292] [INFO] Resolving Theme: Calling Initialize-PmcThemeSystem...
[2025-12-13 06:29:10.310] [INFO] Theme resolved: #33aaff
[2025-12-13 06:29:10.322] [INFO] Loading PmcThemeEngine...
[2025-12-13 06:29:10.414] [DEBUG] Palette [Header] -> #228844 (R=34 G=136 B=68)
[2025-12-13 06:29:10.425] [DEBUG] Palette [Error] -> #BE2914 (R=190 G=41 B=20)
[2025-12-13 06:29:10.436] [DEBUG] Palette [Success] -> #2CB158 (R=44 G=177 B=88)
[2025-12-13 06:29:10.446] [DEBUG] Palette [Status] -> #5C8F6D (R=92 G=143 B=109)
[2025-12-13 06:29:10.458] [DEBUG] Palette [Muted] -> #5C8F6D (R=92 G=143 B=109)
[2025-12-13 06:29:10.470] [DEBUG] Palette [Warning] -> #7FCA14 (R=127 G=202 B=20)
[2025-12-13 06:29:10.481] [DEBUG] Palette [Cursor] -> #228844 (R=34 G=136 B=68)
[2025-12-13 06:29:10.492] [DEBUG] Palette [Primary] -> #228844 (R=34 G=136 B=68)
[2025-12-13 06:29:10.502] [DEBUG] Palette [Border] -> #185F30 (R=24 G=95 B=48)
[2025-12-13 06:29:10.513] [DEBUG] Palette [Footer] -> #185F30 (R=24 G=95 B=48)
[2025-12-13 06:29:10.523] [DEBUG] Palette [Label] -> #5C8F6D (R=92 G=143 B=109)
[2025-12-13 06:29:10.533] [DEBUG] Palette [Text] -> #C2EACF (R=194 G=234 B=207)
[2025-12-13 06:29:10.544] [DEBUG] Palette [Bright] -> #2CB158 (R=44 G=177 B=88)
[2025-12-13 06:29:10.554] [DEBUG] Palette [Highlight] -> #228844 (R=34 G=136 B=68)
[2025-12-13 06:29:10.570] [INFO] LoadFromConfig: Loaded Properties with 16 items
[2025-12-13 06:29:10.589] [INFO] PmcThemeEngine initialized with PMC palette (14 colors)
[2025-12-13 06:29:10.602] ServiceContainer: Resolved 'Theme' successfully
[2025-12-13 06:29:10.878] ServiceContainer: Resolving 'ThemeManager'...
[2025-12-13 06:29:10.890] [INFO] Resolving ThemeManager...
[2025-12-13 06:29:10.959] ServiceContainer: Resolved 'ThemeManager' successfully
[2025-12-13 06:29:10.975] ServiceContainer: Resolved 'Application' successfully
[2025-12-13 06:29:10.985] [INFO] Application resolved and assigned to $global:PmcApp
[2025-12-13 06:29:10.996] [INFO] Loading menus from manifest...
[2025-12-13 06:29:11.007] ServiceContainer: Resolving 'MenuRegistry'...
[2025-12-13 06:29:11.018] [INFO] Resolving MenuRegistry...
[2025-12-13 06:29:11.033] ServiceContainer: Resolved 'MenuRegistry' successfully
[2025-12-13 06:29:11.053] MenuRegistry: Loaded manifest with 24 entries
[2025-12-13 06:29:11.077] ServiceContainer: Registered 'TaskListScreen_Month' (singleton=False)
[2025-12-13 06:29:11.091] MenuRegistry: Registered screen factory 'TaskListScreen_Month' in container (viewMode=month)
[2025-12-13 06:29:11.110] MenuRegistry: Registered 'Month View' in 'Tasks' menu (hotkey=M order=45)
[2025-12-13 06:29:11.121] ServiceContainer: Registered 'ThemeEditorScreen' (singleton=False)
[2025-12-13 06:29:11.132] MenuRegistry: Registered screen factory 'ThemeEditorScreen' in container (viewMode=)
[2025-12-13 06:29:11.144] MenuRegistry: Registered 'Theme Editor' in 'Options' menu (hotkey=T order=10)
[2025-12-13 06:29:11.154] ServiceContainer: Registered 'TaskListScreen_Week' (singleton=False)
[2025-12-13 06:29:11.164] MenuRegistry: Registered screen factory 'TaskListScreen_Week' in container (viewMode=week)
[2025-12-13 06:29:11.175] MenuRegistry: Registered 'Week View' in 'Tasks' menu (hotkey=W order=20)
[2025-12-13 06:29:11.186] ServiceContainer: Registered 'ExcelProfileManagerScreen' (singleton=False)
[2025-12-13 06:29:11.196] MenuRegistry: Registered screen factory 'ExcelProfileManagerScreen' in container (viewMode=)
[2025-12-13 06:29:11.207] MenuRegistry: Registered 'Excel Profiles' in 'Projects' menu (hotkey=M order=50)
[2025-12-13 06:29:11.218] ServiceContainer: Registered 'ChecklistTemplatesFolderScreen' (singleton=False)
[2025-12-13 06:29:11.229] MenuRegistry: Registered screen factory 'ChecklistTemplatesFolderScreen' in container (viewMode=)
[2025-12-13 06:29:11.240] MenuRegistry: Registered 'Checklist Templates' in 'Tools' menu (hotkey=H order=30)
[2025-12-13 06:29:11.251] ServiceContainer: Registered 'TimeListScreen' (singleton=False)
[2025-12-13 06:29:11.261] MenuRegistry: Registered screen factory 'TimeListScreen' in container (viewMode=)
[2025-12-13 06:29:11.274] MenuRegistry: Registered 'Time Tracking' in 'Time' menu (hotkey=T order=5)
[2025-12-13 06:29:11.285] ServiceContainer: Registered 'HelpViewScreen' (singleton=False)
[2025-12-13 06:29:11.295] MenuRegistry: Registered screen factory 'HelpViewScreen' in container (viewMode=)
[2025-12-13 06:29:11.306] MenuRegistry: Registered 'Help' in 'Help' menu (hotkey=H order=10)
[2025-12-13 06:29:11.318] ServiceContainer: Registered 'ExcelImportScreen' (singleton=False)
[2025-12-13 06:29:11.328] MenuRegistry: Registered screen factory 'ExcelImportScreen' in container (viewMode=)
[2025-12-13 06:29:11.340] MenuRegistry: Registered 'Import from Excel' in 'Projects' menu (hotkey=I order=40)
[2025-12-13 06:29:11.351] ServiceContainer: Registered 'ChecklistsLauncherScreen' (singleton=False)
[2025-12-13 06:29:11.361] MenuRegistry: Registered screen factory 'ChecklistsLauncherScreen' in container (viewMode=)
[2025-12-13 06:29:11.372] MenuRegistry: Registered 'Checklists' in 'Tools' menu (hotkey=C order=25)
[2025-12-13 06:29:11.383] ServiceContainer: Registered 'TaskListScreen_Today' (singleton=False)
[2025-12-13 06:29:11.393] MenuRegistry: Registered screen factory 'TaskListScreen_Today' in container (viewMode=today)
[2025-12-13 06:29:11.404] MenuRegistry: Registered 'Today' in 'Tasks' menu (hotkey=Y order=10)
[2025-12-13 06:29:11.414] ServiceContainer: Registered 'SettingsScreen' (singleton=False)
[2025-12-13 06:29:11.424] MenuRegistry: Registered screen factory 'SettingsScreen' in container (viewMode=)
[2025-12-13 06:29:11.435] MenuRegistry: Registered 'Settings' in 'Options' menu (hotkey=S order=20)
[2025-12-13 06:29:11.446] ServiceContainer: Registered 'ProjectListScreen' (singleton=False)
[2025-12-13 06:29:11.459] MenuRegistry: Registered screen factory 'ProjectListScreen' in container (viewMode=)
[2025-12-13 06:29:11.470] MenuRegistry: Registered 'Project List' in 'Projects' menu (hotkey=L order=10)
[2025-12-13 06:29:11.482] ServiceContainer: Registered 'TaskListScreen_Upcoming' (singleton=False)
[2025-12-13 06:29:11.493] MenuRegistry: Registered screen factory 'TaskListScreen_Upcoming' in container (viewMode=upcoming)
[2025-12-13 06:29:11.503] MenuRegistry: Registered 'Upcoming' in 'Tasks' menu (hotkey=U order=25)
[2025-12-13 06:29:11.515] ServiceContainer: Registered 'TaskListScreen_NextActions' (singleton=False)
[2025-12-13 06:29:11.525] MenuRegistry: Registered screen factory 'TaskListScreen_NextActions' in container (viewMode=nextactions)
[2025-12-13 06:29:11.536] MenuRegistry: Registered 'Next Actions' in 'Tasks' menu (hotkey=N order=35)
[2025-12-13 06:29:11.547] ServiceContainer: Registered 'NotesMenuScreen' (singleton=False)
[2025-12-13 06:29:11.558] MenuRegistry: Registered screen factory 'NotesMenuScreen' in container (viewMode=)
[2025-12-13 06:29:11.571] MenuRegistry: Registered 'Notes' in 'Tools' menu (hotkey=N order=20)
[2025-12-13 06:29:11.585] ServiceContainer: Registered 'WeeklyTimeReportScreen' (singleton=False)
[2025-12-13 06:29:11.596] MenuRegistry: Registered screen factory 'WeeklyTimeReportScreen' in container (viewMode=)
[2025-12-13 06:29:11.609] MenuRegistry: Registered 'Weekly Report' in 'Time' menu (hotkey=W order=10)
[2025-12-13 06:29:11.620] ServiceContainer: Registered 'CommandLibraryScreen' (singleton=False)
[2025-12-13 06:29:11.631] MenuRegistry: Registered screen factory 'CommandLibraryScreen' in container (viewMode=)
[2025-12-13 06:29:11.642] MenuRegistry: Registered 'Command Library' in 'Tools' menu (hotkey=L order=10)
[2025-12-13 06:29:11.653] ServiceContainer: Registered 'TaskListScreen_Tomorrow' (singleton=False)
[2025-12-13 06:29:11.664] MenuRegistry: Registered screen factory 'TaskListScreen_Tomorrow' in container (viewMode=tomorrow)
[2025-12-13 06:29:11.674] MenuRegistry: Registered 'Tomorrow' in 'Tasks' menu (hotkey=T order=15)
[2025-12-13 06:29:11.685] ServiceContainer: Registered 'KanbanScreenV2' (singleton=False)
[2025-12-13 06:29:11.696] MenuRegistry: Registered screen factory 'KanbanScreenV2' in container (viewMode=)
[2025-12-13 06:29:11.709] MenuRegistry: Registered 'Kanban Board' in 'Tasks' menu (hotkey=K order=55)
[2025-12-13 06:29:11.720] ServiceContainer: Registered 'TaskListScreen_Agenda' (singleton=False)
[2025-12-13 06:29:11.731] MenuRegistry: Registered screen factory 'TaskListScreen_Agenda' in container (viewMode=agenda)
[2025-12-13 06:29:11.742] MenuRegistry: Registered 'Agenda View' in 'Tasks' menu (hotkey=A order=50)
[2025-12-13 06:29:11.753] ServiceContainer: Registered 'TaskListScreen_NoDate' (singleton=False)
[2025-12-13 06:29:11.764] MenuRegistry: Registered screen factory 'TaskListScreen_NoDate' in container (viewMode=noduedate)
[2025-12-13 06:29:11.775] MenuRegistry: Registered 'No Due Date' in 'Tasks' menu (hotkey=D order=40)
[2025-12-13 06:29:11.786] ServiceContainer: Registered 'TaskListScreen_Overdue' (singleton=False)
[2025-12-13 06:29:11.797] MenuRegistry: Registered screen factory 'TaskListScreen_Overdue' in container (viewMode=overdue)
[2025-12-13 06:29:11.807] MenuRegistry: Registered 'Overdue' in 'Tasks' menu (hotkey=O order=30)
[2025-12-13 06:29:11.817] ServiceContainer: Registered 'TaskListScreen_Default' (singleton=False)
[2025-12-13 06:29:11.829] MenuRegistry: Registered screen factory 'TaskListScreen_Default' in container (viewMode=)
[2025-12-13 06:29:11.841] MenuRegistry: Registered 'Task List' in 'Tasks' menu (hotkey=L order=5)
[2025-12-13 06:29:11.853] ServiceContainer: Registered 'TimeReportScreen' (singleton=False)
[2025-12-13 06:29:11.863] MenuRegistry: Registered screen factory 'TimeReportScreen' in container (viewMode=)
[2025-12-13 06:29:11.874] MenuRegistry: Registered 'Time Report' in 'Time' menu (hotkey=R order=20)
[2025-12-13 06:29:11.885] [INFO] Menus loaded from C:\Users\jhnhe\OneDrive\Documents\GitHub\project-management-console\og_transport\HYBRID\module\Pmc.strict\consoleui\screens\MenuItems.psd1
[2025-12-13 06:29:11.896] [INFO] Launching screen: TaskList
[2025-12-13 06:29:11.907] [INFO] Resolving TaskListScreen from container...
[2025-12-13 06:29:11.918] ServiceContainer: Resolving 'TaskListScreen'...
[2025-12-13 06:29:11.930] [INFO] Resolving TaskListScreen...
[2025-12-13 06:29:11.942] ServiceContainer: Resolving 'TaskStore'...
[2025-12-13 06:29:11.955] [INFO] Resolving TaskStore...
[2025-12-13 06:29:11.990] [DEBUG] TaskStore.LoadData: Starting
[2025-12-13 06:29:12.002] [DEBUG] TaskStore.LoadData: Calling Get-PmcData
[2025-12-13 06:29:12.218] [DEBUG] TaskStore.LoadData: Get-PmcData returned - tasks=4 projects=2 timelogs=3
[2025-12-13 06:29:12.237] [DEBUG] TaskStore.LoadData: Loaded 4 tasks
[2025-12-13 06:29:12.251] [DEBUG] TaskStore.LoadData: Loaded 2 projects
[2025-12-13 06:29:12.265] [DEBUG] TaskStore.LoadData: First project name='p1' ID1='111'
[2025-12-13 06:29:12.282] ServiceContainer: Resolved 'TaskStore' successfully
[2025-12-13 06:29:12.625] MenuRegistry: Loaded manifest with 24 entries
[2025-12-13 06:29:12.638] MenuRegistry: Registered 'Month View' in 'Tasks' menu (hotkey=M order=45)
[2025-12-13 06:29:12.649] MenuRegistry: Registered 'Theme Editor' in 'Options' menu (hotkey=T order=10)
[2025-12-13 06:29:12.660] MenuRegistry: Registered 'Week View' in 'Tasks' menu (hotkey=W order=20)
[2025-12-13 06:29:12.671] MenuRegistry: Registered 'Excel Profiles' in 'Projects' menu (hotkey=M order=50)
[2025-12-13 06:29:12.682] MenuRegistry: Registered 'Checklist Templates' in 'Tools' menu (hotkey=H order=30)
[2025-12-13 06:29:12.693] MenuRegistry: Registered 'Time Tracking' in 'Time' menu (hotkey=T order=5)
[2025-12-13 06:29:12.705] MenuRegistry: Registered 'Help' in 'Help' menu (hotkey=H order=10)
[2025-12-13 06:29:12.717] MenuRegistry: Registered 'Import from Excel' in 'Projects' menu (hotkey=I order=40)
[2025-12-13 06:29:12.729] MenuRegistry: Registered 'Checklists' in 'Tools' menu (hotkey=C order=25)
[2025-12-13 06:29:12.741] MenuRegistry: Registered 'Today' in 'Tasks' menu (hotkey=Y order=10)
[2025-12-13 06:29:12.752] MenuRegistry: Registered 'Settings' in 'Options' menu (hotkey=S order=20)
[2025-12-13 06:29:12.764] MenuRegistry: Registered 'Project List' in 'Projects' menu (hotkey=L order=10)
[2025-12-13 06:29:12.776] MenuRegistry: Registered 'Upcoming' in 'Tasks' menu (hotkey=U order=25)
[2025-12-13 06:29:12.786] MenuRegistry: Registered 'Next Actions' in 'Tasks' menu (hotkey=N order=35)
[2025-12-13 06:29:12.803] MenuRegistry: Registered 'Notes' in 'Tools' menu (hotkey=N order=20)
[2025-12-13 06:29:12.814] MenuRegistry: Registered 'Weekly Report' in 'Time' menu (hotkey=W order=10)
[2025-12-13 06:29:12.825] MenuRegistry: Registered 'Command Library' in 'Tools' menu (hotkey=L order=10)
[2025-12-13 06:29:12.840] MenuRegistry: Registered 'Tomorrow' in 'Tasks' menu (hotkey=T order=15)
[2025-12-13 06:29:12.852] MenuRegistry: Registered 'Kanban Board' in 'Tasks' menu (hotkey=K order=55)
[2025-12-13 06:29:12.863] MenuRegistry: Registered 'Agenda View' in 'Tasks' menu (hotkey=A order=50)
[2025-12-13 06:29:12.874] MenuRegistry: Registered 'No Due Date' in 'Tasks' menu (hotkey=D order=40)
[2025-12-13 06:29:12.886] MenuRegistry: Registered 'Overdue' in 'Tasks' menu (hotkey=O order=30)
[2025-12-13 06:29:12.897] MenuRegistry: Registered 'Task List' in 'Tasks' menu (hotkey=L order=5)
[2025-12-13 06:29:12.908] MenuRegistry: Registered 'Time Report' in 'Time' menu (hotkey=R order=20)
[2025-12-13 06:29:12.932] _PopulateMenusFromRegistry: Menu 'Tasks' has 11 items from registry (array)
[2025-12-13 06:29:12.955] _PopulateMenusFromRegistry: Menu 'Projects' has 3 items from registry (array)
[2025-12-13 06:29:12.968] _PopulateMenusFromRegistry: Menu 'Help' has 1 items from registry (array)
[2025-12-13 06:29:12.981] _PopulateMenusFromRegistry: Menu 'Options' has 2 items from registry (array)
[2025-12-13 06:29:12.994] _PopulateMenusFromRegistry: Menu 'Time' has 3 items from registry (array)
[2025-12-13 06:29:13.006] _PopulateMenusFromRegistry: Menu 'Tools' has 4 items from registry (array)
[2025-12-13 06:29:13.018] ServiceContainer: Resolved 'TaskListScreen' successfully
[2025-12-13 06:29:13.030] [INFO] Pushing screen to app...
[2025-12-13 06:29:13.394] [DEBUG] LoadData: Got 4 tasks from Store
[2025-12-13 06:29:13.467] [DEBUG] TaskListScreen.LoadData: Setting 4 tasks
[2025-12-13 06:29:13.490] [INFO] UniversalList.SetData: START, data param type=System.Object[]
[2025-12-13 06:29:13.502] [INFO] UniversalList.SetData: About to assign _data
[2025-12-13 06:29:13.515] [INFO] UniversalList.SetData: _data assigned successfully
[2025-12-13 06:29:13.526] [INFO] UniversalList.SetData: About to check _data type
[2025-12-13 06:29:13.538] [INFO] UniversalList.SetData: _data type=System.Object[]
[2025-12-13 06:29:13.549] [INFO] UniversalList.SetData: About to access _data.Count
[2025-12-13 06:29:13.561] [INFO] UniversalList.SetData: _data.Count=4
[2025-12-13 06:29:13.572] [INFO] UniversalList.SetData: _filteredData assigned
[2025-12-13 06:29:13.585] [INFO] UniversalList.SetData: About to clear _selectedIndices
[2025-12-13 06:29:13.598] [INFO] UniversalList.SetData: _selectedIndices cleared
[2025-12-13 06:29:13.609] [INFO] UniversalList.SetData: Received 4 items
[2025-12-13 06:29:13.622] [INFO] UniversalList.SetData: First item type=Hashtable isHashtable=True
[2025-12-13 06:29:13.635] [INFO] UniversalList.SetData: First item keys: project, tags, completed, details, status, id, due, modified, text, priority, created
[2025-12-13 06:29:13.647] [INFO] UniversalList.SetData: Incrementing cache generation
[2025-12-13 06:29:13.659] [INFO] UniversalList.SetData: Clearing row cache
[2025-12-13 06:29:13.672] [INFO] UniversalList.SetData: Clearing cache access order
[2025-12-13 06:29:13.684] [INFO] UniversalList.SetData: Applying filters
[2025-12-13 06:29:13.714] [INFO] UniversalList.SetData: Applying search
[2025-12-13 06:29:13.727] [INFO] UniversalList.SetData: Invoking OnDataChanged callback
[2025-12-13 06:29:13.745] [INFO] UniversalList.SetData: COMPLETE
[2025-12-13 06:29:13.902] [INFO] Screen pushed successfully
[2025-12-13 06:29:13.914] [INFO] Starting event loop...
[2025-12-13 06:29:14.193] [INFO] PadText: text='Task' rawLen=4 visibleLen=4 width=40 align=left
[2025-12-13 06:29:14.209] [INFO] PadText: text='Details' rawLen=7 visibleLen=7 width=28 align=left
[2025-12-13 06:29:14.222] [INFO] PadText: text='Due' rawLen=3 visibleLen=3 width=16 align=left
[2025-12-13 06:29:14.235] [INFO] PadText: text='Project' rawLen=7 visibleLen=7 width=21 align=left
[2025-12-13 06:29:14.249] [INFO] PadText: text='Tags' rawLen=4 visibleLen=4 width=23 align=left
[2025-12-13 06:29:14.292] [INFO] PadText: text='t2' rawLen=2 visibleLen=2 width=38 align=left
[2025-12-13 06:29:14.307] [INFO] PadText: text='d2' rawLen=2 visibleLen=2 width=26 align=left
[2025-12-13 06:29:14.329] [INFO] PadText: text='Dec 16' rawLen=6 visibleLen=6 width=14 align=left
[2025-12-13 06:29:14.363] [INFO] PadText: text='t3' rawLen=2 visibleLen=2 width=38 align=left
[2025-12-13 06:29:14.376] [INFO] PadText: text='Dec 18' rawLen=6 visibleLen=6 width=14 align=left
[2025-12-13 06:29:14.388] [INFO] PadText: text='p1' rawLen=2 visibleLen=2 width=19 align=left
[2025-12-13 06:29:14.412] [INFO] PadText: text='t1' rawLen=2 visibleLen=2 width=38 align=left
[2025-12-13 06:29:14.434] [INFO] PadText: text='task' rawLen=4 visibleLen=4 width=38 align=left
[2025-12-13 06:29:14.703] [INFO] PadText: text='Task' rawLen=4 visibleLen=4 width=40 align=left
[2025-12-13 06:29:14.718] [INFO] PadText: text='Details' rawLen=7 visibleLen=7 width=28 align=left
[2025-12-13 06:29:14.731] [INFO] PadText: text='Due' rawLen=3 visibleLen=3 width=16 align=left
[2025-12-13 06:29:14.743] [INFO] PadText: text='Project' rawLen=7 visibleLen=7 width=21 align=left
[2025-12-13 06:29:14.755] [INFO] PadText: text='Tags' rawLen=4 visibleLen=4 width=23 align=left
[2025-12-13 06:29:14.775] [INFO] PadText: text='t2' rawLen=2 visibleLen=2 width=38 align=left
[2025-12-13 06:29:14.786] [INFO] PadText: text='d2' rawLen=2 visibleLen=2 width=26 align=left
[2025-12-13 06:29:14.798] [INFO] PadText: text='Dec 16' rawLen=6 visibleLen=6 width=14 align=left
[2025-12-13 06:29:14.821] [INFO] PadText: text='t3' rawLen=2 visibleLen=2 width=38 align=left
[2025-12-13 06:29:14.834] [INFO] PadText: text='Dec 18' rawLen=6 visibleLen=6 width=14 align=left
[2025-12-13 06:29:14.846] [INFO] PadText: text='p1' rawLen=2 visibleLen=2 width=19 align=left
[2025-12-13 06:29:14.866] [INFO] PadText: text='t1' rawLen=2 visibleLen=2 width=38 align=left
[2025-12-13 06:29:14.887] [INFO] PadText: text='task' rawLen=4 visibleLen=4 width=38 align=left
[2025-12-13 06:29:16.185] [INFO] PadText: text='Task' rawLen=4 visibleLen=4 width=40 align=left
[2025-12-13 06:29:16.191] [INFO] PadText: text='Details' rawLen=7 visibleLen=7 width=28 align=left
[2025-12-13 06:29:16.208] [INFO] PadText: text='Due' rawLen=3 visibleLen=3 width=16 align=left
[2025-12-13 06:29:16.223] [INFO] PadText: text='Project' rawLen=7 visibleLen=7 width=21 align=left
[2025-12-13 06:29:16.240] [INFO] PadText: text='Tags' rawLen=4 visibleLen=4 width=23 align=left
[2025-12-13 06:29:16.281] [INFO] PadText: text='t2' rawLen=2 visibleLen=2 width=38 align=left
[2025-12-13 06:29:16.292] [INFO] PadText: text='d2' rawLen=2 visibleLen=2 width=26 align=left
[2025-12-13 06:29:16.304] [INFO] PadText: text='Dec 16' rawLen=6 visibleLen=6 width=14 align=left
[2025-12-13 06:29:16.327] [INFO] PadText: text='t3' rawLen=2 visibleLen=2 width=38 align=left
[2025-12-13 06:29:16.343] [INFO] PadText: text='Dec 18' rawLen=6 visibleLen=6 width=14 align=left
[2025-12-13 06:29:16.356] [INFO] PadText: text='p1' rawLen=2 visibleLen=2 width=19 align=left
[2025-12-13 06:29:16.377] [INFO] PadText: text='t1' rawLen=2 visibleLen=2 width=38 align=left
[2025-12-13 06:29:16.407] [INFO] PadText: text='task' rawLen=4 visibleLen=4 width=38 align=left
[2025-12-13 06:29:16.574] [INFO] PadText: text='Task' rawLen=4 visibleLen=4 width=40 align=left
[2025-12-13 06:29:16.614] [INFO] PadText: text='Details' rawLen=7 visibleLen=7 width=28 align=left
[2025-12-13 06:29:16.632] [INFO] PadText: text='Due' rawLen=3 visibleLen=3 width=16 align=left
[2025-12-13 06:29:16.652] [INFO] PadText: text='Project' rawLen=7 visibleLen=7 width=21 align=left
[2025-12-13 06:29:16.666] [INFO] PadText: text='Tags' rawLen=4 visibleLen=4 width=23 align=left
[2025-12-13 06:29:16.686] [INFO] PadText: text='t2' rawLen=2 visibleLen=2 width=38 align=left
[2025-12-13 06:29:16.698] [INFO] PadText: text='d2' rawLen=2 visibleLen=2 width=26 align=left
[2025-12-13 06:29:16.712] [INFO] PadText: text='Dec 16' rawLen=6 visibleLen=6 width=14 align=left
[2025-12-13 06:29:16.734] [INFO] PadText: text='t3' rawLen=2 visibleLen=2 width=38 align=left
[2025-12-13 06:29:16.746] [INFO] PadText: text='Dec 18' rawLen=6 visibleLen=6 width=14 align=left
[2025-12-13 06:29:16.758] [INFO] PadText: text='p1' rawLen=2 visibleLen=2 width=19 align=left
[2025-12-13 06:29:16.781] [INFO] PadText: text='t1' rawLen=2 visibleLen=2 width=38 align=left
[2025-12-13 06:29:16.805] [INFO] PadText: text='task' rawLen=4 visibleLen=4 width=38 align=left
[2025-12-13 06:29:18.550] [DEBUG] StandardListScreen: Routing to InlineEditor (Key=D1)
[2025-12-13 06:29:18.576] [DEBUG] StandardListScreen: After HandleInput - IsConfirmed=False IsCancelled=False ShowInlineEditor=True
[2025-12-13 06:29:18.590] [DEBUG] StandardListScreen: After close check - ShowInlineEditor=True
[2025-12-13 06:29:18.638] [INFO] PadText: text='Task' rawLen=4 visibleLen=4 width=40 align=left
[2025-12-13 06:29:18.651] [INFO] PadText: text='Details' rawLen=7 visibleLen=7 width=28 align=left
[2025-12-13 06:29:18.663] [INFO] PadText: text='Due' rawLen=3 visibleLen=3 width=16 align=left
[2025-12-13 06:29:18.675] [INFO] PadText: text='Project' rawLen=7 visibleLen=7 width=21 align=left
[2025-12-13 06:29:18.686] [INFO] PadText: text='Tags' rawLen=4 visibleLen=4 width=23 align=left
[2025-12-13 06:29:18.707] [INFO] PadText: text='t2' rawLen=2 visibleLen=2 width=38 align=left
[2025-12-13 06:29:18.720] [INFO] PadText: text='d2' rawLen=2 visibleLen=2 width=26 align=left
[2025-12-13 06:29:18.731] [INFO] PadText: text='Dec 16' rawLen=6 visibleLen=6 width=14 align=left
[2025-12-13 06:29:18.749] [INFO] PadText: text='t3' rawLen=2 visibleLen=2 width=38 align=left
[2025-12-13 06:29:18.761] [INFO] PadText: text='Dec 18' rawLen=6 visibleLen=6 width=14 align=left
[2025-12-13 06:29:18.772] [INFO] PadText: text='p1' rawLen=2 visibleLen=2 width=19 align=left
[2025-12-13 06:29:18.789] [INFO] PadText: text='t1' rawLen=2 visibleLen=2 width=38 align=left
[2025-12-13 06:29:18.810] [INFO] PadText: text='task' rawLen=4 visibleLen=4 width=38 align=left
[2025-12-13 06:29:18.937] [INFO] PadText: text='Task' rawLen=4 visibleLen=4 width=40 align=left
[2025-12-13 06:29:18.950] [INFO] PadText: text='Details' rawLen=7 visibleLen=7 width=28 align=left
[2025-12-13 06:29:18.965] [INFO] PadText: text='Due' rawLen=3 visibleLen=3 width=16 align=left
[2025-12-13 06:29:18.976] [INFO] PadText: text='Project' rawLen=7 visibleLen=7 width=21 align=left
[2025-12-13 06:29:18.988] [INFO] PadText: text='Tags' rawLen=4 visibleLen=4 width=23 align=left
[2025-12-13 06:29:19.005] [INFO] PadText: text='t2' rawLen=2 visibleLen=2 width=38 align=left
[2025-12-13 06:29:19.016] [INFO] PadText: text='d2' rawLen=2 visibleLen=2 width=26 align=left
[2025-12-13 06:29:19.027] [INFO] PadText: text='Dec 16' rawLen=6 visibleLen=6 width=14 align=left
[2025-12-13 06:29:19.044] [INFO] PadText: text='t3' rawLen=2 visibleLen=2 width=38 align=left
[2025-12-13 06:29:19.056] [INFO] PadText: text='Dec 18' rawLen=6 visibleLen=6 width=14 align=left
[2025-12-13 06:29:19.068] [INFO] PadText: text='p1' rawLen=2 visibleLen=2 width=19 align=left
[2025-12-13 06:29:19.090] [INFO] PadText: text='t1' rawLen=2 visibleLen=2 width=38 align=left
[2025-12-13 06:29:19.112] [INFO] PadText: text='task' rawLen=4 visibleLen=4 width=38 align=left
[2025-12-13 06:29:20.253] [INFO] Event loop exited normally
[2025-12-13 06:29:20.265] [INFO] Cleanup - showing cursor and resetting terminal
