[2025-12-13 09:21:44.339] [INFO] Loading PMC module...
[2025-12-13 09:21:45.323] [INFO] PMC module loaded
[2025-12-13 09:21:45.324] [INFO] Loading dependencies (FieldSchemas, etc.)...
[2025-12-13 09:21:45.421] [INFO] Dependencies loaded
[2025-12-13 09:21:45.429] [INFO] Loading SpeedTUI framework...
[2025-12-13 09:21:45.704] [INFO] SpeedTUI framework loaded
[2025-12-13 09:21:45.705] [INFO] Loading PraxisVT...
[2025-12-13 09:21:45.721] [INFO] PraxisVT loaded
[2025-12-13 09:21:45.732] [INFO] Loading core dependencies...
[2025-12-13 09:21:45.788] [INFO] Core dependencies loaded
[2025-12-13 09:21:45.797] [INFO] Loading widget base classes...
[2025-12-13 09:21:45.843] [INFO] Widget base classes loaded
[2025-12-13 09:21:45.853] [INFO] Loading services...
[2025-12-13 09:21:45.983] [INFO] Services loaded
[2025-12-13 09:21:45.994] [INFO] Loading helpers...
[2025-12-13 09:21:46.412] [INFO] Helpers loaded
[2025-12-13 09:21:46.421] [INFO] Loading widgets...
[2025-12-13 09:21:46.805] [INFO] Widgets loaded
[2025-12-13 09:21:46.814] [INFO] Loading screen base class...
[2025-12-13 09:21:46.841] [INFO] Screen base class loaded
[2025-12-13 09:21:46.851] [INFO] Loading HelpViewScreen (needed by base classes)...
[2025-12-13 09:21:46.883] [INFO] HelpViewScreen loaded
[2025-12-13 09:21:46.893] [INFO] Loading base classes...
[2025-12-13 09:21:46.984] [INFO] Base classes loaded
[2025-12-13 09:21:46.997] [INFO] Loading ServiceContainer (needed by screens)...
[2025-12-13 09:21:47.016] [INFO] ServiceContainer loaded
[2025-12-13 09:21:47.026] [INFO] Loading remaining screens...
[2025-12-13 09:21:47.128] [INFO] Remaining screens loaded
[2025-12-13 09:21:47.138] [INFO] Loading PmcApplication...
[2025-12-13 09:21:47.164] [INFO] PmcApplication loaded
[2025-12-13 09:21:47.174] [INFO] All components loaded successfully
[2025-12-13 09:21:47.194] [INFO] Starting PMC TUI with screen: TaskList
[2025-12-13 09:21:47.208] [INFO] Cleared stale PmcSharedMenuBar and MenuRegistry singleton
[2025-12-13 09:21:47.219] [INFO] Creating ServiceContainer...
[2025-12-13 09:21:47.236] [INFO] ServiceContainer created
[2025-12-13 09:21:47.248] [INFO] Registering Theme service...
[2025-12-13 09:21:47.266] ServiceContainer: Registered 'Theme' (singleton=True)
[2025-12-13 09:21:47.278] [INFO] Registering ThemeManager...
[2025-12-13 09:21:47.288] ServiceContainer: Registered 'ThemeManager' (singleton=True)
[2025-12-13 09:21:47.298] [INFO] Registering Config service...
[2025-12-13 09:21:47.308] ServiceContainer: Registered 'Config' (singleton=True)
[2025-12-13 09:21:47.320] [INFO] Registering TaskStore service...
[2025-12-13 09:21:47.339] ServiceContainer: Registered 'TaskStore' (singleton=True)
[2025-12-13 09:21:47.349] [INFO] Registering MenuRegistry service...
[2025-12-13 09:21:47.365] ServiceContainer: Registered 'MenuRegistry' (singleton=True)
[2025-12-13 09:21:47.380] [INFO] Registering Application service...
[2025-12-13 09:21:47.392] ServiceContainer: Registered 'Application' (singleton=True)
[2025-12-13 09:21:47.403] [INFO] Registering CommandService...
[2025-12-13 09:21:47.418] ServiceContainer: Registered 'CommandService' (singleton=True)
[2025-12-13 09:21:47.431] [INFO] Registering ChecklistService...
[2025-12-13 09:21:47.445] ServiceContainer: Registered 'ChecklistService' (singleton=True)
[2025-12-13 09:21:47.457] [INFO] Registering NoteService...
[2025-12-13 09:21:47.469] ServiceContainer: Registered 'NoteService' (singleton=True)
[2025-12-13 09:21:47.484] [INFO] Registering ExcelMappingService...
[2025-12-13 09:21:47.500] ServiceContainer: Registered 'ExcelMappingService' (singleton=True)
[2025-12-13 09:21:47.511] [INFO] Registering PreferencesService...
[2025-12-13 09:21:47.523] ServiceContainer: Registered 'PreferencesService' (singleton=True)
[2025-12-13 09:21:47.535] [INFO] Registering screen factories...
[2025-12-13 09:21:47.548] ServiceContainer: Registered 'TaskListScreen' (singleton=False)
[2025-12-13 09:21:47.560] [INFO] Resolving Application from container...
[2025-12-13 09:21:47.581] ServiceContainer: Resolving 'Application'...
[2025-12-13 09:21:47.593] [INFO] Resolving Application...
[2025-12-13 09:21:47.605] ServiceContainer: Resolving 'Theme'...
[2025-12-13 09:21:47.623] [INFO] Resolving Theme: Calling Initialize-PmcThemeSystem...
[2025-12-13 09:21:47.641] [INFO] Theme resolved: #33aaff
[2025-12-13 09:21:47.652] [INFO] Loading PmcThemeEngine...
[2025-12-13 09:21:47.742] [DEBUG] Palette [Success] -> #2CB158 (R=44 G=177 B=88)
[2025-12-13 09:21:47.751] [DEBUG] Palette [Error] -> #BE2914 (R=190 G=41 B=20)
[2025-12-13 09:21:47.762] [DEBUG] Palette [Primary] -> #228844 (R=34 G=136 B=68)
[2025-12-13 09:21:47.773] [DEBUG] Palette [Warning] -> #7FCA14 (R=127 G=202 B=20)
[2025-12-13 09:21:47.799] [DEBUG] Palette [Status] -> #5C8F6D (R=92 G=143 B=109)
[2025-12-13 09:21:47.810] [DEBUG] Palette [Muted] -> #5C8F6D (R=92 G=143 B=109)
[2025-12-13 09:21:47.822] [DEBUG] Palette [Text] -> #C2EACF (R=194 G=234 B=207)
[2025-12-13 09:21:47.833] [DEBUG] Palette [Border] -> #185F30 (R=24 G=95 B=48)
[2025-12-13 09:21:47.842] [DEBUG] Palette [Footer] -> #185F30 (R=24 G=95 B=48)
[2025-12-13 09:21:47.853] [DEBUG] Palette [Cursor] -> #228844 (R=34 G=136 B=68)
[2025-12-13 09:21:47.866] [DEBUG] Palette [Label] -> #5C8F6D (R=92 G=143 B=109)
[2025-12-13 09:21:47.877] [DEBUG] Palette [Header] -> #228844 (R=34 G=136 B=68)
[2025-12-13 09:21:47.887] [DEBUG] Palette [Bright] -> #2CB158 (R=44 G=177 B=88)
[2025-12-13 09:21:47.898] [DEBUG] Palette [Highlight] -> #228844 (R=34 G=136 B=68)
[2025-12-13 09:21:47.916] [INFO] LoadFromConfig: Loaded Properties with 16 items
[2025-12-13 09:21:47.934] [INFO] PmcThemeEngine initialized with PMC palette (14 colors)
[2025-12-13 09:21:47.946] ServiceContainer: Resolved 'Theme' successfully
[2025-12-13 09:21:48.231] ServiceContainer: Resolving 'ThemeManager'...
[2025-12-13 09:21:48.247] [INFO] Resolving ThemeManager...
[2025-12-13 09:21:48.317] ServiceContainer: Resolved 'ThemeManager' successfully
[2025-12-13 09:21:48.333] ServiceContainer: Resolved 'Application' successfully
[2025-12-13 09:21:48.344] [INFO] Application resolved and assigned to $global:PmcApp
[2025-12-13 09:21:48.357] [INFO] Loading menus from manifest...
[2025-12-13 09:21:48.370] ServiceContainer: Resolving 'MenuRegistry'...
[2025-12-13 09:21:48.381] [INFO] Resolving MenuRegistry...
[2025-12-13 09:21:48.396] ServiceContainer: Resolved 'MenuRegistry' successfully
[2025-12-13 09:21:48.419] MenuRegistry: Loaded manifest with 24 entries
[2025-12-13 09:21:48.443] ServiceContainer: Registered 'HelpViewScreen' (singleton=False)
[2025-12-13 09:21:48.454] MenuRegistry: Registered screen factory 'HelpViewScreen' in container (viewMode=)
[2025-12-13 09:21:48.472] MenuRegistry: Registered 'Help' in 'Help' menu (hotkey=H order=10)
[2025-12-13 09:21:48.485] ServiceContainer: Registered 'ExcelImportScreen' (singleton=False)
[2025-12-13 09:21:48.497] MenuRegistry: Registered screen factory 'ExcelImportScreen' in container (viewMode=)
[2025-12-13 09:21:48.508] MenuRegistry: Registered 'Import from Excel' in 'Projects' menu (hotkey=I order=40)
[2025-12-13 09:21:48.519] ServiceContainer: Registered 'TimeListScreen' (singleton=False)
[2025-12-13 09:21:48.533] MenuRegistry: Registered screen factory 'TimeListScreen' in container (viewMode=)
[2025-12-13 09:21:48.545] MenuRegistry: Registered 'Time Tracking' in 'Time' menu (hotkey=T order=5)
[2025-12-13 09:21:48.557] ServiceContainer: Registered 'TaskListScreen_NextActions' (singleton=False)
[2025-12-13 09:21:48.567] MenuRegistry: Registered screen factory 'TaskListScreen_NextActions' in container (viewMode=nextactions)
[2025-12-13 09:21:48.578] MenuRegistry: Registered 'Next Actions' in 'Tasks' menu (hotkey=N order=35)
[2025-12-13 09:21:48.588] ServiceContainer: Registered 'TimeReportScreen' (singleton=False)
[2025-12-13 09:21:48.599] MenuRegistry: Registered screen factory 'TimeReportScreen' in container (viewMode=)
[2025-12-13 09:21:48.612] MenuRegistry: Registered 'Time Report' in 'Time' menu (hotkey=R order=20)
[2025-12-13 09:21:48.625] ServiceContainer: Registered 'NotesMenuScreen' (singleton=False)
[2025-12-13 09:21:48.634] MenuRegistry: Registered screen factory 'NotesMenuScreen' in container (viewMode=)
[2025-12-13 09:21:48.646] MenuRegistry: Registered 'Notes' in 'Tools' menu (hotkey=N order=20)
[2025-12-13 09:21:48.658] ServiceContainer: Registered 'ChecklistsLauncherScreen' (singleton=False)
[2025-12-13 09:21:48.669] MenuRegistry: Registered screen factory 'ChecklistsLauncherScreen' in container (viewMode=)
[2025-12-13 09:21:48.681] MenuRegistry: Registered 'Checklists' in 'Tools' menu (hotkey=C order=25)
[2025-12-13 09:21:48.692] ServiceContainer: Registered 'ChecklistTemplatesFolderScreen' (singleton=False)
[2025-12-13 09:21:48.703] MenuRegistry: Registered screen factory 'ChecklistTemplatesFolderScreen' in container (viewMode=)
[2025-12-13 09:21:48.713] MenuRegistry: Registered 'Checklist Templates' in 'Tools' menu (hotkey=H order=30)
[2025-12-13 09:21:48.724] ServiceContainer: Registered 'TaskListScreen_Overdue' (singleton=False)
[2025-12-13 09:21:48.737] MenuRegistry: Registered screen factory 'TaskListScreen_Overdue' in container (viewMode=overdue)
[2025-12-13 09:21:48.752] MenuRegistry: Registered 'Overdue' in 'Tasks' menu (hotkey=O order=30)
[2025-12-13 09:21:48.762] ServiceContainer: Registered 'KanbanScreenV2' (singleton=False)
[2025-12-13 09:21:48.773] MenuRegistry: Registered screen factory 'KanbanScreenV2' in container (viewMode=)
[2025-12-13 09:21:48.783] MenuRegistry: Registered 'Kanban Board' in 'Tasks' menu (hotkey=K order=55)
[2025-12-13 09:21:48.793] ServiceContainer: Registered 'TaskListScreen_Tomorrow' (singleton=False)
[2025-12-13 09:21:48.805] MenuRegistry: Registered screen factory 'TaskListScreen_Tomorrow' in container (viewMode=tomorrow)
[2025-12-13 09:21:48.816] MenuRegistry: Registered 'Tomorrow' in 'Tasks' menu (hotkey=T order=15)
[2025-12-13 09:21:48.826] ServiceContainer: Registered 'TaskListScreen_NoDate' (singleton=False)
[2025-12-13 09:21:48.836] MenuRegistry: Registered screen factory 'TaskListScreen_NoDate' in container (viewMode=noduedate)
[2025-12-13 09:21:48.848] MenuRegistry: Registered 'No Due Date' in 'Tasks' menu (hotkey=D order=40)
[2025-12-13 09:21:48.861] ServiceContainer: Registered 'CommandLibraryScreen' (singleton=False)
[2025-12-13 09:21:48.873] MenuRegistry: Registered screen factory 'CommandLibraryScreen' in container (viewMode=)
[2025-12-13 09:21:48.883] MenuRegistry: Registered 'Command Library' in 'Tools' menu (hotkey=L order=10)
[2025-12-13 09:21:48.894] ServiceContainer: Registered 'TaskListScreen_Month' (singleton=False)
[2025-12-13 09:21:48.904] MenuRegistry: Registered screen factory 'TaskListScreen_Month' in container (viewMode=month)
[2025-12-13 09:21:48.914] MenuRegistry: Registered 'Month View' in 'Tasks' menu (hotkey=M order=45)
[2025-12-13 09:21:48.924] ServiceContainer: Registered 'TaskListScreen_Default' (singleton=False)
[2025-12-13 09:21:48.935] MenuRegistry: Registered screen factory 'TaskListScreen_Default' in container (viewMode=)
[2025-12-13 09:21:48.948] MenuRegistry: Registered 'Task List' in 'Tasks' menu (hotkey=L order=5)
[2025-12-13 09:21:48.959] ServiceContainer: Registered 'TaskListScreen_Agenda' (singleton=False)
[2025-12-13 09:21:48.969] MenuRegistry: Registered screen factory 'TaskListScreen_Agenda' in container (viewMode=agenda)
[2025-12-13 09:21:48.981] MenuRegistry: Registered 'Agenda View' in 'Tasks' menu (hotkey=A order=50)
[2025-12-13 09:21:48.995] ServiceContainer: Registered 'WeeklyTimeReportScreen' (singleton=False)
[2025-12-13 09:21:49.006] MenuRegistry: Registered screen factory 'WeeklyTimeReportScreen' in container (viewMode=)
[2025-12-13 09:21:49.020] MenuRegistry: Registered 'Weekly Report' in 'Time' menu (hotkey=W order=10)
[2025-12-13 09:21:49.031] ServiceContainer: Registered 'ThemeEditorScreen' (singleton=False)
[2025-12-13 09:21:49.042] MenuRegistry: Registered screen factory 'ThemeEditorScreen' in container (viewMode=)
[2025-12-13 09:21:49.053] MenuRegistry: Registered 'Theme Editor' in 'Options' menu (hotkey=T order=10)
[2025-12-13 09:21:49.066] ServiceContainer: Registered 'ProjectListScreen' (singleton=False)
[2025-12-13 09:21:49.077] MenuRegistry: Registered screen factory 'ProjectListScreen' in container (viewMode=)
[2025-12-13 09:21:49.088] MenuRegistry: Registered 'Project List' in 'Projects' menu (hotkey=L order=10)
[2025-12-13 09:21:49.100] ServiceContainer: Registered 'SettingsScreen' (singleton=False)
[2025-12-13 09:21:49.114] MenuRegistry: Registered screen factory 'SettingsScreen' in container (viewMode=)
[2025-12-13 09:21:49.128] MenuRegistry: Registered 'Settings' in 'Options' menu (hotkey=S order=20)
[2025-12-13 09:21:49.139] ServiceContainer: Registered 'TaskListScreen_Week' (singleton=False)
[2025-12-13 09:21:49.150] MenuRegistry: Registered screen factory 'TaskListScreen_Week' in container (viewMode=week)
[2025-12-13 09:21:49.162] MenuRegistry: Registered 'Week View' in 'Tasks' menu (hotkey=W order=20)
[2025-12-13 09:21:49.174] ServiceContainer: Registered 'TaskListScreen_Upcoming' (singleton=False)
[2025-12-13 09:21:49.184] MenuRegistry: Registered screen factory 'TaskListScreen_Upcoming' in container (viewMode=upcoming)
[2025-12-13 09:21:49.195] MenuRegistry: Registered 'Upcoming' in 'Tasks' menu (hotkey=U order=25)
[2025-12-13 09:21:49.206] ServiceContainer: Registered 'TaskListScreen_Today' (singleton=False)
[2025-12-13 09:21:49.217] MenuRegistry: Registered screen factory 'TaskListScreen_Today' in container (viewMode=today)
[2025-12-13 09:21:49.230] MenuRegistry: Registered 'Today' in 'Tasks' menu (hotkey=Y order=10)
[2025-12-13 09:21:49.245] ServiceContainer: Registered 'ExcelProfileManagerScreen' (singleton=False)
[2025-12-13 09:21:49.256] MenuRegistry: Registered screen factory 'ExcelProfileManagerScreen' in container (viewMode=)
[2025-12-13 09:21:49.268] MenuRegistry: Registered 'Excel Profiles' in 'Projects' menu (hotkey=M order=50)
[2025-12-13 09:21:49.281] [INFO] Menus loaded from C:\Users\jhnhe\OneDrive\Documents\GitHub\project-management-console\og_transport\HYBRID\module\Pmc.strict\consoleui\screens\MenuItems.psd1
[2025-12-13 09:21:49.292] [INFO] Launching screen: TaskList
[2025-12-13 09:21:49.306] [INFO] Resolving TaskListScreen from container...
[2025-12-13 09:21:49.317] ServiceContainer: Resolving 'TaskListScreen'...
[2025-12-13 09:21:49.329] [INFO] Resolving TaskListScreen...
[2025-12-13 09:21:49.339] ServiceContainer: Resolving 'TaskStore'...
[2025-12-13 09:21:49.352] [INFO] Resolving TaskStore...
[2025-12-13 09:21:49.389] [DEBUG] TaskStore.LoadData: Starting
[2025-12-13 09:21:49.403] [DEBUG] TaskStore.LoadData: Calling Get-PmcData
[2025-12-13 09:21:49.615] [DEBUG] TaskStore.LoadData: Get-PmcData returned - tasks=4 projects=2 timelogs=3
[2025-12-13 09:21:49.632] [DEBUG] TaskStore.LoadData: Loaded 4 tasks
[2025-12-13 09:21:49.646] [DEBUG] TaskStore.LoadData: Loaded 2 projects
[2025-12-13 09:21:49.662] [DEBUG] TaskStore.LoadData: First project name='p1' ID1='111'
[2025-12-13 09:21:49.678] ServiceContainer: Resolved 'TaskStore' successfully
[2025-12-13 09:21:50.023] MenuRegistry: Loaded manifest with 24 entries
[2025-12-13 09:21:50.034] MenuRegistry: Registered 'Help' in 'Help' menu (hotkey=H order=10)
[2025-12-13 09:21:50.046] MenuRegistry: Registered 'Import from Excel' in 'Projects' menu (hotkey=I order=40)
[2025-12-13 09:21:50.057] MenuRegistry: Registered 'Time Tracking' in 'Time' menu (hotkey=T order=5)
[2025-12-13 09:21:50.068] MenuRegistry: Registered 'Next Actions' in 'Tasks' menu (hotkey=N order=35)
[2025-12-13 09:21:50.079] MenuRegistry: Registered 'Time Report' in 'Time' menu (hotkey=R order=20)
[2025-12-13 09:21:50.091] MenuRegistry: Registered 'Notes' in 'Tools' menu (hotkey=N order=20)
[2025-12-13 09:21:50.102] MenuRegistry: Registered 'Checklists' in 'Tools' menu (hotkey=C order=25)
[2025-12-13 09:21:50.118] MenuRegistry: Registered 'Checklist Templates' in 'Tools' menu (hotkey=H order=30)
[2025-12-13 09:21:50.130] MenuRegistry: Registered 'Overdue' in 'Tasks' menu (hotkey=O order=30)
[2025-12-13 09:21:50.143] MenuRegistry: Registered 'Kanban Board' in 'Tasks' menu (hotkey=K order=55)
[2025-12-13 09:21:50.155] MenuRegistry: Registered 'Tomorrow' in 'Tasks' menu (hotkey=T order=15)
[2025-12-13 09:21:50.165] MenuRegistry: Registered 'No Due Date' in 'Tasks' menu (hotkey=D order=40)
[2025-12-13 09:21:50.176] MenuRegistry: Registered 'Command Library' in 'Tools' menu (hotkey=L order=10)
[2025-12-13 09:21:50.187] MenuRegistry: Registered 'Month View' in 'Tasks' menu (hotkey=M order=45)
[2025-12-13 09:21:50.198] MenuRegistry: Registered 'Task List' in 'Tasks' menu (hotkey=L order=5)
[2025-12-13 09:21:50.208] MenuRegistry: Registered 'Agenda View' in 'Tasks' menu (hotkey=A order=50)
[2025-12-13 09:21:50.219] MenuRegistry: Registered 'Weekly Report' in 'Time' menu (hotkey=W order=10)
[2025-12-13 09:21:50.229] MenuRegistry: Registered 'Theme Editor' in 'Options' menu (hotkey=T order=10)
[2025-12-13 09:21:50.245] MenuRegistry: Registered 'Project List' in 'Projects' menu (hotkey=L order=10)
[2025-12-13 09:21:50.256] MenuRegistry: Registered 'Settings' in 'Options' menu (hotkey=S order=20)
[2025-12-13 09:21:50.269] MenuRegistry: Registered 'Week View' in 'Tasks' menu (hotkey=W order=20)
[2025-12-13 09:21:50.284] MenuRegistry: Registered 'Upcoming' in 'Tasks' menu (hotkey=U order=25)
[2025-12-13 09:21:50.296] MenuRegistry: Registered 'Today' in 'Tasks' menu (hotkey=Y order=10)
[2025-12-13 09:21:50.306] MenuRegistry: Registered 'Excel Profiles' in 'Projects' menu (hotkey=M order=50)
[2025-12-13 09:21:50.330] _PopulateMenusFromRegistry: Menu 'Tools' has 4 items from registry (array)
[2025-12-13 09:21:50.351] _PopulateMenusFromRegistry: Menu 'Help' has 1 items from registry (array)
[2025-12-13 09:21:50.370] _PopulateMenusFromRegistry: Menu 'Options' has 2 items from registry (array)
[2025-12-13 09:21:50.384] _PopulateMenusFromRegistry: Menu 'Projects' has 3 items from registry (array)
[2025-12-13 09:21:50.396] _PopulateMenusFromRegistry: Menu 'Time' has 3 items from registry (array)
[2025-12-13 09:21:50.411] _PopulateMenusFromRegistry: Menu 'Tasks' has 11 items from registry (array)
[2025-12-13 09:21:50.423] ServiceContainer: Resolved 'TaskListScreen' successfully
[2025-12-13 09:21:50.434] [INFO] Pushing screen to app...
[2025-12-13 09:21:50.810] [DEBUG] LoadData: Got 4 tasks from Store
[2025-12-13 09:21:50.886] [DEBUG] TaskListScreen.LoadData: Setting 4 tasks
[2025-12-13 09:21:50.902] [INFO] UniversalList.SetData: START, data param type=System.Object[]
[2025-12-13 09:21:50.913] [INFO] UniversalList.SetData: About to assign _data
[2025-12-13 09:21:50.925] [INFO] UniversalList.SetData: _data assigned successfully
[2025-12-13 09:21:50.936] [INFO] UniversalList.SetData: About to check _data type
[2025-12-13 09:21:50.948] [INFO] UniversalList.SetData: _data type=System.Object[]
[2025-12-13 09:21:50.966] [INFO] UniversalList.SetData: About to access _data.Count
[2025-12-13 09:21:50.977] [INFO] UniversalList.SetData: _data.Count=4
[2025-12-13 09:21:50.991] [INFO] UniversalList.SetData: _filteredData assigned
[2025-12-13 09:21:51.004] [INFO] UniversalList.SetData: About to clear _selectedIndices
[2025-12-13 09:21:51.016] [INFO] UniversalList.SetData: _selectedIndices cleared
[2025-12-13 09:21:51.027] [INFO] UniversalList.SetData: Received 4 items
[2025-12-13 09:21:51.039] [INFO] UniversalList.SetData: First item type=Hashtable isHashtable=True
[2025-12-13 09:21:51.050] [INFO] UniversalList.SetData: First item keys: id, project, status, created, text, due, priority, tags, completed, details, modified
[2025-12-13 09:21:51.061] [INFO] UniversalList.SetData: Incrementing cache generation
[2025-12-13 09:21:51.073] [INFO] UniversalList.SetData: Clearing row cache
[2025-12-13 09:21:51.084] [INFO] UniversalList.SetData: Clearing cache access order
[2025-12-13 09:21:51.097] [INFO] UniversalList.SetData: Applying filters
[2025-12-13 09:21:51.131] [INFO] UniversalList.SetData: Applying search
[2025-12-13 09:21:51.143] [INFO] UniversalList.SetData: Invoking OnDataChanged callback
[2025-12-13 09:21:51.160] [INFO] UniversalList.SetData: COMPLETE
[2025-12-13 09:21:51.280] [INFO] Screen pushed successfully
[2025-12-13 09:21:51.292] [INFO] Starting event loop...
[2025-12-13 09:21:51.554] [ERROR] Widget render error: RenderContent render failed: Cannot find an overload for "DrawBox" and the argument count: "6".
[2025-12-13 09:21:51.566] [ERROR] Stack: at RenderToEngine, C:\Users\jhnhe\OneDrive\Documents\GitHub\project-management-console\og_transport\HYBRID\module\Pmc.strict\consoleui\widgets\UniversalList.ps1: line 924
at RenderContentToEngine, C:\Users\jhnhe\OneDrive\Documents\GitHub\project-management-console\og_transport\HYBRID\module\Pmc.strict\consoleui\base\StandardListScreen.ps1: line 1158
at RenderToEngine, C:\Users\jhnhe\OneDrive\Documents\GitHub\project-management-console\og_transport\HYBRID\module\Pmc.strict\consoleui\PmcScreen.ps1: line 579
at RenderToEngine, C:\Users\jhnhe\OneDrive\Documents\GitHub\project-management-console\og_transport\HYBRID\module\Pmc.strict\consoleui\base\StandardListScreen.ps1: line 219
at _RenderCurrentScreen, C:\Users\jhnhe\OneDrive\Documents\GitHub\project-management-console\og_transport\HYBRID\module\Pmc.strict\consoleui\PmcApplication.ps1: line 255
at Run, C:\Users\jhnhe\OneDrive\Documents\GitHub\project-management-console\og_transport\HYBRID\module\Pmc.strict\consoleui\PmcApplication.ps1: line 562
at Start-PmcTUI, C:\Users\jhnhe\OneDrive\Documents\GitHub\project-management-console\og_transport\HYBRID\module\Pmc.strict\consoleui\Start-PmcTUI.ps1: line 538
at <ScriptBlock>, C:\Users\jhnhe\OneDrive\Documents\GitHub\project-management-console\og_transport\HYBRID\module\Pmc.strict\consoleui\Start-PmcTUI.ps1: line 565
[2025-12-13 09:21:51.577] [ERROR] TargetObject: 
[2025-12-13 09:21:51.595] [ERROR] InvocationInfo:         $engine.DrawBox($this.X, $this.Y, $this.Width, $this.Height, $primaryColor, $borderColor)

[2025-12-13 09:21:51.743] [ERROR] Render error: Cannot find an overload for "DrawBox" and the argument count: "6".
[2025-12-13 09:21:51.760] [ERROR] Location: C:\Users\jhnhe\OneDrive\Documents\GitHub\project-management-console\og_transport\HYBRID\module\Pmc.strict\consoleui\widgets\UniversalList.ps1:924
[2025-12-13 09:21:51.778] [ERROR] Line:         $engine.DrawBox($this.X, $this.Y, $this.Width, $this.Height, $primaryColor, $borderColor)

[2025-12-13 09:21:51.796] [ERROR] Stack: at RenderToEngine, C:\Users\jhnhe\OneDrive\Documents\GitHub\project-management-console\og_transport\HYBRID\module\Pmc.strict\consoleui\widgets\UniversalList.ps1: line 924
at RenderToEngine, C:\Users\jhnhe\OneDrive\Documents\GitHub\project-management-console\og_transport\HYBRID\module\Pmc.strict\consoleui\base\StandardListScreen.ps1: line 224
at _RenderCurrentScreen, C:\Users\jhnhe\OneDrive\Documents\GitHub\project-management-console\og_transport\HYBRID\module\Pmc.strict\consoleui\PmcApplication.ps1: line 255
at Run, C:\Users\jhnhe\OneDrive\Documents\GitHub\project-management-console\og_transport\HYBRID\module\Pmc.strict\consoleui\PmcApplication.ps1: line 562
at Start-PmcTUI, C:\Users\jhnhe\OneDrive\Documents\GitHub\project-management-console\og_transport\HYBRID\module\Pmc.strict\consoleui\Start-PmcTUI.ps1: line 538
at <ScriptBlock>, C:\Users\jhnhe\OneDrive\Documents\GitHub\project-management-console\og_transport\HYBRID\module\Pmc.strict\consoleui\Start-PmcTUI.ps1: line 565
