[2025-12-10 16:22:53.619] [INFO] Loading PMC module...
[2025-12-10 16:22:57.432] [INFO] PMC module loaded
[2025-12-10 16:22:57.434] [INFO] Loading dependencies (FieldSchemas, etc.)...
[2025-12-10 16:22:57.758] [INFO] Dependencies loaded
[2025-12-10 16:22:57.767] [INFO] Loading SpeedTUI framework...
[2025-12-10 16:22:58.699] [INFO] SpeedTUI framework loaded
[2025-12-10 16:22:58.700] [INFO] Loading PraxisVT...
[2025-12-10 16:22:58.718] [INFO] PraxisVT loaded
[2025-12-10 16:22:58.729] [INFO] Loading core dependencies...
[2025-12-10 16:22:58.980] [INFO] Core dependencies loaded
[2025-12-10 16:22:58.991] [INFO] Loading widget base classes...
[2025-12-10 16:22:59.154] [INFO] Widget base classes loaded
[2025-12-10 16:22:59.164] [INFO] Loading services...
[2025-12-10 16:22:59.737] [INFO] Services loaded
[2025-12-10 16:22:59.749] [INFO] Loading helpers...
[2025-12-10 16:23:00.578] [INFO] Helpers loaded
[2025-12-10 16:23:00.579] [INFO] Loading widgets...
[2025-12-10 16:23:02.187] [INFO] Widgets loaded
[2025-12-10 16:23:02.188] [INFO] Loading screen base class...
[2025-12-10 16:23:02.276] [INFO] Screen base class loaded
[2025-12-10 16:23:02.288] [INFO] Loading HelpViewScreen (needed by base classes)...
[2025-12-10 16:23:02.368] [INFO] HelpViewScreen loaded
[2025-12-10 16:23:02.380] [INFO] Loading base classes...
[2025-12-10 16:23:02.756] [INFO] Base classes loaded
[2025-12-10 16:23:02.792] [INFO] Loading remaining screens...
[2025-12-10 16:23:02.876] [ERROR] Failed to load screens: At C:\Users\jhnhe\OneDrive\Documents\GitHub\project-management-console\og_transport\working\module\Pmc.Strict\consoleui\screens\TaskListScreen.ps1:238 char:41
+                 $global:PmcContainer = [ServiceContainer]::new()
+                                         ~~~~~~~~~~~~~~~~
Unable to find type [ServiceContainer].
