[2025-12-13 15:25:46.845] [INFO] Loading PMC module...
[2025-12-13 15:25:48.561] [INFO] PMC module loaded
[2025-12-13 15:25:48.564] [INFO] Loading dependencies (FieldSchemas, etc.)...
[2025-12-13 15:25:48.747] [INFO] Dependencies loaded
[2025-12-13 15:25:48.763] [INFO] Loading SpeedTUI framework...
[2025-12-13 15:25:49.239] [INFO] SpeedTUI framework loaded
[2025-12-13 15:25:49.256] [INFO] Loading PraxisVT...
[2025-12-13 15:25:49.279] [INFO] PraxisVT loaded
[2025-12-13 15:25:49.295] [INFO] Loading core dependencies...
[2025-12-13 15:25:49.387] [INFO] Core dependencies loaded
[2025-12-13 15:25:49.404] [INFO] Loading widget base classes...
[2025-12-13 15:25:49.620] [INFO] Widget base classes loaded
[2025-12-13 15:25:49.638] [INFO] Loading services...
[2025-12-13 15:25:49.958] [INFO] Services loaded
[2025-12-13 15:25:49.977] [INFO] Loading helpers...
[2025-12-13 15:25:50.911] [INFO] Helpers loaded
[2025-12-13 15:25:50.929] [INFO] Loading widgets...
[2025-12-13 15:25:51.902] [INFO] Widgets loaded
[2025-12-13 15:25:51.920] [INFO] Loading screen base class...
[2025-12-13 15:25:51.972] [INFO] Screen base class loaded
[2025-12-13 15:25:51.987] [INFO] Loading HelpViewScreen (needed by base classes)...
[2025-12-13 15:25:52.063] [INFO] HelpViewScreen loaded
[2025-12-13 15:25:52.080] [INFO] Loading base classes...
[2025-12-13 15:25:52.344] [INFO] Base classes loaded
[2025-12-13 15:25:52.360] [INFO] Loading ServiceContainer (needed by screens)...
[2025-12-13 15:25:52.416] [INFO] ServiceContainer loaded
[2025-12-13 15:25:52.430] [INFO] Loading remaining screens...
[2025-12-13 15:25:52.647] [INFO] Remaining screens loaded
[2025-12-13 15:25:52.665] [INFO] Loading PmcApplication...
[2025-12-13 15:25:52.704] [INFO] PmcApplication loaded
[2025-12-13 15:25:52.719] [INFO] All components loaded successfully
[2025-12-13 15:25:52.748] [INFO] Starting PMC TUI with screen: TaskList
[2025-12-13 15:25:52.774] [INFO] Cleared stale PmcSharedMenuBar and MenuRegistry singleton
[2025-12-13 15:25:52.792] [INFO] Creating ServiceContainer...
[2025-12-13 15:25:52.823] [INFO] ServiceContainer created
[2025-12-13 15:25:52.845] [INFO] Registering Theme service...
[2025-12-13 15:25:52.889] ServiceContainer: Registered 'Theme' (singleton=True)
[2025-12-13 15:25:52.908] [INFO] Registering ThemeManager...
[2025-12-13 15:25:52.926] ServiceContainer: Registered 'ThemeManager' (singleton=True)
[2025-12-13 15:25:52.946] [INFO] Registering Config service...
[2025-12-13 15:25:52.966] ServiceContainer: Registered 'Config' (singleton=True)
[2025-12-13 15:25:52.992] [INFO] Registering TaskStore service...
[2025-12-13 15:25:53.012] ServiceContainer: Registered 'TaskStore' (singleton=True)
[2025-12-13 15:25:53.032] [INFO] Registering MenuRegistry service...
[2025-12-13 15:25:53.052] ServiceContainer: Registered 'MenuRegistry' (singleton=True)
[2025-12-13 15:25:53.068] [INFO] Registering Application service...
[2025-12-13 15:25:53.083] ServiceContainer: Registered 'Application' (singleton=True)
[2025-12-13 15:25:53.103] [INFO] Registering CommandService...
[2025-12-13 15:25:53.131] ServiceContainer: Registered 'CommandService' (singleton=True)
[2025-12-13 15:25:53.148] [INFO] Registering ChecklistService...
[2025-12-13 15:25:53.164] ServiceContainer: Registered 'ChecklistService' (singleton=True)
[2025-12-13 15:25:53.193] [INFO] Registering NoteService...
[2025-12-13 15:25:53.211] ServiceContainer: Registered 'NoteService' (singleton=True)
[2025-12-13 15:25:53.224] [INFO] Registering ExcelMappingService...
[2025-12-13 15:25:53.239] ServiceContainer: Registered 'ExcelMappingService' (singleton=True)
[2025-12-13 15:25:53.257] [INFO] Registering PreferencesService...
[2025-12-13 15:25:53.273] ServiceContainer: Registered 'PreferencesService' (singleton=True)
[2025-12-13 15:25:53.302] [INFO] Registering screen factories...
[2025-12-13 15:25:53.325] ServiceContainer: Registered 'TaskListScreen' (singleton=False)
[2025-12-13 15:25:53.375] [INFO] Resolving Application from container...
[2025-12-13 15:25:53.417] ServiceContainer: Resolving 'Application'...
[2025-12-13 15:25:53.466] [INFO] Resolving Application...
[2025-12-13 15:25:53.483] ServiceContainer: Resolving 'Theme'...
[2025-12-13 15:25:53.549] [INFO] Resolving Theme: Calling Initialize-PmcThemeSystem...
[2025-12-13 15:25:53.577] [INFO] Theme resolved: #33aaff
[2025-12-13 15:25:53.596] [INFO] Loading PmcThemeEngine...
[2025-12-13 15:25:53.738] [DEBUG] Palette [Label] -> #5C8F6D (R=92 G=143 B=109)
[2025-12-13 15:25:53.753] [DEBUG] Palette [Warning] -> #7FCA14 (R=127 G=202 B=20)
[2025-12-13 15:25:53.771] [DEBUG] Palette [Cursor] -> #228844 (R=34 G=136 B=68)
[2025-12-13 15:25:53.794] [DEBUG] Palette [Header] -> #228844 (R=34 G=136 B=68)
[2025-12-13 15:25:53.816] [DEBUG] Palette [Bright] -> #2CB158 (R=44 G=177 B=88)
[2025-12-13 15:25:53.834] [DEBUG] Palette [Primary] -> #228844 (R=34 G=136 B=68)
[2025-12-13 15:25:53.853] [DEBUG] Palette [Text] -> #C2EACF (R=194 G=234 B=207)
[2025-12-13 15:25:53.874] [DEBUG] Palette [Muted] -> #5C8F6D (R=92 G=143 B=109)
[2025-12-13 15:25:53.908] [DEBUG] Palette [Error] -> #BE2914 (R=190 G=41 B=20)
[2025-12-13 15:25:53.935] [DEBUG] Palette [Highlight] -> #228844 (R=34 G=136 B=68)
[2025-12-13 15:25:53.953] [DEBUG] Palette [Status] -> #5C8F6D (R=92 G=143 B=109)
[2025-12-13 15:25:53.983] [DEBUG] Palette [Footer] -> #185F30 (R=24 G=95 B=48)
[2025-12-13 15:25:54.039] [DEBUG] Palette [Success] -> #2CB158 (R=44 G=177 B=88)
[2025-12-13 15:25:54.076] [DEBUG] Palette [Border] -> #185F30 (R=24 G=95 B=48)
[2025-12-13 15:25:54.116] [INFO] LoadFromConfig: Loaded Properties with 16 items
[2025-12-13 15:25:54.155] [INFO] PmcThemeEngine initialized with PMC palette (14 colors)
[2025-12-13 15:25:54.177] ServiceContainer: Resolved 'Theme' successfully
[2025-12-13 15:25:54.312] ServiceContainer: Resolving 'ThemeManager'...
[2025-12-13 15:25:54.356] [INFO] Resolving ThemeManager...
[2025-12-13 15:25:54.498] [INFO] Cleanup - showing cursor and resetting terminal
