[2025-12-13 15:56:01.806] [INFO] Loading PMC module...
[2025-12-13 15:56:03.670] [INFO] PMC module loaded
[2025-12-13 15:56:03.672] [INFO] Loading dependencies (FieldSchemas, etc.)...
[2025-12-13 15:56:03.838] [INFO] Dependencies loaded
[2025-12-13 15:56:03.853] [INFO] Loading SpeedTUI framework...
[2025-12-13 15:56:04.434] [INFO] SpeedTUI framework loaded
[2025-12-13 15:56:04.436] [INFO] Loading PraxisVT...
[2025-12-13 15:56:04.461] [INFO] PraxisVT loaded
[2025-12-13 15:56:04.473] [INFO] Loading core dependencies...
[2025-12-13 15:56:04.575] [INFO] Core dependencies loaded
[2025-12-13 15:56:04.588] [INFO] Loading widget base classes...
[2025-12-13 15:56:04.669] [INFO] Widget base classes loaded
[2025-12-13 15:56:04.685] [INFO] Loading services...
[2025-12-13 15:56:04.910] [INFO] Services loaded
[2025-12-13 15:56:04.926] [INFO] Loading helpers...
[2025-12-13 15:56:05.701] [INFO] Helpers loaded
[2025-12-13 15:56:05.713] [INFO] Loading widgets...
[2025-12-13 15:56:06.303] [INFO] Widgets loaded
[2025-12-13 15:56:06.324] [INFO] Loading screen base class...
[2025-12-13 15:56:06.444] [INFO] Screen base class loaded
[2025-12-13 15:56:06.474] [INFO] Loading HelpViewScreen (needed by base classes)...
[2025-12-13 15:56:06.555] [INFO] HelpViewScreen loaded
[2025-12-13 15:56:06.571] [INFO] Loading base classes...
[2025-12-13 15:56:06.745] [INFO] Base classes loaded
[2025-12-13 15:56:06.762] [INFO] Loading ServiceContainer (needed by screens)...
[2025-12-13 15:56:06.812] [INFO] ServiceContainer loaded
[2025-12-13 15:56:06.832] [INFO] Loading remaining screens...
[2025-12-13 15:56:07.132] [INFO] Remaining screens loaded
[2025-12-13 15:56:07.151] [INFO] Loading PmcApplication...
[2025-12-13 15:56:07.242] [INFO] PmcApplication loaded
[2025-12-13 15:56:07.265] [INFO] All components loaded successfully
[2025-12-13 15:56:07.327] [INFO] Starting PMC TUI with screen: TaskList
[2025-12-13 15:56:07.356] [INFO] Cleared stale PmcSharedMenuBar and MenuRegistry singleton
[2025-12-13 15:56:07.372] [INFO] Creating ServiceContainer...
[2025-12-13 15:56:07.390] [INFO] ServiceContainer created
[2025-12-13 15:56:07.401] [INFO] Registering Theme service...
[2025-12-13 15:56:07.424] ServiceContainer: Registered 'Theme' (singleton=True)
[2025-12-13 15:56:07.446] [INFO] Registering ThemeManager...
[2025-12-13 15:56:07.461] ServiceContainer: Registered 'ThemeManager' (singleton=True)
[2025-12-13 15:56:07.481] [INFO] Registering Config service...
[2025-12-13 15:56:07.498] ServiceContainer: Registered 'Config' (singleton=True)
[2025-12-13 15:56:07.515] [INFO] Registering TaskStore service...
[2025-12-13 15:56:07.538] ServiceContainer: Registered 'TaskStore' (singleton=True)
[2025-12-13 15:56:07.572] [INFO] Registering MenuRegistry service...
[2025-12-13 15:56:07.597] ServiceContainer: Registered 'MenuRegistry' (singleton=True)
[2025-12-13 15:56:07.628] [INFO] Registering Application service...
[2025-12-13 15:56:07.659] ServiceContainer: Registered 'Application' (singleton=True)
[2025-12-13 15:56:07.694] [INFO] Registering CommandService...
[2025-12-13 15:56:07.747] ServiceContainer: Registered 'CommandService' (singleton=True)
[2025-12-13 15:56:07.771] [INFO] Registering ChecklistService...
[2025-12-13 15:56:07.787] ServiceContainer: Registered 'ChecklistService' (singleton=True)
[2025-12-13 15:56:07.807] [INFO] Registering NoteService...
[2025-12-13 15:56:07.830] ServiceContainer: Registered 'NoteService' (singleton=True)
[2025-12-13 15:56:07.849] [INFO] Registering ExcelMappingService...
[2025-12-13 15:56:07.869] ServiceContainer: Registered 'ExcelMappingService' (singleton=True)
[2025-12-13 15:56:07.893] [INFO] Registering PreferencesService...
[2025-12-13 15:56:07.918] ServiceContainer: Registered 'PreferencesService' (singleton=True)
[2025-12-13 15:56:07.944] [INFO] Registering screen factories...
[2025-12-13 15:56:07.969] ServiceContainer: Registered 'TaskListScreen' (singleton=False)
[2025-12-13 15:56:07.986] [INFO] Resolving Application from container...
[2025-12-13 15:56:08.032] ServiceContainer: Resolving 'Application'...
[2025-12-13 15:56:08.057] [INFO] Resolving Application...
[2025-12-13 15:56:08.081] ServiceContainer: Resolving 'Theme'...
[2025-12-13 15:56:08.109] [INFO] Resolving Theme: Calling Initialize-PmcThemeSystem...
[2025-12-13 15:56:08.146] [INFO] Theme resolved: #33aaff
[2025-12-13 15:56:08.174] [INFO] Loading PmcThemeEngine...
[2025-12-13 15:56:08.509] [DEBUG] Palette [Error] -> #BE2914 (R=190 G=41 B=20)
[2025-12-13 15:56:08.538] [DEBUG] Palette [Cursor] -> #228844 (R=34 G=136 B=68)
[2025-12-13 15:56:08.579] [DEBUG] Palette [Bright] -> #2CB158 (R=44 G=177 B=88)
[2025-12-13 15:56:08.602] [DEBUG] Palette [Warning] -> #7FCA14 (R=127 G=202 B=20)
[2025-12-13 15:56:08.630] [DEBUG] Palette [Text] -> #C2EACF (R=194 G=234 B=207)
[2025-12-13 15:56:08.651] [DEBUG] Palette [Primary] -> #228844 (R=34 G=136 B=68)
[2025-12-13 15:56:08.682] [DEBUG] Palette [Border] -> #185F30 (R=24 G=95 B=48)
[2025-12-13 15:56:08.717] [DEBUG] Palette [Status] -> #5C8F6D (R=92 G=143 B=109)
[2025-12-13 15:56:08.779] [DEBUG] Palette [Header] -> #228844 (R=34 G=136 B=68)
[2025-12-13 15:56:08.808] [DEBUG] Palette [Success] -> #2CB158 (R=44 G=177 B=88)
[2025-12-13 15:56:08.854] [DEBUG] Palette [Highlight] -> #228844 (R=34 G=136 B=68)
[2025-12-13 15:56:08.894] [DEBUG] Palette [Footer] -> #185F30 (R=24 G=95 B=48)
[2025-12-13 15:56:08.918] [DEBUG] Palette [Label] -> #5C8F6D (R=92 G=143 B=109)
[2025-12-13 15:56:08.954] [DEBUG] Palette [Muted] -> #5C8F6D (R=92 G=143 B=109)
[2025-12-13 15:56:08.990] [INFO] LoadFromConfig: Loaded Properties with 16 items
[2025-12-13 15:56:09.024] [INFO] PmcThemeEngine initialized with PMC palette (14 colors)
[2025-12-13 15:56:09.045] ServiceContainer: Resolved 'Theme' successfully
[2025-12-13 15:56:09.254] ServiceContainer: Resolving 'ThemeManager'...
[2025-12-13 15:56:09.303] [INFO] Resolving ThemeManager...
[2025-12-13 15:56:09.566] ServiceContainer: Resolved 'ThemeManager' successfully
[2025-12-13 15:56:09.722] ServiceContainer: Resolved 'Application' successfully
[2025-12-13 15:56:09.778] [INFO] Application resolved and assigned to $global:PmcApp
[2025-12-13 15:56:09.843] [INFO] Loading menus from manifest...
[2025-12-13 15:56:09.866] ServiceContainer: Resolving 'MenuRegistry'...
[2025-12-13 15:56:09.891] [INFO] Resolving MenuRegistry...
[2025-12-13 15:56:09.920] ServiceContainer: Resolved 'MenuRegistry' successfully
[2025-12-13 15:56:09.965] MenuRegistry: Loaded manifest with 24 entries
[2025-12-13 15:56:10.014] ServiceContainer: Registered 'KanbanScreenV2' (singleton=False)
[2025-12-13 15:56:10.041] MenuRegistry: Registered screen factory 'KanbanScreenV2' in container (viewMode=)
[2025-12-13 15:56:10.075] MenuRegistry: Registered 'Kanban Board' in 'Tasks' menu (hotkey=K order=55)
[2025-12-13 15:56:10.093] ServiceContainer: Registered 'TaskListScreen_Default' (singleton=False)
[2025-12-13 15:56:10.111] MenuRegistry: Registered screen factory 'TaskListScreen_Default' in container (viewMode=)
[2025-12-13 15:56:10.133] MenuRegistry: Registered 'Task List' in 'Tasks' menu (hotkey=L order=5)
[2025-12-13 15:56:10.157] ServiceContainer: Registered 'ExcelProfileManagerScreen' (singleton=False)
[2025-12-13 15:56:10.178] MenuRegistry: Registered screen factory 'ExcelProfileManagerScreen' in container (viewMode=)
[2025-12-13 15:56:10.224] MenuRegistry: Registered 'Excel Profiles' in 'Projects' menu (hotkey=M order=50)
[2025-12-13 15:56:10.270] ServiceContainer: Registered 'SettingsScreen' (singleton=False)
[2025-12-13 15:56:10.290] MenuRegistry: Registered screen factory 'SettingsScreen' in container (viewMode=)
[2025-12-13 15:56:10.313] MenuRegistry: Registered 'Settings' in 'Options' menu (hotkey=S order=20)
[2025-12-13 15:56:10.345] ServiceContainer: Registered 'TimeListScreen' (singleton=False)
[2025-12-13 15:56:10.380] MenuRegistry: Registered screen factory 'TimeListScreen' in container (viewMode=)
[2025-12-13 15:56:10.407] MenuRegistry: Registered 'Time Tracking' in 'Time' menu (hotkey=T order=5)
[2025-12-13 15:56:10.425] ServiceContainer: Registered 'ExcelImportScreen' (singleton=False)
[2025-12-13 15:56:10.440] MenuRegistry: Registered screen factory 'ExcelImportScreen' in container (viewMode=)
[2025-12-13 15:56:10.453] MenuRegistry: Registered 'Import from Excel' in 'Projects' menu (hotkey=I order=40)
[2025-12-13 15:56:10.466] ServiceContainer: Registered 'TaskListScreen_Tomorrow' (singleton=False)
[2025-12-13 15:56:10.489] MenuRegistry: Registered screen factory 'TaskListScreen_Tomorrow' in container (viewMode=tomorrow)
[2025-12-13 15:56:10.511] MenuRegistry: Registered 'Tomorrow' in 'Tasks' menu (hotkey=T order=15)
[2025-12-13 15:56:10.537] ServiceContainer: Registered 'CommandLibraryScreen' (singleton=False)
[2025-12-13 15:56:10.555] MenuRegistry: Registered screen factory 'CommandLibraryScreen' in container (viewMode=)
[2025-12-13 15:56:10.584] MenuRegistry: Registered 'Command Library' in 'Tools' menu (hotkey=L order=10)
[2025-12-13 15:56:10.606] ServiceContainer: Registered 'NotesMenuScreen' (singleton=False)
[2025-12-13 15:56:10.625] MenuRegistry: Registered screen factory 'NotesMenuScreen' in container (viewMode=)
[2025-12-13 15:56:10.647] MenuRegistry: Registered 'Notes' in 'Tools' menu (hotkey=N order=20)
[2025-12-13 15:56:10.668] ServiceContainer: Registered 'HelpViewScreen' (singleton=False)
[2025-12-13 15:56:10.691] MenuRegistry: Registered screen factory 'HelpViewScreen' in container (viewMode=)
[2025-12-13 15:56:10.714] MenuRegistry: Registered 'Help' in 'Help' menu (hotkey=H order=10)
[2025-12-13 15:56:10.738] ServiceContainer: Registered 'TaskListScreen_Upcoming' (singleton=False)
[2025-12-13 15:56:10.759] MenuRegistry: Registered screen factory 'TaskListScreen_Upcoming' in container (viewMode=upcoming)
[2025-12-13 15:56:10.780] MenuRegistry: Registered 'Upcoming' in 'Tasks' menu (hotkey=U order=25)
[2025-12-13 15:56:10.809] ServiceContainer: Registered 'TaskListScreen_Overdue' (singleton=False)
[2025-12-13 15:56:10.830] MenuRegistry: Registered screen factory 'TaskListScreen_Overdue' in container (viewMode=overdue)
[2025-12-13 15:56:10.849] MenuRegistry: Registered 'Overdue' in 'Tasks' menu (hotkey=O order=30)
[2025-12-13 15:56:10.871] ServiceContainer: Registered 'ThemeEditorScreen' (singleton=False)
[2025-12-13 15:56:10.891] MenuRegistry: Registered screen factory 'ThemeEditorScreen' in container (viewMode=)
[2025-12-13 15:56:10.915] MenuRegistry: Registered 'Theme Editor' in 'Options' menu (hotkey=T order=10)
[2025-12-13 15:56:10.945] ServiceContainer: Registered 'TaskListScreen_Today' (singleton=False)
[2025-12-13 15:56:10.971] MenuRegistry: Registered screen factory 'TaskListScreen_Today' in container (viewMode=today)
[2025-12-13 15:56:10.990] MenuRegistry: Registered 'Today' in 'Tasks' menu (hotkey=Y order=10)
[2025-12-13 15:56:11.015] ServiceContainer: Registered 'TimeReportScreen' (singleton=False)
[2025-12-13 15:56:11.036] MenuRegistry: Registered screen factory 'TimeReportScreen' in container (viewMode=)
[2025-12-13 15:56:11.057] MenuRegistry: Registered 'Time Report' in 'Time' menu (hotkey=R order=20)
[2025-12-13 15:56:11.078] ServiceContainer: Registered 'ChecklistTemplatesFolderScreen' (singleton=False)
[2025-12-13 15:56:11.111] MenuRegistry: Registered screen factory 'ChecklistTemplatesFolderScreen' in container (viewMode=)
[2025-12-13 15:56:11.137] MenuRegistry: Registered 'Checklist Templates' in 'Tools' menu (hotkey=H order=30)
[2025-12-13 15:56:11.157] ServiceContainer: Registered 'TaskListScreen_NoDate' (singleton=False)
[2025-12-13 15:56:11.179] MenuRegistry: Registered screen factory 'TaskListScreen_NoDate' in container (viewMode=noduedate)
[2025-12-13 15:56:11.199] MenuRegistry: Registered 'No Due Date' in 'Tasks' menu (hotkey=D order=40)
[2025-12-13 15:56:11.218] ServiceContainer: Registered 'TaskListScreen_Month' (singleton=False)
[2025-12-13 15:56:11.234] MenuRegistry: Registered screen factory 'TaskListScreen_Month' in container (viewMode=month)
[2025-12-13 15:56:11.253] MenuRegistry: Registered 'Month View' in 'Tasks' menu (hotkey=M order=45)
[2025-12-13 15:56:11.271] ServiceContainer: Registered 'TaskListScreen_NextActions' (singleton=False)
[2025-12-13 15:56:11.287] MenuRegistry: Registered screen factory 'TaskListScreen_NextActions' in container (viewMode=nextactions)
[2025-12-13 15:56:11.305] MenuRegistry: Registered 'Next Actions' in 'Tasks' menu (hotkey=N order=35)
[2025-12-13 15:56:11.324] ServiceContainer: Registered 'WeeklyTimeReportScreen' (singleton=False)
[2025-12-13 15:56:11.340] MenuRegistry: Registered screen factory 'WeeklyTimeReportScreen' in container (viewMode=)
[2025-12-13 15:56:11.358] MenuRegistry: Registered 'Weekly Report' in 'Time' menu (hotkey=W order=10)
[2025-12-13 15:56:11.376] ServiceContainer: Registered 'TaskListScreen_Agenda' (singleton=False)
[2025-12-13 15:56:11.397] MenuRegistry: Registered screen factory 'TaskListScreen_Agenda' in container (viewMode=agenda)
[2025-12-13 15:56:11.420] MenuRegistry: Registered 'Agenda View' in 'Tasks' menu (hotkey=A order=50)
[2025-12-13 15:56:11.441] ServiceContainer: Registered 'TaskListScreen_Week' (singleton=False)
[2025-12-13 15:56:11.457] MenuRegistry: Registered screen factory 'TaskListScreen_Week' in container (viewMode=week)
[2025-12-13 15:56:11.476] MenuRegistry: Registered 'Week View' in 'Tasks' menu (hotkey=W order=20)
[2025-12-13 15:56:11.493] ServiceContainer: Registered 'ChecklistsLauncherScreen' (singleton=False)
[2025-12-13 15:56:11.508] MenuRegistry: Registered screen factory 'ChecklistsLauncherScreen' in container (viewMode=)
[2025-12-13 15:56:11.525] MenuRegistry: Registered 'Checklists' in 'Tools' menu (hotkey=C order=25)
[2025-12-13 15:56:11.545] ServiceContainer: Registered 'ProjectListScreen' (singleton=False)
[2025-12-13 15:56:11.564] MenuRegistry: Registered screen factory 'ProjectListScreen' in container (viewMode=)
[2025-12-13 15:56:11.584] MenuRegistry: Registered 'Project List' in 'Projects' menu (hotkey=L order=10)
[2025-12-13 15:56:11.603] [INFO] Menus loaded from C:\Users\jhnhe\OneDrive\Documents\GitHub\project-management-console\og_transport\HYBRID\module\Pmc.Strict\consoleui\screens\MenuItems.psd1
[2025-12-13 15:56:11.624] [INFO] Launching screen: TaskList
[2025-12-13 15:56:11.644] [INFO] Resolving TaskListScreen from container...
[2025-12-13 15:56:11.664] ServiceContainer: Resolving 'TaskListScreen'...
[2025-12-13 15:56:11.691] [INFO] Resolving TaskListScreen...
[2025-12-13 15:56:11.712] ServiceContainer: Resolving 'TaskStore'...
[2025-12-13 15:56:11.735] [INFO] Resolving TaskStore...
[2025-12-13 15:56:11.807] [DEBUG] TaskStore.LoadData: Starting
[2025-12-13 15:56:11.827] [DEBUG] TaskStore.LoadData: Calling Get-PmcData
[2025-12-13 15:56:12.343] [DEBUG] TaskStore.LoadData: Get-PmcData returned - tasks=4 projects=2 timelogs=3
[2025-12-13 15:56:12.375] [DEBUG] TaskStore.LoadData: Loaded 4 tasks
[2025-12-13 15:56:12.398] [DEBUG] TaskStore.LoadData: Loaded 2 projects
[2025-12-13 15:56:12.425] [DEBUG] TaskStore.LoadData: First project name='p1' ID1='111'
[2025-12-13 15:56:12.452] ServiceContainer: Resolved 'TaskStore' successfully
[2025-12-13 15:56:14.167] [DEBUG] PmcScreen.AddContentWidget: Adding UniversalList (Total: 1)
[2025-12-13 15:56:14.176] [DEBUG] PmcScreen.AddContentWidget: Adding FilterPanel (Total: 2)
[2025-12-13 15:56:14.196] [DEBUG] PmcScreen.AddContentWidget: Adding InlineEditor (Total: 3)
[2025-12-13 15:56:14.253] [DEBUG] TaskListScreen: Constructor started
[2025-12-13 15:56:14.317] _PopulateMenusFromRegistry: Menu 'Projects' has 3 items from registry (array)
[2025-12-13 15:56:14.351] _PopulateMenusFromRegistry: Menu 'Time' has 3 items from registry (array)
[2025-12-13 15:56:14.373] _PopulateMenusFromRegistry: Menu 'Tasks' has 11 items from registry (array)
[2025-12-13 15:56:14.393] _PopulateMenusFromRegistry: Menu 'Options' has 2 items from registry (array)
[2025-12-13 15:56:14.412] _PopulateMenusFromRegistry: Menu 'Tools' has 4 items from registry (array)
[2025-12-13 15:56:14.432] _PopulateMenusFromRegistry: Menu 'Help' has 1 items from registry (array)
[2025-12-13 15:56:14.450] [DEBUG] TaskListScreen: Constructor completed
[2025-12-13 15:56:14.467] ServiceContainer: Resolved 'TaskListScreen' successfully
[2025-12-13 15:56:14.484] [INFO] Pushing screen to app...
[2025-12-13 15:56:14.909] [DEBUG] LoadData: Got 4 tasks from Store
[2025-12-13 15:56:15.056] [DEBUG] TaskListScreen.LoadData: Setting 4 tasks
[2025-12-13 15:56:15.082] [DEBUG] UniversalList.SetData: START
[2025-12-13 15:56:15.163] [DEBUG] UniversalList.SetData: COMPLETE (4 items)
[2025-12-13 15:56:16.093] [INFO] Screen pushed successfully
[2025-12-13 15:56:16.095] [INFO] Starting event loop...
[2025-12-13 15:56:18.008] [DEBUG] UniversalList.RenderToEngine: W=100 H=23 MaxRows=17 Items=4 RegionCount=0
[2025-12-13 15:56:19.701] [DEBUG] Row 0 Col 0: 't2' (Region: R0_title) FG=16777215 BG=2263108
[2025-12-13 15:56:19.736] [DEBUG] Row 0 Col 1: 'd2' (Region: R0_details) FG=16777215 BG=2263108
[2025-12-13 15:56:19.792] [DEBUG] Row 0 Col 2: 'Dec 16' (Region: R0_due) FG=16777215 BG=2263108
[2025-12-13 15:56:19.823] [DEBUG] Row 0 Col 3: '' (Region: R0_project) FG=16777215 BG=2263108
[2025-12-13 15:56:19.861] [DEBUG] Row 0 Col 4: '' (Region: R0_tags) FG=16777215 BG=2263108
[2025-12-13 15:56:19.908] [DEBUG] PmcScreen: Calling RenderToEngine on UniversalList
[2025-12-13 15:56:19.944] [DEBUG] UniversalList.RenderToEngine: W=100 H=23 MaxRows=17 Items=4 RegionCount=17
[2025-12-13 15:56:20.945] [DEBUG] Row 0 Col 0: 't2' (Region: R0_title) FG=16777215 BG=2263108
[2025-12-13 15:56:20.966] [DEBUG] Row 0 Col 1: 'd2' (Region: R0_details) FG=16777215 BG=2263108
[2025-12-13 15:56:20.986] [DEBUG] Row 0 Col 2: 'Dec 16' (Region: R0_due) FG=16777215 BG=2263108
[2025-12-13 15:56:21.007] [DEBUG] Row 0 Col 3: '' (Region: R0_project) FG=16777215 BG=2263108
[2025-12-13 15:56:21.027] [DEBUG] Row 0 Col 4: '' (Region: R0_tags) FG=16777215 BG=2263108
[2025-12-13 15:56:21.057] [DEBUG] PmcScreen: Calling RenderToEngine on FilterPanel
[2025-12-13 15:56:21.145] [DEBUG] PmcScreen: Calling RenderToEngine on InlineEditor
[2025-12-13 15:56:21.242] [DEBUG] UniversalList.RenderToEngine: W=100 H=23 MaxRows=17 Items=4 RegionCount=17
[2025-12-13 15:56:22.476] [DEBUG] Row 0 Col 0: 't2' (Region: R0_title) FG=16777215 BG=2263108
[2025-12-13 15:56:22.493] [DEBUG] Row 0 Col 1: 'd2' (Region: R0_details) FG=16777215 BG=2263108
[2025-12-13 15:56:22.505] [DEBUG] Row 0 Col 2: 'Dec 16' (Region: R0_due) FG=16777215 BG=2263108
[2025-12-13 15:56:22.521] [DEBUG] Row 0 Col 3: '' (Region: R0_project) FG=16777215 BG=2263108
[2025-12-13 15:56:22.538] [DEBUG] Row 0 Col 4: '' (Region: R0_tags) FG=16777215 BG=2263108
[2025-12-13 15:56:27.822] [INFO] Cleanup - showing cursor and resetting terminal
