[2025-12-13 09:22:26.363] [INFO] Loading PMC module...
[2025-12-13 09:22:27.454] [INFO] PMC module loaded
[2025-12-13 09:22:27.455] [INFO] Loading dependencies (FieldSchemas, etc.)...
[2025-12-13 09:22:27.552] [INFO] Dependencies loaded
[2025-12-13 09:22:27.561] [INFO] Loading SpeedTUI framework...
[2025-12-13 09:22:27.792] [INFO] SpeedTUI framework loaded
[2025-12-13 09:22:27.794] [INFO] Loading PraxisVT...
[2025-12-13 09:22:27.810] [INFO] PraxisVT loaded
[2025-12-13 09:22:27.820] [INFO] Loading core dependencies...
[2025-12-13 09:22:27.877] [INFO] Core dependencies loaded
[2025-12-13 09:22:27.887] [INFO] Loading widget base classes...
[2025-12-13 09:22:27.964] [INFO] Widget base classes loaded
[2025-12-13 09:22:27.974] [INFO] Loading services...
[2025-12-13 09:22:28.098] [INFO] Services loaded
[2025-12-13 09:22:28.107] [INFO] Loading helpers...
[2025-12-13 09:22:28.524] [INFO] Helpers loaded
[2025-12-13 09:22:28.538] [INFO] Loading widgets...
[2025-12-13 09:22:29.005] [INFO] Widgets loaded
[2025-12-13 09:22:29.027] [INFO] Loading screen base class...
[2025-12-13 09:22:29.067] [INFO] Screen base class loaded
[2025-12-13 09:22:29.082] [INFO] Loading HelpViewScreen (needed by base classes)...
[2025-12-13 09:22:29.118] [INFO] HelpViewScreen loaded
[2025-12-13 09:22:29.132] [INFO] Loading base classes...
[2025-12-13 09:22:29.220] [INFO] Base classes loaded
[2025-12-13 09:22:29.230] [INFO] Loading ServiceContainer (needed by screens)...
[2025-12-13 09:22:29.256] [INFO] ServiceContainer loaded
[2025-12-13 09:22:29.270] [INFO] Loading remaining screens...
[2025-12-13 09:22:29.386] [INFO] Remaining screens loaded
[2025-12-13 09:22:29.398] [INFO] Loading PmcApplication...
[2025-12-13 09:22:29.431] [INFO] PmcApplication loaded
[2025-12-13 09:22:29.444] [INFO] All components loaded successfully
[2025-12-13 09:22:29.466] [INFO] Starting PMC TUI with screen: TaskList
[2025-12-13 09:22:29.481] [INFO] Cleared stale PmcSharedMenuBar and MenuRegistry singleton
[2025-12-13 09:22:29.492] [INFO] Creating ServiceContainer...
[2025-12-13 09:22:29.514] [INFO] ServiceContainer created
[2025-12-13 09:22:29.524] [INFO] Registering Theme service...
[2025-12-13 09:22:29.545] ServiceContainer: Registered 'Theme' (singleton=True)
[2025-12-13 09:22:29.558] [INFO] Registering ThemeManager...
[2025-12-13 09:22:29.568] ServiceContainer: Registered 'ThemeManager' (singleton=True)
[2025-12-13 09:22:29.579] [INFO] Registering Config service...
[2025-12-13 09:22:29.589] ServiceContainer: Registered 'Config' (singleton=True)
[2025-12-13 09:22:29.600] [INFO] Registering TaskStore service...
[2025-12-13 09:22:29.636] ServiceContainer: Registered 'TaskStore' (singleton=True)
[2025-12-13 09:22:29.649] [INFO] Registering MenuRegistry service...
[2025-12-13 09:22:29.660] ServiceContainer: Registered 'MenuRegistry' (singleton=True)
[2025-12-13 09:22:29.671] [INFO] Registering Application service...
[2025-12-13 09:22:29.681] ServiceContainer: Registered 'Application' (singleton=True)
[2025-12-13 09:22:29.692] [INFO] Registering CommandService...
[2025-12-13 09:22:29.703] ServiceContainer: Registered 'CommandService' (singleton=True)
[2025-12-13 09:22:29.714] [INFO] Registering ChecklistService...
[2025-12-13 09:22:29.725] ServiceContainer: Registered 'ChecklistService' (singleton=True)
[2025-12-13 09:22:29.736] [INFO] Registering NoteService...
[2025-12-13 09:22:29.746] ServiceContainer: Registered 'NoteService' (singleton=True)
[2025-12-13 09:22:29.762] [INFO] Registering ExcelMappingService...
[2025-12-13 09:22:29.774] ServiceContainer: Registered 'ExcelMappingService' (singleton=True)
[2025-12-13 09:22:29.787] [INFO] Registering PreferencesService...
[2025-12-13 09:22:29.801] ServiceContainer: Registered 'PreferencesService' (singleton=True)
[2025-12-13 09:22:29.813] [INFO] Registering screen factories...
[2025-12-13 09:22:29.824] ServiceContainer: Registered 'TaskListScreen' (singleton=False)
[2025-12-13 09:22:29.836] [INFO] Resolving Application from container...
[2025-12-13 09:22:29.857] ServiceContainer: Resolving 'Application'...
[2025-12-13 09:22:29.870] [INFO] Resolving Application...
[2025-12-13 09:22:29.886] ServiceContainer: Resolving 'Theme'...
[2025-12-13 09:22:29.905] [INFO] Resolving Theme: Calling Initialize-PmcThemeSystem...
[2025-12-13 09:22:29.925] [INFO] Theme resolved: #33aaff
[2025-12-13 09:22:29.938] [INFO] Loading PmcThemeEngine...
[2025-12-13 09:22:30.049] [DEBUG] Palette [Bright] -> #2CB158 (R=44 G=177 B=88)
[2025-12-13 09:22:30.063] [DEBUG] Palette [Footer] -> #185F30 (R=24 G=95 B=48)
[2025-12-13 09:22:30.074] [DEBUG] Palette [Error] -> #BE2914 (R=190 G=41 B=20)
[2025-12-13 09:22:30.084] [DEBUG] Palette [Primary] -> #228844 (R=34 G=136 B=68)
[2025-12-13 09:22:30.100] [DEBUG] Palette [Header] -> #228844 (R=34 G=136 B=68)
[2025-12-13 09:22:30.112] [DEBUG] Palette [Cursor] -> #228844 (R=34 G=136 B=68)
[2025-12-13 09:22:30.124] [DEBUG] Palette [Warning] -> #7FCA14 (R=127 G=202 B=20)
[2025-12-13 09:22:30.137] [DEBUG] Palette [Muted] -> #5C8F6D (R=92 G=143 B=109)
[2025-12-13 09:22:30.149] [DEBUG] Palette [Success] -> #2CB158 (R=44 G=177 B=88)
[2025-12-13 09:22:30.161] [DEBUG] Palette [Label] -> #5C8F6D (R=92 G=143 B=109)
[2025-12-13 09:22:30.173] [DEBUG] Palette [Text] -> #C2EACF (R=194 G=234 B=207)
[2025-12-13 09:22:30.185] [DEBUG] Palette [Highlight] -> #228844 (R=34 G=136 B=68)
[2025-12-13 09:22:30.196] [DEBUG] Palette [Border] -> #185F30 (R=24 G=95 B=48)
[2025-12-13 09:22:30.208] [DEBUG] Palette [Status] -> #5C8F6D (R=92 G=143 B=109)
[2025-12-13 09:22:30.226] [INFO] LoadFromConfig: Loaded Properties with 16 items
[2025-12-13 09:22:30.247] [INFO] PmcThemeEngine initialized with PMC palette (14 colors)
[2025-12-13 09:22:30.264] ServiceContainer: Resolved 'Theme' successfully
[2025-12-13 09:22:30.648] ServiceContainer: Resolving 'ThemeManager'...
[2025-12-13 09:22:30.667] [INFO] Resolving ThemeManager...
[2025-12-13 09:22:30.779] ServiceContainer: Resolved 'ThemeManager' successfully
[2025-12-13 09:22:30.800] ServiceContainer: Resolved 'Application' successfully
[2025-12-13 09:22:30.820] [INFO] Application resolved and assigned to $global:PmcApp
[2025-12-13 09:22:30.834] [INFO] Loading menus from manifest...
[2025-12-13 09:22:30.848] ServiceContainer: Resolving 'MenuRegistry'...
[2025-12-13 09:22:30.862] [INFO] Resolving MenuRegistry...
[2025-12-13 09:22:30.884] ServiceContainer: Resolved 'MenuRegistry' successfully
[2025-12-13 09:22:30.914] MenuRegistry: Loaded manifest with 24 entries
[2025-12-13 09:22:30.946] ServiceContainer: Registered 'ExcelImportScreen' (singleton=False)
[2025-12-13 09:22:30.960] MenuRegistry: Registered screen factory 'ExcelImportScreen' in container (viewMode=)
[2025-12-13 09:22:30.984] MenuRegistry: Registered 'Import from Excel' in 'Projects' menu (hotkey=I order=40)
[2025-12-13 09:22:30.997] ServiceContainer: Registered 'TaskListScreen_Month' (singleton=False)
[2025-12-13 09:22:31.017] MenuRegistry: Registered screen factory 'TaskListScreen_Month' in container (viewMode=month)
[2025-12-13 09:22:31.029] MenuRegistry: Registered 'Month View' in 'Tasks' menu (hotkey=M order=45)
[2025-12-13 09:22:31.042] ServiceContainer: Registered 'ChecklistsLauncherScreen' (singleton=False)
[2025-12-13 09:22:31.059] MenuRegistry: Registered screen factory 'ChecklistsLauncherScreen' in container (viewMode=)
[2025-12-13 09:22:31.074] MenuRegistry: Registered 'Checklists' in 'Tools' menu (hotkey=C order=25)
[2025-12-13 09:22:31.088] ServiceContainer: Registered 'TaskListScreen_Default' (singleton=False)
[2025-12-13 09:22:31.100] MenuRegistry: Registered screen factory 'TaskListScreen_Default' in container (viewMode=)
[2025-12-13 09:22:31.113] MenuRegistry: Registered 'Task List' in 'Tasks' menu (hotkey=L order=5)
[2025-12-13 09:22:31.126] ServiceContainer: Registered 'NotesMenuScreen' (singleton=False)
[2025-12-13 09:22:31.142] MenuRegistry: Registered screen factory 'NotesMenuScreen' in container (viewMode=)
[2025-12-13 09:22:31.155] MenuRegistry: Registered 'Notes' in 'Tools' menu (hotkey=N order=20)
[2025-12-13 09:22:31.168] ServiceContainer: Registered 'HelpViewScreen' (singleton=False)
[2025-12-13 09:22:31.182] MenuRegistry: Registered screen factory 'HelpViewScreen' in container (viewMode=)
[2025-12-13 09:22:31.195] MenuRegistry: Registered 'Help' in 'Help' menu (hotkey=H order=10)
[2025-12-13 09:22:31.207] ServiceContainer: Registered 'TaskListScreen_NoDate' (singleton=False)
[2025-12-13 09:22:31.220] MenuRegistry: Registered screen factory 'TaskListScreen_NoDate' in container (viewMode=noduedate)
[2025-12-13 09:22:31.232] MenuRegistry: Registered 'No Due Date' in 'Tasks' menu (hotkey=D order=40)
[2025-12-13 09:22:31.245] ServiceContainer: Registered 'TimeListScreen' (singleton=False)
[2025-12-13 09:22:31.259] MenuRegistry: Registered screen factory 'TimeListScreen' in container (viewMode=)
[2025-12-13 09:22:31.276] MenuRegistry: Registered 'Time Tracking' in 'Time' menu (hotkey=T order=5)
[2025-12-13 09:22:31.289] ServiceContainer: Registered 'ExcelProfileManagerScreen' (singleton=False)
[2025-12-13 09:22:31.301] MenuRegistry: Registered screen factory 'ExcelProfileManagerScreen' in container (viewMode=)
[2025-12-13 09:22:31.312] MenuRegistry: Registered 'Excel Profiles' in 'Projects' menu (hotkey=M order=50)
[2025-12-13 09:22:31.325] ServiceContainer: Registered 'SettingsScreen' (singleton=False)
[2025-12-13 09:22:31.339] MenuRegistry: Registered screen factory 'SettingsScreen' in container (viewMode=)
[2025-12-13 09:22:31.351] MenuRegistry: Registered 'Settings' in 'Options' menu (hotkey=S order=20)
[2025-12-13 09:22:31.365] ServiceContainer: Registered 'TaskListScreen_Tomorrow' (singleton=False)
[2025-12-13 09:22:31.376] MenuRegistry: Registered screen factory 'TaskListScreen_Tomorrow' in container (viewMode=tomorrow)
[2025-12-13 09:22:31.392] MenuRegistry: Registered 'Tomorrow' in 'Tasks' menu (hotkey=T order=15)
[2025-12-13 09:22:31.403] ServiceContainer: Registered 'KanbanScreenV2' (singleton=False)
[2025-12-13 09:22:31.415] MenuRegistry: Registered screen factory 'KanbanScreenV2' in container (viewMode=)
[2025-12-13 09:22:31.425] MenuRegistry: Registered 'Kanban Board' in 'Tasks' menu (hotkey=K order=55)
[2025-12-13 09:22:31.437] ServiceContainer: Registered 'TaskListScreen_Overdue' (singleton=False)
[2025-12-13 09:22:31.449] MenuRegistry: Registered screen factory 'TaskListScreen_Overdue' in container (viewMode=overdue)
[2025-12-13 09:22:31.461] MenuRegistry: Registered 'Overdue' in 'Tasks' menu (hotkey=O order=30)
[2025-12-13 09:22:31.473] ServiceContainer: Registered 'ProjectListScreen' (singleton=False)
[2025-12-13 09:22:31.485] MenuRegistry: Registered screen factory 'ProjectListScreen' in container (viewMode=)
[2025-12-13 09:22:31.498] MenuRegistry: Registered 'Project List' in 'Projects' menu (hotkey=L order=10)
[2025-12-13 09:22:31.517] ServiceContainer: Registered 'WeeklyTimeReportScreen' (singleton=False)
[2025-12-13 09:22:31.531] MenuRegistry: Registered screen factory 'WeeklyTimeReportScreen' in container (viewMode=)
[2025-12-13 09:22:31.546] MenuRegistry: Registered 'Weekly Report' in 'Time' menu (hotkey=W order=10)
[2025-12-13 09:22:31.560] ServiceContainer: Registered 'TaskListScreen_Week' (singleton=False)
[2025-12-13 09:22:31.573] MenuRegistry: Registered screen factory 'TaskListScreen_Week' in container (viewMode=week)
[2025-12-13 09:22:31.589] MenuRegistry: Registered 'Week View' in 'Tasks' menu (hotkey=W order=20)
[2025-12-13 09:22:31.605] ServiceContainer: Registered 'ThemeEditorScreen' (singleton=False)
[2025-12-13 09:22:31.620] MenuRegistry: Registered screen factory 'ThemeEditorScreen' in container (viewMode=)
[2025-12-13 09:22:31.644] MenuRegistry: Registered 'Theme Editor' in 'Options' menu (hotkey=T order=10)
[2025-12-13 09:22:31.663] ServiceContainer: Registered 'TaskListScreen_Agenda' (singleton=False)
[2025-12-13 09:22:31.679] MenuRegistry: Registered screen factory 'TaskListScreen_Agenda' in container (viewMode=agenda)
[2025-12-13 09:22:31.696] MenuRegistry: Registered 'Agenda View' in 'Tasks' menu (hotkey=A order=50)
[2025-12-13 09:22:31.711] ServiceContainer: Registered 'ChecklistTemplatesFolderScreen' (singleton=False)
[2025-12-13 09:22:31.727] MenuRegistry: Registered screen factory 'ChecklistTemplatesFolderScreen' in container (viewMode=)
[2025-12-13 09:22:31.744] MenuRegistry: Registered 'Checklist Templates' in 'Tools' menu (hotkey=H order=30)
[2025-12-13 09:22:31.762] ServiceContainer: Registered 'TimeReportScreen' (singleton=False)
[2025-12-13 09:22:31.779] MenuRegistry: Registered screen factory 'TimeReportScreen' in container (viewMode=)
[2025-12-13 09:22:31.794] MenuRegistry: Registered 'Time Report' in 'Time' menu (hotkey=R order=20)
[2025-12-13 09:22:31.808] ServiceContainer: Registered 'TaskListScreen_NextActions' (singleton=False)
[2025-12-13 09:22:31.824] MenuRegistry: Registered screen factory 'TaskListScreen_NextActions' in container (viewMode=nextactions)
[2025-12-13 09:22:31.840] MenuRegistry: Registered 'Next Actions' in 'Tasks' menu (hotkey=N order=35)
[2025-12-13 09:22:31.855] ServiceContainer: Registered 'TaskListScreen_Today' (singleton=False)
[2025-12-13 09:22:31.870] MenuRegistry: Registered screen factory 'TaskListScreen_Today' in container (viewMode=today)
[2025-12-13 09:22:31.885] MenuRegistry: Registered 'Today' in 'Tasks' menu (hotkey=Y order=10)
[2025-12-13 09:22:31.900] ServiceContainer: Registered 'CommandLibraryScreen' (singleton=False)
[2025-12-13 09:22:31.912] MenuRegistry: Registered screen factory 'CommandLibraryScreen' in container (viewMode=)
[2025-12-13 09:22:31.926] MenuRegistry: Registered 'Command Library' in 'Tools' menu (hotkey=L order=10)
[2025-12-13 09:22:31.939] ServiceContainer: Registered 'TaskListScreen_Upcoming' (singleton=False)
[2025-12-13 09:22:31.954] MenuRegistry: Registered screen factory 'TaskListScreen_Upcoming' in container (viewMode=upcoming)
[2025-12-13 09:22:31.967] MenuRegistry: Registered 'Upcoming' in 'Tasks' menu (hotkey=U order=25)
[2025-12-13 09:22:31.980] [INFO] Menus loaded from C:\Users\jhnhe\OneDrive\Documents\GitHub\project-management-console\og_transport\HYBRID\module\Pmc.Strict\consoleui\screens\MenuItems.psd1
[2025-12-13 09:22:31.993] [INFO] Launching screen: TaskList
[2025-12-13 09:22:32.009] [INFO] Resolving TaskListScreen from container...
[2025-12-13 09:22:32.024] ServiceContainer: Resolving 'TaskListScreen'...
[2025-12-13 09:22:32.040] [INFO] Resolving TaskListScreen...
[2025-12-13 09:22:32.054] ServiceContainer: Resolving 'TaskStore'...
[2025-12-13 09:22:32.068] [INFO] Resolving TaskStore...
[2025-12-13 09:22:32.121] [DEBUG] TaskStore.LoadData: Starting
[2025-12-13 09:22:32.140] [DEBUG] TaskStore.LoadData: Calling Get-PmcData
[2025-12-13 09:22:32.430] [DEBUG] TaskStore.LoadData: Get-PmcData returned - tasks=4 projects=2 timelogs=3
[2025-12-13 09:22:32.450] [DEBUG] TaskStore.LoadData: Loaded 4 tasks
[2025-12-13 09:22:32.468] [DEBUG] TaskStore.LoadData: Loaded 2 projects
[2025-12-13 09:22:32.487] [DEBUG] TaskStore.LoadData: First project name='p1' ID1='111'
[2025-12-13 09:22:32.512] ServiceContainer: Resolved 'TaskStore' successfully
[2025-12-13 09:22:33.007] MenuRegistry: Loaded manifest with 24 entries
[2025-12-13 09:22:33.028] MenuRegistry: Registered 'Import from Excel' in 'Projects' menu (hotkey=I order=40)
[2025-12-13 09:22:33.047] MenuRegistry: Registered 'Month View' in 'Tasks' menu (hotkey=M order=45)
[2025-12-13 09:22:33.062] MenuRegistry: Registered 'Checklists' in 'Tools' menu (hotkey=C order=25)
[2025-12-13 09:22:33.075] MenuRegistry: Registered 'Task List' in 'Tasks' menu (hotkey=L order=5)
[2025-12-13 09:22:33.087] MenuRegistry: Registered 'Notes' in 'Tools' menu (hotkey=N order=20)
[2025-12-13 09:22:33.101] MenuRegistry: Registered 'Help' in 'Help' menu (hotkey=H order=10)
[2025-12-13 09:22:33.115] MenuRegistry: Registered 'No Due Date' in 'Tasks' menu (hotkey=D order=40)
[2025-12-13 09:22:33.131] MenuRegistry: Registered 'Time Tracking' in 'Time' menu (hotkey=T order=5)
[2025-12-13 09:22:33.148] MenuRegistry: Registered 'Excel Profiles' in 'Projects' menu (hotkey=M order=50)
[2025-12-13 09:22:33.162] MenuRegistry: Registered 'Settings' in 'Options' menu (hotkey=S order=20)
[2025-12-13 09:22:33.174] MenuRegistry: Registered 'Tomorrow' in 'Tasks' menu (hotkey=T order=15)
[2025-12-13 09:22:33.187] MenuRegistry: Registered 'Kanban Board' in 'Tasks' menu (hotkey=K order=55)
[2025-12-13 09:22:33.200] MenuRegistry: Registered 'Overdue' in 'Tasks' menu (hotkey=O order=30)
[2025-12-13 09:22:33.215] MenuRegistry: Registered 'Project List' in 'Projects' menu (hotkey=L order=10)
[2025-12-13 09:22:33.228] MenuRegistry: Registered 'Weekly Report' in 'Time' menu (hotkey=W order=10)
[2025-12-13 09:22:33.242] MenuRegistry: Registered 'Week View' in 'Tasks' menu (hotkey=W order=20)
[2025-12-13 09:22:33.256] MenuRegistry: Registered 'Theme Editor' in 'Options' menu (hotkey=T order=10)
[2025-12-13 09:22:33.273] MenuRegistry: Registered 'Agenda View' in 'Tasks' menu (hotkey=A order=50)
[2025-12-13 09:22:33.284] MenuRegistry: Registered 'Checklist Templates' in 'Tools' menu (hotkey=H order=30)
[2025-12-13 09:22:33.295] MenuRegistry: Registered 'Time Report' in 'Time' menu (hotkey=R order=20)
[2025-12-13 09:22:33.311] MenuRegistry: Registered 'Next Actions' in 'Tasks' menu (hotkey=N order=35)
[2025-12-13 09:22:33.340] MenuRegistry: Registered 'Today' in 'Tasks' menu (hotkey=Y order=10)
[2025-12-13 09:22:33.353] MenuRegistry: Registered 'Command Library' in 'Tools' menu (hotkey=L order=10)
[2025-12-13 09:22:33.365] MenuRegistry: Registered 'Upcoming' in 'Tasks' menu (hotkey=U order=25)
[2025-12-13 09:22:33.392] _PopulateMenusFromRegistry: Menu 'Help' has 1 items from registry (array)
[2025-12-13 09:22:33.414] _PopulateMenusFromRegistry: Menu 'Options' has 2 items from registry (array)
[2025-12-13 09:22:33.427] _PopulateMenusFromRegistry: Menu 'Tools' has 4 items from registry (array)
[2025-12-13 09:22:33.440] _PopulateMenusFromRegistry: Menu 'Time' has 3 items from registry (array)
[2025-12-13 09:22:33.453] _PopulateMenusFromRegistry: Menu 'Tasks' has 11 items from registry (array)
[2025-12-13 09:22:33.467] _PopulateMenusFromRegistry: Menu 'Projects' has 3 items from registry (array)
[2025-12-13 09:22:33.480] ServiceContainer: Resolved 'TaskListScreen' successfully
[2025-12-13 09:22:33.492] [INFO] Pushing screen to app...
[2025-12-13 09:22:33.893] [DEBUG] LoadData: Got 4 tasks from Store
[2025-12-13 09:22:33.969] [DEBUG] TaskListScreen.LoadData: Setting 4 tasks
[2025-12-13 09:22:33.989] [INFO] UniversalList.SetData: START, data param type=System.Object[]
[2025-12-13 09:22:34.002] [INFO] UniversalList.SetData: About to assign _data
[2025-12-13 09:22:34.021] [INFO] UniversalList.SetData: _data assigned successfully
[2025-12-13 09:22:34.033] [INFO] UniversalList.SetData: About to check _data type
[2025-12-13 09:22:34.046] [INFO] UniversalList.SetData: _data type=System.Object[]
[2025-12-13 09:22:34.063] [INFO] UniversalList.SetData: About to access _data.Count
[2025-12-13 09:22:34.074] [INFO] UniversalList.SetData: _data.Count=4
[2025-12-13 09:22:34.087] [INFO] UniversalList.SetData: _filteredData assigned
[2025-12-13 09:22:34.100] [INFO] UniversalList.SetData: About to clear _selectedIndices
[2025-12-13 09:22:34.116] [INFO] UniversalList.SetData: _selectedIndices cleared
[2025-12-13 09:22:34.128] [INFO] UniversalList.SetData: Received 4 items
[2025-12-13 09:22:34.146] [INFO] UniversalList.SetData: First item type=Hashtable isHashtable=True
[2025-12-13 09:22:34.159] [INFO] UniversalList.SetData: First item keys: created, id, status, completed, modified, details, due, text, priority, tags, project
[2025-12-13 09:22:34.170] [INFO] UniversalList.SetData: Incrementing cache generation
[2025-12-13 09:22:34.183] [INFO] UniversalList.SetData: Clearing row cache
[2025-12-13 09:22:34.196] [INFO] UniversalList.SetData: Clearing cache access order
[2025-12-13 09:22:34.211] [INFO] UniversalList.SetData: Applying filters
[2025-12-13 09:22:34.239] [INFO] UniversalList.SetData: Applying search
[2025-12-13 09:22:34.251] [INFO] UniversalList.SetData: Invoking OnDataChanged callback
[2025-12-13 09:22:34.279] [INFO] UniversalList.SetData: COMPLETE
[2025-12-13 09:22:34.428] [INFO] Screen pushed successfully
[2025-12-13 09:22:34.440] [INFO] Starting event loop...
[2025-12-13 09:22:34.714] [ERROR] Widget render error: RenderContent render failed: Cannot find an overload for "DrawBox" and the argument count: "6".
[2025-12-13 09:22:34.726] [ERROR] Stack: at RenderToEngine, C:\Users\jhnhe\OneDrive\Documents\GitHub\project-management-console\og_transport\HYBRID\module\Pmc.Strict\consoleui\widgets\UniversalList.ps1: line 924
at RenderContentToEngine, C:\Users\jhnhe\OneDrive\Documents\GitHub\project-management-console\og_transport\HYBRID\module\Pmc.Strict\consoleui\base\StandardListScreen.ps1: line 1158
at RenderToEngine, C:\Users\jhnhe\OneDrive\Documents\GitHub\project-management-console\og_transport\HYBRID\module\Pmc.Strict\consoleui\PmcScreen.ps1: line 579
at RenderToEngine, C:\Users\jhnhe\OneDrive\Documents\GitHub\project-management-console\og_transport\HYBRID\module\Pmc.Strict\consoleui\base\StandardListScreen.ps1: line 219
at _RenderCurrentScreen, C:\Users\jhnhe\OneDrive\Documents\GitHub\project-management-console\og_transport\HYBRID\module\Pmc.Strict\consoleui\PmcApplication.ps1: line 255
at Run, C:\Users\jhnhe\OneDrive\Documents\GitHub\project-management-console\og_transport\HYBRID\module\Pmc.Strict\consoleui\PmcApplication.ps1: line 562
at Start-PmcTUI, C:\Users\jhnhe\OneDrive\Documents\GitHub\project-management-console\og_transport\HYBRID\module\Pmc.Strict\consoleui\Start-PmcTUI.ps1: line 538
at <ScriptBlock>, C:\Users\jhnhe\OneDrive\Documents\GitHub\project-management-console\og_transport\HYBRID\module\Pmc.Strict\consoleui\Start-PmcTUI.ps1: line 565
[2025-12-13 09:22:34.736] [ERROR] TargetObject: 
[2025-12-13 09:22:34.755] [ERROR] InvocationInfo:         $engine.DrawBox($this.X, $this.Y, $this.Width, $this.Height, $primaryColor, $borderColor)

[2025-12-13 09:22:34.912] [ERROR] Render error: Cannot find an overload for "DrawBox" and the argument count: "6".
[2025-12-13 09:22:34.934] [ERROR] Location: C:\Users\jhnhe\OneDrive\Documents\GitHub\project-management-console\og_transport\HYBRID\module\Pmc.Strict\consoleui\widgets\UniversalList.ps1:924
[2025-12-13 09:22:34.954] [ERROR] Line:         $engine.DrawBox($this.X, $this.Y, $this.Width, $this.Height, $primaryColor, $borderColor)

[2025-12-13 09:22:34.974] [ERROR] Stack: at RenderToEngine, C:\Users\jhnhe\OneDrive\Documents\GitHub\project-management-console\og_transport\HYBRID\module\Pmc.Strict\consoleui\widgets\UniversalList.ps1: line 924
at RenderToEngine, C:\Users\jhnhe\OneDrive\Documents\GitHub\project-management-console\og_transport\HYBRID\module\Pmc.Strict\consoleui\base\StandardListScreen.ps1: line 224
at _RenderCurrentScreen, C:\Users\jhnhe\OneDrive\Documents\GitHub\project-management-console\og_transport\HYBRID\module\Pmc.Strict\consoleui\PmcApplication.ps1: line 255
at Run, C:\Users\jhnhe\OneDrive\Documents\GitHub\project-management-console\og_transport\HYBRID\module\Pmc.Strict\consoleui\PmcApplication.ps1: line 562
at Start-PmcTUI, C:\Users\jhnhe\OneDrive\Documents\GitHub\project-management-console\og_transport\HYBRID\module\Pmc.Strict\consoleui\Start-PmcTUI.ps1: line 538
at <ScriptBlock>, C:\Users\jhnhe\OneDrive\Documents\GitHub\project-management-console\og_transport\HYBRID\module\Pmc.Strict\consoleui\Start-PmcTUI.ps1: line 565
[2025-12-13 09:22:39.680] [INFO] Event loop exited normally
[2025-12-13 09:22:39.682] [INFO] Cleanup - showing cursor and resetting terminal
