[2025-12-13 12:33:43.554] [INFO] Loading PMC module...
[2025-12-13 12:33:46.122] [INFO] PMC module loaded
[2025-12-13 12:33:46.124] [INFO] Loading dependencies (FieldSchemas, etc.)...
[2025-12-13 12:33:46.294] [INFO] Dependencies loaded
[2025-12-13 12:33:46.306] [INFO] Loading SpeedTUI framework...
[2025-12-13 12:33:46.666] [INFO] SpeedTUI framework loaded
[2025-12-13 12:33:46.677] [INFO] Loading PraxisVT...
[2025-12-13 12:33:46.693] [INFO] PraxisVT loaded
[2025-12-13 12:33:46.701] [INFO] Loading core dependencies...
[2025-12-13 12:33:46.772] [INFO] Core dependencies loaded
[2025-12-13 12:33:46.782] [INFO] Loading widget base classes...
[2025-12-13 12:33:46.842] [INFO] Widget base classes loaded
[2025-12-13 12:33:46.855] [INFO] Loading services...
[2025-12-13 12:33:47.029] [INFO] Services loaded
[2025-12-13 12:33:47.043] [INFO] Loading helpers...
[2025-12-13 12:33:47.882] [INFO] Helpers loaded
[2025-12-13 12:33:47.902] [INFO] Loading widgets...
[2025-12-13 12:33:48.439] [ERROR] Failed to load widgets: At C:\Users\jhnhe\OneDrive\Documents\GitHub\project-management-console\og_transport\HYBRID\module\Pmc.Strict\consoleui\widgets\TabPanel.ps1:416 char:12
+     [void] RenderToEngine([object]$engine) {
+            ~~~~~~~~~~~~~~
The member 'RenderToEngine' is already defined.
