[2025-12-13 12:49:44.204] [INFO] Loading PMC module...
[2025-12-13 12:49:45.717] [INFO] PMC module loaded
[2025-12-13 12:49:45.722] [INFO] Loading dependencies (FieldSchemas, etc.)...
[2025-12-13 12:49:45.862] [INFO] Dependencies loaded
[2025-12-13 12:49:45.875] [INFO] Loading SpeedTUI framework...
[2025-12-13 12:49:46.326] [INFO] SpeedTUI framework loaded
[2025-12-13 12:49:46.350] [INFO] Loading PraxisVT...
[2025-12-13 12:49:46.377] [INFO] PraxisVT loaded
[2025-12-13 12:49:46.394] [INFO] Loading core dependencies...
[2025-12-13 12:49:46.488] [INFO] Core dependencies loaded
[2025-12-13 12:49:46.501] [INFO] Loading widget base classes...
[2025-12-13 12:49:46.577] [INFO] Widget base classes loaded
[2025-12-13 12:49:46.590] [INFO] Loading services...
[2025-12-13 12:49:46.796] [INFO] Services loaded
[2025-12-13 12:49:46.809] [INFO] Loading helpers...
[2025-12-13 12:49:47.623] [INFO] Helpers loaded
[2025-12-13 12:49:47.652] [INFO] Loading widgets...
[2025-12-13 12:49:48.282] [INFO] Widgets loaded
[2025-12-13 12:49:48.295] [INFO] Loading screen base class...
[2025-12-13 12:49:48.334] [INFO] Screen base class loaded
[2025-12-13 12:49:48.349] [INFO] Loading HelpViewScreen (needed by base classes)...
[2025-12-13 12:49:48.391] [INFO] HelpViewScreen loaded
[2025-12-13 12:49:48.406] [INFO] Loading base classes...
[2025-12-13 12:49:48.583] [INFO] Base classes loaded
[2025-12-13 12:49:48.599] [INFO] Loading ServiceContainer (needed by screens)...
[2025-12-13 12:49:48.629] [INFO] ServiceContainer loaded
[2025-12-13 12:49:48.643] [INFO] Loading remaining screens...
[2025-12-13 12:49:48.777] [INFO] Remaining screens loaded
[2025-12-13 12:49:48.792] [INFO] Loading PmcApplication...
[2025-12-13 12:49:48.827] [INFO] PmcApplication loaded
[2025-12-13 12:49:48.842] [INFO] All components loaded successfully
[2025-12-13 12:49:48.876] [INFO] Starting PMC TUI with screen: TaskList
[2025-12-13 12:49:48.896] [INFO] Cleared stale PmcSharedMenuBar and MenuRegistry singleton
[2025-12-13 12:49:48.912] [INFO] Creating ServiceContainer...
[2025-12-13 12:49:48.929] [INFO] ServiceContainer created
[2025-12-13 12:49:48.940] [INFO] Registering Theme service...
[2025-12-13 12:49:48.969] ServiceContainer: Registered 'Theme' (singleton=True)
[2025-12-13 12:49:48.987] [INFO] Registering ThemeManager...
[2025-12-13 12:49:49.001] ServiceContainer: Registered 'ThemeManager' (singleton=True)
[2025-12-13 12:49:49.014] [INFO] Registering Config service...
[2025-12-13 12:49:49.024] ServiceContainer: Registered 'Config' (singleton=True)
[2025-12-13 12:49:49.035] [INFO] Registering TaskStore service...
[2025-12-13 12:49:49.046] ServiceContainer: Registered 'TaskStore' (singleton=True)
[2025-12-13 12:49:49.057] [INFO] Registering MenuRegistry service...
[2025-12-13 12:49:49.068] ServiceContainer: Registered 'MenuRegistry' (singleton=True)
[2025-12-13 12:49:49.079] [INFO] Registering Application service...
[2025-12-13 12:49:49.090] ServiceContainer: Registered 'Application' (singleton=True)
[2025-12-13 12:49:49.101] [INFO] Registering CommandService...
[2025-12-13 12:49:49.113] ServiceContainer: Registered 'CommandService' (singleton=True)
[2025-12-13 12:49:49.130] [INFO] Registering ChecklistService...
[2025-12-13 12:49:49.141] ServiceContainer: Registered 'ChecklistService' (singleton=True)
[2025-12-13 12:49:49.152] [INFO] Registering NoteService...
[2025-12-13 12:49:49.163] ServiceContainer: Registered 'NoteService' (singleton=True)
[2025-12-13 12:49:49.174] [INFO] Registering ExcelMappingService...
[2025-12-13 12:49:49.184] ServiceContainer: Registered 'ExcelMappingService' (singleton=True)
[2025-12-13 12:49:49.194] [INFO] Registering PreferencesService...
[2025-12-13 12:49:49.204] ServiceContainer: Registered 'PreferencesService' (singleton=True)
[2025-12-13 12:49:49.214] [INFO] Registering screen factories...
[2025-12-13 12:49:49.225] ServiceContainer: Registered 'TaskListScreen' (singleton=False)
[2025-12-13 12:49:49.235] [INFO] Resolving Application from container...
[2025-12-13 12:49:49.254] ServiceContainer: Resolving 'Application'...
[2025-12-13 12:49:49.264] [INFO] Resolving Application...
[2025-12-13 12:49:49.274] ServiceContainer: Resolving 'Theme'...
[2025-12-13 12:49:49.288] [INFO] Resolving Theme: Calling Initialize-PmcThemeSystem...
[2025-12-13 12:49:49.304] [INFO] Theme resolved: #33aaff
[2025-12-13 12:49:49.314] [INFO] Loading PmcThemeEngine...
[2025-12-13 12:49:49.403] [DEBUG] Palette [Header] -> #228844 (R=34 G=136 B=68)
[2025-12-13 12:49:49.414] [DEBUG] Palette [Success] -> #2CB158 (R=44 G=177 B=88)
[2025-12-13 12:49:49.425] [DEBUG] Palette [Primary] -> #228844 (R=34 G=136 B=68)
[2025-12-13 12:49:49.435] [DEBUG] Palette [Label] -> #5C8F6D (R=92 G=143 B=109)
[2025-12-13 12:49:49.447] [DEBUG] Palette [Bright] -> #2CB158 (R=44 G=177 B=88)
[2025-12-13 12:49:49.462] [DEBUG] Palette [Error] -> #BE2914 (R=190 G=41 B=20)
[2025-12-13 12:49:49.476] [DEBUG] Palette [Border] -> #185F30 (R=24 G=95 B=48)
[2025-12-13 12:49:49.492] [DEBUG] Palette [Highlight] -> #228844 (R=34 G=136 B=68)
[2025-12-13 12:49:49.505] [DEBUG] Palette [Cursor] -> #228844 (R=34 G=136 B=68)
[2025-12-13 12:49:49.519] [DEBUG] Palette [Footer] -> #185F30 (R=24 G=95 B=48)
[2025-12-13 12:49:49.533] [DEBUG] Palette [Text] -> #C2EACF (R=194 G=234 B=207)
[2025-12-13 12:49:49.549] [DEBUG] Palette [Muted] -> #5C8F6D (R=92 G=143 B=109)
[2025-12-13 12:49:49.559] [DEBUG] Palette [Status] -> #5C8F6D (R=92 G=143 B=109)
[2025-12-13 12:49:49.571] [DEBUG] Palette [Warning] -> #7FCA14 (R=127 G=202 B=20)
[2025-12-13 12:49:49.591] [INFO] LoadFromConfig: Loaded Properties with 16 items
[2025-12-13 12:49:49.607] [INFO] PmcThemeEngine initialized with PMC palette (14 colors)
[2025-12-13 12:49:49.618] ServiceContainer: Resolved 'Theme' successfully
[2025-12-13 12:49:49.736] ServiceContainer: Resolving 'ThemeManager'...
[2025-12-13 12:49:49.752] [INFO] Resolving ThemeManager...
[2025-12-13 12:49:49.890] ServiceContainer: Resolved 'ThemeManager' successfully
[2025-12-13 12:49:49.913] ServiceContainer: Resolved 'Application' successfully
[2025-12-13 12:49:49.931] [INFO] Application resolved and assigned to $global:PmcApp
[2025-12-13 12:49:49.947] [INFO] Loading menus from manifest...
[2025-12-13 12:49:49.965] ServiceContainer: Resolving 'MenuRegistry'...
[2025-12-13 12:49:49.983] [INFO] Resolving MenuRegistry...
[2025-12-13 12:49:50.009] ServiceContainer: Resolved 'MenuRegistry' successfully
[2025-12-13 12:49:50.046] MenuRegistry: Loaded manifest with 24 entries
[2025-12-13 12:49:50.089] ServiceContainer: Registered 'ExcelImportScreen' (singleton=False)
[2025-12-13 12:49:50.103] MenuRegistry: Registered screen factory 'ExcelImportScreen' in container (viewMode=)
[2025-12-13 12:49:50.135] MenuRegistry: Registered 'Import from Excel' in 'Projects' menu (hotkey=I order=40)
[2025-12-13 12:49:50.153] ServiceContainer: Registered 'HelpViewScreen' (singleton=False)
[2025-12-13 12:49:50.169] MenuRegistry: Registered screen factory 'HelpViewScreen' in container (viewMode=)
[2025-12-13 12:49:50.217] MenuRegistry: Registered 'Help' in 'Help' menu (hotkey=H order=10)
[2025-12-13 12:49:50.249] ServiceContainer: Registered 'ExcelProfileManagerScreen' (singleton=False)
[2025-12-13 12:49:50.280] MenuRegistry: Registered screen factory 'ExcelProfileManagerScreen' in container (viewMode=)
[2025-12-13 12:49:50.299] MenuRegistry: Registered 'Excel Profiles' in 'Projects' menu (hotkey=M order=50)
[2025-12-13 12:49:50.318] ServiceContainer: Registered 'ProjectListScreen' (singleton=False)
[2025-12-13 12:49:50.346] MenuRegistry: Registered screen factory 'ProjectListScreen' in container (viewMode=)
[2025-12-13 12:49:50.364] MenuRegistry: Registered 'Project List' in 'Projects' menu (hotkey=L order=10)
[2025-12-13 12:49:50.382] ServiceContainer: Registered 'TaskListScreen_Upcoming' (singleton=False)
[2025-12-13 12:49:50.399] MenuRegistry: Registered screen factory 'TaskListScreen_Upcoming' in container (viewMode=upcoming)
[2025-12-13 12:49:50.415] MenuRegistry: Registered 'Upcoming' in 'Tasks' menu (hotkey=U order=25)
[2025-12-13 12:49:50.433] ServiceContainer: Registered 'TaskListScreen_NoDate' (singleton=False)
[2025-12-13 12:49:50.450] MenuRegistry: Registered screen factory 'TaskListScreen_NoDate' in container (viewMode=noduedate)
[2025-12-13 12:49:50.467] MenuRegistry: Registered 'No Due Date' in 'Tasks' menu (hotkey=D order=40)
[2025-12-13 12:49:50.494] ServiceContainer: Registered 'TaskListScreen_Today' (singleton=False)
[2025-12-13 12:49:50.512] MenuRegistry: Registered screen factory 'TaskListScreen_Today' in container (viewMode=today)
[2025-12-13 12:49:50.531] MenuRegistry: Registered 'Today' in 'Tasks' menu (hotkey=Y order=10)
[2025-12-13 12:49:50.550] ServiceContainer: Registered 'TimeReportScreen' (singleton=False)
[2025-12-13 12:49:50.576] MenuRegistry: Registered screen factory 'TimeReportScreen' in container (viewMode=)
[2025-12-13 12:49:50.595] MenuRegistry: Registered 'Time Report' in 'Time' menu (hotkey=R order=20)
[2025-12-13 12:49:50.614] ServiceContainer: Registered 'ThemeEditorScreen' (singleton=False)
[2025-12-13 12:49:50.632] MenuRegistry: Registered screen factory 'ThemeEditorScreen' in container (viewMode=)
[2025-12-13 12:49:50.656] MenuRegistry: Registered 'Theme Editor' in 'Options' menu (hotkey=T order=10)
[2025-12-13 12:49:50.674] ServiceContainer: Registered 'TaskListScreen_Agenda' (singleton=False)
[2025-12-13 12:49:50.689] MenuRegistry: Registered screen factory 'TaskListScreen_Agenda' in container (viewMode=agenda)
[2025-12-13 12:49:50.707] MenuRegistry: Registered 'Agenda View' in 'Tasks' menu (hotkey=A order=50)
[2025-12-13 12:49:50.725] ServiceContainer: Registered 'TaskListScreen_Overdue' (singleton=False)
[2025-12-13 12:49:50.741] MenuRegistry: Registered screen factory 'TaskListScreen_Overdue' in container (viewMode=overdue)
[2025-12-13 12:49:50.758] MenuRegistry: Registered 'Overdue' in 'Tasks' menu (hotkey=O order=30)
[2025-12-13 12:49:50.774] ServiceContainer: Registered 'TaskListScreen_NextActions' (singleton=False)
[2025-12-13 12:49:50.792] MenuRegistry: Registered screen factory 'TaskListScreen_NextActions' in container (viewMode=nextactions)
[2025-12-13 12:49:50.817] MenuRegistry: Registered 'Next Actions' in 'Tasks' menu (hotkey=N order=35)
[2025-12-13 12:49:50.836] ServiceContainer: Registered 'SettingsScreen' (singleton=False)
[2025-12-13 12:49:50.859] MenuRegistry: Registered screen factory 'SettingsScreen' in container (viewMode=)
[2025-12-13 12:49:50.880] MenuRegistry: Registered 'Settings' in 'Options' menu (hotkey=S order=20)
[2025-12-13 12:49:50.900] ServiceContainer: Registered 'ChecklistsLauncherScreen' (singleton=False)
[2025-12-13 12:49:50.917] MenuRegistry: Registered screen factory 'ChecklistsLauncherScreen' in container (viewMode=)
[2025-12-13 12:49:50.939] MenuRegistry: Registered 'Checklists' in 'Tools' menu (hotkey=C order=25)
[2025-12-13 12:49:50.959] ServiceContainer: Registered 'TaskListScreen_Month' (singleton=False)
[2025-12-13 12:49:50.980] MenuRegistry: Registered screen factory 'TaskListScreen_Month' in container (viewMode=month)
[2025-12-13 12:49:50.996] MenuRegistry: Registered 'Month View' in 'Tasks' menu (hotkey=M order=45)
[2025-12-13 12:49:51.020] ServiceContainer: Registered 'TaskListScreen_Default' (singleton=False)
[2025-12-13 12:49:51.039] MenuRegistry: Registered screen factory 'TaskListScreen_Default' in container (viewMode=)
[2025-12-13 12:49:51.058] MenuRegistry: Registered 'Task List' in 'Tasks' menu (hotkey=L order=5)
[2025-12-13 12:49:51.075] ServiceContainer: Registered 'KanbanScreenV2' (singleton=False)
[2025-12-13 12:49:51.099] MenuRegistry: Registered screen factory 'KanbanScreenV2' in container (viewMode=)
[2025-12-13 12:49:51.116] MenuRegistry: Registered 'Kanban Board' in 'Tasks' menu (hotkey=K order=55)
[2025-12-13 12:49:51.135] ServiceContainer: Registered 'TimeListScreen' (singleton=False)
[2025-12-13 12:49:51.153] MenuRegistry: Registered screen factory 'TimeListScreen' in container (viewMode=)
[2025-12-13 12:49:51.179] MenuRegistry: Registered 'Time Tracking' in 'Time' menu (hotkey=T order=5)
[2025-12-13 12:49:51.200] ServiceContainer: Registered 'TaskListScreen_Tomorrow' (singleton=False)
[2025-12-13 12:49:51.217] MenuRegistry: Registered screen factory 'TaskListScreen_Tomorrow' in container (viewMode=tomorrow)
[2025-12-13 12:49:51.235] MenuRegistry: Registered 'Tomorrow' in 'Tasks' menu (hotkey=T order=15)
[2025-12-13 12:49:51.257] ServiceContainer: Registered 'CommandLibraryScreen' (singleton=False)
[2025-12-13 12:49:51.274] MenuRegistry: Registered screen factory 'CommandLibraryScreen' in container (viewMode=)
[2025-12-13 12:49:51.291] MenuRegistry: Registered 'Command Library' in 'Tools' menu (hotkey=L order=10)
[2025-12-13 12:49:51.308] ServiceContainer: Registered 'WeeklyTimeReportScreen' (singleton=False)
[2025-12-13 12:49:51.326] MenuRegistry: Registered screen factory 'WeeklyTimeReportScreen' in container (viewMode=)
[2025-12-13 12:49:51.345] MenuRegistry: Registered 'Weekly Report' in 'Time' menu (hotkey=W order=10)
[2025-12-13 12:49:51.361] ServiceContainer: Registered 'NotesMenuScreen' (singleton=False)
[2025-12-13 12:49:51.386] MenuRegistry: Registered screen factory 'NotesMenuScreen' in container (viewMode=)
[2025-12-13 12:49:51.402] MenuRegistry: Registered 'Notes' in 'Tools' menu (hotkey=N order=20)
[2025-12-13 12:49:51.418] ServiceContainer: Registered 'TaskListScreen_Week' (singleton=False)
[2025-12-13 12:49:51.435] MenuRegistry: Registered screen factory 'TaskListScreen_Week' in container (viewMode=week)
[2025-12-13 12:49:51.461] MenuRegistry: Registered 'Week View' in 'Tasks' menu (hotkey=W order=20)
[2025-12-13 12:49:51.482] ServiceContainer: Registered 'ChecklistTemplatesFolderScreen' (singleton=False)
[2025-12-13 12:49:51.500] MenuRegistry: Registered screen factory 'ChecklistTemplatesFolderScreen' in container (viewMode=)
[2025-12-13 12:49:51.516] MenuRegistry: Registered 'Checklist Templates' in 'Tools' menu (hotkey=H order=30)
[2025-12-13 12:49:51.536] [INFO] Menus loaded from C:\Users\jhnhe\OneDrive\Documents\GitHub\project-management-console\og_transport\HYBRID\module\Pmc.Strict\consoleui\screens\MenuItems.psd1
[2025-12-13 12:49:51.554] [INFO] Launching screen: TaskList
[2025-12-13 12:49:51.571] [INFO] Resolving TaskListScreen from container...
[2025-12-13 12:49:51.588] ServiceContainer: Resolving 'TaskListScreen'...
[2025-12-13 12:49:51.607] [INFO] Resolving TaskListScreen...
[2025-12-13 12:49:51.627] ServiceContainer: Resolving 'TaskStore'...
[2025-12-13 12:49:51.645] [INFO] Resolving TaskStore...
[2025-12-13 12:49:51.692] [DEBUG] TaskStore.LoadData: Starting
[2025-12-13 12:49:51.708] [DEBUG] TaskStore.LoadData: Calling Get-PmcData
[2025-12-13 12:49:52.054] [DEBUG] TaskStore.LoadData: Get-PmcData returned - tasks=4 projects=2 timelogs=3
[2025-12-13 12:49:52.077] [DEBUG] TaskStore.LoadData: Loaded 4 tasks
[2025-12-13 12:49:52.099] [DEBUG] TaskStore.LoadData: Loaded 2 projects
[2025-12-13 12:49:52.119] [DEBUG] TaskStore.LoadData: First project name='p1' ID1='111'
[2025-12-13 12:49:52.144] ServiceContainer: Resolved 'TaskStore' successfully
[2025-12-13 12:49:52.830] MenuRegistry: Loaded manifest with 24 entries
[2025-12-13 12:49:52.848] MenuRegistry: Registered 'Import from Excel' in 'Projects' menu (hotkey=I order=40)
[2025-12-13 12:49:52.865] MenuRegistry: Registered 'Help' in 'Help' menu (hotkey=H order=10)
[2025-12-13 12:49:52.887] MenuRegistry: Registered 'Excel Profiles' in 'Projects' menu (hotkey=M order=50)
[2025-12-13 12:49:52.908] MenuRegistry: Registered 'Project List' in 'Projects' menu (hotkey=L order=10)
[2025-12-13 12:49:52.928] MenuRegistry: Registered 'Upcoming' in 'Tasks' menu (hotkey=U order=25)
[2025-12-13 12:49:52.948] MenuRegistry: Registered 'No Due Date' in 'Tasks' menu (hotkey=D order=40)
[2025-12-13 12:49:52.965] MenuRegistry: Registered 'Today' in 'Tasks' menu (hotkey=Y order=10)
[2025-12-13 12:49:52.991] MenuRegistry: Registered 'Time Report' in 'Time' menu (hotkey=R order=20)
[2025-12-13 12:49:53.013] MenuRegistry: Registered 'Theme Editor' in 'Options' menu (hotkey=T order=10)
[2025-12-13 12:49:53.044] MenuRegistry: Registered 'Agenda View' in 'Tasks' menu (hotkey=A order=50)
[2025-12-13 12:49:53.068] MenuRegistry: Registered 'Overdue' in 'Tasks' menu (hotkey=O order=30)
[2025-12-13 12:49:53.085] MenuRegistry: Registered 'Next Actions' in 'Tasks' menu (hotkey=N order=35)
[2025-12-13 12:49:53.106] MenuRegistry: Registered 'Settings' in 'Options' menu (hotkey=S order=20)
[2025-12-13 12:49:53.130] MenuRegistry: Registered 'Checklists' in 'Tools' menu (hotkey=C order=25)
[2025-12-13 12:49:53.150] MenuRegistry: Registered 'Month View' in 'Tasks' menu (hotkey=M order=45)
[2025-12-13 12:49:53.171] MenuRegistry: Registered 'Task List' in 'Tasks' menu (hotkey=L order=5)
[2025-12-13 12:49:53.196] MenuRegistry: Registered 'Kanban Board' in 'Tasks' menu (hotkey=K order=55)
[2025-12-13 12:49:53.214] MenuRegistry: Registered 'Time Tracking' in 'Time' menu (hotkey=T order=5)
[2025-12-13 12:49:53.232] MenuRegistry: Registered 'Tomorrow' in 'Tasks' menu (hotkey=T order=15)
[2025-12-13 12:49:53.249] MenuRegistry: Registered 'Command Library' in 'Tools' menu (hotkey=L order=10)
[2025-12-13 12:49:53.266] MenuRegistry: Registered 'Weekly Report' in 'Time' menu (hotkey=W order=10)
[2025-12-13 12:49:53.284] MenuRegistry: Registered 'Notes' in 'Tools' menu (hotkey=N order=20)
[2025-12-13 12:49:53.300] MenuRegistry: Registered 'Week View' in 'Tasks' menu (hotkey=W order=20)
[2025-12-13 12:49:53.317] MenuRegistry: Registered 'Checklist Templates' in 'Tools' menu (hotkey=H order=30)
[2025-12-13 12:49:53.355] _PopulateMenusFromRegistry: Menu 'Time' has 3 items from registry (array)
[2025-12-13 12:49:53.388] _PopulateMenusFromRegistry: Menu 'Help' has 1 items from registry (array)
[2025-12-13 12:49:53.405] _PopulateMenusFromRegistry: Menu 'Tools' has 4 items from registry (array)
[2025-12-13 12:49:53.430] _PopulateMenusFromRegistry: Menu 'Tasks' has 11 items from registry (array)
[2025-12-13 12:49:53.458] _PopulateMenusFromRegistry: Menu 'Options' has 2 items from registry (array)
[2025-12-13 12:49:53.480] _PopulateMenusFromRegistry: Menu 'Projects' has 3 items from registry (array)
[2025-12-13 12:49:53.496] ServiceContainer: Resolved 'TaskListScreen' successfully
[2025-12-13 12:49:53.516] [INFO] Pushing screen to app...
[2025-12-13 12:49:53.923] [DEBUG] LoadData: Got 4 tasks from Store
[2025-12-13 12:49:54.229] [DEBUG] TaskListScreen.LoadData: Setting 4 tasks
[2025-12-13 12:49:54.254] [INFO] UniversalList.SetData: START, data param type=System.Object[]
[2025-12-13 12:49:54.272] [INFO] UniversalList.SetData: About to assign _data
[2025-12-13 12:49:54.289] [INFO] UniversalList.SetData: _data assigned successfully
[2025-12-13 12:49:54.304] [INFO] UniversalList.SetData: About to check _data type
[2025-12-13 12:49:54.323] [INFO] UniversalList.SetData: _data type=System.Object[]
[2025-12-13 12:49:54.338] [INFO] UniversalList.SetData: About to access _data.Count
[2025-12-13 12:49:54.353] [INFO] UniversalList.SetData: _data.Count=4
[2025-12-13 12:49:54.369] [INFO] UniversalList.SetData: _filteredData assigned
[2025-12-13 12:49:54.388] [INFO] UniversalList.SetData: About to clear _selectedIndices
[2025-12-13 12:49:54.405] [INFO] UniversalList.SetData: _selectedIndices cleared
[2025-12-13 12:49:54.420] [INFO] UniversalList.SetData: Received 4 items
[2025-12-13 12:49:54.441] [INFO] UniversalList.SetData: First item type=Hashtable isHashtable=True
[2025-12-13 12:49:54.469] [INFO] UniversalList.SetData: First item keys: created, priority, text, project, details, modified, tags, due, status, id, completed
[2025-12-13 12:49:54.486] [INFO] UniversalList.SetData: Incrementing cache generation
[2025-12-13 12:49:54.506] [INFO] UniversalList.SetData: Clearing row cache
[2025-12-13 12:49:54.523] [INFO] UniversalList.SetData: Clearing cache access order
[2025-12-13 12:49:54.543] [INFO] UniversalList.SetData: Applying filters
[2025-12-13 12:49:54.576] [INFO] UniversalList.SetData: Applying search
[2025-12-13 12:49:54.590] [INFO] UniversalList.SetData: Invoking OnDataChanged callback
[2025-12-13 12:49:54.625] [INFO] UniversalList.SetData: COMPLETE
[2025-12-13 12:49:54.689] [INFO] Screen pushed successfully
[2025-12-13 12:49:54.706] [INFO] Starting event loop...
[2025-12-13 12:50:07.579] [INFO] Cleanup - showing cursor and resetting terminal
