[2025-12-13 07:33:01.153] [INFO] Loading PMC module...
[2025-12-13 07:33:02.157] [INFO] PMC module loaded
[2025-12-13 07:33:02.158] [INFO] Loading dependencies (FieldSchemas, etc.)...
[2025-12-13 07:33:02.278] [INFO] Dependencies loaded
[2025-12-13 07:33:02.287] [INFO] Loading SpeedTUI framework...
[2025-12-13 07:33:02.530] [INFO] SpeedTUI framework loaded
[2025-12-13 07:33:02.540] [INFO] Loading PraxisVT...
[2025-12-13 07:33:02.556] [INFO] PraxisVT loaded
[2025-12-13 07:33:02.565] [INFO] Loading core dependencies...
[2025-12-13 07:33:02.744] [INFO] Core dependencies loaded
[2025-12-13 07:33:02.754] [INFO] Loading widget base classes...
[2025-12-13 07:33:02.885] [INFO] Widget base classes loaded
[2025-12-13 07:33:02.886] [INFO] Loading services...
[2025-12-13 07:33:03.048] [INFO] Services loaded
[2025-12-13 07:33:03.058] [INFO] Loading helpers...
[2025-12-13 07:33:03.964] [INFO] Helpers loaded
[2025-12-13 07:33:03.965] [INFO] Loading widgets...
[2025-12-13 07:33:04.483] [INFO] Widgets loaded
[2025-12-13 07:33:04.493] [INFO] Loading screen base class...
[2025-12-13 07:33:04.523] [INFO] Screen base class loaded
[2025-12-13 07:33:04.536] [INFO] Loading HelpViewScreen (needed by base classes)...
[2025-12-13 07:33:04.570] [INFO] HelpViewScreen loaded
[2025-12-13 07:33:04.581] [INFO] Loading base classes...
[2025-12-13 07:33:04.674] [INFO] Base classes loaded
[2025-12-13 07:33:04.686] [INFO] Loading ServiceContainer (needed by screens)...
[2025-12-13 07:33:04.709] [INFO] ServiceContainer loaded
[2025-12-13 07:33:04.720] [INFO] Loading remaining screens...
[2025-12-13 07:33:04.827] [INFO] Remaining screens loaded
[2025-12-13 07:33:04.838] [INFO] Loading PmcApplication...
[2025-12-13 07:33:04.864] [INFO] PmcApplication loaded
[2025-12-13 07:33:04.875] [INFO] All components loaded successfully
[2025-12-13 07:33:04.894] [INFO] Starting PMC TUI with screen: TaskList
[2025-12-13 07:33:04.908] [INFO] Cleared stale PmcSharedMenuBar and MenuRegistry singleton
[2025-12-13 07:33:04.919] [INFO] Creating ServiceContainer...
[2025-12-13 07:33:04.941] [INFO] ServiceContainer created
[2025-12-13 07:33:04.952] [INFO] Registering Theme service...
[2025-12-13 07:33:04.970] ServiceContainer: Registered 'Theme' (singleton=True)
[2025-12-13 07:33:04.981] [INFO] Registering ThemeManager...
[2025-12-13 07:33:04.992] ServiceContainer: Registered 'ThemeManager' (singleton=True)
[2025-12-13 07:33:05.003] [INFO] Registering Config service...
[2025-12-13 07:33:05.013] ServiceContainer: Registered 'Config' (singleton=True)
[2025-12-13 07:33:05.024] [INFO] Registering TaskStore service...
[2025-12-13 07:33:05.035] ServiceContainer: Registered 'TaskStore' (singleton=True)
[2025-12-13 07:33:05.045] [INFO] Registering MenuRegistry service...
[2025-12-13 07:33:05.054] ServiceContainer: Registered 'MenuRegistry' (singleton=True)
[2025-12-13 07:33:05.065] [INFO] Registering Application service...
[2025-12-13 07:33:05.074] ServiceContainer: Registered 'Application' (singleton=True)
[2025-12-13 07:33:05.084] [INFO] Registering CommandService...
[2025-12-13 07:33:05.094] ServiceContainer: Registered 'CommandService' (singleton=True)
[2025-12-13 07:33:05.104] [INFO] Registering ChecklistService...
[2025-12-13 07:33:05.113] ServiceContainer: Registered 'ChecklistService' (singleton=True)
[2025-12-13 07:33:05.123] [INFO] Registering NoteService...
[2025-12-13 07:33:05.133] ServiceContainer: Registered 'NoteService' (singleton=True)
[2025-12-13 07:33:05.143] [INFO] Registering ExcelMappingService...
[2025-12-13 07:33:05.153] ServiceContainer: Registered 'ExcelMappingService' (singleton=True)
[2025-12-13 07:33:05.163] [INFO] Registering PreferencesService...
[2025-12-13 07:33:05.173] ServiceContainer: Registered 'PreferencesService' (singleton=True)
[2025-12-13 07:33:05.182] [INFO] Registering screen factories...
[2025-12-13 07:33:05.193] ServiceContainer: Registered 'TaskListScreen' (singleton=False)
[2025-12-13 07:33:05.203] [INFO] Resolving Application from container...
[2025-12-13 07:33:05.222] ServiceContainer: Resolving 'Application'...
[2025-12-13 07:33:05.234] [INFO] Resolving Application...
[2025-12-13 07:33:05.244] ServiceContainer: Resolving 'Theme'...
[2025-12-13 07:33:05.260] [INFO] Resolving Theme: Calling Initialize-PmcThemeSystem...
[2025-12-13 07:33:05.280] [INFO] Theme resolved: #33aaff
[2025-12-13 07:33:05.290] [INFO] Loading PmcThemeEngine...
[2025-12-13 07:33:05.399] [DEBUG] Palette [Border] -> #185F30 (R=24 G=95 B=48)
[2025-12-13 07:33:05.409] [DEBUG] Palette [Highlight] -> #228844 (R=34 G=136 B=68)
[2025-12-13 07:33:05.419] [DEBUG] Palette [Label] -> #5C8F6D (R=92 G=143 B=109)
[2025-12-13 07:33:05.429] [DEBUG] Palette [Bright] -> #2CB158 (R=44 G=177 B=88)
[2025-12-13 07:33:05.439] [DEBUG] Palette [Muted] -> #5C8F6D (R=92 G=143 B=109)
[2025-12-13 07:33:05.449] [DEBUG] Palette [Primary] -> #228844 (R=34 G=136 B=68)
[2025-12-13 07:33:05.459] [DEBUG] Palette [Text] -> #C2EACF (R=194 G=234 B=207)
[2025-12-13 07:33:05.469] [DEBUG] Palette [Warning] -> #7FCA14 (R=127 G=202 B=20)
[2025-12-13 07:33:05.478] [DEBUG] Palette [Error] -> #BE2914 (R=190 G=41 B=20)
[2025-12-13 07:33:05.489] [DEBUG] Palette [Cursor] -> #228844 (R=34 G=136 B=68)
[2025-12-13 07:33:05.498] [DEBUG] Palette [Header] -> #228844 (R=34 G=136 B=68)
[2025-12-13 07:33:05.508] [DEBUG] Palette [Status] -> #5C8F6D (R=92 G=143 B=109)
[2025-12-13 07:33:05.518] [DEBUG] Palette [Success] -> #2CB158 (R=44 G=177 B=88)
[2025-12-13 07:33:05.527] [DEBUG] Palette [Footer] -> #185F30 (R=24 G=95 B=48)
[2025-12-13 07:33:05.544] [INFO] LoadFromConfig: Loaded Properties with 16 items
[2025-12-13 07:33:05.561] [INFO] PmcThemeEngine initialized with PMC palette (14 colors)
[2025-12-13 07:33:05.572] ServiceContainer: Resolved 'Theme' successfully
[2025-12-13 07:33:05.838] ServiceContainer: Resolving 'ThemeManager'...
[2025-12-13 07:33:05.851] [INFO] Resolving ThemeManager...
[2025-12-13 07:33:05.919] ServiceContainer: Resolved 'ThemeManager' successfully
[2025-12-13 07:33:05.935] ServiceContainer: Resolved 'Application' successfully
[2025-12-13 07:33:05.945] [INFO] Application resolved and assigned to $global:PmcApp
[2025-12-13 07:33:05.955] [INFO] Loading menus from manifest...
[2025-12-13 07:33:05.965] ServiceContainer: Resolving 'MenuRegistry'...
[2025-12-13 07:33:05.977] [INFO] Resolving MenuRegistry...
[2025-12-13 07:33:05.991] ServiceContainer: Resolved 'MenuRegistry' successfully
[2025-12-13 07:33:06.013] MenuRegistry: Loaded manifest with 24 entries
[2025-12-13 07:33:06.042] ServiceContainer: Registered 'TaskListScreen_Week' (singleton=False)
[2025-12-13 07:33:06.052] MenuRegistry: Registered screen factory 'TaskListScreen_Week' in container (viewMode=week)
[2025-12-13 07:33:06.069] MenuRegistry: Registered 'Week View' in 'Tasks' menu (hotkey=W order=20)
[2025-12-13 07:33:06.080] ServiceContainer: Registered 'ExcelImportScreen' (singleton=False)
[2025-12-13 07:33:06.090] MenuRegistry: Registered screen factory 'ExcelImportScreen' in container (viewMode=)
[2025-12-13 07:33:06.101] MenuRegistry: Registered 'Import from Excel' in 'Projects' menu (hotkey=I order=40)
[2025-12-13 07:33:06.112] ServiceContainer: Registered 'SettingsScreen' (singleton=False)
[2025-12-13 07:33:06.122] MenuRegistry: Registered screen factory 'SettingsScreen' in container (viewMode=)
[2025-12-13 07:33:06.133] MenuRegistry: Registered 'Settings' in 'Options' menu (hotkey=S order=20)
[2025-12-13 07:33:06.144] ServiceContainer: Registered 'ChecklistsLauncherScreen' (singleton=False)
[2025-12-13 07:33:06.154] MenuRegistry: Registered screen factory 'ChecklistsLauncherScreen' in container (viewMode=)
[2025-12-13 07:33:06.164] MenuRegistry: Registered 'Checklists' in 'Tools' menu (hotkey=C order=25)
[2025-12-13 07:33:06.175] ServiceContainer: Registered 'CommandLibraryScreen' (singleton=False)
[2025-12-13 07:33:06.185] MenuRegistry: Registered screen factory 'CommandLibraryScreen' in container (viewMode=)
[2025-12-13 07:33:06.195] MenuRegistry: Registered 'Command Library' in 'Tools' menu (hotkey=L order=10)
[2025-12-13 07:33:06.208] ServiceContainer: Registered 'TimeReportScreen' (singleton=False)
[2025-12-13 07:33:06.218] MenuRegistry: Registered screen factory 'TimeReportScreen' in container (viewMode=)
[2025-12-13 07:33:06.229] MenuRegistry: Registered 'Time Report' in 'Time' menu (hotkey=R order=20)
[2025-12-13 07:33:06.239] ServiceContainer: Registered 'ThemeEditorScreen' (singleton=False)
[2025-12-13 07:33:06.249] MenuRegistry: Registered screen factory 'ThemeEditorScreen' in container (viewMode=)
[2025-12-13 07:33:06.261] MenuRegistry: Registered 'Theme Editor' in 'Options' menu (hotkey=T order=10)
[2025-12-13 07:33:06.271] ServiceContainer: Registered 'TaskListScreen_Today' (singleton=False)
[2025-12-13 07:33:06.282] MenuRegistry: Registered screen factory 'TaskListScreen_Today' in container (viewMode=today)
[2025-12-13 07:33:06.292] MenuRegistry: Registered 'Today' in 'Tasks' menu (hotkey=Y order=10)
[2025-12-13 07:33:06.303] ServiceContainer: Registered 'ProjectListScreen' (singleton=False)
[2025-12-13 07:33:06.313] MenuRegistry: Registered screen factory 'ProjectListScreen' in container (viewMode=)
[2025-12-13 07:33:06.324] MenuRegistry: Registered 'Project List' in 'Projects' menu (hotkey=L order=10)
[2025-12-13 07:33:06.335] ServiceContainer: Registered 'ChecklistTemplatesFolderScreen' (singleton=False)
[2025-12-13 07:33:06.345] MenuRegistry: Registered screen factory 'ChecklistTemplatesFolderScreen' in container (viewMode=)
[2025-12-13 07:33:06.355] MenuRegistry: Registered 'Checklist Templates' in 'Tools' menu (hotkey=H order=30)
[2025-12-13 07:33:06.365] ServiceContainer: Registered 'TaskListScreen_NoDate' (singleton=False)
[2025-12-13 07:33:06.375] MenuRegistry: Registered screen factory 'TaskListScreen_NoDate' in container (viewMode=noduedate)
[2025-12-13 07:33:06.385] MenuRegistry: Registered 'No Due Date' in 'Tasks' menu (hotkey=D order=40)
[2025-12-13 07:33:06.396] ServiceContainer: Registered 'WeeklyTimeReportScreen' (singleton=False)
[2025-12-13 07:33:06.406] MenuRegistry: Registered screen factory 'WeeklyTimeReportScreen' in container (viewMode=)
[2025-12-13 07:33:06.416] MenuRegistry: Registered 'Weekly Report' in 'Time' menu (hotkey=W order=10)
[2025-12-13 07:33:06.426] ServiceContainer: Registered 'TaskListScreen_Agenda' (singleton=False)
[2025-12-13 07:33:06.436] MenuRegistry: Registered screen factory 'TaskListScreen_Agenda' in container (viewMode=agenda)
[2025-12-13 07:33:06.446] MenuRegistry: Registered 'Agenda View' in 'Tasks' menu (hotkey=A order=50)
[2025-12-13 07:33:06.457] ServiceContainer: Registered 'NotesMenuScreen' (singleton=False)
[2025-12-13 07:33:06.467] MenuRegistry: Registered screen factory 'NotesMenuScreen' in container (viewMode=)
[2025-12-13 07:33:06.477] MenuRegistry: Registered 'Notes' in 'Tools' menu (hotkey=N order=20)
[2025-12-13 07:33:06.489] ServiceContainer: Registered 'TaskListScreen_Tomorrow' (singleton=False)
[2025-12-13 07:33:06.500] MenuRegistry: Registered screen factory 'TaskListScreen_Tomorrow' in container (viewMode=tomorrow)
[2025-12-13 07:33:06.510] MenuRegistry: Registered 'Tomorrow' in 'Tasks' menu (hotkey=T order=15)
[2025-12-13 07:33:06.521] ServiceContainer: Registered 'TimeListScreen' (singleton=False)
[2025-12-13 07:33:06.530] MenuRegistry: Registered screen factory 'TimeListScreen' in container (viewMode=)
[2025-12-13 07:33:06.541] MenuRegistry: Registered 'Time Tracking' in 'Time' menu (hotkey=T order=5)
[2025-12-13 07:33:06.557] ServiceContainer: Registered 'TaskListScreen_Month' (singleton=False)
[2025-12-13 07:33:06.571] MenuRegistry: Registered screen factory 'TaskListScreen_Month' in container (viewMode=month)
[2025-12-13 07:33:06.583] MenuRegistry: Registered 'Month View' in 'Tasks' menu (hotkey=M order=45)
[2025-12-13 07:33:06.594] ServiceContainer: Registered 'ExcelProfileManagerScreen' (singleton=False)
[2025-12-13 07:33:06.605] MenuRegistry: Registered screen factory 'ExcelProfileManagerScreen' in container (viewMode=)
[2025-12-13 07:33:06.616] MenuRegistry: Registered 'Excel Profiles' in 'Projects' menu (hotkey=M order=50)
[2025-12-13 07:33:06.627] ServiceContainer: Registered 'KanbanScreenV2' (singleton=False)
[2025-12-13 07:33:06.637] MenuRegistry: Registered screen factory 'KanbanScreenV2' in container (viewMode=)
[2025-12-13 07:33:06.647] MenuRegistry: Registered 'Kanban Board' in 'Tasks' menu (hotkey=K order=55)
[2025-12-13 07:33:06.658] ServiceContainer: Registered 'TaskListScreen_Default' (singleton=False)
[2025-12-13 07:33:06.667] MenuRegistry: Registered screen factory 'TaskListScreen_Default' in container (viewMode=)
[2025-12-13 07:33:06.678] MenuRegistry: Registered 'Task List' in 'Tasks' menu (hotkey=L order=5)
[2025-12-13 07:33:06.689] ServiceContainer: Registered 'TaskListScreen_Upcoming' (singleton=False)
[2025-12-13 07:33:06.700] MenuRegistry: Registered screen factory 'TaskListScreen_Upcoming' in container (viewMode=upcoming)
[2025-12-13 07:33:06.710] MenuRegistry: Registered 'Upcoming' in 'Tasks' menu (hotkey=U order=25)
[2025-12-13 07:33:06.721] ServiceContainer: Registered 'TaskListScreen_Overdue' (singleton=False)
[2025-12-13 07:33:06.731] MenuRegistry: Registered screen factory 'TaskListScreen_Overdue' in container (viewMode=overdue)
[2025-12-13 07:33:06.741] MenuRegistry: Registered 'Overdue' in 'Tasks' menu (hotkey=O order=30)
[2025-12-13 07:33:06.752] ServiceContainer: Registered 'HelpViewScreen' (singleton=False)
[2025-12-13 07:33:06.764] MenuRegistry: Registered screen factory 'HelpViewScreen' in container (viewMode=)
[2025-12-13 07:33:06.774] MenuRegistry: Registered 'Help' in 'Help' menu (hotkey=H order=10)
[2025-12-13 07:33:06.784] ServiceContainer: Registered 'TaskListScreen_NextActions' (singleton=False)
[2025-12-13 07:33:06.794] MenuRegistry: Registered screen factory 'TaskListScreen_NextActions' in container (viewMode=nextactions)
[2025-12-13 07:33:06.805] MenuRegistry: Registered 'Next Actions' in 'Tasks' menu (hotkey=N order=35)
[2025-12-13 07:33:06.815] [INFO] Menus loaded from C:\Users\jhnhe\OneDrive\Documents\GitHub\project-management-console\og_transport\HYBRID\module\Pmc.strict\consoleui\screens\MenuItems.psd1
[2025-12-13 07:33:06.825] [INFO] Launching screen: TaskList
[2025-12-13 07:33:06.836] [INFO] Resolving TaskListScreen from container...
[2025-12-13 07:33:06.847] ServiceContainer: Resolving 'TaskListScreen'...
[2025-12-13 07:33:06.860] [INFO] Resolving TaskListScreen...
[2025-12-13 07:33:06.870] ServiceContainer: Resolving 'TaskStore'...
[2025-12-13 07:33:06.883] [INFO] Resolving TaskStore...
[2025-12-13 07:33:06.920] [DEBUG] TaskStore.LoadData: Starting
[2025-12-13 07:33:06.932] [DEBUG] TaskStore.LoadData: Calling Get-PmcData
[2025-12-13 07:33:07.129] [DEBUG] TaskStore.LoadData: Get-PmcData returned - tasks=4 projects=2 timelogs=3
[2025-12-13 07:33:07.146] [DEBUG] TaskStore.LoadData: Loaded 4 tasks
[2025-12-13 07:33:07.160] [DEBUG] TaskStore.LoadData: Loaded 2 projects
[2025-12-13 07:33:07.174] [DEBUG] TaskStore.LoadData: First project name='p1' ID1='111'
[2025-12-13 07:33:07.190] ServiceContainer: Resolved 'TaskStore' successfully
[2025-12-13 07:33:07.525] MenuRegistry: Loaded manifest with 24 entries
[2025-12-13 07:33:07.536] MenuRegistry: Registered 'Week View' in 'Tasks' menu (hotkey=W order=20)
[2025-12-13 07:33:07.547] MenuRegistry: Registered 'Import from Excel' in 'Projects' menu (hotkey=I order=40)
[2025-12-13 07:33:07.558] MenuRegistry: Registered 'Settings' in 'Options' menu (hotkey=S order=20)
[2025-12-13 07:33:07.569] MenuRegistry: Registered 'Checklists' in 'Tools' menu (hotkey=C order=25)
[2025-12-13 07:33:07.580] MenuRegistry: Registered 'Command Library' in 'Tools' menu (hotkey=L order=10)
[2025-12-13 07:33:07.591] MenuRegistry: Registered 'Time Report' in 'Time' menu (hotkey=R order=20)
[2025-12-13 07:33:07.602] MenuRegistry: Registered 'Theme Editor' in 'Options' menu (hotkey=T order=10)
[2025-12-13 07:33:07.613] MenuRegistry: Registered 'Today' in 'Tasks' menu (hotkey=Y order=10)
[2025-12-13 07:33:07.623] MenuRegistry: Registered 'Project List' in 'Projects' menu (hotkey=L order=10)
[2025-12-13 07:33:07.634] MenuRegistry: Registered 'Checklist Templates' in 'Tools' menu (hotkey=H order=30)
[2025-12-13 07:33:07.645] MenuRegistry: Registered 'No Due Date' in 'Tasks' menu (hotkey=D order=40)
[2025-12-13 07:33:07.656] MenuRegistry: Registered 'Weekly Report' in 'Time' menu (hotkey=W order=10)
[2025-12-13 07:33:07.667] MenuRegistry: Registered 'Agenda View' in 'Tasks' menu (hotkey=A order=50)
[2025-12-13 07:33:07.683] MenuRegistry: Registered 'Notes' in 'Tools' menu (hotkey=N order=20)
[2025-12-13 07:33:07.694] MenuRegistry: Registered 'Tomorrow' in 'Tasks' menu (hotkey=T order=15)
[2025-12-13 07:33:07.704] MenuRegistry: Registered 'Time Tracking' in 'Time' menu (hotkey=T order=5)
[2025-12-13 07:33:07.715] MenuRegistry: Registered 'Month View' in 'Tasks' menu (hotkey=M order=45)
[2025-12-13 07:33:07.726] MenuRegistry: Registered 'Excel Profiles' in 'Projects' menu (hotkey=M order=50)
[2025-12-13 07:33:07.736] MenuRegistry: Registered 'Kanban Board' in 'Tasks' menu (hotkey=K order=55)
[2025-12-13 07:33:07.747] MenuRegistry: Registered 'Task List' in 'Tasks' menu (hotkey=L order=5)
[2025-12-13 07:33:07.759] MenuRegistry: Registered 'Upcoming' in 'Tasks' menu (hotkey=U order=25)
[2025-12-13 07:33:07.770] MenuRegistry: Registered 'Overdue' in 'Tasks' menu (hotkey=O order=30)
[2025-12-13 07:33:07.780] MenuRegistry: Registered 'Help' in 'Help' menu (hotkey=H order=10)
[2025-12-13 07:33:07.791] MenuRegistry: Registered 'Next Actions' in 'Tasks' menu (hotkey=N order=35)
[2025-12-13 07:33:07.812] _PopulateMenusFromRegistry: Menu 'Tools' has 4 items from registry (array)
[2025-12-13 07:33:07.833] _PopulateMenusFromRegistry: Menu 'Options' has 2 items from registry (array)
[2025-12-13 07:33:07.845] _PopulateMenusFromRegistry: Menu 'Time' has 3 items from registry (array)
[2025-12-13 07:33:07.859] _PopulateMenusFromRegistry: Menu 'Tasks' has 11 items from registry (array)
[2025-12-13 07:33:07.872] _PopulateMenusFromRegistry: Menu 'Projects' has 3 items from registry (array)
[2025-12-13 07:33:07.884] _PopulateMenusFromRegistry: Menu 'Help' has 1 items from registry (array)
[2025-12-13 07:33:07.895] ServiceContainer: Resolved 'TaskListScreen' successfully
[2025-12-13 07:33:07.905] [INFO] Pushing screen to app...
[2025-12-13 07:33:08.257] [DEBUG] LoadData: Got 4 tasks from Store
[2025-12-13 07:33:08.331] [DEBUG] TaskListScreen.LoadData: Setting 4 tasks
[2025-12-13 07:33:08.348] [INFO] UniversalList.SetData: START, data param type=System.Object[]
[2025-12-13 07:33:08.359] [INFO] UniversalList.SetData: About to assign _data
[2025-12-13 07:33:08.371] [INFO] UniversalList.SetData: _data assigned successfully
[2025-12-13 07:33:08.382] [INFO] UniversalList.SetData: About to check _data type
[2025-12-13 07:33:08.394] [INFO] UniversalList.SetData: _data type=System.Object[]
[2025-12-13 07:33:08.404] [INFO] UniversalList.SetData: About to access _data.Count
[2025-12-13 07:33:08.415] [INFO] UniversalList.SetData: _data.Count=4
[2025-12-13 07:33:08.427] [INFO] UniversalList.SetData: _filteredData assigned
[2025-12-13 07:33:08.438] [INFO] UniversalList.SetData: About to clear _selectedIndices
[2025-12-13 07:33:08.450] [INFO] UniversalList.SetData: _selectedIndices cleared
[2025-12-13 07:33:08.461] [INFO] UniversalList.SetData: Received 4 items
[2025-12-13 07:33:08.473] [INFO] UniversalList.SetData: First item type=Hashtable isHashtable=True
[2025-12-13 07:33:08.484] [INFO] UniversalList.SetData: First item keys: completed, details, created, id, text, status, modified, due, tags, priority, project
[2025-12-13 07:33:08.495] [INFO] UniversalList.SetData: Incrementing cache generation
[2025-12-13 07:33:08.507] [INFO] UniversalList.SetData: Clearing row cache
[2025-12-13 07:33:08.519] [INFO] UniversalList.SetData: Clearing cache access order
[2025-12-13 07:33:08.531] [INFO] UniversalList.SetData: Applying filters
[2025-12-13 07:33:08.558] [INFO] UniversalList.SetData: Applying search
[2025-12-13 07:33:08.569] [INFO] UniversalList.SetData: Invoking OnDataChanged callback
[2025-12-13 07:33:08.586] [INFO] UniversalList.SetData: COMPLETE
[2025-12-13 07:33:08.737] [INFO] Screen pushed successfully
[2025-12-13 07:33:08.748] [INFO] Starting event loop...
[07:33:08.958] [DEBUG] UniversalList.Render: Borders='ESC[38;2;24;95;48m' Text='ESC[38;2;194;234;207m' Title='ESC[38;2;34;136;68m'
[2025-12-13 07:33:09.036] [INFO] PadText: text='Task' rawLen=4 visibleLen=4 width=40 align=left
[2025-12-13 07:33:09.050] [INFO] PadText: text='Details' rawLen=7 visibleLen=7 width=28 align=left
[2025-12-13 07:33:09.063] [INFO] PadText: text='Due' rawLen=3 visibleLen=3 width=16 align=left
[2025-12-13 07:33:09.075] [INFO] PadText: text='Project' rawLen=7 visibleLen=7 width=21 align=left
[2025-12-13 07:33:09.087] [INFO] PadText: text='Tags' rawLen=4 visibleLen=4 width=23 align=left
[2025-12-13 07:33:09.132] [INFO] PadText: text='t2' rawLen=2 visibleLen=2 width=38 align=left
[2025-12-13 07:33:09.162] [INFO] PadText: text='d2' rawLen=2 visibleLen=2 width=26 align=left
[2025-12-13 07:33:09.186] [INFO] PadText: text='Dec 16' rawLen=6 visibleLen=6 width=14 align=left
[2025-12-13 07:33:09.231] [INFO] PadText: text='t3' rawLen=2 visibleLen=2 width=38 align=left
[2025-12-13 07:33:09.243] [INFO] PadText: text='Dec 18' rawLen=6 visibleLen=6 width=14 align=left
[2025-12-13 07:33:09.255] [INFO] PadText: text='p1' rawLen=2 visibleLen=2 width=19 align=left
[2025-12-13 07:33:09.279] [INFO] PadText: text='t1' rawLen=2 visibleLen=2 width=38 align=left
[2025-12-13 07:33:09.305] [INFO] PadText: text='task' rawLen=4 visibleLen=4 width=38 align=left
[07:33:09.559] [DEBUG] UniversalList.Render: Borders='ESC[38;2;24;95;48m' Text='ESC[38;2;194;234;207m' Title='ESC[38;2;34;136;68m'
[2025-12-13 07:33:09.577] [INFO] PadText: text='Task' rawLen=4 visibleLen=4 width=40 align=left
[2025-12-13 07:33:09.589] [INFO] PadText: text='Details' rawLen=7 visibleLen=7 width=28 align=left
[2025-12-13 07:33:09.602] [INFO] PadText: text='Due' rawLen=3 visibleLen=3 width=16 align=left
[2025-12-13 07:33:09.613] [INFO] PadText: text='Project' rawLen=7 visibleLen=7 width=21 align=left
[2025-12-13 07:33:09.625] [INFO] PadText: text='Tags' rawLen=4 visibleLen=4 width=23 align=left
[2025-12-13 07:33:09.644] [INFO] PadText: text='t2' rawLen=2 visibleLen=2 width=38 align=left
[2025-12-13 07:33:09.655] [INFO] PadText: text='d2' rawLen=2 visibleLen=2 width=26 align=left
[2025-12-13 07:33:09.667] [INFO] PadText: text='Dec 16' rawLen=6 visibleLen=6 width=14 align=left
[2025-12-13 07:33:09.689] [INFO] PadText: text='t3' rawLen=2 visibleLen=2 width=38 align=left
[2025-12-13 07:33:09.700] [INFO] PadText: text='Dec 18' rawLen=6 visibleLen=6 width=14 align=left
[2025-12-13 07:33:09.711] [INFO] PadText: text='p1' rawLen=2 visibleLen=2 width=19 align=left
[2025-12-13 07:33:09.731] [INFO] PadText: text='t1' rawLen=2 visibleLen=2 width=38 align=left
[2025-12-13 07:33:09.752] [INFO] PadText: text='task' rawLen=4 visibleLen=4 width=38 align=left
[07:33:14.703] [DEBUG] UniversalList.Render: Borders='ESC[38;2;24;95;48m' Text='ESC[38;2;194;234;207m' Title='ESC[38;2;34;136;68m'
[2025-12-13 07:33:14.712] [INFO] PadText: text='Task' rawLen=4 visibleLen=4 width=40 align=left
[2025-12-13 07:33:14.726] [INFO] PadText: text='Details' rawLen=7 visibleLen=7 width=28 align=left
[2025-12-13 07:33:14.739] [INFO] PadText: text='Due' rawLen=3 visibleLen=3 width=16 align=left
[2025-12-13 07:33:14.752] [INFO] PadText: text='Project' rawLen=7 visibleLen=7 width=21 align=left
[2025-12-13 07:33:14.767] [INFO] PadText: text='Tags' rawLen=4 visibleLen=4 width=23 align=left
[2025-12-13 07:33:14.794] [INFO] PadText: text='t2' rawLen=2 visibleLen=2 width=38 align=left
[2025-12-13 07:33:14.812] [INFO] PadText: text='d2' rawLen=2 visibleLen=2 width=26 align=left
[2025-12-13 07:33:14.839] [INFO] PadText: text='Dec 16' rawLen=6 visibleLen=6 width=14 align=left
[2025-12-13 07:33:14.858] [INFO] PadText: text='t3' rawLen=2 visibleLen=2 width=38 align=left
[2025-12-13 07:33:14.871] [INFO] PadText: text='Dec 18' rawLen=6 visibleLen=6 width=14 align=left
[2025-12-13 07:33:14.884] [INFO] PadText: text='p1' rawLen=2 visibleLen=2 width=19 align=left
[2025-12-13 07:33:14.907] [INFO] PadText: text='t1' rawLen=2 visibleLen=2 width=38 align=left
[2025-12-13 07:33:14.946] [INFO] PadText: text='task' rawLen=4 visibleLen=4 width=38 align=left
[07:33:15.097] [DEBUG] UniversalList.Render: Borders='ESC[38;2;24;95;48m' Text='ESC[38;2;194;234;207m' Title='ESC[38;2;34;136;68m'
[2025-12-13 07:33:15.115] [INFO] PadText: text='Task' rawLen=4 visibleLen=4 width=40 align=left
[2025-12-13 07:33:15.131] [INFO] PadText: text='Details' rawLen=7 visibleLen=7 width=28 align=left
[2025-12-13 07:33:15.143] [INFO] PadText: text='Due' rawLen=3 visibleLen=3 width=16 align=left
[2025-12-13 07:33:15.156] [INFO] PadText: text='Project' rawLen=7 visibleLen=7 width=21 align=left
[2025-12-13 07:33:15.170] [INFO] PadText: text='Tags' rawLen=4 visibleLen=4 width=23 align=left
[2025-12-13 07:33:15.191] [INFO] PadText: text='t2' rawLen=2 visibleLen=2 width=38 align=left
[2025-12-13 07:33:15.210] [INFO] PadText: text='d2' rawLen=2 visibleLen=2 width=26 align=left
[2025-12-13 07:33:15.223] [INFO] PadText: text='Dec 16' rawLen=6 visibleLen=6 width=14 align=left
[2025-12-13 07:33:15.246] [INFO] PadText: text='t3' rawLen=2 visibleLen=2 width=38 align=left
[2025-12-13 07:33:15.264] [INFO] PadText: text='Dec 18' rawLen=6 visibleLen=6 width=14 align=left
[2025-12-13 07:33:15.281] [INFO] PadText: text='p1' rawLen=2 visibleLen=2 width=19 align=left
[2025-12-13 07:33:15.305] [INFO] PadText: text='t1' rawLen=2 visibleLen=2 width=38 align=left
[2025-12-13 07:33:15.337] [INFO] PadText: text='task' rawLen=4 visibleLen=4 width=38 align=left
[2025-12-13 07:33:17.569] [DEBUG] StandardListScreen: Routing to InlineEditor (Key=D1)
[2025-12-13 07:33:17.592] [DEBUG] StandardListScreen: After HandleInput - IsConfirmed=False IsCancelled=False ShowInlineEditor=True
[2025-12-13 07:33:17.604] [DEBUG] StandardListScreen: After close check - ShowInlineEditor=True
[07:33:17.634] [DEBUG] UniversalList.Render: Borders='ESC[38;2;24;95;48m' Text='ESC[38;2;194;234;207m' Title='ESC[38;2;34;136;68m'
[2025-12-13 07:33:17.650] [INFO] PadText: text='Task' rawLen=4 visibleLen=4 width=40 align=left
[2025-12-13 07:33:17.662] [INFO] PadText: text='Details' rawLen=7 visibleLen=7 width=28 align=left
[2025-12-13 07:33:17.673] [INFO] PadText: text='Due' rawLen=3 visibleLen=3 width=16 align=left
[2025-12-13 07:33:17.686] [INFO] PadText: text='Project' rawLen=7 visibleLen=7 width=21 align=left
[2025-12-13 07:33:17.702] [INFO] PadText: text='Tags' rawLen=4 visibleLen=4 width=23 align=left
[2025-12-13 07:33:17.717] [INFO] PadText: text='t2' rawLen=2 visibleLen=2 width=38 align=left
[2025-12-13 07:33:17.729] [INFO] PadText: text='d2' rawLen=2 visibleLen=2 width=26 align=left
[2025-12-13 07:33:17.740] [INFO] PadText: text='Dec 16' rawLen=6 visibleLen=6 width=14 align=left
[2025-12-13 07:33:17.757] [INFO] PadText: text='t3' rawLen=2 visibleLen=2 width=38 align=left
[2025-12-13 07:33:17.771] [INFO] PadText: text='Dec 18' rawLen=6 visibleLen=6 width=14 align=left
[2025-12-13 07:33:17.782] [INFO] PadText: text='p1' rawLen=2 visibleLen=2 width=19 align=left
[2025-12-13 07:33:17.801] [INFO] PadText: text='t1' rawLen=2 visibleLen=2 width=38 align=left
[2025-12-13 07:33:17.825] [INFO] PadText: text='task' rawLen=4 visibleLen=4 width=38 align=left
[07:33:17.923] [DEBUG] UniversalList.Render: Borders='ESC[38;2;24;95;48m' Text='ESC[38;2;194;234;207m' Title='ESC[38;2;34;136;68m'
[2025-12-13 07:33:17.943] [INFO] PadText: text='Task' rawLen=4 visibleLen=4 width=40 align=left
[2025-12-13 07:33:17.956] [INFO] PadText: text='Details' rawLen=7 visibleLen=7 width=28 align=left
[2025-12-13 07:33:17.969] [INFO] PadText: text='Due' rawLen=3 visibleLen=3 width=16 align=left
[2025-12-13 07:33:17.981] [INFO] PadText: text='Project' rawLen=7 visibleLen=7 width=21 align=left
[2025-12-13 07:33:17.997] [INFO] PadText: text='Tags' rawLen=4 visibleLen=4 width=23 align=left
[2025-12-13 07:33:18.026] [INFO] PadText: text='t2' rawLen=2 visibleLen=2 width=38 align=left
[2025-12-13 07:33:18.041] [INFO] PadText: text='d2' rawLen=2 visibleLen=2 width=26 align=left
[2025-12-13 07:33:18.053] [INFO] PadText: text='Dec 16' rawLen=6 visibleLen=6 width=14 align=left
[2025-12-13 07:33:18.072] [INFO] PadText: text='t3' rawLen=2 visibleLen=2 width=38 align=left
[2025-12-13 07:33:18.085] [INFO] PadText: text='Dec 18' rawLen=6 visibleLen=6 width=14 align=left
[2025-12-13 07:33:18.096] [INFO] PadText: text='p1' rawLen=2 visibleLen=2 width=19 align=left
[2025-12-13 07:33:18.112] [INFO] PadText: text='t1' rawLen=2 visibleLen=2 width=38 align=left
[2025-12-13 07:33:18.129] [INFO] PadText: text='task' rawLen=4 visibleLen=4 width=38 align=left
[2025-12-13 07:33:19.260] [DEBUG] StandardListScreen: Routing to InlineEditor (Key=Escape)
[2025-12-13 07:33:20.866] [INFO] Event loop exited normally
[2025-12-13 07:33:20.878] [INFO] Cleanup - showing cursor and resetting terminal
