[2025-12-13 15:17:06.337] [INFO] Loading PMC module...
[2025-12-13 15:17:08.097] [INFO] PMC module loaded
[2025-12-13 15:17:08.100] [INFO] Loading dependencies (FieldSchemas, etc.)...
[2025-12-13 15:17:08.229] [INFO] Dependencies loaded
[2025-12-13 15:17:08.240] [INFO] Loading SpeedTUI framework...
[2025-12-13 15:17:08.646] [INFO] SpeedTUI framework loaded
[2025-12-13 15:17:08.657] [INFO] Loading PraxisVT...
[2025-12-13 15:17:08.678] [INFO] PraxisVT loaded
[2025-12-13 15:17:08.690] [INFO] Loading core dependencies...
[2025-12-13 15:17:08.798] [INFO] Core dependencies loaded
[2025-12-13 15:17:08.811] [INFO] Loading widget base classes...
[2025-12-13 15:17:08.890] [INFO] Widget base classes loaded
[2025-12-13 15:17:08.903] [INFO] Loading services...
[2025-12-13 15:17:09.111] [INFO] Services loaded
[2025-12-13 15:17:09.128] [INFO] Loading helpers...
[2025-12-13 15:17:10.155] [INFO] Helpers loaded
[2025-12-13 15:17:10.180] [INFO] Loading widgets...
[2025-12-13 15:17:11.104] [INFO] Widgets loaded
[2025-12-13 15:17:11.108] [INFO] Loading screen base class...
[2025-12-13 15:17:11.155] [INFO] Screen base class loaded
[2025-12-13 15:17:11.173] [INFO] Loading HelpViewScreen (needed by base classes)...
[2025-12-13 15:17:11.219] [INFO] HelpViewScreen loaded
[2025-12-13 15:17:11.236] [INFO] Loading base classes...
[2025-12-13 15:17:11.439] [INFO] Base classes loaded
[2025-12-13 15:17:11.457] [INFO] Loading ServiceContainer (needed by screens)...
[2025-12-13 15:17:11.491] [INFO] ServiceContainer loaded
[2025-12-13 15:17:11.506] [INFO] Loading remaining screens...
[2025-12-13 15:17:11.706] [INFO] Remaining screens loaded
[2025-12-13 15:17:11.723] [INFO] Loading PmcApplication...
[2025-12-13 15:17:11.772] [INFO] PmcApplication loaded
[2025-12-13 15:17:11.793] [INFO] All components loaded successfully
[2025-12-13 15:17:11.842] [INFO] Starting PMC TUI with screen: TaskList
[2025-12-13 15:17:11.868] [INFO] Cleared stale PmcSharedMenuBar and MenuRegistry singleton
[2025-12-13 15:17:11.893] [INFO] Creating ServiceContainer...
[2025-12-13 15:17:11.919] [INFO] ServiceContainer created
[2025-12-13 15:17:11.940] [INFO] Registering Theme service...
[2025-12-13 15:17:11.985] ServiceContainer: Registered 'Theme' (singleton=True)
[2025-12-13 15:17:12.016] [INFO] Registering ThemeManager...
[2025-12-13 15:17:12.040] ServiceContainer: Registered 'ThemeManager' (singleton=True)
[2025-12-13 15:17:12.066] [INFO] Registering Config service...
[2025-12-13 15:17:12.106] ServiceContainer: Registered 'Config' (singleton=True)
[2025-12-13 15:17:12.126] [INFO] Registering TaskStore service...
[2025-12-13 15:17:12.150] ServiceContainer: Registered 'TaskStore' (singleton=True)
[2025-12-13 15:17:12.178] [INFO] Registering MenuRegistry service...
[2025-12-13 15:17:12.212] ServiceContainer: Registered 'MenuRegistry' (singleton=True)
[2025-12-13 15:17:12.262] [INFO] Registering Application service...
[2025-12-13 15:17:12.303] ServiceContainer: Registered 'Application' (singleton=True)
[2025-12-13 15:17:12.320] [INFO] Registering CommandService...
[2025-12-13 15:17:12.359] ServiceContainer: Registered 'CommandService' (singleton=True)
[2025-12-13 15:17:12.380] [INFO] Registering ChecklistService...
[2025-12-13 15:17:12.404] ServiceContainer: Registered 'ChecklistService' (singleton=True)
[2025-12-13 15:17:12.423] [INFO] Registering NoteService...
[2025-12-13 15:17:12.444] ServiceContainer: Registered 'NoteService' (singleton=True)
[2025-12-13 15:17:12.463] [INFO] Registering ExcelMappingService...
[2025-12-13 15:17:12.484] ServiceContainer: Registered 'ExcelMappingService' (singleton=True)
[2025-12-13 15:17:12.509] [INFO] Registering PreferencesService...
[2025-12-13 15:17:12.526] ServiceContainer: Registered 'PreferencesService' (singleton=True)
[2025-12-13 15:17:12.547] [INFO] Registering screen factories...
[2025-12-13 15:17:12.565] ServiceContainer: Registered 'TaskListScreen' (singleton=False)
[2025-12-13 15:17:12.595] [INFO] Resolving Application from container...
[2025-12-13 15:17:12.654] ServiceContainer: Resolving 'Application'...
[2025-12-13 15:17:12.675] [INFO] Resolving Application...
[2025-12-13 15:17:12.699] ServiceContainer: Resolving 'Theme'...
[2025-12-13 15:17:12.722] [INFO] Resolving Theme: Calling Initialize-PmcThemeSystem...
[2025-12-13 15:17:12.763] [INFO] Theme resolved: #33aaff
[2025-12-13 15:17:12.784] [INFO] Loading PmcThemeEngine...
[2025-12-13 15:17:12.948] [DEBUG] Palette [Warning] -> #7FCA14 (R=127 G=202 B=20)
[2025-12-13 15:17:12.970] [DEBUG] Palette [Primary] -> #228844 (R=34 G=136 B=68)
[2025-12-13 15:17:12.992] [DEBUG] Palette [Bright] -> #2CB158 (R=44 G=177 B=88)
[2025-12-13 15:17:13.011] [DEBUG] Palette [Header] -> #228844 (R=34 G=136 B=68)
[2025-12-13 15:17:13.054] [DEBUG] Palette [Muted] -> #5C8F6D (R=92 G=143 B=109)
[2025-12-13 15:17:13.075] [DEBUG] Palette [Text] -> #C2EACF (R=194 G=234 B=207)
[2025-12-13 15:17:13.100] [DEBUG] Palette [Cursor] -> #228844 (R=34 G=136 B=68)
[2025-12-13 15:17:13.130] [DEBUG] Palette [Success] -> #2CB158 (R=44 G=177 B=88)
[2025-12-13 15:17:13.153] [DEBUG] Palette [Error] -> #BE2914 (R=190 G=41 B=20)
[2025-12-13 15:17:13.196] [DEBUG] Palette [Footer] -> #185F30 (R=24 G=95 B=48)
[2025-12-13 15:17:13.222] [DEBUG] Palette [Border] -> #185F30 (R=24 G=95 B=48)
[2025-12-13 15:17:13.248] [DEBUG] Palette [Label] -> #5C8F6D (R=92 G=143 B=109)
[2025-12-13 15:17:13.275] [DEBUG] Palette [Status] -> #5C8F6D (R=92 G=143 B=109)
[2025-12-13 15:17:13.300] [DEBUG] Palette [Highlight] -> #228844 (R=34 G=136 B=68)
[2025-12-13 15:17:13.356] [INFO] LoadFromConfig: Loaded Properties with 16 items
[2025-12-13 15:17:13.386] [INFO] PmcThemeEngine initialized with PMC palette (14 colors)
[2025-12-13 15:17:13.409] ServiceContainer: Resolved 'Theme' successfully
[2025-12-13 15:17:13.575] ServiceContainer: Resolving 'ThemeManager'...
[2025-12-13 15:17:13.635] [INFO] Resolving ThemeManager...
[2025-12-13 15:17:13.838] ServiceContainer: Resolved 'ThemeManager' successfully
[2025-12-13 15:17:13.875] ServiceContainer: Resolved 'Application' successfully
[2025-12-13 15:17:13.893] [INFO] Application resolved and assigned to $global:PmcApp
[2025-12-13 15:17:13.919] [INFO] Loading menus from manifest...
[2025-12-13 15:17:13.948] ServiceContainer: Resolving 'MenuRegistry'...
[2025-12-13 15:17:13.985] [INFO] Cleanup - showing cursor and resetting terminal
