[2025-12-13 12:43:12.672] [INFO] Loading PMC module...
[2025-12-13 12:43:13.616] [INFO] PMC module loaded
[2025-12-13 12:43:13.618] [INFO] Loading dependencies (FieldSchemas, etc.)...
[2025-12-13 12:43:13.712] [INFO] Dependencies loaded
[2025-12-13 12:43:13.714] [INFO] Loading SpeedTUI framework...
[2025-12-13 12:43:13.953] [INFO] SpeedTUI framework loaded
[2025-12-13 12:43:13.963] [INFO] Loading PraxisVT...
[2025-12-13 12:43:13.985] [INFO] PraxisVT loaded
[2025-12-13 12:43:13.995] [INFO] Loading core dependencies...
[2025-12-13 12:43:14.050] [INFO] Core dependencies loaded
[2025-12-13 12:43:14.060] [INFO] Loading widget base classes...
[2025-12-13 12:43:14.119] [INFO] Widget base classes loaded
[2025-12-13 12:43:14.129] [INFO] Loading services...
[2025-12-13 12:43:14.258] [INFO] Services loaded
[2025-12-13 12:43:14.268] [INFO] Loading helpers...
[2025-12-13 12:43:14.705] [INFO] Helpers loaded
[2025-12-13 12:43:14.714] [INFO] Loading widgets...
[2025-12-13 12:43:15.068] [INFO] Widgets loaded
[2025-12-13 12:43:15.078] [INFO] Loading screen base class...
[2025-12-13 12:43:15.107] [INFO] Screen base class loaded
[2025-12-13 12:43:15.118] [INFO] Loading HelpViewScreen (needed by base classes)...
[2025-12-13 12:43:15.142] [ERROR] Failed to load HelpViewScreen: At C:\Users\jhnhe\OneDrive\Documents\GitHub\project-management-console\og_transport\HYBRID\module\Pmc.Strict\consoleui\screens\HelpViewScreen.ps1:25 char:1
+ class HelpViewScreen : PmcScreen {
+ ~~~~~~~~~~~~~~~~~~~~~~~~~~~~~~~~~~
Base class 'PmcScreen' does not contain a parameterless constructor.
