[2025-12-13 15:46:38.231] [INFO] Loading PMC module...
[2025-12-13 15:46:39.704] [INFO] PMC module loaded
[2025-12-13 15:46:39.707] [INFO] Loading dependencies (FieldSchemas, etc.)...
[2025-12-13 15:46:39.849] [INFO] Dependencies loaded
[2025-12-13 15:46:39.860] [INFO] Loading SpeedTUI framework...
[2025-12-13 15:46:40.238] [INFO] SpeedTUI framework loaded
[2025-12-13 15:46:40.253] [INFO] Loading PraxisVT...
[2025-12-13 15:46:40.279] [INFO] PraxisVT loaded
[2025-12-13 15:46:40.293] [INFO] Loading core dependencies...
[2025-12-13 15:46:40.383] [INFO] Core dependencies loaded
[2025-12-13 15:46:40.394] [INFO] Loading widget base classes...
[2025-12-13 15:46:40.463] [INFO] Widget base classes loaded
[2025-12-13 15:46:40.474] [INFO] Loading services...
[2025-12-13 15:46:40.655] [INFO] Services loaded
[2025-12-13 15:46:40.669] [INFO] Loading helpers...
[2025-12-13 15:46:41.536] [INFO] Helpers loaded
[2025-12-13 15:46:41.568] [INFO] Loading widgets...
[2025-12-13 15:46:42.187] [INFO] Widgets loaded
[2025-12-13 15:46:42.200] [INFO] Loading screen base class...
[2025-12-13 15:46:42.242] [INFO] Screen base class loaded
[2025-12-13 15:46:42.256] [INFO] Loading HelpViewScreen (needed by base classes)...
[2025-12-13 15:46:42.310] [INFO] HelpViewScreen loaded
[2025-12-13 15:46:42.327] [INFO] Loading base classes...
[2025-12-13 15:46:42.506] [INFO] Base classes loaded
[2025-12-13 15:46:42.520] [INFO] Loading ServiceContainer (needed by screens)...
[2025-12-13 15:46:42.551] [INFO] ServiceContainer loaded
[2025-12-13 15:46:42.566] [INFO] Loading remaining screens...
[2025-12-13 15:46:42.724] [INFO] Remaining screens loaded
[2025-12-13 15:46:42.738] [INFO] Loading PmcApplication...
[2025-12-13 15:46:42.776] [INFO] PmcApplication loaded
[2025-12-13 15:46:42.789] [INFO] All components loaded successfully
[2025-12-13 15:46:42.818] [INFO] Starting PMC TUI with screen: TaskList
[2025-12-13 15:46:42.841] [INFO] Cleared stale PmcSharedMenuBar and MenuRegistry singleton
[2025-12-13 15:46:42.856] [INFO] Creating ServiceContainer...
[2025-12-13 15:46:42.877] [INFO] ServiceContainer created
[2025-12-13 15:46:42.889] [INFO] Registering Theme service...
[2025-12-13 15:46:42.920] ServiceContainer: Registered 'Theme' (singleton=True)
[2025-12-13 15:46:42.935] [INFO] Registering ThemeManager...
[2025-12-13 15:46:42.950] ServiceContainer: Registered 'ThemeManager' (singleton=True)
[2025-12-13 15:46:42.964] [INFO] Registering Config service...
[2025-12-13 15:46:42.981] ServiceContainer: Registered 'Config' (singleton=True)
[2025-12-13 15:46:42.996] [INFO] Registering TaskStore service...
[2025-12-13 15:46:43.015] ServiceContainer: Registered 'TaskStore' (singleton=True)
[2025-12-13 15:46:43.031] [INFO] Registering MenuRegistry service...
[2025-12-13 15:46:43.050] ServiceContainer: Registered 'MenuRegistry' (singleton=True)
[2025-12-13 15:46:43.072] [INFO] Registering Application service...
[2025-12-13 15:46:43.095] ServiceContainer: Registered 'Application' (singleton=True)
[2025-12-13 15:46:43.113] [INFO] Registering CommandService...
[2025-12-13 15:46:43.138] ServiceContainer: Registered 'CommandService' (singleton=True)
[2025-12-13 15:46:43.156] [INFO] Registering ChecklistService...
[2025-12-13 15:46:43.174] ServiceContainer: Registered 'ChecklistService' (singleton=True)
[2025-12-13 15:46:43.191] [INFO] Registering NoteService...
[2025-12-13 15:46:43.207] ServiceContainer: Registered 'NoteService' (singleton=True)
[2025-12-13 15:46:43.225] [INFO] Registering ExcelMappingService...
[2025-12-13 15:46:43.241] ServiceContainer: Registered 'ExcelMappingService' (singleton=True)
[2025-12-13 15:46:43.257] [INFO] Registering PreferencesService...
[2025-12-13 15:46:43.274] ServiceContainer: Registered 'PreferencesService' (singleton=True)
[2025-12-13 15:46:43.293] [INFO] Registering screen factories...
[2025-12-13 15:46:43.313] ServiceContainer: Registered 'TaskListScreen' (singleton=False)
[2025-12-13 15:46:43.347] [INFO] Resolving Application from container...
[2025-12-13 15:46:43.386] ServiceContainer: Resolving 'Application'...
[2025-12-13 15:46:43.405] [INFO] Resolving Application...
[2025-12-13 15:46:43.430] ServiceContainer: Resolving 'Theme'...
[2025-12-13 15:46:43.454] [INFO] Resolving Theme: Calling Initialize-PmcThemeSystem...
[2025-12-13 15:46:43.478] [INFO] Theme resolved: #33aaff
[2025-12-13 15:46:43.494] [INFO] Loading PmcThemeEngine...
[2025-12-13 15:46:43.628] [DEBUG] Palette [Text] -> #C2EACF (R=194 G=234 B=207)
[2025-12-13 15:46:43.642] [DEBUG] Palette [Warning] -> #7FCA14 (R=127 G=202 B=20)
[2025-12-13 15:46:43.658] [DEBUG] Palette [Muted] -> #5C8F6D (R=92 G=143 B=109)
[2025-12-13 15:46:43.671] [DEBUG] Palette [Bright] -> #2CB158 (R=44 G=177 B=88)
[2025-12-13 15:46:43.686] [DEBUG] Palette [Success] -> #2CB158 (R=44 G=177 B=88)
[2025-12-13 15:46:43.701] [DEBUG] Palette [Status] -> #5C8F6D (R=92 G=143 B=109)
[2025-12-13 15:46:43.714] [DEBUG] Palette [Primary] -> #228844 (R=34 G=136 B=68)
[2025-12-13 15:46:43.727] [DEBUG] Palette [Error] -> #BE2914 (R=190 G=41 B=20)
[2025-12-13 15:46:43.741] [DEBUG] Palette [Border] -> #185F30 (R=24 G=95 B=48)
[2025-12-13 15:46:43.759] [DEBUG] Palette [Highlight] -> #228844 (R=34 G=136 B=68)
[2025-12-13 15:46:43.777] [DEBUG] Palette [Cursor] -> #228844 (R=34 G=136 B=68)
[2025-12-13 15:46:43.792] [DEBUG] Palette [Label] -> #5C8F6D (R=92 G=143 B=109)
[2025-12-13 15:46:43.806] [DEBUG] Palette [Footer] -> #185F30 (R=24 G=95 B=48)
[2025-12-13 15:46:43.826] [DEBUG] Palette [Header] -> #228844 (R=34 G=136 B=68)
[2025-12-13 15:46:43.849] [INFO] LoadFromConfig: Loaded Properties with 16 items
[2025-12-13 15:46:43.870] [INFO] PmcThemeEngine initialized with PMC palette (14 colors)
[2025-12-13 15:46:43.884] ServiceContainer: Resolved 'Theme' successfully
[2025-12-13 15:46:43.995] ServiceContainer: Resolving 'ThemeManager'...
[2025-12-13 15:46:44.010] [INFO] Resolving ThemeManager...
[2025-12-13 15:46:44.149] ServiceContainer: Resolved 'ThemeManager' successfully
[2025-12-13 15:46:44.172] ServiceContainer: Resolved 'Application' successfully
[2025-12-13 15:46:44.188] [INFO] Application resolved and assigned to $global:PmcApp
[2025-12-13 15:46:44.203] [INFO] Loading menus from manifest...
[2025-12-13 15:46:44.219] ServiceContainer: Resolving 'MenuRegistry'...
[2025-12-13 15:46:44.238] [INFO] Resolving MenuRegistry...
[2025-12-13 15:46:44.263] ServiceContainer: Resolved 'MenuRegistry' successfully
[2025-12-13 15:46:44.296] MenuRegistry: Loaded manifest with 24 entries
[2025-12-13 15:46:44.337] ServiceContainer: Registered 'TimeReportScreen' (singleton=False)
[2025-12-13 15:46:44.357] MenuRegistry: Registered screen factory 'TimeReportScreen' in container (viewMode=)
[2025-12-13 15:46:44.387] MenuRegistry: Registered 'Time Report' in 'Time' menu (hotkey=R order=20)
[2025-12-13 15:46:44.404] ServiceContainer: Registered 'TaskListScreen_NoDate' (singleton=False)
[2025-12-13 15:46:44.419] MenuRegistry: Registered screen factory 'TaskListScreen_NoDate' in container (viewMode=noduedate)
[2025-12-13 15:46:44.437] MenuRegistry: Registered 'No Due Date' in 'Tasks' menu (hotkey=D order=40)
[2025-12-13 15:46:44.453] ServiceContainer: Registered 'NotesMenuScreen' (singleton=False)
[2025-12-13 15:46:44.467] MenuRegistry: Registered screen factory 'NotesMenuScreen' in container (viewMode=)
[2025-12-13 15:46:44.481] MenuRegistry: Registered 'Notes' in 'Tools' menu (hotkey=N order=20)
[2025-12-13 15:46:44.495] ServiceContainer: Registered 'KanbanScreenV2' (singleton=False)
[2025-12-13 15:46:44.510] MenuRegistry: Registered screen factory 'KanbanScreenV2' in container (viewMode=)
[2025-12-13 15:46:44.525] MenuRegistry: Registered 'Kanban Board' in 'Tasks' menu (hotkey=K order=55)
[2025-12-13 15:46:44.540] ServiceContainer: Registered 'SettingsScreen' (singleton=False)
[2025-12-13 15:46:44.554] MenuRegistry: Registered screen factory 'SettingsScreen' in container (viewMode=)
[2025-12-13 15:46:44.572] MenuRegistry: Registered 'Settings' in 'Options' menu (hotkey=S order=20)
[2025-12-13 15:46:44.586] ServiceContainer: Registered 'TaskListScreen_Upcoming' (singleton=False)
[2025-12-13 15:46:44.601] MenuRegistry: Registered screen factory 'TaskListScreen_Upcoming' in container (viewMode=upcoming)
[2025-12-13 15:46:44.615] MenuRegistry: Registered 'Upcoming' in 'Tasks' menu (hotkey=U order=25)
[2025-12-13 15:46:44.630] ServiceContainer: Registered 'TaskListScreen_Week' (singleton=False)
[2025-12-13 15:46:44.644] MenuRegistry: Registered screen factory 'TaskListScreen_Week' in container (viewMode=week)
[2025-12-13 15:46:44.666] MenuRegistry: Registered 'Week View' in 'Tasks' menu (hotkey=W order=20)
[2025-12-13 15:46:44.681] ServiceContainer: Registered 'CommandLibraryScreen' (singleton=False)
[2025-12-13 15:46:44.695] MenuRegistry: Registered screen factory 'CommandLibraryScreen' in container (viewMode=)
[2025-12-13 15:46:44.707] MenuRegistry: Registered 'Command Library' in 'Tools' menu (hotkey=L order=10)
[2025-12-13 15:46:44.722] ServiceContainer: Registered 'TaskListScreen_NextActions' (singleton=False)
[2025-12-13 15:46:44.735] MenuRegistry: Registered screen factory 'TaskListScreen_NextActions' in container (viewMode=nextactions)
[2025-12-13 15:46:44.749] MenuRegistry: Registered 'Next Actions' in 'Tasks' menu (hotkey=N order=35)
[2025-12-13 15:46:44.762] ServiceContainer: Registered 'ThemeEditorScreen' (singleton=False)
[2025-12-13 15:46:44.777] MenuRegistry: Registered screen factory 'ThemeEditorScreen' in container (viewMode=)
[2025-12-13 15:46:44.790] MenuRegistry: Registered 'Theme Editor' in 'Options' menu (hotkey=T order=10)
[2025-12-13 15:46:44.805] ServiceContainer: Registered 'TaskListScreen_Month' (singleton=False)
[2025-12-13 15:46:44.819] MenuRegistry: Registered screen factory 'TaskListScreen_Month' in container (viewMode=month)
[2025-12-13 15:46:44.833] MenuRegistry: Registered 'Month View' in 'Tasks' menu (hotkey=M order=45)
[2025-12-13 15:46:44.852] ServiceContainer: Registered 'TimeListScreen' (singleton=False)
[2025-12-13 15:46:44.866] MenuRegistry: Registered screen factory 'TimeListScreen' in container (viewMode=)
[2025-12-13 15:46:44.881] MenuRegistry: Registered 'Time Tracking' in 'Time' menu (hotkey=T order=5)
[2025-12-13 15:46:44.897] ServiceContainer: Registered 'ExcelImportScreen' (singleton=False)
[2025-12-13 15:46:44.911] MenuRegistry: Registered screen factory 'ExcelImportScreen' in container (viewMode=)
[2025-12-13 15:46:44.926] MenuRegistry: Registered 'Import from Excel' in 'Projects' menu (hotkey=I order=40)
[2025-12-13 15:46:44.943] ServiceContainer: Registered 'TaskListScreen_Default' (singleton=False)
[2025-12-13 15:46:44.957] MenuRegistry: Registered screen factory 'TaskListScreen_Default' in container (viewMode=)
[2025-12-13 15:46:44.972] MenuRegistry: Registered 'Task List' in 'Tasks' menu (hotkey=L order=5)
[2025-12-13 15:46:44.987] ServiceContainer: Registered 'ProjectListScreen' (singleton=False)
[2025-12-13 15:46:45.001] MenuRegistry: Registered screen factory 'ProjectListScreen' in container (viewMode=)
[2025-12-13 15:46:45.016] MenuRegistry: Registered 'Project List' in 'Projects' menu (hotkey=L order=10)
[2025-12-13 15:46:45.031] ServiceContainer: Registered 'ChecklistTemplatesFolderScreen' (singleton=False)
[2025-12-13 15:46:45.045] MenuRegistry: Registered screen factory 'ChecklistTemplatesFolderScreen' in container (viewMode=)
[2025-12-13 15:46:45.066] MenuRegistry: Registered 'Checklist Templates' in 'Tools' menu (hotkey=H order=30)
[2025-12-13 15:46:45.084] ServiceContainer: Registered 'ExcelProfileManagerScreen' (singleton=False)
[2025-12-13 15:46:45.100] MenuRegistry: Registered screen factory 'ExcelProfileManagerScreen' in container (viewMode=)
[2025-12-13 15:46:45.117] MenuRegistry: Registered 'Excel Profiles' in 'Projects' menu (hotkey=M order=50)
[2025-12-13 15:46:45.133] ServiceContainer: Registered 'TaskListScreen_Overdue' (singleton=False)
[2025-12-13 15:46:45.148] MenuRegistry: Registered screen factory 'TaskListScreen_Overdue' in container (viewMode=overdue)
[2025-12-13 15:46:45.162] MenuRegistry: Registered 'Overdue' in 'Tasks' menu (hotkey=O order=30)
[2025-12-13 15:46:45.176] ServiceContainer: Registered 'TaskListScreen_Today' (singleton=False)
[2025-12-13 15:46:45.191] MenuRegistry: Registered screen factory 'TaskListScreen_Today' in container (viewMode=today)
[2025-12-13 15:46:45.204] MenuRegistry: Registered 'Today' in 'Tasks' menu (hotkey=Y order=10)
[2025-12-13 15:46:45.219] ServiceContainer: Registered 'WeeklyTimeReportScreen' (singleton=False)
[2025-12-13 15:46:45.233] MenuRegistry: Registered screen factory 'WeeklyTimeReportScreen' in container (viewMode=)
[2025-12-13 15:46:45.247] MenuRegistry: Registered 'Weekly Report' in 'Time' menu (hotkey=W order=10)
[2025-12-13 15:46:45.264] ServiceContainer: Registered 'TaskListScreen_Agenda' (singleton=False)
[2025-12-13 15:46:45.277] MenuRegistry: Registered screen factory 'TaskListScreen_Agenda' in container (viewMode=agenda)
[2025-12-13 15:46:45.294] MenuRegistry: Registered 'Agenda View' in 'Tasks' menu (hotkey=A order=50)
[2025-12-13 15:46:45.309] ServiceContainer: Registered 'TaskListScreen_Tomorrow' (singleton=False)
[2025-12-13 15:46:45.324] MenuRegistry: Registered screen factory 'TaskListScreen_Tomorrow' in container (viewMode=tomorrow)
[2025-12-13 15:46:45.338] MenuRegistry: Registered 'Tomorrow' in 'Tasks' menu (hotkey=T order=15)
[2025-12-13 15:46:45.354] ServiceContainer: Registered 'ChecklistsLauncherScreen' (singleton=False)
[2025-12-13 15:46:45.370] MenuRegistry: Registered screen factory 'ChecklistsLauncherScreen' in container (viewMode=)
[2025-12-13 15:46:45.385] MenuRegistry: Registered 'Checklists' in 'Tools' menu (hotkey=C order=25)
[2025-12-13 15:46:45.399] ServiceContainer: Registered 'HelpViewScreen' (singleton=False)
[2025-12-13 15:46:45.414] MenuRegistry: Registered screen factory 'HelpViewScreen' in container (viewMode=)
[2025-12-13 15:46:45.430] MenuRegistry: Registered 'Help' in 'Help' menu (hotkey=H order=10)
[2025-12-13 15:46:45.443] [INFO] Menus loaded from C:\Users\jhnhe\OneDrive\Documents\GitHub\project-management-console\og_transport\HYBRID\module\Pmc.Strict\consoleui\screens\MenuItems.psd1
[2025-12-13 15:46:45.457] [INFO] Launching screen: TaskList
[2025-12-13 15:46:45.477] [INFO] Resolving TaskListScreen from container...
[2025-12-13 15:46:45.491] ServiceContainer: Resolving 'TaskListScreen'...
[2025-12-13 15:46:45.507] [INFO] Resolving TaskListScreen...
[2025-12-13 15:46:45.520] ServiceContainer: Resolving 'TaskStore'...
[2025-12-13 15:46:45.535] [INFO] Resolving TaskStore...
[2025-12-13 15:46:45.581] [DEBUG] TaskStore.LoadData: Starting
[2025-12-13 15:46:45.596] [DEBUG] TaskStore.LoadData: Calling Get-PmcData
[2025-12-13 15:46:45.916] [DEBUG] TaskStore.LoadData: Get-PmcData returned - tasks=4 projects=2 timelogs=3
[2025-12-13 15:46:45.942] [DEBUG] TaskStore.LoadData: Loaded 4 tasks
[2025-12-13 15:46:45.961] [DEBUG] TaskStore.LoadData: Loaded 2 projects
[2025-12-13 15:46:45.986] [DEBUG] TaskStore.LoadData: First project name='p1' ID1='111'
[2025-12-13 15:46:46.013] ServiceContainer: Resolved 'TaskStore' successfully
[2025-12-13 15:46:47.209] [DEBUG] TaskListScreen: Constructor started
[2025-12-13 15:46:47.253] _PopulateMenusFromRegistry: Menu 'Tools' has 4 items from registry (array)
[2025-12-13 15:46:47.283] _PopulateMenusFromRegistry: Menu 'Help' has 1 items from registry (array)
[2025-12-13 15:46:47.300] _PopulateMenusFromRegistry: Menu 'Options' has 2 items from registry (array)
[2025-12-13 15:46:47.315] _PopulateMenusFromRegistry: Menu 'Time' has 3 items from registry (array)
[2025-12-13 15:46:47.338] _PopulateMenusFromRegistry: Menu 'Tasks' has 11 items from registry (array)
[2025-12-13 15:46:47.354] _PopulateMenusFromRegistry: Menu 'Projects' has 3 items from registry (array)
[2025-12-13 15:46:47.370] [DEBUG] TaskListScreen: Constructor completed
[2025-12-13 15:46:47.385] ServiceContainer: Resolved 'TaskListScreen' successfully
[2025-12-13 15:46:47.400] [INFO] Pushing screen to app...
[2025-12-13 15:46:47.812] [DEBUG] LoadData: Got 4 tasks from Store
[2025-12-13 15:46:47.938] [DEBUG] TaskListScreen.LoadData: Setting 4 tasks
[2025-12-13 15:46:47.964] [DEBUG] UniversalList.SetData: START
[2025-12-13 15:46:48.046] [DEBUG] UniversalList.SetData: COMPLETE (4 items)
[2025-12-13 15:46:48.092] [INFO] Screen pushed successfully
[2025-12-13 15:46:48.108] [INFO] Starting event loop...
[2025-12-13 15:47:07.008] [INFO] Cleanup - showing cursor and resetting terminal
