[2025-12-13 12:18:30.246] [INFO] Loading PMC module...
[2025-12-13 12:18:31.769] [INFO] PMC module loaded
[2025-12-13 12:18:31.771] [INFO] Loading dependencies (FieldSchemas, etc.)...
[2025-12-13 12:18:31.949] [INFO] Dependencies loaded
[2025-12-13 12:18:31.960] [INFO] Loading SpeedTUI framework...
[2025-12-13 12:18:32.664] [INFO] SpeedTUI framework loaded
[2025-12-13 12:18:32.678] [INFO] Loading PraxisVT...
[2025-12-13 12:18:32.704] [INFO] PraxisVT loaded
[2025-12-13 12:18:32.714] [INFO] Loading core dependencies...
[2025-12-13 12:18:32.839] [ERROR] Failed to load core dependencies: At C:\Users\jhnhe\OneDrive\Documents\GitHub\project-management-console\og_transport\HYBRID\module\Pmc.Strict\consoleui\src\PmcThemeEngine.ps1:58 char:3
+ <<<<<<< HEAD
+   ~
Missing file specification after redirection operator.

At C:\Users\jhnhe\OneDrive\Documents\GitHub\project-management-console\og_transport\HYBRID\module\Pmc.Strict\consoleui\src\PmcThemeEngine.ps1:58 char:2
+ <<<<<<< HEAD
+  ~
The '<' operator is reserved for future use.

At C:\Users\jhnhe\OneDrive\Documents\GitHub\project-management-console\og_transport\HYBRID\module\Pmc.Strict\consoleui\src\PmcThemeEngine.ps1:58 char:4
+ <<<<<<< HEAD
+    ~
Missing file specification after redirection operator.

At C:\Users\jhnhe\OneDrive\Documents\GitHub\project-management-console\og_transport\HYBRID\module\Pmc.Strict\consoleui\src\PmcThemeEngine.ps1:58 char:3
+ <<<<<<< HEAD
+   ~
The '<' operator is reserved for future use.

At C:\Users\jhnhe\OneDrive\Documents\GitHub\project-management-console\og_transport\HYBRID\module\Pmc.Strict\consoleui\src\PmcThemeEngine.ps1:58 char:5
+ <<<<<<< HEAD
+     ~
Missing file specification after redirection operator.

At C:\Users\jhnhe\OneDrive\Documents\GitHub\project-management-console\og_transport\HYBRID\module\Pmc.Strict\consoleui\src\PmcThemeEngine.ps1:58 char:4
+ <<<<<<< HEAD
+    ~
The '<' operator is reserved for future use.

At C:\Users\jhnhe\OneDrive\Documents\GitHub\project-management-console\og_transport\HYBRID\module\Pmc.Strict\consoleui\src\PmcThemeEngine.ps1:58 char:6
+ <<<<<<< HEAD
+      ~
Missing file specification after redirection operator.

At C:\Users\jhnhe\OneDrive\Documents\GitHub\project-management-console\og_transport\HYBRID\module\Pmc.Strict\consoleui\src\PmcThemeEngine.ps1:58 char:5
+ <<<<<<< HEAD
+     ~
The '<' operator is reserved for future use.

At C:\Users\jhnhe\OneDrive\Documents\GitHub\project-management-console\og_transport\HYBRID\module\Pmc.Strict\consoleui\src\PmcThemeEngine.ps1:58 char:7
+ <<<<<<< HEAD
+       ~
Missing file specification after redirection operator.

At C:\Users\jhnhe\OneDrive\Documents\GitHub\project-management-console\og_transport\HYBRID\module\Pmc.Strict\consoleui\src\PmcThemeEngine.ps1:58 char:6
+ <<<<<<< HEAD
+      ~
The '<' operator is reserved for future use.

Not all parse errors were reported.  Correct the reported errors and try again.
