[2025-12-13 15:50:35.137] [INFO] Loading PMC module...
[2025-12-13 15:50:36.654] [INFO] PMC module loaded
[2025-12-13 15:50:36.656] [INFO] Loading dependencies (FieldSchemas, etc.)...
[2025-12-13 15:50:36.812] [INFO] Dependencies loaded
[2025-12-13 15:50:36.825] [INFO] Loading SpeedTUI framework...
[2025-12-13 15:50:37.268] [INFO] SpeedTUI framework loaded
[2025-12-13 15:50:37.283] [INFO] Loading PraxisVT...
[2025-12-13 15:50:37.306] [INFO] PraxisVT loaded
[2025-12-13 15:50:37.322] [INFO] Loading core dependencies...
[2025-12-13 15:50:37.423] [INFO] Core dependencies loaded
[2025-12-13 15:50:37.437] [INFO] Loading widget base classes...
[2025-12-13 15:50:37.510] [INFO] Widget base classes loaded
[2025-12-13 15:50:37.523] [INFO] Loading services...
[2025-12-13 15:50:37.721] [INFO] Services loaded
[2025-12-13 15:50:37.735] [INFO] Loading helpers...
[2025-12-13 15:50:38.667] [INFO] Helpers loaded
[2025-12-13 15:50:38.680] [INFO] Loading widgets...
[2025-12-13 15:50:39.329] [INFO] Widgets loaded
[2025-12-13 15:50:39.342] [INFO] Loading screen base class...
[2025-12-13 15:50:39.375] [INFO] Screen base class loaded
[2025-12-13 15:50:39.389] [INFO] Loading HelpViewScreen (needed by base classes)...
[2025-12-13 15:50:39.431] [INFO] HelpViewScreen loaded
[2025-12-13 15:50:39.444] [INFO] Loading base classes...
[2025-12-13 15:50:39.573] [INFO] Base classes loaded
[2025-12-13 15:50:39.603] [INFO] Loading ServiceContainer (needed by screens)...
[2025-12-13 15:50:39.633] [INFO] ServiceContainer loaded
[2025-12-13 15:50:39.646] [INFO] Loading remaining screens...
[2025-12-13 15:50:39.790] [INFO] Remaining screens loaded
[2025-12-13 15:50:39.804] [INFO] Loading PmcApplication...
[2025-12-13 15:50:39.844] [INFO] PmcApplication loaded
[2025-12-13 15:50:39.859] [INFO] All components loaded successfully
[2025-12-13 15:50:39.891] [INFO] Starting PMC TUI with screen: TaskList
[2025-12-13 15:50:39.913] [INFO] Cleared stale PmcSharedMenuBar and MenuRegistry singleton
[2025-12-13 15:50:39.960] [INFO] Creating ServiceContainer...
[2025-12-13 15:50:40.000] [INFO] ServiceContainer created
[2025-12-13 15:50:40.041] [INFO] Registering Theme service...
[2025-12-13 15:50:40.077] ServiceContainer: Registered 'Theme' (singleton=True)
[2025-12-13 15:50:40.099] [INFO] Registering ThemeManager...
[2025-12-13 15:50:40.116] ServiceContainer: Registered 'ThemeManager' (singleton=True)
[2025-12-13 15:50:40.145] [INFO] Registering Config service...
[2025-12-13 15:50:40.183] ServiceContainer: Registered 'Config' (singleton=True)
[2025-12-13 15:50:40.203] [INFO] Registering TaskStore service...
[2025-12-13 15:50:40.218] ServiceContainer: Registered 'TaskStore' (singleton=True)
[2025-12-13 15:50:40.233] [INFO] Registering MenuRegistry service...
[2025-12-13 15:50:40.249] ServiceContainer: Registered 'MenuRegistry' (singleton=True)
[2025-12-13 15:50:40.263] [INFO] Registering Application service...
[2025-12-13 15:50:40.277] ServiceContainer: Registered 'Application' (singleton=True)
[2025-12-13 15:50:40.292] [INFO] Registering CommandService...
[2025-12-13 15:50:40.315] ServiceContainer: Registered 'CommandService' (singleton=True)
[2025-12-13 15:50:40.330] [INFO] Registering ChecklistService...
[2025-12-13 15:50:40.345] ServiceContainer: Registered 'ChecklistService' (singleton=True)
[2025-12-13 15:50:40.359] [INFO] Registering NoteService...
[2025-12-13 15:50:40.372] ServiceContainer: Registered 'NoteService' (singleton=True)
[2025-12-13 15:50:40.386] [INFO] Registering ExcelMappingService...
[2025-12-13 15:50:40.401] ServiceContainer: Registered 'ExcelMappingService' (singleton=True)
[2025-12-13 15:50:40.413] [INFO] Registering PreferencesService...
[2025-12-13 15:50:40.427] ServiceContainer: Registered 'PreferencesService' (singleton=True)
[2025-12-13 15:50:40.441] [INFO] Registering screen factories...
[2025-12-13 15:50:40.455] ServiceContainer: Registered 'TaskListScreen' (singleton=False)
[2025-12-13 15:50:40.471] [INFO] Resolving Application from container...
[2025-12-13 15:50:40.500] ServiceContainer: Resolving 'Application'...
[2025-12-13 15:50:40.514] [INFO] Resolving Application...
[2025-12-13 15:50:40.528] ServiceContainer: Resolving 'Theme'...
[2025-12-13 15:50:40.551] [INFO] Resolving Theme: Calling Initialize-PmcThemeSystem...
[2025-12-13 15:50:40.575] [INFO] Theme resolved: #33aaff
[2025-12-13 15:50:40.587] [INFO] Loading PmcThemeEngine...
[2025-12-13 15:50:40.706] [DEBUG] Palette [Status] -> #5C8F6D (R=92 G=143 B=109)
[2025-12-13 15:50:40.721] [DEBUG] Palette [Highlight] -> #228844 (R=34 G=136 B=68)
[2025-12-13 15:50:40.737] [DEBUG] Palette [Border] -> #185F30 (R=24 G=95 B=48)
[2025-12-13 15:50:40.751] [DEBUG] Palette [Warning] -> #7FCA14 (R=127 G=202 B=20)
[2025-12-13 15:50:40.765] [DEBUG] Palette [Primary] -> #228844 (R=34 G=136 B=68)
[2025-12-13 15:50:40.779] [DEBUG] Palette [Muted] -> #5C8F6D (R=92 G=143 B=109)
[2025-12-13 15:50:40.792] [DEBUG] Palette [Header] -> #228844 (R=34 G=136 B=68)
[2025-12-13 15:50:40.807] [DEBUG] Palette [Error] -> #BE2914 (R=190 G=41 B=20)
[2025-12-13 15:50:40.822] [DEBUG] Palette [Success] -> #2CB158 (R=44 G=177 B=88)
[2025-12-13 15:50:40.838] [DEBUG] Palette [Cursor] -> #228844 (R=34 G=136 B=68)
[2025-12-13 15:50:40.857] [DEBUG] Palette [Bright] -> #2CB158 (R=44 G=177 B=88)
[2025-12-13 15:50:40.871] [DEBUG] Palette [Label] -> #5C8F6D (R=92 G=143 B=109)
[2025-12-13 15:50:40.885] [DEBUG] Palette [Text] -> #C2EACF (R=194 G=234 B=207)
[2025-12-13 15:50:40.912] [DEBUG] Palette [Footer] -> #185F30 (R=24 G=95 B=48)
[2025-12-13 15:50:40.956] [INFO] LoadFromConfig: Loaded Properties with 16 items
[2025-12-13 15:50:40.988] [INFO] PmcThemeEngine initialized with PMC palette (14 colors)
[2025-12-13 15:50:41.011] ServiceContainer: Resolved 'Theme' successfully
[2025-12-13 15:50:41.131] ServiceContainer: Resolving 'ThemeManager'...
[2025-12-13 15:50:41.147] [INFO] Resolving ThemeManager...
[2025-12-13 15:50:41.276] ServiceContainer: Resolved 'ThemeManager' successfully
[2025-12-13 15:50:41.302] ServiceContainer: Resolved 'Application' successfully
[2025-12-13 15:50:41.318] [INFO] Application resolved and assigned to $global:PmcApp
[2025-12-13 15:50:41.334] [INFO] Loading menus from manifest...
[2025-12-13 15:50:41.349] ServiceContainer: Resolving 'MenuRegistry'...
[2025-12-13 15:50:41.365] [INFO] Resolving MenuRegistry...
[2025-12-13 15:50:41.393] ServiceContainer: Resolved 'MenuRegistry' successfully
[2025-12-13 15:50:41.431] MenuRegistry: Loaded manifest with 24 entries
[2025-12-13 15:50:41.473] ServiceContainer: Registered 'TaskListScreen_NextActions' (singleton=False)
[2025-12-13 15:50:41.486] MenuRegistry: Registered screen factory 'TaskListScreen_NextActions' in container (viewMode=nextactions)
[2025-12-13 15:50:41.510] MenuRegistry: Registered 'Next Actions' in 'Tasks' menu (hotkey=N order=35)
[2025-12-13 15:50:41.528] ServiceContainer: Registered 'TimeListScreen' (singleton=False)
[2025-12-13 15:50:41.542] MenuRegistry: Registered screen factory 'TimeListScreen' in container (viewMode=)
[2025-12-13 15:50:41.556] MenuRegistry: Registered 'Time Tracking' in 'Time' menu (hotkey=T order=5)
[2025-12-13 15:50:41.570] ServiceContainer: Registered 'TaskListScreen_Agenda' (singleton=False)
[2025-12-13 15:50:41.584] MenuRegistry: Registered screen factory 'TaskListScreen_Agenda' in container (viewMode=agenda)
[2025-12-13 15:50:41.598] MenuRegistry: Registered 'Agenda View' in 'Tasks' menu (hotkey=A order=50)
[2025-12-13 15:50:41.614] ServiceContainer: Registered 'TaskListScreen_Default' (singleton=False)
[2025-12-13 15:50:41.630] MenuRegistry: Registered screen factory 'TaskListScreen_Default' in container (viewMode=)
[2025-12-13 15:50:41.643] MenuRegistry: Registered 'Task List' in 'Tasks' menu (hotkey=L order=5)
[2025-12-13 15:50:41.659] ServiceContainer: Registered 'TaskListScreen_Upcoming' (singleton=False)
[2025-12-13 15:50:41.673] MenuRegistry: Registered screen factory 'TaskListScreen_Upcoming' in container (viewMode=upcoming)
[2025-12-13 15:50:41.687] MenuRegistry: Registered 'Upcoming' in 'Tasks' menu (hotkey=U order=25)
[2025-12-13 15:50:41.702] ServiceContainer: Registered 'TaskListScreen_NoDate' (singleton=False)
[2025-12-13 15:50:41.718] MenuRegistry: Registered screen factory 'TaskListScreen_NoDate' in container (viewMode=noduedate)
[2025-12-13 15:50:41.733] MenuRegistry: Registered 'No Due Date' in 'Tasks' menu (hotkey=D order=40)
[2025-12-13 15:50:41.748] ServiceContainer: Registered 'TaskListScreen_Today' (singleton=False)
[2025-12-13 15:50:41.763] MenuRegistry: Registered screen factory 'TaskListScreen_Today' in container (viewMode=today)
[2025-12-13 15:50:41.784] MenuRegistry: Registered 'Today' in 'Tasks' menu (hotkey=Y order=10)
[2025-12-13 15:50:41.799] ServiceContainer: Registered 'KanbanScreenV2' (singleton=False)
[2025-12-13 15:50:41.814] MenuRegistry: Registered screen factory 'KanbanScreenV2' in container (viewMode=)
[2025-12-13 15:50:41.826] MenuRegistry: Registered 'Kanban Board' in 'Tasks' menu (hotkey=K order=55)
[2025-12-13 15:50:41.841] ServiceContainer: Registered 'TaskListScreen_Tomorrow' (singleton=False)
[2025-12-13 15:50:41.856] MenuRegistry: Registered screen factory 'TaskListScreen_Tomorrow' in container (viewMode=tomorrow)
[2025-12-13 15:50:41.870] MenuRegistry: Registered 'Tomorrow' in 'Tasks' menu (hotkey=T order=15)
[2025-12-13 15:50:41.885] ServiceContainer: Registered 'TaskListScreen_Month' (singleton=False)
[2025-12-13 15:50:41.899] MenuRegistry: Registered screen factory 'TaskListScreen_Month' in container (viewMode=month)
[2025-12-13 15:50:41.914] MenuRegistry: Registered 'Month View' in 'Tasks' menu (hotkey=M order=45)
[2025-12-13 15:50:41.929] ServiceContainer: Registered 'CommandLibraryScreen' (singleton=False)
[2025-12-13 15:50:41.940] MenuRegistry: Registered screen factory 'CommandLibraryScreen' in container (viewMode=)
[2025-12-13 15:50:41.954] MenuRegistry: Registered 'Command Library' in 'Tools' menu (hotkey=L order=10)
[2025-12-13 15:50:41.969] ServiceContainer: Registered 'WeeklyTimeReportScreen' (singleton=False)
[2025-12-13 15:50:41.983] MenuRegistry: Registered screen factory 'WeeklyTimeReportScreen' in container (viewMode=)
[2025-12-13 15:50:41.997] MenuRegistry: Registered 'Weekly Report' in 'Time' menu (hotkey=W order=10)
[2025-12-13 15:50:42.013] ServiceContainer: Registered 'TaskListScreen_Week' (singleton=False)
[2025-12-13 15:50:42.030] MenuRegistry: Registered screen factory 'TaskListScreen_Week' in container (viewMode=week)
[2025-12-13 15:50:42.045] MenuRegistry: Registered 'Week View' in 'Tasks' menu (hotkey=W order=20)
[2025-12-13 15:50:42.059] ServiceContainer: Registered 'ThemeEditorScreen' (singleton=False)
[2025-12-13 15:50:42.075] MenuRegistry: Registered screen factory 'ThemeEditorScreen' in container (viewMode=)
[2025-12-13 15:50:42.088] MenuRegistry: Registered 'Theme Editor' in 'Options' menu (hotkey=T order=10)
[2025-12-13 15:50:42.102] ServiceContainer: Registered 'ExcelProfileManagerScreen' (singleton=False)
[2025-12-13 15:50:42.115] MenuRegistry: Registered screen factory 'ExcelProfileManagerScreen' in container (viewMode=)
[2025-12-13 15:50:42.129] MenuRegistry: Registered 'Excel Profiles' in 'Projects' menu (hotkey=M order=50)
[2025-12-13 15:50:42.145] ServiceContainer: Registered 'TaskListScreen_Overdue' (singleton=False)
[2025-12-13 15:50:42.160] MenuRegistry: Registered screen factory 'TaskListScreen_Overdue' in container (viewMode=overdue)
[2025-12-13 15:50:42.176] MenuRegistry: Registered 'Overdue' in 'Tasks' menu (hotkey=O order=30)
[2025-12-13 15:50:42.194] ServiceContainer: Registered 'ChecklistTemplatesFolderScreen' (singleton=False)
[2025-12-13 15:50:42.212] MenuRegistry: Registered screen factory 'ChecklistTemplatesFolderScreen' in container (viewMode=)
[2025-12-13 15:50:42.230] MenuRegistry: Registered 'Checklist Templates' in 'Tools' menu (hotkey=H order=30)
[2025-12-13 15:50:42.244] ServiceContainer: Registered 'ProjectListScreen' (singleton=False)
[2025-12-13 15:50:42.258] MenuRegistry: Registered screen factory 'ProjectListScreen' in container (viewMode=)
[2025-12-13 15:50:42.274] MenuRegistry: Registered 'Project List' in 'Projects' menu (hotkey=L order=10)
[2025-12-13 15:50:42.294] ServiceContainer: Registered 'HelpViewScreen' (singleton=False)
[2025-12-13 15:50:42.311] MenuRegistry: Registered screen factory 'HelpViewScreen' in container (viewMode=)
[2025-12-13 15:50:42.329] MenuRegistry: Registered 'Help' in 'Help' menu (hotkey=H order=10)
[2025-12-13 15:50:42.352] ServiceContainer: Registered 'ExcelImportScreen' (singleton=False)
[2025-12-13 15:50:42.370] MenuRegistry: Registered screen factory 'ExcelImportScreen' in container (viewMode=)
[2025-12-13 15:50:42.390] MenuRegistry: Registered 'Import from Excel' in 'Projects' menu (hotkey=I order=40)
[2025-12-13 15:50:42.413] ServiceContainer: Registered 'ChecklistsLauncherScreen' (singleton=False)
[2025-12-13 15:50:42.431] MenuRegistry: Registered screen factory 'ChecklistsLauncherScreen' in container (viewMode=)
[2025-12-13 15:50:42.453] MenuRegistry: Registered 'Checklists' in 'Tools' menu (hotkey=C order=25)
[2025-12-13 15:50:42.470] ServiceContainer: Registered 'SettingsScreen' (singleton=False)
[2025-12-13 15:50:42.486] MenuRegistry: Registered screen factory 'SettingsScreen' in container (viewMode=)
[2025-12-13 15:50:42.501] MenuRegistry: Registered 'Settings' in 'Options' menu (hotkey=S order=20)
[2025-12-13 15:50:42.516] ServiceContainer: Registered 'TimeReportScreen' (singleton=False)
[2025-12-13 15:50:42.532] MenuRegistry: Registered screen factory 'TimeReportScreen' in container (viewMode=)
[2025-12-13 15:50:42.546] MenuRegistry: Registered 'Time Report' in 'Time' menu (hotkey=R order=20)
[2025-12-13 15:50:42.562] ServiceContainer: Registered 'NotesMenuScreen' (singleton=False)
[2025-12-13 15:50:42.578] MenuRegistry: Registered screen factory 'NotesMenuScreen' in container (viewMode=)
[2025-12-13 15:50:42.597] MenuRegistry: Registered 'Notes' in 'Tools' menu (hotkey=N order=20)
[2025-12-13 15:50:42.614] [INFO] Menus loaded from C:\Users\jhnhe\OneDrive\Documents\GitHub\project-management-console\og_transport\HYBRID\module\Pmc.Strict\consoleui\screens\MenuItems.psd1
[2025-12-13 15:50:42.631] [INFO] Launching screen: TaskList
[2025-12-13 15:50:42.649] [INFO] Resolving TaskListScreen from container...
[2025-12-13 15:50:42.664] ServiceContainer: Resolving 'TaskListScreen'...
[2025-12-13 15:50:42.684] [INFO] Resolving TaskListScreen...
[2025-12-13 15:50:42.699] ServiceContainer: Resolving 'TaskStore'...
[2025-12-13 15:50:42.716] [INFO] Resolving TaskStore...
[2025-12-13 15:50:42.765] [DEBUG] TaskStore.LoadData: Starting
[2025-12-13 15:50:42.780] [DEBUG] TaskStore.LoadData: Calling Get-PmcData
[2025-12-13 15:50:43.127] [DEBUG] TaskStore.LoadData: Get-PmcData returned - tasks=4 projects=2 timelogs=3
[2025-12-13 15:50:43.151] [DEBUG] TaskStore.LoadData: Loaded 4 tasks
[2025-12-13 15:50:43.170] [DEBUG] TaskStore.LoadData: Loaded 2 projects
[2025-12-13 15:50:43.189] [DEBUG] TaskStore.LoadData: First project name='p1' ID1='111'
[2025-12-13 15:50:43.211] ServiceContainer: Resolved 'TaskStore' successfully
[2025-12-13 15:50:45.114] [DEBUG] PmcScreen.AddContentWidget: Adding UniversalList (Total: 1)
[2025-12-13 15:50:45.131] [DEBUG] PmcScreen.AddContentWidget: Adding FilterPanel (Total: 2)
[2025-12-13 15:50:45.199] [DEBUG] PmcScreen.AddContentWidget: Adding InlineEditor (Total: 3)
[2025-12-13 15:50:45.262] [DEBUG] TaskListScreen: Constructor started
[2025-12-13 15:50:45.337] _PopulateMenusFromRegistry: Menu 'Help' has 1 items from registry (array)
[2025-12-13 15:50:45.370] _PopulateMenusFromRegistry: Menu 'Tasks' has 11 items from registry (array)
[2025-12-13 15:50:45.389] _PopulateMenusFromRegistry: Menu 'Tools' has 4 items from registry (array)
[2025-12-13 15:50:45.407] _PopulateMenusFromRegistry: Menu 'Projects' has 3 items from registry (array)
[2025-12-13 15:50:45.425] _PopulateMenusFromRegistry: Menu 'Options' has 2 items from registry (array)
[2025-12-13 15:50:45.443] _PopulateMenusFromRegistry: Menu 'Time' has 3 items from registry (array)
[2025-12-13 15:50:45.456] [DEBUG] TaskListScreen: Constructor completed
[2025-12-13 15:50:45.472] ServiceContainer: Resolved 'TaskListScreen' successfully
[2025-12-13 15:50:45.485] [INFO] Pushing screen to app...
[2025-12-13 15:50:45.857] [DEBUG] LoadData: Got 4 tasks from Store
[2025-12-13 15:50:45.960] [DEBUG] TaskListScreen.LoadData: Setting 4 tasks
[2025-12-13 15:50:45.978] [DEBUG] UniversalList.SetData: START
[2025-12-13 15:50:46.050] [DEBUG] UniversalList.SetData: COMPLETE (4 items)
[2025-12-13 15:50:46.090] [INFO] Screen pushed successfully
[2025-12-13 15:50:46.102] [INFO] Starting event loop...
[2025-12-13 15:50:46.458] [DEBUG] UniversalList.RenderToEngine: W=100 H=23 MaxRows=17 Items=4 RegionCount=0
[2025-12-13 15:50:47.069] [DEBUG] Row 0 Col 0 ('title'): 't2' (Region: UniversalList_cb11e294_Row_0_title)
[2025-12-13 15:50:47.088] [DEBUG] Row 0 Col 1 ('details'): 'd2' (Region: UniversalList_cb11e294_Row_0_details)
[2025-12-13 15:50:47.112] [DEBUG] Row 0 Col 2 ('due'): 'Dec 16' (Region: UniversalList_cb11e294_Row_0_due)
[2025-12-13 15:50:47.130] [DEBUG] Row 0 Col 3 ('project'): '' (Region: UniversalList_cb11e294_Row_0_project)
[2025-12-13 15:50:47.153] [DEBUG] Row 0 Col 4 ('tags'): '' (Region: UniversalList_cb11e294_Row_0_tags)
[2025-12-13 15:50:47.182] [DEBUG] PmcScreen: Calling RenderToEngine on UniversalList
[2025-12-13 15:50:47.198] [DEBUG] UniversalList.RenderToEngine: W=100 H=23 MaxRows=17 Items=4 RegionCount=17
[2025-12-13 15:50:47.254] [DEBUG] Row 0 Col 0 ('title'): 't2' (Region: UniversalList_cb11e294_Row_0_title)
[2025-12-13 15:50:47.269] [DEBUG] Row 0 Col 1 ('details'): 'd2' (Region: UniversalList_cb11e294_Row_0_details)
[2025-12-13 15:50:47.286] [DEBUG] Row 0 Col 2 ('due'): 'Dec 16' (Region: UniversalList_cb11e294_Row_0_due)
[2025-12-13 15:50:47.305] [DEBUG] Row 0 Col 3 ('project'): '' (Region: UniversalList_cb11e294_Row_0_project)
[2025-12-13 15:50:47.321] [DEBUG] Row 0 Col 4 ('tags'): '' (Region: UniversalList_cb11e294_Row_0_tags)
[2025-12-13 15:50:47.347] [DEBUG] PmcScreen: Calling RenderToEngine on FilterPanel
[2025-12-13 15:50:47.448] [DEBUG] PmcScreen: Calling RenderToEngine on InlineEditor
[2025-12-13 15:50:47.556] [DEBUG] UniversalList.RenderToEngine: W=100 H=23 MaxRows=17 Items=4 RegionCount=17
[2025-12-13 15:50:48.324] [DEBUG] Row 0 Col 0 ('title'): 't2' (Region: UniversalList_cb11e294_Row_0_title)
[2025-12-13 15:50:48.338] [DEBUG] Row 0 Col 1 ('details'): 'd2' (Region: UniversalList_cb11e294_Row_0_details)
[2025-12-13 15:50:48.354] [DEBUG] Row 0 Col 2 ('due'): 'Dec 16' (Region: UniversalList_cb11e294_Row_0_due)
[2025-12-13 15:50:48.369] [DEBUG] Row 0 Col 3 ('project'): '' (Region: UniversalList_cb11e294_Row_0_project)
[2025-12-13 15:50:48.383] [DEBUG] Row 0 Col 4 ('tags'): '' (Region: UniversalList_cb11e294_Row_0_tags)
[2025-12-13 15:50:55.729] [INFO] Cleanup - showing cursor and resetting terminal
