[2025-12-13 21:42:22.830] [INFO] Loading PMC module...
[2025-12-13 21:42:24.065] [INFO] PMC module loaded
[2025-12-13 21:42:24.067] [INFO] Loading dependencies (FieldSchemas, etc.)...
[2025-12-13 21:42:24.194] [INFO] Dependencies loaded
[2025-12-13 21:42:24.203] [INFO] Loading SpeedTUI framework...
[2025-12-13 21:42:24.478] [INFO] SpeedTUI framework loaded
[2025-12-13 21:42:24.487] [INFO] Loading PraxisVT...
[2025-12-13 21:42:24.508] [INFO] PraxisVT loaded
[2025-12-13 21:42:24.516] [INFO] Loading core dependencies...
[2025-12-13 21:42:24.577] [INFO] Core dependencies loaded
[2025-12-13 21:42:24.587] [INFO] Loading widget base classes...
[2025-12-13 21:42:24.644] [INFO] Widget base classes loaded
[2025-12-13 21:42:24.655] [INFO] Loading services...
[2025-12-13 21:42:24.847] [INFO] Services loaded
[2025-12-13 21:42:24.894] [INFO] Loading helpers...
[2025-12-13 21:42:25.674] [INFO] Helpers loaded
[2025-12-13 21:42:25.687] [INFO] Loading widgets...
[2025-12-13 21:42:26.267] [INFO] Widgets loaded
[2025-12-13 21:42:26.281] [INFO] Loading screen base class...
[2025-12-13 21:42:26.313] [INFO] Screen base class loaded
[2025-12-13 21:42:26.327] [INFO] Loading HelpViewScreen (needed by base classes)...
[2025-12-13 21:42:26.377] [INFO] HelpViewScreen loaded
[2025-12-13 21:42:26.388] [INFO] Loading base classes...
[2025-12-13 21:42:26.491] [INFO] Base classes loaded
[2025-12-13 21:42:26.509] [INFO] Loading ServiceContainer (needed by screens)...
[2025-12-13 21:42:26.534] [INFO] ServiceContainer loaded
[2025-12-13 21:42:26.545] [INFO] Loading remaining screens...
[2025-12-13 21:42:26.660] [INFO] Remaining screens loaded
[2025-12-13 21:42:26.670] [INFO] Loading PmcApplication...
[2025-12-13 21:42:26.699] [INFO] PmcApplication loaded
[2025-12-13 21:42:26.710] [INFO] All components loaded successfully
[2025-12-13 21:42:26.740] [INFO] Starting PMC TUI with screen: TaskList
[2025-12-13 21:42:26.758] [INFO] Cleared stale PmcSharedMenuBar and MenuRegistry singleton
[2025-12-13 21:42:26.771] [INFO] Creating ServiceContainer...
[2025-12-13 21:42:26.789] [INFO] ServiceContainer created
[2025-12-13 21:42:26.801] [INFO] Registering Theme service...
[2025-12-13 21:42:26.820] ServiceContainer: Registered 'Theme' (singleton=True)
[2025-12-13 21:42:26.833] [INFO] Registering ThemeManager...
[2025-12-13 21:42:26.844] ServiceContainer: Registered 'ThemeManager' (singleton=True)
[2025-12-13 21:42:26.857] [INFO] Registering Config service...
[2025-12-13 21:42:26.867] ServiceContainer: Registered 'Config' (singleton=True)
[2025-12-13 21:42:26.877] [INFO] Registering TaskStore service...
[2025-12-13 21:42:26.888] ServiceContainer: Registered 'TaskStore' (singleton=True)
[2025-12-13 21:42:26.899] [INFO] Registering MenuRegistry service...
[2025-12-13 21:42:26.909] ServiceContainer: Registered 'MenuRegistry' (singleton=True)
[2025-12-13 21:42:26.920] [INFO] Registering Application service...
[2025-12-13 21:42:26.931] ServiceContainer: Registered 'Application' (singleton=True)
[2025-12-13 21:42:26.940] [INFO] Registering CommandService...
[2025-12-13 21:42:26.956] ServiceContainer: Registered 'CommandService' (singleton=True)
[2025-12-13 21:42:26.965] [INFO] Registering ChecklistService...
[2025-12-13 21:42:26.977] ServiceContainer: Registered 'ChecklistService' (singleton=True)
[2025-12-13 21:42:26.989] [INFO] Registering NoteService...
[2025-12-13 21:42:27.000] ServiceContainer: Registered 'NoteService' (singleton=True)
[2025-12-13 21:42:27.011] [INFO] Registering ExcelMappingService...
[2025-12-13 21:42:27.021] ServiceContainer: Registered 'ExcelMappingService' (singleton=True)
[2025-12-13 21:42:27.033] [INFO] Registering PreferencesService...
[2025-12-13 21:42:27.044] ServiceContainer: Registered 'PreferencesService' (singleton=True)
[2025-12-13 21:42:27.054] [INFO] Registering screen factories...
[2025-12-13 21:42:27.066] ServiceContainer: Registered 'TaskListScreen' (singleton=False)
[2025-12-13 21:42:27.083] [INFO] Resolving Application from container...
[2025-12-13 21:42:27.115] ServiceContainer: Resolving 'Application'...
[2025-12-13 21:42:27.131] [INFO] Resolving Application...
[2025-12-13 21:42:27.145] ServiceContainer: Resolving 'Theme'...
[2025-12-13 21:42:27.163] [INFO] Resolving Theme: Calling Initialize-PmcThemeSystem...
[2025-12-13 21:42:27.185] [INFO] Theme resolved: #33aaff
[2025-12-13 21:42:27.199] [INFO] Loading PmcThemeEngine...
[2025-12-13 21:42:27.306] [DEBUG] Palette [Footer] -> #185F30 (R=24 G=95 B=48)
[2025-12-13 21:42:27.316] [DEBUG] Palette [Header] -> #228844 (R=34 G=136 B=68)
[2025-12-13 21:42:27.327] [DEBUG] Palette [Primary] -> #228844 (R=34 G=136 B=68)
[2025-12-13 21:42:27.339] [DEBUG] Palette [Bright] -> #2CB158 (R=44 G=177 B=88)
[2025-12-13 21:42:27.350] [DEBUG] Palette [Label] -> #5C8F6D (R=92 G=143 B=109)
[2025-12-13 21:42:27.364] [DEBUG] Palette [Muted] -> #5C8F6D (R=92 G=143 B=109)
[2025-12-13 21:42:27.376] [DEBUG] Palette [Warning] -> #7FCA14 (R=127 G=202 B=20)
[2025-12-13 21:42:27.388] [DEBUG] Palette [Error] -> #BE2914 (R=190 G=41 B=20)
[2025-12-13 21:42:27.399] [DEBUG] Palette [Cursor] -> #228844 (R=34 G=136 B=68)
[2025-12-13 21:42:27.413] [DEBUG] Palette [Text] -> #C2EACF (R=194 G=234 B=207)
[2025-12-13 21:42:27.428] [DEBUG] Palette [Border] -> #185F30 (R=24 G=95 B=48)
[2025-12-13 21:42:27.438] [DEBUG] Palette [Success] -> #2CB158 (R=44 G=177 B=88)
[2025-12-13 21:42:27.450] [DEBUG] Palette [Status] -> #5C8F6D (R=92 G=143 B=109)
[2025-12-13 21:42:27.460] [DEBUG] Palette [Highlight] -> #228844 (R=34 G=136 B=68)
[2025-12-13 21:42:27.483] [INFO] LoadFromConfig: Loaded Properties with 16 items
[2025-12-13 21:42:27.500] [INFO] PmcThemeEngine initialized with PMC palette (14 colors)
[2025-12-13 21:42:27.513] ServiceContainer: Resolved 'Theme' successfully
[2025-12-13 21:42:27.827] ServiceContainer: Resolving 'ThemeManager'...
[2025-12-13 21:42:27.840] [INFO] Resolving ThemeManager...
[2025-12-13 21:42:27.922] ServiceContainer: Resolved 'ThemeManager' successfully
[2025-12-13 21:42:27.938] ServiceContainer: Resolved 'Application' successfully
[2025-12-13 21:42:27.950] [INFO] Application resolved and assigned to $global:PmcApp
[2025-12-13 21:42:27.962] [INFO] Loading menus from manifest...
[2025-12-13 21:42:27.973] ServiceContainer: Resolving 'MenuRegistry'...
[2025-12-13 21:42:27.988] [INFO] Resolving MenuRegistry...
[2025-12-13 21:42:28.005] ServiceContainer: Resolved 'MenuRegistry' successfully
[2025-12-13 21:42:28.027] MenuRegistry: Loaded manifest with 24 entries
[2025-12-13 21:42:28.053] ServiceContainer: Registered 'ThemeEditorScreen' (singleton=False)
[2025-12-13 21:42:28.063] MenuRegistry: Registered screen factory 'ThemeEditorScreen' in container (viewMode=)
[2025-12-13 21:42:28.082] MenuRegistry: Registered 'Theme Editor' in 'Options' menu (hotkey=T order=10)
[2025-12-13 21:42:28.094] ServiceContainer: Registered 'TaskListScreen_Tomorrow' (singleton=False)
[2025-12-13 21:42:28.107] MenuRegistry: Registered screen factory 'TaskListScreen_Tomorrow' in container (viewMode=tomorrow)
[2025-12-13 21:42:28.119] MenuRegistry: Registered 'Tomorrow' in 'Tasks' menu (hotkey=T order=15)
[2025-12-13 21:42:28.131] ServiceContainer: Registered 'TaskListScreen_Upcoming' (singleton=False)
[2025-12-13 21:42:28.142] MenuRegistry: Registered screen factory 'TaskListScreen_Upcoming' in container (viewMode=upcoming)
[2025-12-13 21:42:28.154] MenuRegistry: Registered 'Upcoming' in 'Tasks' menu (hotkey=U order=25)
[2025-12-13 21:42:28.165] ServiceContainer: Registered 'TaskListScreen_Overdue' (singleton=False)
[2025-12-13 21:42:28.175] MenuRegistry: Registered screen factory 'TaskListScreen_Overdue' in container (viewMode=overdue)
[2025-12-13 21:42:28.186] MenuRegistry: Registered 'Overdue' in 'Tasks' menu (hotkey=O order=30)
[2025-12-13 21:42:28.198] ServiceContainer: Registered 'TaskListScreen_NoDate' (singleton=False)
[2025-12-13 21:42:28.214] MenuRegistry: Registered screen factory 'TaskListScreen_NoDate' in container (viewMode=noduedate)
[2025-12-13 21:42:28.225] MenuRegistry: Registered 'No Due Date' in 'Tasks' menu (hotkey=D order=40)
[2025-12-13 21:42:28.240] ServiceContainer: Registered 'TimeListScreen' (singleton=False)
[2025-12-13 21:42:28.250] MenuRegistry: Registered screen factory 'TimeListScreen' in container (viewMode=)
[2025-12-13 21:42:28.260] MenuRegistry: Registered 'Time Tracking' in 'Time' menu (hotkey=T order=5)
[2025-12-13 21:42:28.271] ServiceContainer: Registered 'TaskListScreen_Today' (singleton=False)
[2025-12-13 21:42:28.281] MenuRegistry: Registered screen factory 'TaskListScreen_Today' in container (viewMode=today)
[2025-12-13 21:42:28.290] MenuRegistry: Registered 'Today' in 'Tasks' menu (hotkey=Y order=10)
[2025-12-13 21:42:28.302] ServiceContainer: Registered 'TaskListScreen_NextActions' (singleton=False)
[2025-12-13 21:42:28.313] MenuRegistry: Registered screen factory 'TaskListScreen_NextActions' in container (viewMode=nextactions)
[2025-12-13 21:42:28.324] MenuRegistry: Registered 'Next Actions' in 'Tasks' menu (hotkey=N order=35)
[2025-12-13 21:42:28.336] ServiceContainer: Registered 'ExcelProfileManagerScreen' (singleton=False)
[2025-12-13 21:42:28.346] MenuRegistry: Registered screen factory 'ExcelProfileManagerScreen' in container (viewMode=)
[2025-12-13 21:42:28.361] MenuRegistry: Registered 'Excel Profiles' in 'Projects' menu (hotkey=M order=50)
[2025-12-13 21:42:28.374] ServiceContainer: Registered 'TaskListScreen_Week' (singleton=False)
[2025-12-13 21:42:28.386] MenuRegistry: Registered screen factory 'TaskListScreen_Week' in container (viewMode=week)
[2025-12-13 21:42:28.401] MenuRegistry: Registered 'Week View' in 'Tasks' menu (hotkey=W order=20)
[2025-12-13 21:42:28.415] ServiceContainer: Registered 'HelpViewScreen' (singleton=False)
[2025-12-13 21:42:28.427] MenuRegistry: Registered screen factory 'HelpViewScreen' in container (viewMode=)
[2025-12-13 21:42:28.438] MenuRegistry: Registered 'Help' in 'Help' menu (hotkey=H order=10)
[2025-12-13 21:42:28.449] ServiceContainer: Registered 'ProjectListScreen' (singleton=False)
[2025-12-13 21:42:28.461] MenuRegistry: Registered screen factory 'ProjectListScreen' in container (viewMode=)
[2025-12-13 21:42:28.475] MenuRegistry: Registered 'Project List' in 'Projects' menu (hotkey=L order=10)
[2025-12-13 21:42:28.492] ServiceContainer: Registered 'TaskListScreen_Month' (singleton=False)
[2025-12-13 21:42:28.503] MenuRegistry: Registered screen factory 'TaskListScreen_Month' in container (viewMode=month)
[2025-12-13 21:42:28.514] MenuRegistry: Registered 'Month View' in 'Tasks' menu (hotkey=M order=45)
[2025-12-13 21:42:28.525] ServiceContainer: Registered 'TaskListScreen_Agenda' (singleton=False)
[2025-12-13 21:42:28.536] MenuRegistry: Registered screen factory 'TaskListScreen_Agenda' in container (viewMode=agenda)
[2025-12-13 21:42:28.548] MenuRegistry: Registered 'Agenda View' in 'Tasks' menu (hotkey=A order=50)
[2025-12-13 21:42:28.561] ServiceContainer: Registered 'KanbanScreenV2' (singleton=False)
[2025-12-13 21:42:28.571] MenuRegistry: Registered screen factory 'KanbanScreenV2' in container (viewMode=)
[2025-12-13 21:42:28.585] MenuRegistry: Registered 'Kanban Board' in 'Tasks' menu (hotkey=K order=55)
[2025-12-13 21:42:28.598] ServiceContainer: Registered 'ChecklistTemplatesFolderScreen' (singleton=False)
[2025-12-13 21:42:28.613] MenuRegistry: Registered screen factory 'ChecklistTemplatesFolderScreen' in container (viewMode=)
[2025-12-13 21:42:28.627] MenuRegistry: Registered 'Checklist Templates' in 'Tools' menu (hotkey=H order=30)
[2025-12-13 21:42:28.640] ServiceContainer: Registered 'NotesMenuScreen' (singleton=False)
[2025-12-13 21:42:28.652] MenuRegistry: Registered screen factory 'NotesMenuScreen' in container (viewMode=)
[2025-12-13 21:42:28.665] MenuRegistry: Registered 'Notes' in 'Tools' menu (hotkey=N order=20)
[2025-12-13 21:42:28.678] ServiceContainer: Registered 'CommandLibraryScreen' (singleton=False)
[2025-12-13 21:42:28.691] MenuRegistry: Registered screen factory 'CommandLibraryScreen' in container (viewMode=)
[2025-12-13 21:42:28.703] MenuRegistry: Registered 'Command Library' in 'Tools' menu (hotkey=L order=10)
[2025-12-13 21:42:28.716] ServiceContainer: Registered 'WeeklyTimeReportScreen' (singleton=False)
[2025-12-13 21:42:28.733] MenuRegistry: Registered screen factory 'WeeklyTimeReportScreen' in container (viewMode=)
[2025-12-13 21:42:28.751] MenuRegistry: Registered 'Weekly Report' in 'Time' menu (hotkey=W order=10)
[2025-12-13 21:42:28.785] ServiceContainer: Registered 'TimeReportScreen' (singleton=False)
[2025-12-13 21:42:28.798] MenuRegistry: Registered screen factory 'TimeReportScreen' in container (viewMode=)
[2025-12-13 21:42:28.810] MenuRegistry: Registered 'Time Report' in 'Time' menu (hotkey=R order=20)
[2025-12-13 21:42:28.824] ServiceContainer: Registered 'TaskListScreen_Default' (singleton=False)
[2025-12-13 21:42:28.839] MenuRegistry: Registered screen factory 'TaskListScreen_Default' in container (viewMode=)
[2025-12-13 21:42:28.853] MenuRegistry: Registered 'Task List' in 'Tasks' menu (hotkey=L order=5)
[2025-12-13 21:42:28.869] ServiceContainer: Registered 'ExcelImportScreen' (singleton=False)
[2025-12-13 21:42:28.884] MenuRegistry: Registered screen factory 'ExcelImportScreen' in container (viewMode=)
[2025-12-13 21:42:28.896] MenuRegistry: Registered 'Import from Excel' in 'Projects' menu (hotkey=I order=40)
[2025-12-13 21:42:28.910] ServiceContainer: Registered 'ChecklistsLauncherScreen' (singleton=False)
[2025-12-13 21:42:28.922] MenuRegistry: Registered screen factory 'ChecklistsLauncherScreen' in container (viewMode=)
[2025-12-13 21:42:28.936] MenuRegistry: Registered 'Checklists' in 'Tools' menu (hotkey=C order=25)
[2025-12-13 21:42:28.947] ServiceContainer: Registered 'SettingsScreen' (singleton=False)
[2025-12-13 21:42:28.959] MenuRegistry: Registered screen factory 'SettingsScreen' in container (viewMode=)
[2025-12-13 21:42:28.972] MenuRegistry: Registered 'Settings' in 'Options' menu (hotkey=S order=20)
[2025-12-13 21:42:28.986] [INFO] Menus loaded from C:\Users\jhnhe\OneDrive\Documents\GitHub\project-management-console\og_transport\HYBRID\module\Pmc.Strict\consoleui\screens\MenuItems.psd1
[2025-12-13 21:42:28.998] [INFO] Launching screen: TaskList
[2025-12-13 21:42:29.010] [INFO] Resolving TaskListScreen from container...
[2025-12-13 21:42:29.022] ServiceContainer: Resolving 'TaskListScreen'...
[2025-12-13 21:42:29.036] [INFO] Resolving TaskListScreen...
[2025-12-13 21:42:29.048] ServiceContainer: Resolving 'TaskStore'...
[2025-12-13 21:42:29.059] [INFO] Resolving TaskStore...
[2025-12-13 21:42:29.092] [DEBUG] TaskStore.LoadData: Starting
[2025-12-13 21:42:29.105] [DEBUG] TaskStore.LoadData: Calling Get-PmcData
[2025-12-13 21:42:29.372] [DEBUG] TaskStore.LoadData: Get-PmcData returned - tasks=4 projects=2 timelogs=3
[2025-12-13 21:42:29.398] [DEBUG] TaskStore.LoadData: Loaded 4 tasks
[2025-12-13 21:42:29.419] [DEBUG] TaskStore.LoadData: Loaded 2 projects
[2025-12-13 21:42:29.454] [DEBUG] TaskStore.LoadData: First project name='p1' ID1='111'
[2025-12-13 21:42:29.486] ServiceContainer: Resolved 'TaskStore' successfully
[2025-12-13 21:42:30.115] [DEBUG] PmcScreen.AddContentWidget: Adding UniversalList (Total: 1)
[2025-12-13 21:42:30.158] [DEBUG] TaskListScreen: Constructor started
[2025-12-13 21:42:30.203] _PopulateMenusFromRegistry: Menu 'Projects' has 3 items from registry (array)
[2025-12-13 21:42:30.227] _PopulateMenusFromRegistry: Menu 'Help' has 1 items from registry (array)
[2025-12-13 21:42:30.245] _PopulateMenusFromRegistry: Menu 'Time' has 3 items from registry (array)
[2025-12-13 21:42:30.256] _PopulateMenusFromRegistry: Menu 'Options' has 2 items from registry (array)
[2025-12-13 21:42:30.272] _PopulateMenusFromRegistry: Menu 'Tasks' has 11 items from registry (array)
[2025-12-13 21:42:30.286] _PopulateMenusFromRegistry: Menu 'Tools' has 4 items from registry (array)
[2025-12-13 21:42:30.299] [DEBUG] TaskListScreen: Constructor completed
[2025-12-13 21:42:30.309] ServiceContainer: Resolved 'TaskListScreen' successfully
[2025-12-13 21:42:30.320] [INFO] Pushing screen to app...
[2025-12-13 21:42:30.953] [DEBUG] LoadData: Got 4 tasks from Store
[2025-12-13 21:42:31.048] [DEBUG] TaskListScreen.LoadData: Setting 4 tasks
[2025-12-13 21:42:31.062] [DEBUG] UniversalList.SetData: START
[2025-12-13 21:42:31.118] [DEBUG] UniversalList.SetData: COMPLETE (4 items)
[2025-12-13 21:42:31.466] [INFO] Screen pushed successfully
[2025-12-13 21:42:31.484] [INFO] Starting event loop...
[2025-12-13 21:42:32.065] [DEBUG] PmcScreen: Calling RenderToEngine on UniversalList
[2025-12-13 21:42:36.104] [DEBUG] PmcScreen: Calling RenderToEngine on UniversalList
[2025-12-13 21:42:42.952] [DEBUG] StandardListScreen: Routing to InlineEditor (Key=Tab)
[2025-12-13 21:42:42.963] [DEBUG] StandardListScreen: After HandleInput - IsConfirmed=False IsCancelled=False ShowInlineEditor=True
[2025-12-13 21:42:42.975] [DEBUG] StandardListScreen: After close check - ShowInlineEditor=True
[2025-12-13 21:42:43.098] [DEBUG] PmcScreen: Calling RenderToEngine on UniversalList
[2025-12-13 21:42:43.479] [DEBUG] StandardListScreen: Routing to InlineEditor (Key=Tab)
[2025-12-13 21:42:43.492] [DEBUG] StandardListScreen: After HandleInput - IsConfirmed=False IsCancelled=False ShowInlineEditor=True
[2025-12-13 21:42:43.505] [DEBUG] StandardListScreen: After close check - ShowInlineEditor=True
[2025-12-13 21:42:43.639] [DEBUG] PmcScreen: Calling RenderToEngine on UniversalList
[2025-12-13 21:42:45.023] [DEBUG] StandardListScreen: Routing to InlineEditor (Key=Enter)
[2025-12-13 21:42:45.063] [DEBUG] StandardListScreen: After HandleInput - IsConfirmed=False IsCancelled=False ShowInlineEditor=True
[2025-12-13 21:42:45.075] [DEBUG] StandardListScreen: After close check - ShowInlineEditor=True
[2025-12-13 21:42:45.384] [DEBUG] PmcScreen: Calling RenderToEngine on UniversalList
[2025-12-13 21:42:50.261] [DEBUG] StandardListScreen: Routing to InlineEditor (Key=S)
[2025-12-13 21:42:50.281] [DEBUG] StandardListScreen: After HandleInput - IsConfirmed=False IsCancelled=False ShowInlineEditor=True
[2025-12-13 21:42:50.294] [DEBUG] StandardListScreen: After close check - ShowInlineEditor=True
[2025-12-13 21:42:50.473] [DEBUG] PmcScreen: Calling RenderToEngine on UniversalList
[2025-12-13 21:49:48.395] [INFO] Event loop exited normally
[2025-12-13 21:49:48.399] [INFO] Cleanup - showing cursor and resetting terminal
