[2025-12-13 07:47:48.231] [INFO] Loading PMC module...
[2025-12-13 07:47:49.255] [INFO] PMC module loaded
[2025-12-13 07:47:49.257] [INFO] Loading dependencies (FieldSchemas, etc.)...
[2025-12-13 07:47:49.368] [INFO] Dependencies loaded
[2025-12-13 07:47:49.370] [INFO] Loading SpeedTUI framework...
[2025-12-13 07:47:49.636] [INFO] SpeedTUI framework loaded
[2025-12-13 07:47:49.646] [INFO] Loading PraxisVT...
[2025-12-13 07:47:49.665] [INFO] PraxisVT loaded
[2025-12-13 07:47:49.674] [INFO] Loading core dependencies...
[2025-12-13 07:47:49.733] [INFO] Core dependencies loaded
[2025-12-13 07:47:49.742] [INFO] Loading widget base classes...
[2025-12-13 07:47:49.789] [INFO] Widget base classes loaded
[2025-12-13 07:47:49.798] [INFO] Loading services...
[2025-12-13 07:47:49.932] [INFO] Services loaded
[2025-12-13 07:47:49.941] [INFO] Loading helpers...
[2025-12-13 07:47:50.541] [INFO] Helpers loaded
[2025-12-13 07:47:50.552] [INFO] Loading widgets...
[2025-12-13 07:47:50.944] [ERROR] Failed to load widgets: At C:\Users\jhnhe\OneDrive\Documents\GitHub\project-management-console\og_transport\HYBRID\module\Pmc.strict\consoleui\widgets\UniversalList.ps1:2003 char:13
+         if ($isSelected) {
+             ~~~~~~~~~~~
Variable is not assigned in the method.

At C:\Users\jhnhe\OneDrive\Documents\GitHub\project-management-console\og_transport\HYBRID\module\Pmc.strict\consoleui\widgets\UniversalList.ps1:2004 char:13
+             $rowBuilder.Append($highlightBg)
+             ~~~~~~~~~~~
Variable is not assigned in the method.

At C:\Users\jhnhe\OneDrive\Documents\GitHub\project-management-console\og_transport\HYBRID\module\Pmc.strict\consoleui\widgets\UniversalList.ps1:2005 char:13
+             $rowBuilder.Append($highlightFg)
+             ~~~~~~~~~~~
Variable is not assigned in the method.

At C:\Users\jhnhe\OneDrive\Documents\GitHub\project-management-console\og_transport\HYBRID\module\Pmc.strict\consoleui\widgets\UniversalList.ps1:2008 char:27
+             if ($rowBg) { $rowBuilder.Append($rowBg) }
+                           ~~~~~~~~~~~
Variable is not assigned in the method.

At C:\Users\jhnhe\OneDrive\Documents\GitHub\project-management-console\og_transport\HYBRID\module\Pmc.strict\consoleui\widgets\UniversalList.ps1:2009 char:13
+             $rowBuilder.Append($textColor)
+             ~~~~~~~~~~~
Variable is not assigned in the method.
