[2025-12-13 16:12:48.573] [INFO] Loading PMC module...
[2025-12-13 16:12:49.653] [INFO] PMC module loaded
[2025-12-13 16:12:49.655] [INFO] Loading dependencies (FieldSchemas, etc.)...
[2025-12-13 16:12:49.764] [INFO] Dependencies loaded
[2025-12-13 16:12:49.773] [INFO] Loading SpeedTUI framework...
[2025-12-13 16:12:50.057] [INFO] SpeedTUI framework loaded
[2025-12-13 16:12:50.069] [INFO] Loading PraxisVT...
[2025-12-13 16:12:50.090] [INFO] PraxisVT loaded
[2025-12-13 16:12:50.100] [INFO] Loading core dependencies...
[2025-12-13 16:12:50.160] [INFO] Core dependencies loaded
[2025-12-13 16:12:50.169] [INFO] Loading widget base classes...
[2025-12-13 16:12:50.224] [INFO] Widget base classes loaded
[2025-12-13 16:12:50.232] [INFO] Loading services...
[2025-12-13 16:12:50.381] [INFO] Services loaded
[2025-12-13 16:12:50.391] [INFO] Loading helpers...
[2025-12-13 16:12:50.939] [INFO] Helpers loaded
[2025-12-13 16:12:50.956] [INFO] Loading widgets...
[2025-12-13 16:12:51.421] [INFO] Widgets loaded
[2025-12-13 16:12:51.422] [INFO] Loading screen base class...
[2025-12-13 16:12:51.460] [INFO] Screen base class loaded
[2025-12-13 16:12:51.473] [INFO] Loading HelpViewScreen (needed by base classes)...
[2025-12-13 16:12:51.509] [INFO] HelpViewScreen loaded
[2025-12-13 16:12:51.520] [INFO] Loading base classes...
[2025-12-13 16:12:51.630] [INFO] Base classes loaded
[2025-12-13 16:12:51.641] [INFO] Loading ServiceContainer (needed by screens)...
[2025-12-13 16:12:51.663] [INFO] ServiceContainer loaded
[2025-12-13 16:12:51.674] [INFO] Loading remaining screens...
[2025-12-13 16:12:51.832] [INFO] Remaining screens loaded
[2025-12-13 16:12:51.848] [INFO] Loading PmcApplication...
[2025-12-13 16:12:51.879] [INFO] PmcApplication loaded
[2025-12-13 16:12:51.896] [INFO] All components loaded successfully
[2025-12-13 16:12:51.920] [INFO] Starting PMC TUI with screen: TaskList
[2025-12-13 16:12:51.936] [INFO] Cleared stale PmcSharedMenuBar and MenuRegistry singleton
[2025-12-13 16:12:51.947] [INFO] Creating ServiceContainer...
[2025-12-13 16:12:51.964] [INFO] ServiceContainer created
[2025-12-13 16:12:51.973] [INFO] Registering Theme service...
[2025-12-13 16:12:51.992] ServiceContainer: Registered 'Theme' (singleton=True)
[2025-12-13 16:12:52.002] [INFO] Registering ThemeManager...
[2025-12-13 16:12:52.012] ServiceContainer: Registered 'ThemeManager' (singleton=True)
[2025-12-13 16:12:52.022] [INFO] Registering Config service...
[2025-12-13 16:12:52.033] ServiceContainer: Registered 'Config' (singleton=True)
[2025-12-13 16:12:52.045] [INFO] Registering TaskStore service...
[2025-12-13 16:12:52.057] ServiceContainer: Registered 'TaskStore' (singleton=True)
[2025-12-13 16:12:52.069] [INFO] Registering MenuRegistry service...
[2025-12-13 16:12:52.082] ServiceContainer: Registered 'MenuRegistry' (singleton=True)
[2025-12-13 16:12:52.093] [INFO] Registering Application service...
[2025-12-13 16:12:52.104] ServiceContainer: Registered 'Application' (singleton=True)
[2025-12-13 16:12:52.120] [INFO] Registering CommandService...
[2025-12-13 16:12:52.130] ServiceContainer: Registered 'CommandService' (singleton=True)
[2025-12-13 16:12:52.143] [INFO] Registering ChecklistService...
[2025-12-13 16:12:52.156] ServiceContainer: Registered 'ChecklistService' (singleton=True)
[2025-12-13 16:12:52.168] [INFO] Registering NoteService...
[2025-12-13 16:12:52.181] ServiceContainer: Registered 'NoteService' (singleton=True)
[2025-12-13 16:12:52.192] [INFO] Registering ExcelMappingService...
[2025-12-13 16:12:52.205] ServiceContainer: Registered 'ExcelMappingService' (singleton=True)
[2025-12-13 16:12:52.216] [INFO] Registering PreferencesService...
[2025-12-13 16:12:52.226] ServiceContainer: Registered 'PreferencesService' (singleton=True)
[2025-12-13 16:12:52.237] [INFO] Registering screen factories...
[2025-12-13 16:12:52.251] ServiceContainer: Registered 'TaskListScreen' (singleton=False)
[2025-12-13 16:12:52.264] [INFO] Resolving Application from container...
[2025-12-13 16:12:52.283] ServiceContainer: Resolving 'Application'...
[2025-12-13 16:12:52.295] [INFO] Resolving Application...
[2025-12-13 16:12:52.306] ServiceContainer: Resolving 'Theme'...
[2025-12-13 16:12:52.324] [INFO] Resolving Theme: Calling Initialize-PmcThemeSystem...
[2025-12-13 16:12:52.343] [INFO] Theme resolved: #33aaff
[2025-12-13 16:12:52.353] [INFO] Loading PmcThemeEngine...
[2025-12-13 16:12:52.449] [DEBUG] Palette [Warning] -> #7FCA14 (R=127 G=202 B=20)
[2025-12-13 16:12:52.463] [DEBUG] Palette [Footer] -> #185F30 (R=24 G=95 B=48)
[2025-12-13 16:12:52.478] [DEBUG] Palette [Text] -> #C2EACF (R=194 G=234 B=207)
[2025-12-13 16:12:52.490] [DEBUG] Palette [Success] -> #2CB158 (R=44 G=177 B=88)
[2025-12-13 16:12:52.503] [DEBUG] Palette [Primary] -> #228844 (R=34 G=136 B=68)
[2025-12-13 16:12:52.515] [DEBUG] Palette [Status] -> #5C8F6D (R=92 G=143 B=109)
[2025-12-13 16:12:52.527] [DEBUG] Palette [Muted] -> #5C8F6D (R=92 G=143 B=109)
[2025-12-13 16:12:52.539] [DEBUG] Palette [Cursor] -> #228844 (R=34 G=136 B=68)
[2025-12-13 16:12:52.551] [DEBUG] Palette [Header] -> #228844 (R=34 G=136 B=68)
[2025-12-13 16:12:52.569] [DEBUG] Palette [Label] -> #5C8F6D (R=92 G=143 B=109)
[2025-12-13 16:12:52.583] [DEBUG] Palette [Bright] -> #2CB158 (R=44 G=177 B=88)
[2025-12-13 16:12:52.595] [DEBUG] Palette [Highlight] -> #228844 (R=34 G=136 B=68)
[2025-12-13 16:12:52.605] [DEBUG] Palette [Border] -> #185F30 (R=24 G=95 B=48)
[2025-12-13 16:12:52.616] [DEBUG] Palette [Error] -> #BE2914 (R=190 G=41 B=20)
[2025-12-13 16:12:52.635] [INFO] LoadFromConfig: Loaded Properties with 16 items
[2025-12-13 16:12:52.650] [INFO] PmcThemeEngine initialized with PMC palette (14 colors)
[2025-12-13 16:12:52.661] ServiceContainer: Resolved 'Theme' successfully
[2025-12-13 16:12:52.750] ServiceContainer: Resolving 'ThemeManager'...
[2025-12-13 16:12:52.762] [INFO] Resolving ThemeManager...
[2025-12-13 16:12:52.871] ServiceContainer: Resolved 'ThemeManager' successfully
[2025-12-13 16:12:52.889] ServiceContainer: Resolved 'Application' successfully
[2025-12-13 16:12:52.901] [INFO] Application resolved and assigned to $global:PmcApp
[2025-12-13 16:12:52.912] [INFO] Loading menus from manifest...
[2025-12-13 16:12:52.924] ServiceContainer: Resolving 'MenuRegistry'...
[2025-12-13 16:12:52.940] [INFO] Resolving MenuRegistry...
[2025-12-13 16:12:52.959] ServiceContainer: Resolved 'MenuRegistry' successfully
[2025-12-13 16:12:52.981] MenuRegistry: Loaded manifest with 24 entries
[2025-12-13 16:12:53.011] ServiceContainer: Registered 'TaskListScreen_NoDate' (singleton=False)
[2025-12-13 16:12:53.021] MenuRegistry: Registered screen factory 'TaskListScreen_NoDate' in container (viewMode=noduedate)
[2025-12-13 16:12:53.041] MenuRegistry: Registered 'No Due Date' in 'Tasks' menu (hotkey=D order=40)
[2025-12-13 16:12:53.053] ServiceContainer: Registered 'TaskListScreen_Overdue' (singleton=False)
[2025-12-13 16:12:53.066] MenuRegistry: Registered screen factory 'TaskListScreen_Overdue' in container (viewMode=overdue)
[2025-12-13 16:12:53.077] MenuRegistry: Registered 'Overdue' in 'Tasks' menu (hotkey=O order=30)
[2025-12-13 16:12:53.088] ServiceContainer: Registered 'ChecklistsLauncherScreen' (singleton=False)
[2025-12-13 16:12:53.098] MenuRegistry: Registered screen factory 'ChecklistsLauncherScreen' in container (viewMode=)
[2025-12-13 16:12:53.110] MenuRegistry: Registered 'Checklists' in 'Tools' menu (hotkey=C order=25)
[2025-12-13 16:12:53.120] ServiceContainer: Registered 'TaskListScreen_Tomorrow' (singleton=False)
[2025-12-13 16:12:53.130] MenuRegistry: Registered screen factory 'TaskListScreen_Tomorrow' in container (viewMode=tomorrow)
[2025-12-13 16:12:53.141] MenuRegistry: Registered 'Tomorrow' in 'Tasks' menu (hotkey=T order=15)
[2025-12-13 16:12:53.153] ServiceContainer: Registered 'TaskListScreen_NextActions' (singleton=False)
[2025-12-13 16:12:53.163] MenuRegistry: Registered screen factory 'TaskListScreen_NextActions' in container (viewMode=nextactions)
[2025-12-13 16:12:53.173] MenuRegistry: Registered 'Next Actions' in 'Tasks' menu (hotkey=N order=35)
[2025-12-13 16:12:53.187] ServiceContainer: Registered 'SettingsScreen' (singleton=False)
[2025-12-13 16:12:53.198] MenuRegistry: Registered screen factory 'SettingsScreen' in container (viewMode=)
[2025-12-13 16:12:53.209] MenuRegistry: Registered 'Settings' in 'Options' menu (hotkey=S order=20)
[2025-12-13 16:12:53.221] ServiceContainer: Registered 'TimeReportScreen' (singleton=False)
[2025-12-13 16:12:53.232] MenuRegistry: Registered screen factory 'TimeReportScreen' in container (viewMode=)
[2025-12-13 16:12:53.247] MenuRegistry: Registered 'Time Report' in 'Time' menu (hotkey=R order=20)
[2025-12-13 16:12:53.259] ServiceContainer: Registered 'CommandLibraryScreen' (singleton=False)
[2025-12-13 16:12:53.268] MenuRegistry: Registered screen factory 'CommandLibraryScreen' in container (viewMode=)
[2025-12-13 16:12:53.282] MenuRegistry: Registered 'Command Library' in 'Tools' menu (hotkey=L order=10)
[2025-12-13 16:12:53.293] ServiceContainer: Registered 'ExcelImportScreen' (singleton=False)
[2025-12-13 16:12:53.303] MenuRegistry: Registered screen factory 'ExcelImportScreen' in container (viewMode=)
[2025-12-13 16:12:53.317] MenuRegistry: Registered 'Import from Excel' in 'Projects' menu (hotkey=I order=40)
[2025-12-13 16:12:53.329] ServiceContainer: Registered 'TaskListScreen_Default' (singleton=False)
[2025-12-13 16:12:53.339] MenuRegistry: Registered screen factory 'TaskListScreen_Default' in container (viewMode=)
[2025-12-13 16:12:53.350] MenuRegistry: Registered 'Task List' in 'Tasks' menu (hotkey=L order=5)
[2025-12-13 16:12:53.361] ServiceContainer: Registered 'ProjectListScreen' (singleton=False)
[2025-12-13 16:12:53.372] MenuRegistry: Registered screen factory 'ProjectListScreen' in container (viewMode=)
[2025-12-13 16:12:53.383] MenuRegistry: Registered 'Project List' in 'Projects' menu (hotkey=L order=10)
[2025-12-13 16:12:53.394] ServiceContainer: Registered 'NotesMenuScreen' (singleton=False)
[2025-12-13 16:12:53.404] MenuRegistry: Registered screen factory 'NotesMenuScreen' in container (viewMode=)
[2025-12-13 16:12:53.415] MenuRegistry: Registered 'Notes' in 'Tools' menu (hotkey=N order=20)
[2025-12-13 16:12:53.425] ServiceContainer: Registered 'ThemeEditorScreen' (singleton=False)
[2025-12-13 16:12:53.437] MenuRegistry: Registered screen factory 'ThemeEditorScreen' in container (viewMode=)
[2025-12-13 16:12:53.450] MenuRegistry: Registered 'Theme Editor' in 'Options' menu (hotkey=T order=10)
[2025-12-13 16:12:53.464] ServiceContainer: Registered 'TimeListScreen' (singleton=False)
[2025-12-13 16:12:53.480] MenuRegistry: Registered screen factory 'TimeListScreen' in container (viewMode=)
[2025-12-13 16:12:53.493] MenuRegistry: Registered 'Time Tracking' in 'Time' menu (hotkey=T order=5)
[2025-12-13 16:12:53.508] ServiceContainer: Registered 'TaskListScreen_Month' (singleton=False)
[2025-12-13 16:12:53.522] MenuRegistry: Registered screen factory 'TaskListScreen_Month' in container (viewMode=month)
[2025-12-13 16:12:53.539] MenuRegistry: Registered 'Month View' in 'Tasks' menu (hotkey=M order=45)
[2025-12-13 16:12:53.553] ServiceContainer: Registered 'TaskListScreen_Upcoming' (singleton=False)
[2025-12-13 16:12:53.568] MenuRegistry: Registered screen factory 'TaskListScreen_Upcoming' in container (viewMode=upcoming)
[2025-12-13 16:12:53.585] MenuRegistry: Registered 'Upcoming' in 'Tasks' menu (hotkey=U order=25)
[2025-12-13 16:12:53.599] ServiceContainer: Registered 'ExcelProfileManagerScreen' (singleton=False)
[2025-12-13 16:12:53.613] MenuRegistry: Registered screen factory 'ExcelProfileManagerScreen' in container (viewMode=)
[2025-12-13 16:12:53.626] MenuRegistry: Registered 'Excel Profiles' in 'Projects' menu (hotkey=M order=50)
[2025-12-13 16:12:53.640] ServiceContainer: Registered 'HelpViewScreen' (singleton=False)
[2025-12-13 16:12:53.651] MenuRegistry: Registered screen factory 'HelpViewScreen' in container (viewMode=)
[2025-12-13 16:12:53.663] MenuRegistry: Registered 'Help' in 'Help' menu (hotkey=H order=10)
[2025-12-13 16:12:53.679] ServiceContainer: Registered 'ChecklistTemplatesFolderScreen' (singleton=False)
[2025-12-13 16:12:53.691] MenuRegistry: Registered screen factory 'ChecklistTemplatesFolderScreen' in container (viewMode=)
[2025-12-13 16:12:53.703] MenuRegistry: Registered 'Checklist Templates' in 'Tools' menu (hotkey=H order=30)
[2025-12-13 16:12:53.714] ServiceContainer: Registered 'TaskListScreen_Today' (singleton=False)
[2025-12-13 16:12:53.726] MenuRegistry: Registered screen factory 'TaskListScreen_Today' in container (viewMode=today)
[2025-12-13 16:12:53.738] MenuRegistry: Registered 'Today' in 'Tasks' menu (hotkey=Y order=10)
[2025-12-13 16:12:53.750] ServiceContainer: Registered 'TaskListScreen_Week' (singleton=False)
[2025-12-13 16:12:53.762] MenuRegistry: Registered screen factory 'TaskListScreen_Week' in container (viewMode=week)
[2025-12-13 16:12:53.775] MenuRegistry: Registered 'Week View' in 'Tasks' menu (hotkey=W order=20)
[2025-12-13 16:12:53.785] ServiceContainer: Registered 'KanbanScreenV2' (singleton=False)
[2025-12-13 16:12:53.796] MenuRegistry: Registered screen factory 'KanbanScreenV2' in container (viewMode=)
[2025-12-13 16:12:53.809] MenuRegistry: Registered 'Kanban Board' in 'Tasks' menu (hotkey=K order=55)
[2025-12-13 16:12:53.823] ServiceContainer: Registered 'TaskListScreen_Agenda' (singleton=False)
[2025-12-13 16:12:53.836] MenuRegistry: Registered screen factory 'TaskListScreen_Agenda' in container (viewMode=agenda)
[2025-12-13 16:12:53.847] MenuRegistry: Registered 'Agenda View' in 'Tasks' menu (hotkey=A order=50)
[2025-12-13 16:12:53.857] ServiceContainer: Registered 'WeeklyTimeReportScreen' (singleton=False)
[2025-12-13 16:12:53.867] MenuRegistry: Registered screen factory 'WeeklyTimeReportScreen' in container (viewMode=)
[2025-12-13 16:12:53.878] MenuRegistry: Registered 'Weekly Report' in 'Time' menu (hotkey=W order=10)
[2025-12-13 16:12:53.889] [INFO] Menus loaded from C:\Users\jhnhe\OneDrive\Documents\GitHub\project-management-console\og_transport\HYBRID\module\Pmc.Strict\consoleui\screens\MenuItems.psd1
[2025-12-13 16:12:53.901] [INFO] Launching screen: TaskList
[2025-12-13 16:12:53.915] [INFO] Resolving TaskListScreen from container...
[2025-12-13 16:12:53.924] ServiceContainer: Resolving 'TaskListScreen'...
[2025-12-13 16:12:53.938] [INFO] Resolving TaskListScreen...
[2025-12-13 16:12:53.950] ServiceContainer: Resolving 'TaskStore'...
[2025-12-13 16:12:53.962] [INFO] Resolving TaskStore...
[2025-12-13 16:12:53.996] [DEBUG] TaskStore.LoadData: Starting
[2025-12-13 16:12:54.008] [DEBUG] TaskStore.LoadData: Calling Get-PmcData
[2025-12-13 16:12:54.239] [DEBUG] TaskStore.LoadData: Get-PmcData returned - tasks=4 projects=2 timelogs=3
[2025-12-13 16:12:54.257] [DEBUG] TaskStore.LoadData: Loaded 4 tasks
[2025-12-13 16:12:54.270] [DEBUG] TaskStore.LoadData: Loaded 2 projects
[2025-12-13 16:12:54.284] [DEBUG] TaskStore.LoadData: First project name='p1' ID1='111'
[2025-12-13 16:12:54.301] ServiceContainer: Resolved 'TaskStore' successfully
[2025-12-13 16:12:54.729] [DEBUG] PmcScreen.AddContentWidget: Adding UniversalList (Total: 1)
[2025-12-13 16:12:54.744] [DEBUG] PmcScreen.AddContentWidget: Adding FilterPanel (Total: 2)
[2025-12-13 16:12:54.757] [DEBUG] PmcScreen.AddContentWidget: Adding InlineEditor (Total: 3)
[2025-12-13 16:12:54.804] [DEBUG] TaskListScreen: Constructor started
[2025-12-13 16:12:54.850] _PopulateMenusFromRegistry: Menu 'Projects' has 3 items from registry (array)
[2025-12-13 16:12:54.874] _PopulateMenusFromRegistry: Menu 'Tasks' has 11 items from registry (array)
[2025-12-13 16:12:54.888] _PopulateMenusFromRegistry: Menu 'Time' has 3 items from registry (array)
[2025-12-13 16:12:54.904] _PopulateMenusFromRegistry: Menu 'Options' has 2 items from registry (array)
[2025-12-13 16:12:54.918] _PopulateMenusFromRegistry: Menu 'Help' has 1 items from registry (array)
[2025-12-13 16:12:54.933] _PopulateMenusFromRegistry: Menu 'Tools' has 4 items from registry (array)
[2025-12-13 16:12:54.947] [DEBUG] TaskListScreen: Constructor completed
[2025-12-13 16:12:54.961] ServiceContainer: Resolved 'TaskListScreen' successfully
[2025-12-13 16:12:54.974] [INFO] Pushing screen to app...
[2025-12-13 16:12:55.276] [DEBUG] LoadData: Got 4 tasks from Store
[2025-12-13 16:12:55.361] [DEBUG] TaskListScreen.LoadData: Setting 4 tasks
[2025-12-13 16:12:55.376] [DEBUG] UniversalList.SetData: START
[2025-12-13 16:12:55.431] [DEBUG] UniversalList.SetData: COMPLETE (4 items)
[2025-12-13 16:12:55.472] [INFO] Screen pushed successfully
[2025-12-13 16:12:55.482] [INFO] Starting event loop...
[2025-12-13 16:12:55.886] [DEBUG] PmcScreen: Calling RenderToEngine on UniversalList
[2025-12-13 16:12:55.940] [DEBUG] PmcScreen: Calling RenderToEngine on FilterPanel
[2025-12-13 16:12:56.006] [DEBUG] PmcScreen: Calling RenderToEngine on InlineEditor
[2025-12-13 16:13:41.171] [DEBUG] PmcScreen: Calling RenderToEngine on UniversalList
[2025-12-13 16:13:41.216] [DEBUG] PmcScreen: Calling RenderToEngine on FilterPanel
[2025-12-13 16:13:41.241] [DEBUG] PmcScreen: Calling RenderToEngine on InlineEditor
[2025-12-14 15:19:20.579] [DEBUG] PmcScreen: Calling RenderToEngine on UniversalList
[2025-12-14 15:19:20.650] [DEBUG] PmcScreen: Calling RenderToEngine on FilterPanel
[2025-12-14 15:19:20.678] [DEBUG] PmcScreen: Calling RenderToEngine on InlineEditor
