[2025-12-13 20:26:19.395] [INFO] Loading PMC module...
[2025-12-13 20:26:22.785] [INFO] PMC module loaded
[2025-12-13 20:26:22.787] [INFO] Loading dependencies (FieldSchemas, etc.)...
[2025-12-13 20:26:23.098] [INFO] Dependencies loaded
[2025-12-13 20:26:23.106] [INFO] Loading SpeedTUI framework...
[2025-12-13 20:26:23.773] [INFO] SpeedTUI framework loaded
[2025-12-13 20:26:23.775] [INFO] Loading PraxisVT...
[2025-12-13 20:26:23.793] [INFO] PraxisVT loaded
[2025-12-13 20:26:23.801] [INFO] Loading core dependencies...
[2025-12-13 20:26:24.016] [INFO] Core dependencies loaded
[2025-12-13 20:26:24.023] [INFO] Loading widget base classes...
[2025-12-13 20:26:24.160] [INFO] Widget base classes loaded
[2025-12-13 20:26:24.170] [INFO] Loading services...
[2025-12-13 20:26:24.703] [INFO] Services loaded
[2025-12-13 20:26:24.712] [INFO] Loading helpers...
[2025-12-13 20:26:25.679] [INFO] Helpers loaded
[2025-12-13 20:26:25.680] [INFO] Loading widgets...
[2025-12-13 20:26:26.909] [INFO] Widgets loaded
[2025-12-13 20:26:26.910] [INFO] Loading screen base class...
[2025-12-13 20:26:26.979] [INFO] Screen base class loaded
[2025-12-13 20:26:26.990] [INFO] Loading HelpViewScreen (needed by base classes)...
[2025-12-13 20:26:27.061] [INFO] HelpViewScreen loaded
[2025-12-13 20:26:27.074] [INFO] Loading base classes...
[2025-12-13 20:26:27.440] [INFO] Base classes loaded
[2025-12-13 20:26:27.450] [INFO] Loading ServiceContainer (needed by screens)...
[2025-12-13 20:26:27.513] [INFO] ServiceContainer loaded
[2025-12-13 20:26:27.523] [INFO] Loading remaining screens...
[2025-12-13 20:26:27.802] [INFO] Remaining screens loaded
[2025-12-13 20:26:27.812] [INFO] Loading PmcApplication...
[2025-12-13 20:26:27.896] [INFO] PmcApplication loaded
[2025-12-13 20:26:27.906] [INFO] All components loaded successfully
[2025-12-13 20:26:27.925] [INFO] Starting PMC TUI with screen: TaskList
[2025-12-13 20:26:27.938] [INFO] Cleared stale PmcSharedMenuBar and MenuRegistry singleton
[2025-12-13 20:26:27.949] [INFO] Creating ServiceContainer...
[2025-12-13 20:26:27.962] [INFO] ServiceContainer created
[2025-12-13 20:26:27.974] [INFO] Registering Theme service...
[2025-12-13 20:26:27.995] ServiceContainer: Registered 'Theme' (singleton=True)
[2025-12-13 20:26:28.006] [INFO] Registering ThemeManager...
[2025-12-13 20:26:28.016] ServiceContainer: Registered 'ThemeManager' (singleton=True)
[2025-12-13 20:26:28.026] [INFO] Registering Config service...
[2025-12-13 20:26:28.036] ServiceContainer: Registered 'Config' (singleton=True)
[2025-12-13 20:26:28.046] [INFO] Registering TaskStore service...
[2025-12-13 20:26:28.055] ServiceContainer: Registered 'TaskStore' (singleton=True)
[2025-12-13 20:26:28.066] [INFO] Registering MenuRegistry service...
[2025-12-13 20:26:28.077] ServiceContainer: Registered 'MenuRegistry' (singleton=True)
[2025-12-13 20:26:28.086] [INFO] Registering Application service...
[2025-12-13 20:26:28.098] ServiceContainer: Registered 'Application' (singleton=True)
[2025-12-13 20:26:28.108] [INFO] Registering CommandService...
[2025-12-13 20:26:28.117] ServiceContainer: Registered 'CommandService' (singleton=True)
[2025-12-13 20:26:28.132] [INFO] Registering ChecklistService...
[2025-12-13 20:26:28.142] ServiceContainer: Registered 'ChecklistService' (singleton=True)
[2025-12-13 20:26:28.152] [INFO] Registering NoteService...
[2025-12-13 20:26:28.164] ServiceContainer: Registered 'NoteService' (singleton=True)
[2025-12-13 20:26:28.174] [INFO] Registering ExcelMappingService...
[2025-12-13 20:26:28.185] ServiceContainer: Registered 'ExcelMappingService' (singleton=True)
[2025-12-13 20:26:28.194] [INFO] Registering PreferencesService...
[2025-12-13 20:26:28.205] ServiceContainer: Registered 'PreferencesService' (singleton=True)
[2025-12-13 20:26:28.216] [INFO] Registering screen factories...
[2025-12-13 20:26:28.226] ServiceContainer: Registered 'TaskListScreen' (singleton=False)
[2025-12-13 20:26:28.236] [INFO] Resolving Application from container...
[2025-12-13 20:26:28.255] ServiceContainer: Resolving 'Application'...
[2025-12-13 20:26:28.281] [INFO] Resolving Application...
[2025-12-13 20:26:28.292] ServiceContainer: Resolving 'Theme'...
[2025-12-13 20:26:28.321] [INFO] Resolving Theme: Calling Initialize-PmcThemeSystem...
[2025-12-13 20:26:28.339] [INFO] Theme resolved: #33aaff
[2025-12-13 20:26:28.350] [INFO] Loading PmcThemeEngine...
[2025-12-13 20:26:28.441] [DEBUG] Palette [Header] -> #228844 (R=34 G=136 B=68)
[2025-12-13 20:26:28.451] [DEBUG] Palette [Text] -> #C2EACF (R=194 G=234 B=207)
[2025-12-13 20:26:28.462] [DEBUG] Palette [Footer] -> #185F30 (R=24 G=95 B=48)
[2025-12-13 20:26:28.471] [DEBUG] Palette [Muted] -> #5C8F6D (R=92 G=143 B=109)
[2025-12-13 20:26:28.482] [DEBUG] Palette [Label] -> #5C8F6D (R=92 G=143 B=109)
[2025-12-13 20:26:28.491] [DEBUG] Palette [Border] -> #185F30 (R=24 G=95 B=48)
[2025-12-13 20:26:28.501] [DEBUG] Palette [Warning] -> #7FCA14 (R=127 G=202 B=20)
[2025-12-13 20:26:28.511] [DEBUG] Palette [Cursor] -> #228844 (R=34 G=136 B=68)
[2025-12-13 20:26:28.520] [DEBUG] Palette [Error] -> #BE2914 (R=190 G=41 B=20)
[2025-12-13 20:26:28.532] [DEBUG] Palette [Success] -> #2CB158 (R=44 G=177 B=88)
[2025-12-13 20:26:28.541] [DEBUG] Palette [Primary] -> #228844 (R=34 G=136 B=68)
[2025-12-13 20:26:28.553] [DEBUG] Palette [Highlight] -> #228844 (R=34 G=136 B=68)
[2025-12-13 20:26:28.565] [DEBUG] Palette [Status] -> #5C8F6D (R=92 G=143 B=109)
[2025-12-13 20:26:28.575] [DEBUG] Palette [Bright] -> #2CB158 (R=44 G=177 B=88)
[2025-12-13 20:26:28.594] [INFO] LoadFromConfig: Loaded Properties with 16 items
[2025-12-13 20:26:28.609] [INFO] PmcThemeEngine initialized with PMC palette (14 colors)
[2025-12-13 20:26:28.620] ServiceContainer: Resolved 'Theme' successfully
[2025-12-13 20:26:28.929] ServiceContainer: Resolving 'ThemeManager'...
[2025-12-13 20:26:28.953] [INFO] Resolving ThemeManager...
[2025-12-13 20:26:29.022] ServiceContainer: Resolved 'ThemeManager' successfully
[2025-12-13 20:26:29.037] ServiceContainer: Resolved 'Application' successfully
[2025-12-13 20:26:29.049] [INFO] Application resolved and assigned to $global:PmcApp
[2025-12-13 20:26:29.060] [INFO] Loading menus from manifest...
[2025-12-13 20:26:29.071] ServiceContainer: Resolving 'MenuRegistry'...
[2025-12-13 20:26:29.099] [INFO] Resolving MenuRegistry...
[2025-12-13 20:26:29.115] ServiceContainer: Resolved 'MenuRegistry' successfully
[2025-12-13 20:26:29.152] MenuRegistry: Loaded manifest with 24 entries
[2025-12-13 20:26:29.177] ServiceContainer: Registered 'NotesMenuScreen' (singleton=False)
[2025-12-13 20:26:29.186] MenuRegistry: Registered screen factory 'NotesMenuScreen' in container (viewMode=)
[2025-12-13 20:26:29.203] MenuRegistry: Registered 'Notes' in 'Tools' menu (hotkey=N order=20)
[2025-12-13 20:26:29.216] ServiceContainer: Registered 'WeeklyTimeReportScreen' (singleton=False)
[2025-12-13 20:26:29.225] MenuRegistry: Registered screen factory 'WeeklyTimeReportScreen' in container (viewMode=)
[2025-12-13 20:26:29.235] MenuRegistry: Registered 'Weekly Report' in 'Time' menu (hotkey=W order=10)
[2025-12-13 20:26:29.246] ServiceContainer: Registered 'ExcelProfileManagerScreen' (singleton=False)
[2025-12-13 20:26:29.256] MenuRegistry: Registered screen factory 'ExcelProfileManagerScreen' in container (viewMode=)
[2025-12-13 20:26:29.266] MenuRegistry: Registered 'Excel Profiles' in 'Projects' menu (hotkey=M order=50)
[2025-12-13 20:26:29.276] ServiceContainer: Registered 'ProjectListScreen' (singleton=False)
[2025-12-13 20:26:29.286] MenuRegistry: Registered screen factory 'ProjectListScreen' in container (viewMode=)
[2025-12-13 20:26:29.296] MenuRegistry: Registered 'Project List' in 'Projects' menu (hotkey=L order=10)
[2025-12-13 20:26:29.306] ServiceContainer: Registered 'HelpViewScreen' (singleton=False)
[2025-12-13 20:26:29.316] MenuRegistry: Registered screen factory 'HelpViewScreen' in container (viewMode=)
[2025-12-13 20:26:29.330] MenuRegistry: Registered 'Help' in 'Help' menu (hotkey=H order=10)
[2025-12-13 20:26:29.341] ServiceContainer: Registered 'TaskListScreen_Week' (singleton=False)
[2025-12-13 20:26:29.350] MenuRegistry: Registered screen factory 'TaskListScreen_Week' in container (viewMode=week)
[2025-12-13 20:26:29.360] MenuRegistry: Registered 'Week View' in 'Tasks' menu (hotkey=W order=20)
[2025-12-13 20:26:29.370] ServiceContainer: Registered 'TaskListScreen_Tomorrow' (singleton=False)
[2025-12-13 20:26:29.380] MenuRegistry: Registered screen factory 'TaskListScreen_Tomorrow' in container (viewMode=tomorrow)
[2025-12-13 20:26:29.389] MenuRegistry: Registered 'Tomorrow' in 'Tasks' menu (hotkey=T order=15)
[2025-12-13 20:26:29.400] ServiceContainer: Registered 'TaskListScreen_Default' (singleton=False)
[2025-12-13 20:26:29.410] MenuRegistry: Registered screen factory 'TaskListScreen_Default' in container (viewMode=)
[2025-12-13 20:26:29.420] MenuRegistry: Registered 'Task List' in 'Tasks' menu (hotkey=L order=5)
[2025-12-13 20:26:29.431] ServiceContainer: Registered 'KanbanScreenV2' (singleton=False)
[2025-12-13 20:26:29.441] MenuRegistry: Registered screen factory 'KanbanScreenV2' in container (viewMode=)
[2025-12-13 20:26:29.451] MenuRegistry: Registered 'Kanban Board' in 'Tasks' menu (hotkey=K order=55)
[2025-12-13 20:26:29.461] ServiceContainer: Registered 'ChecklistsLauncherScreen' (singleton=False)
[2025-12-13 20:26:29.471] MenuRegistry: Registered screen factory 'ChecklistsLauncherScreen' in container (viewMode=)
[2025-12-13 20:26:29.483] MenuRegistry: Registered 'Checklists' in 'Tools' menu (hotkey=C order=25)
[2025-12-13 20:26:29.495] ServiceContainer: Registered 'TaskListScreen_NextActions' (singleton=False)
[2025-12-13 20:26:29.505] MenuRegistry: Registered screen factory 'TaskListScreen_NextActions' in container (viewMode=nextactions)
[2025-12-13 20:26:29.515] MenuRegistry: Registered 'Next Actions' in 'Tasks' menu (hotkey=N order=35)
[2025-12-13 20:26:29.526] ServiceContainer: Registered 'TaskListScreen_Overdue' (singleton=False)
[2025-12-13 20:26:29.536] MenuRegistry: Registered screen factory 'TaskListScreen_Overdue' in container (viewMode=overdue)
[2025-12-13 20:26:29.546] MenuRegistry: Registered 'Overdue' in 'Tasks' menu (hotkey=O order=30)
[2025-12-13 20:26:29.558] ServiceContainer: Registered 'ChecklistTemplatesFolderScreen' (singleton=False)
[2025-12-13 20:26:29.568] MenuRegistry: Registered screen factory 'ChecklistTemplatesFolderScreen' in container (viewMode=)
[2025-12-13 20:26:29.577] MenuRegistry: Registered 'Checklist Templates' in 'Tools' menu (hotkey=H order=30)
[2025-12-13 20:26:29.590] ServiceContainer: Registered 'TaskListScreen_Today' (singleton=False)
[2025-12-13 20:26:29.600] MenuRegistry: Registered screen factory 'TaskListScreen_Today' in container (viewMode=today)
[2025-12-13 20:26:29.611] MenuRegistry: Registered 'Today' in 'Tasks' menu (hotkey=Y order=10)
[2025-12-13 20:26:29.622] ServiceContainer: Registered 'SettingsScreen' (singleton=False)
[2025-12-13 20:26:29.633] MenuRegistry: Registered screen factory 'SettingsScreen' in container (viewMode=)
[2025-12-13 20:26:29.642] MenuRegistry: Registered 'Settings' in 'Options' menu (hotkey=S order=20)
[2025-12-13 20:26:29.653] ServiceContainer: Registered 'ExcelImportScreen' (singleton=False)
[2025-12-13 20:26:29.663] MenuRegistry: Registered screen factory 'ExcelImportScreen' in container (viewMode=)
[2025-12-13 20:26:29.673] MenuRegistry: Registered 'Import from Excel' in 'Projects' menu (hotkey=I order=40)
[2025-12-13 20:26:29.684] ServiceContainer: Registered 'TimeListScreen' (singleton=False)
[2025-12-13 20:26:29.693] MenuRegistry: Registered screen factory 'TimeListScreen' in container (viewMode=)
[2025-12-13 20:26:29.704] MenuRegistry: Registered 'Time Tracking' in 'Time' menu (hotkey=T order=5)
[2025-12-13 20:26:29.715] ServiceContainer: Registered 'TaskListScreen_Month' (singleton=False)
[2025-12-13 20:26:29.725] MenuRegistry: Registered screen factory 'TaskListScreen_Month' in container (viewMode=month)
[2025-12-13 20:26:29.735] MenuRegistry: Registered 'Month View' in 'Tasks' menu (hotkey=M order=45)
[2025-12-13 20:26:29.745] ServiceContainer: Registered 'TimeReportScreen' (singleton=False)
[2025-12-13 20:26:29.755] MenuRegistry: Registered screen factory 'TimeReportScreen' in container (viewMode=)
[2025-12-13 20:26:29.767] MenuRegistry: Registered 'Time Report' in 'Time' menu (hotkey=R order=20)
[2025-12-13 20:26:29.778] ServiceContainer: Registered 'TaskListScreen_Agenda' (singleton=False)
[2025-12-13 20:26:29.789] MenuRegistry: Registered screen factory 'TaskListScreen_Agenda' in container (viewMode=agenda)
[2025-12-13 20:26:29.799] MenuRegistry: Registered 'Agenda View' in 'Tasks' menu (hotkey=A order=50)
[2025-12-13 20:26:29.809] ServiceContainer: Registered 'TaskListScreen_Upcoming' (singleton=False)
[2025-12-13 20:26:29.821] MenuRegistry: Registered screen factory 'TaskListScreen_Upcoming' in container (viewMode=upcoming)
[2025-12-13 20:26:29.832] MenuRegistry: Registered 'Upcoming' in 'Tasks' menu (hotkey=U order=25)
[2025-12-13 20:26:29.843] ServiceContainer: Registered 'CommandLibraryScreen' (singleton=False)
[2025-12-13 20:26:29.854] MenuRegistry: Registered screen factory 'CommandLibraryScreen' in container (viewMode=)
[2025-12-13 20:26:29.865] MenuRegistry: Registered 'Command Library' in 'Tools' menu (hotkey=L order=10)
[2025-12-13 20:26:29.874] ServiceContainer: Registered 'TaskListScreen_NoDate' (singleton=False)
[2025-12-13 20:26:29.885] MenuRegistry: Registered screen factory 'TaskListScreen_NoDate' in container (viewMode=noduedate)
[2025-12-13 20:26:29.896] MenuRegistry: Registered 'No Due Date' in 'Tasks' menu (hotkey=D order=40)
[2025-12-13 20:26:29.907] ServiceContainer: Registered 'ThemeEditorScreen' (singleton=False)
[2025-12-13 20:26:29.919] MenuRegistry: Registered screen factory 'ThemeEditorScreen' in container (viewMode=)
[2025-12-13 20:26:29.930] MenuRegistry: Registered 'Theme Editor' in 'Options' menu (hotkey=T order=10)
[2025-12-13 20:26:29.941] [INFO] Menus loaded from C:\Users\jhnhe\OneDrive\Documents\GitHub\project-management-console\og_transport\HYBRID\module\Pmc.Strict\consoleui\screens\MenuItems.psd1
[2025-12-13 20:26:29.952] [INFO] Launching screen: TaskList
[2025-12-13 20:26:29.963] [INFO] Resolving TaskListScreen from container...
[2025-12-13 20:26:29.973] ServiceContainer: Resolving 'TaskListScreen'...
[2025-12-13 20:26:29.999] [INFO] Resolving TaskListScreen...
[2025-12-13 20:26:30.010] ServiceContainer: Resolving 'TaskStore'...
[2025-12-13 20:26:30.033] [INFO] Resolving TaskStore...
[2025-12-13 20:26:30.061] [DEBUG] TaskStore.LoadData: Starting
[2025-12-13 20:26:30.072] [DEBUG] TaskStore.LoadData: Calling Get-PmcData
[2025-12-13 20:26:30.302] [DEBUG] TaskStore.LoadData: Get-PmcData returned - tasks=4 projects=2 timelogs=3
[2025-12-13 20:26:30.320] [DEBUG] TaskStore.LoadData: Loaded 4 tasks
[2025-12-13 20:26:30.333] [DEBUG] TaskStore.LoadData: Loaded 2 projects
[2025-12-13 20:26:30.347] [DEBUG] TaskStore.LoadData: First project name='p1' ID1='111'
[2025-12-13 20:26:30.364] ServiceContainer: Resolved 'TaskStore' successfully
[2025-12-13 20:26:30.698] [DEBUG] PmcScreen.AddContentWidget: Adding UniversalList (Total: 1)
[2025-12-13 20:26:30.713] [DEBUG] PmcScreen.AddContentWidget: Adding FilterPanel (Total: 2)
[2025-12-13 20:26:30.726] [DEBUG] PmcScreen.AddContentWidget: Adding InlineEditor (Total: 3)
[2025-12-13 20:26:30.757] [DEBUG] TaskListScreen: Constructor started
[2025-12-13 20:26:30.800] _PopulateMenusFromRegistry: Menu 'Tasks' has 11 items from registry (array)
[2025-12-13 20:26:30.821] _PopulateMenusFromRegistry: Menu 'Tools' has 4 items from registry (array)
[2025-12-13 20:26:30.833] _PopulateMenusFromRegistry: Menu 'Options' has 2 items from registry (array)
[2025-12-13 20:26:30.846] _PopulateMenusFromRegistry: Menu 'Help' has 1 items from registry (array)
[2025-12-13 20:26:30.859] _PopulateMenusFromRegistry: Menu 'Time' has 3 items from registry (array)
[2025-12-13 20:26:30.872] _PopulateMenusFromRegistry: Menu 'Projects' has 3 items from registry (array)
[2025-12-13 20:26:30.882] [DEBUG] TaskListScreen: Constructor completed
[2025-12-13 20:26:30.892] ServiceContainer: Resolved 'TaskListScreen' successfully
[2025-12-13 20:26:30.902] [INFO] Pushing screen to app...
[2025-12-13 20:26:31.355] [DEBUG] LoadData: Got 4 tasks from Store
[2025-12-13 20:26:31.587] [DEBUG] TaskListScreen.LoadData: Setting 4 tasks
[2025-12-13 20:26:31.601] [DEBUG] UniversalList.SetData: START
[2025-12-13 20:26:31.650] [DEBUG] UniversalList.SetData: COMPLETE (4 items)
[2025-12-13 20:26:31.768] [INFO] Screen pushed successfully
[2025-12-13 20:26:31.778] [INFO] Starting event loop...
[2025-12-13 20:26:32.260] [DEBUG] PmcScreen: Calling RenderToEngine on UniversalList
[2025-12-13 20:26:32.385] [DEBUG] PmcScreen: Calling RenderToEngine on FilterPanel
[2025-12-13 20:26:32.504] [DEBUG] PmcScreen: Calling RenderToEngine on InlineEditor
[2025-12-13 20:26:39.940] [DEBUG] PmcScreen: Calling RenderToEngine on UniversalList
[2025-12-13 20:26:40.027] [DEBUG] PmcScreen: Calling RenderToEngine on FilterPanel
[2025-12-13 20:26:40.092] [DEBUG] PmcScreen: Calling RenderToEngine on InlineEditor
[2025-12-13 20:26:40.652] [DEBUG] PmcScreen: Calling RenderToEngine on UniversalList
[2025-12-13 20:26:40.717] [DEBUG] PmcScreen: Calling RenderToEngine on FilterPanel
[2025-12-13 20:26:40.766] [DEBUG] PmcScreen: Calling RenderToEngine on InlineEditor
[2025-12-13 20:26:41.035] [DEBUG] PmcScreen: Calling RenderToEngine on UniversalList
[2025-12-13 20:26:41.110] [DEBUG] PmcScreen: Calling RenderToEngine on FilterPanel
[2025-12-13 20:26:41.162] [DEBUG] PmcScreen: Calling RenderToEngine on InlineEditor
[2025-12-13 20:26:42.836] [DEBUG] PmcScreen: Calling RenderToEngine on UniversalList
[2025-12-13 20:26:42.907] [DEBUG] PmcScreen: Calling RenderToEngine on FilterPanel
[2025-12-13 20:26:42.922] [DEBUG] PmcScreen: Calling RenderToEngine on InlineEditor
[2025-12-13 20:26:45.362] [DEBUG] StandardListScreen: Routing to InlineEditor (Key=D1)
[2025-12-13 20:26:45.396] [DEBUG] StandardListScreen: After HandleInput - IsConfirmed=False IsCancelled=False ShowInlineEditor=True
[2025-12-13 20:26:45.406] [DEBUG] StandardListScreen: After close check - ShowInlineEditor=True
[2025-12-13 20:26:45.519] [DEBUG] PmcScreen: Calling RenderToEngine on UniversalList
[2025-12-13 20:26:45.634] [DEBUG] PmcScreen: Calling RenderToEngine on FilterPanel
[2025-12-13 20:26:45.651] [DEBUG] PmcScreen: Calling RenderToEngine on InlineEditor
[2025-12-13 20:26:49.588] [INFO] Event loop exited normally
[2025-12-13 20:26:49.601] [INFO] Cleanup - showing cursor and resetting terminal
