[2025-12-13 15:18:00.940] [INFO] Loading PMC module...
[2025-12-13 15:18:02.672] [INFO] PMC module loaded
[2025-12-13 15:18:02.677] [INFO] Loading dependencies (FieldSchemas, etc.)...
[2025-12-13 15:18:02.875] [INFO] Dependencies loaded
[2025-12-13 15:18:02.897] [INFO] Loading SpeedTUI framework...
[2025-12-13 15:18:03.354] [INFO] SpeedTUI framework loaded
[2025-12-13 15:18:03.374] [INFO] Loading PraxisVT...
[2025-12-13 15:18:03.398] [INFO] PraxisVT loaded
[2025-12-13 15:18:03.413] [INFO] Loading core dependencies...
[2025-12-13 15:18:03.513] [INFO] Core dependencies loaded
[2025-12-13 15:18:03.535] [INFO] Loading widget base classes...
[2025-12-13 15:18:03.630] [INFO] Widget base classes loaded
[2025-12-13 15:18:03.653] [INFO] Loading services...
[2025-12-13 15:18:03.903] [INFO] Services loaded
[2025-12-13 15:18:03.917] [INFO] Loading helpers...
[2025-12-13 15:18:04.688] [INFO] Helpers loaded
[2025-12-13 15:18:04.718] [INFO] Loading widgets...
[2025-12-13 15:18:05.350] [INFO] Widgets loaded
[2025-12-13 15:18:05.363] [INFO] Loading screen base class...
[2025-12-13 15:18:05.402] [INFO] Screen base class loaded
[2025-12-13 15:18:05.418] [INFO] Loading HelpViewScreen (needed by base classes)...
[2025-12-13 15:18:05.458] [INFO] HelpViewScreen loaded
[2025-12-13 15:18:05.471] [INFO] Loading base classes...
[2025-12-13 15:18:05.600] [INFO] Base classes loaded
[2025-12-13 15:18:05.619] [INFO] Loading ServiceContainer (needed by screens)...
[2025-12-13 15:18:05.653] [INFO] ServiceContainer loaded
[2025-12-13 15:18:05.671] [INFO] Loading remaining screens...
[2025-12-13 15:18:05.838] [INFO] Remaining screens loaded
[2025-12-13 15:18:05.854] [INFO] Loading PmcApplication...
[2025-12-13 15:18:05.902] [INFO] PmcApplication loaded
[2025-12-13 15:18:05.918] [INFO] All components loaded successfully
[2025-12-13 15:18:05.947] [INFO] Starting PMC TUI with screen: TaskList
[2025-12-13 15:18:05.969] [INFO] Cleared stale PmcSharedMenuBar and MenuRegistry singleton
[2025-12-13 15:18:05.987] [INFO] Creating ServiceContainer...
[2025-12-13 15:18:06.011] [INFO] ServiceContainer created
[2025-12-13 15:18:06.027] [INFO] Registering Theme service...
[2025-12-13 15:18:06.057] ServiceContainer: Registered 'Theme' (singleton=True)
[2025-12-13 15:18:06.073] [INFO] Registering ThemeManager...
[2025-12-13 15:18:06.095] ServiceContainer: Registered 'ThemeManager' (singleton=True)
[2025-12-13 15:18:06.116] [INFO] Registering Config service...
[2025-12-13 15:18:06.142] ServiceContainer: Registered 'Config' (singleton=True)
[2025-12-13 15:18:06.158] [INFO] Registering TaskStore service...
[2025-12-13 15:18:06.183] ServiceContainer: Registered 'TaskStore' (singleton=True)
[2025-12-13 15:18:06.201] [INFO] Registering MenuRegistry service...
[2025-12-13 15:18:06.218] ServiceContainer: Registered 'MenuRegistry' (singleton=True)
[2025-12-13 15:18:06.247] [INFO] Registering Application service...
[2025-12-13 15:18:06.273] ServiceContainer: Registered 'Application' (singleton=True)
[2025-12-13 15:18:06.289] [INFO] Registering CommandService...
[2025-12-13 15:18:06.317] ServiceContainer: Registered 'CommandService' (singleton=True)
[2025-12-13 15:18:06.341] [INFO] Registering ChecklistService...
[2025-12-13 15:18:06.359] ServiceContainer: Registered 'ChecklistService' (singleton=True)
[2025-12-13 15:18:06.376] [INFO] Registering NoteService...
[2025-12-13 15:18:06.398] ServiceContainer: Registered 'NoteService' (singleton=True)
[2025-12-13 15:18:06.416] [INFO] Registering ExcelMappingService...
[2025-12-13 15:18:06.434] ServiceContainer: Registered 'ExcelMappingService' (singleton=True)
[2025-12-13 15:18:06.454] [INFO] Registering PreferencesService...
[2025-12-13 15:18:06.470] ServiceContainer: Registered 'PreferencesService' (singleton=True)
[2025-12-13 15:18:06.489] [INFO] Registering screen factories...
[2025-12-13 15:18:06.514] ServiceContainer: Registered 'TaskListScreen' (singleton=False)
[2025-12-13 15:18:06.531] [INFO] Resolving Application from container...
[2025-12-13 15:18:06.560] ServiceContainer: Resolving 'Application'...
[2025-12-13 15:18:06.578] [INFO] Resolving Application...
[2025-12-13 15:18:06.598] ServiceContainer: Resolving 'Theme'...
[2025-12-13 15:18:06.632] [INFO] Resolving Theme: Calling Initialize-PmcThemeSystem...
[2025-12-13 15:18:06.664] [INFO] Theme resolved: #33aaff
[2025-12-13 15:18:06.680] [INFO] Loading PmcThemeEngine...
[2025-12-13 15:18:06.837] [DEBUG] Palette [Label] -> #5C8F6D (R=92 G=143 B=109)
[2025-12-13 15:18:06.853] [DEBUG] Palette [Warning] -> #7FCA14 (R=127 G=202 B=20)
[2025-12-13 15:18:06.872] [DEBUG] Palette [Status] -> #5C8F6D (R=92 G=143 B=109)
[2025-12-13 15:18:06.889] [DEBUG] Palette [Text] -> #C2EACF (R=194 G=234 B=207)
[2025-12-13 15:18:06.905] [DEBUG] Palette [Bright] -> #2CB158 (R=44 G=177 B=88)
[2025-12-13 15:18:06.923] [DEBUG] Palette [Highlight] -> #228844 (R=34 G=136 B=68)
[2025-12-13 15:18:06.939] [DEBUG] Palette [Muted] -> #5C8F6D (R=92 G=143 B=109)
[2025-12-13 15:18:06.957] [DEBUG] Palette [Cursor] -> #228844 (R=34 G=136 B=68)
[2025-12-13 15:18:06.974] [DEBUG] Palette [Border] -> #185F30 (R=24 G=95 B=48)
[2025-12-13 15:18:06.991] [DEBUG] Palette [Footer] -> #185F30 (R=24 G=95 B=48)
[2025-12-13 15:18:07.012] [DEBUG] Palette [Primary] -> #228844 (R=34 G=136 B=68)
[2025-12-13 15:18:07.034] [DEBUG] Palette [Header] -> #228844 (R=34 G=136 B=68)
[2025-12-13 15:18:07.054] [DEBUG] Palette [Error] -> #BE2914 (R=190 G=41 B=20)
[2025-12-13 15:18:07.070] [DEBUG] Palette [Success] -> #2CB158 (R=44 G=177 B=88)
[2025-12-13 15:18:07.098] [INFO] LoadFromConfig: Loaded Properties with 16 items
[2025-12-13 15:18:07.125] [INFO] PmcThemeEngine initialized with PMC palette (14 colors)
[2025-12-13 15:18:07.147] ServiceContainer: Resolved 'Theme' successfully
[2025-12-13 15:18:07.268] ServiceContainer: Resolving 'ThemeManager'...
[2025-12-13 15:18:07.287] [INFO] Resolving ThemeManager...
[2025-12-13 15:18:07.447] ServiceContainer: Resolved 'ThemeManager' successfully
[2025-12-13 15:18:07.481] ServiceContainer: Resolved 'Application' successfully
[2025-12-13 15:18:07.499] [INFO] Application resolved and assigned to $global:PmcApp
[2025-12-13 15:18:07.526] [INFO] Loading menus from manifest...
[2025-12-13 15:18:07.546] ServiceContainer: Resolving 'MenuRegistry'...
[2025-12-13 15:18:07.598] [INFO] Resolving MenuRegistry...
[2025-12-13 15:18:07.627] ServiceContainer: Resolved 'MenuRegistry' successfully
[2025-12-13 15:18:07.664] MenuRegistry: Loaded manifest with 24 entries
[2025-12-13 15:18:07.706] ServiceContainer: Registered 'ExcelProfileManagerScreen' (singleton=False)
[2025-12-13 15:18:07.723] MenuRegistry: Registered screen factory 'ExcelProfileManagerScreen' in container (viewMode=)
[2025-12-13 15:18:07.753] MenuRegistry: Registered 'Excel Profiles' in 'Projects' menu (hotkey=M order=50)
[2025-12-13 15:18:07.773] ServiceContainer: Registered 'CommandLibraryScreen' (singleton=False)
[2025-12-13 15:18:07.790] MenuRegistry: Registered screen factory 'CommandLibraryScreen' in container (viewMode=)
[2025-12-13 15:18:07.806] MenuRegistry: Registered 'Command Library' in 'Tools' menu (hotkey=L order=10)
[2025-12-13 15:18:07.826] ServiceContainer: Registered 'SettingsScreen' (singleton=False)
[2025-12-13 15:18:07.841] MenuRegistry: Registered screen factory 'SettingsScreen' in container (viewMode=)
[2025-12-13 15:18:07.854] MenuRegistry: Registered 'Settings' in 'Options' menu (hotkey=S order=20)
[2025-12-13 15:18:07.873] ServiceContainer: Registered 'TaskListScreen_NoDate' (singleton=False)
[2025-12-13 15:18:07.891] MenuRegistry: Registered screen factory 'TaskListScreen_NoDate' in container (viewMode=noduedate)
[2025-12-13 15:18:07.909] MenuRegistry: Registered 'No Due Date' in 'Tasks' menu (hotkey=D order=40)
[2025-12-13 15:18:07.929] ServiceContainer: Registered 'TaskListScreen_NextActions' (singleton=False)
[2025-12-13 15:18:07.946] MenuRegistry: Registered screen factory 'TaskListScreen_NextActions' in container (viewMode=nextactions)
[2025-12-13 15:18:07.966] MenuRegistry: Registered 'Next Actions' in 'Tasks' menu (hotkey=N order=35)
[2025-12-13 15:18:07.985] ServiceContainer: Registered 'NotesMenuScreen' (singleton=False)
[2025-12-13 15:18:08.004] MenuRegistry: Registered screen factory 'NotesMenuScreen' in container (viewMode=)
[2025-12-13 15:18:08.026] MenuRegistry: Registered 'Notes' in 'Tools' menu (hotkey=N order=20)
[2025-12-13 15:18:08.044] ServiceContainer: Registered 'WeeklyTimeReportScreen' (singleton=False)
[2025-12-13 15:18:08.061] MenuRegistry: Registered screen factory 'WeeklyTimeReportScreen' in container (viewMode=)
[2025-12-13 15:18:08.075] MenuRegistry: Registered 'Weekly Report' in 'Time' menu (hotkey=W order=10)
[2025-12-13 15:18:08.096] ServiceContainer: Registered 'ExcelImportScreen' (singleton=False)
[2025-12-13 15:18:08.113] MenuRegistry: Registered screen factory 'ExcelImportScreen' in container (viewMode=)
[2025-12-13 15:18:08.131] MenuRegistry: Registered 'Import from Excel' in 'Projects' menu (hotkey=I order=40)
[2025-12-13 15:18:08.147] ServiceContainer: Registered 'TaskListScreen_Today' (singleton=False)
[2025-12-13 15:18:08.164] MenuRegistry: Registered screen factory 'TaskListScreen_Today' in container (viewMode=today)
[2025-12-13 15:18:08.181] MenuRegistry: Registered 'Today' in 'Tasks' menu (hotkey=Y order=10)
[2025-12-13 15:18:08.198] ServiceContainer: Registered 'TaskListScreen_Overdue' (singleton=False)
[2025-12-13 15:18:08.213] MenuRegistry: Registered screen factory 'TaskListScreen_Overdue' in container (viewMode=overdue)
[2025-12-13 15:18:08.232] MenuRegistry: Registered 'Overdue' in 'Tasks' menu (hotkey=O order=30)
[2025-12-13 15:18:08.251] ServiceContainer: Registered 'ChecklistsLauncherScreen' (singleton=False)
[2025-12-13 15:18:08.268] MenuRegistry: Registered screen factory 'ChecklistsLauncherScreen' in container (viewMode=)
[2025-12-13 15:18:08.284] MenuRegistry: Registered 'Checklists' in 'Tools' menu (hotkey=C order=25)
[2025-12-13 15:18:08.303] ServiceContainer: Registered 'ChecklistTemplatesFolderScreen' (singleton=False)
[2025-12-13 15:18:08.320] MenuRegistry: Registered screen factory 'ChecklistTemplatesFolderScreen' in container (viewMode=)
[2025-12-13 15:18:08.339] MenuRegistry: Registered 'Checklist Templates' in 'Tools' menu (hotkey=H order=30)
[2025-12-13 15:18:08.356] ServiceContainer: Registered 'KanbanScreenV2' (singleton=False)
[2025-12-13 15:18:08.374] MenuRegistry: Registered screen factory 'KanbanScreenV2' in container (viewMode=)
[2025-12-13 15:18:08.395] MenuRegistry: Registered 'Kanban Board' in 'Tasks' menu (hotkey=K order=55)
[2025-12-13 15:18:08.412] ServiceContainer: Registered 'TaskListScreen_Agenda' (singleton=False)
[2025-12-13 15:18:08.429] MenuRegistry: Registered screen factory 'TaskListScreen_Agenda' in container (viewMode=agenda)
[2025-12-13 15:18:08.449] MenuRegistry: Registered 'Agenda View' in 'Tasks' menu (hotkey=A order=50)
[2025-12-13 15:18:08.469] ServiceContainer: Registered 'TaskListScreen_Week' (singleton=False)
[2025-12-13 15:18:08.486] MenuRegistry: Registered screen factory 'TaskListScreen_Week' in container (viewMode=week)
[2025-12-13 15:18:08.511] MenuRegistry: Registered 'Week View' in 'Tasks' menu (hotkey=W order=20)
[2025-12-13 15:18:08.534] ServiceContainer: Registered 'TaskListScreen_Default' (singleton=False)
[2025-12-13 15:18:08.554] MenuRegistry: Registered screen factory 'TaskListScreen_Default' in container (viewMode=)
[2025-12-13 15:18:08.571] MenuRegistry: Registered 'Task List' in 'Tasks' menu (hotkey=L order=5)
[2025-12-13 15:18:08.588] ServiceContainer: Registered 'TimeListScreen' (singleton=False)
[2025-12-13 15:18:08.611] MenuRegistry: Registered screen factory 'TimeListScreen' in container (viewMode=)
[2025-12-13 15:18:08.631] MenuRegistry: Registered 'Time Tracking' in 'Time' menu (hotkey=T order=5)
[2025-12-13 15:18:08.652] ServiceContainer: Registered 'HelpViewScreen' (singleton=False)
[2025-12-13 15:18:08.670] MenuRegistry: Registered screen factory 'HelpViewScreen' in container (viewMode=)
[2025-12-13 15:18:08.688] MenuRegistry: Registered 'Help' in 'Help' menu (hotkey=H order=10)
[2025-12-13 15:18:08.704] ServiceContainer: Registered 'ProjectListScreen' (singleton=False)
[2025-12-13 15:18:08.725] MenuRegistry: Registered screen factory 'ProjectListScreen' in container (viewMode=)
[2025-12-13 15:18:08.743] MenuRegistry: Registered 'Project List' in 'Projects' menu (hotkey=L order=10)
[2025-12-13 15:18:08.762] ServiceContainer: Registered 'TaskListScreen_Tomorrow' (singleton=False)
[2025-12-13 15:18:08.782] MenuRegistry: Registered screen factory 'TaskListScreen_Tomorrow' in container (viewMode=tomorrow)
[2025-12-13 15:18:08.799] MenuRegistry: Registered 'Tomorrow' in 'Tasks' menu (hotkey=T order=15)
[2025-12-13 15:18:08.815] ServiceContainer: Registered 'TaskListScreen_Month' (singleton=False)
[2025-12-13 15:18:08.833] MenuRegistry: Registered screen factory 'TaskListScreen_Month' in container (viewMode=month)
[2025-12-13 15:18:08.854] MenuRegistry: Registered 'Month View' in 'Tasks' menu (hotkey=M order=45)
[2025-12-13 15:18:08.871] ServiceContainer: Registered 'ThemeEditorScreen' (singleton=False)
[2025-12-13 15:18:08.889] MenuRegistry: Registered screen factory 'ThemeEditorScreen' in container (viewMode=)
[2025-12-13 15:18:08.911] MenuRegistry: Registered 'Theme Editor' in 'Options' menu (hotkey=T order=10)
[2025-12-13 15:18:08.938] ServiceContainer: Registered 'TimeReportScreen' (singleton=False)
[2025-12-13 15:18:08.958] MenuRegistry: Registered screen factory 'TimeReportScreen' in container (viewMode=)
[2025-12-13 15:18:08.984] MenuRegistry: Registered 'Time Report' in 'Time' menu (hotkey=R order=20)
[2025-12-13 15:18:09.007] ServiceContainer: Registered 'TaskListScreen_Upcoming' (singleton=False)
[2025-12-13 15:18:09.023] MenuRegistry: Registered screen factory 'TaskListScreen_Upcoming' in container (viewMode=upcoming)
[2025-12-13 15:18:09.040] MenuRegistry: Registered 'Upcoming' in 'Tasks' menu (hotkey=U order=25)
[2025-12-13 15:18:09.058] [INFO] Menus loaded from C:\Users\jhnhe\OneDrive\Documents\GitHub\project-management-console\og_transport\HYBRID\module\Pmc.Strict\consoleui\screens\MenuItems.psd1
[2025-12-13 15:18:09.079] [INFO] Launching screen: TaskList
[2025-12-13 15:18:09.091] [INFO] Resolving TaskListScreen from container...
[2025-12-13 15:18:09.109] ServiceContainer: Resolving 'TaskListScreen'...
[2025-12-13 15:18:09.130] [INFO] Resolving TaskListScreen...
[2025-12-13 15:18:09.148] ServiceContainer: Resolving 'TaskStore'...
[2025-12-13 15:18:09.161] [INFO] Resolving TaskStore...
[2025-12-13 15:18:09.206] [DEBUG] TaskStore.LoadData: Starting
[2025-12-13 15:18:09.222] [DEBUG] TaskStore.LoadData: Calling Get-PmcData
[2025-12-13 15:18:09.571] [DEBUG] TaskStore.LoadData: Get-PmcData returned - tasks=4 projects=2 timelogs=3
[2025-12-13 15:18:09.597] [DEBUG] TaskStore.LoadData: Loaded 4 tasks
[2025-12-13 15:18:09.628] [DEBUG] TaskStore.LoadData: Loaded 2 projects
[2025-12-13 15:18:09.718] [DEBUG] TaskStore.LoadData: First project name='p1' ID1='111'
[2025-12-13 15:18:09.744] ServiceContainer: Resolved 'TaskStore' successfully
[2025-12-13 15:18:09.944] [INFO] Cleanup - showing cursor and resetting terminal
