[2025-12-13 23:26:04.656] [INFO] Loading PMC module...
[2025-12-13 23:26:05.668] [INFO] PMC module loaded
[2025-12-13 23:26:05.670] [INFO] Loading dependencies (FieldSchemas, etc.)...
[2025-12-13 23:26:05.768] [INFO] Dependencies loaded
[2025-12-13 23:26:05.778] [INFO] Loading SpeedTUI framework...
[2025-12-13 23:26:06.045] [INFO] SpeedTUI framework loaded
[2025-12-13 23:26:06.056] [INFO] Loading PraxisVT...
[2025-12-13 23:26:06.073] [INFO] PraxisVT loaded
[2025-12-13 23:26:06.082] [INFO] Loading core dependencies...
[2025-12-13 23:26:06.150] [INFO] Core dependencies loaded
[2025-12-13 23:26:06.158] [INFO] Loading widget base classes...
[2025-12-13 23:26:06.209] [INFO] Widget base classes loaded
[2025-12-13 23:26:06.231] [INFO] Loading services...
[2025-12-13 23:26:06.366] [INFO] Services loaded
[2025-12-13 23:26:06.375] [INFO] Loading helpers...
[2025-12-13 23:26:06.773] [INFO] Helpers loaded
[2025-12-13 23:26:06.784] [INFO] Loading widgets...
[2025-12-13 23:26:07.264] [INFO] Widgets loaded
[2025-12-13 23:26:07.274] [INFO] Loading screen base class...
[2025-12-13 23:26:07.300] [INFO] Screen base class loaded
[2025-12-13 23:26:07.315] [INFO] Loading HelpViewScreen (needed by base classes)...
[2025-12-13 23:26:07.354] [INFO] HelpViewScreen loaded
[2025-12-13 23:26:07.366] [INFO] Loading base classes...
[2025-12-13 23:26:07.505] [INFO] Base classes loaded
[2025-12-13 23:26:07.518] [INFO] Loading ServiceContainer (needed by screens)...
[2025-12-13 23:26:07.541] [INFO] ServiceContainer loaded
[2025-12-13 23:26:07.551] [INFO] Loading remaining screens...
[2025-12-13 23:26:07.659] [INFO] Remaining screens loaded
[2025-12-13 23:26:07.670] [INFO] Loading PmcApplication...
[2025-12-13 23:26:07.696] [INFO] PmcApplication loaded
[2025-12-13 23:26:07.706] [INFO] All components loaded successfully
[2025-12-13 23:26:07.727] [INFO] Starting PMC TUI with screen: TaskList
[2025-12-13 23:26:07.740] [INFO] Cleared stale PmcSharedMenuBar and MenuRegistry singleton
[2025-12-13 23:26:07.753] [INFO] Creating ServiceContainer...
[2025-12-13 23:26:07.767] [INFO] ServiceContainer created
[2025-12-13 23:26:07.778] [INFO] Registering Theme service...
[2025-12-13 23:26:07.799] ServiceContainer: Registered 'Theme' (singleton=True)
[2025-12-13 23:26:07.810] [INFO] Registering ThemeManager...
[2025-12-13 23:26:07.820] ServiceContainer: Registered 'ThemeManager' (singleton=True)
[2025-12-13 23:26:07.830] [INFO] Registering Config service...
[2025-12-13 23:26:07.840] ServiceContainer: Registered 'Config' (singleton=True)
[2025-12-13 23:26:07.852] [INFO] Registering TaskStore service...
[2025-12-13 23:26:07.864] ServiceContainer: Registered 'TaskStore' (singleton=True)
[2025-12-13 23:26:07.874] [INFO] Registering MenuRegistry service...
[2025-12-13 23:26:07.885] ServiceContainer: Registered 'MenuRegistry' (singleton=True)
[2025-12-13 23:26:07.895] [INFO] Registering Application service...
[2025-12-13 23:26:07.908] ServiceContainer: Registered 'Application' (singleton=True)
[2025-12-13 23:26:07.921] [INFO] Registering CommandService...
[2025-12-13 23:26:07.931] ServiceContainer: Registered 'CommandService' (singleton=True)
[2025-12-13 23:26:07.941] [INFO] Registering ChecklistService...
[2025-12-13 23:26:07.957] ServiceContainer: Registered 'ChecklistService' (singleton=True)
[2025-12-13 23:26:07.966] [INFO] Registering NoteService...
[2025-12-13 23:26:07.977] ServiceContainer: Registered 'NoteService' (singleton=True)
[2025-12-13 23:26:07.988] [INFO] Registering ExcelMappingService...
[2025-12-13 23:26:07.998] ServiceContainer: Registered 'ExcelMappingService' (singleton=True)
[2025-12-13 23:26:08.009] [INFO] Registering PreferencesService...
[2025-12-13 23:26:08.021] ServiceContainer: Registered 'PreferencesService' (singleton=True)
[2025-12-13 23:26:08.032] [INFO] Registering screen factories...
[2025-12-13 23:26:08.043] ServiceContainer: Registered 'TaskListScreen' (singleton=False)
[2025-12-13 23:26:08.055] [INFO] Resolving Application from container...
[2025-12-13 23:26:08.075] ServiceContainer: Resolving 'Application'...
[2025-12-13 23:26:08.085] [INFO] Resolving Application...
[2025-12-13 23:26:08.097] ServiceContainer: Resolving 'Theme'...
[2025-12-13 23:26:08.115] [INFO] Resolving Theme: Calling Initialize-PmcThemeSystem...
[2025-12-13 23:26:08.137] [INFO] Theme resolved: #33aaff
[2025-12-13 23:26:08.148] [INFO] Loading PmcThemeEngine...
[2025-12-13 23:26:08.242] [DEBUG] Palette [Cursor] -> #228844 (R=34 G=136 B=68)
[2025-12-13 23:26:08.253] [DEBUG] Palette [Bright] -> #2CB158 (R=44 G=177 B=88)
[2025-12-13 23:26:08.263] [DEBUG] Palette [Text] -> #C2EACF (R=194 G=234 B=207)
[2025-12-13 23:26:08.276] [DEBUG] Palette [Label] -> #5C8F6D (R=92 G=143 B=109)
[2025-12-13 23:26:08.286] [DEBUG] Palette [Warning] -> #7FCA14 (R=127 G=202 B=20)
[2025-12-13 23:26:08.296] [DEBUG] Palette [Success] -> #2CB158 (R=44 G=177 B=88)
[2025-12-13 23:26:08.308] [DEBUG] Palette [Border] -> #185F30 (R=24 G=95 B=48)
[2025-12-13 23:26:08.318] [DEBUG] Palette [Footer] -> #185F30 (R=24 G=95 B=48)
[2025-12-13 23:26:08.328] [DEBUG] Palette [Primary] -> #228844 (R=34 G=136 B=68)
[2025-12-13 23:26:08.337] [DEBUG] Palette [Error] -> #BE2914 (R=190 G=41 B=20)
[2025-12-13 23:26:08.349] [DEBUG] Palette [Header] -> #228844 (R=34 G=136 B=68)
[2025-12-13 23:26:08.361] [DEBUG] Palette [Highlight] -> #228844 (R=34 G=136 B=68)
[2025-12-13 23:26:08.377] [DEBUG] Palette [Status] -> #5C8F6D (R=92 G=143 B=109)
[2025-12-13 23:26:08.387] [DEBUG] Palette [Muted] -> #5C8F6D (R=92 G=143 B=109)
[2025-12-13 23:26:08.404] [INFO] LoadFromConfig: Loaded Properties with 16 items
[2025-12-13 23:26:08.420] [INFO] PmcThemeEngine initialized with PMC palette (14 colors)
[2025-12-13 23:26:08.430] ServiceContainer: Resolved 'Theme' successfully
[2025-12-13 23:26:08.765] ServiceContainer: Resolving 'ThemeManager'...
[2025-12-13 23:26:08.777] [INFO] Resolving ThemeManager...
[2025-12-13 23:26:08.854] ServiceContainer: Resolved 'ThemeManager' successfully
[2025-12-13 23:26:08.871] ServiceContainer: Resolved 'Application' successfully
[2025-12-13 23:26:08.887] [INFO] Application resolved and assigned to $global:PmcApp
[2025-12-13 23:26:08.899] [INFO] Loading menus from manifest...
[2025-12-13 23:26:08.912] ServiceContainer: Resolving 'MenuRegistry'...
[2025-12-13 23:26:08.925] [INFO] Resolving MenuRegistry...
[2025-12-13 23:26:08.945] ServiceContainer: Resolved 'MenuRegistry' successfully
[2025-12-13 23:26:08.967] MenuRegistry: Loaded manifest with 24 entries
[2025-12-13 23:26:08.993] ServiceContainer: Registered 'TimeListScreen' (singleton=False)
[2025-12-13 23:26:09.005] MenuRegistry: Registered screen factory 'TimeListScreen' in container (viewMode=)
[2025-12-13 23:26:09.025] MenuRegistry: Registered 'Time Tracking' in 'Time' menu (hotkey=T order=5)
[2025-12-13 23:26:09.040] ServiceContainer: Registered 'SettingsScreen' (singleton=False)
[2025-12-13 23:26:09.049] MenuRegistry: Registered screen factory 'SettingsScreen' in container (viewMode=)
[2025-12-13 23:26:09.064] MenuRegistry: Registered 'Settings' in 'Options' menu (hotkey=S order=20)
[2025-12-13 23:26:09.079] ServiceContainer: Registered 'TaskListScreen_Week' (singleton=False)
[2025-12-13 23:26:09.092] MenuRegistry: Registered screen factory 'TaskListScreen_Week' in container (viewMode=week)
[2025-12-13 23:26:09.107] MenuRegistry: Registered 'Week View' in 'Tasks' menu (hotkey=W order=20)
[2025-12-13 23:26:09.120] ServiceContainer: Registered 'KanbanScreenV2' (singleton=False)
[2025-12-13 23:26:09.133] MenuRegistry: Registered screen factory 'KanbanScreenV2' in container (viewMode=)
[2025-12-13 23:26:09.144] MenuRegistry: Registered 'Kanban Board' in 'Tasks' menu (hotkey=K order=55)
[2025-12-13 23:26:09.155] ServiceContainer: Registered 'TaskListScreen_NextActions' (singleton=False)
[2025-12-13 23:26:09.167] MenuRegistry: Registered screen factory 'TaskListScreen_NextActions' in container (viewMode=nextactions)
[2025-12-13 23:26:09.178] MenuRegistry: Registered 'Next Actions' in 'Tasks' menu (hotkey=N order=35)
[2025-12-13 23:26:09.193] ServiceContainer: Registered 'TaskListScreen_NoDate' (singleton=False)
[2025-12-13 23:26:09.204] MenuRegistry: Registered screen factory 'TaskListScreen_NoDate' in container (viewMode=noduedate)
[2025-12-13 23:26:09.214] MenuRegistry: Registered 'No Due Date' in 'Tasks' menu (hotkey=D order=40)
[2025-12-13 23:26:09.225] ServiceContainer: Registered 'TaskListScreen_Today' (singleton=False)
[2025-12-13 23:26:09.235] MenuRegistry: Registered screen factory 'TaskListScreen_Today' in container (viewMode=today)
[2025-12-13 23:26:09.246] MenuRegistry: Registered 'Today' in 'Tasks' menu (hotkey=Y order=10)
[2025-12-13 23:26:09.256] ServiceContainer: Registered 'ProjectListScreen' (singleton=False)
[2025-12-13 23:26:09.266] MenuRegistry: Registered screen factory 'ProjectListScreen' in container (viewMode=)
[2025-12-13 23:26:09.278] MenuRegistry: Registered 'Project List' in 'Projects' menu (hotkey=L order=10)
[2025-12-13 23:26:09.287] ServiceContainer: Registered 'ChecklistTemplatesFolderScreen' (singleton=False)
[2025-12-13 23:26:09.297] MenuRegistry: Registered screen factory 'ChecklistTemplatesFolderScreen' in container (viewMode=)
[2025-12-13 23:26:09.308] MenuRegistry: Registered 'Checklist Templates' in 'Tools' menu (hotkey=H order=30)
[2025-12-13 23:26:09.319] ServiceContainer: Registered 'TaskListScreen_Default' (singleton=False)
[2025-12-13 23:26:09.330] MenuRegistry: Registered screen factory 'TaskListScreen_Default' in container (viewMode=)
[2025-12-13 23:26:09.342] MenuRegistry: Registered 'Task List' in 'Tasks' menu (hotkey=L order=5)
[2025-12-13 23:26:09.354] ServiceContainer: Registered 'WeeklyTimeReportScreen' (singleton=False)
[2025-12-13 23:26:09.366] MenuRegistry: Registered screen factory 'WeeklyTimeReportScreen' in container (viewMode=)
[2025-12-13 23:26:09.376] MenuRegistry: Registered 'Weekly Report' in 'Time' menu (hotkey=W order=10)
[2025-12-13 23:26:09.390] ServiceContainer: Registered 'TaskListScreen_Tomorrow' (singleton=False)
[2025-12-13 23:26:09.401] MenuRegistry: Registered screen factory 'TaskListScreen_Tomorrow' in container (viewMode=tomorrow)
[2025-12-13 23:26:09.413] MenuRegistry: Registered 'Tomorrow' in 'Tasks' menu (hotkey=T order=15)
[2025-12-13 23:26:09.424] ServiceContainer: Registered 'ThemeEditorScreen' (singleton=False)
[2025-12-13 23:26:09.434] MenuRegistry: Registered screen factory 'ThemeEditorScreen' in container (viewMode=)
[2025-12-13 23:26:09.446] MenuRegistry: Registered 'Theme Editor' in 'Options' menu (hotkey=T order=10)
[2025-12-13 23:26:09.457] ServiceContainer: Registered 'NotesMenuScreen' (singleton=False)
[2025-12-13 23:26:09.468] MenuRegistry: Registered screen factory 'NotesMenuScreen' in container (viewMode=)
[2025-12-13 23:26:09.479] MenuRegistry: Registered 'Notes' in 'Tools' menu (hotkey=N order=20)
[2025-12-13 23:26:09.489] ServiceContainer: Registered 'ExcelImportScreen' (singleton=False)
[2025-12-13 23:26:09.499] MenuRegistry: Registered screen factory 'ExcelImportScreen' in container (viewMode=)
[2025-12-13 23:26:09.513] MenuRegistry: Registered 'Import from Excel' in 'Projects' menu (hotkey=I order=40)
[2025-12-13 23:26:09.526] ServiceContainer: Registered 'TaskListScreen_Agenda' (singleton=False)
[2025-12-13 23:26:09.537] MenuRegistry: Registered screen factory 'TaskListScreen_Agenda' in container (viewMode=agenda)
[2025-12-13 23:26:09.547] MenuRegistry: Registered 'Agenda View' in 'Tasks' menu (hotkey=A order=50)
[2025-12-13 23:26:09.560] ServiceContainer: Registered 'TaskListScreen_Upcoming' (singleton=False)
[2025-12-13 23:26:09.572] MenuRegistry: Registered screen factory 'TaskListScreen_Upcoming' in container (viewMode=upcoming)
[2025-12-13 23:26:09.584] MenuRegistry: Registered 'Upcoming' in 'Tasks' menu (hotkey=U order=25)
[2025-12-13 23:26:09.594] ServiceContainer: Registered 'TaskListScreen_Month' (singleton=False)
[2025-12-13 23:26:09.605] MenuRegistry: Registered screen factory 'TaskListScreen_Month' in container (viewMode=month)
[2025-12-13 23:26:09.617] MenuRegistry: Registered 'Month View' in 'Tasks' menu (hotkey=M order=45)
[2025-12-13 23:26:09.630] ServiceContainer: Registered 'CommandLibraryScreen' (singleton=False)
[2025-12-13 23:26:09.642] MenuRegistry: Registered screen factory 'CommandLibraryScreen' in container (viewMode=)
[2025-12-13 23:26:09.655] MenuRegistry: Registered 'Command Library' in 'Tools' menu (hotkey=L order=10)
[2025-12-13 23:26:09.668] ServiceContainer: Registered 'HelpViewScreen' (singleton=False)
[2025-12-13 23:26:09.679] MenuRegistry: Registered screen factory 'HelpViewScreen' in container (viewMode=)
[2025-12-13 23:26:09.690] MenuRegistry: Registered 'Help' in 'Help' menu (hotkey=H order=10)
[2025-12-13 23:26:09.701] ServiceContainer: Registered 'ExcelProfileManagerScreen' (singleton=False)
[2025-12-13 23:26:09.715] MenuRegistry: Registered screen factory 'ExcelProfileManagerScreen' in container (viewMode=)
[2025-12-13 23:26:09.727] MenuRegistry: Registered 'Excel Profiles' in 'Projects' menu (hotkey=M order=50)
[2025-12-13 23:26:09.738] ServiceContainer: Registered 'TaskListScreen_Overdue' (singleton=False)
[2025-12-13 23:26:09.748] MenuRegistry: Registered screen factory 'TaskListScreen_Overdue' in container (viewMode=overdue)
[2025-12-13 23:26:09.759] MenuRegistry: Registered 'Overdue' in 'Tasks' menu (hotkey=O order=30)
[2025-12-13 23:26:09.770] ServiceContainer: Registered 'TimeReportScreen' (singleton=False)
[2025-12-13 23:26:09.780] MenuRegistry: Registered screen factory 'TimeReportScreen' in container (viewMode=)
[2025-12-13 23:26:09.792] MenuRegistry: Registered 'Time Report' in 'Time' menu (hotkey=R order=20)
[2025-12-13 23:26:09.804] ServiceContainer: Registered 'ChecklistsLauncherScreen' (singleton=False)
[2025-12-13 23:26:09.816] MenuRegistry: Registered screen factory 'ChecklistsLauncherScreen' in container (viewMode=)
[2025-12-13 23:26:09.827] MenuRegistry: Registered 'Checklists' in 'Tools' menu (hotkey=C order=25)
[2025-12-13 23:26:09.839] [INFO] Menus loaded from C:\Users\jhnhe\OneDrive\Documents\GitHub\project-management-console\og_transport\HYBRID\module\Pmc.Strict\consoleui\screens\MenuItems.psd1
[2025-12-13 23:26:09.851] [INFO] Launching screen: TaskList
[2025-12-13 23:26:09.863] [INFO] Resolving TaskListScreen from container...
[2025-12-13 23:26:09.876] ServiceContainer: Resolving 'TaskListScreen'...
[2025-12-13 23:26:09.889] [INFO] Resolving TaskListScreen...
[2025-12-13 23:26:09.900] ServiceContainer: Resolving 'TaskStore'...
[2025-12-13 23:26:09.912] [INFO] Resolving TaskStore...
[2025-12-13 23:26:09.945] [DEBUG] TaskStore.LoadData: Starting
[2025-12-13 23:26:09.957] [DEBUG] TaskStore.LoadData: Calling Get-PmcData
[2025-12-13 23:26:10.228] [DEBUG] TaskStore.LoadData: Get-PmcData returned - tasks=4 projects=2 timelogs=3
[2025-12-13 23:26:10.250] [DEBUG] TaskStore.LoadData: Loaded 4 tasks
[2025-12-13 23:26:10.266] [DEBUG] TaskStore.LoadData: Loaded 2 projects
[2025-12-13 23:26:10.282] [DEBUG] TaskStore.LoadData: First project name='p1' ID1='111'
[2025-12-13 23:26:10.301] ServiceContainer: Resolved 'TaskStore' successfully
[2025-12-13 23:26:10.697] [DEBUG] PmcScreen.AddContentWidget: Adding UniversalList (Total: 1)
[2025-12-13 23:26:10.737] [DEBUG] TaskListScreen: Constructor started
[2025-12-13 23:26:10.786] _PopulateMenusFromRegistry: Menu 'Options' has 2 items from registry (array)
[2025-12-13 23:26:10.808] _PopulateMenusFromRegistry: Menu 'Tasks' has 11 items from registry (array)
[2025-12-13 23:26:10.821] _PopulateMenusFromRegistry: Menu 'Help' has 1 items from registry (array)
[2025-12-13 23:26:10.834] _PopulateMenusFromRegistry: Menu 'Tools' has 4 items from registry (array)
[2025-12-13 23:26:10.846] _PopulateMenusFromRegistry: Menu 'Time' has 3 items from registry (array)
[2025-12-13 23:26:10.863] _PopulateMenusFromRegistry: Menu 'Projects' has 3 items from registry (array)
[2025-12-13 23:26:10.876] [DEBUG] TaskListScreen: Constructor completed
[2025-12-13 23:26:10.889] ServiceContainer: Resolved 'TaskListScreen' successfully
[2025-12-13 23:26:10.900] [INFO] Pushing screen to app...
[2025-12-13 23:26:11.344] [DEBUG] LoadData: Got 4 tasks from Store
[2025-12-13 23:26:11.423] [DEBUG] TaskListScreen.LoadData: Setting 4 tasks
[2025-12-13 23:26:11.436] [DEBUG] UniversalList.SetData: START
[2025-12-13 23:26:11.479] [DEBUG] UniversalList.SetData: COMPLETE (4 items)
[2025-12-13 23:26:11.621] [INFO] Screen pushed successfully
[2025-12-13 23:26:11.633] [INFO] Starting event loop...
[2025-12-13 23:26:12.067] [DEBUG] PmcScreen: Calling RenderToEngine on UniversalList
[2025-12-13 23:26:15.333] [DEBUG] PmcScreen: Calling RenderToEngine on UniversalList
[2025-12-13 23:26:16.672] [DEBUG] StandardListScreen: Routing to InlineEditor (Key=Tab)
[2025-12-13 23:26:16.684] [DEBUG] StandardListScreen: After HandleInput - IsConfirmed=False IsCancelled=False ShowInlineEditor=True
[2025-12-13 23:26:16.696] [DEBUG] StandardListScreen: After close check - ShowInlineEditor=True
[2025-12-13 23:26:16.963] [DEBUG] PmcScreen: Calling RenderToEngine on UniversalList
[2025-12-13 23:26:17.345] [DEBUG] StandardListScreen: Routing to InlineEditor (Key=Tab)
[2025-12-13 23:26:17.356] [DEBUG] StandardListScreen: After HandleInput - IsConfirmed=False IsCancelled=False ShowInlineEditor=True
[2025-12-13 23:26:17.368] [DEBUG] StandardListScreen: After close check - ShowInlineEditor=True
[2025-12-13 23:26:17.517] [DEBUG] PmcScreen: Calling RenderToEngine on UniversalList
[2025-12-13 23:26:18.837] [DEBUG] StandardListScreen: Routing to InlineEditor (Key=Enter)
[2025-12-13 23:26:18.876] [DEBUG] StandardListScreen: After HandleInput - IsConfirmed=False IsCancelled=False ShowInlineEditor=True
[2025-12-13 23:26:18.887] [DEBUG] StandardListScreen: After close check - ShowInlineEditor=True
[2025-12-13 23:26:19.088] [DEBUG] PmcScreen: Calling RenderToEngine on UniversalList
[2025-12-13 23:26:38.685] [DEBUG] StandardListScreen: Routing to InlineEditor (Key=Tab)
[2025-12-13 23:26:38.702] [DEBUG] StandardListScreen: After HandleInput - IsConfirmed=False IsCancelled=False ShowInlineEditor=True
[2025-12-13 23:26:38.713] [DEBUG] StandardListScreen: After close check - ShowInlineEditor=True
[2025-12-13 23:26:38.866] [DEBUG] PmcScreen: Calling RenderToEngine on UniversalList
[2025-12-13 23:26:40.337] [DEBUG] StandardListScreen: Routing to InlineEditor (Key=Escape)
[2025-12-13 23:26:40.349] [DEBUG] StandardListScreen: After HandleInput - IsConfirmed=False IsCancelled=False ShowInlineEditor=True
[2025-12-13 23:26:40.366] [DEBUG] StandardListScreen: After close check - ShowInlineEditor=True
[2025-12-13 23:26:40.478] [DEBUG] PmcScreen: Calling RenderToEngine on UniversalList
[2025-12-13 23:26:41.041] [DEBUG] StandardListScreen: Routing to InlineEditor (Key=Tab)
[2025-12-13 23:26:41.052] [DEBUG] StandardListScreen: After HandleInput - IsConfirmed=False IsCancelled=False ShowInlineEditor=True
[2025-12-13 23:26:41.063] [DEBUG] StandardListScreen: After close check - ShowInlineEditor=True
[2025-12-13 23:26:41.184] [DEBUG] PmcScreen: Calling RenderToEngine on UniversalList
[2025-12-13 23:26:44.595] [DEBUG] StandardListScreen: Routing to InlineEditor (Key=Enter)
[2025-12-13 23:26:44.659] [DEBUG] StandardListScreen: After HandleInput - IsConfirmed=False IsCancelled=False ShowInlineEditor=True
[2025-12-13 23:26:44.669] [DEBUG] StandardListScreen: After close check - ShowInlineEditor=True
[2025-12-13 23:26:44.916] [DEBUG] PmcScreen: Calling RenderToEngine on UniversalList
[2025-12-13 23:58:48.322] [INFO] Event loop exited normally
[2025-12-13 23:58:48.323] [INFO] Cleanup - showing cursor and resetting terminal
