[2025-12-13 21:49:50.368] [INFO] Loading PMC module...
[2025-12-13 21:49:51.455] [INFO] PMC module loaded
[2025-12-13 21:49:51.457] [INFO] Loading dependencies (FieldSchemas, etc.)...
[2025-12-13 21:49:51.579] [INFO] Dependencies loaded
[2025-12-13 21:49:51.590] [INFO] Loading SpeedTUI framework...
[2025-12-13 21:49:51.875] [INFO] SpeedTUI framework loaded
[2025-12-13 21:49:51.884] [INFO] Loading PraxisVT...
[2025-12-13 21:49:51.903] [INFO] PraxisVT loaded
[2025-12-13 21:49:51.913] [INFO] Loading core dependencies...
[2025-12-13 21:49:51.974] [INFO] Core dependencies loaded
[2025-12-13 21:49:51.982] [INFO] Loading widget base classes...
[2025-12-13 21:49:52.039] [INFO] Widget base classes loaded
[2025-12-13 21:49:52.048] [INFO] Loading services...
[2025-12-13 21:49:52.188] [INFO] Services loaded
[2025-12-13 21:49:52.197] [INFO] Loading helpers...
[2025-12-13 21:49:52.637] [INFO] Helpers loaded
[2025-12-13 21:49:52.649] [INFO] Loading widgets...
[2025-12-13 21:49:53.086] [INFO] Widgets loaded
[2025-12-13 21:49:53.096] [INFO] Loading screen base class...
[2025-12-13 21:49:53.123] [INFO] Screen base class loaded
[2025-12-13 21:49:53.134] [INFO] Loading HelpViewScreen (needed by base classes)...
[2025-12-13 21:49:53.169] [INFO] HelpViewScreen loaded
[2025-12-13 21:49:53.181] [INFO] Loading base classes...
[2025-12-13 21:49:53.283] [INFO] Base classes loaded
[2025-12-13 21:49:53.293] [INFO] Loading ServiceContainer (needed by screens)...
[2025-12-13 21:49:53.314] [INFO] ServiceContainer loaded
[2025-12-13 21:49:53.326] [INFO] Loading remaining screens...
[2025-12-13 21:49:53.434] [INFO] Remaining screens loaded
[2025-12-13 21:49:53.445] [INFO] Loading PmcApplication...
[2025-12-13 21:49:53.471] [INFO] PmcApplication loaded
[2025-12-13 21:49:53.484] [INFO] All components loaded successfully
[2025-12-13 21:49:53.510] [INFO] Starting PMC TUI with screen: TaskList
[2025-12-13 21:49:53.528] [INFO] Cleared stale PmcSharedMenuBar and MenuRegistry singleton
[2025-12-13 21:49:53.540] [INFO] Creating ServiceContainer...
[2025-12-13 21:49:53.556] [INFO] ServiceContainer created
[2025-12-13 21:49:53.566] [INFO] Registering Theme service...
[2025-12-13 21:49:53.590] ServiceContainer: Registered 'Theme' (singleton=True)
[2025-12-13 21:49:53.603] [INFO] Registering ThemeManager...
[2025-12-13 21:49:53.614] ServiceContainer: Registered 'ThemeManager' (singleton=True)
[2025-12-13 21:49:53.625] [INFO] Registering Config service...
[2025-12-13 21:49:53.636] ServiceContainer: Registered 'Config' (singleton=True)
[2025-12-13 21:49:53.653] [INFO] Registering TaskStore service...
[2025-12-13 21:49:53.667] ServiceContainer: Registered 'TaskStore' (singleton=True)
[2025-12-13 21:49:53.680] [INFO] Registering MenuRegistry service...
[2025-12-13 21:49:53.691] ServiceContainer: Registered 'MenuRegistry' (singleton=True)
[2025-12-13 21:49:53.705] [INFO] Registering Application service...
[2025-12-13 21:49:53.718] ServiceContainer: Registered 'Application' (singleton=True)
[2025-12-13 21:49:53.731] [INFO] Registering CommandService...
[2025-12-13 21:49:53.742] ServiceContainer: Registered 'CommandService' (singleton=True)
[2025-12-13 21:49:53.752] [INFO] Registering ChecklistService...
[2025-12-13 21:49:53.772] ServiceContainer: Registered 'ChecklistService' (singleton=True)
[2025-12-13 21:49:53.785] [INFO] Registering NoteService...
[2025-12-13 21:49:53.798] ServiceContainer: Registered 'NoteService' (singleton=True)
[2025-12-13 21:49:53.809] [INFO] Registering ExcelMappingService...
[2025-12-13 21:49:53.822] ServiceContainer: Registered 'ExcelMappingService' (singleton=True)
[2025-12-13 21:49:53.833] [INFO] Registering PreferencesService...
[2025-12-13 21:49:53.845] ServiceContainer: Registered 'PreferencesService' (singleton=True)
[2025-12-13 21:49:53.857] [INFO] Registering screen factories...
[2025-12-13 21:49:53.869] ServiceContainer: Registered 'TaskListScreen' (singleton=False)
[2025-12-13 21:49:53.881] [INFO] Resolving Application from container...
[2025-12-13 21:49:53.905] ServiceContainer: Resolving 'Application'...
[2025-12-13 21:49:53.919] [INFO] Resolving Application...
[2025-12-13 21:49:53.931] ServiceContainer: Resolving 'Theme'...
[2025-12-13 21:49:53.947] [INFO] Resolving Theme: Calling Initialize-PmcThemeSystem...
[2025-12-13 21:49:53.965] [INFO] Theme resolved: #33aaff
[2025-12-13 21:49:53.978] [INFO] Loading PmcThemeEngine...
[2025-12-13 21:49:54.075] [DEBUG] Palette [Footer] -> #185F30 (R=24 G=95 B=48)
[2025-12-13 21:49:54.086] [DEBUG] Palette [Cursor] -> #228844 (R=34 G=136 B=68)
[2025-12-13 21:49:54.098] [DEBUG] Palette [Success] -> #2CB158 (R=44 G=177 B=88)
[2025-12-13 21:49:54.111] [DEBUG] Palette [Text] -> #C2EACF (R=194 G=234 B=207)
[2025-12-13 21:49:54.122] [DEBUG] Palette [Status] -> #5C8F6D (R=92 G=143 B=109)
[2025-12-13 21:49:54.136] [DEBUG] Palette [Muted] -> #5C8F6D (R=92 G=143 B=109)
[2025-12-13 21:49:54.148] [DEBUG] Palette [Highlight] -> #228844 (R=34 G=136 B=68)
[2025-12-13 21:49:54.160] [DEBUG] Palette [Label] -> #5C8F6D (R=92 G=143 B=109)
[2025-12-13 21:49:54.173] [DEBUG] Palette [Error] -> #BE2914 (R=190 G=41 B=20)
[2025-12-13 21:49:54.186] [DEBUG] Palette [Header] -> #228844 (R=34 G=136 B=68)
[2025-12-13 21:49:54.198] [DEBUG] Palette [Primary] -> #228844 (R=34 G=136 B=68)
[2025-12-13 21:49:54.214] [DEBUG] Palette [Warning] -> #7FCA14 (R=127 G=202 B=20)
[2025-12-13 21:49:54.225] [DEBUG] Palette [Bright] -> #2CB158 (R=44 G=177 B=88)
[2025-12-13 21:49:54.235] [DEBUG] Palette [Border] -> #185F30 (R=24 G=95 B=48)
[2025-12-13 21:49:54.256] [INFO] LoadFromConfig: Loaded Properties with 16 items
[2025-12-13 21:49:54.274] [INFO] PmcThemeEngine initialized with PMC palette (14 colors)
[2025-12-13 21:49:54.287] ServiceContainer: Resolved 'Theme' successfully
[2025-12-13 21:49:54.656] ServiceContainer: Resolving 'ThemeManager'...
[2025-12-13 21:49:54.668] [INFO] Resolving ThemeManager...
[2025-12-13 21:49:54.753] ServiceContainer: Resolved 'ThemeManager' successfully
[2025-12-13 21:49:54.773] ServiceContainer: Resolved 'Application' successfully
[2025-12-13 21:49:54.783] [INFO] Application resolved and assigned to $global:PmcApp
[2025-12-13 21:49:54.793] [INFO] Loading menus from manifest...
[2025-12-13 21:49:54.805] ServiceContainer: Resolving 'MenuRegistry'...
[2025-12-13 21:49:54.816] [INFO] Resolving MenuRegistry...
[2025-12-13 21:49:54.833] ServiceContainer: Resolved 'MenuRegistry' successfully
[2025-12-13 21:49:54.856] MenuRegistry: Loaded manifest with 24 entries
[2025-12-13 21:49:54.883] ServiceContainer: Registered 'TaskListScreen_NextActions' (singleton=False)
[2025-12-13 21:49:54.896] MenuRegistry: Registered screen factory 'TaskListScreen_NextActions' in container (viewMode=nextactions)
[2025-12-13 21:49:54.916] MenuRegistry: Registered 'Next Actions' in 'Tasks' menu (hotkey=N order=35)
[2025-12-13 21:49:54.929] ServiceContainer: Registered 'CommandLibraryScreen' (singleton=False)
[2025-12-13 21:49:54.940] MenuRegistry: Registered screen factory 'CommandLibraryScreen' in container (viewMode=)
[2025-12-13 21:49:54.952] MenuRegistry: Registered 'Command Library' in 'Tools' menu (hotkey=L order=10)
[2025-12-13 21:49:54.964] ServiceContainer: Registered 'ProjectListScreen' (singleton=False)
[2025-12-13 21:49:54.975] MenuRegistry: Registered screen factory 'ProjectListScreen' in container (viewMode=)
[2025-12-13 21:49:54.987] MenuRegistry: Registered 'Project List' in 'Projects' menu (hotkey=L order=10)
[2025-12-13 21:49:54.999] ServiceContainer: Registered 'HelpViewScreen' (singleton=False)
[2025-12-13 21:49:55.012] MenuRegistry: Registered screen factory 'HelpViewScreen' in container (viewMode=)
[2025-12-13 21:49:55.024] MenuRegistry: Registered 'Help' in 'Help' menu (hotkey=H order=10)
[2025-12-13 21:49:55.036] ServiceContainer: Registered 'WeeklyTimeReportScreen' (singleton=False)
[2025-12-13 21:49:55.047] MenuRegistry: Registered screen factory 'WeeklyTimeReportScreen' in container (viewMode=)
[2025-12-13 21:49:55.062] MenuRegistry: Registered 'Weekly Report' in 'Time' menu (hotkey=W order=10)
[2025-12-13 21:49:55.075] ServiceContainer: Registered 'TaskListScreen_Agenda' (singleton=False)
[2025-12-13 21:49:55.086] MenuRegistry: Registered screen factory 'TaskListScreen_Agenda' in container (viewMode=agenda)
[2025-12-13 21:49:55.100] MenuRegistry: Registered 'Agenda View' in 'Tasks' menu (hotkey=A order=50)
[2025-12-13 21:49:55.113] ServiceContainer: Registered 'TaskListScreen_NoDate' (singleton=False)
[2025-12-13 21:49:55.122] MenuRegistry: Registered screen factory 'TaskListScreen_NoDate' in container (viewMode=noduedate)
[2025-12-13 21:49:55.135] MenuRegistry: Registered 'No Due Date' in 'Tasks' menu (hotkey=D order=40)
[2025-12-13 21:49:55.148] ServiceContainer: Registered 'TimeListScreen' (singleton=False)
[2025-12-13 21:49:55.158] MenuRegistry: Registered screen factory 'TimeListScreen' in container (viewMode=)
[2025-12-13 21:49:55.169] MenuRegistry: Registered 'Time Tracking' in 'Time' menu (hotkey=T order=5)
[2025-12-13 21:49:55.181] ServiceContainer: Registered 'NotesMenuScreen' (singleton=False)
[2025-12-13 21:49:55.191] MenuRegistry: Registered screen factory 'NotesMenuScreen' in container (viewMode=)
[2025-12-13 21:49:55.204] MenuRegistry: Registered 'Notes' in 'Tools' menu (hotkey=N order=20)
[2025-12-13 21:49:55.218] ServiceContainer: Registered 'KanbanScreenV2' (singleton=False)
[2025-12-13 21:49:55.231] MenuRegistry: Registered screen factory 'KanbanScreenV2' in container (viewMode=)
[2025-12-13 21:49:55.243] MenuRegistry: Registered 'Kanban Board' in 'Tasks' menu (hotkey=K order=55)
[2025-12-13 21:49:55.254] ServiceContainer: Registered 'ExcelImportScreen' (singleton=False)
[2025-12-13 21:49:55.265] MenuRegistry: Registered screen factory 'ExcelImportScreen' in container (viewMode=)
[2025-12-13 21:49:55.277] MenuRegistry: Registered 'Import from Excel' in 'Projects' menu (hotkey=I order=40)
[2025-12-13 21:49:55.291] ServiceContainer: Registered 'TaskListScreen_Week' (singleton=False)
[2025-12-13 21:49:55.304] MenuRegistry: Registered screen factory 'TaskListScreen_Week' in container (viewMode=week)
[2025-12-13 21:49:55.316] MenuRegistry: Registered 'Week View' in 'Tasks' menu (hotkey=W order=20)
[2025-12-13 21:49:55.328] ServiceContainer: Registered 'ChecklistTemplatesFolderScreen' (singleton=False)
[2025-12-13 21:49:55.339] MenuRegistry: Registered screen factory 'ChecklistTemplatesFolderScreen' in container (viewMode=)
[2025-12-13 21:49:55.353] MenuRegistry: Registered 'Checklist Templates' in 'Tools' menu (hotkey=H order=30)
[2025-12-13 21:49:55.367] ServiceContainer: Registered 'TaskListScreen_Default' (singleton=False)
[2025-12-13 21:49:55.380] MenuRegistry: Registered screen factory 'TaskListScreen_Default' in container (viewMode=)
[2025-12-13 21:49:55.392] MenuRegistry: Registered 'Task List' in 'Tasks' menu (hotkey=L order=5)
[2025-12-13 21:49:55.406] ServiceContainer: Registered 'ChecklistsLauncherScreen' (singleton=False)
[2025-12-13 21:49:55.418] MenuRegistry: Registered screen factory 'ChecklistsLauncherScreen' in container (viewMode=)
[2025-12-13 21:49:55.428] MenuRegistry: Registered 'Checklists' in 'Tools' menu (hotkey=C order=25)
[2025-12-13 21:49:55.439] ServiceContainer: Registered 'ThemeEditorScreen' (singleton=False)
[2025-12-13 21:49:55.452] MenuRegistry: Registered screen factory 'ThemeEditorScreen' in container (viewMode=)
[2025-12-13 21:49:55.463] MenuRegistry: Registered 'Theme Editor' in 'Options' menu (hotkey=T order=10)
[2025-12-13 21:49:55.477] ServiceContainer: Registered 'TaskListScreen_Overdue' (singleton=False)
[2025-12-13 21:49:55.493] MenuRegistry: Registered screen factory 'TaskListScreen_Overdue' in container (viewMode=overdue)
[2025-12-13 21:49:55.507] MenuRegistry: Registered 'Overdue' in 'Tasks' menu (hotkey=O order=30)
[2025-12-13 21:49:55.521] ServiceContainer: Registered 'TaskListScreen_Month' (singleton=False)
[2025-12-13 21:49:55.533] MenuRegistry: Registered screen factory 'TaskListScreen_Month' in container (viewMode=month)
[2025-12-13 21:49:55.545] MenuRegistry: Registered 'Month View' in 'Tasks' menu (hotkey=M order=45)
[2025-12-13 21:49:55.556] ServiceContainer: Registered 'TaskListScreen_Today' (singleton=False)
[2025-12-13 21:49:55.568] MenuRegistry: Registered screen factory 'TaskListScreen_Today' in container (viewMode=today)
[2025-12-13 21:49:55.580] MenuRegistry: Registered 'Today' in 'Tasks' menu (hotkey=Y order=10)
[2025-12-13 21:49:55.594] ServiceContainer: Registered 'TaskListScreen_Tomorrow' (singleton=False)
[2025-12-13 21:49:55.606] MenuRegistry: Registered screen factory 'TaskListScreen_Tomorrow' in container (viewMode=tomorrow)
[2025-12-13 21:49:55.619] MenuRegistry: Registered 'Tomorrow' in 'Tasks' menu (hotkey=T order=15)
[2025-12-13 21:49:55.634] ServiceContainer: Registered 'SettingsScreen' (singleton=False)
[2025-12-13 21:49:55.651] MenuRegistry: Registered screen factory 'SettingsScreen' in container (viewMode=)
[2025-12-13 21:49:55.664] MenuRegistry: Registered 'Settings' in 'Options' menu (hotkey=S order=20)
[2025-12-13 21:49:55.677] ServiceContainer: Registered 'ExcelProfileManagerScreen' (singleton=False)
[2025-12-13 21:49:55.690] MenuRegistry: Registered screen factory 'ExcelProfileManagerScreen' in container (viewMode=)
[2025-12-13 21:49:55.709] MenuRegistry: Registered 'Excel Profiles' in 'Projects' menu (hotkey=M order=50)
[2025-12-13 21:49:55.725] ServiceContainer: Registered 'TimeReportScreen' (singleton=False)
[2025-12-13 21:49:55.738] MenuRegistry: Registered screen factory 'TimeReportScreen' in container (viewMode=)
[2025-12-13 21:49:55.751] MenuRegistry: Registered 'Time Report' in 'Time' menu (hotkey=R order=20)
[2025-12-13 21:49:55.765] ServiceContainer: Registered 'TaskListScreen_Upcoming' (singleton=False)
[2025-12-13 21:49:55.779] MenuRegistry: Registered screen factory 'TaskListScreen_Upcoming' in container (viewMode=upcoming)
[2025-12-13 21:49:55.791] MenuRegistry: Registered 'Upcoming' in 'Tasks' menu (hotkey=U order=25)
[2025-12-13 21:49:55.802] [INFO] Menus loaded from C:\Users\jhnhe\OneDrive\Documents\GitHub\project-management-console\og_transport\HYBRID\module\Pmc.Strict\consoleui\screens\MenuItems.psd1
[2025-12-13 21:49:55.814] [INFO] Launching screen: TaskList
[2025-12-13 21:49:55.824] [INFO] Resolving TaskListScreen from container...
[2025-12-13 21:49:55.834] ServiceContainer: Resolving 'TaskListScreen'...
[2025-12-13 21:49:55.847] [INFO] Resolving TaskListScreen...
[2025-12-13 21:49:55.858] ServiceContainer: Resolving 'TaskStore'...
[2025-12-13 21:49:55.871] [INFO] Resolving TaskStore...
[2025-12-13 21:49:55.910] [DEBUG] TaskStore.LoadData: Starting
[2025-12-13 21:49:55.923] [DEBUG] TaskStore.LoadData: Calling Get-PmcData
[2025-12-13 21:49:56.159] [DEBUG] TaskStore.LoadData: Get-PmcData returned - tasks=4 projects=2 timelogs=3
[2025-12-13 21:49:56.178] [DEBUG] TaskStore.LoadData: Loaded 4 tasks
[2025-12-13 21:49:56.193] [DEBUG] TaskStore.LoadData: Loaded 2 projects
[2025-12-13 21:49:56.210] [DEBUG] TaskStore.LoadData: First project name='p1' ID1='111'
[2025-12-13 21:49:56.233] ServiceContainer: Resolved 'TaskStore' successfully
[2025-12-13 21:49:56.641] [DEBUG] PmcScreen.AddContentWidget: Adding UniversalList (Total: 1)
[2025-12-13 21:49:56.683] [DEBUG] TaskListScreen: Constructor started
[2025-12-13 21:49:56.732] _PopulateMenusFromRegistry: Menu 'Options' has 2 items from registry (array)
[2025-12-13 21:49:56.754] _PopulateMenusFromRegistry: Menu 'Tools' has 4 items from registry (array)
[2025-12-13 21:49:56.769] _PopulateMenusFromRegistry: Menu 'Time' has 3 items from registry (array)
[2025-12-13 21:49:56.785] _PopulateMenusFromRegistry: Menu 'Tasks' has 11 items from registry (array)
[2025-12-13 21:49:56.800] _PopulateMenusFromRegistry: Menu 'Projects' has 3 items from registry (array)
[2025-12-13 21:49:56.815] _PopulateMenusFromRegistry: Menu 'Help' has 1 items from registry (array)
[2025-12-13 21:49:56.827] [DEBUG] TaskListScreen: Constructor completed
[2025-12-13 21:49:56.841] ServiceContainer: Resolved 'TaskListScreen' successfully
[2025-12-13 21:49:56.851] [INFO] Pushing screen to app...
[2025-12-13 21:49:57.260] [DEBUG] LoadData: Got 4 tasks from Store
[2025-12-13 21:49:57.346] [DEBUG] TaskListScreen.LoadData: Setting 4 tasks
[2025-12-13 21:49:57.360] [DEBUG] UniversalList.SetData: START
[2025-12-13 21:49:57.408] [DEBUG] UniversalList.SetData: COMPLETE (4 items)
[2025-12-13 21:49:57.556] [INFO] Screen pushed successfully
[2025-12-13 21:49:57.566] [INFO] Starting event loop...
[2025-12-13 21:49:58.055] [DEBUG] PmcScreen: Calling RenderToEngine on UniversalList
[2025-12-13 21:50:00.934] [DEBUG] PmcScreen: Calling RenderToEngine on UniversalList
[2025-12-13 21:50:01.877] [DEBUG] StandardListScreen: Routing to InlineEditor (Key=Tab)
[2025-12-13 21:50:01.891] [DEBUG] StandardListScreen: After HandleInput - IsConfirmed=False IsCancelled=False ShowInlineEditor=True
[2025-12-13 21:50:01.907] [DEBUG] StandardListScreen: After close check - ShowInlineEditor=True
[2025-12-13 21:50:02.115] [DEBUG] PmcScreen: Calling RenderToEngine on UniversalList
[2025-12-13 21:50:02.794] [DEBUG] StandardListScreen: Routing to InlineEditor (Key=Tab)
[2025-12-13 21:50:02.796] [DEBUG] StandardListScreen: After HandleInput - IsConfirmed=False IsCancelled=False ShowInlineEditor=True
[2025-12-13 21:50:02.806] [DEBUG] StandardListScreen: After close check - ShowInlineEditor=True
[2025-12-13 21:50:02.989] [DEBUG] PmcScreen: Calling RenderToEngine on UniversalList
[2025-12-13 21:50:03.796] [DEBUG] StandardListScreen: Routing to InlineEditor (Key=Enter)
[2025-12-13 21:50:03.855] [DEBUG] StandardListScreen: After HandleInput - IsConfirmed=False IsCancelled=False ShowInlineEditor=True
[2025-12-13 21:50:03.868] [DEBUG] StandardListScreen: After close check - ShowInlineEditor=True
[2025-12-13 21:50:04.140] [DEBUG] PmcScreen: Calling RenderToEngine on UniversalList
[2025-12-13 21:50:08.264] [DEBUG] StandardListScreen: Routing to InlineEditor (Key=S)
[2025-12-13 21:50:08.282] [DEBUG] StandardListScreen: After HandleInput - IsConfirmed=False IsCancelled=False ShowInlineEditor=True
[2025-12-13 21:50:08.296] [DEBUG] StandardListScreen: After close check - ShowInlineEditor=True
[2025-12-13 21:50:08.498] [DEBUG] PmcScreen: Calling RenderToEngine on UniversalList
[2025-12-13 22:20:56.476] [INFO] Event loop exited normally
[2025-12-13 22:20:56.479] [INFO] Cleanup - showing cursor and resetting terminal
