[2025-12-13 15:49:01.980] [INFO] Loading PMC module...
[2025-12-13 15:49:03.910] [INFO] PMC module loaded
[2025-12-13 15:49:03.913] [INFO] Loading dependencies (FieldSchemas, etc.)...
[2025-12-13 15:49:04.080] [INFO] Dependencies loaded
[2025-12-13 15:49:04.096] [INFO] Loading SpeedTUI framework...
[2025-12-13 15:49:04.511] [INFO] SpeedTUI framework loaded
[2025-12-13 15:49:04.537] [INFO] Loading PraxisVT...
[2025-12-13 15:49:04.575] [INFO] PraxisVT loaded
[2025-12-13 15:49:04.590] [INFO] Loading core dependencies...
[2025-12-13 15:49:04.699] [INFO] Core dependencies loaded
[2025-12-13 15:49:04.715] [INFO] Loading widget base classes...
[2025-12-13 15:49:04.796] [INFO] Widget base classes loaded
[2025-12-13 15:49:04.810] [INFO] Loading services...
[2025-12-13 15:49:05.040] [INFO] Services loaded
[2025-12-13 15:49:05.061] [INFO] Loading helpers...
[2025-12-13 15:49:05.780] [INFO] Helpers loaded
[2025-12-13 15:49:05.797] [INFO] Loading widgets...
[2025-12-13 15:49:06.480] [INFO] Widgets loaded
[2025-12-13 15:49:06.484] [INFO] Loading screen base class...
[2025-12-13 15:49:06.533] [INFO] Screen base class loaded
[2025-12-13 15:49:06.551] [INFO] Loading HelpViewScreen (needed by base classes)...
[2025-12-13 15:49:06.595] [INFO] HelpViewScreen loaded
[2025-12-13 15:49:06.612] [INFO] Loading base classes...
[2025-12-13 15:49:06.762] [INFO] Base classes loaded
[2025-12-13 15:49:06.791] [INFO] Loading ServiceContainer (needed by screens)...
[2025-12-13 15:49:06.822] [INFO] ServiceContainer loaded
[2025-12-13 15:49:06.838] [INFO] Loading remaining screens...
[2025-12-13 15:49:06.989] [INFO] Remaining screens loaded
[2025-12-13 15:49:07.005] [INFO] Loading PmcApplication...
[2025-12-13 15:49:07.046] [INFO] PmcApplication loaded
[2025-12-13 15:49:07.061] [INFO] All components loaded successfully
[2025-12-13 15:49:07.094] [INFO] Starting PMC TUI with screen: TaskList
[2025-12-13 15:49:07.120] [INFO] Cleared stale PmcSharedMenuBar and MenuRegistry singleton
[2025-12-13 15:49:07.138] [INFO] Creating ServiceContainer...
[2025-12-13 15:49:07.171] [INFO] ServiceContainer created
[2025-12-13 15:49:07.191] [INFO] Registering Theme service...
[2025-12-13 15:49:07.224] ServiceContainer: Registered 'Theme' (singleton=True)
[2025-12-13 15:49:07.243] [INFO] Registering ThemeManager...
[2025-12-13 15:49:07.264] ServiceContainer: Registered 'ThemeManager' (singleton=True)
[2025-12-13 15:49:07.281] [INFO] Registering Config service...
[2025-12-13 15:49:07.301] ServiceContainer: Registered 'Config' (singleton=True)
[2025-12-13 15:49:07.320] [INFO] Registering TaskStore service...
[2025-12-13 15:49:07.341] ServiceContainer: Registered 'TaskStore' (singleton=True)
[2025-12-13 15:49:07.361] [INFO] Registering MenuRegistry service...
[2025-12-13 15:49:07.380] ServiceContainer: Registered 'MenuRegistry' (singleton=True)
[2025-12-13 15:49:07.398] [INFO] Registering Application service...
[2025-12-13 15:49:07.421] ServiceContainer: Registered 'Application' (singleton=True)
[2025-12-13 15:49:07.439] [INFO] Registering CommandService...
[2025-12-13 15:49:07.466] ServiceContainer: Registered 'CommandService' (singleton=True)
[2025-12-13 15:49:07.482] [INFO] Registering ChecklistService...
[2025-12-13 15:49:07.507] ServiceContainer: Registered 'ChecklistService' (singleton=True)
[2025-12-13 15:49:07.524] [INFO] Registering NoteService...
[2025-12-13 15:49:07.543] ServiceContainer: Registered 'NoteService' (singleton=True)
[2025-12-13 15:49:07.559] [INFO] Registering ExcelMappingService...
[2025-12-13 15:49:07.574] ServiceContainer: Registered 'ExcelMappingService' (singleton=True)
[2025-12-13 15:49:07.592] [INFO] Registering PreferencesService...
[2025-12-13 15:49:07.610] ServiceContainer: Registered 'PreferencesService' (singleton=True)
[2025-12-13 15:49:07.626] [INFO] Registering screen factories...
[2025-12-13 15:49:07.647] ServiceContainer: Registered 'TaskListScreen' (singleton=False)
[2025-12-13 15:49:07.662] [INFO] Resolving Application from container...
[2025-12-13 15:49:07.691] ServiceContainer: Resolving 'Application'...
[2025-12-13 15:49:07.710] [INFO] Resolving Application...
[2025-12-13 15:49:07.727] ServiceContainer: Resolving 'Theme'...
[2025-12-13 15:49:07.753] [INFO] Resolving Theme: Calling Initialize-PmcThemeSystem...
[2025-12-13 15:49:07.780] [INFO] Theme resolved: #33aaff
[2025-12-13 15:49:07.800] [INFO] Loading PmcThemeEngine...
[2025-12-13 15:49:07.939] [DEBUG] Palette [Text] -> #C2EACF (R=194 G=234 B=207)
[2025-12-13 15:49:07.957] [DEBUG] Palette [Label] -> #5C8F6D (R=92 G=143 B=109)
[2025-12-13 15:49:07.975] [DEBUG] Palette [Cursor] -> #228844 (R=34 G=136 B=68)
[2025-12-13 15:49:07.991] [DEBUG] Palette [Success] -> #2CB158 (R=44 G=177 B=88)
[2025-12-13 15:49:08.008] [DEBUG] Palette [Muted] -> #5C8F6D (R=92 G=143 B=109)
[2025-12-13 15:49:08.024] [DEBUG] Palette [Highlight] -> #228844 (R=34 G=136 B=68)
[2025-12-13 15:49:08.040] [DEBUG] Palette [Warning] -> #7FCA14 (R=127 G=202 B=20)
[2025-12-13 15:49:08.066] [DEBUG] Palette [Bright] -> #2CB158 (R=44 G=177 B=88)
[2025-12-13 15:49:08.091] [DEBUG] Palette [Status] -> #5C8F6D (R=92 G=143 B=109)
[2025-12-13 15:49:08.116] [DEBUG] Palette [Footer] -> #185F30 (R=24 G=95 B=48)
[2025-12-13 15:49:08.150] [DEBUG] Palette [Header] -> #228844 (R=34 G=136 B=68)
[2025-12-13 15:49:08.176] [DEBUG] Palette [Error] -> #BE2914 (R=190 G=41 B=20)
[2025-12-13 15:49:08.196] [DEBUG] Palette [Primary] -> #228844 (R=34 G=136 B=68)
[2025-12-13 15:49:08.217] [DEBUG] Palette [Border] -> #185F30 (R=24 G=95 B=48)
[2025-12-13 15:49:08.247] [INFO] LoadFromConfig: Loaded Properties with 16 items
[2025-12-13 15:49:08.274] [INFO] PmcThemeEngine initialized with PMC palette (14 colors)
[2025-12-13 15:49:08.296] ServiceContainer: Resolved 'Theme' successfully
[2025-12-13 15:49:08.430] ServiceContainer: Resolving 'ThemeManager'...
[2025-12-13 15:49:08.455] [INFO] Resolving ThemeManager...
[2025-12-13 15:49:08.593] ServiceContainer: Resolved 'ThemeManager' successfully
[2025-12-13 15:49:08.620] ServiceContainer: Resolved 'Application' successfully
[2025-12-13 15:49:08.636] [INFO] Application resolved and assigned to $global:PmcApp
[2025-12-13 15:49:08.652] [INFO] Loading menus from manifest...
[2025-12-13 15:49:08.671] ServiceContainer: Resolving 'MenuRegistry'...
[2025-12-13 15:49:08.692] [INFO] Resolving MenuRegistry...
[2025-12-13 15:49:08.717] ServiceContainer: Resolved 'MenuRegistry' successfully
[2025-12-13 15:49:08.759] MenuRegistry: Loaded manifest with 24 entries
[2025-12-13 15:49:08.797] ServiceContainer: Registered 'KanbanScreenV2' (singleton=False)
[2025-12-13 15:49:08.821] MenuRegistry: Registered screen factory 'KanbanScreenV2' in container (viewMode=)
[2025-12-13 15:49:08.850] MenuRegistry: Registered 'Kanban Board' in 'Tasks' menu (hotkey=K order=55)
[2025-12-13 15:49:08.869] ServiceContainer: Registered 'TimeListScreen' (singleton=False)
[2025-12-13 15:49:08.884] MenuRegistry: Registered screen factory 'TimeListScreen' in container (viewMode=)
[2025-12-13 15:49:08.899] MenuRegistry: Registered 'Time Tracking' in 'Time' menu (hotkey=T order=5)
[2025-12-13 15:49:08.917] ServiceContainer: Registered 'TaskListScreen_Month' (singleton=False)
[2025-12-13 15:49:08.934] MenuRegistry: Registered screen factory 'TaskListScreen_Month' in container (viewMode=month)
[2025-12-13 15:49:08.951] MenuRegistry: Registered 'Month View' in 'Tasks' menu (hotkey=M order=45)
[2025-12-13 15:49:08.969] ServiceContainer: Registered 'ChecklistTemplatesFolderScreen' (singleton=False)
[2025-12-13 15:49:08.986] MenuRegistry: Registered screen factory 'ChecklistTemplatesFolderScreen' in container (viewMode=)
[2025-12-13 15:49:09.004] MenuRegistry: Registered 'Checklist Templates' in 'Tools' menu (hotkey=H order=30)
[2025-12-13 15:49:09.023] ServiceContainer: Registered 'ThemeEditorScreen' (singleton=False)
[2025-12-13 15:49:09.039] MenuRegistry: Registered screen factory 'ThemeEditorScreen' in container (viewMode=)
[2025-12-13 15:49:09.058] MenuRegistry: Registered 'Theme Editor' in 'Options' menu (hotkey=T order=10)
[2025-12-13 15:49:09.081] ServiceContainer: Registered 'NotesMenuScreen' (singleton=False)
[2025-12-13 15:49:09.103] MenuRegistry: Registered screen factory 'NotesMenuScreen' in container (viewMode=)
[2025-12-13 15:49:09.129] MenuRegistry: Registered 'Notes' in 'Tools' menu (hotkey=N order=20)
[2025-12-13 15:49:09.148] ServiceContainer: Registered 'ExcelImportScreen' (singleton=False)
[2025-12-13 15:49:09.169] MenuRegistry: Registered screen factory 'ExcelImportScreen' in container (viewMode=)
[2025-12-13 15:49:09.198] MenuRegistry: Registered 'Import from Excel' in 'Projects' menu (hotkey=I order=40)
[2025-12-13 15:49:09.219] ServiceContainer: Registered 'ExcelProfileManagerScreen' (singleton=False)
[2025-12-13 15:49:09.242] MenuRegistry: Registered screen factory 'ExcelProfileManagerScreen' in container (viewMode=)
[2025-12-13 15:49:09.260] MenuRegistry: Registered 'Excel Profiles' in 'Projects' menu (hotkey=M order=50)
[2025-12-13 15:49:09.280] ServiceContainer: Registered 'TaskListScreen_Upcoming' (singleton=False)
[2025-12-13 15:49:09.300] MenuRegistry: Registered screen factory 'TaskListScreen_Upcoming' in container (viewMode=upcoming)
[2025-12-13 15:49:09.322] MenuRegistry: Registered 'Upcoming' in 'Tasks' menu (hotkey=U order=25)
[2025-12-13 15:49:09.344] ServiceContainer: Registered 'SettingsScreen' (singleton=False)
[2025-12-13 15:49:09.360] MenuRegistry: Registered screen factory 'SettingsScreen' in container (viewMode=)
[2025-12-13 15:49:09.388] MenuRegistry: Registered 'Settings' in 'Options' menu (hotkey=S order=20)
[2025-12-13 15:49:09.416] ServiceContainer: Registered 'TaskListScreen_Week' (singleton=False)
[2025-12-13 15:49:09.438] MenuRegistry: Registered screen factory 'TaskListScreen_Week' in container (viewMode=week)
[2025-12-13 15:49:09.461] MenuRegistry: Registered 'Week View' in 'Tasks' menu (hotkey=W order=20)
[2025-12-13 15:49:09.478] ServiceContainer: Registered 'TaskListScreen_Agenda' (singleton=False)
[2025-12-13 15:49:09.494] MenuRegistry: Registered screen factory 'TaskListScreen_Agenda' in container (viewMode=agenda)
[2025-12-13 15:49:09.512] MenuRegistry: Registered 'Agenda View' in 'Tasks' menu (hotkey=A order=50)
[2025-12-13 15:49:09.530] ServiceContainer: Registered 'CommandLibraryScreen' (singleton=False)
[2025-12-13 15:49:09.547] MenuRegistry: Registered screen factory 'CommandLibraryScreen' in container (viewMode=)
[2025-12-13 15:49:09.576] MenuRegistry: Registered 'Command Library' in 'Tools' menu (hotkey=L order=10)
[2025-12-13 15:49:09.601] ServiceContainer: Registered 'TaskListScreen_NextActions' (singleton=False)
[2025-12-13 15:49:09.627] MenuRegistry: Registered screen factory 'TaskListScreen_NextActions' in container (viewMode=nextactions)
[2025-12-13 15:49:09.649] MenuRegistry: Registered 'Next Actions' in 'Tasks' menu (hotkey=N order=35)
[2025-12-13 15:49:09.676] ServiceContainer: Registered 'ProjectListScreen' (singleton=False)
[2025-12-13 15:49:09.702] MenuRegistry: Registered screen factory 'ProjectListScreen' in container (viewMode=)
[2025-12-13 15:49:09.719] MenuRegistry: Registered 'Project List' in 'Projects' menu (hotkey=L order=10)
[2025-12-13 15:49:09.734] ServiceContainer: Registered 'HelpViewScreen' (singleton=False)
[2025-12-13 15:49:09.748] MenuRegistry: Registered screen factory 'HelpViewScreen' in container (viewMode=)
[2025-12-13 15:49:09.764] MenuRegistry: Registered 'Help' in 'Help' menu (hotkey=H order=10)
[2025-12-13 15:49:09.783] ServiceContainer: Registered 'TaskListScreen_NoDate' (singleton=False)
[2025-12-13 15:49:09.801] MenuRegistry: Registered screen factory 'TaskListScreen_NoDate' in container (viewMode=noduedate)
[2025-12-13 15:49:09.824] MenuRegistry: Registered 'No Due Date' in 'Tasks' menu (hotkey=D order=40)
[2025-12-13 15:49:09.843] ServiceContainer: Registered 'TaskListScreen_Tomorrow' (singleton=False)
[2025-12-13 15:49:09.859] MenuRegistry: Registered screen factory 'TaskListScreen_Tomorrow' in container (viewMode=tomorrow)
[2025-12-13 15:49:09.874] MenuRegistry: Registered 'Tomorrow' in 'Tasks' menu (hotkey=T order=15)
[2025-12-13 15:49:09.889] ServiceContainer: Registered 'TaskListScreen_Today' (singleton=False)
[2025-12-13 15:49:09.902] MenuRegistry: Registered screen factory 'TaskListScreen_Today' in container (viewMode=today)
[2025-12-13 15:49:09.920] MenuRegistry: Registered 'Today' in 'Tasks' menu (hotkey=Y order=10)
[2025-12-13 15:49:09.934] ServiceContainer: Registered 'ChecklistsLauncherScreen' (singleton=False)
[2025-12-13 15:49:09.948] MenuRegistry: Registered screen factory 'ChecklistsLauncherScreen' in container (viewMode=)
[2025-12-13 15:49:09.963] MenuRegistry: Registered 'Checklists' in 'Tools' menu (hotkey=C order=25)
[2025-12-13 15:49:09.975] ServiceContainer: Registered 'TaskListScreen_Overdue' (singleton=False)
[2025-12-13 15:49:09.991] MenuRegistry: Registered screen factory 'TaskListScreen_Overdue' in container (viewMode=overdue)
[2025-12-13 15:49:10.010] MenuRegistry: Registered 'Overdue' in 'Tasks' menu (hotkey=O order=30)
[2025-12-13 15:49:10.028] ServiceContainer: Registered 'TaskListScreen_Default' (singleton=False)
[2025-12-13 15:49:10.051] MenuRegistry: Registered screen factory 'TaskListScreen_Default' in container (viewMode=)
[2025-12-13 15:49:10.072] MenuRegistry: Registered 'Task List' in 'Tasks' menu (hotkey=L order=5)
[2025-12-13 15:49:10.090] ServiceContainer: Registered 'WeeklyTimeReportScreen' (singleton=False)
[2025-12-13 15:49:10.113] MenuRegistry: Registered screen factory 'WeeklyTimeReportScreen' in container (viewMode=)
[2025-12-13 15:49:10.132] MenuRegistry: Registered 'Weekly Report' in 'Time' menu (hotkey=W order=10)
[2025-12-13 15:49:10.156] ServiceContainer: Registered 'TimeReportScreen' (singleton=False)
[2025-12-13 15:49:10.178] MenuRegistry: Registered screen factory 'TimeReportScreen' in container (viewMode=)
[2025-12-13 15:49:10.200] MenuRegistry: Registered 'Time Report' in 'Time' menu (hotkey=R order=20)
[2025-12-13 15:49:10.214] [INFO] Menus loaded from C:\Users\jhnhe\OneDrive\Documents\GitHub\project-management-console\og_transport\HYBRID\module\Pmc.Strict\consoleui\screens\MenuItems.psd1
[2025-12-13 15:49:10.236] [INFO] Launching screen: TaskList
[2025-12-13 15:49:10.253] [INFO] Resolving TaskListScreen from container...
[2025-12-13 15:49:10.272] ServiceContainer: Resolving 'TaskListScreen'...
[2025-12-13 15:49:10.291] [INFO] Resolving TaskListScreen...
[2025-12-13 15:49:10.307] ServiceContainer: Resolving 'TaskStore'...
[2025-12-13 15:49:10.325] [INFO] Resolving TaskStore...
[2025-12-13 15:49:10.379] [DEBUG] TaskStore.LoadData: Starting
[2025-12-13 15:49:10.399] [DEBUG] TaskStore.LoadData: Calling Get-PmcData
[2025-12-13 15:49:10.764] [DEBUG] TaskStore.LoadData: Get-PmcData returned - tasks=4 projects=2 timelogs=3
[2025-12-13 15:49:10.791] [DEBUG] TaskStore.LoadData: Loaded 4 tasks
[2025-12-13 15:49:10.810] [DEBUG] TaskStore.LoadData: Loaded 2 projects
[2025-12-13 15:49:10.833] [DEBUG] TaskStore.LoadData: First project name='p1' ID1='111'
[2025-12-13 15:49:10.861] ServiceContainer: Resolved 'TaskStore' successfully
[2025-12-13 15:49:12.203] [DEBUG] PmcScreen.AddContentWidget: Adding UniversalList (Total: 1)
[2025-12-13 15:49:12.213] [DEBUG] PmcScreen.AddContentWidget: Adding FilterPanel (Total: 2)
[2025-12-13 15:49:12.238] [DEBUG] PmcScreen.AddContentWidget: Adding InlineEditor (Total: 3)
[2025-12-13 15:49:12.293] [DEBUG] TaskListScreen: Constructor started
[2025-12-13 15:49:12.372] _PopulateMenusFromRegistry: Menu 'Time' has 3 items from registry (array)
[2025-12-13 15:49:12.411] _PopulateMenusFromRegistry: Menu 'Help' has 1 items from registry (array)
[2025-12-13 15:49:12.432] _PopulateMenusFromRegistry: Menu 'Projects' has 3 items from registry (array)
[2025-12-13 15:49:12.455] _PopulateMenusFromRegistry: Menu 'Tools' has 4 items from registry (array)
[2025-12-13 15:49:12.473] _PopulateMenusFromRegistry: Menu 'Options' has 2 items from registry (array)
[2025-12-13 15:49:12.497] _PopulateMenusFromRegistry: Menu 'Tasks' has 11 items from registry (array)
[2025-12-13 15:49:12.514] [DEBUG] TaskListScreen: Constructor completed
[2025-12-13 15:49:12.528] ServiceContainer: Resolved 'TaskListScreen' successfully
[2025-12-13 15:49:12.546] [INFO] Pushing screen to app...
[2025-12-13 15:49:13.057] [DEBUG] LoadData: Got 4 tasks from Store
[2025-12-13 15:49:13.196] [DEBUG] TaskListScreen.LoadData: Setting 4 tasks
[2025-12-13 15:49:13.221] [DEBUG] UniversalList.SetData: START
[2025-12-13 15:49:13.301] [DEBUG] UniversalList.SetData: COMPLETE (4 items)
[2025-12-13 15:49:13.341] [INFO] Screen pushed successfully
[2025-12-13 15:49:13.353] [INFO] Starting event loop...
[2025-12-13 15:49:14.534] [DEBUG] UniversalList.RenderToEngine: W=100 H=23 MaxRows=17 Items=4 RegionCount=0
[2025-12-13 15:49:14.913] [DEBUG] PmcScreen: Calling RenderToEngine on UniversalList
[2025-12-13 15:49:14.940] [DEBUG] UniversalList.RenderToEngine: W=100 H=23 MaxRows=17 Items=4 RegionCount=17
[2025-12-13 15:49:15.103] [DEBUG] PmcScreen: Calling RenderToEngine on FilterPanel
[2025-12-13 15:49:15.231] [DEBUG] PmcScreen: Calling RenderToEngine on InlineEditor
[2025-12-13 15:49:15.362] [DEBUG] UniversalList.RenderToEngine: W=100 H=23 MaxRows=17 Items=4 RegionCount=17
[2025-12-13 15:49:25.615] [INFO] Cleanup - showing cursor and resetting terminal
