[2025-12-13 15:03:42.049] [INFO] Loading PMC module...
[2025-12-13 15:03:43.439] [INFO] PMC module loaded
[2025-12-13 15:03:43.444] [INFO] Loading dependencies (FieldSchemas, etc.)...
[2025-12-13 15:03:43.585] [INFO] Dependencies loaded
[2025-12-13 15:03:43.599] [INFO] Loading SpeedTUI framework...
[2025-12-13 15:03:44.019] [INFO] SpeedTUI framework loaded
[2025-12-13 15:03:44.032] [INFO] Loading PraxisVT...
[2025-12-13 15:03:44.060] [INFO] PraxisVT loaded
[2025-12-13 15:03:44.075] [INFO] Loading core dependencies...
[2025-12-13 15:03:44.164] [INFO] Core dependencies loaded
[2025-12-13 15:03:44.176] [INFO] Loading widget base classes...
[2025-12-13 15:03:44.250] [INFO] Widget base classes loaded
[2025-12-13 15:03:44.265] [INFO] Loading services...
[2025-12-13 15:03:44.444] [INFO] Services loaded
[2025-12-13 15:03:44.458] [INFO] Loading helpers...
[2025-12-13 15:03:45.044] [INFO] Helpers loaded
[2025-12-13 15:03:45.062] [INFO] Loading widgets...
[2025-12-13 15:03:45.683] [INFO] Widgets loaded
[2025-12-13 15:03:45.698] [INFO] Loading screen base class...
[2025-12-13 15:03:45.733] [INFO] Screen base class loaded
[2025-12-13 15:03:45.744] [INFO] Loading HelpViewScreen (needed by base classes)...
[2025-12-13 15:03:45.784] [INFO] HelpViewScreen loaded
[2025-12-13 15:03:45.798] [INFO] Loading base classes...
[2025-12-13 15:03:45.957] [INFO] Base classes loaded
[2025-12-13 15:03:45.969] [INFO] Loading ServiceContainer (needed by screens)...
[2025-12-13 15:03:45.996] [INFO] ServiceContainer loaded
[2025-12-13 15:03:46.010] [INFO] Loading remaining screens...
[2025-12-13 15:03:46.147] [INFO] Remaining screens loaded
[2025-12-13 15:03:46.160] [INFO] Loading PmcApplication...
[2025-12-13 15:03:46.193] [INFO] PmcApplication loaded
[2025-12-13 15:03:46.206] [INFO] All components loaded successfully
[2025-12-13 15:03:46.232] [INFO] Starting PMC TUI with screen: TaskList
[2025-12-13 15:03:46.253] [INFO] Cleared stale PmcSharedMenuBar and MenuRegistry singleton
[2025-12-13 15:03:46.268] [INFO] Creating ServiceContainer...
[2025-12-13 15:03:46.287] [INFO] ServiceContainer created
[2025-12-13 15:03:46.301] [INFO] Registering Theme service...
[2025-12-13 15:03:46.327] ServiceContainer: Registered 'Theme' (singleton=True)
[2025-12-13 15:03:46.342] [INFO] Registering ThemeManager...
[2025-12-13 15:03:46.357] ServiceContainer: Registered 'ThemeManager' (singleton=True)
[2025-12-13 15:03:46.370] [INFO] Registering Config service...
[2025-12-13 15:03:46.385] ServiceContainer: Registered 'Config' (singleton=True)
[2025-12-13 15:03:46.399] [INFO] Registering TaskStore service...
[2025-12-13 15:03:46.413] ServiceContainer: Registered 'TaskStore' (singleton=True)
[2025-12-13 15:03:46.427] [INFO] Registering MenuRegistry service...
[2025-12-13 15:03:46.440] ServiceContainer: Registered 'MenuRegistry' (singleton=True)
[2025-12-13 15:03:46.456] [INFO] Registering Application service...
[2025-12-13 15:03:46.470] ServiceContainer: Registered 'Application' (singleton=True)
[2025-12-13 15:03:46.483] [INFO] Registering CommandService...
[2025-12-13 15:03:46.505] ServiceContainer: Registered 'CommandService' (singleton=True)
[2025-12-13 15:03:46.522] [INFO] Registering ChecklistService...
[2025-12-13 15:03:46.537] ServiceContainer: Registered 'ChecklistService' (singleton=True)
[2025-12-13 15:03:46.559] [INFO] Registering NoteService...
[2025-12-13 15:03:46.576] ServiceContainer: Registered 'NoteService' (singleton=True)
[2025-12-13 15:03:46.590] [INFO] Registering ExcelMappingService...
[2025-12-13 15:03:46.604] ServiceContainer: Registered 'ExcelMappingService' (singleton=True)
[2025-12-13 15:03:46.618] [INFO] Registering PreferencesService...
[2025-12-13 15:03:46.633] ServiceContainer: Registered 'PreferencesService' (singleton=True)
[2025-12-13 15:03:46.647] [INFO] Registering screen factories...
[2025-12-13 15:03:46.664] ServiceContainer: Registered 'TaskListScreen' (singleton=False)
[2025-12-13 15:03:46.691] [INFO] Resolving Application from container...
[2025-12-13 15:03:46.719] ServiceContainer: Resolving 'Application'...
[2025-12-13 15:03:46.734] [INFO] Resolving Application...
[2025-12-13 15:03:46.749] ServiceContainer: Resolving 'Theme'...
[2025-12-13 15:03:46.769] [INFO] Resolving Theme: Calling Initialize-PmcThemeSystem...
[2025-12-13 15:03:46.795] [INFO] Theme resolved: #33aaff
[2025-12-13 15:03:46.826] [INFO] Loading PmcThemeEngine...
[2025-12-13 15:03:46.992] [DEBUG] Palette [Bright] -> #2CB158 (R=44 G=177 B=88)
[2025-12-13 15:03:47.007] [DEBUG] Palette [Footer] -> #185F30 (R=24 G=95 B=48)
[2025-12-13 15:03:47.022] [DEBUG] Palette [Text] -> #C2EACF (R=194 G=234 B=207)
[2025-12-13 15:03:47.036] [DEBUG] Palette [Label] -> #5C8F6D (R=92 G=143 B=109)
[2025-12-13 15:03:47.051] [DEBUG] Palette [Border] -> #185F30 (R=24 G=95 B=48)
[2025-12-13 15:03:47.065] [DEBUG] Palette [Cursor] -> #228844 (R=34 G=136 B=68)
[2025-12-13 15:03:47.079] [DEBUG] Palette [Error] -> #BE2914 (R=190 G=41 B=20)
[2025-12-13 15:03:47.092] [DEBUG] Palette [Highlight] -> #228844 (R=34 G=136 B=68)
[2025-12-13 15:03:47.105] [DEBUG] Palette [Muted] -> #5C8F6D (R=92 G=143 B=109)
[2025-12-13 15:03:47.119] [DEBUG] Palette [Status] -> #5C8F6D (R=92 G=143 B=109)
[2025-12-13 15:03:47.140] [DEBUG] Palette [Header] -> #228844 (R=34 G=136 B=68)
[2025-12-13 15:03:47.154] [DEBUG] Palette [Success] -> #2CB158 (R=44 G=177 B=88)
[2025-12-13 15:03:47.169] [DEBUG] Palette [Primary] -> #228844 (R=34 G=136 B=68)
[2025-12-13 15:03:47.182] [DEBUG] Palette [Warning] -> #7FCA14 (R=127 G=202 B=20)
[2025-12-13 15:03:47.206] [INFO] LoadFromConfig: Loaded Properties with 16 items
[2025-12-13 15:03:47.226] [INFO] PmcThemeEngine initialized with PMC palette (14 colors)
[2025-12-13 15:03:47.242] ServiceContainer: Resolved 'Theme' successfully
[2025-12-13 15:03:47.343] ServiceContainer: Resolving 'ThemeManager'...
[2025-12-13 15:03:47.361] [INFO] Resolving ThemeManager...
[2025-12-13 15:03:47.487] ServiceContainer: Resolved 'ThemeManager' successfully
[2025-12-13 15:03:47.511] ServiceContainer: Resolved 'Application' successfully
[2025-12-13 15:03:47.527] [INFO] Application resolved and assigned to $global:PmcApp
[2025-12-13 15:03:47.551] [INFO] Loading menus from manifest...
[2025-12-13 15:03:47.570] ServiceContainer: Resolving 'MenuRegistry'...
[2025-12-13 15:03:47.590] [INFO] Resolving MenuRegistry...
[2025-12-13 15:03:47.612] ServiceContainer: Resolved 'MenuRegistry' successfully
[2025-12-13 15:03:47.645] MenuRegistry: Loaded manifest with 24 entries
[2025-12-13 15:03:47.680] ServiceContainer: Registered 'TimeListScreen' (singleton=False)
[2025-12-13 15:03:47.694] MenuRegistry: Registered screen factory 'TimeListScreen' in container (viewMode=)
[2025-12-13 15:03:47.718] MenuRegistry: Registered 'Time Tracking' in 'Time' menu (hotkey=T order=5)
[2025-12-13 15:03:47.733] ServiceContainer: Registered 'ChecklistsLauncherScreen' (singleton=False)
[2025-12-13 15:03:47.747] MenuRegistry: Registered screen factory 'ChecklistsLauncherScreen' in container (viewMode=)
[2025-12-13 15:03:47.763] MenuRegistry: Registered 'Checklists' in 'Tools' menu (hotkey=C order=25)
[2025-12-13 15:03:47.778] ServiceContainer: Registered 'TaskListScreen_Overdue' (singleton=False)
[2025-12-13 15:03:47.792] MenuRegistry: Registered screen factory 'TaskListScreen_Overdue' in container (viewMode=overdue)
[2025-12-13 15:03:47.806] MenuRegistry: Registered 'Overdue' in 'Tasks' menu (hotkey=O order=30)
[2025-12-13 15:03:47.820] ServiceContainer: Registered 'HelpViewScreen' (singleton=False)
[2025-12-13 15:03:47.835] MenuRegistry: Registered screen factory 'HelpViewScreen' in container (viewMode=)
[2025-12-13 15:03:47.849] MenuRegistry: Registered 'Help' in 'Help' menu (hotkey=H order=10)
[2025-12-13 15:03:47.865] ServiceContainer: Registered 'TaskListScreen_Today' (singleton=False)
[2025-12-13 15:03:47.879] MenuRegistry: Registered screen factory 'TaskListScreen_Today' in container (viewMode=today)
[2025-12-13 15:03:47.895] MenuRegistry: Registered 'Today' in 'Tasks' menu (hotkey=Y order=10)
[2025-12-13 15:03:47.910] ServiceContainer: Registered 'ExcelImportScreen' (singleton=False)
[2025-12-13 15:03:47.924] MenuRegistry: Registered screen factory 'ExcelImportScreen' in container (viewMode=)
[2025-12-13 15:03:47.938] MenuRegistry: Registered 'Import from Excel' in 'Projects' menu (hotkey=I order=40)
[2025-12-13 15:03:47.954] ServiceContainer: Registered 'ThemeEditorScreen' (singleton=False)
[2025-12-13 15:03:47.970] MenuRegistry: Registered screen factory 'ThemeEditorScreen' in container (viewMode=)
[2025-12-13 15:03:47.984] MenuRegistry: Registered 'Theme Editor' in 'Options' menu (hotkey=T order=10)
[2025-12-13 15:03:48.003] ServiceContainer: Registered 'TaskListScreen_NextActions' (singleton=False)
[2025-12-13 15:03:48.016] MenuRegistry: Registered screen factory 'TaskListScreen_NextActions' in container (viewMode=nextactions)
[2025-12-13 15:03:48.030] MenuRegistry: Registered 'Next Actions' in 'Tasks' menu (hotkey=N order=35)
[2025-12-13 15:03:48.045] ServiceContainer: Registered 'TaskListScreen_Month' (singleton=False)
[2025-12-13 15:03:48.059] MenuRegistry: Registered screen factory 'TaskListScreen_Month' in container (viewMode=month)
[2025-12-13 15:03:48.074] MenuRegistry: Registered 'Month View' in 'Tasks' menu (hotkey=M order=45)
[2025-12-13 15:03:48.087] ServiceContainer: Registered 'ExcelProfileManagerScreen' (singleton=False)
[2025-12-13 15:03:48.100] MenuRegistry: Registered screen factory 'ExcelProfileManagerScreen' in container (viewMode=)
[2025-12-13 15:03:48.113] MenuRegistry: Registered 'Excel Profiles' in 'Projects' menu (hotkey=M order=50)
[2025-12-13 15:03:48.127] ServiceContainer: Registered 'NotesMenuScreen' (singleton=False)
[2025-12-13 15:03:48.141] MenuRegistry: Registered screen factory 'NotesMenuScreen' in container (viewMode=)
[2025-12-13 15:03:48.156] MenuRegistry: Registered 'Notes' in 'Tools' menu (hotkey=N order=20)
[2025-12-13 15:03:48.171] ServiceContainer: Registered 'TaskListScreen_Upcoming' (singleton=False)
[2025-12-13 15:03:48.186] MenuRegistry: Registered screen factory 'TaskListScreen_Upcoming' in container (viewMode=upcoming)
[2025-12-13 15:03:48.200] MenuRegistry: Registered 'Upcoming' in 'Tasks' menu (hotkey=U order=25)
[2025-12-13 15:03:48.215] ServiceContainer: Registered 'KanbanScreenV2' (singleton=False)
[2025-12-13 15:03:48.231] MenuRegistry: Registered screen factory 'KanbanScreenV2' in container (viewMode=)
[2025-12-13 15:03:48.243] MenuRegistry: Registered 'Kanban Board' in 'Tasks' menu (hotkey=K order=55)
[2025-12-13 15:03:48.259] ServiceContainer: Registered 'ChecklistTemplatesFolderScreen' (singleton=False)
[2025-12-13 15:03:48.276] MenuRegistry: Registered screen factory 'ChecklistTemplatesFolderScreen' in container (viewMode=)
[2025-12-13 15:03:48.291] MenuRegistry: Registered 'Checklist Templates' in 'Tools' menu (hotkey=H order=30)
[2025-12-13 15:03:48.309] ServiceContainer: Registered 'TaskListScreen_NoDate' (singleton=False)
[2025-12-13 15:03:48.325] MenuRegistry: Registered screen factory 'TaskListScreen_NoDate' in container (viewMode=noduedate)
[2025-12-13 15:03:48.338] MenuRegistry: Registered 'No Due Date' in 'Tasks' menu (hotkey=D order=40)
[2025-12-13 15:03:48.354] ServiceContainer: Registered 'TaskListScreen_Agenda' (singleton=False)
[2025-12-13 15:03:48.369] MenuRegistry: Registered screen factory 'TaskListScreen_Agenda' in container (viewMode=agenda)
[2025-12-13 15:03:48.383] MenuRegistry: Registered 'Agenda View' in 'Tasks' menu (hotkey=A order=50)
[2025-12-13 15:03:48.398] ServiceContainer: Registered 'TaskListScreen_Week' (singleton=False)
[2025-12-13 15:03:48.413] MenuRegistry: Registered screen factory 'TaskListScreen_Week' in container (viewMode=week)
[2025-12-13 15:03:48.428] MenuRegistry: Registered 'Week View' in 'Tasks' menu (hotkey=W order=20)
[2025-12-13 15:03:48.442] ServiceContainer: Registered 'WeeklyTimeReportScreen' (singleton=False)
[2025-12-13 15:03:48.457] MenuRegistry: Registered screen factory 'WeeklyTimeReportScreen' in container (viewMode=)
[2025-12-13 15:03:48.471] MenuRegistry: Registered 'Weekly Report' in 'Time' menu (hotkey=W order=10)
[2025-12-13 15:03:48.487] ServiceContainer: Registered 'TaskListScreen_Default' (singleton=False)
[2025-12-13 15:03:48.502] MenuRegistry: Registered screen factory 'TaskListScreen_Default' in container (viewMode=)
[2025-12-13 15:03:48.519] MenuRegistry: Registered 'Task List' in 'Tasks' menu (hotkey=L order=5)
[2025-12-13 15:03:48.536] ServiceContainer: Registered 'TimeReportScreen' (singleton=False)
[2025-12-13 15:03:48.551] MenuRegistry: Registered screen factory 'TimeReportScreen' in container (viewMode=)
[2025-12-13 15:03:48.568] MenuRegistry: Registered 'Time Report' in 'Time' menu (hotkey=R order=20)
[2025-12-13 15:03:48.584] ServiceContainer: Registered 'ProjectListScreen' (singleton=False)
[2025-12-13 15:03:48.599] MenuRegistry: Registered screen factory 'ProjectListScreen' in container (viewMode=)
[2025-12-13 15:03:48.615] MenuRegistry: Registered 'Project List' in 'Projects' menu (hotkey=L order=10)
[2025-12-13 15:03:48.632] ServiceContainer: Registered 'SettingsScreen' (singleton=False)
[2025-12-13 15:03:48.646] MenuRegistry: Registered screen factory 'SettingsScreen' in container (viewMode=)
[2025-12-13 15:03:48.661] MenuRegistry: Registered 'Settings' in 'Options' menu (hotkey=S order=20)
[2025-12-13 15:03:48.681] ServiceContainer: Registered 'TaskListScreen_Tomorrow' (singleton=False)
[2025-12-13 15:03:48.695] MenuRegistry: Registered screen factory 'TaskListScreen_Tomorrow' in container (viewMode=tomorrow)
[2025-12-13 15:03:48.709] MenuRegistry: Registered 'Tomorrow' in 'Tasks' menu (hotkey=T order=15)
[2025-12-13 15:03:48.724] ServiceContainer: Registered 'CommandLibraryScreen' (singleton=False)
[2025-12-13 15:03:48.739] MenuRegistry: Registered screen factory 'CommandLibraryScreen' in container (viewMode=)
[2025-12-13 15:03:48.754] MenuRegistry: Registered 'Command Library' in 'Tools' menu (hotkey=L order=10)
[2025-12-13 15:03:48.768] [INFO] Menus loaded from C:\Users\jhnhe\OneDrive\Documents\GitHub\project-management-console\og_transport\HYBRID\module\Pmc.Strict\consoleui\screens\MenuItems.psd1
[2025-12-13 15:03:48.782] [INFO] Launching screen: TaskList
[2025-12-13 15:03:48.797] [INFO] Resolving TaskListScreen from container...
[2025-12-13 15:03:48.813] ServiceContainer: Resolving 'TaskListScreen'...
[2025-12-13 15:03:48.828] [INFO] Resolving TaskListScreen...
[2025-12-13 15:03:48.844] ServiceContainer: Resolving 'TaskStore'...
[2025-12-13 15:03:48.863] [INFO] Resolving TaskStore...
[2025-12-13 15:03:48.908] [DEBUG] TaskStore.LoadData: Starting
[2025-12-13 15:03:48.924] [DEBUG] TaskStore.LoadData: Calling Get-PmcData
[2025-12-13 15:03:49.245] [DEBUG] TaskStore.LoadData: Get-PmcData returned - tasks=4 projects=2 timelogs=3
[2025-12-13 15:03:49.273] [DEBUG] TaskStore.LoadData: Loaded 4 tasks
[2025-12-13 15:03:49.292] [DEBUG] TaskStore.LoadData: Loaded 2 projects
[2025-12-13 15:03:49.311] [DEBUG] TaskStore.LoadData: First project name='p1' ID1='111'
[2025-12-13 15:03:49.335] ServiceContainer: Resolved 'TaskStore' successfully
[2025-12-13 15:03:49.848] MenuRegistry: Loaded manifest with 24 entries
[2025-12-13 15:03:49.865] MenuRegistry: Registered 'Time Tracking' in 'Time' menu (hotkey=T order=5)
[2025-12-13 15:03:49.883] MenuRegistry: Registered 'Checklists' in 'Tools' menu (hotkey=C order=25)
[2025-12-13 15:03:49.895] MenuRegistry: Registered 'Overdue' in 'Tasks' menu (hotkey=O order=30)
[2025-12-13 15:03:49.910] MenuRegistry: Registered 'Help' in 'Help' menu (hotkey=H order=10)
[2025-12-13 15:03:49.925] MenuRegistry: Registered 'Today' in 'Tasks' menu (hotkey=Y order=10)
[2025-12-13 15:03:49.940] MenuRegistry: Registered 'Import from Excel' in 'Projects' menu (hotkey=I order=40)
[2025-12-13 15:03:49.956] MenuRegistry: Registered 'Theme Editor' in 'Options' menu (hotkey=T order=10)
[2025-12-13 15:03:49.971] MenuRegistry: Registered 'Next Actions' in 'Tasks' menu (hotkey=N order=35)
[2025-12-13 15:03:49.986] MenuRegistry: Registered 'Month View' in 'Tasks' menu (hotkey=M order=45)
[2025-12-13 15:03:50.003] MenuRegistry: Registered 'Excel Profiles' in 'Projects' menu (hotkey=M order=50)
[2025-12-13 15:03:50.024] [INFO] Cleanup - showing cursor and resetting terminal
