[2025-12-13 12:44:45.175] [INFO] Loading PMC module...
[2025-12-13 12:44:46.120] [INFO] PMC module loaded
[2025-12-13 12:44:46.122] [INFO] Loading dependencies (FieldSchemas, etc.)...
[2025-12-13 12:44:46.215] [INFO] Dependencies loaded
[2025-12-13 12:44:46.225] [INFO] Loading SpeedTUI framework...
[2025-12-13 12:44:46.483] [INFO] SpeedTUI framework loaded
[2025-12-13 12:44:46.485] [INFO] Loading PraxisVT...
[2025-12-13 12:44:46.503] [INFO] PraxisVT loaded
[2025-12-13 12:44:46.512] [INFO] Loading core dependencies...
[2025-12-13 12:44:46.566] [INFO] Core dependencies loaded
[2025-12-13 12:44:46.575] [INFO] Loading widget base classes...
[2025-12-13 12:44:46.622] [INFO] Widget base classes loaded
[2025-12-13 12:44:46.631] [INFO] Loading services...
[2025-12-13 12:44:46.754] [INFO] Services loaded
[2025-12-13 12:44:46.764] [INFO] Loading helpers...
[2025-12-13 12:44:47.175] [INFO] Helpers loaded
[2025-12-13 12:44:47.185] [INFO] Loading widgets...
[2025-12-13 12:44:47.571] [INFO] Widgets loaded
[2025-12-13 12:44:47.581] [INFO] Loading screen base class...
[2025-12-13 12:44:47.604] [INFO] Screen base class loaded
[2025-12-13 12:44:47.616] [INFO] Loading HelpViewScreen (needed by base classes)...
[2025-12-13 12:44:47.646] [INFO] HelpViewScreen loaded
[2025-12-13 12:44:47.657] [INFO] Loading base classes...
[2025-12-13 12:44:47.738] [ERROR] Failed to load base classes: At C:\Users\jhnhe\OneDrive\Documents\GitHub\project-management-console\og_transport\HYBRID\module\Pmc.Strict\consoleui\base\StandardListScreen.ps1:1190 char:14
+     if ($null -eq $this.List) {
+              ~
Missing ')' in function parameter list.

At C:\Users\jhnhe\OneDrive\Documents\GitHub\project-management-console\og_transport\HYBRID\module\Pmc.Strict\consoleui\base\StandardListScreen.ps1:1249 char:37
+ hidden [hashtable] _GetTerminalSize() {
+                                     ~
An expression was expected after '('.

At C:\Users\jhnhe\OneDrive\Documents\GitHub\project-management-console\og_transport\HYBRID\module\Pmc.Strict\consoleui\base\StandardListScreen.ps1:1260 char:1
+ }
+ ~
Unexpected token '}' in expression or statement.
