[2025-12-13 15:19:57.311] [INFO] Loading PMC module...
[2025-12-13 15:19:58.783] [INFO] PMC module loaded
[2025-12-13 15:19:58.786] [INFO] Loading dependencies (FieldSchemas, etc.)...
[2025-12-13 15:19:58.953] [INFO] Dependencies loaded
[2025-12-13 15:19:58.969] [INFO] Loading SpeedTUI framework...
[2025-12-13 15:19:59.326] [INFO] SpeedTUI framework loaded
[2025-12-13 15:19:59.343] [INFO] Loading PraxisVT...
[2025-12-13 15:19:59.371] [INFO] PraxisVT loaded
[2025-12-13 15:19:59.382] [INFO] Loading core dependencies...
[2025-12-13 15:19:59.469] [INFO] Core dependencies loaded
[2025-12-13 15:19:59.484] [INFO] Loading widget base classes...
[2025-12-13 15:19:59.552] [INFO] Widget base classes loaded
[2025-12-13 15:19:59.563] [INFO] Loading services...
[2025-12-13 15:19:59.762] [INFO] Services loaded
[2025-12-13 15:19:59.773] [INFO] Loading helpers...
[2025-12-13 15:20:00.477] [INFO] Helpers loaded
[2025-12-13 15:20:00.490] [INFO] Loading widgets...
[2025-12-13 15:20:01.036] [INFO] Widgets loaded
[2025-12-13 15:20:01.049] [INFO] Loading screen base class...
[2025-12-13 15:20:01.113] [INFO] Screen base class loaded
[2025-12-13 15:20:01.142] [INFO] Loading HelpViewScreen (needed by base classes)...
[2025-12-13 15:20:01.217] [INFO] HelpViewScreen loaded
[2025-12-13 15:20:01.234] [INFO] Loading base classes...
[2025-12-13 15:20:01.381] [INFO] Base classes loaded
[2025-12-13 15:20:01.392] [INFO] Loading ServiceContainer (needed by screens)...
[2025-12-13 15:20:01.420] [INFO] ServiceContainer loaded
[2025-12-13 15:20:01.434] [INFO] Loading remaining screens...
[2025-12-13 15:20:01.574] [INFO] Remaining screens loaded
[2025-12-13 15:20:01.589] [INFO] Loading PmcApplication...
[2025-12-13 15:20:01.631] [INFO] PmcApplication loaded
[2025-12-13 15:20:01.643] [INFO] All components loaded successfully
[2025-12-13 15:20:01.673] [INFO] Starting PMC TUI with screen: TaskList
[2025-12-13 15:20:01.692] [INFO] Cleared stale PmcSharedMenuBar and MenuRegistry singleton
[2025-12-13 15:20:01.707] [INFO] Creating ServiceContainer...
[2025-12-13 15:20:01.725] [INFO] ServiceContainer created
[2025-12-13 15:20:01.741] [INFO] Registering Theme service...
[2025-12-13 15:20:01.768] ServiceContainer: Registered 'Theme' (singleton=True)
[2025-12-13 15:20:01.788] [INFO] Registering ThemeManager...
[2025-12-13 15:20:01.800] ServiceContainer: Registered 'ThemeManager' (singleton=True)
[2025-12-13 15:20:01.817] [INFO] Registering Config service...
[2025-12-13 15:20:01.838] ServiceContainer: Registered 'Config' (singleton=True)
[2025-12-13 15:20:01.853] [INFO] Registering TaskStore service...
[2025-12-13 15:20:01.869] ServiceContainer: Registered 'TaskStore' (singleton=True)
[2025-12-13 15:20:01.887] [INFO] Registering MenuRegistry service...
[2025-12-13 15:20:01.905] ServiceContainer: Registered 'MenuRegistry' (singleton=True)
[2025-12-13 15:20:01.923] [INFO] Registering Application service...
[2025-12-13 15:20:01.940] ServiceContainer: Registered 'Application' (singleton=True)
[2025-12-13 15:20:01.959] [INFO] Registering CommandService...
[2025-12-13 15:20:01.988] ServiceContainer: Registered 'CommandService' (singleton=True)
[2025-12-13 15:20:02.006] [INFO] Registering ChecklistService...
[2025-12-13 15:20:02.024] ServiceContainer: Registered 'ChecklistService' (singleton=True)
[2025-12-13 15:20:02.046] [INFO] Registering NoteService...
[2025-12-13 15:20:02.064] ServiceContainer: Registered 'NoteService' (singleton=True)
[2025-12-13 15:20:02.080] [INFO] Registering ExcelMappingService...
[2025-12-13 15:20:02.097] ServiceContainer: Registered 'ExcelMappingService' (singleton=True)
[2025-12-13 15:20:02.113] [INFO] Registering PreferencesService...
[2025-12-13 15:20:02.124] ServiceContainer: Registered 'PreferencesService' (singleton=True)
[2025-12-13 15:20:02.140] [INFO] Registering screen factories...
[2025-12-13 15:20:02.158] ServiceContainer: Registered 'TaskListScreen' (singleton=False)
[2025-12-13 15:20:02.174] [INFO] Resolving Application from container...
[2025-12-13 15:20:02.201] ServiceContainer: Resolving 'Application'...
[2025-12-13 15:20:02.215] [INFO] Resolving Application...
[2025-12-13 15:20:02.232] ServiceContainer: Resolving 'Theme'...
[2025-12-13 15:20:02.252] [INFO] Resolving Theme: Calling Initialize-PmcThemeSystem...
[2025-12-13 15:20:02.275] [INFO] Theme resolved: #33aaff
[2025-12-13 15:20:02.289] [INFO] Loading PmcThemeEngine...
[2025-12-13 15:20:02.414] [DEBUG] Palette [Error] -> #BE2914 (R=190 G=41 B=20)
[2025-12-13 15:20:02.426] [DEBUG] Palette [Border] -> #185F30 (R=24 G=95 B=48)
[2025-12-13 15:20:02.440] [DEBUG] Palette [Success] -> #2CB158 (R=44 G=177 B=88)
[2025-12-13 15:20:02.455] [DEBUG] Palette [Text] -> #C2EACF (R=194 G=234 B=207)
[2025-12-13 15:20:02.469] [DEBUG] Palette [Muted] -> #5C8F6D (R=92 G=143 B=109)
[2025-12-13 15:20:02.480] [DEBUG] Palette [Warning] -> #7FCA14 (R=127 G=202 B=20)
[2025-12-13 15:20:02.496] [DEBUG] Palette [Primary] -> #228844 (R=34 G=136 B=68)
[2025-12-13 15:20:02.514] [DEBUG] Palette [Header] -> #228844 (R=34 G=136 B=68)
[2025-12-13 15:20:02.530] [DEBUG] Palette [Footer] -> #185F30 (R=24 G=95 B=48)
[2025-12-13 15:20:02.545] [DEBUG] Palette [Bright] -> #2CB158 (R=44 G=177 B=88)
[2025-12-13 15:20:02.564] [DEBUG] Palette [Highlight] -> #228844 (R=34 G=136 B=68)
[2025-12-13 15:20:02.577] [DEBUG] Palette [Cursor] -> #228844 (R=34 G=136 B=68)
[2025-12-13 15:20:02.593] [DEBUG] Palette [Label] -> #5C8F6D (R=92 G=143 B=109)
[2025-12-13 15:20:02.608] [DEBUG] Palette [Status] -> #5C8F6D (R=92 G=143 B=109)
[2025-12-13 15:20:02.632] [INFO] LoadFromConfig: Loaded Properties with 16 items
[2025-12-13 15:20:02.653] [INFO] PmcThemeEngine initialized with PMC palette (14 colors)
[2025-12-13 15:20:02.670] ServiceContainer: Resolved 'Theme' successfully
[2025-12-13 15:20:02.876] ServiceContainer: Resolving 'ThemeManager'...
[2025-12-13 15:20:02.896] [INFO] Resolving ThemeManager...
[2025-12-13 15:20:03.064] ServiceContainer: Resolved 'ThemeManager' successfully
[2025-12-13 15:20:03.088] ServiceContainer: Resolved 'Application' successfully
[2025-12-13 15:20:03.107] [INFO] Application resolved and assigned to $global:PmcApp
[2025-12-13 15:20:03.121] [INFO] Loading menus from manifest...
[2025-12-13 15:20:03.135] ServiceContainer: Resolving 'MenuRegistry'...
[2025-12-13 15:20:03.153] [INFO] Resolving MenuRegistry...
[2025-12-13 15:20:03.177] ServiceContainer: Resolved 'MenuRegistry' successfully
[2025-12-13 15:20:03.208] MenuRegistry: Loaded manifest with 24 entries
[2025-12-13 15:20:03.246] ServiceContainer: Registered 'NotesMenuScreen' (singleton=False)
[2025-12-13 15:20:03.260] MenuRegistry: Registered screen factory 'NotesMenuScreen' in container (viewMode=)
[2025-12-13 15:20:03.286] MenuRegistry: Registered 'Notes' in 'Tools' menu (hotkey=N order=20)
[2025-12-13 15:20:03.301] ServiceContainer: Registered 'TaskListScreen_Default' (singleton=False)
[2025-12-13 15:20:03.314] MenuRegistry: Registered screen factory 'TaskListScreen_Default' in container (viewMode=)
[2025-12-13 15:20:03.331] MenuRegistry: Registered 'Task List' in 'Tasks' menu (hotkey=L order=5)
[2025-12-13 15:20:03.349] ServiceContainer: Registered 'HelpViewScreen' (singleton=False)
[2025-12-13 15:20:03.365] MenuRegistry: Registered screen factory 'HelpViewScreen' in container (viewMode=)
[2025-12-13 15:20:03.379] MenuRegistry: Registered 'Help' in 'Help' menu (hotkey=H order=10)
[2025-12-13 15:20:03.393] ServiceContainer: Registered 'TaskListScreen_Month' (singleton=False)
[2025-12-13 15:20:03.407] MenuRegistry: Registered screen factory 'TaskListScreen_Month' in container (viewMode=month)
[2025-12-13 15:20:03.423] MenuRegistry: Registered 'Month View' in 'Tasks' menu (hotkey=M order=45)
[2025-12-13 15:20:03.438] ServiceContainer: Registered 'TaskListScreen_Week' (singleton=False)
[2025-12-13 15:20:03.455] MenuRegistry: Registered screen factory 'TaskListScreen_Week' in container (viewMode=week)
[2025-12-13 15:20:03.468] MenuRegistry: Registered 'Week View' in 'Tasks' menu (hotkey=W order=20)
[2025-12-13 15:20:03.488] ServiceContainer: Registered 'CommandLibraryScreen' (singleton=False)
[2025-12-13 15:20:03.537] MenuRegistry: Registered screen factory 'CommandLibraryScreen' in container (viewMode=)
[2025-12-13 15:20:03.560] MenuRegistry: Registered 'Command Library' in 'Tools' menu (hotkey=L order=10)
[2025-12-13 15:20:03.586] ServiceContainer: Registered 'TaskListScreen_Tomorrow' (singleton=False)
[2025-12-13 15:20:03.606] MenuRegistry: Registered screen factory 'TaskListScreen_Tomorrow' in container (viewMode=tomorrow)
[2025-12-13 15:20:03.635] MenuRegistry: Registered 'Tomorrow' in 'Tasks' menu (hotkey=T order=15)
[2025-12-13 15:20:03.660] ServiceContainer: Registered 'ThemeEditorScreen' (singleton=False)
[2025-12-13 15:20:03.677] MenuRegistry: Registered screen factory 'ThemeEditorScreen' in container (viewMode=)
[2025-12-13 15:20:03.691] MenuRegistry: Registered 'Theme Editor' in 'Options' menu (hotkey=T order=10)
[2025-12-13 15:20:03.705] ServiceContainer: Registered 'TaskListScreen_NextActions' (singleton=False)
[2025-12-13 15:20:03.722] MenuRegistry: Registered screen factory 'TaskListScreen_NextActions' in container (viewMode=nextactions)
[2025-12-13 15:20:03.738] MenuRegistry: Registered 'Next Actions' in 'Tasks' menu (hotkey=N order=35)
[2025-12-13 15:20:03.756] ServiceContainer: Registered 'TimeListScreen' (singleton=False)
[2025-12-13 15:20:03.770] MenuRegistry: Registered screen factory 'TimeListScreen' in container (viewMode=)
[2025-12-13 15:20:03.786] MenuRegistry: Registered 'Time Tracking' in 'Time' menu (hotkey=T order=5)
[2025-12-13 15:20:03.800] ServiceContainer: Registered 'ExcelProfileManagerScreen' (singleton=False)
[2025-12-13 15:20:03.816] MenuRegistry: Registered screen factory 'ExcelProfileManagerScreen' in container (viewMode=)
[2025-12-13 15:20:03.829] MenuRegistry: Registered 'Excel Profiles' in 'Projects' menu (hotkey=M order=50)
[2025-12-13 15:20:03.841] ServiceContainer: Registered 'ChecklistTemplatesFolderScreen' (singleton=False)
[2025-12-13 15:20:03.857] MenuRegistry: Registered screen factory 'ChecklistTemplatesFolderScreen' in container (viewMode=)
[2025-12-13 15:20:03.873] MenuRegistry: Registered 'Checklist Templates' in 'Tools' menu (hotkey=H order=30)
[2025-12-13 15:20:03.887] ServiceContainer: Registered 'TaskListScreen_NoDate' (singleton=False)
[2025-12-13 15:20:03.900] MenuRegistry: Registered screen factory 'TaskListScreen_NoDate' in container (viewMode=noduedate)
[2025-12-13 15:20:03.916] MenuRegistry: Registered 'No Due Date' in 'Tasks' menu (hotkey=D order=40)
[2025-12-13 15:20:03.931] ServiceContainer: Registered 'ExcelImportScreen' (singleton=False)
[2025-12-13 15:20:03.946] MenuRegistry: Registered screen factory 'ExcelImportScreen' in container (viewMode=)
[2025-12-13 15:20:03.960] MenuRegistry: Registered 'Import from Excel' in 'Projects' menu (hotkey=I order=40)
[2025-12-13 15:20:03.977] ServiceContainer: Registered 'TimeReportScreen' (singleton=False)
[2025-12-13 15:20:03.993] MenuRegistry: Registered screen factory 'TimeReportScreen' in container (viewMode=)
[2025-12-13 15:20:04.008] MenuRegistry: Registered 'Time Report' in 'Time' menu (hotkey=R order=20)
[2025-12-13 15:20:04.023] ServiceContainer: Registered 'TaskListScreen_Overdue' (singleton=False)
[2025-12-13 15:20:04.038] MenuRegistry: Registered screen factory 'TaskListScreen_Overdue' in container (viewMode=overdue)
[2025-12-13 15:20:04.055] MenuRegistry: Registered 'Overdue' in 'Tasks' menu (hotkey=O order=30)
[2025-12-13 15:20:04.071] ServiceContainer: Registered 'SettingsScreen' (singleton=False)
[2025-12-13 15:20:04.088] MenuRegistry: Registered screen factory 'SettingsScreen' in container (viewMode=)
[2025-12-13 15:20:04.103] MenuRegistry: Registered 'Settings' in 'Options' menu (hotkey=S order=20)
[2025-12-13 15:20:04.116] ServiceContainer: Registered 'WeeklyTimeReportScreen' (singleton=False)
[2025-12-13 15:20:04.130] MenuRegistry: Registered screen factory 'WeeklyTimeReportScreen' in container (viewMode=)
[2025-12-13 15:20:04.145] MenuRegistry: Registered 'Weekly Report' in 'Time' menu (hotkey=W order=10)
[2025-12-13 15:20:04.157] ServiceContainer: Registered 'ChecklistsLauncherScreen' (singleton=False)
[2025-12-13 15:20:04.172] MenuRegistry: Registered screen factory 'ChecklistsLauncherScreen' in container (viewMode=)
[2025-12-13 15:20:04.187] MenuRegistry: Registered 'Checklists' in 'Tools' menu (hotkey=C order=25)
[2025-12-13 15:20:04.199] ServiceContainer: Registered 'TaskListScreen_Upcoming' (singleton=False)
[2025-12-13 15:20:04.215] MenuRegistry: Registered screen factory 'TaskListScreen_Upcoming' in container (viewMode=upcoming)
[2025-12-13 15:20:04.230] MenuRegistry: Registered 'Upcoming' in 'Tasks' menu (hotkey=U order=25)
[2025-12-13 15:20:04.244] ServiceContainer: Registered 'KanbanScreenV2' (singleton=False)
[2025-12-13 15:20:04.257] MenuRegistry: Registered screen factory 'KanbanScreenV2' in container (viewMode=)
[2025-12-13 15:20:04.274] MenuRegistry: Registered 'Kanban Board' in 'Tasks' menu (hotkey=K order=55)
[2025-12-13 15:20:04.289] ServiceContainer: Registered 'TaskListScreen_Agenda' (singleton=False)
[2025-12-13 15:20:04.301] MenuRegistry: Registered screen factory 'TaskListScreen_Agenda' in container (viewMode=agenda)
[2025-12-13 15:20:04.318] MenuRegistry: Registered 'Agenda View' in 'Tasks' menu (hotkey=A order=50)
[2025-12-13 15:20:04.336] ServiceContainer: Registered 'ProjectListScreen' (singleton=False)
[2025-12-13 15:20:04.353] MenuRegistry: Registered screen factory 'ProjectListScreen' in container (viewMode=)
[2025-12-13 15:20:04.368] MenuRegistry: Registered 'Project List' in 'Projects' menu (hotkey=L order=10)
[2025-12-13 15:20:04.381] ServiceContainer: Registered 'TaskListScreen_Today' (singleton=False)
[2025-12-13 15:20:04.396] MenuRegistry: Registered screen factory 'TaskListScreen_Today' in container (viewMode=today)
[2025-12-13 15:20:04.411] MenuRegistry: Registered 'Today' in 'Tasks' menu (hotkey=Y order=10)
[2025-12-13 15:20:04.424] [INFO] Menus loaded from C:\Users\jhnhe\OneDrive\Documents\GitHub\project-management-console\og_transport\HYBRID\module\Pmc.Strict\consoleui\screens\MenuItems.psd1
[2025-12-13 15:20:04.438] [INFO] Launching screen: TaskList
[2025-12-13 15:20:04.453] [INFO] Resolving TaskListScreen from container...
[2025-12-13 15:20:04.465] ServiceContainer: Resolving 'TaskListScreen'...
[2025-12-13 15:20:04.482] [INFO] Resolving TaskListScreen...
[2025-12-13 15:20:04.497] ServiceContainer: Resolving 'TaskStore'...
[2025-12-13 15:20:04.514] [INFO] Resolving TaskStore...
[2025-12-13 15:20:04.557] [DEBUG] TaskStore.LoadData: Starting
[2025-12-13 15:20:04.570] [DEBUG] TaskStore.LoadData: Calling Get-PmcData
[2025-12-13 15:20:04.904] [DEBUG] TaskStore.LoadData: Get-PmcData returned - tasks=4 projects=2 timelogs=3
[2025-12-13 15:20:04.930] [DEBUG] TaskStore.LoadData: Loaded 4 tasks
[2025-12-13 15:20:04.956] [DEBUG] TaskStore.LoadData: Loaded 2 projects
[2025-12-13 15:20:04.976] [DEBUG] TaskStore.LoadData: First project name='p1' ID1='111'
[2025-12-13 15:20:04.998] ServiceContainer: Resolved 'TaskStore' successfully
[2025-12-13 15:20:05.538] [DEBUG] TaskListScreen: Constructor started
[2025-12-13 15:20:05.599] _PopulateMenusFromRegistry: Menu 'Projects' has 3 items from registry (array)
[2025-12-13 15:20:05.632] _PopulateMenusFromRegistry: Menu 'Time' has 3 items from registry (array)
[2025-12-13 15:20:05.650] _PopulateMenusFromRegistry: Menu 'Help' has 1 items from registry (array)
[2025-12-13 15:20:05.666] _PopulateMenusFromRegistry: Menu 'Tools' has 4 items from registry (array)
[2025-12-13 15:20:05.684] _PopulateMenusFromRegistry: Menu 'Options' has 2 items from registry (array)
[2025-12-13 15:20:05.705] _PopulateMenusFromRegistry: Menu 'Tasks' has 11 items from registry (array)
[2025-12-13 15:20:05.723] [DEBUG] TaskListScreen: Constructor completed
[2025-12-13 15:20:05.738] ServiceContainer: Resolved 'TaskListScreen' successfully
[2025-12-13 15:20:05.756] [INFO] Pushing screen to app...
[2025-12-13 15:20:05.831] [INFO] Cleanup - showing cursor and resetting terminal
