[2025-12-13 15:51:57.392] [INFO] Loading PMC module...
[2025-12-13 15:51:58.842] [INFO] PMC module loaded
[2025-12-13 15:51:58.849] [INFO] Loading dependencies (FieldSchemas, etc.)...
[2025-12-13 15:51:58.983] [INFO] Dependencies loaded
[2025-12-13 15:51:58.993] [INFO] Loading SpeedTUI framework...
[2025-12-13 15:51:59.364] [INFO] SpeedTUI framework loaded
[2025-12-13 15:51:59.375] [INFO] Loading PraxisVT...
[2025-12-13 15:51:59.398] [INFO] PraxisVT loaded
[2025-12-13 15:51:59.409] [INFO] Loading core dependencies...
[2025-12-13 15:51:59.491] [INFO] Core dependencies loaded
[2025-12-13 15:51:59.503] [INFO] Loading widget base classes...
[2025-12-13 15:51:59.566] [INFO] Widget base classes loaded
[2025-12-13 15:51:59.579] [INFO] Loading services...
[2025-12-13 15:51:59.762] [INFO] Services loaded
[2025-12-13 15:51:59.774] [INFO] Loading helpers...
[2025-12-13 15:52:00.449] [INFO] Helpers loaded
[2025-12-13 15:52:00.488] [INFO] Loading widgets...
[2025-12-13 15:52:01.091] [INFO] Widgets loaded
[2025-12-13 15:52:01.107] [INFO] Loading screen base class...
[2025-12-13 15:52:01.154] [INFO] Screen base class loaded
[2025-12-13 15:52:01.168] [INFO] Loading HelpViewScreen (needed by base classes)...
[2025-12-13 15:52:01.224] [INFO] HelpViewScreen loaded
[2025-12-13 15:52:01.242] [INFO] Loading base classes...
[2025-12-13 15:52:01.372] [INFO] Base classes loaded
[2025-12-13 15:52:01.387] [INFO] Loading ServiceContainer (needed by screens)...
[2025-12-13 15:52:01.436] [INFO] ServiceContainer loaded
[2025-12-13 15:52:01.455] [INFO] Loading remaining screens...
[2025-12-13 15:52:01.595] [INFO] Remaining screens loaded
[2025-12-13 15:52:01.608] [INFO] Loading PmcApplication...
[2025-12-13 15:52:01.648] [INFO] PmcApplication loaded
[2025-12-13 15:52:01.662] [INFO] All components loaded successfully
[2025-12-13 15:52:01.689] [INFO] Starting PMC TUI with screen: TaskList
[2025-12-13 15:52:01.708] [INFO] Cleared stale PmcSharedMenuBar and MenuRegistry singleton
[2025-12-13 15:52:01.723] [INFO] Creating ServiceContainer...
[2025-12-13 15:52:01.763] [INFO] ServiceContainer created
[2025-12-13 15:52:01.781] [INFO] Registering Theme service...
[2025-12-13 15:52:01.826] ServiceContainer: Registered 'Theme' (singleton=True)
[2025-12-13 15:52:01.850] [INFO] Registering ThemeManager...
[2025-12-13 15:52:01.866] ServiceContainer: Registered 'ThemeManager' (singleton=True)
[2025-12-13 15:52:01.880] [INFO] Registering Config service...
[2025-12-13 15:52:01.906] ServiceContainer: Registered 'Config' (singleton=True)
[2025-12-13 15:52:01.923] [INFO] Registering TaskStore service...
[2025-12-13 15:52:01.939] ServiceContainer: Registered 'TaskStore' (singleton=True)
[2025-12-13 15:52:01.952] [INFO] Registering MenuRegistry service...
[2025-12-13 15:52:01.966] ServiceContainer: Registered 'MenuRegistry' (singleton=True)
[2025-12-13 15:52:01.980] [INFO] Registering Application service...
[2025-12-13 15:52:01.995] ServiceContainer: Registered 'Application' (singleton=True)
[2025-12-13 15:52:02.012] [INFO] Registering CommandService...
[2025-12-13 15:52:02.030] ServiceContainer: Registered 'CommandService' (singleton=True)
[2025-12-13 15:52:02.058] [INFO] Registering ChecklistService...
[2025-12-13 15:52:02.081] ServiceContainer: Registered 'ChecklistService' (singleton=True)
[2025-12-13 15:52:02.099] [INFO] Registering NoteService...
[2025-12-13 15:52:02.125] ServiceContainer: Registered 'NoteService' (singleton=True)
[2025-12-13 15:52:02.155] [INFO] Registering ExcelMappingService...
[2025-12-13 15:52:02.172] ServiceContainer: Registered 'ExcelMappingService' (singleton=True)
[2025-12-13 15:52:02.186] [INFO] Registering PreferencesService...
[2025-12-13 15:52:02.204] ServiceContainer: Registered 'PreferencesService' (singleton=True)
[2025-12-13 15:52:02.220] [INFO] Registering screen factories...
[2025-12-13 15:52:02.237] ServiceContainer: Registered 'TaskListScreen' (singleton=False)
[2025-12-13 15:52:02.254] [INFO] Resolving Application from container...
[2025-12-13 15:52:02.283] ServiceContainer: Resolving 'Application'...
[2025-12-13 15:52:02.300] [INFO] Resolving Application...
[2025-12-13 15:52:02.314] ServiceContainer: Resolving 'Theme'...
[2025-12-13 15:52:02.335] [INFO] Resolving Theme: Calling Initialize-PmcThemeSystem...
[2025-12-13 15:52:02.358] [INFO] Theme resolved: #33aaff
[2025-12-13 15:52:02.375] [INFO] Loading PmcThemeEngine...
[2025-12-13 15:52:02.505] [DEBUG] Palette [Bright] -> #2CB158 (R=44 G=177 B=88)
[2025-12-13 15:52:02.522] [DEBUG] Palette [Primary] -> #228844 (R=34 G=136 B=68)
[2025-12-13 15:52:02.537] [DEBUG] Palette [Status] -> #5C8F6D (R=92 G=143 B=109)
[2025-12-13 15:52:02.548] [DEBUG] Palette [Success] -> #2CB158 (R=44 G=177 B=88)
[2025-12-13 15:52:02.560] [DEBUG] Palette [Cursor] -> #228844 (R=34 G=136 B=68)
[2025-12-13 15:52:02.574] [DEBUG] Palette [Label] -> #5C8F6D (R=92 G=143 B=109)
[2025-12-13 15:52:02.587] [DEBUG] Palette [Muted] -> #5C8F6D (R=92 G=143 B=109)
[2025-12-13 15:52:02.601] [DEBUG] Palette [Header] -> #228844 (R=34 G=136 B=68)
[2025-12-13 15:52:02.615] [DEBUG] Palette [Error] -> #BE2914 (R=190 G=41 B=20)
[2025-12-13 15:52:02.629] [DEBUG] Palette [Text] -> #C2EACF (R=194 G=234 B=207)
[2025-12-13 15:52:02.648] [DEBUG] Palette [Highlight] -> #228844 (R=34 G=136 B=68)
[2025-12-13 15:52:02.661] [DEBUG] Palette [Warning] -> #7FCA14 (R=127 G=202 B=20)
[2025-12-13 15:52:02.676] [DEBUG] Palette [Footer] -> #185F30 (R=24 G=95 B=48)
[2025-12-13 15:52:02.690] [DEBUG] Palette [Border] -> #185F30 (R=24 G=95 B=48)
[2025-12-13 15:52:02.717] [INFO] LoadFromConfig: Loaded Properties with 16 items
[2025-12-13 15:52:02.738] [INFO] PmcThemeEngine initialized with PMC palette (14 colors)
[2025-12-13 15:52:02.752] ServiceContainer: Resolved 'Theme' successfully
[2025-12-13 15:52:02.852] ServiceContainer: Resolving 'ThemeManager'...
[2025-12-13 15:52:02.868] [INFO] Resolving ThemeManager...
[2025-12-13 15:52:03.000] ServiceContainer: Resolved 'ThemeManager' successfully
[2025-12-13 15:52:03.021] ServiceContainer: Resolved 'Application' successfully
[2025-12-13 15:52:03.037] [INFO] Application resolved and assigned to $global:PmcApp
[2025-12-13 15:52:03.050] [INFO] Loading menus from manifest...
[2025-12-13 15:52:03.065] ServiceContainer: Resolving 'MenuRegistry'...
[2025-12-13 15:52:03.081] [INFO] Resolving MenuRegistry...
[2025-12-13 15:52:03.107] ServiceContainer: Resolved 'MenuRegistry' successfully
[2025-12-13 15:52:03.142] MenuRegistry: Loaded manifest with 24 entries
[2025-12-13 15:52:03.186] ServiceContainer: Registered 'TaskListScreen_NextActions' (singleton=False)
[2025-12-13 15:52:03.201] MenuRegistry: Registered screen factory 'TaskListScreen_NextActions' in container (viewMode=nextactions)
[2025-12-13 15:52:03.232] MenuRegistry: Registered 'Next Actions' in 'Tasks' menu (hotkey=N order=35)
[2025-12-13 15:52:03.248] ServiceContainer: Registered 'ThemeEditorScreen' (singleton=False)
[2025-12-13 15:52:03.265] MenuRegistry: Registered screen factory 'ThemeEditorScreen' in container (viewMode=)
[2025-12-13 15:52:03.283] MenuRegistry: Registered 'Theme Editor' in 'Options' menu (hotkey=T order=10)
[2025-12-13 15:52:03.301] ServiceContainer: Registered 'ExcelImportScreen' (singleton=False)
[2025-12-13 15:52:03.316] MenuRegistry: Registered screen factory 'ExcelImportScreen' in container (viewMode=)
[2025-12-13 15:52:03.332] MenuRegistry: Registered 'Import from Excel' in 'Projects' menu (hotkey=I order=40)
[2025-12-13 15:52:03.348] ServiceContainer: Registered 'TaskListScreen_Agenda' (singleton=False)
[2025-12-13 15:52:03.363] MenuRegistry: Registered screen factory 'TaskListScreen_Agenda' in container (viewMode=agenda)
[2025-12-13 15:52:03.385] MenuRegistry: Registered 'Agenda View' in 'Tasks' menu (hotkey=A order=50)
[2025-12-13 15:52:03.405] ServiceContainer: Registered 'TaskListScreen_Tomorrow' (singleton=False)
[2025-12-13 15:52:03.423] MenuRegistry: Registered screen factory 'TaskListScreen_Tomorrow' in container (viewMode=tomorrow)
[2025-12-13 15:52:03.438] MenuRegistry: Registered 'Tomorrow' in 'Tasks' menu (hotkey=T order=15)
[2025-12-13 15:52:03.456] ServiceContainer: Registered 'ExcelProfileManagerScreen' (singleton=False)
[2025-12-13 15:52:03.477] MenuRegistry: Registered screen factory 'ExcelProfileManagerScreen' in container (viewMode=)
[2025-12-13 15:52:03.493] MenuRegistry: Registered 'Excel Profiles' in 'Projects' menu (hotkey=M order=50)
[2025-12-13 15:52:03.509] ServiceContainer: Registered 'TaskListScreen_Default' (singleton=False)
[2025-12-13 15:52:03.524] MenuRegistry: Registered screen factory 'TaskListScreen_Default' in container (viewMode=)
[2025-12-13 15:52:03.538] MenuRegistry: Registered 'Task List' in 'Tasks' menu (hotkey=L order=5)
[2025-12-13 15:52:03.555] ServiceContainer: Registered 'CommandLibraryScreen' (singleton=False)
[2025-12-13 15:52:03.569] MenuRegistry: Registered screen factory 'CommandLibraryScreen' in container (viewMode=)
[2025-12-13 15:52:03.582] MenuRegistry: Registered 'Command Library' in 'Tools' menu (hotkey=L order=10)
[2025-12-13 15:52:03.597] ServiceContainer: Registered 'TaskListScreen_NoDate' (singleton=False)
[2025-12-13 15:52:03.609] MenuRegistry: Registered screen factory 'TaskListScreen_NoDate' in container (viewMode=noduedate)
[2025-12-13 15:52:03.621] MenuRegistry: Registered 'No Due Date' in 'Tasks' menu (hotkey=D order=40)
[2025-12-13 15:52:03.637] ServiceContainer: Registered 'TaskListScreen_Week' (singleton=False)
[2025-12-13 15:52:03.652] MenuRegistry: Registered screen factory 'TaskListScreen_Week' in container (viewMode=week)
[2025-12-13 15:52:03.664] MenuRegistry: Registered 'Week View' in 'Tasks' menu (hotkey=W order=20)
[2025-12-13 15:52:03.679] ServiceContainer: Registered 'SettingsScreen' (singleton=False)
[2025-12-13 15:52:03.693] MenuRegistry: Registered screen factory 'SettingsScreen' in container (viewMode=)
[2025-12-13 15:52:03.707] MenuRegistry: Registered 'Settings' in 'Options' menu (hotkey=S order=20)
[2025-12-13 15:52:03.721] ServiceContainer: Registered 'TimeListScreen' (singleton=False)
[2025-12-13 15:52:03.734] MenuRegistry: Registered screen factory 'TimeListScreen' in container (viewMode=)
[2025-12-13 15:52:03.749] MenuRegistry: Registered 'Time Tracking' in 'Time' menu (hotkey=T order=5)
[2025-12-13 15:52:03.764] ServiceContainer: Registered 'ChecklistsLauncherScreen' (singleton=False)
[2025-12-13 15:52:03.780] MenuRegistry: Registered screen factory 'ChecklistsLauncherScreen' in container (viewMode=)
[2025-12-13 15:52:03.794] MenuRegistry: Registered 'Checklists' in 'Tools' menu (hotkey=C order=25)
[2025-12-13 15:52:03.809] ServiceContainer: Registered 'HelpViewScreen' (singleton=False)
[2025-12-13 15:52:03.824] MenuRegistry: Registered screen factory 'HelpViewScreen' in container (viewMode=)
[2025-12-13 15:52:03.839] MenuRegistry: Registered 'Help' in 'Help' menu (hotkey=H order=10)
[2025-12-13 15:52:03.854] ServiceContainer: Registered 'TaskListScreen_Month' (singleton=False)
[2025-12-13 15:52:03.868] MenuRegistry: Registered screen factory 'TaskListScreen_Month' in container (viewMode=month)
[2025-12-13 15:52:03.882] MenuRegistry: Registered 'Month View' in 'Tasks' menu (hotkey=M order=45)
[2025-12-13 15:52:03.897] ServiceContainer: Registered 'TimeReportScreen' (singleton=False)
[2025-12-13 15:52:03.911] MenuRegistry: Registered screen factory 'TimeReportScreen' in container (viewMode=)
[2025-12-13 15:52:03.925] MenuRegistry: Registered 'Time Report' in 'Time' menu (hotkey=R order=20)
[2025-12-13 15:52:03.940] ServiceContainer: Registered 'TaskListScreen_Overdue' (singleton=False)
[2025-12-13 15:52:03.954] MenuRegistry: Registered screen factory 'TaskListScreen_Overdue' in container (viewMode=overdue)
[2025-12-13 15:52:03.969] MenuRegistry: Registered 'Overdue' in 'Tasks' menu (hotkey=O order=30)
[2025-12-13 15:52:03.982] ServiceContainer: Registered 'TaskListScreen_Upcoming' (singleton=False)
[2025-12-13 15:52:03.995] MenuRegistry: Registered screen factory 'TaskListScreen_Upcoming' in container (viewMode=upcoming)
[2025-12-13 15:52:04.011] MenuRegistry: Registered 'Upcoming' in 'Tasks' menu (hotkey=U order=25)
[2025-12-13 15:52:04.025] ServiceContainer: Registered 'ProjectListScreen' (singleton=False)
[2025-12-13 15:52:04.039] MenuRegistry: Registered screen factory 'ProjectListScreen' in container (viewMode=)
[2025-12-13 15:52:04.053] MenuRegistry: Registered 'Project List' in 'Projects' menu (hotkey=L order=10)
[2025-12-13 15:52:04.067] ServiceContainer: Registered 'NotesMenuScreen' (singleton=False)
[2025-12-13 15:52:04.081] MenuRegistry: Registered screen factory 'NotesMenuScreen' in container (viewMode=)
[2025-12-13 15:52:04.095] MenuRegistry: Registered 'Notes' in 'Tools' menu (hotkey=N order=20)
[2025-12-13 15:52:04.109] ServiceContainer: Registered 'ChecklistTemplatesFolderScreen' (singleton=False)
[2025-12-13 15:52:04.125] MenuRegistry: Registered screen factory 'ChecklistTemplatesFolderScreen' in container (viewMode=)
[2025-12-13 15:52:04.141] MenuRegistry: Registered 'Checklist Templates' in 'Tools' menu (hotkey=H order=30)
[2025-12-13 15:52:04.160] ServiceContainer: Registered 'KanbanScreenV2' (singleton=False)
[2025-12-13 15:52:04.178] MenuRegistry: Registered screen factory 'KanbanScreenV2' in container (viewMode=)
[2025-12-13 15:52:04.195] MenuRegistry: Registered 'Kanban Board' in 'Tasks' menu (hotkey=K order=55)
[2025-12-13 15:52:04.212] ServiceContainer: Registered 'TaskListScreen_Today' (singleton=False)
[2025-12-13 15:52:04.228] MenuRegistry: Registered screen factory 'TaskListScreen_Today' in container (viewMode=today)
[2025-12-13 15:52:04.242] MenuRegistry: Registered 'Today' in 'Tasks' menu (hotkey=Y order=10)
[2025-12-13 15:52:04.258] ServiceContainer: Registered 'WeeklyTimeReportScreen' (singleton=False)
[2025-12-13 15:52:04.272] MenuRegistry: Registered screen factory 'WeeklyTimeReportScreen' in container (viewMode=)
[2025-12-13 15:52:04.288] MenuRegistry: Registered 'Weekly Report' in 'Time' menu (hotkey=W order=10)
[2025-12-13 15:52:04.302] [INFO] Menus loaded from C:\Users\jhnhe\OneDrive\Documents\GitHub\project-management-console\og_transport\HYBRID\module\Pmc.Strict\consoleui\screens\MenuItems.psd1
[2025-12-13 15:52:04.317] [INFO] Launching screen: TaskList
[2025-12-13 15:52:04.332] [INFO] Resolving TaskListScreen from container...
[2025-12-13 15:52:04.346] ServiceContainer: Resolving 'TaskListScreen'...
[2025-12-13 15:52:04.362] [INFO] Resolving TaskListScreen...
[2025-12-13 15:52:04.375] ServiceContainer: Resolving 'TaskStore'...
[2025-12-13 15:52:04.390] [INFO] Resolving TaskStore...
[2025-12-13 15:52:04.431] [DEBUG] TaskStore.LoadData: Starting
[2025-12-13 15:52:04.447] [DEBUG] TaskStore.LoadData: Calling Get-PmcData
[2025-12-13 15:52:04.764] [DEBUG] TaskStore.LoadData: Get-PmcData returned - tasks=4 projects=2 timelogs=3
[2025-12-13 15:52:04.788] [DEBUG] TaskStore.LoadData: Loaded 4 tasks
[2025-12-13 15:52:04.805] [DEBUG] TaskStore.LoadData: Loaded 2 projects
[2025-12-13 15:52:04.822] [DEBUG] TaskStore.LoadData: First project name='p1' ID1='111'
[2025-12-13 15:52:04.848] ServiceContainer: Resolved 'TaskStore' successfully
[2025-12-13 15:52:06.263] [DEBUG] PmcScreen.AddContentWidget: Adding UniversalList (Total: 1)
[2025-12-13 15:52:06.277] [DEBUG] PmcScreen.AddContentWidget: Adding FilterPanel (Total: 2)
[2025-12-13 15:52:06.304] [DEBUG] PmcScreen.AddContentWidget: Adding InlineEditor (Total: 3)
[2025-12-13 15:52:06.400] [DEBUG] TaskListScreen: Constructor started
[2025-12-13 15:52:06.491] _PopulateMenusFromRegistry: Menu 'Tools' has 4 items from registry (array)
[2025-12-13 15:52:06.524] _PopulateMenusFromRegistry: Menu 'Time' has 3 items from registry (array)
[2025-12-13 15:52:06.546] _PopulateMenusFromRegistry: Menu 'Projects' has 3 items from registry (array)
[2025-12-13 15:52:06.573] _PopulateMenusFromRegistry: Menu 'Tasks' has 11 items from registry (array)
[2025-12-13 15:52:06.591] _PopulateMenusFromRegistry: Menu 'Help' has 1 items from registry (array)
[2025-12-13 15:52:06.608] _PopulateMenusFromRegistry: Menu 'Options' has 2 items from registry (array)
[2025-12-13 15:52:06.626] [DEBUG] TaskListScreen: Constructor completed
[2025-12-13 15:52:06.644] ServiceContainer: Resolved 'TaskListScreen' successfully
[2025-12-13 15:52:06.660] [INFO] Pushing screen to app...
[2025-12-13 15:52:07.034] [DEBUG] LoadData: Got 4 tasks from Store
[2025-12-13 15:52:07.146] [DEBUG] TaskListScreen.LoadData: Setting 4 tasks
[2025-12-13 15:52:07.166] [DEBUG] UniversalList.SetData: START
[2025-12-13 15:52:07.249] [DEBUG] UniversalList.SetData: COMPLETE (4 items)
[2025-12-13 15:52:07.302] [INFO] Screen pushed successfully
[2025-12-13 15:52:07.319] [INFO] Starting event loop...
[2025-12-13 15:52:09.259] [DEBUG] UniversalList.RenderToEngine: W=100 H=23 MaxRows=17 Items=4 RegionCount=0
[2025-12-13 15:52:09.428] [DEBUG] Row 0 Col 0 ('title'): 't2' (Region: UniversalList_45f3ca80_Row_0_title)
[2025-12-13 15:52:09.450] [DEBUG] Row 0 Col 1 ('details'): 'd2' (Region: UniversalList_45f3ca80_Row_0_details)
[2025-12-13 15:52:09.476] [DEBUG] Row 0 Col 2 ('due'): 'Dec 16' (Region: UniversalList_45f3ca80_Row_0_due)
[2025-12-13 15:52:09.494] [DEBUG] Row 0 Col 3 ('project'): '' (Region: UniversalList_45f3ca80_Row_0_project)
[2025-12-13 15:52:09.512] [DEBUG] Row 0 Col 4 ('tags'): '' (Region: UniversalList_45f3ca80_Row_0_tags)
[2025-12-13 15:52:09.540] [DEBUG] PmcScreen: Calling RenderToEngine on UniversalList
[2025-12-13 15:52:09.557] [DEBUG] UniversalList.RenderToEngine: W=100 H=23 MaxRows=17 Items=4 RegionCount=17
[2025-12-13 15:52:09.615] [DEBUG] Row 0 Col 0 ('title'): 't2' (Region: UniversalList_45f3ca80_Row_0_title)
[2025-12-13 15:52:09.630] [DEBUG] Row 0 Col 1 ('details'): 'd2' (Region: UniversalList_45f3ca80_Row_0_details)
[2025-12-13 15:52:09.648] [DEBUG] Row 0 Col 2 ('due'): 'Dec 16' (Region: UniversalList_45f3ca80_Row_0_due)
[2025-12-13 15:52:09.663] [DEBUG] Row 0 Col 3 ('project'): '' (Region: UniversalList_45f3ca80_Row_0_project)
[2025-12-13 15:52:09.678] [DEBUG] Row 0 Col 4 ('tags'): '' (Region: UniversalList_45f3ca80_Row_0_tags)
[2025-12-13 15:52:09.702] [DEBUG] PmcScreen: Calling RenderToEngine on FilterPanel
[2025-12-13 15:52:09.790] [DEBUG] PmcScreen: Calling RenderToEngine on InlineEditor
[2025-12-13 15:52:09.882] [DEBUG] UniversalList.RenderToEngine: W=100 H=23 MaxRows=17 Items=4 RegionCount=17
[2025-12-13 15:52:09.930] [DEBUG] Row 0 Col 0 ('title'): 't2' (Region: UniversalList_45f3ca80_Row_0_title)
[2025-12-13 15:52:09.947] [DEBUG] Row 0 Col 1 ('details'): 'd2' (Region: UniversalList_45f3ca80_Row_0_details)
[2025-12-13 15:52:09.961] [DEBUG] Row 0 Col 2 ('due'): 'Dec 16' (Region: UniversalList_45f3ca80_Row_0_due)
[2025-12-13 15:52:09.976] [DEBUG] Row 0 Col 3 ('project'): '' (Region: UniversalList_45f3ca80_Row_0_project)
[2025-12-13 15:52:09.993] [DEBUG] Row 0 Col 4 ('tags'): '' (Region: UniversalList_45f3ca80_Row_0_tags)
[2025-12-13 15:58:10.002] [DEBUG] UniversalList.RenderToEngine: W=100 H=23 MaxRows=17 Items=4 RegionCount=17
[2025-12-13 15:58:10.098] [DEBUG] Row 0 Col 0 ('title'): 't2' (Region: UniversalList_45f3ca80_Row_0_title)
[2025-12-13 15:58:10.120] [DEBUG] Row 0 Col 1 ('details'): 'd2' (Region: UniversalList_45f3ca80_Row_0_details)
[2025-12-13 15:58:10.161] [DEBUG] Row 0 Col 2 ('due'): 'Dec 16' (Region: UniversalList_45f3ca80_Row_0_due)
[2025-12-13 15:58:10.202] [DEBUG] Row 0 Col 3 ('project'): '' (Region: UniversalList_45f3ca80_Row_0_project)
[2025-12-13 15:58:10.252] [DEBUG] Row 0 Col 4 ('tags'): '' (Region: UniversalList_45f3ca80_Row_0_tags)
[2025-12-13 15:58:10.279] [DEBUG] PmcScreen: Calling RenderToEngine on UniversalList
[2025-12-13 15:58:10.298] [DEBUG] UniversalList.RenderToEngine: W=100 H=23 MaxRows=17 Items=4 RegionCount=17
[2025-12-13 15:58:11.002] [DEBUG] Row 0 Col 0 ('title'): 't2' (Region: UniversalList_45f3ca80_Row_0_title)
[2025-12-13 15:58:11.032] [DEBUG] Row 0 Col 1 ('details'): 'd2' (Region: UniversalList_45f3ca80_Row_0_details)
[2025-12-13 15:58:11.055] [DEBUG] Row 0 Col 2 ('due'): 'Dec 16' (Region: UniversalList_45f3ca80_Row_0_due)
[2025-12-13 15:58:11.075] [DEBUG] Row 0 Col 3 ('project'): '' (Region: UniversalList_45f3ca80_Row_0_project)
[2025-12-13 15:58:11.093] [DEBUG] Row 0 Col 4 ('tags'): '' (Region: UniversalList_45f3ca80_Row_0_tags)
[2025-12-13 15:58:11.122] [DEBUG] PmcScreen: Calling RenderToEngine on FilterPanel
[2025-12-13 15:58:11.167] [DEBUG] PmcScreen: Calling RenderToEngine on InlineEditor
[2025-12-13 15:58:11.200] [DEBUG] UniversalList.RenderToEngine: W=100 H=23 MaxRows=17 Items=4 RegionCount=17
[2025-12-13 15:58:11.862] [DEBUG] Row 0 Col 0 ('title'): 't2' (Region: UniversalList_45f3ca80_Row_0_title)
[2025-12-13 15:58:11.886] [DEBUG] Row 0 Col 1 ('details'): 'd2' (Region: UniversalList_45f3ca80_Row_0_details)
[2025-12-13 15:58:11.908] [DEBUG] Row 0 Col 2 ('due'): 'Dec 16' (Region: UniversalList_45f3ca80_Row_0_due)
[2025-12-13 15:58:11.929] [DEBUG] Row 0 Col 3 ('project'): '' (Region: UniversalList_45f3ca80_Row_0_project)
[2025-12-13 15:58:11.950] [DEBUG] Row 0 Col 4 ('tags'): '' (Region: UniversalList_45f3ca80_Row_0_tags)
[2025-12-13 21:34:39.099] [DEBUG] UniversalList.RenderToEngine: W=100 H=23 MaxRows=17 Items=4 RegionCount=17
[2025-12-13 21:34:39.463] [DEBUG] Row 0 Col 0 ('title'): 't2' (Region: UniversalList_45f3ca80_Row_0_title)
[2025-12-13 21:34:39.492] [DEBUG] Row 0 Col 1 ('details'): 'd2' (Region: UniversalList_45f3ca80_Row_0_details)
[2025-12-13 21:34:39.522] [DEBUG] Row 0 Col 2 ('due'): 'Dec 16' (Region: UniversalList_45f3ca80_Row_0_due)
[2025-12-13 21:34:39.540] [DEBUG] Row 0 Col 3 ('project'): '' (Region: UniversalList_45f3ca80_Row_0_project)
[2025-12-13 21:34:39.578] [DEBUG] Row 0 Col 4 ('tags'): '' (Region: UniversalList_45f3ca80_Row_0_tags)
[2025-12-13 21:34:39.629] [DEBUG] PmcScreen: Calling RenderToEngine on UniversalList
[2025-12-13 21:34:39.646] [DEBUG] UniversalList.RenderToEngine: W=100 H=23 MaxRows=17 Items=4 RegionCount=17
[2025-12-13 21:34:39.979] [DEBUG] Row 0 Col 0 ('title'): 't2' (Region: UniversalList_45f3ca80_Row_0_title)
[2025-12-13 21:34:40.010] [DEBUG] Row 0 Col 1 ('details'): 'd2' (Region: UniversalList_45f3ca80_Row_0_details)
[2025-12-13 21:34:40.038] [DEBUG] Row 0 Col 2 ('due'): 'Dec 16' (Region: UniversalList_45f3ca80_Row_0_due)
[2025-12-13 21:34:40.060] [DEBUG] Row 0 Col 3 ('project'): '' (Region: UniversalList_45f3ca80_Row_0_project)
[2025-12-13 21:34:40.086] [DEBUG] Row 0 Col 4 ('tags'): '' (Region: UniversalList_45f3ca80_Row_0_tags)
[2025-12-13 21:34:40.112] [DEBUG] PmcScreen: Calling RenderToEngine on FilterPanel
[2025-12-13 21:34:40.164] [DEBUG] PmcScreen: Calling RenderToEngine on InlineEditor
[2025-12-13 21:34:40.210] [DEBUG] UniversalList.RenderToEngine: W=100 H=23 MaxRows=17 Items=4 RegionCount=17
[2025-12-13 21:34:40.433] [DEBUG] Row 0 Col 0 ('title'): 't2' (Region: UniversalList_45f3ca80_Row_0_title)
[2025-12-13 21:34:40.452] [DEBUG] Row 0 Col 1 ('details'): 'd2' (Region: UniversalList_45f3ca80_Row_0_details)
[2025-12-13 21:34:40.477] [DEBUG] Row 0 Col 2 ('due'): 'Dec 16' (Region: UniversalList_45f3ca80_Row_0_due)
[2025-12-13 21:34:40.498] [DEBUG] Row 0 Col 3 ('project'): '' (Region: UniversalList_45f3ca80_Row_0_project)
[2025-12-13 21:34:40.516] [DEBUG] Row 0 Col 4 ('tags'): '' (Region: UniversalList_45f3ca80_Row_0_tags)
