[2025-12-13 15:09:43.522] [INFO] Loading PMC module...
[2025-12-13 15:09:45.621] [INFO] PMC module loaded
[2025-12-13 15:09:45.623] [INFO] Loading dependencies (FieldSchemas, etc.)...
[2025-12-13 15:09:45.883] [INFO] Dependencies loaded
[2025-12-13 15:09:45.903] [INFO] Loading SpeedTUI framework...
[2025-12-13 15:09:46.718] [INFO] SpeedTUI framework loaded
[2025-12-13 15:09:46.721] [INFO] Loading PraxisVT...
[2025-12-13 15:09:46.795] [INFO] PraxisVT loaded
[2025-12-13 15:09:46.812] [INFO] Loading core dependencies...
[2025-12-13 15:09:46.920] [INFO] Core dependencies loaded
[2025-12-13 15:09:46.937] [INFO] Loading widget base classes...
[2025-12-13 15:09:47.017] [INFO] Widget base classes loaded
[2025-12-13 15:09:47.034] [INFO] Loading services...
[2025-12-13 15:09:47.250] [INFO] Services loaded
[2025-12-13 15:09:47.262] [INFO] Loading helpers...
[2025-12-13 15:09:48.328] [INFO] Helpers loaded
[2025-12-13 15:09:48.331] [INFO] Loading widgets...
[2025-12-13 15:09:48.827] [INFO] Widgets loaded
[2025-12-13 15:09:48.845] [INFO] Loading screen base class...
[2025-12-13 15:09:48.896] [INFO] Screen base class loaded
[2025-12-13 15:09:48.916] [INFO] Loading HelpViewScreen (needed by base classes)...
[2025-12-13 15:09:49.018] [INFO] HelpViewScreen loaded
[2025-12-13 15:09:49.030] [INFO] Loading base classes...
[2025-12-13 15:09:49.249] [INFO] Base classes loaded
[2025-12-13 15:09:49.270] [INFO] Loading ServiceContainer (needed by screens)...
[2025-12-13 15:09:49.334] [INFO] ServiceContainer loaded
[2025-12-13 15:09:49.358] [INFO] Loading remaining screens...
[2025-12-13 15:09:49.807] [INFO] Remaining screens loaded
[2025-12-13 15:09:49.829] [INFO] Loading PmcApplication...
[2025-12-13 15:09:49.874] [INFO] PmcApplication loaded
[2025-12-13 15:09:49.907] [INFO] All components loaded successfully
[2025-12-13 15:09:49.944] [INFO] Starting PMC TUI with screen: TaskList
[2025-12-13 15:09:49.970] [INFO] Cleared stale PmcSharedMenuBar and MenuRegistry singleton
[2025-12-13 15:09:49.992] [INFO] Creating ServiceContainer...
[2025-12-13 15:09:50.017] [INFO] ServiceContainer created
[2025-12-13 15:09:50.039] [INFO] Registering Theme service...
[2025-12-13 15:09:50.078] ServiceContainer: Registered 'Theme' (singleton=True)
[2025-12-13 15:09:50.105] [INFO] Registering ThemeManager...
[2025-12-13 15:09:50.133] ServiceContainer: Registered 'ThemeManager' (singleton=True)
[2025-12-13 15:09:50.155] [INFO] Registering Config service...
[2025-12-13 15:09:50.176] ServiceContainer: Registered 'Config' (singleton=True)
[2025-12-13 15:09:50.205] [INFO] Registering TaskStore service...
[2025-12-13 15:09:50.227] ServiceContainer: Registered 'TaskStore' (singleton=True)
[2025-12-13 15:09:50.248] [INFO] Registering MenuRegistry service...
[2025-12-13 15:09:50.279] ServiceContainer: Registered 'MenuRegistry' (singleton=True)
[2025-12-13 15:09:50.295] [INFO] Registering Application service...
[2025-12-13 15:09:50.319] ServiceContainer: Registered 'Application' (singleton=True)
[2025-12-13 15:09:50.336] [INFO] Registering CommandService...
[2025-12-13 15:09:50.363] ServiceContainer: Registered 'CommandService' (singleton=True)
[2025-12-13 15:09:50.389] [INFO] Registering ChecklistService...
[2025-12-13 15:09:50.406] ServiceContainer: Registered 'ChecklistService' (singleton=True)
[2025-12-13 15:09:50.423] [INFO] Registering NoteService...
[2025-12-13 15:09:50.443] ServiceContainer: Registered 'NoteService' (singleton=True)
[2025-12-13 15:09:50.461] [INFO] Registering ExcelMappingService...
[2025-12-13 15:09:50.480] ServiceContainer: Registered 'ExcelMappingService' (singleton=True)
[2025-12-13 15:09:50.500] [INFO] Registering PreferencesService...
[2025-12-13 15:09:50.528] ServiceContainer: Registered 'PreferencesService' (singleton=True)
[2025-12-13 15:09:50.547] [INFO] Registering screen factories...
[2025-12-13 15:09:50.584] ServiceContainer: Registered 'TaskListScreen' (singleton=False)
[2025-12-13 15:09:50.606] [INFO] Resolving Application from container...
[2025-12-13 15:09:50.643] ServiceContainer: Resolving 'Application'...
[2025-12-13 15:09:50.669] [INFO] Resolving Application...
[2025-12-13 15:09:50.686] ServiceContainer: Resolving 'Theme'...
[2025-12-13 15:09:50.778] [INFO] Resolving Theme: Calling Initialize-PmcThemeSystem...
[2025-12-13 15:09:51.052] [INFO] Theme resolved: #33aaff
[2025-12-13 15:09:51.072] [INFO] Loading PmcThemeEngine...
[2025-12-13 15:09:51.269] [DEBUG] Palette [Footer] -> #185F30 (R=24 G=95 B=48)
[2025-12-13 15:09:51.299] [DEBUG] Palette [Primary] -> #228844 (R=34 G=136 B=68)
[2025-12-13 15:09:51.317] [DEBUG] Palette [Border] -> #185F30 (R=24 G=95 B=48)
[2025-12-13 15:09:51.334] [DEBUG] Palette [Label] -> #5C8F6D (R=92 G=143 B=109)
[2025-12-13 15:09:51.352] [DEBUG] Palette [Success] -> #2CB158 (R=44 G=177 B=88)
[2025-12-13 15:09:51.374] [DEBUG] Palette [Error] -> #BE2914 (R=190 G=41 B=20)
[2025-12-13 15:09:51.390] [DEBUG] Palette [Highlight] -> #228844 (R=34 G=136 B=68)
[2025-12-13 15:09:51.408] [DEBUG] Palette [Warning] -> #7FCA14 (R=127 G=202 B=20)
[2025-12-13 15:09:51.427] [DEBUG] Palette [Cursor] -> #228844 (R=34 G=136 B=68)
[2025-12-13 15:09:51.444] [DEBUG] Palette [Muted] -> #5C8F6D (R=92 G=143 B=109)
[2025-12-13 15:09:51.466] [DEBUG] Palette [Text] -> #C2EACF (R=194 G=234 B=207)
[2025-12-13 15:09:51.485] [DEBUG] Palette [Status] -> #5C8F6D (R=92 G=143 B=109)
[2025-12-13 15:09:51.502] [DEBUG] Palette [Header] -> #228844 (R=34 G=136 B=68)
[2025-12-13 15:09:51.523] [DEBUG] Palette [Bright] -> #2CB158 (R=44 G=177 B=88)
[2025-12-13 15:09:51.553] [INFO] LoadFromConfig: Loaded Properties with 16 items
[2025-12-13 15:09:51.589] [INFO] PmcThemeEngine initialized with PMC palette (14 colors)
[2025-12-13 15:09:51.617] ServiceContainer: Resolved 'Theme' successfully
[2025-12-13 15:09:51.774] [INFO] Cleanup - showing cursor and resetting terminal
