[2025-12-13 15:28:04.068] [INFO] Loading PMC module...
[2025-12-13 15:28:06.095] [INFO] PMC module loaded
[2025-12-13 15:28:06.097] [INFO] Loading dependencies (FieldSchemas, etc.)...
[2025-12-13 15:28:06.281] [INFO] Dependencies loaded
[2025-12-13 15:28:06.298] [INFO] Loading SpeedTUI framework...
[2025-12-13 15:28:06.889] [INFO] SpeedTUI framework loaded
[2025-12-13 15:28:06.912] [INFO] Loading PraxisVT...
[2025-12-13 15:28:06.985] [INFO] PraxisVT loaded
[2025-12-13 15:28:07.000] [INFO] Loading core dependencies...
[2025-12-13 15:28:07.235] [INFO] Core dependencies loaded
[2025-12-13 15:28:07.259] [INFO] Loading widget base classes...
[2025-12-13 15:28:07.334] [INFO] Widget base classes loaded
[2025-12-13 15:28:07.346] [INFO] Loading services...
[2025-12-13 15:28:07.509] [INFO] Services loaded
[2025-12-13 15:28:07.517] [INFO] Loading helpers...
[2025-12-13 15:28:07.960] [INFO] Helpers loaded
[2025-12-13 15:28:07.970] [INFO] Loading widgets...
[2025-12-13 15:28:08.728] [INFO] Widgets loaded
[2025-12-13 15:28:08.744] [INFO] Loading screen base class...
[2025-12-13 15:28:08.816] [INFO] Screen base class loaded
[2025-12-13 15:28:08.831] [INFO] Loading HelpViewScreen (needed by base classes)...
[2025-12-13 15:28:08.874] [INFO] HelpViewScreen loaded
[2025-12-13 15:28:08.886] [INFO] Loading base classes...
[2025-12-13 15:28:09.031] [INFO] Base classes loaded
[2025-12-13 15:28:09.041] [INFO] Loading ServiceContainer (needed by screens)...
[2025-12-13 15:28:09.086] [INFO] ServiceContainer loaded
[2025-12-13 15:28:09.100] [INFO] Loading remaining screens...
[2025-12-13 15:28:09.252] [INFO] Remaining screens loaded
[2025-12-13 15:28:09.274] [INFO] Loading PmcApplication...
[2025-12-13 15:28:09.317] [INFO] PmcApplication loaded
[2025-12-13 15:28:09.355] [INFO] All components loaded successfully
[2025-12-13 15:28:09.385] [INFO] Starting PMC TUI with screen: TaskList
[2025-12-13 15:28:09.411] [INFO] Cleared stale PmcSharedMenuBar and MenuRegistry singleton
[2025-12-13 15:28:09.427] [INFO] Creating ServiceContainer...
[2025-12-13 15:28:09.453] [INFO] ServiceContainer created
[2025-12-13 15:28:09.471] [INFO] Registering Theme service...
[2025-12-13 15:28:09.499] ServiceContainer: Registered 'Theme' (singleton=True)
[2025-12-13 15:28:09.516] [INFO] Registering ThemeManager...
[2025-12-13 15:28:09.535] ServiceContainer: Registered 'ThemeManager' (singleton=True)
[2025-12-13 15:28:09.554] [INFO] Registering Config service...
[2025-12-13 15:28:09.573] ServiceContainer: Registered 'Config' (singleton=True)
[2025-12-13 15:28:09.596] [INFO] Registering TaskStore service...
[2025-12-13 15:28:09.615] ServiceContainer: Registered 'TaskStore' (singleton=True)
[2025-12-13 15:28:09.632] [INFO] Registering MenuRegistry service...
[2025-12-13 15:28:09.662] ServiceContainer: Registered 'MenuRegistry' (singleton=True)
[2025-12-13 15:28:09.690] [INFO] Registering Application service...
[2025-12-13 15:28:09.712] ServiceContainer: Registered 'Application' (singleton=True)
[2025-12-13 15:28:09.733] [INFO] Registering CommandService...
[2025-12-13 15:28:09.765] ServiceContainer: Registered 'CommandService' (singleton=True)
[2025-12-13 15:28:09.787] [INFO] Registering ChecklistService...
[2025-12-13 15:28:09.813] ServiceContainer: Registered 'ChecklistService' (singleton=True)
[2025-12-13 15:28:09.836] [INFO] Registering NoteService...
[2025-12-13 15:28:09.854] ServiceContainer: Registered 'NoteService' (singleton=True)
[2025-12-13 15:28:09.870] [INFO] Registering ExcelMappingService...
[2025-12-13 15:28:09.885] ServiceContainer: Registered 'ExcelMappingService' (singleton=True)
[2025-12-13 15:28:09.899] [INFO] Registering PreferencesService...
[2025-12-13 15:28:09.922] ServiceContainer: Registered 'PreferencesService' (singleton=True)
[2025-12-13 15:28:09.941] [INFO] Registering screen factories...
[2025-12-13 15:28:09.957] ServiceContainer: Registered 'TaskListScreen' (singleton=False)
[2025-12-13 15:28:09.974] [INFO] Resolving Application from container...
[2025-12-13 15:28:10.004] ServiceContainer: Resolving 'Application'...
[2025-12-13 15:28:10.026] [INFO] Resolving Application...
[2025-12-13 15:28:10.041] ServiceContainer: Resolving 'Theme'...
[2025-12-13 15:28:10.063] [INFO] Resolving Theme: Calling Initialize-PmcThemeSystem...
[2025-12-13 15:28:10.088] [INFO] Theme resolved: #33aaff
[2025-12-13 15:28:10.104] [INFO] Loading PmcThemeEngine...
[2025-12-13 15:28:10.272] [DEBUG] Palette [Cursor] -> #228844 (R=34 G=136 B=68)
[2025-12-13 15:28:10.292] [DEBUG] Palette [Muted] -> #5C8F6D (R=92 G=143 B=109)
[2025-12-13 15:28:10.313] [DEBUG] Palette [Error] -> #BE2914 (R=190 G=41 B=20)
[2025-12-13 15:28:10.332] [DEBUG] Palette [Border] -> #185F30 (R=24 G=95 B=48)
[2025-12-13 15:28:10.346] [DEBUG] Palette [Success] -> #2CB158 (R=44 G=177 B=88)
[2025-12-13 15:28:10.363] [DEBUG] Palette [Primary] -> #228844 (R=34 G=136 B=68)
[2025-12-13 15:28:10.385] [DEBUG] Palette [Warning] -> #7FCA14 (R=127 G=202 B=20)
[2025-12-13 15:28:10.402] [DEBUG] Palette [Label] -> #5C8F6D (R=92 G=143 B=109)
[2025-12-13 15:28:10.492] [DEBUG] Palette [Highlight] -> #228844 (R=34 G=136 B=68)
[2025-12-13 15:28:10.509] [DEBUG] Palette [Text] -> #C2EACF (R=194 G=234 B=207)
[2025-12-13 15:28:10.531] [DEBUG] Palette [Header] -> #228844 (R=34 G=136 B=68)
[2025-12-13 15:28:10.548] [DEBUG] Palette [Status] -> #5C8F6D (R=92 G=143 B=109)
[2025-12-13 15:28:10.565] [DEBUG] Palette [Footer] -> #185F30 (R=24 G=95 B=48)
[2025-12-13 15:28:10.580] [DEBUG] Palette [Bright] -> #2CB158 (R=44 G=177 B=88)
[2025-12-13 15:28:10.607] [INFO] LoadFromConfig: Loaded Properties with 16 items
[2025-12-13 15:28:10.634] [INFO] PmcThemeEngine initialized with PMC palette (14 colors)
[2025-12-13 15:28:10.656] ServiceContainer: Resolved 'Theme' successfully
[2025-12-13 15:28:10.789] ServiceContainer: Resolving 'ThemeManager'...
[2025-12-13 15:28:10.816] [INFO] Resolving ThemeManager...
[2025-12-13 15:28:11.115] ServiceContainer: Resolved 'ThemeManager' successfully
[2025-12-13 15:28:11.160] ServiceContainer: Resolved 'Application' successfully
[2025-12-13 15:28:11.185] [INFO] Application resolved and assigned to $global:PmcApp
[2025-12-13 15:28:11.203] [INFO] Loading menus from manifest...
[2025-12-13 15:28:11.225] ServiceContainer: Resolving 'MenuRegistry'...
[2025-12-13 15:28:11.246] [INFO] Resolving MenuRegistry...
[2025-12-13 15:28:11.278] ServiceContainer: Resolved 'MenuRegistry' successfully
[2025-12-13 15:28:11.316] MenuRegistry: Loaded manifest with 24 entries
[2025-12-13 15:28:11.381] ServiceContainer: Registered 'CommandLibraryScreen' (singleton=False)
[2025-12-13 15:28:11.467] MenuRegistry: Registered screen factory 'CommandLibraryScreen' in container (viewMode=)
[2025-12-13 15:28:11.504] MenuRegistry: Registered 'Command Library' in 'Tools' menu (hotkey=L order=10)
[2025-12-13 15:28:11.521] ServiceContainer: Registered 'TaskListScreen_Today' (singleton=False)
[2025-12-13 15:28:11.563] MenuRegistry: Registered screen factory 'TaskListScreen_Today' in container (viewMode=today)
[2025-12-13 15:28:11.591] MenuRegistry: Registered 'Today' in 'Tasks' menu (hotkey=Y order=10)
[2025-12-13 15:28:11.616] ServiceContainer: Registered 'TaskListScreen_Agenda' (singleton=False)
[2025-12-13 15:28:11.636] MenuRegistry: Registered screen factory 'TaskListScreen_Agenda' in container (viewMode=agenda)
[2025-12-13 15:28:11.653] MenuRegistry: Registered 'Agenda View' in 'Tasks' menu (hotkey=A order=50)
[2025-12-13 15:28:11.679] ServiceContainer: Registered 'TaskListScreen_Upcoming' (singleton=False)
[2025-12-13 15:28:11.705] MenuRegistry: Registered screen factory 'TaskListScreen_Upcoming' in container (viewMode=upcoming)
[2025-12-13 15:28:11.796] MenuRegistry: Registered 'Upcoming' in 'Tasks' menu (hotkey=U order=25)
[2025-12-13 15:28:11.881] ServiceContainer: Registered 'ChecklistsLauncherScreen' (singleton=False)
[2025-12-13 15:28:11.916] MenuRegistry: Registered screen factory 'ChecklistsLauncherScreen' in container (viewMode=)
[2025-12-13 15:28:11.961] MenuRegistry: Registered 'Checklists' in 'Tools' menu (hotkey=C order=25)
[2025-12-13 15:28:12.005] [INFO] Cleanup - showing cursor and resetting terminal
