[2025-12-13 06:20:30.351] [INFO] Loading PMC module...
[2025-12-13 06:20:31.368] [INFO] PMC module loaded
[2025-12-13 06:20:31.370] [INFO] Loading dependencies (FieldSchemas, etc.)...
[2025-12-13 06:20:31.487] [INFO] Dependencies loaded
[2025-12-13 06:20:31.500] [INFO] Loading SpeedTUI framework...
[2025-12-13 06:20:31.790] [INFO] SpeedTUI framework loaded
[2025-12-13 06:20:31.791] [INFO] Loading PraxisVT...
[2025-12-13 06:20:31.808] [INFO] PraxisVT loaded
[2025-12-13 06:20:31.818] [INFO] Loading core dependencies...
[2025-12-13 06:20:31.901] [INFO] Core dependencies loaded
[2025-12-13 06:20:31.911] [INFO] Loading widget base classes...
[2025-12-13 06:20:31.958] [INFO] Widget base classes loaded
[2025-12-13 06:20:31.968] [INFO] Loading services...
[2025-12-13 06:20:32.100] [INFO] Services loaded
[2025-12-13 06:20:32.109] [INFO] Loading helpers...
[2025-12-13 06:20:32.680] [INFO] Helpers loaded
[2025-12-13 06:20:32.689] [INFO] Loading widgets...
[2025-12-13 06:20:33.062] [INFO] Widgets loaded
[2025-12-13 06:20:33.073] [INFO] Loading screen base class...
[2025-12-13 06:20:33.101] [INFO] Screen base class loaded
[2025-12-13 06:20:33.111] [INFO] Loading HelpViewScreen (needed by base classes)...
[2025-12-13 06:20:33.140] [INFO] HelpViewScreen loaded
[2025-12-13 06:20:33.151] [INFO] Loading base classes...
[2025-12-13 06:20:33.241] [INFO] Base classes loaded
[2025-12-13 06:20:33.251] [INFO] Loading ServiceContainer (needed by screens)...
[2025-12-13 06:20:33.271] [INFO] ServiceContainer loaded
[2025-12-13 06:20:33.281] [INFO] Loading remaining screens...
[2025-12-13 06:20:33.387] [INFO] Remaining screens loaded
[2025-12-13 06:20:33.398] [INFO] Loading PmcApplication...
[2025-12-13 06:20:33.426] [INFO] PmcApplication loaded
[2025-12-13 06:20:33.440] [INFO] All components loaded successfully
[2025-12-13 06:20:33.466] [INFO] Starting PMC TUI with screen: TaskList
[2025-12-13 06:20:33.483] [INFO] Cleared stale PmcSharedMenuBar and MenuRegistry singleton
[2025-12-13 06:20:33.495] [INFO] Creating ServiceContainer...
[2025-12-13 06:20:33.513] [INFO] ServiceContainer created
[2025-12-13 06:20:33.530] [INFO] Registering Theme service...
[2025-12-13 06:20:33.550] ServiceContainer: Registered 'Theme' (singleton=True)
[2025-12-13 06:20:33.562] [INFO] Registering ThemeManager...
[2025-12-13 06:20:33.572] ServiceContainer: Registered 'ThemeManager' (singleton=True)
[2025-12-13 06:20:33.584] [INFO] Registering Config service...
[2025-12-13 06:20:33.594] ServiceContainer: Registered 'Config' (singleton=True)
[2025-12-13 06:20:33.607] [INFO] Registering TaskStore service...
[2025-12-13 06:20:33.617] ServiceContainer: Registered 'TaskStore' (singleton=True)
[2025-12-13 06:20:33.627] [INFO] Registering MenuRegistry service...
[2025-12-13 06:20:33.638] ServiceContainer: Registered 'MenuRegistry' (singleton=True)
[2025-12-13 06:20:33.648] [INFO] Registering Application service...
[2025-12-13 06:20:33.658] ServiceContainer: Registered 'Application' (singleton=True)
[2025-12-13 06:20:33.668] [INFO] Registering CommandService...
[2025-12-13 06:20:33.678] ServiceContainer: Registered 'CommandService' (singleton=True)
[2025-12-13 06:20:33.689] [INFO] Registering ChecklistService...
[2025-12-13 06:20:33.702] ServiceContainer: Registered 'ChecklistService' (singleton=True)
[2025-12-13 06:20:33.713] [INFO] Registering NoteService...
[2025-12-13 06:20:33.723] ServiceContainer: Registered 'NoteService' (singleton=True)
[2025-12-13 06:20:33.733] [INFO] Registering ExcelMappingService...
[2025-12-13 06:20:33.743] ServiceContainer: Registered 'ExcelMappingService' (singleton=True)
[2025-12-13 06:20:33.754] [INFO] Registering PreferencesService...
[2025-12-13 06:20:33.764] ServiceContainer: Registered 'PreferencesService' (singleton=True)
[2025-12-13 06:20:33.775] [INFO] Registering screen factories...
[2025-12-13 06:20:33.785] ServiceContainer: Registered 'TaskListScreen' (singleton=False)
[2025-12-13 06:20:33.795] [INFO] Resolving Application from container...
[2025-12-13 06:20:33.814] ServiceContainer: Resolving 'Application'...
[2025-12-13 06:20:33.826] [INFO] Resolving Application...
[2025-12-13 06:20:33.838] ServiceContainer: Resolving 'Theme'...
[2025-12-13 06:20:33.852] [INFO] Resolving Theme: Calling Initialize-PmcThemeSystem...
[2025-12-13 06:20:33.870] [INFO] Theme resolved: #33aaff
[2025-12-13 06:20:33.880] [INFO] Loading PmcThemeEngine...
[2025-12-13 06:20:34.003] [INFO] LoadFromConfig: Loaded Properties with 16 items
[2025-12-13 06:20:34.020] [INFO] PmcThemeEngine initialized with PMC palette (14 colors)
[2025-12-13 06:20:34.031] ServiceContainer: Resolved 'Theme' successfully
[2025-12-13 06:20:34.314] ServiceContainer: Resolving 'ThemeManager'...
[2025-12-13 06:20:34.326] [INFO] Resolving ThemeManager...
[2025-12-13 06:20:34.398] ServiceContainer: Resolved 'ThemeManager' successfully
[2025-12-13 06:20:34.414] ServiceContainer: Resolved 'Application' successfully
[2025-12-13 06:20:34.426] [INFO] Application resolved and assigned to $global:PmcApp
[2025-12-13 06:20:34.436] [INFO] Loading menus from manifest...
[2025-12-13 06:20:34.447] ServiceContainer: Resolving 'MenuRegistry'...
[2025-12-13 06:20:34.460] [INFO] Resolving MenuRegistry...
[2025-12-13 06:20:34.475] ServiceContainer: Resolved 'MenuRegistry' successfully
[2025-12-13 06:20:34.497] MenuRegistry: Loaded manifest with 24 entries
[2025-12-13 06:20:34.522] ServiceContainer: Registered 'TaskListScreen_Tomorrow' (singleton=False)
[2025-12-13 06:20:34.532] MenuRegistry: Registered screen factory 'TaskListScreen_Tomorrow' in container (viewMode=tomorrow)
[2025-12-13 06:20:34.550] MenuRegistry: Registered 'Tomorrow' in 'Tasks' menu (hotkey=T order=15)
[2025-12-13 06:20:34.561] ServiceContainer: Registered 'TaskListScreen_NextActions' (singleton=False)
[2025-12-13 06:20:34.570] MenuRegistry: Registered screen factory 'TaskListScreen_NextActions' in container (viewMode=nextactions)
[2025-12-13 06:20:34.582] MenuRegistry: Registered 'Next Actions' in 'Tasks' menu (hotkey=N order=35)
[2025-12-13 06:20:34.593] ServiceContainer: Registered 'TaskListScreen_NoDate' (singleton=False)
[2025-12-13 06:20:34.603] MenuRegistry: Registered screen factory 'TaskListScreen_NoDate' in container (viewMode=noduedate)
[2025-12-13 06:20:34.614] MenuRegistry: Registered 'No Due Date' in 'Tasks' menu (hotkey=D order=40)
[2025-12-13 06:20:34.624] ServiceContainer: Registered 'ChecklistsLauncherScreen' (singleton=False)
[2025-12-13 06:20:34.634] MenuRegistry: Registered screen factory 'ChecklistsLauncherScreen' in container (viewMode=)
[2025-12-13 06:20:34.645] MenuRegistry: Registered 'Checklists' in 'Tools' menu (hotkey=C order=25)
[2025-12-13 06:20:34.657] ServiceContainer: Registered 'TaskListScreen_Default' (singleton=False)
[2025-12-13 06:20:34.672] MenuRegistry: Registered screen factory 'TaskListScreen_Default' in container (viewMode=)
[2025-12-13 06:20:34.683] MenuRegistry: Registered 'Task List' in 'Tasks' menu (hotkey=L order=5)
[2025-12-13 06:20:34.695] ServiceContainer: Registered 'ExcelImportScreen' (singleton=False)
[2025-12-13 06:20:34.708] MenuRegistry: Registered screen factory 'ExcelImportScreen' in container (viewMode=)
[2025-12-13 06:20:34.719] MenuRegistry: Registered 'Import from Excel' in 'Projects' menu (hotkey=I order=40)
[2025-12-13 06:20:34.731] ServiceContainer: Registered 'WeeklyTimeReportScreen' (singleton=False)
[2025-12-13 06:20:34.741] MenuRegistry: Registered screen factory 'WeeklyTimeReportScreen' in container (viewMode=)
[2025-12-13 06:20:34.753] MenuRegistry: Registered 'Weekly Report' in 'Time' menu (hotkey=W order=10)
[2025-12-13 06:20:34.763] ServiceContainer: Registered 'HelpViewScreen' (singleton=False)
[2025-12-13 06:20:34.774] MenuRegistry: Registered screen factory 'HelpViewScreen' in container (viewMode=)
[2025-12-13 06:20:34.784] MenuRegistry: Registered 'Help' in 'Help' menu (hotkey=H order=10)
[2025-12-13 06:20:34.795] ServiceContainer: Registered 'TimeReportScreen' (singleton=False)
[2025-12-13 06:20:34.806] MenuRegistry: Registered screen factory 'TimeReportScreen' in container (viewMode=)
[2025-12-13 06:20:34.816] MenuRegistry: Registered 'Time Report' in 'Time' menu (hotkey=R order=20)
[2025-12-13 06:20:34.826] ServiceContainer: Registered 'NotesMenuScreen' (singleton=False)
[2025-12-13 06:20:34.837] MenuRegistry: Registered screen factory 'NotesMenuScreen' in container (viewMode=)
[2025-12-13 06:20:34.848] MenuRegistry: Registered 'Notes' in 'Tools' menu (hotkey=N order=20)
[2025-12-13 06:20:34.859] ServiceContainer: Registered 'ExcelProfileManagerScreen' (singleton=False)
[2025-12-13 06:20:34.869] MenuRegistry: Registered screen factory 'ExcelProfileManagerScreen' in container (viewMode=)
[2025-12-13 06:20:34.881] MenuRegistry: Registered 'Excel Profiles' in 'Projects' menu (hotkey=M order=50)
[2025-12-13 06:20:34.892] ServiceContainer: Registered 'TaskListScreen_Upcoming' (singleton=False)
[2025-12-13 06:20:34.903] MenuRegistry: Registered screen factory 'TaskListScreen_Upcoming' in container (viewMode=upcoming)
[2025-12-13 06:20:34.914] MenuRegistry: Registered 'Upcoming' in 'Tasks' menu (hotkey=U order=25)
[2025-12-13 06:20:34.924] ServiceContainer: Registered 'CommandLibraryScreen' (singleton=False)
[2025-12-13 06:20:34.934] MenuRegistry: Registered screen factory 'CommandLibraryScreen' in container (viewMode=)
[2025-12-13 06:20:34.944] MenuRegistry: Registered 'Command Library' in 'Tools' menu (hotkey=L order=10)
[2025-12-13 06:20:34.956] ServiceContainer: Registered 'ProjectListScreen' (singleton=False)
[2025-12-13 06:20:34.968] MenuRegistry: Registered screen factory 'ProjectListScreen' in container (viewMode=)
[2025-12-13 06:20:34.981] MenuRegistry: Registered 'Project List' in 'Projects' menu (hotkey=L order=10)
[2025-12-13 06:20:34.992] ServiceContainer: Registered 'TimeListScreen' (singleton=False)
[2025-12-13 06:20:35.003] MenuRegistry: Registered screen factory 'TimeListScreen' in container (viewMode=)
[2025-12-13 06:20:35.013] MenuRegistry: Registered 'Time Tracking' in 'Time' menu (hotkey=T order=5)
[2025-12-13 06:20:35.023] ServiceContainer: Registered 'TaskListScreen_Week' (singleton=False)
[2025-12-13 06:20:35.034] MenuRegistry: Registered screen factory 'TaskListScreen_Week' in container (viewMode=week)
[2025-12-13 06:20:35.045] MenuRegistry: Registered 'Week View' in 'Tasks' menu (hotkey=W order=20)
[2025-12-13 06:20:35.057] ServiceContainer: Registered 'SettingsScreen' (singleton=False)
[2025-12-13 06:20:35.068] MenuRegistry: Registered screen factory 'SettingsScreen' in container (viewMode=)
[2025-12-13 06:20:35.079] MenuRegistry: Registered 'Settings' in 'Options' menu (hotkey=S order=20)
[2025-12-13 06:20:35.090] ServiceContainer: Registered 'TaskListScreen_Month' (singleton=False)
[2025-12-13 06:20:35.101] MenuRegistry: Registered screen factory 'TaskListScreen_Month' in container (viewMode=month)
[2025-12-13 06:20:35.113] MenuRegistry: Registered 'Month View' in 'Tasks' menu (hotkey=M order=45)
[2025-12-13 06:20:35.123] ServiceContainer: Registered 'TaskListScreen_Agenda' (singleton=False)
[2025-12-13 06:20:35.135] MenuRegistry: Registered screen factory 'TaskListScreen_Agenda' in container (viewMode=agenda)
[2025-12-13 06:20:35.147] MenuRegistry: Registered 'Agenda View' in 'Tasks' menu (hotkey=A order=50)
[2025-12-13 06:20:35.158] ServiceContainer: Registered 'ChecklistTemplatesFolderScreen' (singleton=False)
[2025-12-13 06:20:35.168] MenuRegistry: Registered screen factory 'ChecklistTemplatesFolderScreen' in container (viewMode=)
[2025-12-13 06:20:35.179] MenuRegistry: Registered 'Checklist Templates' in 'Tools' menu (hotkey=H order=30)
[2025-12-13 06:20:35.190] ServiceContainer: Registered 'ThemeEditorScreen' (singleton=False)
[2025-12-13 06:20:35.200] MenuRegistry: Registered screen factory 'ThemeEditorScreen' in container (viewMode=)
[2025-12-13 06:20:35.214] MenuRegistry: Registered 'Theme Editor' in 'Options' menu (hotkey=T order=10)
[2025-12-13 06:20:35.227] ServiceContainer: Registered 'TaskListScreen_Overdue' (singleton=False)
[2025-12-13 06:20:35.237] MenuRegistry: Registered screen factory 'TaskListScreen_Overdue' in container (viewMode=overdue)
[2025-12-13 06:20:35.247] MenuRegistry: Registered 'Overdue' in 'Tasks' menu (hotkey=O order=30)
[2025-12-13 06:20:35.258] ServiceContainer: Registered 'TaskListScreen_Today' (singleton=False)
[2025-12-13 06:20:35.268] MenuRegistry: Registered screen factory 'TaskListScreen_Today' in container (viewMode=today)
[2025-12-13 06:20:35.280] MenuRegistry: Registered 'Today' in 'Tasks' menu (hotkey=Y order=10)
[2025-12-13 06:20:35.290] ServiceContainer: Registered 'KanbanScreenV2' (singleton=False)
[2025-12-13 06:20:35.300] MenuRegistry: Registered screen factory 'KanbanScreenV2' in container (viewMode=)
[2025-12-13 06:20:35.310] MenuRegistry: Registered 'Kanban Board' in 'Tasks' menu (hotkey=K order=55)
[2025-12-13 06:20:35.321] [INFO] Menus loaded from C:\Users\jhnhe\OneDrive\Documents\GitHub\project-management-console\og_transport\HYBRID\module\Pmc.strict\consoleui\screens\MenuItems.psd1
[2025-12-13 06:20:35.335] [INFO] Launching screen: TaskList
[2025-12-13 06:20:35.346] [INFO] Resolving TaskListScreen from container...
[2025-12-13 06:20:35.357] ServiceContainer: Resolving 'TaskListScreen'...
[2025-12-13 06:20:35.369] [INFO] Resolving TaskListScreen...
[2025-12-13 06:20:35.381] ServiceContainer: Resolving 'TaskStore'...
[2025-12-13 06:20:35.393] [INFO] Resolving TaskStore...
[2025-12-13 06:20:35.426] [DEBUG] TaskStore.LoadData: Starting
[2025-12-13 06:20:35.440] [DEBUG] TaskStore.LoadData: Calling Get-PmcData
[2025-12-13 06:20:35.651] [DEBUG] TaskStore.LoadData: Get-PmcData returned - tasks=4 projects=2 timelogs=3
[2025-12-13 06:20:35.670] [DEBUG] TaskStore.LoadData: Loaded 4 tasks
[2025-12-13 06:20:35.684] [DEBUG] TaskStore.LoadData: Loaded 2 projects
[2025-12-13 06:20:35.699] [DEBUG] TaskStore.LoadData: First project name='p1' ID1='111'
[2025-12-13 06:20:35.718] ServiceContainer: Resolved 'TaskStore' successfully
[2025-12-13 06:20:36.066] MenuRegistry: Loaded manifest with 24 entries
[2025-12-13 06:20:36.078] MenuRegistry: Registered 'Tomorrow' in 'Tasks' menu (hotkey=T order=15)
[2025-12-13 06:20:36.090] MenuRegistry: Registered 'Next Actions' in 'Tasks' menu (hotkey=N order=35)
[2025-12-13 06:20:36.101] MenuRegistry: Registered 'No Due Date' in 'Tasks' menu (hotkey=D order=40)
[2025-12-13 06:20:36.112] MenuRegistry: Registered 'Checklists' in 'Tools' menu (hotkey=C order=25)
[2025-12-13 06:20:36.124] MenuRegistry: Registered 'Task List' in 'Tasks' menu (hotkey=L order=5)
[2025-12-13 06:20:36.134] MenuRegistry: Registered 'Import from Excel' in 'Projects' menu (hotkey=I order=40)
[2025-12-13 06:20:36.146] MenuRegistry: Registered 'Weekly Report' in 'Time' menu (hotkey=W order=10)
[2025-12-13 06:20:36.159] MenuRegistry: Registered 'Help' in 'Help' menu (hotkey=H order=10)
[2025-12-13 06:20:36.171] MenuRegistry: Registered 'Time Report' in 'Time' menu (hotkey=R order=20)
[2025-12-13 06:20:36.184] MenuRegistry: Registered 'Notes' in 'Tools' menu (hotkey=N order=20)
[2025-12-13 06:20:36.198] MenuRegistry: Registered 'Excel Profiles' in 'Projects' menu (hotkey=M order=50)
[2025-12-13 06:20:36.211] MenuRegistry: Registered 'Upcoming' in 'Tasks' menu (hotkey=U order=25)
[2025-12-13 06:20:36.223] MenuRegistry: Registered 'Command Library' in 'Tools' menu (hotkey=L order=10)
[2025-12-13 06:20:36.237] MenuRegistry: Registered 'Project List' in 'Projects' menu (hotkey=L order=10)
[2025-12-13 06:20:36.251] MenuRegistry: Registered 'Time Tracking' in 'Time' menu (hotkey=T order=5)
[2025-12-13 06:20:36.264] MenuRegistry: Registered 'Week View' in 'Tasks' menu (hotkey=W order=20)
[2025-12-13 06:20:36.275] MenuRegistry: Registered 'Settings' in 'Options' menu (hotkey=S order=20)
[2025-12-13 06:20:36.287] MenuRegistry: Registered 'Month View' in 'Tasks' menu (hotkey=M order=45)
[2025-12-13 06:20:36.299] MenuRegistry: Registered 'Agenda View' in 'Tasks' menu (hotkey=A order=50)
[2025-12-13 06:20:36.312] MenuRegistry: Registered 'Checklist Templates' in 'Tools' menu (hotkey=H order=30)
[2025-12-13 06:20:36.325] MenuRegistry: Registered 'Theme Editor' in 'Options' menu (hotkey=T order=10)
[2025-12-13 06:20:36.341] MenuRegistry: Registered 'Overdue' in 'Tasks' menu (hotkey=O order=30)
[2025-12-13 06:20:36.354] MenuRegistry: Registered 'Today' in 'Tasks' menu (hotkey=Y order=10)
[2025-12-13 06:20:36.369] MenuRegistry: Registered 'Kanban Board' in 'Tasks' menu (hotkey=K order=55)
[2025-12-13 06:20:36.403] _PopulateMenusFromRegistry: Menu 'Tasks' has 11 items from registry (array)
[2025-12-13 06:20:36.426] _PopulateMenusFromRegistry: Menu 'Time' has 3 items from registry (array)
[2025-12-13 06:20:36.439] _PopulateMenusFromRegistry: Menu 'Projects' has 3 items from registry (array)
[2025-12-13 06:20:36.453] _PopulateMenusFromRegistry: Menu 'Options' has 2 items from registry (array)
[2025-12-13 06:20:36.467] _PopulateMenusFromRegistry: Menu 'Tools' has 4 items from registry (array)
[2025-12-13 06:20:36.479] _PopulateMenusFromRegistry: Menu 'Help' has 1 items from registry (array)
[2025-12-13 06:20:36.491] ServiceContainer: Resolved 'TaskListScreen' successfully
[2025-12-13 06:20:36.502] [INFO] Pushing screen to app...
[2025-12-13 06:20:36.840] [DEBUG] LoadData: Got 4 tasks from Store
[2025-12-13 06:20:36.916] [DEBUG] TaskListScreen.LoadData: Setting 4 tasks
[2025-12-13 06:20:36.933] [INFO] UniversalList.SetData: START, data param type=System.Object[]
[2025-12-13 06:20:36.944] [INFO] UniversalList.SetData: About to assign _data
[2025-12-13 06:20:36.958] [INFO] UniversalList.SetData: _data assigned successfully
[2025-12-13 06:20:36.970] [INFO] UniversalList.SetData: About to check _data type
[2025-12-13 06:20:36.984] [INFO] UniversalList.SetData: _data type=System.Object[]
[2025-12-13 06:20:36.996] [INFO] UniversalList.SetData: About to access _data.Count
[2025-12-13 06:20:37.007] [INFO] UniversalList.SetData: _data.Count=4
[2025-12-13 06:20:37.018] [INFO] UniversalList.SetData: _filteredData assigned
[2025-12-13 06:20:37.031] [INFO] UniversalList.SetData: About to clear _selectedIndices
[2025-12-13 06:20:37.044] [INFO] UniversalList.SetData: _selectedIndices cleared
[2025-12-13 06:20:37.058] [INFO] UniversalList.SetData: Received 4 items
[2025-12-13 06:20:37.080] [INFO] UniversalList.SetData: First item type=Hashtable isHashtable=True
[2025-12-13 06:20:37.094] [INFO] UniversalList.SetData: First item keys: text, completed, priority, details, status, project, modified, tags, id, due, created
[2025-12-13 06:20:37.106] [INFO] UniversalList.SetData: Incrementing cache generation
[2025-12-13 06:20:37.119] [INFO] UniversalList.SetData: Clearing row cache
[2025-12-13 06:20:37.132] [INFO] UniversalList.SetData: Clearing cache access order
[2025-12-13 06:20:37.145] [INFO] UniversalList.SetData: Applying filters
[2025-12-13 06:20:37.173] [INFO] UniversalList.SetData: Applying search
[2025-12-13 06:20:37.184] [INFO] UniversalList.SetData: Invoking OnDataChanged callback
[2025-12-13 06:20:37.203] [INFO] UniversalList.SetData: COMPLETE
[2025-12-13 06:20:37.338] [INFO] Screen pushed successfully
[2025-12-13 06:20:37.351] [INFO] Starting event loop...
[2025-12-13 06:20:37.645] [INFO] PadText: text='Task' rawLen=4 visibleLen=4 width=40 align=left
[2025-12-13 06:20:37.660] [INFO] PadText: text='Details' rawLen=7 visibleLen=7 width=28 align=left
[2025-12-13 06:20:37.673] [INFO] PadText: text='Due' rawLen=3 visibleLen=3 width=16 align=left
[2025-12-13 06:20:37.686] [INFO] PadText: text='Project' rawLen=7 visibleLen=7 width=21 align=left
[2025-12-13 06:20:37.699] [INFO] PadText: text='Tags' rawLen=4 visibleLen=4 width=23 align=left
[2025-12-13 06:20:37.744] [INFO] PadText: text='t2' rawLen=2 visibleLen=2 width=38 align=left
[2025-12-13 06:20:37.762] [INFO] PadText: text='d2' rawLen=2 visibleLen=2 width=26 align=left
[2025-12-13 06:20:37.785] [INFO] PadText: text='Dec 16' rawLen=6 visibleLen=6 width=14 align=left
[2025-12-13 06:20:37.815] [INFO] PadText: text='t3' rawLen=2 visibleLen=2 width=38 align=left
[2025-12-13 06:20:37.828] [INFO] PadText: text='Dec 18' rawLen=6 visibleLen=6 width=14 align=left
[2025-12-13 06:20:37.842] [INFO] PadText: text='p1' rawLen=2 visibleLen=2 width=19 align=left
[2025-12-13 06:20:37.865] [INFO] PadText: text='t1' rawLen=2 visibleLen=2 width=38 align=left
[2025-12-13 06:20:37.900] [INFO] PadText: text='task' rawLen=4 visibleLen=4 width=38 align=left
[2025-12-13 06:20:38.131] [INFO] PadText: text='Task' rawLen=4 visibleLen=4 width=40 align=left
[2025-12-13 06:20:38.144] [INFO] PadText: text='Details' rawLen=7 visibleLen=7 width=28 align=left
[2025-12-13 06:20:38.157] [INFO] PadText: text='Due' rawLen=3 visibleLen=3 width=16 align=left
[2025-12-13 06:20:38.169] [INFO] PadText: text='Project' rawLen=7 visibleLen=7 width=21 align=left
[2025-12-13 06:20:38.182] [INFO] PadText: text='Tags' rawLen=4 visibleLen=4 width=23 align=left
[2025-12-13 06:20:38.201] [INFO] PadText: text='t2' rawLen=2 visibleLen=2 width=38 align=left
[2025-12-13 06:20:38.215] [INFO] PadText: text='d2' rawLen=2 visibleLen=2 width=26 align=left
[2025-12-13 06:20:38.226] [INFO] PadText: text='Dec 16' rawLen=6 visibleLen=6 width=14 align=left
[2025-12-13 06:20:38.250] [INFO] PadText: text='t3' rawLen=2 visibleLen=2 width=38 align=left
[2025-12-13 06:20:38.261] [INFO] PadText: text='Dec 18' rawLen=6 visibleLen=6 width=14 align=left
[2025-12-13 06:20:38.272] [INFO] PadText: text='p1' rawLen=2 visibleLen=2 width=19 align=left
[2025-12-13 06:20:38.296] [INFO] PadText: text='t1' rawLen=2 visibleLen=2 width=38 align=left
[2025-12-13 06:20:38.317] [INFO] PadText: text='task' rawLen=4 visibleLen=4 width=38 align=left
[2025-12-13 06:20:40.447] [INFO] PadText: text='Task' rawLen=4 visibleLen=4 width=40 align=left
[2025-12-13 06:20:40.451] [INFO] PadText: text='Details' rawLen=7 visibleLen=7 width=28 align=left
[2025-12-13 06:20:40.466] [INFO] PadText: text='Due' rawLen=3 visibleLen=3 width=16 align=left
[2025-12-13 06:20:40.479] [INFO] PadText: text='Project' rawLen=7 visibleLen=7 width=21 align=left
[2025-12-13 06:20:40.492] [INFO] PadText: text='Tags' rawLen=4 visibleLen=4 width=23 align=left
[2025-12-13 06:20:40.513] [INFO] PadText: text='t2' rawLen=2 visibleLen=2 width=38 align=left
[2025-12-13 06:20:40.526] [INFO] PadText: text='d2' rawLen=2 visibleLen=2 width=26 align=left
[2025-12-13 06:20:40.551] [INFO] PadText: text='Dec 16' rawLen=6 visibleLen=6 width=14 align=left
[2025-12-13 06:20:40.601] [INFO] PadText: text='t3' rawLen=2 visibleLen=2 width=38 align=left
[2025-12-13 06:20:40.613] [INFO] PadText: text='Dec 18' rawLen=6 visibleLen=6 width=14 align=left
[2025-12-13 06:20:40.625] [INFO] PadText: text='p1' rawLen=2 visibleLen=2 width=19 align=left
[2025-12-13 06:20:40.645] [INFO] PadText: text='t1' rawLen=2 visibleLen=2 width=38 align=left
[2025-12-13 06:20:40.672] [INFO] PadText: text='task' rawLen=4 visibleLen=4 width=38 align=left
[2025-12-13 06:20:40.824] [INFO] PadText: text='Task' rawLen=4 visibleLen=4 width=40 align=left
[2025-12-13 06:20:40.839] [INFO] PadText: text='Details' rawLen=7 visibleLen=7 width=28 align=left
[2025-12-13 06:20:40.853] [INFO] PadText: text='Due' rawLen=3 visibleLen=3 width=16 align=left
[2025-12-13 06:20:40.866] [INFO] PadText: text='Project' rawLen=7 visibleLen=7 width=21 align=left
[2025-12-13 06:20:40.878] [INFO] PadText: text='Tags' rawLen=4 visibleLen=4 width=23 align=left
[2025-12-13 06:20:40.898] [INFO] PadText: text='t2' rawLen=2 visibleLen=2 width=38 align=left
[2025-12-13 06:20:40.911] [INFO] PadText: text='d2' rawLen=2 visibleLen=2 width=26 align=left
[2025-12-13 06:20:40.922] [INFO] PadText: text='Dec 16' rawLen=6 visibleLen=6 width=14 align=left
[2025-12-13 06:20:40.943] [INFO] PadText: text='t3' rawLen=2 visibleLen=2 width=38 align=left
[2025-12-13 06:20:40.956] [INFO] PadText: text='Dec 18' rawLen=6 visibleLen=6 width=14 align=left
[2025-12-13 06:20:40.969] [INFO] PadText: text='p1' rawLen=2 visibleLen=2 width=19 align=left
[2025-12-13 06:20:40.991] [INFO] PadText: text='t1' rawLen=2 visibleLen=2 width=38 align=left
[2025-12-13 06:20:41.014] [INFO] PadText: text='task' rawLen=4 visibleLen=4 width=38 align=left
[2025-12-13 06:20:43.398] [DEBUG] StandardListScreen: Routing to InlineEditor (Key=D1)
[2025-12-13 06:20:43.421] [DEBUG] StandardListScreen: After HandleInput - IsConfirmed=False IsCancelled=False ShowInlineEditor=True
[2025-12-13 06:20:43.434] [DEBUG] StandardListScreen: After close check - ShowInlineEditor=True
[2025-12-13 06:20:43.471] [INFO] PadText: text='Task' rawLen=4 visibleLen=4 width=40 align=left
[2025-12-13 06:20:43.484] [INFO] PadText: text='Details' rawLen=7 visibleLen=7 width=28 align=left
[2025-12-13 06:20:43.495] [INFO] PadText: text='Due' rawLen=3 visibleLen=3 width=16 align=left
[2025-12-13 06:20:43.506] [INFO] PadText: text='Project' rawLen=7 visibleLen=7 width=21 align=left
[2025-12-13 06:20:43.516] [INFO] PadText: text='Tags' rawLen=4 visibleLen=4 width=23 align=left
[2025-12-13 06:20:43.530] [INFO] PadText: text='t2' rawLen=2 visibleLen=2 width=38 align=left
[2025-12-13 06:20:43.541] [INFO] PadText: text='d2' rawLen=2 visibleLen=2 width=26 align=left
[2025-12-13 06:20:43.550] [INFO] PadText: text='Dec 16' rawLen=6 visibleLen=6 width=14 align=left
[2025-12-13 06:20:43.570] [INFO] PadText: text='t3' rawLen=2 visibleLen=2 width=38 align=left
[2025-12-13 06:20:43.582] [INFO] PadText: text='Dec 18' rawLen=6 visibleLen=6 width=14 align=left
[2025-12-13 06:20:43.593] [INFO] PadText: text='p1' rawLen=2 visibleLen=2 width=19 align=left
[2025-12-13 06:20:43.610] [INFO] PadText: text='t1' rawLen=2 visibleLen=2 width=38 align=left
[2025-12-13 06:20:43.626] [INFO] PadText: text='task' rawLen=4 visibleLen=4 width=38 align=left
[2025-12-13 06:20:43.723] [INFO] PadText: text='Task' rawLen=4 visibleLen=4 width=40 align=left
[2025-12-13 06:20:43.735] [INFO] PadText: text='Details' rawLen=7 visibleLen=7 width=28 align=left
[2025-12-13 06:20:43.747] [INFO] PadText: text='Due' rawLen=3 visibleLen=3 width=16 align=left
[2025-12-13 06:20:43.759] [INFO] PadText: text='Project' rawLen=7 visibleLen=7 width=21 align=left
[2025-12-13 06:20:43.770] [INFO] PadText: text='Tags' rawLen=4 visibleLen=4 width=23 align=left
[2025-12-13 06:20:43.785] [INFO] PadText: text='t2' rawLen=2 visibleLen=2 width=38 align=left
[2025-12-13 06:20:43.795] [INFO] PadText: text='d2' rawLen=2 visibleLen=2 width=26 align=left
[2025-12-13 06:20:43.806] [INFO] PadText: text='Dec 16' rawLen=6 visibleLen=6 width=14 align=left
[2025-12-13 06:20:43.822] [INFO] PadText: text='t3' rawLen=2 visibleLen=2 width=38 align=left
[2025-12-13 06:20:43.834] [INFO] PadText: text='Dec 18' rawLen=6 visibleLen=6 width=14 align=left
[2025-12-13 06:20:43.846] [INFO] PadText: text='p1' rawLen=2 visibleLen=2 width=19 align=left
[2025-12-13 06:20:43.862] [INFO] PadText: text='t1' rawLen=2 visibleLen=2 width=38 align=left
[2025-12-13 06:20:43.878] [INFO] PadText: text='task' rawLen=4 visibleLen=4 width=38 align=left
[2025-12-13 06:20:46.331] [INFO] Event loop exited normally
[2025-12-13 06:20:46.332] [INFO] Cleanup - showing cursor and resetting terminal
