[2025-12-13 06:35:28.983] [INFO] Loading PMC module...
[2025-12-13 06:35:29.955] [INFO] PMC module loaded
[2025-12-13 06:35:29.957] [INFO] Loading dependencies (FieldSchemas, etc.)...
[2025-12-13 06:35:30.051] [INFO] Dependencies loaded
[2025-12-13 06:35:30.062] [INFO] Loading SpeedTUI framework...
[2025-12-13 06:35:30.308] [INFO] SpeedTUI framework loaded
[2025-12-13 06:35:30.319] [INFO] Loading PraxisVT...
[2025-12-13 06:35:30.335] [INFO] PraxisVT loaded
[2025-12-13 06:35:30.337] [INFO] Loading core dependencies...
[2025-12-13 06:35:30.392] [INFO] Core dependencies loaded
[2025-12-13 06:35:30.401] [INFO] Loading widget base classes...
[2025-12-13 06:35:30.445] [INFO] Widget base classes loaded
[2025-12-13 06:35:30.454] [INFO] Loading services...
[2025-12-13 06:35:30.580] [INFO] Services loaded
[2025-12-13 06:35:30.589] [INFO] Loading helpers...
[2025-12-13 06:35:30.978] [INFO] Helpers loaded
[2025-12-13 06:35:30.988] [INFO] Loading widgets...
[2025-12-13 06:35:31.394] [INFO] Widgets loaded
[2025-12-13 06:35:31.404] [INFO] Loading screen base class...
[2025-12-13 06:35:31.430] [INFO] Screen base class loaded
[2025-12-13 06:35:31.439] [INFO] Loading HelpViewScreen (needed by base classes)...
[2025-12-13 06:35:31.469] [INFO] HelpViewScreen loaded
[2025-12-13 06:35:31.481] [INFO] Loading base classes...
[2025-12-13 06:35:31.566] [INFO] Base classes loaded
[2025-12-13 06:35:31.576] [INFO] Loading ServiceContainer (needed by screens)...
[2025-12-13 06:35:31.595] [INFO] ServiceContainer loaded
[2025-12-13 06:35:31.607] [INFO] Loading remaining screens...
[2025-12-13 06:35:31.701] [INFO] Remaining screens loaded
[2025-12-13 06:35:31.711] [INFO] Loading PmcApplication...
[2025-12-13 06:35:31.739] [INFO] PmcApplication loaded
[2025-12-13 06:35:31.750] [INFO] All components loaded successfully
[2025-12-13 06:35:31.769] [INFO] Starting PMC TUI with screen: TaskList
[2025-12-13 06:35:31.783] [INFO] Cleared stale PmcSharedMenuBar and MenuRegistry singleton
[2025-12-13 06:35:31.793] [INFO] Creating ServiceContainer...
[2025-12-13 06:35:31.808] [INFO] ServiceContainer created
[2025-12-13 06:35:31.825] [INFO] Registering Theme service...
[2025-12-13 06:35:31.845] ServiceContainer: Registered 'Theme' (singleton=True)
[2025-12-13 06:35:31.858] [INFO] Registering ThemeManager...
[2025-12-13 06:35:31.868] ServiceContainer: Registered 'ThemeManager' (singleton=True)
[2025-12-13 06:35:31.879] [INFO] Registering Config service...
[2025-12-13 06:35:31.889] ServiceContainer: Registered 'Config' (singleton=True)
[2025-12-13 06:35:31.899] [INFO] Registering TaskStore service...
[2025-12-13 06:35:31.909] ServiceContainer: Registered 'TaskStore' (singleton=True)
[2025-12-13 06:35:31.918] [INFO] Registering MenuRegistry service...
[2025-12-13 06:35:31.928] ServiceContainer: Registered 'MenuRegistry' (singleton=True)
[2025-12-13 06:35:31.937] [INFO] Registering Application service...
[2025-12-13 06:35:31.946] ServiceContainer: Registered 'Application' (singleton=True)
[2025-12-13 06:35:31.956] [INFO] Registering CommandService...
[2025-12-13 06:35:31.965] ServiceContainer: Registered 'CommandService' (singleton=True)
[2025-12-13 06:35:31.977] [INFO] Registering ChecklistService...
[2025-12-13 06:35:31.990] ServiceContainer: Registered 'ChecklistService' (singleton=True)
[2025-12-13 06:35:32.000] [INFO] Registering NoteService...
[2025-12-13 06:35:32.012] ServiceContainer: Registered 'NoteService' (singleton=True)
[2025-12-13 06:35:32.023] [INFO] Registering ExcelMappingService...
[2025-12-13 06:35:32.033] ServiceContainer: Registered 'ExcelMappingService' (singleton=True)
[2025-12-13 06:35:32.042] [INFO] Registering PreferencesService...
[2025-12-13 06:35:32.052] ServiceContainer: Registered 'PreferencesService' (singleton=True)
[2025-12-13 06:35:32.062] [INFO] Registering screen factories...
[2025-12-13 06:35:32.074] ServiceContainer: Registered 'TaskListScreen' (singleton=False)
[2025-12-13 06:35:32.086] [INFO] Resolving Application from container...
[2025-12-13 06:35:32.108] ServiceContainer: Resolving 'Application'...
[2025-12-13 06:35:32.121] [INFO] Resolving Application...
[2025-12-13 06:35:32.134] ServiceContainer: Resolving 'Theme'...
[2025-12-13 06:35:32.164] [INFO] Resolving Theme: Calling Initialize-PmcThemeSystem...
[2025-12-13 06:35:32.180] [INFO] Theme resolved: #33aaff
[2025-12-13 06:35:32.190] [INFO] Loading PmcThemeEngine...
[2025-12-13 06:35:32.303] [DEBUG] Palette [Status] -> #5C8F6D (R=92 G=143 B=109)
[2025-12-13 06:35:32.314] [DEBUG] Palette [Label] -> #5C8F6D (R=92 G=143 B=109)
[2025-12-13 06:35:32.324] [DEBUG] Palette [Footer] -> #185F30 (R=24 G=95 B=48)
[2025-12-13 06:35:32.334] [DEBUG] Palette [Text] -> #C2EACF (R=194 G=234 B=207)
[2025-12-13 06:35:32.344] [DEBUG] Palette [Header] -> #228844 (R=34 G=136 B=68)
[2025-12-13 06:35:32.356] [DEBUG] Palette [Primary] -> #228844 (R=34 G=136 B=68)
[2025-12-13 06:35:32.366] [DEBUG] Palette [Muted] -> #5C8F6D (R=92 G=143 B=109)
[2025-12-13 06:35:32.376] [DEBUG] Palette [Success] -> #2CB158 (R=44 G=177 B=88)
[2025-12-13 06:35:32.386] [DEBUG] Palette [Border] -> #185F30 (R=24 G=95 B=48)
[2025-12-13 06:35:32.397] [DEBUG] Palette [Bright] -> #2CB158 (R=44 G=177 B=88)
[2025-12-13 06:35:32.406] [DEBUG] Palette [Error] -> #BE2914 (R=190 G=41 B=20)
[2025-12-13 06:35:32.415] [DEBUG] Palette [Cursor] -> #228844 (R=34 G=136 B=68)
[2025-12-13 06:35:32.425] [DEBUG] Palette [Highlight] -> #228844 (R=34 G=136 B=68)
[2025-12-13 06:35:32.434] [DEBUG] Palette [Warning] -> #7FCA14 (R=127 G=202 B=20)
[2025-12-13 06:35:32.451] [INFO] LoadFromConfig: Loaded Properties with 16 items
[2025-12-13 06:35:32.468] [INFO] PmcThemeEngine initialized with PMC palette (14 colors)
[2025-12-13 06:35:32.481] ServiceContainer: Resolved 'Theme' successfully
[2025-12-13 06:35:32.757] ServiceContainer: Resolving 'ThemeManager'...
[2025-12-13 06:35:32.769] [INFO] Resolving ThemeManager...
[2025-12-13 06:35:32.837] ServiceContainer: Resolved 'ThemeManager' successfully
[2025-12-13 06:35:32.853] ServiceContainer: Resolved 'Application' successfully
[2025-12-13 06:35:32.865] [INFO] Application resolved and assigned to $global:PmcApp
[2025-12-13 06:35:32.877] [INFO] Loading menus from manifest...
[2025-12-13 06:35:32.887] ServiceContainer: Resolving 'MenuRegistry'...
[2025-12-13 06:35:32.898] [INFO] Resolving MenuRegistry...
[2025-12-13 06:35:32.912] ServiceContainer: Resolved 'MenuRegistry' successfully
[2025-12-13 06:35:32.933] MenuRegistry: Loaded manifest with 24 entries
[2025-12-13 06:35:32.964] ServiceContainer: Registered 'TaskListScreen_NoDate' (singleton=False)
[2025-12-13 06:35:32.976] MenuRegistry: Registered screen factory 'TaskListScreen_NoDate' in container (viewMode=noduedate)
[2025-12-13 06:35:32.999] MenuRegistry: Registered 'No Due Date' in 'Tasks' menu (hotkey=D order=40)
[2025-12-13 06:35:33.011] ServiceContainer: Registered 'TaskListScreen_Today' (singleton=False)
[2025-12-13 06:35:33.020] MenuRegistry: Registered screen factory 'TaskListScreen_Today' in container (viewMode=today)
[2025-12-13 06:35:33.030] MenuRegistry: Registered 'Today' in 'Tasks' menu (hotkey=Y order=10)
[2025-12-13 06:35:33.040] ServiceContainer: Registered 'ChecklistsLauncherScreen' (singleton=False)
[2025-12-13 06:35:33.050] MenuRegistry: Registered screen factory 'ChecklistsLauncherScreen' in container (viewMode=)
[2025-12-13 06:35:33.061] MenuRegistry: Registered 'Checklists' in 'Tools' menu (hotkey=C order=25)
[2025-12-13 06:35:33.071] ServiceContainer: Registered 'TaskListScreen_Upcoming' (singleton=False)
[2025-12-13 06:35:33.082] MenuRegistry: Registered screen factory 'TaskListScreen_Upcoming' in container (viewMode=upcoming)
[2025-12-13 06:35:33.093] MenuRegistry: Registered 'Upcoming' in 'Tasks' menu (hotkey=U order=25)
[2025-12-13 06:35:33.106] ServiceContainer: Registered 'ExcelProfileManagerScreen' (singleton=False)
[2025-12-13 06:35:33.120] MenuRegistry: Registered screen factory 'ExcelProfileManagerScreen' in container (viewMode=)
[2025-12-13 06:35:33.131] MenuRegistry: Registered 'Excel Profiles' in 'Projects' menu (hotkey=M order=50)
[2025-12-13 06:35:33.143] ServiceContainer: Registered 'HelpViewScreen' (singleton=False)
[2025-12-13 06:35:33.153] MenuRegistry: Registered screen factory 'HelpViewScreen' in container (viewMode=)
[2025-12-13 06:35:33.165] MenuRegistry: Registered 'Help' in 'Help' menu (hotkey=H order=10)
[2025-12-13 06:35:33.177] ServiceContainer: Registered 'ChecklistTemplatesFolderScreen' (singleton=False)
[2025-12-13 06:35:33.188] MenuRegistry: Registered screen factory 'ChecklistTemplatesFolderScreen' in container (viewMode=)
[2025-12-13 06:35:33.198] MenuRegistry: Registered 'Checklist Templates' in 'Tools' menu (hotkey=H order=30)
[2025-12-13 06:35:33.210] ServiceContainer: Registered 'NotesMenuScreen' (singleton=False)
[2025-12-13 06:35:33.220] MenuRegistry: Registered screen factory 'NotesMenuScreen' in container (viewMode=)
[2025-12-13 06:35:33.232] MenuRegistry: Registered 'Notes' in 'Tools' menu (hotkey=N order=20)
[2025-12-13 06:35:33.244] ServiceContainer: Registered 'SettingsScreen' (singleton=False)
[2025-12-13 06:35:33.253] MenuRegistry: Registered screen factory 'SettingsScreen' in container (viewMode=)
[2025-12-13 06:35:33.263] MenuRegistry: Registered 'Settings' in 'Options' menu (hotkey=S order=20)
[2025-12-13 06:35:33.274] ServiceContainer: Registered 'WeeklyTimeReportScreen' (singleton=False)
[2025-12-13 06:35:33.284] MenuRegistry: Registered screen factory 'WeeklyTimeReportScreen' in container (viewMode=)
[2025-12-13 06:35:33.293] MenuRegistry: Registered 'Weekly Report' in 'Time' menu (hotkey=W order=10)
[2025-12-13 06:35:33.304] ServiceContainer: Registered 'TaskListScreen_Agenda' (singleton=False)
[2025-12-13 06:35:33.315] MenuRegistry: Registered screen factory 'TaskListScreen_Agenda' in container (viewMode=agenda)
[2025-12-13 06:35:33.326] MenuRegistry: Registered 'Agenda View' in 'Tasks' menu (hotkey=A order=50)
[2025-12-13 06:35:33.336] ServiceContainer: Registered 'TaskListScreen_Overdue' (singleton=False)
[2025-12-13 06:35:33.347] MenuRegistry: Registered screen factory 'TaskListScreen_Overdue' in container (viewMode=overdue)
[2025-12-13 06:35:33.359] MenuRegistry: Registered 'Overdue' in 'Tasks' menu (hotkey=O order=30)
[2025-12-13 06:35:33.371] ServiceContainer: Registered 'TaskListScreen_Tomorrow' (singleton=False)
[2025-12-13 06:35:33.382] MenuRegistry: Registered screen factory 'TaskListScreen_Tomorrow' in container (viewMode=tomorrow)
[2025-12-13 06:35:33.392] MenuRegistry: Registered 'Tomorrow' in 'Tasks' menu (hotkey=T order=15)
[2025-12-13 06:35:33.403] ServiceContainer: Registered 'TimeReportScreen' (singleton=False)
[2025-12-13 06:35:33.414] MenuRegistry: Registered screen factory 'TimeReportScreen' in container (viewMode=)
[2025-12-13 06:35:33.424] MenuRegistry: Registered 'Time Report' in 'Time' menu (hotkey=R order=20)
[2025-12-13 06:35:33.435] ServiceContainer: Registered 'ProjectListScreen' (singleton=False)
[2025-12-13 06:35:33.448] MenuRegistry: Registered screen factory 'ProjectListScreen' in container (viewMode=)
[2025-12-13 06:35:33.459] MenuRegistry: Registered 'Project List' in 'Projects' menu (hotkey=L order=10)
[2025-12-13 06:35:33.469] ServiceContainer: Registered 'TaskListScreen_Week' (singleton=False)
[2025-12-13 06:35:33.482] MenuRegistry: Registered screen factory 'TaskListScreen_Week' in container (viewMode=week)
[2025-12-13 06:35:33.493] MenuRegistry: Registered 'Week View' in 'Tasks' menu (hotkey=W order=20)
[2025-12-13 06:35:33.504] ServiceContainer: Registered 'ExcelImportScreen' (singleton=False)
[2025-12-13 06:35:33.515] MenuRegistry: Registered screen factory 'ExcelImportScreen' in container (viewMode=)
[2025-12-13 06:35:33.526] MenuRegistry: Registered 'Import from Excel' in 'Projects' menu (hotkey=I order=40)
[2025-12-13 06:35:33.537] ServiceContainer: Registered 'TimeListScreen' (singleton=False)
[2025-12-13 06:35:33.546] MenuRegistry: Registered screen factory 'TimeListScreen' in container (viewMode=)
[2025-12-13 06:35:33.557] MenuRegistry: Registered 'Time Tracking' in 'Time' menu (hotkey=T order=5)
[2025-12-13 06:35:33.570] ServiceContainer: Registered 'TaskListScreen_NextActions' (singleton=False)
[2025-12-13 06:35:33.580] MenuRegistry: Registered screen factory 'TaskListScreen_NextActions' in container (viewMode=nextactions)
[2025-12-13 06:35:33.590] MenuRegistry: Registered 'Next Actions' in 'Tasks' menu (hotkey=N order=35)
[2025-12-13 06:35:33.601] ServiceContainer: Registered 'TaskListScreen_Default' (singleton=False)
[2025-12-13 06:35:33.614] MenuRegistry: Registered screen factory 'TaskListScreen_Default' in container (viewMode=)
[2025-12-13 06:35:33.625] MenuRegistry: Registered 'Task List' in 'Tasks' menu (hotkey=L order=5)
[2025-12-13 06:35:33.636] ServiceContainer: Registered 'ThemeEditorScreen' (singleton=False)
[2025-12-13 06:35:33.647] MenuRegistry: Registered screen factory 'ThemeEditorScreen' in container (viewMode=)
[2025-12-13 06:35:33.657] MenuRegistry: Registered 'Theme Editor' in 'Options' menu (hotkey=T order=10)
[2025-12-13 06:35:33.667] ServiceContainer: Registered 'TaskListScreen_Month' (singleton=False)
[2025-12-13 06:35:33.679] MenuRegistry: Registered screen factory 'TaskListScreen_Month' in container (viewMode=month)
[2025-12-13 06:35:33.690] MenuRegistry: Registered 'Month View' in 'Tasks' menu (hotkey=M order=45)
[2025-12-13 06:35:33.700] ServiceContainer: Registered 'CommandLibraryScreen' (singleton=False)
[2025-12-13 06:35:33.711] MenuRegistry: Registered screen factory 'CommandLibraryScreen' in container (viewMode=)
[2025-12-13 06:35:33.721] MenuRegistry: Registered 'Command Library' in 'Tools' menu (hotkey=L order=10)
[2025-12-13 06:35:33.733] ServiceContainer: Registered 'KanbanScreenV2' (singleton=False)
[2025-12-13 06:35:33.744] MenuRegistry: Registered screen factory 'KanbanScreenV2' in container (viewMode=)
[2025-12-13 06:35:33.756] MenuRegistry: Registered 'Kanban Board' in 'Tasks' menu (hotkey=K order=55)
[2025-12-13 06:35:33.767] [INFO] Menus loaded from C:\Users\jhnhe\OneDrive\Documents\GitHub\project-management-console\og_transport\HYBRID\module\Pmc.strict\consoleui\screens\MenuItems.psd1
[2025-12-13 06:35:33.777] [INFO] Launching screen: TaskList
[2025-12-13 06:35:33.788] [INFO] Resolving TaskListScreen from container...
[2025-12-13 06:35:33.799] ServiceContainer: Resolving 'TaskListScreen'...
[2025-12-13 06:35:33.810] [INFO] Resolving TaskListScreen...
[2025-12-13 06:35:33.821] ServiceContainer: Resolving 'TaskStore'...
[2025-12-13 06:35:33.833] [INFO] Resolving TaskStore...
[2025-12-13 06:35:33.873] [DEBUG] TaskStore.LoadData: Starting
[2025-12-13 06:35:33.886] [DEBUG] TaskStore.LoadData: Calling Get-PmcData
[2025-12-13 06:35:34.087] [DEBUG] TaskStore.LoadData: Get-PmcData returned - tasks=4 projects=2 timelogs=3
[2025-12-13 06:35:34.106] [DEBUG] TaskStore.LoadData: Loaded 4 tasks
[2025-12-13 06:35:34.122] [DEBUG] TaskStore.LoadData: Loaded 2 projects
[2025-12-13 06:35:34.137] [DEBUG] TaskStore.LoadData: First project name='p1' ID1='111'
[2025-12-13 06:35:34.154] ServiceContainer: Resolved 'TaskStore' successfully
[2025-12-13 06:35:34.494] MenuRegistry: Loaded manifest with 24 entries
[2025-12-13 06:35:34.506] MenuRegistry: Registered 'No Due Date' in 'Tasks' menu (hotkey=D order=40)
[2025-12-13 06:35:34.517] MenuRegistry: Registered 'Today' in 'Tasks' menu (hotkey=Y order=10)
[2025-12-13 06:35:34.528] MenuRegistry: Registered 'Checklists' in 'Tools' menu (hotkey=C order=25)
[2025-12-13 06:35:34.539] MenuRegistry: Registered 'Upcoming' in 'Tasks' menu (hotkey=U order=25)
[2025-12-13 06:35:34.551] MenuRegistry: Registered 'Excel Profiles' in 'Projects' menu (hotkey=M order=50)
[2025-12-13 06:35:34.562] MenuRegistry: Registered 'Help' in 'Help' menu (hotkey=H order=10)
[2025-12-13 06:35:34.574] MenuRegistry: Registered 'Checklist Templates' in 'Tools' menu (hotkey=H order=30)
[2025-12-13 06:35:34.585] MenuRegistry: Registered 'Notes' in 'Tools' menu (hotkey=N order=20)
[2025-12-13 06:35:34.596] MenuRegistry: Registered 'Settings' in 'Options' menu (hotkey=S order=20)
[2025-12-13 06:35:34.610] MenuRegistry: Registered 'Weekly Report' in 'Time' menu (hotkey=W order=10)
[2025-12-13 06:35:34.622] MenuRegistry: Registered 'Agenda View' in 'Tasks' menu (hotkey=A order=50)
[2025-12-13 06:35:34.634] MenuRegistry: Registered 'Overdue' in 'Tasks' menu (hotkey=O order=30)
[2025-12-13 06:35:34.645] MenuRegistry: Registered 'Tomorrow' in 'Tasks' menu (hotkey=T order=15)
[2025-12-13 06:35:34.661] MenuRegistry: Registered 'Time Report' in 'Time' menu (hotkey=R order=20)
[2025-12-13 06:35:34.673] MenuRegistry: Registered 'Project List' in 'Projects' menu (hotkey=L order=10)
[2025-12-13 06:35:34.683] MenuRegistry: Registered 'Week View' in 'Tasks' menu (hotkey=W order=20)
[2025-12-13 06:35:34.694] MenuRegistry: Registered 'Import from Excel' in 'Projects' menu (hotkey=I order=40)
[2025-12-13 06:35:34.705] MenuRegistry: Registered 'Time Tracking' in 'Time' menu (hotkey=T order=5)
[2025-12-13 06:35:34.716] MenuRegistry: Registered 'Next Actions' in 'Tasks' menu (hotkey=N order=35)
[2025-12-13 06:35:34.727] MenuRegistry: Registered 'Task List' in 'Tasks' menu (hotkey=L order=5)
[2025-12-13 06:35:34.739] MenuRegistry: Registered 'Theme Editor' in 'Options' menu (hotkey=T order=10)
[2025-12-13 06:35:34.750] MenuRegistry: Registered 'Month View' in 'Tasks' menu (hotkey=M order=45)
[2025-12-13 06:35:34.762] MenuRegistry: Registered 'Command Library' in 'Tools' menu (hotkey=L order=10)
[2025-12-13 06:35:34.773] MenuRegistry: Registered 'Kanban Board' in 'Tasks' menu (hotkey=K order=55)
[2025-12-13 06:35:34.795] _PopulateMenusFromRegistry: Menu 'Options' has 2 items from registry (array)
[2025-12-13 06:35:34.817] _PopulateMenusFromRegistry: Menu 'Tasks' has 11 items from registry (array)
[2025-12-13 06:35:34.830] _PopulateMenusFromRegistry: Menu 'Tools' has 4 items from registry (array)
[2025-12-13 06:35:34.842] _PopulateMenusFromRegistry: Menu 'Help' has 1 items from registry (array)
[2025-12-13 06:35:34.857] _PopulateMenusFromRegistry: Menu 'Time' has 3 items from registry (array)
[2025-12-13 06:35:34.871] _PopulateMenusFromRegistry: Menu 'Projects' has 3 items from registry (array)
[2025-12-13 06:35:34.882] ServiceContainer: Resolved 'TaskListScreen' successfully
[2025-12-13 06:35:34.893] [INFO] Pushing screen to app...
[2025-12-13 06:35:35.260] [DEBUG] LoadData: Got 4 tasks from Store
[2025-12-13 06:35:35.337] [DEBUG] TaskListScreen.LoadData: Setting 4 tasks
[2025-12-13 06:35:35.354] [INFO] UniversalList.SetData: START, data param type=System.Object[]
[2025-12-13 06:35:35.367] [INFO] UniversalList.SetData: About to assign _data
[2025-12-13 06:35:35.379] [INFO] UniversalList.SetData: _data assigned successfully
[2025-12-13 06:35:35.390] [INFO] UniversalList.SetData: About to check _data type
[2025-12-13 06:35:35.402] [INFO] UniversalList.SetData: _data type=System.Object[]
[2025-12-13 06:35:35.413] [INFO] UniversalList.SetData: About to access _data.Count
[2025-12-13 06:35:35.423] [INFO] UniversalList.SetData: _data.Count=4
[2025-12-13 06:35:35.434] [INFO] UniversalList.SetData: _filteredData assigned
[2025-12-13 06:35:35.446] [INFO] UniversalList.SetData: About to clear _selectedIndices
[2025-12-13 06:35:35.458] [INFO] UniversalList.SetData: _selectedIndices cleared
[2025-12-13 06:35:35.469] [INFO] UniversalList.SetData: Received 4 items
[2025-12-13 06:35:35.482] [INFO] UniversalList.SetData: First item type=Hashtable isHashtable=True
[2025-12-13 06:35:35.495] [INFO] UniversalList.SetData: First item keys: status, details, created, modified, project, id, completed, due, priority, text, tags
[2025-12-13 06:35:35.506] [INFO] UniversalList.SetData: Incrementing cache generation
[2025-12-13 06:35:35.518] [INFO] UniversalList.SetData: Clearing row cache
[2025-12-13 06:35:35.530] [INFO] UniversalList.SetData: Clearing cache access order
[2025-12-13 06:35:35.542] [INFO] UniversalList.SetData: Applying filters
[2025-12-13 06:35:35.568] [INFO] UniversalList.SetData: Applying search
[2025-12-13 06:35:35.579] [INFO] UniversalList.SetData: Invoking OnDataChanged callback
[2025-12-13 06:35:35.597] [INFO] UniversalList.SetData: COMPLETE
[2025-12-13 06:35:35.762] [INFO] Screen pushed successfully
[2025-12-13 06:35:35.775] [INFO] Starting event loop...
[2025-12-13 06:35:36.047] [INFO] PadText: text='Task' rawLen=4 visibleLen=4 width=40 align=left
[2025-12-13 06:35:36.062] [INFO] PadText: text='Details' rawLen=7 visibleLen=7 width=28 align=left
[2025-12-13 06:35:36.078] [INFO] PadText: text='Due' rawLen=3 visibleLen=3 width=16 align=left
[2025-12-13 06:35:36.091] [INFO] PadText: text='Project' rawLen=7 visibleLen=7 width=21 align=left
[2025-12-13 06:35:36.104] [INFO] PadText: text='Tags' rawLen=4 visibleLen=4 width=23 align=left
[2025-12-13 06:35:36.155] [INFO] PadText: text='t2' rawLen=2 visibleLen=2 width=38 align=left
[2025-12-13 06:35:36.171] [INFO] PadText: text='d2' rawLen=2 visibleLen=2 width=26 align=left
[2025-12-13 06:35:36.193] [INFO] PadText: text='Dec 16' rawLen=6 visibleLen=6 width=14 align=left
[2025-12-13 06:35:36.223] [INFO] PadText: text='t3' rawLen=2 visibleLen=2 width=38 align=left
[2025-12-13 06:35:36.237] [INFO] PadText: text='Dec 18' rawLen=6 visibleLen=6 width=14 align=left
[2025-12-13 06:35:36.250] [INFO] PadText: text='p1' rawLen=2 visibleLen=2 width=19 align=left
[2025-12-13 06:35:36.275] [INFO] PadText: text='t1' rawLen=2 visibleLen=2 width=38 align=left
[2025-12-13 06:35:36.297] [INFO] PadText: text='task' rawLen=4 visibleLen=4 width=38 align=left
[2025-12-13 06:35:36.569] [INFO] PadText: text='Task' rawLen=4 visibleLen=4 width=40 align=left
[2025-12-13 06:35:36.582] [INFO] PadText: text='Details' rawLen=7 visibleLen=7 width=28 align=left
[2025-12-13 06:35:36.595] [INFO] PadText: text='Due' rawLen=3 visibleLen=3 width=16 align=left
[2025-12-13 06:35:36.608] [INFO] PadText: text='Project' rawLen=7 visibleLen=7 width=21 align=left
[2025-12-13 06:35:36.621] [INFO] PadText: text='Tags' rawLen=4 visibleLen=4 width=23 align=left
[2025-12-13 06:35:36.639] [INFO] PadText: text='t2' rawLen=2 visibleLen=2 width=38 align=left
[2025-12-13 06:35:36.651] [INFO] PadText: text='d2' rawLen=2 visibleLen=2 width=26 align=left
[2025-12-13 06:35:36.662] [INFO] PadText: text='Dec 16' rawLen=6 visibleLen=6 width=14 align=left
[2025-12-13 06:35:36.686] [INFO] PadText: text='t3' rawLen=2 visibleLen=2 width=38 align=left
[2025-12-13 06:35:36.698] [INFO] PadText: text='Dec 18' rawLen=6 visibleLen=6 width=14 align=left
[2025-12-13 06:35:36.710] [INFO] PadText: text='p1' rawLen=2 visibleLen=2 width=19 align=left
[2025-12-13 06:35:36.730] [INFO] PadText: text='t1' rawLen=2 visibleLen=2 width=38 align=left
[2025-12-13 06:35:36.753] [INFO] PadText: text='task' rawLen=4 visibleLen=4 width=38 align=left
[2025-12-13 06:35:37.920] [INFO] PadText: text='Task' rawLen=4 visibleLen=4 width=40 align=left
[2025-12-13 06:35:37.926] [INFO] PadText: text='Details' rawLen=7 visibleLen=7 width=28 align=left
[2025-12-13 06:35:37.945] [INFO] PadText: text='Due' rawLen=3 visibleLen=3 width=16 align=left
[2025-12-13 06:35:37.970] [INFO] PadText: text='Project' rawLen=7 visibleLen=7 width=21 align=left
[2025-12-13 06:35:37.992] [INFO] PadText: text='Tags' rawLen=4 visibleLen=4 width=23 align=left
[2025-12-13 06:35:38.015] [INFO] PadText: text='t2' rawLen=2 visibleLen=2 width=38 align=left
[2025-12-13 06:35:38.028] [INFO] PadText: text='d2' rawLen=2 visibleLen=2 width=26 align=left
[2025-12-13 06:35:38.043] [INFO] PadText: text='Dec 16' rawLen=6 visibleLen=6 width=14 align=left
[2025-12-13 06:35:38.066] [INFO] PadText: text='t3' rawLen=2 visibleLen=2 width=38 align=left
[2025-12-13 06:35:38.080] [INFO] PadText: text='Dec 18' rawLen=6 visibleLen=6 width=14 align=left
[2025-12-13 06:35:38.093] [INFO] PadText: text='p1' rawLen=2 visibleLen=2 width=19 align=left
[2025-12-13 06:35:38.117] [INFO] PadText: text='t1' rawLen=2 visibleLen=2 width=38 align=left
[2025-12-13 06:35:38.141] [INFO] PadText: text='task' rawLen=4 visibleLen=4 width=38 align=left
[2025-12-13 06:35:38.304] [INFO] PadText: text='Task' rawLen=4 visibleLen=4 width=40 align=left
[2025-12-13 06:35:38.318] [INFO] PadText: text='Details' rawLen=7 visibleLen=7 width=28 align=left
[2025-12-13 06:35:38.333] [INFO] PadText: text='Due' rawLen=3 visibleLen=3 width=16 align=left
[2025-12-13 06:35:38.345] [INFO] PadText: text='Project' rawLen=7 visibleLen=7 width=21 align=left
[2025-12-13 06:35:38.360] [INFO] PadText: text='Tags' rawLen=4 visibleLen=4 width=23 align=left
[2025-12-13 06:35:38.379] [INFO] PadText: text='t2' rawLen=2 visibleLen=2 width=38 align=left
[2025-12-13 06:35:38.391] [INFO] PadText: text='d2' rawLen=2 visibleLen=2 width=26 align=left
[2025-12-13 06:35:38.401] [INFO] PadText: text='Dec 16' rawLen=6 visibleLen=6 width=14 align=left
[2025-12-13 06:35:38.421] [INFO] PadText: text='t3' rawLen=2 visibleLen=2 width=38 align=left
[2025-12-13 06:35:38.433] [INFO] PadText: text='Dec 18' rawLen=6 visibleLen=6 width=14 align=left
[2025-12-13 06:35:38.444] [INFO] PadText: text='p1' rawLen=2 visibleLen=2 width=19 align=left
[2025-12-13 06:35:38.468] [INFO] PadText: text='t1' rawLen=2 visibleLen=2 width=38 align=left
[2025-12-13 06:35:38.491] [INFO] PadText: text='task' rawLen=4 visibleLen=4 width=38 align=left
[2025-12-13 06:35:41.342] [DEBUG] StandardListScreen: Routing to InlineEditor (Key=D1)
[2025-12-13 06:35:41.370] [DEBUG] StandardListScreen: After HandleInput - IsConfirmed=False IsCancelled=False ShowInlineEditor=True
[2025-12-13 06:35:41.383] [DEBUG] StandardListScreen: After close check - ShowInlineEditor=True
[2025-12-13 06:35:41.425] [INFO] PadText: text='Task' rawLen=4 visibleLen=4 width=40 align=left
[2025-12-13 06:35:41.439] [INFO] PadText: text='Details' rawLen=7 visibleLen=7 width=28 align=left
[2025-12-13 06:35:41.451] [INFO] PadText: text='Due' rawLen=3 visibleLen=3 width=16 align=left
[2025-12-13 06:35:41.463] [INFO] PadText: text='Project' rawLen=7 visibleLen=7 width=21 align=left
[2025-12-13 06:35:41.475] [INFO] PadText: text='Tags' rawLen=4 visibleLen=4 width=23 align=left
[2025-12-13 06:35:41.497] [INFO] PadText: text='t2' rawLen=2 visibleLen=2 width=38 align=left
[2025-12-13 06:35:41.510] [INFO] PadText: text='d2' rawLen=2 visibleLen=2 width=26 align=left
[2025-12-13 06:35:41.521] [INFO] PadText: text='Dec 16' rawLen=6 visibleLen=6 width=14 align=left
[2025-12-13 06:35:41.539] [INFO] PadText: text='t3' rawLen=2 visibleLen=2 width=38 align=left
[2025-12-13 06:35:41.550] [INFO] PadText: text='Dec 18' rawLen=6 visibleLen=6 width=14 align=left
[2025-12-13 06:35:41.560] [INFO] PadText: text='p1' rawLen=2 visibleLen=2 width=19 align=left
[2025-12-13 06:35:41.578] [INFO] PadText: text='t1' rawLen=2 visibleLen=2 width=38 align=left
[2025-12-13 06:35:41.598] [INFO] PadText: text='task' rawLen=4 visibleLen=4 width=38 align=left
[2025-12-13 06:35:41.717] [INFO] PadText: text='Task' rawLen=4 visibleLen=4 width=40 align=left
[2025-12-13 06:35:41.730] [INFO] PadText: text='Details' rawLen=7 visibleLen=7 width=28 align=left
[2025-12-13 06:35:41.744] [INFO] PadText: text='Due' rawLen=3 visibleLen=3 width=16 align=left
[2025-12-13 06:35:41.757] [INFO] PadText: text='Project' rawLen=7 visibleLen=7 width=21 align=left
[2025-12-13 06:35:41.769] [INFO] PadText: text='Tags' rawLen=4 visibleLen=4 width=23 align=left
[2025-12-13 06:35:41.787] [INFO] PadText: text='t2' rawLen=2 visibleLen=2 width=38 align=left
[2025-12-13 06:35:41.798] [INFO] PadText: text='d2' rawLen=2 visibleLen=2 width=26 align=left
[2025-12-13 06:35:41.808] [INFO] PadText: text='Dec 16' rawLen=6 visibleLen=6 width=14 align=left
[2025-12-13 06:35:41.827] [INFO] PadText: text='t3' rawLen=2 visibleLen=2 width=38 align=left
[2025-12-13 06:35:41.839] [INFO] PadText: text='Dec 18' rawLen=6 visibleLen=6 width=14 align=left
[2025-12-13 06:35:41.850] [INFO] PadText: text='p1' rawLen=2 visibleLen=2 width=19 align=left
[2025-12-13 06:35:41.871] [INFO] PadText: text='t1' rawLen=2 visibleLen=2 width=38 align=left
[2025-12-13 06:35:41.890] [INFO] PadText: text='task' rawLen=4 visibleLen=4 width=38 align=left
[2025-12-13 06:35:42.118] [DEBUG] StandardListScreen: Routing to InlineEditor (Key=D1)
[2025-12-13 06:35:42.131] [DEBUG] StandardListScreen: After HandleInput - IsConfirmed=False IsCancelled=False ShowInlineEditor=True
[2025-12-13 06:35:42.141] [DEBUG] StandardListScreen: After close check - ShowInlineEditor=True
[2025-12-13 06:35:42.217] [INFO] PadText: text='Task' rawLen=4 visibleLen=4 width=40 align=left
[2025-12-13 06:35:42.229] [INFO] PadText: text='Details' rawLen=7 visibleLen=7 width=28 align=left
[2025-12-13 06:35:42.242] [INFO] PadText: text='Due' rawLen=3 visibleLen=3 width=16 align=left
[2025-12-13 06:35:42.254] [INFO] PadText: text='Project' rawLen=7 visibleLen=7 width=21 align=left
[2025-12-13 06:35:42.265] [INFO] PadText: text='Tags' rawLen=4 visibleLen=4 width=23 align=left
[2025-12-13 06:35:42.281] [INFO] PadText: text='t2' rawLen=2 visibleLen=2 width=38 align=left
[2025-12-13 06:35:42.292] [INFO] PadText: text='d2' rawLen=2 visibleLen=2 width=26 align=left
[2025-12-13 06:35:42.302] [INFO] PadText: text='Dec 16' rawLen=6 visibleLen=6 width=14 align=left
[2025-12-13 06:35:42.318] [INFO] PadText: text='t3' rawLen=2 visibleLen=2 width=38 align=left
[2025-12-13 06:35:42.328] [INFO] PadText: text='Dec 18' rawLen=6 visibleLen=6 width=14 align=left
[2025-12-13 06:35:42.339] [INFO] PadText: text='p1' rawLen=2 visibleLen=2 width=19 align=left
[2025-12-13 06:35:42.356] [INFO] PadText: text='t1' rawLen=2 visibleLen=2 width=38 align=left
[2025-12-13 06:35:42.375] [INFO] PadText: text='task' rawLen=4 visibleLen=4 width=38 align=left
[2025-12-13 06:35:42.467] [INFO] PadText: text='Task' rawLen=4 visibleLen=4 width=40 align=left
[2025-12-13 06:35:42.479] [INFO] PadText: text='Details' rawLen=7 visibleLen=7 width=28 align=left
[2025-12-13 06:35:42.492] [INFO] PadText: text='Due' rawLen=3 visibleLen=3 width=16 align=left
[2025-12-13 06:35:42.505] [INFO] PadText: text='Project' rawLen=7 visibleLen=7 width=21 align=left
[2025-12-13 06:35:42.516] [INFO] PadText: text='Tags' rawLen=4 visibleLen=4 width=23 align=left
[2025-12-13 06:35:42.531] [INFO] PadText: text='t2' rawLen=2 visibleLen=2 width=38 align=left
[2025-12-13 06:35:42.542] [INFO] PadText: text='d2' rawLen=2 visibleLen=2 width=26 align=left
[2025-12-13 06:35:42.552] [INFO] PadText: text='Dec 16' rawLen=6 visibleLen=6 width=14 align=left
[2025-12-13 06:35:42.567] [INFO] PadText: text='t3' rawLen=2 visibleLen=2 width=38 align=left
[2025-12-13 06:35:42.578] [INFO] PadText: text='Dec 18' rawLen=6 visibleLen=6 width=14 align=left
[2025-12-13 06:35:42.588] [INFO] PadText: text='p1' rawLen=2 visibleLen=2 width=19 align=left
[2025-12-13 06:35:42.604] [INFO] PadText: text='t1' rawLen=2 visibleLen=2 width=38 align=left
[2025-12-13 06:35:42.623] [INFO] PadText: text='task' rawLen=4 visibleLen=4 width=38 align=left
[2025-12-13 06:35:43.436] [INFO] Event loop exited normally
[2025-12-13 06:35:43.448] [INFO] Cleanup - showing cursor and resetting terminal
