[2025-12-13 20:47:35.646] [INFO] Loading PMC module...
[2025-12-13 20:47:37.770] [INFO] PMC module loaded
[2025-12-13 20:47:37.772] [INFO] Loading dependencies (FieldSchemas, etc.)...
[2025-12-13 20:47:37.976] [INFO] Dependencies loaded
[2025-12-13 20:47:37.990] [INFO] Loading SpeedTUI framework...
[2025-12-13 20:47:38.595] [INFO] SpeedTUI framework loaded
[2025-12-13 20:47:38.613] [INFO] Loading PraxisVT...
[2025-12-13 20:47:38.638] [INFO] PraxisVT loaded
[2025-12-13 20:47:38.654] [INFO] Loading core dependencies...
[2025-12-13 20:47:38.777] [INFO] Core dependencies loaded
[2025-12-13 20:47:38.859] [INFO] Loading widget base classes...
[2025-12-13 20:47:39.002] [INFO] Widget base classes loaded
[2025-12-13 20:47:39.025] [INFO] Loading services...
[2025-12-13 20:47:39.305] [INFO] Services loaded
[2025-12-13 20:47:39.324] [INFO] Loading helpers...
[2025-12-13 20:47:40.429] [INFO] Helpers loaded
[2025-12-13 20:47:40.453] [INFO] Loading widgets...
[2025-12-13 20:47:41.179] [INFO] Widgets loaded
[2025-12-13 20:47:41.181] [INFO] Loading screen base class...
[2025-12-13 20:47:41.224] [INFO] Screen base class loaded
[2025-12-13 20:47:41.240] [INFO] Loading HelpViewScreen (needed by base classes)...
[2025-12-13 20:47:41.292] [INFO] HelpViewScreen loaded
[2025-12-13 20:47:41.310] [INFO] Loading base classes...
[2025-12-13 20:47:41.508] [INFO] Base classes loaded
[2025-12-13 20:47:41.525] [INFO] Loading ServiceContainer (needed by screens)...
[2025-12-13 20:47:41.568] [INFO] ServiceContainer loaded
[2025-12-13 20:47:41.590] [INFO] Loading remaining screens...
[2025-12-13 20:47:41.782] [INFO] Remaining screens loaded
[2025-12-13 20:47:41.799] [INFO] Loading PmcApplication...
[2025-12-13 20:47:41.842] [INFO] PmcApplication loaded
[2025-12-13 20:47:41.859] [INFO] All components loaded successfully
[2025-12-13 20:47:41.892] [INFO] Starting PMC TUI with screen: TaskList
[2025-12-13 20:47:41.915] [INFO] Cleared stale PmcSharedMenuBar and MenuRegistry singleton
[2025-12-13 20:47:41.935] [INFO] Creating ServiceContainer...
[2025-12-13 20:47:41.953] [INFO] ServiceContainer created
[2025-12-13 20:47:41.967] [INFO] Registering Theme service...
[2025-12-13 20:47:41.996] ServiceContainer: Registered 'Theme' (singleton=True)
[2025-12-13 20:47:42.019] [INFO] Registering ThemeManager...
[2025-12-13 20:47:42.037] ServiceContainer: Registered 'ThemeManager' (singleton=True)
[2025-12-13 20:47:42.068] [INFO] Registering Config service...
[2025-12-13 20:47:42.086] ServiceContainer: Registered 'Config' (singleton=True)
[2025-12-13 20:47:42.111] [INFO] Registering TaskStore service...
[2025-12-13 20:47:42.140] ServiceContainer: Registered 'TaskStore' (singleton=True)
[2025-12-13 20:47:42.164] [INFO] Registering MenuRegistry service...
[2025-12-13 20:47:42.186] ServiceContainer: Registered 'MenuRegistry' (singleton=True)
[2025-12-13 20:47:42.202] [INFO] Registering Application service...
[2025-12-13 20:47:42.219] ServiceContainer: Registered 'Application' (singleton=True)
[2025-12-13 20:47:42.240] [INFO] Registering CommandService...
[2025-12-13 20:47:42.261] ServiceContainer: Registered 'CommandService' (singleton=True)
[2025-12-13 20:47:42.292] [INFO] Registering ChecklistService...
[2025-12-13 20:47:42.313] ServiceContainer: Registered 'ChecklistService' (singleton=True)
[2025-12-13 20:47:42.331] [INFO] Registering NoteService...
[2025-12-13 20:47:42.356] ServiceContainer: Registered 'NoteService' (singleton=True)
[2025-12-13 20:47:42.380] [INFO] Registering ExcelMappingService...
[2025-12-13 20:47:42.402] ServiceContainer: Registered 'ExcelMappingService' (singleton=True)
[2025-12-13 20:47:42.434] [INFO] Registering PreferencesService...
[2025-12-13 20:47:42.478] ServiceContainer: Registered 'PreferencesService' (singleton=True)
[2025-12-13 20:47:42.519] [INFO] Registering screen factories...
[2025-12-13 20:47:42.562] ServiceContainer: Registered 'TaskListScreen' (singleton=False)
[2025-12-13 20:47:42.583] [INFO] Resolving Application from container...
[2025-12-13 20:47:42.627] ServiceContainer: Resolving 'Application'...
[2025-12-13 20:47:42.658] [INFO] Resolving Application...
[2025-12-13 20:47:42.679] ServiceContainer: Resolving 'Theme'...
[2025-12-13 20:47:42.720] [INFO] Resolving Theme: Calling Initialize-PmcThemeSystem...
[2025-12-13 20:47:42.760] [INFO] Theme resolved: #33aaff
[2025-12-13 20:47:42.780] [INFO] Loading PmcThemeEngine...
[2025-12-13 20:47:42.969] [DEBUG] Palette [Footer] -> #185F30 (R=24 G=95 B=48)
[2025-12-13 20:47:42.983] [DEBUG] Palette [Bright] -> #2CB158 (R=44 G=177 B=88)
[2025-12-13 20:47:43.007] [DEBUG] Palette [Error] -> #BE2914 (R=190 G=41 B=20)
[2025-12-13 20:47:43.030] [DEBUG] Palette [Success] -> #2CB158 (R=44 G=177 B=88)
[2025-12-13 20:47:43.052] [DEBUG] Palette [Cursor] -> #228844 (R=34 G=136 B=68)
[2025-12-13 20:47:43.076] [DEBUG] Palette [Text] -> #C2EACF (R=194 G=234 B=207)
[2025-12-13 20:47:43.097] [DEBUG] Palette [Muted] -> #5C8F6D (R=92 G=143 B=109)
[2025-12-13 20:47:43.126] [DEBUG] Palette [Header] -> #228844 (R=34 G=136 B=68)
[2025-12-13 20:47:43.158] [DEBUG] Palette [Status] -> #5C8F6D (R=92 G=143 B=109)
[2025-12-13 20:47:43.184] [DEBUG] Palette [Label] -> #5C8F6D (R=92 G=143 B=109)
[2025-12-13 20:47:43.213] [DEBUG] Palette [Primary] -> #228844 (R=34 G=136 B=68)
[2025-12-13 20:47:43.239] [DEBUG] Palette [Border] -> #185F30 (R=24 G=95 B=48)
[2025-12-13 20:47:43.253] [DEBUG] Palette [Highlight] -> #228844 (R=34 G=136 B=68)
[2025-12-13 20:47:43.275] [DEBUG] Palette [Warning] -> #7FCA14 (R=127 G=202 B=20)
[2025-12-13 20:47:43.309] [INFO] LoadFromConfig: Loaded Properties with 16 items
[2025-12-13 20:47:43.340] [INFO] PmcThemeEngine initialized with PMC palette (14 colors)
[2025-12-13 20:47:43.356] ServiceContainer: Resolved 'Theme' successfully
[2025-12-13 20:47:43.604] ServiceContainer: Resolving 'ThemeManager'...
[2025-12-13 20:47:43.650] [INFO] Resolving ThemeManager...
[2025-12-13 20:47:43.906] ServiceContainer: Resolved 'ThemeManager' successfully
[2025-12-13 20:47:43.939] ServiceContainer: Resolved 'Application' successfully
[2025-12-13 20:47:43.959] [INFO] Application resolved and assigned to $global:PmcApp
[2025-12-13 20:47:43.979] [INFO] Loading menus from manifest...
[2025-12-13 20:47:44.004] ServiceContainer: Resolving 'MenuRegistry'...
[2025-12-13 20:47:44.027] [INFO] Resolving MenuRegistry...
[2025-12-13 20:47:44.063] ServiceContainer: Resolved 'MenuRegistry' successfully
[2025-12-13 20:47:44.115] MenuRegistry: Loaded manifest with 24 entries
[2025-12-13 20:47:44.178] ServiceContainer: Registered 'TimeListScreen' (singleton=False)
[2025-12-13 20:47:44.198] MenuRegistry: Registered screen factory 'TimeListScreen' in container (viewMode=)
[2025-12-13 20:47:44.242] MenuRegistry: Registered 'Time Tracking' in 'Time' menu (hotkey=T order=5)
[2025-12-13 20:47:44.265] ServiceContainer: Registered 'ChecklistsLauncherScreen' (singleton=False)
[2025-12-13 20:47:44.284] MenuRegistry: Registered screen factory 'ChecklistsLauncherScreen' in container (viewMode=)
[2025-12-13 20:47:44.301] MenuRegistry: Registered 'Checklists' in 'Tools' menu (hotkey=C order=25)
[2025-12-13 20:47:44.325] ServiceContainer: Registered 'TimeReportScreen' (singleton=False)
[2025-12-13 20:47:44.345] MenuRegistry: Registered screen factory 'TimeReportScreen' in container (viewMode=)
[2025-12-13 20:47:44.359] MenuRegistry: Registered 'Time Report' in 'Time' menu (hotkey=R order=20)
[2025-12-13 20:47:44.375] ServiceContainer: Registered 'ThemeEditorScreen' (singleton=False)
[2025-12-13 20:47:44.395] MenuRegistry: Registered screen factory 'ThemeEditorScreen' in container (viewMode=)
[2025-12-13 20:47:44.417] MenuRegistry: Registered 'Theme Editor' in 'Options' menu (hotkey=T order=10)
[2025-12-13 20:47:44.436] ServiceContainer: Registered 'ExcelImportScreen' (singleton=False)
[2025-12-13 20:47:44.452] MenuRegistry: Registered screen factory 'ExcelImportScreen' in container (viewMode=)
[2025-12-13 20:47:44.482] MenuRegistry: Registered 'Import from Excel' in 'Projects' menu (hotkey=I order=40)
[2025-12-13 20:47:44.505] ServiceContainer: Registered 'TaskListScreen_Week' (singleton=False)
[2025-12-13 20:47:44.529] MenuRegistry: Registered screen factory 'TaskListScreen_Week' in container (viewMode=week)
[2025-12-13 20:47:44.552] MenuRegistry: Registered 'Week View' in 'Tasks' menu (hotkey=W order=20)
[2025-12-13 20:47:44.580] ServiceContainer: Registered 'SettingsScreen' (singleton=False)
[2025-12-13 20:47:44.595] MenuRegistry: Registered screen factory 'SettingsScreen' in container (viewMode=)
[2025-12-13 20:47:44.615] MenuRegistry: Registered 'Settings' in 'Options' menu (hotkey=S order=20)
[2025-12-13 20:47:44.638] ServiceContainer: Registered 'TaskListScreen_Month' (singleton=False)
[2025-12-13 20:47:44.655] MenuRegistry: Registered screen factory 'TaskListScreen_Month' in container (viewMode=month)
[2025-12-13 20:47:44.672] MenuRegistry: Registered 'Month View' in 'Tasks' menu (hotkey=M order=45)
[2025-12-13 20:47:44.698] ServiceContainer: Registered 'TaskListScreen_NextActions' (singleton=False)
[2025-12-13 20:47:44.719] MenuRegistry: Registered screen factory 'TaskListScreen_NextActions' in container (viewMode=nextactions)
[2025-12-13 20:47:44.735] MenuRegistry: Registered 'Next Actions' in 'Tasks' menu (hotkey=N order=35)
[2025-12-13 20:47:44.752] ServiceContainer: Registered 'ProjectListScreen' (singleton=False)
[2025-12-13 20:47:44.768] MenuRegistry: Registered screen factory 'ProjectListScreen' in container (viewMode=)
[2025-12-13 20:47:44.784] MenuRegistry: Registered 'Project List' in 'Projects' menu (hotkey=L order=10)
[2025-12-13 20:47:44.802] ServiceContainer: Registered 'HelpViewScreen' (singleton=False)
[2025-12-13 20:47:44.817] MenuRegistry: Registered screen factory 'HelpViewScreen' in container (viewMode=)
[2025-12-13 20:47:44.833] MenuRegistry: Registered 'Help' in 'Help' menu (hotkey=H order=10)
[2025-12-13 20:47:44.850] ServiceContainer: Registered 'TaskListScreen_Default' (singleton=False)
[2025-12-13 20:47:44.867] MenuRegistry: Registered screen factory 'TaskListScreen_Default' in container (viewMode=)
[2025-12-13 20:47:44.885] MenuRegistry: Registered 'Task List' in 'Tasks' menu (hotkey=L order=5)
[2025-12-13 20:47:44.909] ServiceContainer: Registered 'TaskListScreen_Overdue' (singleton=False)
[2025-12-13 20:47:44.934] MenuRegistry: Registered screen factory 'TaskListScreen_Overdue' in container (viewMode=overdue)
[2025-12-13 20:47:44.956] MenuRegistry: Registered 'Overdue' in 'Tasks' menu (hotkey=O order=30)
[2025-12-13 20:47:44.985] ServiceContainer: Registered 'CommandLibraryScreen' (singleton=False)
[2025-12-13 20:47:45.004] MenuRegistry: Registered screen factory 'CommandLibraryScreen' in container (viewMode=)
[2025-12-13 20:47:45.026] MenuRegistry: Registered 'Command Library' in 'Tools' menu (hotkey=L order=10)
[2025-12-13 20:47:45.055] ServiceContainer: Registered 'KanbanScreenV2' (singleton=False)
[2025-12-13 20:47:45.075] MenuRegistry: Registered screen factory 'KanbanScreenV2' in container (viewMode=)
[2025-12-13 20:47:45.095] MenuRegistry: Registered 'Kanban Board' in 'Tasks' menu (hotkey=K order=55)
[2025-12-13 20:47:45.114] ServiceContainer: Registered 'NotesMenuScreen' (singleton=False)
[2025-12-13 20:47:45.138] MenuRegistry: Registered screen factory 'NotesMenuScreen' in container (viewMode=)
[2025-12-13 20:47:45.164] MenuRegistry: Registered 'Notes' in 'Tools' menu (hotkey=N order=20)
[2025-12-13 20:47:45.198] ServiceContainer: Registered 'ChecklistTemplatesFolderScreen' (singleton=False)
[2025-12-13 20:47:45.234] MenuRegistry: Registered screen factory 'ChecklistTemplatesFolderScreen' in container (viewMode=)
[2025-12-13 20:47:45.282] MenuRegistry: Registered 'Checklist Templates' in 'Tools' menu (hotkey=H order=30)
[2025-12-13 20:47:45.315] ServiceContainer: Registered 'TaskListScreen_Upcoming' (singleton=False)
[2025-12-13 20:47:45.344] MenuRegistry: Registered screen factory 'TaskListScreen_Upcoming' in container (viewMode=upcoming)
[2025-12-13 20:47:45.362] MenuRegistry: Registered 'Upcoming' in 'Tasks' menu (hotkey=U order=25)
[2025-12-13 20:47:45.382] ServiceContainer: Registered 'TaskListScreen_Today' (singleton=False)
[2025-12-13 20:47:45.401] MenuRegistry: Registered screen factory 'TaskListScreen_Today' in container (viewMode=today)
[2025-12-13 20:47:45.420] MenuRegistry: Registered 'Today' in 'Tasks' menu (hotkey=Y order=10)
[2025-12-13 20:47:45.445] ServiceContainer: Registered 'ExcelProfileManagerScreen' (singleton=False)
[2025-12-13 20:47:45.469] MenuRegistry: Registered screen factory 'ExcelProfileManagerScreen' in container (viewMode=)
[2025-12-13 20:47:45.498] MenuRegistry: Registered 'Excel Profiles' in 'Projects' menu (hotkey=M order=50)
[2025-12-13 20:47:45.519] ServiceContainer: Registered 'TaskListScreen_NoDate' (singleton=False)
[2025-12-13 20:47:45.549] MenuRegistry: Registered screen factory 'TaskListScreen_NoDate' in container (viewMode=noduedate)
[2025-12-13 20:47:45.571] MenuRegistry: Registered 'No Due Date' in 'Tasks' menu (hotkey=D order=40)
[2025-12-13 20:47:45.601] ServiceContainer: Registered 'TaskListScreen_Tomorrow' (singleton=False)
[2025-12-13 20:47:45.622] MenuRegistry: Registered screen factory 'TaskListScreen_Tomorrow' in container (viewMode=tomorrow)
[2025-12-13 20:47:45.643] MenuRegistry: Registered 'Tomorrow' in 'Tasks' menu (hotkey=T order=15)
[2025-12-13 20:47:45.663] ServiceContainer: Registered 'WeeklyTimeReportScreen' (singleton=False)
[2025-12-13 20:47:45.684] MenuRegistry: Registered screen factory 'WeeklyTimeReportScreen' in container (viewMode=)
[2025-12-13 20:47:45.701] MenuRegistry: Registered 'Weekly Report' in 'Time' menu (hotkey=W order=10)
[2025-12-13 20:47:45.720] ServiceContainer: Registered 'TaskListScreen_Agenda' (singleton=False)
[2025-12-13 20:47:45.748] MenuRegistry: Registered screen factory 'TaskListScreen_Agenda' in container (viewMode=agenda)
[2025-12-13 20:47:45.771] MenuRegistry: Registered 'Agenda View' in 'Tasks' menu (hotkey=A order=50)
[2025-12-13 20:47:45.799] [INFO] Menus loaded from C:\Users\jhnhe\OneDrive\Documents\GitHub\project-management-console\og_transport\HYBRID\module\Pmc.Strict\consoleui\screens\MenuItems.psd1
[2025-12-13 20:47:45.826] [INFO] Launching screen: TaskList
[2025-12-13 20:47:45.858] [INFO] Resolving TaskListScreen from container...
[2025-12-13 20:47:45.885] ServiceContainer: Resolving 'TaskListScreen'...
[2025-12-13 20:47:45.912] [INFO] Resolving TaskListScreen...
[2025-12-13 20:47:45.937] ServiceContainer: Resolving 'TaskStore'...
[2025-12-13 20:47:45.960] [INFO] Resolving TaskStore...
[2025-12-13 20:47:46.063] [DEBUG] TaskStore.LoadData: Starting
[2025-12-13 20:47:46.097] [DEBUG] TaskStore.LoadData: Calling Get-PmcData
[2025-12-13 20:47:46.549] [DEBUG] TaskStore.LoadData: Get-PmcData returned - tasks=4 projects=2 timelogs=3
[2025-12-13 20:47:46.584] [DEBUG] TaskStore.LoadData: Loaded 4 tasks
[2025-12-13 20:47:46.604] [DEBUG] TaskStore.LoadData: Loaded 2 projects
[2025-12-13 20:47:46.683] [DEBUG] TaskStore.LoadData: First project name='p1' ID1='111'
[2025-12-13 20:47:46.731] ServiceContainer: Resolved 'TaskStore' successfully
[2025-12-13 20:47:47.499] [DEBUG] PmcScreen.AddContentWidget: Adding UniversalList (Total: 1)
[2025-12-13 20:47:47.530] [DEBUG] PmcScreen.AddContentWidget: Adding FilterPanel (Total: 2)
[2025-12-13 20:47:47.561] [DEBUG] PmcScreen.AddContentWidget: Adding InlineEditor (Total: 3)
[2025-12-13 20:47:47.628] [DEBUG] TaskListScreen: Constructor started
[2025-12-13 20:47:47.699] _PopulateMenusFromRegistry: Menu 'Help' has 1 items from registry (array)
[2025-12-13 20:47:47.734] _PopulateMenusFromRegistry: Menu 'Tools' has 4 items from registry (array)
[2025-12-13 20:47:47.762] _PopulateMenusFromRegistry: Menu 'Projects' has 3 items from registry (array)
[2025-12-13 20:47:47.791] _PopulateMenusFromRegistry: Menu 'Tasks' has 11 items from registry (array)
[2025-12-13 20:47:47.812] _PopulateMenusFromRegistry: Menu 'Time' has 3 items from registry (array)
[2025-12-13 20:47:47.828] _PopulateMenusFromRegistry: Menu 'Options' has 2 items from registry (array)
[2025-12-13 20:47:47.844] [DEBUG] TaskListScreen: Constructor completed
[2025-12-13 20:47:47.862] ServiceContainer: Resolved 'TaskListScreen' successfully
[2025-12-13 20:47:47.876] [INFO] Pushing screen to app...
[2025-12-13 20:47:48.561] [DEBUG] LoadData: Got 4 tasks from Store
[2025-12-13 20:47:48.706] [DEBUG] TaskListScreen.LoadData: Setting 4 tasks
[2025-12-13 20:47:48.730] [DEBUG] UniversalList.SetData: START
[2025-12-13 20:47:48.853] [DEBUG] UniversalList.SetData: COMPLETE (4 items)
[2025-12-13 20:47:48.973] [INFO] Screen pushed successfully
[2025-12-13 20:47:48.995] [INFO] Starting event loop...
[2025-12-13 20:47:49.672] [DEBUG] PmcScreen: Calling RenderToEngine on UniversalList
[2025-12-13 20:47:49.733] [DEBUG] PmcScreen: Calling RenderToEngine on FilterPanel
[2025-12-13 20:47:49.841] [DEBUG] PmcScreen: Calling RenderToEngine on InlineEditor
[2025-12-13 20:47:56.327] [DEBUG] PmcScreen: Calling RenderToEngine on UniversalList
[2025-12-13 20:47:56.346] [DEBUG] PmcScreen: Calling RenderToEngine on FilterPanel
[2025-12-13 20:47:56.379] [DEBUG] PmcScreen: Calling RenderToEngine on InlineEditor
