[2025-12-13 15:01:54.074] [INFO] Loading PMC module...
[2025-12-13 15:01:55.589] [INFO] PMC module loaded
[2025-12-13 15:01:55.594] [INFO] Loading dependencies (FieldSchemas, etc.)...
[2025-12-13 15:01:55.753] [INFO] Dependencies loaded
[2025-12-13 15:01:55.766] [INFO] Loading SpeedTUI framework...
[2025-12-13 15:01:56.190] [INFO] SpeedTUI framework loaded
[2025-12-13 15:01:56.205] [INFO] Loading PraxisVT...
[2025-12-13 15:01:56.230] [INFO] PraxisVT loaded
[2025-12-13 15:01:56.242] [INFO] Loading core dependencies...
[2025-12-13 15:01:56.325] [INFO] Core dependencies loaded
[2025-12-13 15:01:56.336] [INFO] Loading widget base classes...
[2025-12-13 15:01:56.402] [INFO] Widget base classes loaded
[2025-12-13 15:01:56.414] [INFO] Loading services...
[2025-12-13 15:01:56.625] [INFO] Services loaded
[2025-12-13 15:01:56.641] [INFO] Loading helpers...
[2025-12-13 15:01:57.280] [INFO] Helpers loaded
[2025-12-13 15:01:57.302] [INFO] Loading widgets...
[2025-12-13 15:01:57.875] [INFO] Widgets loaded
[2025-12-13 15:01:57.890] [INFO] Loading screen base class...
[2025-12-13 15:01:57.919] [INFO] Screen base class loaded
[2025-12-13 15:01:57.931] [INFO] Loading HelpViewScreen (needed by base classes)...
[2025-12-13 15:01:57.967] [INFO] HelpViewScreen loaded
[2025-12-13 15:01:57.981] [INFO] Loading base classes...
[2025-12-13 15:01:58.103] [INFO] Base classes loaded
[2025-12-13 15:01:58.117] [INFO] Loading ServiceContainer (needed by screens)...
[2025-12-13 15:01:58.146] [INFO] ServiceContainer loaded
[2025-12-13 15:01:58.159] [INFO] Loading remaining screens...
[2025-12-13 15:01:58.297] [INFO] Remaining screens loaded
[2025-12-13 15:01:58.312] [INFO] Loading PmcApplication...
[2025-12-13 15:01:58.385] [INFO] PmcApplication loaded
[2025-12-13 15:01:58.399] [INFO] All components loaded successfully
[2025-12-13 15:01:58.430] [INFO] Starting PMC TUI with screen: TaskList
[2025-12-13 15:01:58.450] [INFO] Cleared stale PmcSharedMenuBar and MenuRegistry singleton
[2025-12-13 15:01:58.465] [INFO] Creating ServiceContainer...
[2025-12-13 15:01:58.487] [INFO] ServiceContainer created
[2025-12-13 15:01:58.501] [INFO] Registering Theme service...
[2025-12-13 15:01:58.531] ServiceContainer: Registered 'Theme' (singleton=True)
[2025-12-13 15:01:58.549] [INFO] Registering ThemeManager...
[2025-12-13 15:01:58.566] ServiceContainer: Registered 'ThemeManager' (singleton=True)
[2025-12-13 15:01:58.584] [INFO] Registering Config service...
[2025-12-13 15:01:58.597] ServiceContainer: Registered 'Config' (singleton=True)
[2025-12-13 15:01:58.614] [INFO] Registering TaskStore service...
[2025-12-13 15:01:58.635] ServiceContainer: Registered 'TaskStore' (singleton=True)
[2025-12-13 15:01:58.650] [INFO] Registering MenuRegistry service...
[2025-12-13 15:01:58.667] ServiceContainer: Registered 'MenuRegistry' (singleton=True)
[2025-12-13 15:01:58.686] [INFO] Registering Application service...
[2025-12-13 15:01:58.703] ServiceContainer: Registered 'Application' (singleton=True)
[2025-12-13 15:01:58.724] [INFO] Registering CommandService...
[2025-12-13 15:01:58.753] ServiceContainer: Registered 'CommandService' (singleton=True)
[2025-12-13 15:01:58.774] [INFO] Registering ChecklistService...
[2025-12-13 15:01:58.795] ServiceContainer: Registered 'ChecklistService' (singleton=True)
[2025-12-13 15:01:58.808] [INFO] Registering NoteService...
[2025-12-13 15:01:58.822] ServiceContainer: Registered 'NoteService' (singleton=True)
[2025-12-13 15:01:58.838] [INFO] Registering ExcelMappingService...
[2025-12-13 15:01:58.853] ServiceContainer: Registered 'ExcelMappingService' (singleton=True)
[2025-12-13 15:01:58.868] [INFO] Registering PreferencesService...
[2025-12-13 15:01:58.883] ServiceContainer: Registered 'PreferencesService' (singleton=True)
[2025-12-13 15:01:58.898] [INFO] Registering screen factories...
[2025-12-13 15:01:58.912] ServiceContainer: Registered 'TaskListScreen' (singleton=False)
[2025-12-13 15:01:58.926] [INFO] Resolving Application from container...
[2025-12-13 15:01:58.996] ServiceContainer: Resolving 'Application'...
[2025-12-13 15:01:59.036] [INFO] Resolving Application...
[2025-12-13 15:01:59.053] ServiceContainer: Resolving 'Theme'...
[2025-12-13 15:01:59.083] [INFO] Resolving Theme: Calling Initialize-PmcThemeSystem...
[2025-12-13 15:01:59.105] [INFO] Theme resolved: #33aaff
[2025-12-13 15:01:59.118] [INFO] Loading PmcThemeEngine...
[2025-12-13 15:01:59.240] [DEBUG] Palette [Footer] -> #185F30 (R=24 G=95 B=48)
[2025-12-13 15:01:59.255] [DEBUG] Palette [Success] -> #2CB158 (R=44 G=177 B=88)
[2025-12-13 15:01:59.267] [DEBUG] Palette [Label] -> #5C8F6D (R=92 G=143 B=109)
[2025-12-13 15:01:59.282] [DEBUG] Palette [Muted] -> #5C8F6D (R=92 G=143 B=109)
[2025-12-13 15:01:59.296] [DEBUG] Palette [Bright] -> #2CB158 (R=44 G=177 B=88)
[2025-12-13 15:01:59.311] [DEBUG] Palette [Error] -> #BE2914 (R=190 G=41 B=20)
[2025-12-13 15:01:59.325] [DEBUG] Palette [Status] -> #5C8F6D (R=92 G=143 B=109)
[2025-12-13 15:01:59.339] [DEBUG] Palette [Warning] -> #7FCA14 (R=127 G=202 B=20)
[2025-12-13 15:01:59.354] [DEBUG] Palette [Highlight] -> #228844 (R=34 G=136 B=68)
[2025-12-13 15:01:59.369] [DEBUG] Palette [Header] -> #228844 (R=34 G=136 B=68)
[2025-12-13 15:01:59.382] [DEBUG] Palette [Cursor] -> #228844 (R=34 G=136 B=68)
[2025-12-13 15:01:59.402] [DEBUG] Palette [Text] -> #C2EACF (R=194 G=234 B=207)
[2025-12-13 15:01:59.416] [DEBUG] Palette [Primary] -> #228844 (R=34 G=136 B=68)
[2025-12-13 15:01:59.431] [DEBUG] Palette [Border] -> #185F30 (R=24 G=95 B=48)
[2025-12-13 15:01:59.455] [INFO] LoadFromConfig: Loaded Properties with 16 items
[2025-12-13 15:01:59.480] [INFO] PmcThemeEngine initialized with PMC palette (14 colors)
[2025-12-13 15:01:59.496] ServiceContainer: Resolved 'Theme' successfully
[2025-12-13 15:01:59.601] ServiceContainer: Resolving 'ThemeManager'...
[2025-12-13 15:01:59.619] [INFO] Resolving ThemeManager...
[2025-12-13 15:01:59.766] ServiceContainer: Resolved 'ThemeManager' successfully
[2025-12-13 15:01:59.796] ServiceContainer: Resolved 'Application' successfully
[2025-12-13 15:01:59.814] [INFO] Application resolved and assigned to $global:PmcApp
[2025-12-13 15:01:59.829] [INFO] Loading menus from manifest...
[2025-12-13 15:01:59.843] ServiceContainer: Resolving 'MenuRegistry'...
[2025-12-13 15:01:59.866] [INFO] Resolving MenuRegistry...
[2025-12-13 15:01:59.887] ServiceContainer: Resolved 'MenuRegistry' successfully
[2025-12-13 15:01:59.921] MenuRegistry: Loaded manifest with 24 entries
[2025-12-13 15:01:59.959] ServiceContainer: Registered 'TaskListScreen_Tomorrow' (singleton=False)
[2025-12-13 15:01:59.974] MenuRegistry: Registered screen factory 'TaskListScreen_Tomorrow' in container (viewMode=tomorrow)
[2025-12-13 15:02:00.000] MenuRegistry: Registered 'Tomorrow' in 'Tasks' menu (hotkey=T order=15)
[2025-12-13 15:02:00.017] ServiceContainer: Registered 'TaskListScreen_Upcoming' (singleton=False)
[2025-12-13 15:02:00.034] MenuRegistry: Registered screen factory 'TaskListScreen_Upcoming' in container (viewMode=upcoming)
[2025-12-13 15:02:00.050] MenuRegistry: Registered 'Upcoming' in 'Tasks' menu (hotkey=U order=25)
[2025-12-13 15:02:00.066] ServiceContainer: Registered 'WeeklyTimeReportScreen' (singleton=False)
[2025-12-13 15:02:00.080] MenuRegistry: Registered screen factory 'WeeklyTimeReportScreen' in container (viewMode=)
[2025-12-13 15:02:00.092] MenuRegistry: Registered 'Weekly Report' in 'Time' menu (hotkey=W order=10)
[2025-12-13 15:02:00.107] ServiceContainer: Registered 'ExcelImportScreen' (singleton=False)
[2025-12-13 15:02:00.121] MenuRegistry: Registered screen factory 'ExcelImportScreen' in container (viewMode=)
[2025-12-13 15:02:00.137] MenuRegistry: Registered 'Import from Excel' in 'Projects' menu (hotkey=I order=40)
[2025-12-13 15:02:00.154] ServiceContainer: Registered 'TaskListScreen_Today' (singleton=False)
[2025-12-13 15:02:00.170] MenuRegistry: Registered screen factory 'TaskListScreen_Today' in container (viewMode=today)
[2025-12-13 15:02:00.186] MenuRegistry: Registered 'Today' in 'Tasks' menu (hotkey=Y order=10)
[2025-12-13 15:02:00.202] ServiceContainer: Registered 'TaskListScreen_NoDate' (singleton=False)
[2025-12-13 15:02:00.217] MenuRegistry: Registered screen factory 'TaskListScreen_NoDate' in container (viewMode=noduedate)
[2025-12-13 15:02:00.231] MenuRegistry: Registered 'No Due Date' in 'Tasks' menu (hotkey=D order=40)
[2025-12-13 15:02:00.247] ServiceContainer: Registered 'KanbanScreenV2' (singleton=False)
[2025-12-13 15:02:00.262] MenuRegistry: Registered screen factory 'KanbanScreenV2' in container (viewMode=)
[2025-12-13 15:02:00.277] MenuRegistry: Registered 'Kanban Board' in 'Tasks' menu (hotkey=K order=55)
[2025-12-13 15:02:00.298] ServiceContainer: Registered 'TaskListScreen_Default' (singleton=False)
[2025-12-13 15:02:00.313] MenuRegistry: Registered screen factory 'TaskListScreen_Default' in container (viewMode=)
[2025-12-13 15:02:00.329] MenuRegistry: Registered 'Task List' in 'Tasks' menu (hotkey=L order=5)
[2025-12-13 15:02:00.345] ServiceContainer: Registered 'ThemeEditorScreen' (singleton=False)
[2025-12-13 15:02:00.357] MenuRegistry: Registered screen factory 'ThemeEditorScreen' in container (viewMode=)
[2025-12-13 15:02:00.372] MenuRegistry: Registered 'Theme Editor' in 'Options' menu (hotkey=T order=10)
[2025-12-13 15:02:00.385] ServiceContainer: Registered 'ProjectListScreen' (singleton=False)
[2025-12-13 15:02:00.399] MenuRegistry: Registered screen factory 'ProjectListScreen' in container (viewMode=)
[2025-12-13 15:02:00.414] MenuRegistry: Registered 'Project List' in 'Projects' menu (hotkey=L order=10)
[2025-12-13 15:02:00.430] ServiceContainer: Registered 'TaskListScreen_Agenda' (singleton=False)
[2025-12-13 15:02:00.446] MenuRegistry: Registered screen factory 'TaskListScreen_Agenda' in container (viewMode=agenda)
[2025-12-13 15:02:00.462] MenuRegistry: Registered 'Agenda View' in 'Tasks' menu (hotkey=A order=50)
[2025-12-13 15:02:00.480] ServiceContainer: Registered 'HelpViewScreen' (singleton=False)
[2025-12-13 15:02:00.499] MenuRegistry: Registered screen factory 'HelpViewScreen' in container (viewMode=)
[2025-12-13 15:02:00.515] MenuRegistry: Registered 'Help' in 'Help' menu (hotkey=H order=10)
[2025-12-13 15:02:00.530] ServiceContainer: Registered 'ChecklistsLauncherScreen' (singleton=False)
[2025-12-13 15:02:00.546] MenuRegistry: Registered screen factory 'ChecklistsLauncherScreen' in container (viewMode=)
[2025-12-13 15:02:00.561] MenuRegistry: Registered 'Checklists' in 'Tools' menu (hotkey=C order=25)
[2025-12-13 15:02:00.580] ServiceContainer: Registered 'TaskListScreen_Week' (singleton=False)
[2025-12-13 15:02:00.599] MenuRegistry: Registered screen factory 'TaskListScreen_Week' in container (viewMode=week)
[2025-12-13 15:02:00.617] MenuRegistry: Registered 'Week View' in 'Tasks' menu (hotkey=W order=20)
[2025-12-13 15:02:00.634] ServiceContainer: Registered 'SettingsScreen' (singleton=False)
[2025-12-13 15:02:00.650] MenuRegistry: Registered screen factory 'SettingsScreen' in container (viewMode=)
[2025-12-13 15:02:00.667] MenuRegistry: Registered 'Settings' in 'Options' menu (hotkey=S order=20)
[2025-12-13 15:02:00.684] ServiceContainer: Registered 'TaskListScreen_Overdue' (singleton=False)
[2025-12-13 15:02:00.700] MenuRegistry: Registered screen factory 'TaskListScreen_Overdue' in container (viewMode=overdue)
[2025-12-13 15:02:00.716] MenuRegistry: Registered 'Overdue' in 'Tasks' menu (hotkey=O order=30)
[2025-12-13 15:02:00.735] ServiceContainer: Registered 'TimeReportScreen' (singleton=False)
[2025-12-13 15:02:00.754] MenuRegistry: Registered screen factory 'TimeReportScreen' in container (viewMode=)
[2025-12-13 15:02:00.770] MenuRegistry: Registered 'Time Report' in 'Time' menu (hotkey=R order=20)
[2025-12-13 15:02:00.787] ServiceContainer: Registered 'TaskListScreen_Month' (singleton=False)
[2025-12-13 15:02:00.803] MenuRegistry: Registered screen factory 'TaskListScreen_Month' in container (viewMode=month)
[2025-12-13 15:02:00.818] MenuRegistry: Registered 'Month View' in 'Tasks' menu (hotkey=M order=45)
[2025-12-13 15:02:00.832] ServiceContainer: Registered 'TaskListScreen_NextActions' (singleton=False)
[2025-12-13 15:02:00.846] MenuRegistry: Registered screen factory 'TaskListScreen_NextActions' in container (viewMode=nextactions)
[2025-12-13 15:02:00.861] MenuRegistry: Registered 'Next Actions' in 'Tasks' menu (hotkey=N order=35)
[2025-12-13 15:02:00.877] ServiceContainer: Registered 'TimeListScreen' (singleton=False)
[2025-12-13 15:02:00.893] MenuRegistry: Registered screen factory 'TimeListScreen' in container (viewMode=)
[2025-12-13 15:02:00.910] MenuRegistry: Registered 'Time Tracking' in 'Time' menu (hotkey=T order=5)
[2025-12-13 15:02:00.926] ServiceContainer: Registered 'NotesMenuScreen' (singleton=False)
[2025-12-13 15:02:00.941] MenuRegistry: Registered screen factory 'NotesMenuScreen' in container (viewMode=)
[2025-12-13 15:02:00.957] MenuRegistry: Registered 'Notes' in 'Tools' menu (hotkey=N order=20)
[2025-12-13 15:02:00.975] ServiceContainer: Registered 'ChecklistTemplatesFolderScreen' (singleton=False)
[2025-12-13 15:02:00.989] MenuRegistry: Registered screen factory 'ChecklistTemplatesFolderScreen' in container (viewMode=)
[2025-12-13 15:02:01.005] MenuRegistry: Registered 'Checklist Templates' in 'Tools' menu (hotkey=H order=30)
[2025-12-13 15:02:01.017] ServiceContainer: Registered 'CommandLibraryScreen' (singleton=False)
[2025-12-13 15:02:01.034] MenuRegistry: Registered screen factory 'CommandLibraryScreen' in container (viewMode=)
[2025-12-13 15:02:01.050] MenuRegistry: Registered 'Command Library' in 'Tools' menu (hotkey=L order=10)
[2025-12-13 15:02:01.065] ServiceContainer: Registered 'ExcelProfileManagerScreen' (singleton=False)
[2025-12-13 15:02:01.079] MenuRegistry: Registered screen factory 'ExcelProfileManagerScreen' in container (viewMode=)
[2025-12-13 15:02:01.094] MenuRegistry: Registered 'Excel Profiles' in 'Projects' menu (hotkey=M order=50)
[2025-12-13 15:02:01.111] [INFO] Menus loaded from C:\Users\jhnhe\OneDrive\Documents\GitHub\project-management-console\og_transport\HYBRID\module\Pmc.Strict\consoleui\screens\MenuItems.psd1
[2025-12-13 15:02:01.127] [INFO] Launching screen: TaskList
[2025-12-13 15:02:01.145] [INFO] Resolving TaskListScreen from container...
[2025-12-13 15:02:01.161] ServiceContainer: Resolving 'TaskListScreen'...
[2025-12-13 15:02:01.178] [INFO] Resolving TaskListScreen...
[2025-12-13 15:02:01.193] ServiceContainer: Resolving 'TaskStore'...
[2025-12-13 15:02:01.210] [INFO] Resolving TaskStore...
[2025-12-13 15:02:01.254] [DEBUG] TaskStore.LoadData: Starting
[2025-12-13 15:02:01.270] [DEBUG] TaskStore.LoadData: Calling Get-PmcData
[2025-12-13 15:02:01.582] [DEBUG] TaskStore.LoadData: Get-PmcData returned - tasks=4 projects=2 timelogs=3
[2025-12-13 15:02:01.611] [DEBUG] TaskStore.LoadData: Loaded 4 tasks
[2025-12-13 15:02:01.633] [DEBUG] TaskStore.LoadData: Loaded 2 projects
[2025-12-13 15:02:01.660] [DEBUG] TaskStore.LoadData: First project name='p1' ID1='111'
[2025-12-13 15:02:01.691] ServiceContainer: Resolved 'TaskStore' successfully
[2025-12-13 15:02:02.228] MenuRegistry: Loaded manifest with 24 entries
[2025-12-13 15:02:02.244] MenuRegistry: Registered 'Tomorrow' in 'Tasks' menu (hotkey=T order=15)
[2025-12-13 15:02:02.261] MenuRegistry: Registered 'Upcoming' in 'Tasks' menu (hotkey=U order=25)
[2025-12-13 15:02:02.276] MenuRegistry: Registered 'Weekly Report' in 'Time' menu (hotkey=W order=10)
[2025-12-13 15:02:02.291] MenuRegistry: Registered 'Import from Excel' in 'Projects' menu (hotkey=I order=40)
[2025-12-13 15:02:02.306] MenuRegistry: Registered 'Today' in 'Tasks' menu (hotkey=Y order=10)
[2025-12-13 15:02:02.321] MenuRegistry: Registered 'No Due Date' in 'Tasks' menu (hotkey=D order=40)
[2025-12-13 15:02:02.339] MenuRegistry: Registered 'Kanban Board' in 'Tasks' menu (hotkey=K order=55)
[2025-12-13 15:02:02.355] MenuRegistry: Registered 'Task List' in 'Tasks' menu (hotkey=L order=5)
[2025-12-13 15:02:02.370] MenuRegistry: Registered 'Theme Editor' in 'Options' menu (hotkey=T order=10)
[2025-12-13 15:02:02.384] MenuRegistry: Registered 'Project List' in 'Projects' menu (hotkey=L order=10)
[2025-12-13 15:02:02.400] MenuRegistry: Registered 'Agenda View' in 'Tasks' menu (hotkey=A order=50)
[2025-12-13 15:02:02.415] MenuRegistry: Registered 'Help' in 'Help' menu (hotkey=H order=10)
[2025-12-13 15:02:02.431] MenuRegistry: Registered 'Checklists' in 'Tools' menu (hotkey=C order=25)
[2025-12-13 15:02:02.448] MenuRegistry: Registered 'Week View' in 'Tasks' menu (hotkey=W order=20)
[2025-12-13 15:02:02.465] MenuRegistry: Registered 'Settings' in 'Options' menu (hotkey=S order=20)
[2025-12-13 15:02:02.482] MenuRegistry: Registered 'Overdue' in 'Tasks' menu (hotkey=O order=30)
[2025-12-13 15:02:02.497] MenuRegistry: Registered 'Time Report' in 'Time' menu (hotkey=R order=20)
[2025-12-13 15:02:02.514] MenuRegistry: Registered 'Month View' in 'Tasks' menu (hotkey=M order=45)
[2025-12-13 15:02:02.529] MenuRegistry: Registered 'Next Actions' in 'Tasks' menu (hotkey=N order=35)
[2025-12-13 15:02:02.547] MenuRegistry: Registered 'Time Tracking' in 'Time' menu (hotkey=T order=5)
[2025-12-13 15:02:02.564] MenuRegistry: Registered 'Notes' in 'Tools' menu (hotkey=N order=20)
[2025-12-13 15:02:02.591] MenuRegistry: Registered 'Checklist Templates' in 'Tools' menu (hotkey=H order=30)
[2025-12-13 15:02:02.615] [INFO] Cleanup - showing cursor and resetting terminal
