[2025-12-13 15:41:26.310] [INFO] Loading PMC module...
[2025-12-13 15:41:27.744] [INFO] PMC module loaded
[2025-12-13 15:41:27.748] [INFO] Loading dependencies (FieldSchemas, etc.)...
[2025-12-13 15:41:27.925] [INFO] Dependencies loaded
[2025-12-13 15:41:27.936] [INFO] Loading SpeedTUI framework...
[2025-12-13 15:41:28.309] [INFO] SpeedTUI framework loaded
[2025-12-13 15:41:28.323] [INFO] Loading PraxisVT...
[2025-12-13 15:41:28.346] [INFO] PraxisVT loaded
[2025-12-13 15:41:28.357] [INFO] Loading core dependencies...
[2025-12-13 15:41:28.449] [INFO] Core dependencies loaded
[2025-12-13 15:41:28.462] [INFO] Loading widget base classes...
[2025-12-13 15:41:28.526] [INFO] Widget base classes loaded
[2025-12-13 15:41:28.538] [INFO] Loading services...
[2025-12-13 15:41:28.729] [INFO] Services loaded
[2025-12-13 15:41:28.739] [INFO] Loading helpers...
[2025-12-13 15:41:29.738] [INFO] Helpers loaded
[2025-12-13 15:41:29.750] [INFO] Loading widgets...
[2025-12-13 15:41:30.459] [INFO] Widgets loaded
[2025-12-13 15:41:30.470] [INFO] Loading screen base class...
[2025-12-13 15:41:30.511] [INFO] Screen base class loaded
[2025-12-13 15:41:30.524] [INFO] Loading HelpViewScreen (needed by base classes)...
[2025-12-13 15:41:30.562] [INFO] HelpViewScreen loaded
[2025-12-13 15:41:30.575] [INFO] Loading base classes...
[2025-12-13 15:41:30.739] [INFO] Base classes loaded
[2025-12-13 15:41:30.753] [INFO] Loading ServiceContainer (needed by screens)...
[2025-12-13 15:41:30.781] [INFO] ServiceContainer loaded
[2025-12-13 15:41:30.795] [INFO] Loading remaining screens...
[2025-12-13 15:41:30.936] [INFO] Remaining screens loaded
[2025-12-13 15:41:30.949] [INFO] Loading PmcApplication...
[2025-12-13 15:41:30.981] [INFO] PmcApplication loaded
[2025-12-13 15:41:30.995] [INFO] All components loaded successfully
[2025-12-13 15:41:31.026] [INFO] Starting PMC TUI with screen: TaskList
[2025-12-13 15:41:31.046] [INFO] Cleared stale PmcSharedMenuBar and MenuRegistry singleton
[2025-12-13 15:41:31.067] [INFO] Creating ServiceContainer...
[2025-12-13 15:41:31.093] [INFO] ServiceContainer created
[2025-12-13 15:41:31.115] [INFO] Registering Theme service...
[2025-12-13 15:41:31.146] ServiceContainer: Registered 'Theme' (singleton=True)
[2025-12-13 15:41:31.160] [INFO] Registering ThemeManager...
[2025-12-13 15:41:31.174] ServiceContainer: Registered 'ThemeManager' (singleton=True)
[2025-12-13 15:41:31.188] [INFO] Registering Config service...
[2025-12-13 15:41:31.206] ServiceContainer: Registered 'Config' (singleton=True)
[2025-12-13 15:41:31.221] [INFO] Registering TaskStore service...
[2025-12-13 15:41:31.236] ServiceContainer: Registered 'TaskStore' (singleton=True)
[2025-12-13 15:41:31.253] [INFO] Registering MenuRegistry service...
[2025-12-13 15:41:31.272] ServiceContainer: Registered 'MenuRegistry' (singleton=True)
[2025-12-13 15:41:31.298] [INFO] Registering Application service...
[2025-12-13 15:41:31.314] ServiceContainer: Registered 'Application' (singleton=True)
[2025-12-13 15:41:31.330] [INFO] Registering CommandService...
[2025-12-13 15:41:31.352] ServiceContainer: Registered 'CommandService' (singleton=True)
[2025-12-13 15:41:31.366] [INFO] Registering ChecklistService...
[2025-12-13 15:41:31.378] ServiceContainer: Registered 'ChecklistService' (singleton=True)
[2025-12-13 15:41:31.394] [INFO] Registering NoteService...
[2025-12-13 15:41:31.407] ServiceContainer: Registered 'NoteService' (singleton=True)
[2025-12-13 15:41:31.422] [INFO] Registering ExcelMappingService...
[2025-12-13 15:41:31.434] ServiceContainer: Registered 'ExcelMappingService' (singleton=True)
[2025-12-13 15:41:31.448] [INFO] Registering PreferencesService...
[2025-12-13 15:41:31.463] ServiceContainer: Registered 'PreferencesService' (singleton=True)
[2025-12-13 15:41:31.476] [INFO] Registering screen factories...
[2025-12-13 15:41:31.489] ServiceContainer: Registered 'TaskListScreen' (singleton=False)
[2025-12-13 15:41:31.503] [INFO] Resolving Application from container...
[2025-12-13 15:41:31.528] ServiceContainer: Resolving 'Application'...
[2025-12-13 15:41:31.544] [INFO] Resolving Application...
[2025-12-13 15:41:31.557] ServiceContainer: Resolving 'Theme'...
[2025-12-13 15:41:31.577] [INFO] Resolving Theme: Calling Initialize-PmcThemeSystem...
[2025-12-13 15:41:31.603] [INFO] Theme resolved: #33aaff
[2025-12-13 15:41:31.616] [INFO] Loading PmcThemeEngine...
[2025-12-13 15:41:31.737] [DEBUG] Palette [Footer] -> #185F30 (R=24 G=95 B=48)
[2025-12-13 15:41:31.751] [DEBUG] Palette [Error] -> #BE2914 (R=190 G=41 B=20)
[2025-12-13 15:41:31.764] [DEBUG] Palette [Text] -> #C2EACF (R=194 G=234 B=207)
[2025-12-13 15:41:31.776] [DEBUG] Palette [Bright] -> #2CB158 (R=44 G=177 B=88)
[2025-12-13 15:41:31.793] [DEBUG] Palette [Label] -> #5C8F6D (R=92 G=143 B=109)
[2025-12-13 15:41:31.810] [DEBUG] Palette [Border] -> #185F30 (R=24 G=95 B=48)
[2025-12-13 15:41:31.827] [DEBUG] Palette [Cursor] -> #228844 (R=34 G=136 B=68)
[2025-12-13 15:41:31.839] [DEBUG] Palette [Header] -> #228844 (R=34 G=136 B=68)
[2025-12-13 15:41:31.857] [DEBUG] Palette [Primary] -> #228844 (R=34 G=136 B=68)
[2025-12-13 15:41:31.870] [DEBUG] Palette [Status] -> #5C8F6D (R=92 G=143 B=109)
[2025-12-13 15:41:31.888] [DEBUG] Palette [Warning] -> #7FCA14 (R=127 G=202 B=20)
[2025-12-13 15:41:31.902] [DEBUG] Palette [Muted] -> #5C8F6D (R=92 G=143 B=109)
[2025-12-13 15:41:31.919] [DEBUG] Palette [Success] -> #2CB158 (R=44 G=177 B=88)
[2025-12-13 15:41:31.934] [DEBUG] Palette [Highlight] -> #228844 (R=34 G=136 B=68)
[2025-12-13 15:41:31.959] [INFO] LoadFromConfig: Loaded Properties with 16 items
[2025-12-13 15:41:31.980] [INFO] PmcThemeEngine initialized with PMC palette (14 colors)
[2025-12-13 15:41:31.995] ServiceContainer: Resolved 'Theme' successfully
[2025-12-13 15:41:32.108] ServiceContainer: Resolving 'ThemeManager'...
[2025-12-13 15:41:32.123] [INFO] Resolving ThemeManager...
[2025-12-13 15:41:32.250] ServiceContainer: Resolved 'ThemeManager' successfully
[2025-12-13 15:41:32.274] ServiceContainer: Resolved 'Application' successfully
[2025-12-13 15:41:32.292] [INFO] Application resolved and assigned to $global:PmcApp
[2025-12-13 15:41:32.309] [INFO] Loading menus from manifest...
[2025-12-13 15:41:32.326] ServiceContainer: Resolving 'MenuRegistry'...
[2025-12-13 15:41:32.344] [INFO] Resolving MenuRegistry...
[2025-12-13 15:41:32.370] ServiceContainer: Resolved 'MenuRegistry' successfully
[2025-12-13 15:41:32.406] MenuRegistry: Loaded manifest with 24 entries
[2025-12-13 15:41:32.449] ServiceContainer: Registered 'TaskListScreen_Month' (singleton=False)
[2025-12-13 15:41:32.463] MenuRegistry: Registered screen factory 'TaskListScreen_Month' in container (viewMode=month)
[2025-12-13 15:41:32.484] MenuRegistry: Registered 'Month View' in 'Tasks' menu (hotkey=M order=45)
[2025-12-13 15:41:32.502] ServiceContainer: Registered 'TaskListScreen_Upcoming' (singleton=False)
[2025-12-13 15:41:32.516] MenuRegistry: Registered screen factory 'TaskListScreen_Upcoming' in container (viewMode=upcoming)
[2025-12-13 15:41:32.533] MenuRegistry: Registered 'Upcoming' in 'Tasks' menu (hotkey=U order=25)
[2025-12-13 15:41:32.546] ServiceContainer: Registered 'TaskListScreen_NoDate' (singleton=False)
[2025-12-13 15:41:32.559] MenuRegistry: Registered screen factory 'TaskListScreen_NoDate' in container (viewMode=noduedate)
[2025-12-13 15:41:32.574] MenuRegistry: Registered 'No Due Date' in 'Tasks' menu (hotkey=D order=40)
[2025-12-13 15:41:32.586] ServiceContainer: Registered 'TaskListScreen_Tomorrow' (singleton=False)
[2025-12-13 15:41:32.599] MenuRegistry: Registered screen factory 'TaskListScreen_Tomorrow' in container (viewMode=tomorrow)
[2025-12-13 15:41:32.616] MenuRegistry: Registered 'Tomorrow' in 'Tasks' menu (hotkey=T order=15)
[2025-12-13 15:41:32.630] ServiceContainer: Registered 'KanbanScreenV2' (singleton=False)
[2025-12-13 15:41:32.643] MenuRegistry: Registered screen factory 'KanbanScreenV2' in container (viewMode=)
[2025-12-13 15:41:32.659] MenuRegistry: Registered 'Kanban Board' in 'Tasks' menu (hotkey=K order=55)
[2025-12-13 15:41:32.674] ServiceContainer: Registered 'TaskListScreen_Today' (singleton=False)
[2025-12-13 15:41:32.687] MenuRegistry: Registered screen factory 'TaskListScreen_Today' in container (viewMode=today)
[2025-12-13 15:41:32.699] MenuRegistry: Registered 'Today' in 'Tasks' menu (hotkey=Y order=10)
[2025-12-13 15:41:32.713] ServiceContainer: Registered 'ChecklistsLauncherScreen' (singleton=False)
[2025-12-13 15:41:32.727] MenuRegistry: Registered screen factory 'ChecklistsLauncherScreen' in container (viewMode=)
[2025-12-13 15:41:32.742] MenuRegistry: Registered 'Checklists' in 'Tools' menu (hotkey=C order=25)
[2025-12-13 15:41:32.761] ServiceContainer: Registered 'TaskListScreen_Week' (singleton=False)
[2025-12-13 15:41:32.774] MenuRegistry: Registered screen factory 'TaskListScreen_Week' in container (viewMode=week)
[2025-12-13 15:41:32.786] MenuRegistry: Registered 'Week View' in 'Tasks' menu (hotkey=W order=20)
[2025-12-13 15:41:32.801] ServiceContainer: Registered 'SettingsScreen' (singleton=False)
[2025-12-13 15:41:32.812] MenuRegistry: Registered screen factory 'SettingsScreen' in container (viewMode=)
[2025-12-13 15:41:32.829] MenuRegistry: Registered 'Settings' in 'Options' menu (hotkey=S order=20)
[2025-12-13 15:41:32.845] ServiceContainer: Registered 'WeeklyTimeReportScreen' (singleton=False)
[2025-12-13 15:41:32.859] MenuRegistry: Registered screen factory 'WeeklyTimeReportScreen' in container (viewMode=)
[2025-12-13 15:41:32.872] MenuRegistry: Registered 'Weekly Report' in 'Time' menu (hotkey=W order=10)
[2025-12-13 15:41:32.883] ServiceContainer: Registered 'ThemeEditorScreen' (singleton=False)
[2025-12-13 15:41:32.898] MenuRegistry: Registered screen factory 'ThemeEditorScreen' in container (viewMode=)
[2025-12-13 15:41:32.910] MenuRegistry: Registered 'Theme Editor' in 'Options' menu (hotkey=T order=10)
[2025-12-13 15:41:32.924] ServiceContainer: Registered 'TaskListScreen_Agenda' (singleton=False)
[2025-12-13 15:41:32.938] MenuRegistry: Registered screen factory 'TaskListScreen_Agenda' in container (viewMode=agenda)
[2025-12-13 15:41:32.950] MenuRegistry: Registered 'Agenda View' in 'Tasks' menu (hotkey=A order=50)
[2025-12-13 15:41:32.964] ServiceContainer: Registered 'NotesMenuScreen' (singleton=False)
[2025-12-13 15:41:32.978] MenuRegistry: Registered screen factory 'NotesMenuScreen' in container (viewMode=)
[2025-12-13 15:41:32.991] MenuRegistry: Registered 'Notes' in 'Tools' menu (hotkey=N order=20)
[2025-12-13 15:41:33.004] ServiceContainer: Registered 'ChecklistTemplatesFolderScreen' (singleton=False)
[2025-12-13 15:41:33.016] MenuRegistry: Registered screen factory 'ChecklistTemplatesFolderScreen' in container (viewMode=)
[2025-12-13 15:41:33.033] MenuRegistry: Registered 'Checklist Templates' in 'Tools' menu (hotkey=H order=30)
[2025-12-13 15:41:33.046] ServiceContainer: Registered 'ExcelProfileManagerScreen' (singleton=False)
[2025-12-13 15:41:33.062] MenuRegistry: Registered screen factory 'ExcelProfileManagerScreen' in container (viewMode=)
[2025-12-13 15:41:33.077] MenuRegistry: Registered 'Excel Profiles' in 'Projects' menu (hotkey=M order=50)
[2025-12-13 15:41:33.090] ServiceContainer: Registered 'TaskListScreen_Overdue' (singleton=False)
[2025-12-13 15:41:33.108] MenuRegistry: Registered screen factory 'TaskListScreen_Overdue' in container (viewMode=overdue)
[2025-12-13 15:41:33.121] MenuRegistry: Registered 'Overdue' in 'Tasks' menu (hotkey=O order=30)
[2025-12-13 15:41:33.137] ServiceContainer: Registered 'CommandLibraryScreen' (singleton=False)
[2025-12-13 15:41:33.153] MenuRegistry: Registered screen factory 'CommandLibraryScreen' in container (viewMode=)
[2025-12-13 15:41:33.170] MenuRegistry: Registered 'Command Library' in 'Tools' menu (hotkey=L order=10)
[2025-12-13 15:41:33.183] ServiceContainer: Registered 'ProjectListScreen' (singleton=False)
[2025-12-13 15:41:33.197] MenuRegistry: Registered screen factory 'ProjectListScreen' in container (viewMode=)
[2025-12-13 15:41:33.212] MenuRegistry: Registered 'Project List' in 'Projects' menu (hotkey=L order=10)
[2025-12-13 15:41:33.223] ServiceContainer: Registered 'TaskListScreen_NextActions' (singleton=False)
[2025-12-13 15:41:33.241] MenuRegistry: Registered screen factory 'TaskListScreen_NextActions' in container (viewMode=nextactions)
[2025-12-13 15:41:33.257] MenuRegistry: Registered 'Next Actions' in 'Tasks' menu (hotkey=N order=35)
[2025-12-13 15:41:33.274] ServiceContainer: Registered 'TaskListScreen_Default' (singleton=False)
[2025-12-13 15:41:33.286] MenuRegistry: Registered screen factory 'TaskListScreen_Default' in container (viewMode=)
[2025-12-13 15:41:33.302] MenuRegistry: Registered 'Task List' in 'Tasks' menu (hotkey=L order=5)
[2025-12-13 15:41:33.317] ServiceContainer: Registered 'TimeReportScreen' (singleton=False)
[2025-12-13 15:41:33.333] MenuRegistry: Registered screen factory 'TimeReportScreen' in container (viewMode=)
[2025-12-13 15:41:33.353] MenuRegistry: Registered 'Time Report' in 'Time' menu (hotkey=R order=20)
[2025-12-13 15:41:33.369] ServiceContainer: Registered 'TimeListScreen' (singleton=False)
[2025-12-13 15:41:33.384] MenuRegistry: Registered screen factory 'TimeListScreen' in container (viewMode=)
[2025-12-13 15:41:33.401] MenuRegistry: Registered 'Time Tracking' in 'Time' menu (hotkey=T order=5)
[2025-12-13 15:41:33.416] ServiceContainer: Registered 'HelpViewScreen' (singleton=False)
[2025-12-13 15:41:33.430] MenuRegistry: Registered screen factory 'HelpViewScreen' in container (viewMode=)
[2025-12-13 15:41:33.445] MenuRegistry: Registered 'Help' in 'Help' menu (hotkey=H order=10)
[2025-12-13 15:41:33.461] ServiceContainer: Registered 'ExcelImportScreen' (singleton=False)
[2025-12-13 15:41:33.474] MenuRegistry: Registered screen factory 'ExcelImportScreen' in container (viewMode=)
[2025-12-13 15:41:33.489] MenuRegistry: Registered 'Import from Excel' in 'Projects' menu (hotkey=I order=40)
[2025-12-13 15:41:33.501] [INFO] Menus loaded from C:\Users\jhnhe\OneDrive\Documents\GitHub\project-management-console\og_transport\HYBRID\module\Pmc.Strict\consoleui\screens\MenuItems.psd1
[2025-12-13 15:41:33.515] [INFO] Launching screen: TaskList
[2025-12-13 15:41:33.529] [INFO] Resolving TaskListScreen from container...
[2025-12-13 15:41:33.546] ServiceContainer: Resolving 'TaskListScreen'...
[2025-12-13 15:41:33.562] [INFO] Resolving TaskListScreen...
[2025-12-13 15:41:33.578] ServiceContainer: Resolving 'TaskStore'...
[2025-12-13 15:41:33.594] [INFO] Resolving TaskStore...
[2025-12-13 15:41:33.638] [DEBUG] TaskStore.LoadData: Starting
[2025-12-13 15:41:33.654] [DEBUG] TaskStore.LoadData: Calling Get-PmcData
[2025-12-13 15:41:33.967] [DEBUG] TaskStore.LoadData: Get-PmcData returned - tasks=4 projects=2 timelogs=3
[2025-12-13 15:41:33.994] [DEBUG] TaskStore.LoadData: Loaded 4 tasks
[2025-12-13 15:41:34.013] [DEBUG] TaskStore.LoadData: Loaded 2 projects
[2025-12-13 15:41:34.034] [DEBUG] TaskStore.LoadData: First project name='p1' ID1='111'
[2025-12-13 15:41:34.057] ServiceContainer: Resolved 'TaskStore' successfully
[2025-12-13 15:41:35.527] [DEBUG] TaskListScreen: Constructor started
[2025-12-13 15:41:35.569] _PopulateMenusFromRegistry: Menu 'Projects' has 3 items from registry (array)
[2025-12-13 15:41:35.599] _PopulateMenusFromRegistry: Menu 'Tools' has 4 items from registry (array)
[2025-12-13 15:41:35.615] _PopulateMenusFromRegistry: Menu 'Options' has 2 items from registry (array)
[2025-12-13 15:41:35.633] _PopulateMenusFromRegistry: Menu 'Tasks' has 11 items from registry (array)
[2025-12-13 15:41:35.650] _PopulateMenusFromRegistry: Menu 'Time' has 3 items from registry (array)
[2025-12-13 15:41:35.666] _PopulateMenusFromRegistry: Menu 'Help' has 1 items from registry (array)
[2025-12-13 15:41:35.678] [DEBUG] TaskListScreen: Constructor completed
[2025-12-13 15:41:35.694] ServiceContainer: Resolved 'TaskListScreen' successfully
[2025-12-13 15:41:35.708] [INFO] Pushing screen to app...
[2025-12-13 15:41:36.477] [DEBUG] LoadData: Got 4 tasks from Store
[2025-12-13 15:41:36.578] [DEBUG] TaskListScreen.LoadData: Setting 4 tasks
[2025-12-13 15:41:36.868] [INFO] Screen pushed successfully
[2025-12-13 15:41:36.882] [INFO] Starting event loop...
[2025-12-13 15:42:03.445] [INFO] Cleanup - showing cursor and resetting terminal
