[2025-12-13 23:58:49.961] [INFO] Loading PMC module...
[2025-12-13 23:58:50.962] [INFO] PMC module loaded
[2025-12-13 23:58:50.963] [INFO] Loading dependencies (FieldSchemas, etc.)...
[2025-12-13 23:58:51.059] [INFO] Dependencies loaded
[2025-12-13 23:58:51.067] [INFO] Loading SpeedTUI framework...
[2025-12-13 23:58:51.312] [INFO] SpeedTUI framework loaded
[2025-12-13 23:58:51.321] [INFO] Loading PraxisVT...
[2025-12-13 23:58:51.337] [INFO] PraxisVT loaded
[2025-12-13 23:58:51.345] [INFO] Loading core dependencies...
[2025-12-13 23:58:51.405] [INFO] Core dependencies loaded
[2025-12-13 23:58:51.415] [INFO] Loading widget base classes...
[2025-12-13 23:58:51.462] [INFO] Widget base classes loaded
[2025-12-13 23:58:51.471] [INFO] Loading services...
[2025-12-13 23:58:51.600] [INFO] Services loaded
[2025-12-13 23:58:51.609] [INFO] Loading helpers...
[2025-12-13 23:58:52.004] [INFO] Helpers loaded
[2025-12-13 23:58:52.012] [INFO] Loading widgets...
[2025-12-13 23:58:52.463] [INFO] Widgets loaded
[2025-12-13 23:58:52.473] [INFO] Loading screen base class...
[2025-12-13 23:58:52.553] [INFO] Screen base class loaded
[2025-12-13 23:58:52.568] [INFO] Loading HelpViewScreen (needed by base classes)...
[2025-12-13 23:58:52.646] [INFO] HelpViewScreen loaded
[2025-12-13 23:58:52.673] [INFO] Loading base classes...
[2025-12-13 23:58:52.835] [INFO] Base classes loaded
[2025-12-13 23:58:52.847] [INFO] Loading ServiceContainer (needed by screens)...
[2025-12-13 23:58:52.868] [INFO] ServiceContainer loaded
[2025-12-13 23:58:52.880] [INFO] Loading remaining screens...
[2025-12-13 23:58:53.004] [INFO] Remaining screens loaded
[2025-12-13 23:58:53.015] [INFO] Loading PmcApplication...
[2025-12-13 23:58:53.040] [INFO] PmcApplication loaded
[2025-12-13 23:58:53.050] [INFO] All components loaded successfully
[2025-12-13 23:58:53.070] [INFO] Starting PMC TUI with screen: TaskList
[2025-12-13 23:58:53.084] [INFO] Cleared stale PmcSharedMenuBar and MenuRegistry singleton
[2025-12-13 23:58:53.095] [INFO] Creating ServiceContainer...
[2025-12-13 23:58:53.110] [INFO] ServiceContainer created
[2025-12-13 23:58:53.120] [INFO] Registering Theme service...
[2025-12-13 23:58:53.139] ServiceContainer: Registered 'Theme' (singleton=True)
[2025-12-13 23:58:53.151] [INFO] Registering ThemeManager...
[2025-12-13 23:58:53.162] ServiceContainer: Registered 'ThemeManager' (singleton=True)
[2025-12-13 23:58:53.177] [INFO] Registering Config service...
[2025-12-13 23:58:53.192] ServiceContainer: Registered 'Config' (singleton=True)
[2025-12-13 23:58:53.204] [INFO] Registering TaskStore service...
[2025-12-13 23:58:53.219] ServiceContainer: Registered 'TaskStore' (singleton=True)
[2025-12-13 23:58:53.230] [INFO] Registering MenuRegistry service...
[2025-12-13 23:58:53.241] ServiceContainer: Registered 'MenuRegistry' (singleton=True)
[2025-12-13 23:58:53.251] [INFO] Registering Application service...
[2025-12-13 23:58:53.262] ServiceContainer: Registered 'Application' (singleton=True)
[2025-12-13 23:58:53.272] [INFO] Registering CommandService...
[2025-12-13 23:58:53.284] ServiceContainer: Registered 'CommandService' (singleton=True)
[2025-12-13 23:58:53.295] [INFO] Registering ChecklistService...
[2025-12-13 23:58:53.311] ServiceContainer: Registered 'ChecklistService' (singleton=True)
[2025-12-13 23:58:53.320] [INFO] Registering NoteService...
[2025-12-13 23:58:53.329] ServiceContainer: Registered 'NoteService' (singleton=True)
[2025-12-13 23:58:53.340] [INFO] Registering ExcelMappingService...
[2025-12-13 23:58:53.350] ServiceContainer: Registered 'ExcelMappingService' (singleton=True)
[2025-12-13 23:58:53.361] [INFO] Registering PreferencesService...
[2025-12-13 23:58:53.371] ServiceContainer: Registered 'PreferencesService' (singleton=True)
[2025-12-13 23:58:53.381] [INFO] Registering screen factories...
[2025-12-13 23:58:53.391] ServiceContainer: Registered 'TaskListScreen' (singleton=False)
[2025-12-13 23:58:53.401] [INFO] Resolving Application from container...
[2025-12-13 23:58:53.420] ServiceContainer: Resolving 'Application'...
[2025-12-13 23:58:53.440] [INFO] Resolving Application...
[2025-12-13 23:58:53.455] ServiceContainer: Resolving 'Theme'...
[2025-12-13 23:58:53.471] [INFO] Resolving Theme: Calling Initialize-PmcThemeSystem...
[2025-12-13 23:58:53.488] [INFO] Theme resolved: #33aaff
[2025-12-13 23:58:53.499] [INFO] Loading PmcThemeEngine...
[2025-12-13 23:58:53.588] [DEBUG] Palette [Footer] -> #185F30 (R=24 G=95 B=48)
[2025-12-13 23:58:53.599] [DEBUG] Palette [Bright] -> #2CB158 (R=44 G=177 B=88)
[2025-12-13 23:58:53.610] [DEBUG] Palette [Muted] -> #5C8F6D (R=92 G=143 B=109)
[2025-12-13 23:58:53.620] [DEBUG] Palette [Success] -> #2CB158 (R=44 G=177 B=88)
[2025-12-13 23:58:53.630] [DEBUG] Palette [Warning] -> #7FCA14 (R=127 G=202 B=20)
[2025-12-13 23:58:53.641] [DEBUG] Palette [Primary] -> #228844 (R=34 G=136 B=68)
[2025-12-13 23:58:53.650] [DEBUG] Palette [Highlight] -> #228844 (R=34 G=136 B=68)
[2025-12-13 23:58:53.660] [DEBUG] Palette [Header] -> #228844 (R=34 G=136 B=68)
[2025-12-13 23:58:53.672] [DEBUG] Palette [Cursor] -> #228844 (R=34 G=136 B=68)
[2025-12-13 23:58:53.684] [DEBUG] Palette [Border] -> #185F30 (R=24 G=95 B=48)
[2025-12-13 23:58:53.697] [DEBUG] Palette [Text] -> #C2EACF (R=194 G=234 B=207)
[2025-12-13 23:58:53.707] [DEBUG] Palette [Error] -> #BE2914 (R=190 G=41 B=20)
[2025-12-13 23:58:53.721] [DEBUG] Palette [Status] -> #5C8F6D (R=92 G=143 B=109)
[2025-12-13 23:58:53.732] [DEBUG] Palette [Label] -> #5C8F6D (R=92 G=143 B=109)
[2025-12-13 23:58:53.751] [INFO] LoadFromConfig: Loaded Properties with 16 items
[2025-12-13 23:58:53.769] [INFO] PmcThemeEngine initialized with PMC palette (14 colors)
[2025-12-13 23:58:53.781] ServiceContainer: Resolved 'Theme' successfully
[2025-12-13 23:58:54.114] ServiceContainer: Resolving 'ThemeManager'...
[2025-12-13 23:58:54.126] [INFO] Resolving ThemeManager...
[2025-12-13 23:58:54.204] ServiceContainer: Resolved 'ThemeManager' successfully
[2025-12-13 23:58:54.219] ServiceContainer: Resolved 'Application' successfully
[2025-12-13 23:58:54.230] [INFO] Application resolved and assigned to $global:PmcApp
[2025-12-13 23:58:54.242] [INFO] Loading menus from manifest...
[2025-12-13 23:58:54.254] ServiceContainer: Resolving 'MenuRegistry'...
[2025-12-13 23:58:54.268] [INFO] Resolving MenuRegistry...
[2025-12-13 23:58:54.285] ServiceContainer: Resolved 'MenuRegistry' successfully
[2025-12-13 23:58:54.305] MenuRegistry: Loaded manifest with 24 entries
[2025-12-13 23:58:54.333] ServiceContainer: Registered 'TaskListScreen_Tomorrow' (singleton=False)
[2025-12-13 23:58:54.344] MenuRegistry: Registered screen factory 'TaskListScreen_Tomorrow' in container (viewMode=tomorrow)
[2025-12-13 23:58:54.361] MenuRegistry: Registered 'Tomorrow' in 'Tasks' menu (hotkey=T order=15)
[2025-12-13 23:58:54.371] ServiceContainer: Registered 'CommandLibraryScreen' (singleton=False)
[2025-12-13 23:58:54.382] MenuRegistry: Registered screen factory 'CommandLibraryScreen' in container (viewMode=)
[2025-12-13 23:58:54.394] MenuRegistry: Registered 'Command Library' in 'Tools' menu (hotkey=L order=10)
[2025-12-13 23:58:54.406] ServiceContainer: Registered 'TaskListScreen_NoDate' (singleton=False)
[2025-12-13 23:58:54.416] MenuRegistry: Registered screen factory 'TaskListScreen_NoDate' in container (viewMode=noduedate)
[2025-12-13 23:58:54.430] MenuRegistry: Registered 'No Due Date' in 'Tasks' menu (hotkey=D order=40)
[2025-12-13 23:58:54.443] ServiceContainer: Registered 'TimeReportScreen' (singleton=False)
[2025-12-13 23:58:54.456] MenuRegistry: Registered screen factory 'TimeReportScreen' in container (viewMode=)
[2025-12-13 23:58:54.469] MenuRegistry: Registered 'Time Report' in 'Time' menu (hotkey=R order=20)
[2025-12-13 23:58:54.482] ServiceContainer: Registered 'TaskListScreen_Month' (singleton=False)
[2025-12-13 23:58:54.496] MenuRegistry: Registered screen factory 'TaskListScreen_Month' in container (viewMode=month)
[2025-12-13 23:58:54.512] MenuRegistry: Registered 'Month View' in 'Tasks' menu (hotkey=M order=45)
[2025-12-13 23:58:54.538] ServiceContainer: Registered 'ExcelImportScreen' (singleton=False)
[2025-12-13 23:58:54.557] MenuRegistry: Registered screen factory 'ExcelImportScreen' in container (viewMode=)
[2025-12-13 23:58:54.573] MenuRegistry: Registered 'Import from Excel' in 'Projects' menu (hotkey=I order=40)
[2025-12-13 23:58:54.585] ServiceContainer: Registered 'TimeListScreen' (singleton=False)
[2025-12-13 23:58:54.597] MenuRegistry: Registered screen factory 'TimeListScreen' in container (viewMode=)
[2025-12-13 23:58:54.611] MenuRegistry: Registered 'Time Tracking' in 'Time' menu (hotkey=T order=5)
[2025-12-13 23:58:54.626] ServiceContainer: Registered 'TaskListScreen_Today' (singleton=False)
[2025-12-13 23:58:54.646] MenuRegistry: Registered screen factory 'TaskListScreen_Today' in container (viewMode=today)
[2025-12-13 23:58:54.669] MenuRegistry: Registered 'Today' in 'Tasks' menu (hotkey=Y order=10)
[2025-12-13 23:58:54.687] ServiceContainer: Registered 'NotesMenuScreen' (singleton=False)
[2025-12-13 23:58:54.701] MenuRegistry: Registered screen factory 'NotesMenuScreen' in container (viewMode=)
[2025-12-13 23:58:54.718] MenuRegistry: Registered 'Notes' in 'Tools' menu (hotkey=N order=20)
[2025-12-13 23:58:54.731] ServiceContainer: Registered 'ExcelProfileManagerScreen' (singleton=False)
[2025-12-13 23:58:54.742] MenuRegistry: Registered screen factory 'ExcelProfileManagerScreen' in container (viewMode=)
[2025-12-13 23:58:54.755] MenuRegistry: Registered 'Excel Profiles' in 'Projects' menu (hotkey=M order=50)
[2025-12-13 23:58:54.768] ServiceContainer: Registered 'SettingsScreen' (singleton=False)
[2025-12-13 23:58:54.780] MenuRegistry: Registered screen factory 'SettingsScreen' in container (viewMode=)
[2025-12-13 23:58:54.794] MenuRegistry: Registered 'Settings' in 'Options' menu (hotkey=S order=20)
[2025-12-13 23:58:54.807] ServiceContainer: Registered 'ThemeEditorScreen' (singleton=False)
[2025-12-13 23:58:54.818] MenuRegistry: Registered screen factory 'ThemeEditorScreen' in container (viewMode=)
[2025-12-13 23:58:54.830] MenuRegistry: Registered 'Theme Editor' in 'Options' menu (hotkey=T order=10)
[2025-12-13 23:58:54.841] ServiceContainer: Registered 'ChecklistsLauncherScreen' (singleton=False)
[2025-12-13 23:58:54.854] MenuRegistry: Registered screen factory 'ChecklistsLauncherScreen' in container (viewMode=)
[2025-12-13 23:58:54.866] MenuRegistry: Registered 'Checklists' in 'Tools' menu (hotkey=C order=25)
[2025-12-13 23:58:54.878] ServiceContainer: Registered 'TaskListScreen_Overdue' (singleton=False)
[2025-12-13 23:58:54.890] MenuRegistry: Registered screen factory 'TaskListScreen_Overdue' in container (viewMode=overdue)
[2025-12-13 23:58:54.904] MenuRegistry: Registered 'Overdue' in 'Tasks' menu (hotkey=O order=30)
[2025-12-13 23:58:54.915] ServiceContainer: Registered 'WeeklyTimeReportScreen' (singleton=False)
[2025-12-13 23:58:54.928] MenuRegistry: Registered screen factory 'WeeklyTimeReportScreen' in container (viewMode=)
[2025-12-13 23:58:54.941] MenuRegistry: Registered 'Weekly Report' in 'Time' menu (hotkey=W order=10)
[2025-12-13 23:58:54.962] ServiceContainer: Registered 'TaskListScreen_Week' (singleton=False)
[2025-12-13 23:58:54.974] MenuRegistry: Registered screen factory 'TaskListScreen_Week' in container (viewMode=week)
[2025-12-13 23:58:54.987] MenuRegistry: Registered 'Week View' in 'Tasks' menu (hotkey=W order=20)
[2025-12-13 23:58:55.000] ServiceContainer: Registered 'TaskListScreen_Upcoming' (singleton=False)
[2025-12-13 23:58:55.015] MenuRegistry: Registered screen factory 'TaskListScreen_Upcoming' in container (viewMode=upcoming)
[2025-12-13 23:58:55.027] MenuRegistry: Registered 'Upcoming' in 'Tasks' menu (hotkey=U order=25)
[2025-12-13 23:58:55.039] ServiceContainer: Registered 'TaskListScreen_Agenda' (singleton=False)
[2025-12-13 23:58:55.051] MenuRegistry: Registered screen factory 'TaskListScreen_Agenda' in container (viewMode=agenda)
[2025-12-13 23:58:55.063] MenuRegistry: Registered 'Agenda View' in 'Tasks' menu (hotkey=A order=50)
[2025-12-13 23:58:55.076] ServiceContainer: Registered 'TaskListScreen_NextActions' (singleton=False)
[2025-12-13 23:58:55.088] MenuRegistry: Registered screen factory 'TaskListScreen_NextActions' in container (viewMode=nextactions)
[2025-12-13 23:58:55.100] MenuRegistry: Registered 'Next Actions' in 'Tasks' menu (hotkey=N order=35)
[2025-12-13 23:58:55.113] ServiceContainer: Registered 'TaskListScreen_Default' (singleton=False)
[2025-12-13 23:58:55.125] MenuRegistry: Registered screen factory 'TaskListScreen_Default' in container (viewMode=)
[2025-12-13 23:58:55.136] MenuRegistry: Registered 'Task List' in 'Tasks' menu (hotkey=L order=5)
[2025-12-13 23:58:55.149] ServiceContainer: Registered 'HelpViewScreen' (singleton=False)
[2025-12-13 23:58:55.165] MenuRegistry: Registered screen factory 'HelpViewScreen' in container (viewMode=)
[2025-12-13 23:58:55.183] MenuRegistry: Registered 'Help' in 'Help' menu (hotkey=H order=10)
[2025-12-13 23:58:55.195] ServiceContainer: Registered 'ChecklistTemplatesFolderScreen' (singleton=False)
[2025-12-13 23:58:55.206] MenuRegistry: Registered screen factory 'ChecklistTemplatesFolderScreen' in container (viewMode=)
[2025-12-13 23:58:55.218] MenuRegistry: Registered 'Checklist Templates' in 'Tools' menu (hotkey=H order=30)
[2025-12-13 23:58:55.230] ServiceContainer: Registered 'ProjectListScreen' (singleton=False)
[2025-12-13 23:58:55.241] MenuRegistry: Registered screen factory 'ProjectListScreen' in container (viewMode=)
[2025-12-13 23:58:55.254] MenuRegistry: Registered 'Project List' in 'Projects' menu (hotkey=L order=10)
[2025-12-13 23:58:55.266] ServiceContainer: Registered 'KanbanScreenV2' (singleton=False)
[2025-12-13 23:58:55.277] MenuRegistry: Registered screen factory 'KanbanScreenV2' in container (viewMode=)
[2025-12-13 23:58:55.292] MenuRegistry: Registered 'Kanban Board' in 'Tasks' menu (hotkey=K order=55)
[2025-12-13 23:58:55.305] [INFO] Menus loaded from C:\Users\jhnhe\OneDrive\Documents\GitHub\project-management-console\og_transport\HYBRID\module\Pmc.Strict\consoleui\screens\MenuItems.psd1
[2025-12-13 23:58:55.317] [INFO] Launching screen: TaskList
[2025-12-13 23:58:55.329] [INFO] Resolving TaskListScreen from container...
[2025-12-13 23:58:55.342] ServiceContainer: Resolving 'TaskListScreen'...
[2025-12-13 23:58:55.358] [INFO] Resolving TaskListScreen...
[2025-12-13 23:58:55.374] ServiceContainer: Resolving 'TaskStore'...
[2025-12-13 23:58:55.388] [INFO] Resolving TaskStore...
[2025-12-13 23:58:55.428] [DEBUG] TaskStore.LoadData: Starting
[2025-12-13 23:58:55.442] [DEBUG] TaskStore.LoadData: Calling Get-PmcData
[2025-12-13 23:58:55.686] [DEBUG] TaskStore.LoadData: Get-PmcData returned - tasks=4 projects=2 timelogs=3
[2025-12-13 23:58:55.708] [DEBUG] TaskStore.LoadData: Loaded 4 tasks
[2025-12-13 23:58:55.722] [DEBUG] TaskStore.LoadData: Loaded 2 projects
[2025-12-13 23:58:55.736] [DEBUG] TaskStore.LoadData: First project name='p1' ID1='111'
[2025-12-13 23:58:55.758] ServiceContainer: Resolved 'TaskStore' successfully
[2025-12-13 23:58:56.130] [DEBUG] PmcScreen.AddContentWidget: Adding UniversalList (Total: 1)
[2025-12-13 23:58:56.166] [DEBUG] TaskListScreen: Constructor started
[2025-12-13 23:58:56.208] _PopulateMenusFromRegistry: Menu 'Help' has 1 items from registry (array)
[2025-12-13 23:58:56.232] _PopulateMenusFromRegistry: Menu 'Options' has 2 items from registry (array)
[2025-12-13 23:58:56.245] _PopulateMenusFromRegistry: Menu 'Time' has 3 items from registry (array)
[2025-12-13 23:58:56.256] _PopulateMenusFromRegistry: Menu 'Tools' has 4 items from registry (array)
[2025-12-13 23:58:56.268] _PopulateMenusFromRegistry: Menu 'Projects' has 3 items from registry (array)
[2025-12-13 23:58:56.282] _PopulateMenusFromRegistry: Menu 'Tasks' has 11 items from registry (array)
[2025-12-13 23:58:56.293] [DEBUG] TaskListScreen: Constructor completed
[2025-12-13 23:58:56.305] ServiceContainer: Resolved 'TaskListScreen' successfully
[2025-12-13 23:58:56.320] [INFO] Pushing screen to app...
[2025-12-13 23:58:56.744] [DEBUG] LoadData: Got 4 tasks from Store
[2025-12-13 23:58:56.877] [DEBUG] TaskListScreen.LoadData: Setting 4 tasks
[2025-12-13 23:58:56.899] [DEBUG] UniversalList.SetData: START
[2025-12-13 23:58:56.943] [DEBUG] UniversalList.SetData: COMPLETE (4 items)
[2025-12-13 23:58:57.082] [INFO] Screen pushed successfully
[2025-12-13 23:58:57.093] [INFO] Starting event loop...
[2025-12-13 23:58:57.565] [DEBUG] PmcScreen: Calling RenderToEngine on UniversalList
[2025-12-14 13:55:01.710] [INFO] Event loop exited normally
[2025-12-14 13:55:01.714] [INFO] Cleanup - showing cursor and resetting terminal
