[2025-12-13 15:04:06.562] [INFO] Loading PMC module...
[2025-12-13 15:04:08.075] [INFO] PMC module loaded
[2025-12-13 15:04:08.076] [INFO] Loading dependencies (FieldSchemas, etc.)...
[2025-12-13 15:04:08.226] [INFO] Dependencies loaded
[2025-12-13 15:04:08.239] [INFO] Loading SpeedTUI framework...
[2025-12-13 15:04:08.612] [INFO] SpeedTUI framework loaded
[2025-12-13 15:04:08.626] [INFO] Loading PraxisVT...
[2025-12-13 15:04:08.648] [INFO] PraxisVT loaded
[2025-12-13 15:04:08.659] [INFO] Loading core dependencies...
[2025-12-13 15:04:08.738] [INFO] Core dependencies loaded
[2025-12-13 15:04:08.751] [INFO] Loading widget base classes...
[2025-12-13 15:04:08.816] [INFO] Widget base classes loaded
[2025-12-13 15:04:08.828] [INFO] Loading services...
[2025-12-13 15:04:09.008] [INFO] Services loaded
[2025-12-13 15:04:09.022] [INFO] Loading helpers...
[2025-12-13 15:04:09.590] [INFO] Helpers loaded
[2025-12-13 15:04:09.605] [INFO] Loading widgets...
[2025-12-13 15:04:10.137] [INFO] Widgets loaded
[2025-12-13 15:04:10.153] [INFO] Loading screen base class...
[2025-12-13 15:04:10.191] [INFO] Screen base class loaded
[2025-12-13 15:04:10.207] [INFO] Loading HelpViewScreen (needed by base classes)...
[2025-12-13 15:04:10.249] [INFO] HelpViewScreen loaded
[2025-12-13 15:04:10.264] [INFO] Loading base classes...
[2025-12-13 15:04:10.394] [INFO] Base classes loaded
[2025-12-13 15:04:10.410] [INFO] Loading ServiceContainer (needed by screens)...
[2025-12-13 15:04:10.472] [INFO] ServiceContainer loaded
[2025-12-13 15:04:10.501] [INFO] Loading remaining screens...
[2025-12-13 15:04:10.670] [INFO] Remaining screens loaded
[2025-12-13 15:04:10.683] [INFO] Loading PmcApplication...
[2025-12-13 15:04:10.720] [INFO] PmcApplication loaded
[2025-12-13 15:04:10.735] [INFO] All components loaded successfully
[2025-12-13 15:04:10.760] [INFO] Starting PMC TUI with screen: TaskList
[2025-12-13 15:04:10.778] [INFO] Cleared stale PmcSharedMenuBar and MenuRegistry singleton
[2025-12-13 15:04:10.792] [INFO] Creating ServiceContainer...
[2025-12-13 15:04:10.812] [INFO] ServiceContainer created
[2025-12-13 15:04:10.825] [INFO] Registering Theme service...
[2025-12-13 15:04:10.850] ServiceContainer: Registered 'Theme' (singleton=True)
[2025-12-13 15:04:10.868] [INFO] Registering ThemeManager...
[2025-12-13 15:04:10.883] ServiceContainer: Registered 'ThemeManager' (singleton=True)
[2025-12-13 15:04:10.897] [INFO] Registering Config service...
[2025-12-13 15:04:10.909] ServiceContainer: Registered 'Config' (singleton=True)
[2025-12-13 15:04:10.922] [INFO] Registering TaskStore service...
[2025-12-13 15:04:10.936] ServiceContainer: Registered 'TaskStore' (singleton=True)
[2025-12-13 15:04:10.950] [INFO] Registering MenuRegistry service...
[2025-12-13 15:04:10.966] ServiceContainer: Registered 'MenuRegistry' (singleton=True)
[2025-12-13 15:04:10.981] [INFO] Registering Application service...
[2025-12-13 15:04:10.995] ServiceContainer: Registered 'Application' (singleton=True)
[2025-12-13 15:04:11.008] [INFO] Registering CommandService...
[2025-12-13 15:04:11.026] ServiceContainer: Registered 'CommandService' (singleton=True)
[2025-12-13 15:04:11.040] [INFO] Registering ChecklistService...
[2025-12-13 15:04:11.054] ServiceContainer: Registered 'ChecklistService' (singleton=True)
[2025-12-13 15:04:11.067] [INFO] Registering NoteService...
[2025-12-13 15:04:11.081] ServiceContainer: Registered 'NoteService' (singleton=True)
[2025-12-13 15:04:11.093] [INFO] Registering ExcelMappingService...
[2025-12-13 15:04:11.107] ServiceContainer: Registered 'ExcelMappingService' (singleton=True)
[2025-12-13 15:04:11.122] [INFO] Registering PreferencesService...
[2025-12-13 15:04:11.135] ServiceContainer: Registered 'PreferencesService' (singleton=True)
[2025-12-13 15:04:11.148] [INFO] Registering screen factories...
[2025-12-13 15:04:11.165] ServiceContainer: Registered 'TaskListScreen' (singleton=False)
[2025-12-13 15:04:11.178] [INFO] Resolving Application from container...
[2025-12-13 15:04:11.210] ServiceContainer: Resolving 'Application'...
[2025-12-13 15:04:11.228] [INFO] Resolving Application...
[2025-12-13 15:04:11.242] ServiceContainer: Resolving 'Theme'...
[2025-12-13 15:04:11.263] [INFO] Resolving Theme: Calling Initialize-PmcThemeSystem...
[2025-12-13 15:04:11.289] [INFO] Theme resolved: #33aaff
[2025-12-13 15:04:11.303] [INFO] Loading PmcThemeEngine...
[2025-12-13 15:04:11.422] [DEBUG] Palette [Border] -> #185F30 (R=24 G=95 B=48)
[2025-12-13 15:04:11.436] [DEBUG] Palette [Success] -> #2CB158 (R=44 G=177 B=88)
[2025-12-13 15:04:11.452] [DEBUG] Palette [Header] -> #228844 (R=34 G=136 B=68)
[2025-12-13 15:04:11.466] [DEBUG] Palette [Warning] -> #7FCA14 (R=127 G=202 B=20)
[2025-12-13 15:04:11.480] [DEBUG] Palette [Footer] -> #185F30 (R=24 G=95 B=48)
[2025-12-13 15:04:11.494] [DEBUG] Palette [Cursor] -> #228844 (R=34 G=136 B=68)
[2025-12-13 15:04:11.507] [DEBUG] Palette [Muted] -> #5C8F6D (R=92 G=143 B=109)
[2025-12-13 15:04:11.521] [DEBUG] Palette [Status] -> #5C8F6D (R=92 G=143 B=109)
[2025-12-13 15:04:11.536] [DEBUG] Palette [Text] -> #C2EACF (R=194 G=234 B=207)
[2025-12-13 15:04:11.550] [DEBUG] Palette [Highlight] -> #228844 (R=34 G=136 B=68)
[2025-12-13 15:04:11.572] [DEBUG] Palette [Error] -> #BE2914 (R=190 G=41 B=20)
[2025-12-13 15:04:11.586] [DEBUG] Palette [Bright] -> #2CB158 (R=44 G=177 B=88)
[2025-12-13 15:04:11.600] [DEBUG] Palette [Label] -> #5C8F6D (R=92 G=143 B=109)
[2025-12-13 15:04:11.616] [DEBUG] Palette [Primary] -> #228844 (R=34 G=136 B=68)
[2025-12-13 15:04:11.639] [INFO] LoadFromConfig: Loaded Properties with 16 items
[2025-12-13 15:04:11.659] [INFO] PmcThemeEngine initialized with PMC palette (14 colors)
[2025-12-13 15:04:11.674] ServiceContainer: Resolved 'Theme' successfully
[2025-12-13 15:04:11.774] ServiceContainer: Resolving 'ThemeManager'...
[2025-12-13 15:04:11.788] [INFO] Resolving ThemeManager...
[2025-12-13 15:04:11.908] ServiceContainer: Resolved 'ThemeManager' successfully
[2025-12-13 15:04:11.931] ServiceContainer: Resolved 'Application' successfully
[2025-12-13 15:04:11.946] [INFO] Application resolved and assigned to $global:PmcApp
[2025-12-13 15:04:11.961] [INFO] Loading menus from manifest...
[2025-12-13 15:04:11.977] ServiceContainer: Resolving 'MenuRegistry'...
[2025-12-13 15:04:11.993] [INFO] Resolving MenuRegistry...
[2025-12-13 15:04:12.012] ServiceContainer: Resolved 'MenuRegistry' successfully
[2025-12-13 15:04:12.040] MenuRegistry: Loaded manifest with 24 entries
[2025-12-13 15:04:12.076] ServiceContainer: Registered 'TaskListScreen_NoDate' (singleton=False)
[2025-12-13 15:04:12.089] MenuRegistry: Registered screen factory 'TaskListScreen_NoDate' in container (viewMode=noduedate)
[2025-12-13 15:04:12.112] MenuRegistry: Registered 'No Due Date' in 'Tasks' menu (hotkey=D order=40)
[2025-12-13 15:04:12.127] ServiceContainer: Registered 'ChecklistsLauncherScreen' (singleton=False)
[2025-12-13 15:04:12.140] MenuRegistry: Registered screen factory 'ChecklistsLauncherScreen' in container (viewMode=)
[2025-12-13 15:04:12.155] MenuRegistry: Registered 'Checklists' in 'Tools' menu (hotkey=C order=25)
[2025-12-13 15:04:12.174] ServiceContainer: Registered 'NotesMenuScreen' (singleton=False)
[2025-12-13 15:04:12.189] MenuRegistry: Registered screen factory 'NotesMenuScreen' in container (viewMode=)
[2025-12-13 15:04:12.206] MenuRegistry: Registered 'Notes' in 'Tools' menu (hotkey=N order=20)
[2025-12-13 15:04:12.221] ServiceContainer: Registered 'TaskListScreen_NextActions' (singleton=False)
[2025-12-13 15:04:12.239] MenuRegistry: Registered screen factory 'TaskListScreen_NextActions' in container (viewMode=nextactions)
[2025-12-13 15:04:12.255] MenuRegistry: Registered 'Next Actions' in 'Tasks' menu (hotkey=N order=35)
[2025-12-13 15:04:12.270] ServiceContainer: Registered 'WeeklyTimeReportScreen' (singleton=False)
[2025-12-13 15:04:12.284] MenuRegistry: Registered screen factory 'WeeklyTimeReportScreen' in container (viewMode=)
[2025-12-13 15:04:12.298] MenuRegistry: Registered 'Weekly Report' in 'Time' menu (hotkey=W order=10)
[2025-12-13 15:04:12.314] ServiceContainer: Registered 'HelpViewScreen' (singleton=False)
[2025-12-13 15:04:12.329] MenuRegistry: Registered screen factory 'HelpViewScreen' in container (viewMode=)
[2025-12-13 15:04:12.346] MenuRegistry: Registered 'Help' in 'Help' menu (hotkey=H order=10)
[2025-12-13 15:04:12.362] ServiceContainer: Registered 'ExcelProfileManagerScreen' (singleton=False)
[2025-12-13 15:04:12.376] MenuRegistry: Registered screen factory 'ExcelProfileManagerScreen' in container (viewMode=)
[2025-12-13 15:04:12.391] MenuRegistry: Registered 'Excel Profiles' in 'Projects' menu (hotkey=M order=50)
[2025-12-13 15:04:12.409] ServiceContainer: Registered 'TaskListScreen_Week' (singleton=False)
[2025-12-13 15:04:12.441] MenuRegistry: Registered screen factory 'TaskListScreen_Week' in container (viewMode=week)
[2025-12-13 15:04:12.470] MenuRegistry: Registered 'Week View' in 'Tasks' menu (hotkey=W order=20)
[2025-12-13 15:04:12.497] ServiceContainer: Registered 'TaskListScreen_Default' (singleton=False)
[2025-12-13 15:04:12.532] MenuRegistry: Registered screen factory 'TaskListScreen_Default' in container (viewMode=)
[2025-12-13 15:04:12.550] MenuRegistry: Registered 'Task List' in 'Tasks' menu (hotkey=L order=5)
[2025-12-13 15:04:12.577] ServiceContainer: Registered 'ExcelImportScreen' (singleton=False)
[2025-12-13 15:04:12.593] MenuRegistry: Registered screen factory 'ExcelImportScreen' in container (viewMode=)
[2025-12-13 15:04:12.607] MenuRegistry: Registered 'Import from Excel' in 'Projects' menu (hotkey=I order=40)
[2025-12-13 15:04:12.622] ServiceContainer: Registered 'TaskListScreen_Month' (singleton=False)
[2025-12-13 15:04:12.636] MenuRegistry: Registered screen factory 'TaskListScreen_Month' in container (viewMode=month)
[2025-12-13 15:04:12.650] MenuRegistry: Registered 'Month View' in 'Tasks' menu (hotkey=M order=45)
[2025-12-13 15:04:12.665] ServiceContainer: Registered 'ProjectListScreen' (singleton=False)
[2025-12-13 15:04:12.679] MenuRegistry: Registered screen factory 'ProjectListScreen' in container (viewMode=)
[2025-12-13 15:04:12.693] MenuRegistry: Registered 'Project List' in 'Projects' menu (hotkey=L order=10)
[2025-12-13 15:04:12.707] ServiceContainer: Registered 'TaskListScreen_Upcoming' (singleton=False)
[2025-12-13 15:04:12.722] MenuRegistry: Registered screen factory 'TaskListScreen_Upcoming' in container (viewMode=upcoming)
[2025-12-13 15:04:12.737] MenuRegistry: Registered 'Upcoming' in 'Tasks' menu (hotkey=U order=25)
[2025-12-13 15:04:12.751] ServiceContainer: Registered 'TaskListScreen_Overdue' (singleton=False)
[2025-12-13 15:04:12.766] MenuRegistry: Registered screen factory 'TaskListScreen_Overdue' in container (viewMode=overdue)
[2025-12-13 15:04:12.780] MenuRegistry: Registered 'Overdue' in 'Tasks' menu (hotkey=O order=30)
[2025-12-13 15:04:12.794] ServiceContainer: Registered 'TaskListScreen_Today' (singleton=False)
[2025-12-13 15:04:12.809] MenuRegistry: Registered screen factory 'TaskListScreen_Today' in container (viewMode=today)
[2025-12-13 15:04:12.823] MenuRegistry: Registered 'Today' in 'Tasks' menu (hotkey=Y order=10)
[2025-12-13 15:04:12.837] ServiceContainer: Registered 'CommandLibraryScreen' (singleton=False)
[2025-12-13 15:04:12.853] MenuRegistry: Registered screen factory 'CommandLibraryScreen' in container (viewMode=)
[2025-12-13 15:04:12.870] MenuRegistry: Registered 'Command Library' in 'Tools' menu (hotkey=L order=10)
[2025-12-13 15:04:12.885] ServiceContainer: Registered 'TaskListScreen_Tomorrow' (singleton=False)
[2025-12-13 15:04:12.900] MenuRegistry: Registered screen factory 'TaskListScreen_Tomorrow' in container (viewMode=tomorrow)
[2025-12-13 15:04:12.915] MenuRegistry: Registered 'Tomorrow' in 'Tasks' menu (hotkey=T order=15)
[2025-12-13 15:04:12.930] ServiceContainer: Registered 'TimeListScreen' (singleton=False)
[2025-12-13 15:04:12.944] MenuRegistry: Registered screen factory 'TimeListScreen' in container (viewMode=)
[2025-12-13 15:04:12.959] MenuRegistry: Registered 'Time Tracking' in 'Time' menu (hotkey=T order=5)
[2025-12-13 15:04:12.975] ServiceContainer: Registered 'ChecklistTemplatesFolderScreen' (singleton=False)
[2025-12-13 15:04:12.990] MenuRegistry: Registered screen factory 'ChecklistTemplatesFolderScreen' in container (viewMode=)
[2025-12-13 15:04:13.005] MenuRegistry: Registered 'Checklist Templates' in 'Tools' menu (hotkey=H order=30)
[2025-12-13 15:04:13.019] ServiceContainer: Registered 'KanbanScreenV2' (singleton=False)
[2025-12-13 15:04:13.033] MenuRegistry: Registered screen factory 'KanbanScreenV2' in container (viewMode=)
[2025-12-13 15:04:13.047] MenuRegistry: Registered 'Kanban Board' in 'Tasks' menu (hotkey=K order=55)
[2025-12-13 15:04:13.062] ServiceContainer: Registered 'ThemeEditorScreen' (singleton=False)
[2025-12-13 15:04:13.075] MenuRegistry: Registered screen factory 'ThemeEditorScreen' in container (viewMode=)
[2025-12-13 15:04:13.089] MenuRegistry: Registered 'Theme Editor' in 'Options' menu (hotkey=T order=10)
[2025-12-13 15:04:13.107] ServiceContainer: Registered 'SettingsScreen' (singleton=False)
[2025-12-13 15:04:13.122] MenuRegistry: Registered screen factory 'SettingsScreen' in container (viewMode=)
[2025-12-13 15:04:13.136] MenuRegistry: Registered 'Settings' in 'Options' menu (hotkey=S order=20)
[2025-12-13 15:04:13.151] ServiceContainer: Registered 'TimeReportScreen' (singleton=False)
[2025-12-13 15:04:13.166] MenuRegistry: Registered screen factory 'TimeReportScreen' in container (viewMode=)
[2025-12-13 15:04:13.181] MenuRegistry: Registered 'Time Report' in 'Time' menu (hotkey=R order=20)
[2025-12-13 15:04:13.194] ServiceContainer: Registered 'TaskListScreen_Agenda' (singleton=False)
[2025-12-13 15:04:13.209] MenuRegistry: Registered screen factory 'TaskListScreen_Agenda' in container (viewMode=agenda)
[2025-12-13 15:04:13.224] MenuRegistry: Registered 'Agenda View' in 'Tasks' menu (hotkey=A order=50)
[2025-12-13 15:04:13.239] [INFO] Menus loaded from C:\Users\jhnhe\OneDrive\Documents\GitHub\project-management-console\og_transport\HYBRID\module\Pmc.Strict\consoleui\screens\MenuItems.psd1
[2025-12-13 15:04:13.257] [INFO] Launching screen: TaskList
[2025-12-13 15:04:13.275] [INFO] Resolving TaskListScreen from container...
[2025-12-13 15:04:13.289] ServiceContainer: Resolving 'TaskListScreen'...
[2025-12-13 15:04:13.306] [INFO] Resolving TaskListScreen...
[2025-12-13 15:04:13.321] ServiceContainer: Resolving 'TaskStore'...
[2025-12-13 15:04:13.339] [INFO] Resolving TaskStore...
[2025-12-13 15:04:13.392] [DEBUG] TaskStore.LoadData: Starting
[2025-12-13 15:04:13.408] [DEBUG] TaskStore.LoadData: Calling Get-PmcData
[2025-12-13 15:04:13.703] [DEBUG] TaskStore.LoadData: Get-PmcData returned - tasks=4 projects=2 timelogs=3
[2025-12-13 15:04:13.726] [DEBUG] TaskStore.LoadData: Loaded 4 tasks
[2025-12-13 15:04:13.749] [DEBUG] TaskStore.LoadData: Loaded 2 projects
[2025-12-13 15:04:13.773] [DEBUG] TaskStore.LoadData: First project name='p1' ID1='111'
[2025-12-13 15:04:13.796] ServiceContainer: Resolved 'TaskStore' successfully
[2025-12-13 15:04:14.163] [INFO] Cleanup - showing cursor and resetting terminal
