[2025-12-13 15:54:16.413] [INFO] Loading PMC module...
[2025-12-13 15:54:17.828] [INFO] PMC module loaded
[2025-12-13 15:54:17.831] [INFO] Loading dependencies (FieldSchemas, etc.)...
[2025-12-13 15:54:17.964] [INFO] Dependencies loaded
[2025-12-13 15:54:17.977] [INFO] Loading SpeedTUI framework...
[2025-12-13 15:54:18.397] [INFO] SpeedTUI framework loaded
[2025-12-13 15:54:18.409] [INFO] Loading PraxisVT...
[2025-12-13 15:54:18.432] [INFO] PraxisVT loaded
[2025-12-13 15:54:18.444] [INFO] Loading core dependencies...
[2025-12-13 15:54:18.530] [INFO] Core dependencies loaded
[2025-12-13 15:54:18.541] [INFO] Loading widget base classes...
[2025-12-13 15:54:18.612] [INFO] Widget base classes loaded
[2025-12-13 15:54:18.626] [INFO] Loading services...
[2025-12-13 15:54:18.823] [INFO] Services loaded
[2025-12-13 15:54:18.835] [INFO] Loading helpers...
[2025-12-13 15:54:19.386] [INFO] Helpers loaded
[2025-12-13 15:54:19.403] [INFO] Loading widgets...
[2025-12-13 15:54:19.940] [INFO] Widgets loaded
[2025-12-13 15:54:19.951] [INFO] Loading screen base class...
[2025-12-13 15:54:19.982] [INFO] Screen base class loaded
[2025-12-13 15:54:19.993] [INFO] Loading HelpViewScreen (needed by base classes)...
[2025-12-13 15:54:20.028] [INFO] HelpViewScreen loaded
[2025-12-13 15:54:20.040] [INFO] Loading base classes...
[2025-12-13 15:54:20.157] [INFO] Base classes loaded
[2025-12-13 15:54:20.169] [INFO] Loading ServiceContainer (needed by screens)...
[2025-12-13 15:54:20.193] [INFO] ServiceContainer loaded
[2025-12-13 15:54:20.206] [INFO] Loading remaining screens...
[2025-12-13 15:54:20.340] [INFO] Remaining screens loaded
[2025-12-13 15:54:20.353] [INFO] Loading PmcApplication...
[2025-12-13 15:54:20.384] [INFO] PmcApplication loaded
[2025-12-13 15:54:20.397] [INFO] All components loaded successfully
[2025-12-13 15:54:20.421] [INFO] Starting PMC TUI with screen: TaskList
[2025-12-13 15:54:20.438] [INFO] Cleared stale PmcSharedMenuBar and MenuRegistry singleton
[2025-12-13 15:54:20.451] [INFO] Creating ServiceContainer...
[2025-12-13 15:54:20.468] [INFO] ServiceContainer created
[2025-12-13 15:54:20.483] [INFO] Registering Theme service...
[2025-12-13 15:54:20.507] ServiceContainer: Registered 'Theme' (singleton=True)
[2025-12-13 15:54:20.522] [INFO] Registering ThemeManager...
[2025-12-13 15:54:20.536] ServiceContainer: Registered 'ThemeManager' (singleton=True)
[2025-12-13 15:54:20.549] [INFO] Registering Config service...
[2025-12-13 15:54:20.562] ServiceContainer: Registered 'Config' (singleton=True)
[2025-12-13 15:54:20.576] [INFO] Registering TaskStore service...
[2025-12-13 15:54:20.588] ServiceContainer: Registered 'TaskStore' (singleton=True)
[2025-12-13 15:54:20.601] [INFO] Registering MenuRegistry service...
[2025-12-13 15:54:20.616] ServiceContainer: Registered 'MenuRegistry' (singleton=True)
[2025-12-13 15:54:20.628] [INFO] Registering Application service...
[2025-12-13 15:54:20.642] ServiceContainer: Registered 'Application' (singleton=True)
[2025-12-13 15:54:20.653] [INFO] Registering CommandService...
[2025-12-13 15:54:20.674] ServiceContainer: Registered 'CommandService' (singleton=True)
[2025-12-13 15:54:20.688] [INFO] Registering ChecklistService...
[2025-12-13 15:54:20.705] ServiceContainer: Registered 'ChecklistService' (singleton=True)
[2025-12-13 15:54:20.718] [INFO] Registering NoteService...
[2025-12-13 15:54:20.733] ServiceContainer: Registered 'NoteService' (singleton=True)
[2025-12-13 15:54:20.747] [INFO] Registering ExcelMappingService...
[2025-12-13 15:54:20.760] ServiceContainer: Registered 'ExcelMappingService' (singleton=True)
[2025-12-13 15:54:20.773] [INFO] Registering PreferencesService...
[2025-12-13 15:54:20.785] ServiceContainer: Registered 'PreferencesService' (singleton=True)
[2025-12-13 15:54:20.798] [INFO] Registering screen factories...
[2025-12-13 15:54:20.811] ServiceContainer: Registered 'TaskListScreen' (singleton=False)
[2025-12-13 15:54:20.824] [INFO] Resolving Application from container...
[2025-12-13 15:54:20.847] ServiceContainer: Resolving 'Application'...
[2025-12-13 15:54:20.862] [INFO] Resolving Application...
[2025-12-13 15:54:20.875] ServiceContainer: Resolving 'Theme'...
[2025-12-13 15:54:20.893] [INFO] Resolving Theme: Calling Initialize-PmcThemeSystem...
[2025-12-13 15:54:20.913] [INFO] Theme resolved: #33aaff
[2025-12-13 15:54:20.931] [INFO] Loading PmcThemeEngine...
[2025-12-13 15:54:21.041] [DEBUG] Palette [Error] -> #BE2914 (R=190 G=41 B=20)
[2025-12-13 15:54:21.053] [DEBUG] Palette [Status] -> #5C8F6D (R=92 G=143 B=109)
[2025-12-13 15:54:21.065] [DEBUG] Palette [Highlight] -> #228844 (R=34 G=136 B=68)
[2025-12-13 15:54:21.078] [DEBUG] Palette [Text] -> #C2EACF (R=194 G=234 B=207)
[2025-12-13 15:54:21.090] [DEBUG] Palette [Muted] -> #5C8F6D (R=92 G=143 B=109)
[2025-12-13 15:54:21.101] [DEBUG] Palette [Bright] -> #2CB158 (R=44 G=177 B=88)
[2025-12-13 15:54:21.114] [DEBUG] Palette [Warning] -> #7FCA14 (R=127 G=202 B=20)
[2025-12-13 15:54:21.126] [DEBUG] Palette [Header] -> #228844 (R=34 G=136 B=68)
[2025-12-13 15:54:21.137] [DEBUG] Palette [Label] -> #5C8F6D (R=92 G=143 B=109)
[2025-12-13 15:54:21.149] [DEBUG] Palette [Border] -> #185F30 (R=24 G=95 B=48)
[2025-12-13 15:54:21.165] [DEBUG] Palette [Primary] -> #228844 (R=34 G=136 B=68)
[2025-12-13 15:54:21.177] [DEBUG] Palette [Footer] -> #185F30 (R=24 G=95 B=48)
[2025-12-13 15:54:21.189] [DEBUG] Palette [Cursor] -> #228844 (R=34 G=136 B=68)
[2025-12-13 15:54:21.202] [DEBUG] Palette [Success] -> #2CB158 (R=44 G=177 B=88)
[2025-12-13 15:54:21.221] [INFO] LoadFromConfig: Loaded Properties with 16 items
[2025-12-13 15:54:21.238] [INFO] PmcThemeEngine initialized with PMC palette (14 colors)
[2025-12-13 15:54:21.252] ServiceContainer: Resolved 'Theme' successfully
[2025-12-13 15:54:21.345] ServiceContainer: Resolving 'ThemeManager'...
[2025-12-13 15:54:21.360] [INFO] Resolving ThemeManager...
[2025-12-13 15:54:21.483] ServiceContainer: Resolved 'ThemeManager' successfully
[2025-12-13 15:54:21.505] ServiceContainer: Resolved 'Application' successfully
[2025-12-13 15:54:21.516] [INFO] Application resolved and assigned to $global:PmcApp
[2025-12-13 15:54:21.529] [INFO] Loading menus from manifest...
[2025-12-13 15:54:21.541] ServiceContainer: Resolving 'MenuRegistry'...
[2025-12-13 15:54:21.557] [INFO] Resolving MenuRegistry...
[2025-12-13 15:54:21.581] ServiceContainer: Resolved 'MenuRegistry' successfully
[2025-12-13 15:54:21.608] MenuRegistry: Loaded manifest with 24 entries
[2025-12-13 15:54:21.644] ServiceContainer: Registered 'TaskListScreen_Default' (singleton=False)
[2025-12-13 15:54:21.658] MenuRegistry: Registered screen factory 'TaskListScreen_Default' in container (viewMode=)
[2025-12-13 15:54:21.691] MenuRegistry: Registered 'Task List' in 'Tasks' menu (hotkey=L order=5)
[2025-12-13 15:54:21.715] ServiceContainer: Registered 'ChecklistTemplatesFolderScreen' (singleton=False)
[2025-12-13 15:54:21.729] MenuRegistry: Registered screen factory 'ChecklistTemplatesFolderScreen' in container (viewMode=)
[2025-12-13 15:54:21.746] MenuRegistry: Registered 'Checklist Templates' in 'Tools' menu (hotkey=H order=30)
[2025-12-13 15:54:21.762] ServiceContainer: Registered 'TimeReportScreen' (singleton=False)
[2025-12-13 15:54:21.775] MenuRegistry: Registered screen factory 'TimeReportScreen' in container (viewMode=)
[2025-12-13 15:54:21.793] MenuRegistry: Registered 'Time Report' in 'Time' menu (hotkey=R order=20)
[2025-12-13 15:54:21.813] ServiceContainer: Registered 'TaskListScreen_Upcoming' (singleton=False)
[2025-12-13 15:54:21.832] MenuRegistry: Registered screen factory 'TaskListScreen_Upcoming' in container (viewMode=upcoming)
[2025-12-13 15:54:21.846] MenuRegistry: Registered 'Upcoming' in 'Tasks' menu (hotkey=U order=25)
[2025-12-13 15:54:21.863] ServiceContainer: Registered 'WeeklyTimeReportScreen' (singleton=False)
[2025-12-13 15:54:21.874] MenuRegistry: Registered screen factory 'WeeklyTimeReportScreen' in container (viewMode=)
[2025-12-13 15:54:21.889] MenuRegistry: Registered 'Weekly Report' in 'Time' menu (hotkey=W order=10)
[2025-12-13 15:54:21.904] ServiceContainer: Registered 'KanbanScreenV2' (singleton=False)
[2025-12-13 15:54:21.915] MenuRegistry: Registered screen factory 'KanbanScreenV2' in container (viewMode=)
[2025-12-13 15:54:21.929] MenuRegistry: Registered 'Kanban Board' in 'Tasks' menu (hotkey=K order=55)
[2025-12-13 15:54:21.941] ServiceContainer: Registered 'TaskListScreen_Agenda' (singleton=False)
[2025-12-13 15:54:21.955] MenuRegistry: Registered screen factory 'TaskListScreen_Agenda' in container (viewMode=agenda)
[2025-12-13 15:54:21.972] MenuRegistry: Registered 'Agenda View' in 'Tasks' menu (hotkey=A order=50)
[2025-12-13 15:54:21.986] ServiceContainer: Registered 'ProjectListScreen' (singleton=False)
[2025-12-13 15:54:21.998] MenuRegistry: Registered screen factory 'ProjectListScreen' in container (viewMode=)
[2025-12-13 15:54:22.010] MenuRegistry: Registered 'Project List' in 'Projects' menu (hotkey=L order=10)
[2025-12-13 15:54:22.025] ServiceContainer: Registered 'SettingsScreen' (singleton=False)
[2025-12-13 15:54:22.037] MenuRegistry: Registered screen factory 'SettingsScreen' in container (viewMode=)
[2025-12-13 15:54:22.052] MenuRegistry: Registered 'Settings' in 'Options' menu (hotkey=S order=20)
[2025-12-13 15:54:22.063] ServiceContainer: Registered 'TimeListScreen' (singleton=False)
[2025-12-13 15:54:22.075] MenuRegistry: Registered screen factory 'TimeListScreen' in container (viewMode=)
[2025-12-13 15:54:22.089] MenuRegistry: Registered 'Time Tracking' in 'Time' menu (hotkey=T order=5)
[2025-12-13 15:54:22.101] ServiceContainer: Registered 'TaskListScreen_NextActions' (singleton=False)
[2025-12-13 15:54:22.115] MenuRegistry: Registered screen factory 'TaskListScreen_NextActions' in container (viewMode=nextactions)
[2025-12-13 15:54:22.126] MenuRegistry: Registered 'Next Actions' in 'Tasks' menu (hotkey=N order=35)
[2025-12-13 15:54:22.140] ServiceContainer: Registered 'TaskListScreen_Overdue' (singleton=False)
[2025-12-13 15:54:22.151] MenuRegistry: Registered screen factory 'TaskListScreen_Overdue' in container (viewMode=overdue)
[2025-12-13 15:54:22.165] MenuRegistry: Registered 'Overdue' in 'Tasks' menu (hotkey=O order=30)
[2025-12-13 15:54:22.177] ServiceContainer: Registered 'TaskListScreen_Tomorrow' (singleton=False)
[2025-12-13 15:54:22.189] MenuRegistry: Registered screen factory 'TaskListScreen_Tomorrow' in container (viewMode=tomorrow)
[2025-12-13 15:54:22.200] MenuRegistry: Registered 'Tomorrow' in 'Tasks' menu (hotkey=T order=15)
[2025-12-13 15:54:22.213] ServiceContainer: Registered 'ExcelImportScreen' (singleton=False)
[2025-12-13 15:54:22.224] MenuRegistry: Registered screen factory 'ExcelImportScreen' in container (viewMode=)
[2025-12-13 15:54:22.240] MenuRegistry: Registered 'Import from Excel' in 'Projects' menu (hotkey=I order=40)
[2025-12-13 15:54:22.253] ServiceContainer: Registered 'TaskListScreen_Month' (singleton=False)
[2025-12-13 15:54:22.265] MenuRegistry: Registered screen factory 'TaskListScreen_Month' in container (viewMode=month)
[2025-12-13 15:54:22.276] MenuRegistry: Registered 'Month View' in 'Tasks' menu (hotkey=M order=45)
[2025-12-13 15:54:22.288] ServiceContainer: Registered 'NotesMenuScreen' (singleton=False)
[2025-12-13 15:54:22.303] MenuRegistry: Registered screen factory 'NotesMenuScreen' in container (viewMode=)
[2025-12-13 15:54:22.314] MenuRegistry: Registered 'Notes' in 'Tools' menu (hotkey=N order=20)
[2025-12-13 15:54:22.327] ServiceContainer: Registered 'TaskListScreen_Today' (singleton=False)
[2025-12-13 15:54:22.338] MenuRegistry: Registered screen factory 'TaskListScreen_Today' in container (viewMode=today)
[2025-12-13 15:54:22.353] MenuRegistry: Registered 'Today' in 'Tasks' menu (hotkey=Y order=10)
[2025-12-13 15:54:22.365] ServiceContainer: Registered 'TaskListScreen_Week' (singleton=False)
[2025-12-13 15:54:22.377] MenuRegistry: Registered screen factory 'TaskListScreen_Week' in container (viewMode=week)
[2025-12-13 15:54:22.390] MenuRegistry: Registered 'Week View' in 'Tasks' menu (hotkey=W order=20)
[2025-12-13 15:54:22.404] ServiceContainer: Registered 'ExcelProfileManagerScreen' (singleton=False)
[2025-12-13 15:54:22.418] MenuRegistry: Registered screen factory 'ExcelProfileManagerScreen' in container (viewMode=)
[2025-12-13 15:54:22.430] MenuRegistry: Registered 'Excel Profiles' in 'Projects' menu (hotkey=M order=50)
[2025-12-13 15:54:22.443] ServiceContainer: Registered 'ThemeEditorScreen' (singleton=False)
[2025-12-13 15:54:22.455] MenuRegistry: Registered screen factory 'ThemeEditorScreen' in container (viewMode=)
[2025-12-13 15:54:22.468] MenuRegistry: Registered 'Theme Editor' in 'Options' menu (hotkey=T order=10)
[2025-12-13 15:54:22.480] ServiceContainer: Registered 'CommandLibraryScreen' (singleton=False)
[2025-12-13 15:54:22.492] MenuRegistry: Registered screen factory 'CommandLibraryScreen' in container (viewMode=)
[2025-12-13 15:54:22.506] MenuRegistry: Registered 'Command Library' in 'Tools' menu (hotkey=L order=10)
[2025-12-13 15:54:22.519] ServiceContainer: Registered 'HelpViewScreen' (singleton=False)
[2025-12-13 15:54:22.531] MenuRegistry: Registered screen factory 'HelpViewScreen' in container (viewMode=)
[2025-12-13 15:54:22.544] MenuRegistry: Registered 'Help' in 'Help' menu (hotkey=H order=10)
[2025-12-13 15:54:22.558] ServiceContainer: Registered 'ChecklistsLauncherScreen' (singleton=False)
[2025-12-13 15:54:22.570] MenuRegistry: Registered screen factory 'ChecklistsLauncherScreen' in container (viewMode=)
[2025-12-13 15:54:22.584] MenuRegistry: Registered 'Checklists' in 'Tools' menu (hotkey=C order=25)
[2025-12-13 15:54:22.598] ServiceContainer: Registered 'TaskListScreen_NoDate' (singleton=False)
[2025-12-13 15:54:22.614] MenuRegistry: Registered screen factory 'TaskListScreen_NoDate' in container (viewMode=noduedate)
[2025-12-13 15:54:22.628] MenuRegistry: Registered 'No Due Date' in 'Tasks' menu (hotkey=D order=40)
[2025-12-13 15:54:22.641] [INFO] Menus loaded from C:\Users\jhnhe\OneDrive\Documents\GitHub\project-management-console\og_transport\HYBRID\module\Pmc.Strict\consoleui\screens\MenuItems.psd1
[2025-12-13 15:54:22.657] [INFO] Launching screen: TaskList
[2025-12-13 15:54:22.669] [INFO] Resolving TaskListScreen from container...
[2025-12-13 15:54:22.683] ServiceContainer: Resolving 'TaskListScreen'...
[2025-12-13 15:54:22.700] [INFO] Resolving TaskListScreen...
[2025-12-13 15:54:22.714] ServiceContainer: Resolving 'TaskStore'...
[2025-12-13 15:54:22.733] [INFO] Resolving TaskStore...
[2025-12-13 15:54:22.783] [DEBUG] TaskStore.LoadData: Starting
[2025-12-13 15:54:22.800] [DEBUG] TaskStore.LoadData: Calling Get-PmcData
[2025-12-13 15:54:23.094] [DEBUG] TaskStore.LoadData: Get-PmcData returned - tasks=4 projects=2 timelogs=3
[2025-12-13 15:54:23.116] [DEBUG] TaskStore.LoadData: Loaded 4 tasks
[2025-12-13 15:54:23.136] [DEBUG] TaskStore.LoadData: Loaded 2 projects
[2025-12-13 15:54:23.153] [DEBUG] TaskStore.LoadData: First project name='p1' ID1='111'
[2025-12-13 15:54:23.173] ServiceContainer: Resolved 'TaskStore' successfully
[2025-12-13 15:54:25.499] [DEBUG] PmcScreen.AddContentWidget: Adding UniversalList (Total: 1)
[2025-12-13 15:54:25.506] [DEBUG] PmcScreen.AddContentWidget: Adding FilterPanel (Total: 2)
[2025-12-13 15:54:25.520] [DEBUG] PmcScreen.AddContentWidget: Adding InlineEditor (Total: 3)
[2025-12-13 15:54:25.572] [DEBUG] TaskListScreen: Constructor started
[2025-12-13 15:54:25.631] _PopulateMenusFromRegistry: Menu 'Tasks' has 11 items from registry (array)
[2025-12-13 15:54:25.658] _PopulateMenusFromRegistry: Menu 'Help' has 1 items from registry (array)
[2025-12-13 15:54:25.675] _PopulateMenusFromRegistry: Menu 'Projects' has 3 items from registry (array)
[2025-12-13 15:54:25.694] _PopulateMenusFromRegistry: Menu 'Time' has 3 items from registry (array)
[2025-12-13 15:54:25.709] _PopulateMenusFromRegistry: Menu 'Tools' has 4 items from registry (array)
[2025-12-13 15:54:25.725] _PopulateMenusFromRegistry: Menu 'Options' has 2 items from registry (array)
[2025-12-13 15:54:25.738] [DEBUG] TaskListScreen: Constructor completed
[2025-12-13 15:54:25.752] ServiceContainer: Resolved 'TaskListScreen' successfully
[2025-12-13 15:54:25.765] [INFO] Pushing screen to app...
[2025-12-13 15:54:26.114] [DEBUG] LoadData: Got 4 tasks from Store
[2025-12-13 15:54:26.209] [DEBUG] TaskListScreen.LoadData: Setting 4 tasks
[2025-12-13 15:54:26.226] [DEBUG] UniversalList.SetData: START
[2025-12-13 15:54:26.288] [DEBUG] UniversalList.SetData: COMPLETE (4 items)
[2025-12-13 15:54:26.326] [INFO] Screen pushed successfully
[2025-12-13 15:54:26.340] [INFO] Starting event loop...
[2025-12-13 15:54:26.591] [DEBUG] UniversalList.RenderToEngine: W=100 H=23 MaxRows=17 Items=4 RegionCount=0
[2025-12-13 15:54:27.339] [DEBUG] Row 0 Col 0: 't2' (Region: UniversalList_39f68266_Row_0_title) FG=16777215 BG=2263108
[2025-12-13 15:54:27.357] [DEBUG] Row 0 Col 1: 'd2' (Region: UniversalList_39f68266_Row_0_details) FG=16777215 BG=2263108
[2025-12-13 15:54:27.378] [DEBUG] Row 0 Col 2: 'Dec 16' (Region: UniversalList_39f68266_Row_0_due) FG=16777215 BG=2263108
[2025-12-13 15:54:27.392] [DEBUG] Row 0 Col 3: '' (Region: UniversalList_39f68266_Row_0_project) FG=16777215 BG=2263108
[2025-12-13 15:54:27.408] [DEBUG] Row 0 Col 4: '' (Region: UniversalList_39f68266_Row_0_tags) FG=16777215 BG=2263108
[2025-12-13 15:54:27.434] [DEBUG] PmcScreen: Calling RenderToEngine on UniversalList
[2025-12-13 15:54:27.450] [DEBUG] UniversalList.RenderToEngine: W=100 H=23 MaxRows=17 Items=4 RegionCount=17
[2025-12-13 15:54:27.505] [DEBUG] Row 0 Col 0: 't2' (Region: UniversalList_39f68266_Row_0_title) FG=16777215 BG=2263108
[2025-12-13 15:54:27.519] [DEBUG] Row 0 Col 1: 'd2' (Region: UniversalList_39f68266_Row_0_details) FG=16777215 BG=2263108
[2025-12-13 15:54:27.533] [DEBUG] Row 0 Col 2: 'Dec 16' (Region: UniversalList_39f68266_Row_0_due) FG=16777215 BG=2263108
[2025-12-13 15:54:27.549] [DEBUG] Row 0 Col 3: '' (Region: UniversalList_39f68266_Row_0_project) FG=16777215 BG=2263108
[2025-12-13 15:54:27.563] [DEBUG] Row 0 Col 4: '' (Region: UniversalList_39f68266_Row_0_tags) FG=16777215 BG=2263108
[2025-12-13 15:54:27.586] [DEBUG] PmcScreen: Calling RenderToEngine on FilterPanel
[2025-12-13 15:54:27.668] [DEBUG] PmcScreen: Calling RenderToEngine on InlineEditor
[2025-12-13 15:54:27.758] [DEBUG] UniversalList.RenderToEngine: W=100 H=23 MaxRows=17 Items=4 RegionCount=17
[2025-12-13 15:54:27.808] [DEBUG] Row 0 Col 0: 't2' (Region: UniversalList_39f68266_Row_0_title) FG=16777215 BG=2263108
[2025-12-13 15:54:27.823] [DEBUG] Row 0 Col 1: 'd2' (Region: UniversalList_39f68266_Row_0_details) FG=16777215 BG=2263108
[2025-12-13 15:54:27.836] [DEBUG] Row 0 Col 2: 'Dec 16' (Region: UniversalList_39f68266_Row_0_due) FG=16777215 BG=2263108
[2025-12-13 15:54:27.852] [DEBUG] Row 0 Col 3: '' (Region: UniversalList_39f68266_Row_0_project) FG=16777215 BG=2263108
[2025-12-13 15:54:27.883] [DEBUG] Row 0 Col 4: '' (Region: UniversalList_39f68266_Row_0_tags) FG=16777215 BG=2263108
[2025-12-13 15:58:10.291] [DEBUG] UniversalList.RenderToEngine: W=100 H=23 MaxRows=17 Items=4 RegionCount=17
[2025-12-13 15:58:11.000] [DEBUG] Row 0 Col 0: 't2' (Region: UniversalList_39f68266_Row_0_title) FG=16777215 BG=2263108
[2025-12-13 15:58:11.030] [DEBUG] Row 0 Col 1: 'd2' (Region: UniversalList_39f68266_Row_0_details) FG=16777215 BG=2263108
[2025-12-13 15:58:11.057] [DEBUG] Row 0 Col 2: 'Dec 16' (Region: UniversalList_39f68266_Row_0_due) FG=16777215 BG=2263108
[2025-12-13 15:58:11.086] [DEBUG] Row 0 Col 3: '' (Region: UniversalList_39f68266_Row_0_project) FG=16777215 BG=2263108
[2025-12-13 15:58:11.106] [DEBUG] Row 0 Col 4: '' (Region: UniversalList_39f68266_Row_0_tags) FG=16777215 BG=2263108
[2025-12-13 15:58:11.138] [DEBUG] PmcScreen: Calling RenderToEngine on UniversalList
[2025-12-13 15:58:11.158] [DEBUG] UniversalList.RenderToEngine: W=100 H=23 MaxRows=17 Items=4 RegionCount=17
[2025-12-13 15:58:11.890] [DEBUG] Row 0 Col 0: 't2' (Region: UniversalList_39f68266_Row_0_title) FG=16777215 BG=2263108
[2025-12-13 15:58:11.916] [DEBUG] Row 0 Col 1: 'd2' (Region: UniversalList_39f68266_Row_0_details) FG=16777215 BG=2263108
[2025-12-13 15:58:11.952] [DEBUG] Row 0 Col 2: 'Dec 16' (Region: UniversalList_39f68266_Row_0_due) FG=16777215 BG=2263108
[2025-12-13 15:58:11.973] [DEBUG] Row 0 Col 3: '' (Region: UniversalList_39f68266_Row_0_project) FG=16777215 BG=2263108
[2025-12-13 15:58:12.003] [DEBUG] Row 0 Col 4: '' (Region: UniversalList_39f68266_Row_0_tags) FG=16777215 BG=2263108
[2025-12-13 15:58:12.029] [DEBUG] PmcScreen: Calling RenderToEngine on FilterPanel
[2025-12-13 15:58:12.068] [DEBUG] PmcScreen: Calling RenderToEngine on InlineEditor
[2025-12-13 15:58:12.099] [DEBUG] UniversalList.RenderToEngine: W=100 H=23 MaxRows=17 Items=4 RegionCount=17
[2025-12-13 15:58:12.580] [DEBUG] Row 0 Col 0: 't2' (Region: UniversalList_39f68266_Row_0_title) FG=16777215 BG=2263108
[2025-12-13 15:58:12.596] [DEBUG] Row 0 Col 1: 'd2' (Region: UniversalList_39f68266_Row_0_details) FG=16777215 BG=2263108
[2025-12-13 15:58:12.613] [DEBUG] Row 0 Col 2: 'Dec 16' (Region: UniversalList_39f68266_Row_0_due) FG=16777215 BG=2263108
[2025-12-13 15:58:12.628] [DEBUG] Row 0 Col 3: '' (Region: UniversalList_39f68266_Row_0_project) FG=16777215 BG=2263108
[2025-12-13 15:58:12.643] [DEBUG] Row 0 Col 4: '' (Region: UniversalList_39f68266_Row_0_tags) FG=16777215 BG=2263108
[2025-12-13 21:35:14.638] [DEBUG] UniversalList.RenderToEngine: W=100 H=23 MaxRows=17 Items=4 RegionCount=17
[2025-12-13 21:35:14.870] [DEBUG] Row 0 Col 0: 't2' (Region: UniversalList_39f68266_Row_0_title) FG=16777215 BG=2263108
[2025-12-13 21:35:14.886] [DEBUG] Row 0 Col 1: 'd2' (Region: UniversalList_39f68266_Row_0_details) FG=16777215 BG=2263108
[2025-12-13 21:35:14.906] [DEBUG] Row 0 Col 2: 'Dec 16' (Region: UniversalList_39f68266_Row_0_due) FG=16777215 BG=2263108
[2025-12-13 21:35:14.919] [DEBUG] Row 0 Col 3: '' (Region: UniversalList_39f68266_Row_0_project) FG=16777215 BG=2263108
[2025-12-13 21:35:14.938] [DEBUG] Row 0 Col 4: '' (Region: UniversalList_39f68266_Row_0_tags) FG=16777215 BG=2263108
[2025-12-13 21:35:14.961] [DEBUG] PmcScreen: Calling RenderToEngine on UniversalList
[2025-12-13 21:35:14.977] [DEBUG] UniversalList.RenderToEngine: W=100 H=23 MaxRows=17 Items=4 RegionCount=17
[2025-12-13 21:35:15.039] [DEBUG] Row 0 Col 0: 't2' (Region: UniversalList_39f68266_Row_0_title) FG=16777215 BG=2263108
[2025-12-13 21:35:15.055] [DEBUG] Row 0 Col 1: 'd2' (Region: UniversalList_39f68266_Row_0_details) FG=16777215 BG=2263108
[2025-12-13 21:35:15.068] [DEBUG] Row 0 Col 2: 'Dec 16' (Region: UniversalList_39f68266_Row_0_due) FG=16777215 BG=2263108
[2025-12-13 21:35:15.085] [DEBUG] Row 0 Col 3: '' (Region: UniversalList_39f68266_Row_0_project) FG=16777215 BG=2263108
[2025-12-13 21:35:15.099] [DEBUG] Row 0 Col 4: '' (Region: UniversalList_39f68266_Row_0_tags) FG=16777215 BG=2263108
[2025-12-13 21:35:15.127] [DEBUG] PmcScreen: Calling RenderToEngine on FilterPanel
[2025-12-13 21:35:15.155] [DEBUG] PmcScreen: Calling RenderToEngine on InlineEditor
[2025-12-13 21:35:15.182] [DEBUG] UniversalList.RenderToEngine: W=100 H=23 MaxRows=17 Items=4 RegionCount=17
[2025-12-13 21:35:15.232] [DEBUG] Row 0 Col 0: 't2' (Region: UniversalList_39f68266_Row_0_title) FG=16777215 BG=2263108
[2025-12-13 21:35:15.251] [DEBUG] Row 0 Col 1: 'd2' (Region: UniversalList_39f68266_Row_0_details) FG=16777215 BG=2263108
[2025-12-13 21:35:15.269] [DEBUG] Row 0 Col 2: 'Dec 16' (Region: UniversalList_39f68266_Row_0_due) FG=16777215 BG=2263108
[2025-12-13 21:35:15.290] [DEBUG] Row 0 Col 3: '' (Region: UniversalList_39f68266_Row_0_project) FG=16777215 BG=2263108
[2025-12-13 21:35:15.309] [DEBUG] Row 0 Col 4: '' (Region: UniversalList_39f68266_Row_0_tags) FG=16777215 BG=2263108
