[2025-12-13 20:55:41.897] [INFO] Loading PMC module...
[2025-12-13 20:55:44.852] [INFO] PMC module loaded
[2025-12-13 20:55:44.854] [INFO] Loading dependencies (FieldSchemas, etc.)...
[2025-12-13 20:55:45.248] [INFO] Dependencies loaded
[2025-12-13 20:55:45.271] [INFO] Loading SpeedTUI framework...
[2025-12-13 20:55:45.836] [INFO] SpeedTUI framework loaded
[2025-12-13 20:55:45.853] [INFO] Loading PraxisVT...
[2025-12-13 20:55:45.891] [INFO] PraxisVT loaded
[2025-12-13 20:55:45.908] [INFO] Loading core dependencies...
[2025-12-13 20:55:46.025] [INFO] Core dependencies loaded
[2025-12-13 20:55:46.041] [INFO] Loading widget base classes...
[2025-12-13 20:55:46.128] [INFO] Widget base classes loaded
[2025-12-13 20:55:46.145] [INFO] Loading services...
[2025-12-13 20:55:46.488] [INFO] Services loaded
[2025-12-13 20:55:46.526] [INFO] Loading helpers...
[2025-12-13 20:55:47.674] [INFO] Helpers loaded
[2025-12-13 20:55:47.689] [INFO] Loading widgets...
[2025-12-13 20:55:48.314] [INFO] Widgets loaded
[2025-12-13 20:55:48.331] [INFO] Loading screen base class...
[2025-12-13 20:55:48.376] [INFO] Screen base class loaded
[2025-12-13 20:55:48.386] [INFO] Loading HelpViewScreen (needed by base classes)...
[2025-12-13 20:55:48.434] [INFO] HelpViewScreen loaded
[2025-12-13 20:55:48.452] [INFO] Loading base classes...
[2025-12-13 20:55:48.692] [INFO] Base classes loaded
[2025-12-13 20:55:48.708] [INFO] Loading ServiceContainer (needed by screens)...
[2025-12-13 20:55:48.778] [INFO] ServiceContainer loaded
[2025-12-13 20:55:48.808] [INFO] Loading remaining screens...
[2025-12-13 20:55:49.262] [INFO] Remaining screens loaded
[2025-12-13 20:55:49.283] [INFO] Loading PmcApplication...
[2025-12-13 20:55:49.357] [INFO] PmcApplication loaded
[2025-12-13 20:55:49.395] [INFO] All components loaded successfully
[2025-12-13 20:55:49.477] [INFO] Starting PMC TUI with screen: TaskList
[2025-12-13 20:55:49.533] [INFO] Cleared stale PmcSharedMenuBar and MenuRegistry singleton
[2025-12-13 20:55:49.585] [INFO] Creating ServiceContainer...
[2025-12-13 20:55:49.632] [INFO] ServiceContainer created
[2025-12-13 20:55:49.663] [INFO] Registering Theme service...
[2025-12-13 20:55:49.737] ServiceContainer: Registered 'Theme' (singleton=True)
[2025-12-13 20:55:49.767] [INFO] Registering ThemeManager...
[2025-12-13 20:55:49.794] ServiceContainer: Registered 'ThemeManager' (singleton=True)
[2025-12-13 20:55:49.823] [INFO] Registering Config service...
[2025-12-13 20:55:49.860] ServiceContainer: Registered 'Config' (singleton=True)
[2025-12-13 20:55:49.941] [INFO] Registering TaskStore service...
[2025-12-13 20:55:49.980] ServiceContainer: Registered 'TaskStore' (singleton=True)
[2025-12-13 20:55:50.107] [INFO] Registering MenuRegistry service...
[2025-12-13 20:55:50.206] ServiceContainer: Registered 'MenuRegistry' (singleton=True)
[2025-12-13 20:55:50.237] [INFO] Registering Application service...
[2025-12-13 20:55:50.312] ServiceContainer: Registered 'Application' (singleton=True)
[2025-12-13 20:55:50.354] [INFO] Registering CommandService...
[2025-12-13 20:55:50.418] ServiceContainer: Registered 'CommandService' (singleton=True)
[2025-12-13 20:55:50.455] [INFO] Registering ChecklistService...
[2025-12-13 20:55:50.485] ServiceContainer: Registered 'ChecklistService' (singleton=True)
[2025-12-13 20:55:50.515] [INFO] Registering NoteService...
[2025-12-13 20:55:50.542] ServiceContainer: Registered 'NoteService' (singleton=True)
[2025-12-13 20:55:50.569] [INFO] Registering ExcelMappingService...
[2025-12-13 20:55:50.586] ServiceContainer: Registered 'ExcelMappingService' (singleton=True)
[2025-12-13 20:55:50.602] [INFO] Registering PreferencesService...
[2025-12-13 20:55:50.618] ServiceContainer: Registered 'PreferencesService' (singleton=True)
[2025-12-13 20:55:50.633] [INFO] Registering screen factories...
[2025-12-13 20:55:50.647] ServiceContainer: Registered 'TaskListScreen' (singleton=False)
[2025-12-13 20:55:50.660] [INFO] Resolving Application from container...
[2025-12-13 20:55:50.686] ServiceContainer: Resolving 'Application'...
[2025-12-13 20:55:50.713] [INFO] Resolving Application...
[2025-12-13 20:55:50.741] ServiceContainer: Resolving 'Theme'...
[2025-12-13 20:55:50.816] [INFO] Resolving Theme: Calling Initialize-PmcThemeSystem...
[2025-12-13 20:55:50.864] [INFO] Theme resolved: #33aaff
[2025-12-13 20:55:50.893] [INFO] Loading PmcThemeEngine...
[2025-12-13 20:55:51.177] [DEBUG] Palette [Highlight] -> #228844 (R=34 G=136 B=68)
[2025-12-13 20:55:51.233] [DEBUG] Palette [Status] -> #5C8F6D (R=92 G=143 B=109)
[2025-12-13 20:55:51.285] [DEBUG] Palette [Warning] -> #7FCA14 (R=127 G=202 B=20)
[2025-12-13 20:55:51.319] [DEBUG] Palette [Success] -> #2CB158 (R=44 G=177 B=88)
[2025-12-13 20:55:51.349] [DEBUG] Palette [Border] -> #185F30 (R=24 G=95 B=48)
[2025-12-13 20:55:51.365] [DEBUG] Palette [Header] -> #228844 (R=34 G=136 B=68)
[2025-12-13 20:55:51.381] [DEBUG] Palette [Error] -> #BE2914 (R=190 G=41 B=20)
[2025-12-13 20:55:51.396] [DEBUG] Palette [Label] -> #5C8F6D (R=92 G=143 B=109)
[2025-12-13 20:55:51.413] [DEBUG] Palette [Cursor] -> #228844 (R=34 G=136 B=68)
[2025-12-13 20:55:51.429] [DEBUG] Palette [Primary] -> #228844 (R=34 G=136 B=68)
[2025-12-13 20:55:51.453] [DEBUG] Palette [Text] -> #C2EACF (R=194 G=234 B=207)
[2025-12-13 20:55:51.469] [DEBUG] Palette [Muted] -> #5C8F6D (R=92 G=143 B=109)
[2025-12-13 20:55:51.485] [DEBUG] Palette [Footer] -> #185F30 (R=24 G=95 B=48)
[2025-12-13 20:55:51.499] [DEBUG] Palette [Bright] -> #2CB158 (R=44 G=177 B=88)
[2025-12-13 20:55:51.522] [INFO] LoadFromConfig: Loaded Properties with 16 items
[2025-12-13 20:55:51.543] [INFO] PmcThemeEngine initialized with PMC palette (14 colors)
[2025-12-13 20:55:51.560] ServiceContainer: Resolved 'Theme' successfully
[2025-12-13 20:55:51.658] ServiceContainer: Resolving 'ThemeManager'...
[2025-12-13 20:55:51.671] [INFO] Resolving ThemeManager...
[2025-12-13 20:55:51.790] ServiceContainer: Resolved 'ThemeManager' successfully
[2025-12-13 20:55:51.807] ServiceContainer: Resolved 'Application' successfully
[2025-12-13 20:55:51.820] [INFO] Application resolved and assigned to $global:PmcApp
[2025-12-13 20:55:51.834] [INFO] Loading menus from manifest...
[2025-12-13 20:55:51.846] ServiceContainer: Resolving 'MenuRegistry'...
[2025-12-13 20:55:51.861] [INFO] Resolving MenuRegistry...
[2025-12-13 20:55:51.883] ServiceContainer: Resolved 'MenuRegistry' successfully
[2025-12-13 20:55:51.908] MenuRegistry: Loaded manifest with 24 entries
[2025-12-13 20:55:51.948] ServiceContainer: Registered 'SettingsScreen' (singleton=False)
[2025-12-13 20:55:51.965] MenuRegistry: Registered screen factory 'SettingsScreen' in container (viewMode=)
[2025-12-13 20:55:51.999] MenuRegistry: Registered 'Settings' in 'Options' menu (hotkey=S order=20)
[2025-12-13 20:55:52.016] ServiceContainer: Registered 'TaskListScreen_Default' (singleton=False)
[2025-12-13 20:55:52.031] MenuRegistry: Registered screen factory 'TaskListScreen_Default' in container (viewMode=)
[2025-12-13 20:55:52.046] MenuRegistry: Registered 'Task List' in 'Tasks' menu (hotkey=L order=5)
[2025-12-13 20:55:52.059] ServiceContainer: Registered 'ChecklistTemplatesFolderScreen' (singleton=False)
[2025-12-13 20:55:52.072] MenuRegistry: Registered screen factory 'ChecklistTemplatesFolderScreen' in container (viewMode=)
[2025-12-13 20:55:52.089] MenuRegistry: Registered 'Checklist Templates' in 'Tools' menu (hotkey=H order=30)
[2025-12-13 20:55:52.108] ServiceContainer: Registered 'TaskListScreen_NoDate' (singleton=False)
[2025-12-13 20:55:52.122] MenuRegistry: Registered screen factory 'TaskListScreen_NoDate' in container (viewMode=noduedate)
[2025-12-13 20:55:52.135] MenuRegistry: Registered 'No Due Date' in 'Tasks' menu (hotkey=D order=40)
[2025-12-13 20:55:52.150] ServiceContainer: Registered 'TaskListScreen_Today' (singleton=False)
[2025-12-13 20:55:52.163] MenuRegistry: Registered screen factory 'TaskListScreen_Today' in container (viewMode=today)
[2025-12-13 20:55:52.180] MenuRegistry: Registered 'Today' in 'Tasks' menu (hotkey=Y order=10)
[2025-12-13 20:55:52.198] ServiceContainer: Registered 'CommandLibraryScreen' (singleton=False)
[2025-12-13 20:55:52.212] MenuRegistry: Registered screen factory 'CommandLibraryScreen' in container (viewMode=)
[2025-12-13 20:55:52.231] MenuRegistry: Registered 'Command Library' in 'Tools' menu (hotkey=L order=10)
[2025-12-13 20:55:52.251] ServiceContainer: Registered 'WeeklyTimeReportScreen' (singleton=False)
[2025-12-13 20:55:52.265] MenuRegistry: Registered screen factory 'WeeklyTimeReportScreen' in container (viewMode=)
[2025-12-13 20:55:52.288] MenuRegistry: Registered 'Weekly Report' in 'Time' menu (hotkey=W order=10)
[2025-12-13 20:55:52.302] ServiceContainer: Registered 'TimeReportScreen' (singleton=False)
[2025-12-13 20:55:52.316] MenuRegistry: Registered screen factory 'TimeReportScreen' in container (viewMode=)
[2025-12-13 20:55:52.329] MenuRegistry: Registered 'Time Report' in 'Time' menu (hotkey=R order=20)
[2025-12-13 20:55:52.340] ServiceContainer: Registered 'ProjectListScreen' (singleton=False)
[2025-12-13 20:55:52.354] MenuRegistry: Registered screen factory 'ProjectListScreen' in container (viewMode=)
[2025-12-13 20:55:52.368] MenuRegistry: Registered 'Project List' in 'Projects' menu (hotkey=L order=10)
[2025-12-13 20:55:52.381] ServiceContainer: Registered 'TaskListScreen_NextActions' (singleton=False)
[2025-12-13 20:55:52.395] MenuRegistry: Registered screen factory 'TaskListScreen_NextActions' in container (viewMode=nextactions)
[2025-12-13 20:55:52.407] MenuRegistry: Registered 'Next Actions' in 'Tasks' menu (hotkey=N order=35)
[2025-12-13 20:55:52.419] ServiceContainer: Registered 'TimeListScreen' (singleton=False)
[2025-12-13 20:55:52.432] MenuRegistry: Registered screen factory 'TimeListScreen' in container (viewMode=)
[2025-12-13 20:55:52.447] MenuRegistry: Registered 'Time Tracking' in 'Time' menu (hotkey=T order=5)
[2025-12-13 20:55:52.459] ServiceContainer: Registered 'TaskListScreen_Overdue' (singleton=False)
[2025-12-13 20:55:52.472] MenuRegistry: Registered screen factory 'TaskListScreen_Overdue' in container (viewMode=overdue)
[2025-12-13 20:55:52.486] MenuRegistry: Registered 'Overdue' in 'Tasks' menu (hotkey=O order=30)
[2025-12-13 20:55:52.502] ServiceContainer: Registered 'ExcelProfileManagerScreen' (singleton=False)
[2025-12-13 20:55:52.515] MenuRegistry: Registered screen factory 'ExcelProfileManagerScreen' in container (viewMode=)
[2025-12-13 20:55:52.528] MenuRegistry: Registered 'Excel Profiles' in 'Projects' menu (hotkey=M order=50)
[2025-12-13 20:55:52.539] ServiceContainer: Registered 'ChecklistsLauncherScreen' (singleton=False)
[2025-12-13 20:55:52.554] MenuRegistry: Registered screen factory 'ChecklistsLauncherScreen' in container (viewMode=)
[2025-12-13 20:55:52.566] MenuRegistry: Registered 'Checklists' in 'Tools' menu (hotkey=C order=25)
[2025-12-13 20:55:52.583] ServiceContainer: Registered 'TaskListScreen_Month' (singleton=False)
[2025-12-13 20:55:52.607] MenuRegistry: Registered screen factory 'TaskListScreen_Month' in container (viewMode=month)
[2025-12-13 20:55:52.631] MenuRegistry: Registered 'Month View' in 'Tasks' menu (hotkey=M order=45)
[2025-12-13 20:55:52.658] ServiceContainer: Registered 'ExcelImportScreen' (singleton=False)
[2025-12-13 20:55:52.686] MenuRegistry: Registered screen factory 'ExcelImportScreen' in container (viewMode=)
[2025-12-13 20:55:52.711] MenuRegistry: Registered 'Import from Excel' in 'Projects' menu (hotkey=I order=40)
[2025-12-13 20:55:52.731] ServiceContainer: Registered 'TaskListScreen_Upcoming' (singleton=False)
[2025-12-13 20:55:52.752] MenuRegistry: Registered screen factory 'TaskListScreen_Upcoming' in container (viewMode=upcoming)
[2025-12-13 20:55:52.776] MenuRegistry: Registered 'Upcoming' in 'Tasks' menu (hotkey=U order=25)
[2025-12-13 20:55:52.793] ServiceContainer: Registered 'KanbanScreenV2' (singleton=False)
[2025-12-13 20:55:52.811] MenuRegistry: Registered screen factory 'KanbanScreenV2' in container (viewMode=)
[2025-12-13 20:55:52.829] MenuRegistry: Registered 'Kanban Board' in 'Tasks' menu (hotkey=K order=55)
[2025-12-13 20:55:52.850] ServiceContainer: Registered 'TaskListScreen_Agenda' (singleton=False)
[2025-12-13 20:55:52.875] MenuRegistry: Registered screen factory 'TaskListScreen_Agenda' in container (viewMode=agenda)
[2025-12-13 20:55:52.898] MenuRegistry: Registered 'Agenda View' in 'Tasks' menu (hotkey=A order=50)
[2025-12-13 20:55:52.919] ServiceContainer: Registered 'ThemeEditorScreen' (singleton=False)
[2025-12-13 20:55:52.938] MenuRegistry: Registered screen factory 'ThemeEditorScreen' in container (viewMode=)
[2025-12-13 20:55:52.956] MenuRegistry: Registered 'Theme Editor' in 'Options' menu (hotkey=T order=10)
[2025-12-13 20:55:52.977] ServiceContainer: Registered 'TaskListScreen_Week' (singleton=False)
[2025-12-13 20:55:53.002] MenuRegistry: Registered screen factory 'TaskListScreen_Week' in container (viewMode=week)
[2025-12-13 20:55:53.024] MenuRegistry: Registered 'Week View' in 'Tasks' menu (hotkey=W order=20)
[2025-12-13 20:55:53.041] ServiceContainer: Registered 'NotesMenuScreen' (singleton=False)
[2025-12-13 20:55:53.060] MenuRegistry: Registered screen factory 'NotesMenuScreen' in container (viewMode=)
[2025-12-13 20:55:53.077] MenuRegistry: Registered 'Notes' in 'Tools' menu (hotkey=N order=20)
[2025-12-13 20:55:53.094] ServiceContainer: Registered 'HelpViewScreen' (singleton=False)
[2025-12-13 20:55:53.120] MenuRegistry: Registered screen factory 'HelpViewScreen' in container (viewMode=)
[2025-12-13 20:55:53.148] MenuRegistry: Registered 'Help' in 'Help' menu (hotkey=H order=10)
[2025-12-13 20:55:53.185] ServiceContainer: Registered 'TaskListScreen_Tomorrow' (singleton=False)
[2025-12-13 20:55:53.215] MenuRegistry: Registered screen factory 'TaskListScreen_Tomorrow' in container (viewMode=tomorrow)
[2025-12-13 20:55:53.248] MenuRegistry: Registered 'Tomorrow' in 'Tasks' menu (hotkey=T order=15)
[2025-12-13 20:55:53.275] [INFO] Menus loaded from C:\Users\jhnhe\OneDrive\Documents\GitHub\project-management-console\og_transport\HYBRID\module\Pmc.Strict\consoleui\screens\MenuItems.psd1
[2025-12-13 20:55:53.300] [INFO] Launching screen: TaskList
[2025-12-13 20:55:53.318] [INFO] Resolving TaskListScreen from container...
[2025-12-13 20:55:53.337] ServiceContainer: Resolving 'TaskListScreen'...
[2025-12-13 20:55:53.355] [INFO] Resolving TaskListScreen...
[2025-12-13 20:55:53.376] ServiceContainer: Resolving 'TaskStore'...
[2025-12-13 20:55:53.400] [INFO] Resolving TaskStore...
[2025-12-13 20:55:53.459] [DEBUG] TaskStore.LoadData: Starting
[2025-12-13 20:55:53.480] [DEBUG] TaskStore.LoadData: Calling Get-PmcData
[2025-12-13 20:55:53.925] [DEBUG] TaskStore.LoadData: Get-PmcData returned - tasks=4 projects=2 timelogs=3
[2025-12-13 20:55:53.951] [DEBUG] TaskStore.LoadData: Loaded 4 tasks
[2025-12-13 20:55:53.976] [DEBUG] TaskStore.LoadData: Loaded 2 projects
[2025-12-13 20:55:53.998] [DEBUG] TaskStore.LoadData: First project name='p1' ID1='111'
[2025-12-13 20:55:54.028] ServiceContainer: Resolved 'TaskStore' successfully
[2025-12-13 20:55:54.714] [DEBUG] PmcScreen.AddContentWidget: Adding UniversalList (Total: 1)
[2025-12-13 20:55:54.775] [DEBUG] TaskListScreen: Constructor started
[2025-12-13 20:55:54.845] _PopulateMenusFromRegistry: Menu 'Time' has 3 items from registry (array)
[2025-12-13 20:55:54.884] _PopulateMenusFromRegistry: Menu 'Tools' has 4 items from registry (array)
[2025-12-13 20:55:54.907] _PopulateMenusFromRegistry: Menu 'Options' has 2 items from registry (array)
[2025-12-13 20:55:54.932] _PopulateMenusFromRegistry: Menu 'Help' has 1 items from registry (array)
[2025-12-13 20:55:54.954] _PopulateMenusFromRegistry: Menu 'Projects' has 3 items from registry (array)
[2025-12-13 20:55:54.977] _PopulateMenusFromRegistry: Menu 'Tasks' has 11 items from registry (array)
[2025-12-13 20:55:55.002] [DEBUG] TaskListScreen: Constructor completed
[2025-12-13 20:55:55.020] ServiceContainer: Resolved 'TaskListScreen' successfully
[2025-12-13 20:55:55.046] [INFO] Pushing screen to app...
[2025-12-13 20:55:55.602] [DEBUG] LoadData: Got 4 tasks from Store
[2025-12-13 20:55:55.687] [DEBUG] TaskListScreen.LoadData: Setting 4 tasks
[2025-12-13 20:55:55.702] [DEBUG] UniversalList.SetData: START
[2025-12-13 20:55:55.761] [DEBUG] UniversalList.SetData: COMPLETE (4 items)
[2025-12-13 20:55:55.796] [INFO] Screen pushed successfully
[2025-12-13 20:55:55.808] [INFO] Starting event loop...
[2025-12-13 20:55:56.194] [DEBUG] PmcScreen: Calling RenderToEngine on UniversalList
[2025-12-13 20:56:20.291] [DEBUG] PmcScreen: Calling RenderToEngine on UniversalList
