[2025-12-14 16:04:44.762] [INFO] Loading PMC module...
[2025-12-14 16:04:47.104] [INFO] PMC module loaded
[2025-12-14 16:04:47.107] [INFO] Loading dependencies (FieldSchemas, etc.)...
[2025-12-14 16:04:47.259] [INFO] Dependencies loaded
[2025-12-14 16:04:47.268] [INFO] Loading SpeedTUI framework...
[2025-12-14 16:04:47.820] [INFO] SpeedTUI framework loaded
[2025-12-14 16:04:47.830] [INFO] Loading PraxisVT...
[2025-12-14 16:04:47.869] [INFO] PraxisVT loaded
[2025-12-14 16:04:47.880] [INFO] Loading core dependencies...
[2025-12-14 16:04:48.026] [INFO] Core dependencies loaded
[2025-12-14 16:04:48.028] [INFO] Loading widget base classes...
[2025-12-14 16:04:48.108] [INFO] Widget base classes loaded
[2025-12-14 16:04:48.117] [INFO] Loading services...
[2025-12-14 16:04:48.477] [INFO] Services loaded
[2025-12-14 16:04:48.487] [INFO] Loading helpers...
[2025-12-14 16:04:49.427] [INFO] Helpers loaded
[2025-12-14 16:04:49.438] [INFO] Loading widgets...
[2025-12-14 16:04:50.258] [INFO] Widgets loaded
[2025-12-14 16:04:50.267] [INFO] Loading screen base class...
[2025-12-14 16:04:50.317] [INFO] Screen base class loaded
[2025-12-14 16:04:50.327] [INFO] Loading HelpViewScreen (needed by base classes)...
[2025-12-14 16:04:50.383] [INFO] HelpViewScreen loaded
[2025-12-14 16:04:50.394] [INFO] Loading base classes...
[2025-12-14 16:04:50.621] [INFO] Base classes loaded
[2025-12-14 16:04:50.635] [INFO] Loading ServiceContainer (needed by screens)...
[2025-12-14 16:04:50.675] [INFO] ServiceContainer loaded
[2025-12-14 16:04:50.684] [INFO] Loading remaining screens...
[2025-12-14 16:04:50.905] [INFO] Remaining screens loaded
[2025-12-14 16:04:50.915] [INFO] Loading PmcApplication...
[2025-12-14 16:04:50.971] [INFO] PmcApplication loaded
[2025-12-14 16:04:50.984] [INFO] All components loaded successfully
[2025-12-14 16:04:51.006] [INFO] Starting PMC TUI with screen: TaskList
[2025-12-14 16:04:51.020] [INFO] Cleared stale PmcSharedMenuBar and MenuRegistry singleton
[2025-12-14 16:04:51.032] [INFO] Creating ServiceContainer...
[2025-12-14 16:04:51.046] [INFO] ServiceContainer created
[2025-12-14 16:04:51.058] [INFO] Registering Theme service...
[2025-12-14 16:04:51.077] ServiceContainer: Registered 'Theme' (singleton=True)
[2025-12-14 16:04:51.090] [INFO] Registering ThemeManager...
[2025-12-14 16:04:51.103] ServiceContainer: Registered 'ThemeManager' (singleton=True)
[2025-12-14 16:04:51.115] [INFO] Registering Config service...
[2025-12-14 16:04:51.126] ServiceContainer: Registered 'Config' (singleton=True)
[2025-12-14 16:04:51.136] [INFO] Registering TaskStore service...
[2025-12-14 16:04:51.146] ServiceContainer: Registered 'TaskStore' (singleton=True)
[2025-12-14 16:04:51.158] [INFO] Registering MenuRegistry service...
[2025-12-14 16:04:51.168] ServiceContainer: Registered 'MenuRegistry' (singleton=True)
[2025-12-14 16:04:51.180] [INFO] Registering Application service...
[2025-12-14 16:04:51.190] ServiceContainer: Registered 'Application' (singleton=True)
[2025-12-14 16:04:51.200] [INFO] Registering CommandService...
[2025-12-14 16:04:51.214] ServiceContainer: Registered 'CommandService' (singleton=True)
[2025-12-14 16:04:51.226] [INFO] Registering ChecklistService...
[2025-12-14 16:04:51.246] ServiceContainer: Registered 'ChecklistService' (singleton=True)
[2025-12-14 16:04:51.262] [INFO] Registering NoteService...
[2025-12-14 16:04:51.273] ServiceContainer: Registered 'NoteService' (singleton=True)
[2025-12-14 16:04:51.283] [INFO] Registering ExcelMappingService...
[2025-12-14 16:04:51.292] ServiceContainer: Registered 'ExcelMappingService' (singleton=True)
[2025-12-14 16:04:51.304] [INFO] Registering PreferencesService...
[2025-12-14 16:04:51.314] ServiceContainer: Registered 'PreferencesService' (singleton=True)
[2025-12-14 16:04:51.323] [INFO] Registering screen factories...
[2025-12-14 16:04:51.335] ServiceContainer: Registered 'TaskListScreen' (singleton=False)
[2025-12-14 16:04:51.346] [INFO] Resolving Application from container...
[2025-12-14 16:04:51.370] ServiceContainer: Resolving 'Application'...
[2025-12-14 16:04:51.384] [INFO] Resolving Application...
[2025-12-14 16:04:51.394] ServiceContainer: Resolving 'Theme'...
[2025-12-14 16:04:51.426] [INFO] Resolving Theme: Calling Initialize-PmcThemeSystem...
[2025-12-14 16:04:51.445] [INFO] Theme resolved: #33aaff
[2025-12-14 16:04:51.456] [INFO] Loading PmcThemeEngine...
[2025-12-14 16:04:51.579] [DEBUG] Palette [Border] -> #185F30 (R=24 G=95 B=48)
[2025-12-14 16:04:51.591] [DEBUG] Palette [Text] -> #C2EACF (R=194 G=234 B=207)
[2025-12-14 16:04:51.604] [DEBUG] Palette [Highlight] -> #228844 (R=34 G=136 B=68)
[2025-12-14 16:04:51.617] [DEBUG] Palette [Footer] -> #185F30 (R=24 G=95 B=48)
[2025-12-14 16:04:51.627] [DEBUG] Palette [Cursor] -> #228844 (R=34 G=136 B=68)
[2025-12-14 16:04:51.636] [DEBUG] Palette [Status] -> #5C8F6D (R=92 G=143 B=109)
[2025-12-14 16:04:51.647] [DEBUG] Palette [Label] -> #5C8F6D (R=92 G=143 B=109)
[2025-12-14 16:04:51.658] [DEBUG] Palette [Muted] -> #5C8F6D (R=92 G=143 B=109)
[2025-12-14 16:04:51.667] [DEBUG] Palette [Success] -> #2CB158 (R=44 G=177 B=88)
[2025-12-14 16:04:51.678] [DEBUG] Palette [Warning] -> #7FCA14 (R=127 G=202 B=20)
[2025-12-14 16:04:51.688] [DEBUG] Palette [Header] -> #228844 (R=34 G=136 B=68)
[2025-12-14 16:04:51.698] [DEBUG] Palette [Primary] -> #228844 (R=34 G=136 B=68)
[2025-12-14 16:04:51.709] [DEBUG] Palette [Error] -> #BE2914 (R=190 G=41 B=20)
[2025-12-14 16:04:51.727] [DEBUG] Palette [Bright] -> #2CB158 (R=44 G=177 B=88)
[2025-12-14 16:04:51.746] [INFO] LoadFromConfig: Loaded Properties with 16 items
[2025-12-14 16:04:51.762] [INFO] PmcThemeEngine initialized with PMC palette (14 colors)
[2025-12-14 16:04:51.774] ServiceContainer: Resolved 'Theme' successfully
[2025-12-14 16:04:52.124] ServiceContainer: Resolving 'ThemeManager'...
[2025-12-14 16:04:52.139] [INFO] Resolving ThemeManager...
[2025-12-14 16:04:52.219] ServiceContainer: Resolved 'ThemeManager' successfully
[2025-12-14 16:04:52.243] ServiceContainer: Resolved 'Application' successfully
[2025-12-14 16:04:52.255] [INFO] Application resolved and assigned to $global:PmcApp
[2025-12-14 16:04:52.267] [INFO] Loading menus from manifest...
[2025-12-14 16:04:52.279] ServiceContainer: Resolving 'MenuRegistry'...
[2025-12-14 16:04:52.292] [INFO] Resolving MenuRegistry...
[2025-12-14 16:04:52.309] ServiceContainer: Resolved 'MenuRegistry' successfully
[2025-12-14 16:04:52.332] MenuRegistry: Loaded manifest with 24 entries
[2025-12-14 16:04:52.366] ServiceContainer: Registered 'TaskListScreen_Overdue' (singleton=False)
[2025-12-14 16:04:52.378] MenuRegistry: Registered screen factory 'TaskListScreen_Overdue' in container (viewMode=overdue)
[2025-12-14 16:04:52.397] MenuRegistry: Registered 'Overdue' in 'Tasks' menu (hotkey=O order=30)
[2025-12-14 16:04:52.409] ServiceContainer: Registered 'WeeklyTimeReportScreen' (singleton=False)
[2025-12-14 16:04:52.422] MenuRegistry: Registered screen factory 'WeeklyTimeReportScreen' in container (viewMode=)
[2025-12-14 16:04:52.434] MenuRegistry: Registered 'Weekly Report' in 'Time' menu (hotkey=W order=10)
[2025-12-14 16:04:52.447] ServiceContainer: Registered 'TaskListScreen_Upcoming' (singleton=False)
[2025-12-14 16:04:52.458] MenuRegistry: Registered screen factory 'TaskListScreen_Upcoming' in container (viewMode=upcoming)
[2025-12-14 16:04:52.469] MenuRegistry: Registered 'Upcoming' in 'Tasks' menu (hotkey=U order=25)
[2025-12-14 16:04:52.484] ServiceContainer: Registered 'TaskListScreen_NextActions' (singleton=False)
[2025-12-14 16:04:52.497] MenuRegistry: Registered screen factory 'TaskListScreen_NextActions' in container (viewMode=nextactions)
[2025-12-14 16:04:52.509] MenuRegistry: Registered 'Next Actions' in 'Tasks' menu (hotkey=N order=35)
[2025-12-14 16:04:52.521] ServiceContainer: Registered 'NotesMenuScreen' (singleton=False)
[2025-12-14 16:04:52.532] MenuRegistry: Registered screen factory 'NotesMenuScreen' in container (viewMode=)
[2025-12-14 16:04:52.544] MenuRegistry: Registered 'Notes' in 'Tools' menu (hotkey=N order=20)
[2025-12-14 16:04:52.560] ServiceContainer: Registered 'TaskListScreen_Tomorrow' (singleton=False)
[2025-12-14 16:04:52.571] MenuRegistry: Registered screen factory 'TaskListScreen_Tomorrow' in container (viewMode=tomorrow)
[2025-12-14 16:04:52.582] MenuRegistry: Registered 'Tomorrow' in 'Tasks' menu (hotkey=T order=15)
[2025-12-14 16:04:52.593] ServiceContainer: Registered 'TaskListScreen_Week' (singleton=False)
[2025-12-14 16:04:52.605] MenuRegistry: Registered screen factory 'TaskListScreen_Week' in container (viewMode=week)
[2025-12-14 16:04:52.619] MenuRegistry: Registered 'Week View' in 'Tasks' menu (hotkey=W order=20)
[2025-12-14 16:04:52.631] ServiceContainer: Registered 'HelpViewScreen' (singleton=False)
[2025-12-14 16:04:52.642] MenuRegistry: Registered screen factory 'HelpViewScreen' in container (viewMode=)
[2025-12-14 16:04:52.652] MenuRegistry: Registered 'Help' in 'Help' menu (hotkey=H order=10)
[2025-12-14 16:04:52.663] ServiceContainer: Registered 'ChecklistsLauncherScreen' (singleton=False)
[2025-12-14 16:04:52.673] MenuRegistry: Registered screen factory 'ChecklistsLauncherScreen' in container (viewMode=)
[2025-12-14 16:04:52.682] MenuRegistry: Registered 'Checklists' in 'Tools' menu (hotkey=C order=25)
[2025-12-14 16:04:52.693] ServiceContainer: Registered 'TimeReportScreen' (singleton=False)
[2025-12-14 16:04:52.705] MenuRegistry: Registered screen factory 'TimeReportScreen' in container (viewMode=)
[2025-12-14 16:04:52.717] MenuRegistry: Registered 'Time Report' in 'Time' menu (hotkey=R order=20)
[2025-12-14 16:04:52.732] ServiceContainer: Registered 'ExcelImportScreen' (singleton=False)
[2025-12-14 16:04:52.743] MenuRegistry: Registered screen factory 'ExcelImportScreen' in container (viewMode=)
[2025-12-14 16:04:52.756] MenuRegistry: Registered 'Import from Excel' in 'Projects' menu (hotkey=I order=40)
[2025-12-14 16:04:52.766] ServiceContainer: Registered 'TaskListScreen_Today' (singleton=False)
[2025-12-14 16:04:52.777] MenuRegistry: Registered screen factory 'TaskListScreen_Today' in container (viewMode=today)
[2025-12-14 16:04:52.788] MenuRegistry: Registered 'Today' in 'Tasks' menu (hotkey=Y order=10)
[2025-12-14 16:04:52.804] ServiceContainer: Registered 'TaskListScreen_Default' (singleton=False)
[2025-12-14 16:04:52.818] MenuRegistry: Registered screen factory 'TaskListScreen_Default' in container (viewMode=)
[2025-12-14 16:04:52.830] MenuRegistry: Registered 'Task List' in 'Tasks' menu (hotkey=L order=5)
[2025-12-14 16:04:52.841] ServiceContainer: Registered 'ProjectListScreen' (singleton=False)
[2025-12-14 16:04:52.851] MenuRegistry: Registered screen factory 'ProjectListScreen' in container (viewMode=)
[2025-12-14 16:04:52.865] MenuRegistry: Registered 'Project List' in 'Projects' menu (hotkey=L order=10)
[2025-12-14 16:04:52.876] ServiceContainer: Registered 'TimeListScreen' (singleton=False)
[2025-12-14 16:04:52.888] MenuRegistry: Registered screen factory 'TimeListScreen' in container (viewMode=)
[2025-12-14 16:04:52.899] MenuRegistry: Registered 'Time Tracking' in 'Time' menu (hotkey=T order=5)
[2025-12-14 16:04:52.911] ServiceContainer: Registered 'CommandLibraryScreen' (singleton=False)
[2025-12-14 16:04:52.922] MenuRegistry: Registered screen factory 'CommandLibraryScreen' in container (viewMode=)
[2025-12-14 16:04:52.933] MenuRegistry: Registered 'Command Library' in 'Tools' menu (hotkey=L order=10)
[2025-12-14 16:04:52.944] ServiceContainer: Registered 'TaskListScreen_NoDate' (singleton=False)
[2025-12-14 16:04:52.956] MenuRegistry: Registered screen factory 'TaskListScreen_NoDate' in container (viewMode=noduedate)
[2025-12-14 16:04:52.967] MenuRegistry: Registered 'No Due Date' in 'Tasks' menu (hotkey=D order=40)
[2025-12-14 16:04:52.981] ServiceContainer: Registered 'TaskListScreen_Agenda' (singleton=False)
[2025-12-14 16:04:52.994] MenuRegistry: Registered screen factory 'TaskListScreen_Agenda' in container (viewMode=agenda)
[2025-12-14 16:04:53.007] MenuRegistry: Registered 'Agenda View' in 'Tasks' menu (hotkey=A order=50)
[2025-12-14 16:04:53.018] ServiceContainer: Registered 'TaskListScreen_Month' (singleton=False)
[2025-12-14 16:04:53.029] MenuRegistry: Registered screen factory 'TaskListScreen_Month' in container (viewMode=month)
[2025-12-14 16:04:53.039] MenuRegistry: Registered 'Month View' in 'Tasks' menu (hotkey=M order=45)
[2025-12-14 16:04:53.049] ServiceContainer: Registered 'ChecklistTemplatesFolderScreen' (singleton=False)
[2025-12-14 16:04:53.064] MenuRegistry: Registered screen factory 'ChecklistTemplatesFolderScreen' in container (viewMode=)
[2025-12-14 16:04:53.076] MenuRegistry: Registered 'Checklist Templates' in 'Tools' menu (hotkey=H order=30)
[2025-12-14 16:04:53.089] ServiceContainer: Registered 'SettingsScreen' (singleton=False)
[2025-12-14 16:04:53.102] MenuRegistry: Registered screen factory 'SettingsScreen' in container (viewMode=)
[2025-12-14 16:04:53.115] MenuRegistry: Registered 'Settings' in 'Options' menu (hotkey=S order=20)
[2025-12-14 16:04:53.127] ServiceContainer: Registered 'KanbanScreenV2' (singleton=False)
[2025-12-14 16:04:53.137] MenuRegistry: Registered screen factory 'KanbanScreenV2' in container (viewMode=)
[2025-12-14 16:04:53.148] MenuRegistry: Registered 'Kanban Board' in 'Tasks' menu (hotkey=K order=55)
[2025-12-14 16:04:53.160] ServiceContainer: Registered 'ExcelProfileManagerScreen' (singleton=False)
[2025-12-14 16:04:53.172] MenuRegistry: Registered screen factory 'ExcelProfileManagerScreen' in container (viewMode=)
[2025-12-14 16:04:53.184] MenuRegistry: Registered 'Excel Profiles' in 'Projects' menu (hotkey=M order=50)
[2025-12-14 16:04:53.196] ServiceContainer: Registered 'ThemeEditorScreen' (singleton=False)
[2025-12-14 16:04:53.206] MenuRegistry: Registered screen factory 'ThemeEditorScreen' in container (viewMode=)
[2025-12-14 16:04:53.218] MenuRegistry: Registered 'Theme Editor' in 'Options' menu (hotkey=T order=10)
[2025-12-14 16:04:53.234] [INFO] Menus loaded from C:\Users\jhnhe\OneDrive\Documents\GitHub\project-management-console\og_transport\HYBRID\module\Pmc.Strict\consoleui\screens\MenuItems.psd1
[2025-12-14 16:04:53.248] [INFO] Launching screen: TaskList
[2025-12-14 16:04:53.262] [INFO] Resolving TaskListScreen from container...
[2025-12-14 16:04:53.273] ServiceContainer: Resolving 'TaskListScreen'...
[2025-12-14 16:04:53.300] [INFO] Resolving TaskListScreen...
[2025-12-14 16:04:53.311] ServiceContainer: Resolving 'TaskStore'...
[2025-12-14 16:04:53.334] [INFO] Resolving TaskStore...
[2025-12-14 16:04:53.378] [DEBUG] TaskStore.LoadData: Starting
[2025-12-14 16:04:53.391] [DEBUG] TaskStore.LoadData: Calling Get-PmcData
[2025-12-14 16:04:53.616] [DEBUG] TaskStore.LoadData: Get-PmcData returned - tasks=2 projects=2 timelogs=3
[2025-12-14 16:04:53.636] [DEBUG] TaskStore.LoadData: Loaded 2 tasks
[2025-12-14 16:04:53.651] [DEBUG] TaskStore.LoadData: Loaded 2 projects
[2025-12-14 16:04:53.667] [DEBUG] TaskStore.LoadData: First project name='p1' ID1='111'
[2025-12-14 16:04:53.685] ServiceContainer: Resolved 'TaskStore' successfully
[2025-12-14 16:04:54.287] [DEBUG] PmcScreen.AddContentWidget: Adding UniversalList (Total: 1)
[2025-12-14 16:04:54.344] [DEBUG] TaskListScreen: Constructor started
[2025-12-14 16:04:54.400] _PopulateMenusFromRegistry: Menu 'Help' has 1 items from registry (array)
[2025-12-14 16:04:54.421] _PopulateMenusFromRegistry: Menu 'Time' has 3 items from registry (array)
[2025-12-14 16:04:54.434] _PopulateMenusFromRegistry: Menu 'Options' has 2 items from registry (array)
[2025-12-14 16:04:54.447] _PopulateMenusFromRegistry: Menu 'Projects' has 3 items from registry (array)
[2025-12-14 16:04:54.465] _PopulateMenusFromRegistry: Menu 'Tasks' has 11 items from registry (array)
[2025-12-14 16:04:54.484] _PopulateMenusFromRegistry: Menu 'Tools' has 4 items from registry (array)
[2025-12-14 16:04:54.498] [DEBUG] TaskListScreen: Constructor completed
[2025-12-14 16:04:54.510] ServiceContainer: Resolved 'TaskListScreen' successfully
[2025-12-14 16:04:54.522] [INFO] Pushing screen to app...
[2025-12-14 16:04:54.947] [DEBUG] LoadData: Got 2 tasks from Store
[2025-12-14 16:04:55.076] [DEBUG] TaskListScreen.LoadData: Setting 2 tasks
[2025-12-14 16:04:55.091] [DEBUG] UniversalList.SetData: START
[2025-12-14 16:04:55.163] [DEBUG] UniversalList.SetData: COMPLETE (2 items)
[2025-12-14 16:04:55.319] [INFO] Screen pushed successfully
[2025-12-14 16:04:55.330] [INFO] Starting event loop...
[2025-12-14 16:04:55.891] [DEBUG] PmcScreen: Calling RenderToEngine on UniversalList
[2025-12-14 16:04:57.276] [DEBUG] PmcScreen: Calling RenderToEngine on UniversalList
[2025-12-14 16:04:58.272] [DEBUG] StandardListScreen: Routing to InlineEditor (Key=Tab)
[2025-12-14 16:04:58.283] [DEBUG] StandardListScreen: After HandleInput - IsConfirmed=False IsCancelled=False ShowInlineEditor=True
[2025-12-14 16:04:58.294] [DEBUG] StandardListScreen: After close check - ShowInlineEditor=True
[2025-12-14 16:04:58.499] [DEBUG] PmcScreen: Calling RenderToEngine on UniversalList
[2025-12-14 16:04:58.899] [DEBUG] StandardListScreen: Routing to InlineEditor (Key=Tab)
[2025-12-14 16:04:58.911] [DEBUG] StandardListScreen: After HandleInput - IsConfirmed=False IsCancelled=False ShowInlineEditor=True
[2025-12-14 16:04:58.923] [DEBUG] StandardListScreen: After close check - ShowInlineEditor=True
[2025-12-14 16:04:59.081] [DEBUG] PmcScreen: Calling RenderToEngine on UniversalList
[2025-12-14 16:04:59.758] [DEBUG] StandardListScreen: Routing to InlineEditor (Key=Enter)
[2025-12-14 16:04:59.802] [DEBUG] StandardListScreen: After HandleInput - IsConfirmed=False IsCancelled=False ShowInlineEditor=True
[2025-12-14 16:04:59.812] [DEBUG] StandardListScreen: After close check - ShowInlineEditor=True
[2025-12-14 16:05:00.153] [INFO] PadText: text='Current: 2025-12-14 Sun' rawLen=23 visibleLen=23 width=22 align=left
[2025-12-14 16:05:00.190] [INFO] PadText: text='Enter: Select' rawLen=13 visibleLen=13 width=22 align=left
[2025-12-14 16:05:00.205] [DEBUG] PmcScreen: Calling RenderToEngine on UniversalList
[2025-12-14 16:05:00.437] [INFO] PadText: text='Current: 2025-12-14 Sun' rawLen=23 visibleLen=23 width=22 align=left
[2025-12-14 16:05:00.459] [INFO] PadText: text='Enter: Select' rawLen=13 visibleLen=13 width=22 align=left
[2025-12-14 16:05:00.652] [INFO] PadText: text='Current: 2025-12-14 Sun' rawLen=23 visibleLen=23 width=22 align=left
[2025-12-14 16:05:00.675] [INFO] PadText: text='Enter: Select' rawLen=13 visibleLen=13 width=22 align=left
[2025-12-14 16:05:00.728] [INFO] PadText: text='Current: 2025-12-14 Sun' rawLen=23 visibleLen=23 width=22 align=left
[2025-12-14 16:05:00.755] [INFO] PadText: text='Enter: Select' rawLen=13 visibleLen=13 width=22 align=left
[2025-12-14 16:05:02.421] [DEBUG] StandardListScreen: Routing to InlineEditor (Key=Escape)
[2025-12-14 16:05:02.435] [DEBUG] StandardListScreen: After HandleInput - IsConfirmed=False IsCancelled=False ShowInlineEditor=True
[2025-12-14 16:05:02.448] [DEBUG] StandardListScreen: After close check - ShowInlineEditor=True
[2025-12-14 16:05:02.681] [DEBUG] PmcScreen: Calling RenderToEngine on UniversalList
[2025-12-14 16:05:02.970] [DEBUG] StandardListScreen: Routing to InlineEditor (Key=Tab)
[2025-12-14 16:05:02.980] [DEBUG] StandardListScreen: After HandleInput - IsConfirmed=False IsCancelled=False ShowInlineEditor=True
[2025-12-14 16:05:02.994] [DEBUG] StandardListScreen: After close check - ShowInlineEditor=True
[2025-12-14 16:05:03.121] [DEBUG] PmcScreen: Calling RenderToEngine on UniversalList
[2025-12-14 16:05:03.669] [DEBUG] StandardListScreen: Routing to InlineEditor (Key=Enter)
[2025-12-14 16:05:03.732] [DEBUG] StandardListScreen: After HandleInput - IsConfirmed=False IsCancelled=False ShowInlineEditor=True
[2025-12-14 16:05:03.747] [DEBUG] StandardListScreen: After close check - ShowInlineEditor=True
[2025-12-14 16:05:03.946] [INFO] PadText: text='Type to filter...' rawLen=17 visibleLen=17 width=56 align=left
[2025-12-14 16:05:04.014] [INFO] PadText: text='Enter=Select | Alt+N=Create' rawLen=27 visibleLen=27 width=56 align=left
[2025-12-14 16:05:04.028] [DEBUG] PmcScreen: Calling RenderToEngine on UniversalList
[2025-12-14 16:05:04.132] [INFO] PadText: text='Type to filter...' rawLen=17 visibleLen=17 width=56 align=left
[2025-12-14 16:05:04.186] [INFO] PadText: text='Enter=Select | Alt+N=Create' rawLen=27 visibleLen=27 width=56 align=left
[2025-12-14 16:05:04.326] [INFO] PadText: text='Type to filter...' rawLen=17 visibleLen=17 width=56 align=left
[2025-12-14 16:05:04.387] [INFO] PadText: text='Enter=Select | Alt+N=Create' rawLen=27 visibleLen=27 width=56 align=left
[2025-12-14 16:05:04.444] [INFO] PadText: text='Type to filter...' rawLen=17 visibleLen=17 width=56 align=left
[2025-12-14 16:05:04.507] [INFO] PadText: text='Enter=Select | Alt+N=Create' rawLen=27 visibleLen=27 width=56 align=left
[2025-12-14 16:05:12.195] [DEBUG] StandardListScreen: Routing to InlineEditor (Key=Escape)
[2025-12-14 16:05:12.209] [DEBUG] StandardListScreen: After HandleInput - IsConfirmed=False IsCancelled=False ShowInlineEditor=True
[2025-12-14 16:05:12.220] [DEBUG] StandardListScreen: After close check - ShowInlineEditor=True
[2025-12-14 16:05:12.336] [DEBUG] PmcScreen: Calling RenderToEngine on UniversalList
[2025-12-14 16:05:13.910] [INFO] Event loop exited normally
[2025-12-14 16:05:13.921] [INFO] Cleanup - showing cursor and resetting terminal
