[2025-12-13 15:22:46.243] [INFO] Loading PMC module...
[2025-12-13 15:22:47.752] [INFO] PMC module loaded
[2025-12-13 15:22:47.755] [INFO] Loading dependencies (FieldSchemas, etc.)...
[2025-12-13 15:22:47.911] [INFO] Dependencies loaded
[2025-12-13 15:22:47.924] [INFO] Loading SpeedTUI framework...
[2025-12-13 15:22:48.275] [INFO] SpeedTUI framework loaded
[2025-12-13 15:22:48.289] [INFO] Loading PraxisVT...
[2025-12-13 15:22:48.314] [INFO] PraxisVT loaded
[2025-12-13 15:22:48.327] [INFO] Loading core dependencies...
[2025-12-13 15:22:48.416] [INFO] Core dependencies loaded
[2025-12-13 15:22:48.429] [INFO] Loading widget base classes...
[2025-12-13 15:22:48.497] [INFO] Widget base classes loaded
[2025-12-13 15:22:48.508] [INFO] Loading services...
[2025-12-13 15:22:48.693] [INFO] Services loaded
[2025-12-13 15:22:48.706] [INFO] Loading helpers...
[2025-12-13 15:22:49.330] [INFO] Helpers loaded
[2025-12-13 15:22:49.348] [INFO] Loading widgets...
[2025-12-13 15:22:49.891] [INFO] Widgets loaded
[2025-12-13 15:22:49.902] [INFO] Loading screen base class...
[2025-12-13 15:22:49.936] [INFO] Screen base class loaded
[2025-12-13 15:22:49.950] [INFO] Loading HelpViewScreen (needed by base classes)...
[2025-12-13 15:22:49.989] [INFO] HelpViewScreen loaded
[2025-12-13 15:22:50.001] [INFO] Loading base classes...
[2025-12-13 15:22:50.126] [INFO] Base classes loaded
[2025-12-13 15:22:50.141] [INFO] Loading ServiceContainer (needed by screens)...
[2025-12-13 15:22:50.166] [INFO] ServiceContainer loaded
[2025-12-13 15:22:50.180] [INFO] Loading remaining screens...
[2025-12-13 15:22:50.312] [INFO] Remaining screens loaded
[2025-12-13 15:22:50.326] [INFO] Loading PmcApplication...
[2025-12-13 15:22:50.435] [INFO] PmcApplication loaded
[2025-12-13 15:22:50.455] [INFO] All components loaded successfully
[2025-12-13 15:22:50.498] [INFO] Starting PMC TUI with screen: TaskList
[2025-12-13 15:22:50.517] [INFO] Cleared stale PmcSharedMenuBar and MenuRegistry singleton
[2025-12-13 15:22:50.532] [INFO] Creating ServiceContainer...
[2025-12-13 15:22:50.551] [INFO] ServiceContainer created
[2025-12-13 15:22:50.565] [INFO] Registering Theme service...
[2025-12-13 15:22:50.591] ServiceContainer: Registered 'Theme' (singleton=True)
[2025-12-13 15:22:50.605] [INFO] Registering ThemeManager...
[2025-12-13 15:22:50.617] ServiceContainer: Registered 'ThemeManager' (singleton=True)
[2025-12-13 15:22:50.633] [INFO] Registering Config service...
[2025-12-13 15:22:50.648] ServiceContainer: Registered 'Config' (singleton=True)
[2025-12-13 15:22:50.664] [INFO] Registering TaskStore service...
[2025-12-13 15:22:50.679] ServiceContainer: Registered 'TaskStore' (singleton=True)
[2025-12-13 15:22:50.693] [INFO] Registering MenuRegistry service...
[2025-12-13 15:22:50.708] ServiceContainer: Registered 'MenuRegistry' (singleton=True)
[2025-12-13 15:22:50.723] [INFO] Registering Application service...
[2025-12-13 15:22:50.739] ServiceContainer: Registered 'Application' (singleton=True)
[2025-12-13 15:22:50.754] [INFO] Registering CommandService...
[2025-12-13 15:22:50.776] ServiceContainer: Registered 'CommandService' (singleton=True)
[2025-12-13 15:22:50.792] [INFO] Registering ChecklistService...
[2025-12-13 15:22:50.804] ServiceContainer: Registered 'ChecklistService' (singleton=True)
[2025-12-13 15:22:50.818] [INFO] Registering NoteService...
[2025-12-13 15:22:50.835] ServiceContainer: Registered 'NoteService' (singleton=True)
[2025-12-13 15:22:50.851] [INFO] Registering ExcelMappingService...
[2025-12-13 15:22:50.865] ServiceContainer: Registered 'ExcelMappingService' (singleton=True)
[2025-12-13 15:22:50.878] [INFO] Registering PreferencesService...
[2025-12-13 15:22:50.890] ServiceContainer: Registered 'PreferencesService' (singleton=True)
[2025-12-13 15:22:50.903] [INFO] Registering screen factories...
[2025-12-13 15:22:50.916] ServiceContainer: Registered 'TaskListScreen' (singleton=False)
[2025-12-13 15:22:50.932] [INFO] Resolving Application from container...
[2025-12-13 15:22:50.956] ServiceContainer: Resolving 'Application'...
[2025-12-13 15:22:50.971] [INFO] Resolving Application...
[2025-12-13 15:22:50.987] ServiceContainer: Resolving 'Theme'...
[2025-12-13 15:22:51.006] [INFO] Resolving Theme: Calling Initialize-PmcThemeSystem...
[2025-12-13 15:22:51.029] [INFO] Theme resolved: #33aaff
[2025-12-13 15:22:51.044] [INFO] Loading PmcThemeEngine...
[2025-12-13 15:22:51.170] [DEBUG] Palette [Label] -> #5C8F6D (R=92 G=143 B=109)
[2025-12-13 15:22:51.186] [DEBUG] Palette [Warning] -> #7FCA14 (R=127 G=202 B=20)
[2025-12-13 15:22:51.200] [DEBUG] Palette [Footer] -> #185F30 (R=24 G=95 B=48)
[2025-12-13 15:22:51.215] [DEBUG] Palette [Bright] -> #2CB158 (R=44 G=177 B=88)
[2025-12-13 15:22:51.230] [DEBUG] Palette [Muted] -> #5C8F6D (R=92 G=143 B=109)
[2025-12-13 15:22:51.245] [DEBUG] Palette [Primary] -> #228844 (R=34 G=136 B=68)
[2025-12-13 15:22:51.261] [DEBUG] Palette [Status] -> #5C8F6D (R=92 G=143 B=109)
[2025-12-13 15:22:51.276] [DEBUG] Palette [Text] -> #C2EACF (R=194 G=234 B=207)
[2025-12-13 15:22:51.292] [DEBUG] Palette [Border] -> #185F30 (R=24 G=95 B=48)
[2025-12-13 15:22:51.306] [DEBUG] Palette [Success] -> #2CB158 (R=44 G=177 B=88)
[2025-12-13 15:22:51.325] [DEBUG] Palette [Error] -> #BE2914 (R=190 G=41 B=20)
[2025-12-13 15:22:51.341] [DEBUG] Palette [Highlight] -> #228844 (R=34 G=136 B=68)
[2025-12-13 15:22:51.355] [DEBUG] Palette [Cursor] -> #228844 (R=34 G=136 B=68)
[2025-12-13 15:22:51.370] [DEBUG] Palette [Header] -> #228844 (R=34 G=136 B=68)
[2025-12-13 15:22:51.393] [INFO] LoadFromConfig: Loaded Properties with 16 items
[2025-12-13 15:22:51.414] [INFO] PmcThemeEngine initialized with PMC palette (14 colors)
[2025-12-13 15:22:51.433] ServiceContainer: Resolved 'Theme' successfully
[2025-12-13 15:22:51.536] ServiceContainer: Resolving 'ThemeManager'...
[2025-12-13 15:22:51.554] [INFO] Resolving ThemeManager...
[2025-12-13 15:22:51.685] ServiceContainer: Resolved 'ThemeManager' successfully
[2025-12-13 15:22:51.711] ServiceContainer: Resolved 'Application' successfully
[2025-12-13 15:22:51.733] [INFO] Application resolved and assigned to $global:PmcApp
[2025-12-13 15:22:51.752] [INFO] Loading menus from manifest...
[2025-12-13 15:22:51.771] ServiceContainer: Resolving 'MenuRegistry'...
[2025-12-13 15:22:51.790] [INFO] Resolving MenuRegistry...
[2025-12-13 15:22:51.817] ServiceContainer: Resolved 'MenuRegistry' successfully
[2025-12-13 15:22:51.851] MenuRegistry: Loaded manifest with 24 entries
[2025-12-13 15:22:51.887] ServiceContainer: Registered 'TaskListScreen_Tomorrow' (singleton=False)
[2025-12-13 15:22:51.901] MenuRegistry: Registered screen factory 'TaskListScreen_Tomorrow' in container (viewMode=tomorrow)
[2025-12-13 15:22:51.926] MenuRegistry: Registered 'Tomorrow' in 'Tasks' menu (hotkey=T order=15)
[2025-12-13 15:22:51.941] ServiceContainer: Registered 'TaskListScreen_Month' (singleton=False)
[2025-12-13 15:22:51.955] MenuRegistry: Registered screen factory 'TaskListScreen_Month' in container (viewMode=month)
[2025-12-13 15:22:51.968] MenuRegistry: Registered 'Month View' in 'Tasks' menu (hotkey=M order=45)
[2025-12-13 15:22:51.983] ServiceContainer: Registered 'TaskListScreen_NextActions' (singleton=False)
[2025-12-13 15:22:51.996] MenuRegistry: Registered screen factory 'TaskListScreen_NextActions' in container (viewMode=nextactions)
[2025-12-13 15:22:52.015] MenuRegistry: Registered 'Next Actions' in 'Tasks' menu (hotkey=N order=35)
[2025-12-13 15:22:52.029] ServiceContainer: Registered 'TaskListScreen_Overdue' (singleton=False)
[2025-12-13 15:22:52.044] MenuRegistry: Registered screen factory 'TaskListScreen_Overdue' in container (viewMode=overdue)
[2025-12-13 15:22:52.058] MenuRegistry: Registered 'Overdue' in 'Tasks' menu (hotkey=O order=30)
[2025-12-13 15:22:52.071] ServiceContainer: Registered 'TaskListScreen_Week' (singleton=False)
[2025-12-13 15:22:52.086] MenuRegistry: Registered screen factory 'TaskListScreen_Week' in container (viewMode=week)
[2025-12-13 15:22:52.102] MenuRegistry: Registered 'Week View' in 'Tasks' menu (hotkey=W order=20)
[2025-12-13 15:22:52.116] ServiceContainer: Registered 'KanbanScreenV2' (singleton=False)
[2025-12-13 15:22:52.131] MenuRegistry: Registered screen factory 'KanbanScreenV2' in container (viewMode=)
[2025-12-13 15:22:52.145] MenuRegistry: Registered 'Kanban Board' in 'Tasks' menu (hotkey=K order=55)
[2025-12-13 15:22:52.160] ServiceContainer: Registered 'ExcelImportScreen' (singleton=False)
[2025-12-13 15:22:52.174] MenuRegistry: Registered screen factory 'ExcelImportScreen' in container (viewMode=)
[2025-12-13 15:22:52.192] MenuRegistry: Registered 'Import from Excel' in 'Projects' menu (hotkey=I order=40)
[2025-12-13 15:22:52.206] ServiceContainer: Registered 'HelpViewScreen' (singleton=False)
[2025-12-13 15:22:52.220] MenuRegistry: Registered screen factory 'HelpViewScreen' in container (viewMode=)
[2025-12-13 15:22:52.233] MenuRegistry: Registered 'Help' in 'Help' menu (hotkey=H order=10)
[2025-12-13 15:22:52.250] ServiceContainer: Registered 'TimeReportScreen' (singleton=False)
[2025-12-13 15:22:52.264] MenuRegistry: Registered screen factory 'TimeReportScreen' in container (viewMode=)
[2025-12-13 15:22:52.283] MenuRegistry: Registered 'Time Report' in 'Time' menu (hotkey=R order=20)
[2025-12-13 15:22:52.299] ServiceContainer: Registered 'ExcelProfileManagerScreen' (singleton=False)
[2025-12-13 15:22:52.312] MenuRegistry: Registered screen factory 'ExcelProfileManagerScreen' in container (viewMode=)
[2025-12-13 15:22:52.326] MenuRegistry: Registered 'Excel Profiles' in 'Projects' menu (hotkey=M order=50)
[2025-12-13 15:22:52.341] ServiceContainer: Registered 'TaskListScreen_Agenda' (singleton=False)
[2025-12-13 15:22:52.355] MenuRegistry: Registered screen factory 'TaskListScreen_Agenda' in container (viewMode=agenda)
[2025-12-13 15:22:52.370] MenuRegistry: Registered 'Agenda View' in 'Tasks' menu (hotkey=A order=50)
[2025-12-13 15:22:52.384] ServiceContainer: Registered 'WeeklyTimeReportScreen' (singleton=False)
[2025-12-13 15:22:52.397] MenuRegistry: Registered screen factory 'WeeklyTimeReportScreen' in container (viewMode=)
[2025-12-13 15:22:52.412] MenuRegistry: Registered 'Weekly Report' in 'Time' menu (hotkey=W order=10)
[2025-12-13 15:22:52.428] ServiceContainer: Registered 'ThemeEditorScreen' (singleton=False)
[2025-12-13 15:22:52.441] MenuRegistry: Registered screen factory 'ThemeEditorScreen' in container (viewMode=)
[2025-12-13 15:22:52.457] MenuRegistry: Registered 'Theme Editor' in 'Options' menu (hotkey=T order=10)
[2025-12-13 15:22:52.472] ServiceContainer: Registered 'ChecklistsLauncherScreen' (singleton=False)
[2025-12-13 15:22:52.488] MenuRegistry: Registered screen factory 'ChecklistsLauncherScreen' in container (viewMode=)
[2025-12-13 15:22:52.503] MenuRegistry: Registered 'Checklists' in 'Tools' menu (hotkey=C order=25)
[2025-12-13 15:22:52.517] ServiceContainer: Registered 'CommandLibraryScreen' (singleton=False)
[2025-12-13 15:22:52.535] MenuRegistry: Registered screen factory 'CommandLibraryScreen' in container (viewMode=)
[2025-12-13 15:22:52.551] MenuRegistry: Registered 'Command Library' in 'Tools' menu (hotkey=L order=10)
[2025-12-13 15:22:52.565] ServiceContainer: Registered 'TaskListScreen_Today' (singleton=False)
[2025-12-13 15:22:52.579] MenuRegistry: Registered screen factory 'TaskListScreen_Today' in container (viewMode=today)
[2025-12-13 15:22:52.593] MenuRegistry: Registered 'Today' in 'Tasks' menu (hotkey=Y order=10)
[2025-12-13 15:22:52.608] ServiceContainer: Registered 'SettingsScreen' (singleton=False)
[2025-12-13 15:22:52.625] MenuRegistry: Registered screen factory 'SettingsScreen' in container (viewMode=)
[2025-12-13 15:22:52.642] MenuRegistry: Registered 'Settings' in 'Options' menu (hotkey=S order=20)
[2025-12-13 15:22:52.658] ServiceContainer: Registered 'ProjectListScreen' (singleton=False)
[2025-12-13 15:22:52.671] MenuRegistry: Registered screen factory 'ProjectListScreen' in container (viewMode=)
[2025-12-13 15:22:52.685] MenuRegistry: Registered 'Project List' in 'Projects' menu (hotkey=L order=10)
[2025-12-13 15:22:52.700] ServiceContainer: Registered 'NotesMenuScreen' (singleton=False)
[2025-12-13 15:22:52.713] MenuRegistry: Registered screen factory 'NotesMenuScreen' in container (viewMode=)
[2025-12-13 15:22:52.728] MenuRegistry: Registered 'Notes' in 'Tools' menu (hotkey=N order=20)
[2025-12-13 15:22:52.742] ServiceContainer: Registered 'TaskListScreen_Default' (singleton=False)
[2025-12-13 15:22:52.755] MenuRegistry: Registered screen factory 'TaskListScreen_Default' in container (viewMode=)
[2025-12-13 15:22:52.769] MenuRegistry: Registered 'Task List' in 'Tasks' menu (hotkey=L order=5)
[2025-12-13 15:22:52.784] ServiceContainer: Registered 'TimeListScreen' (singleton=False)
[2025-12-13 15:22:52.799] MenuRegistry: Registered screen factory 'TimeListScreen' in container (viewMode=)
[2025-12-13 15:22:52.817] MenuRegistry: Registered 'Time Tracking' in 'Time' menu (hotkey=T order=5)
[2025-12-13 15:22:52.832] ServiceContainer: Registered 'TaskListScreen_Upcoming' (singleton=False)
[2025-12-13 15:22:52.846] MenuRegistry: Registered screen factory 'TaskListScreen_Upcoming' in container (viewMode=upcoming)
[2025-12-13 15:22:52.859] MenuRegistry: Registered 'Upcoming' in 'Tasks' menu (hotkey=U order=25)
[2025-12-13 15:22:52.873] ServiceContainer: Registered 'TaskListScreen_NoDate' (singleton=False)
[2025-12-13 15:22:52.888] MenuRegistry: Registered screen factory 'TaskListScreen_NoDate' in container (viewMode=noduedate)
[2025-12-13 15:22:52.902] MenuRegistry: Registered 'No Due Date' in 'Tasks' menu (hotkey=D order=40)
[2025-12-13 15:22:52.916] ServiceContainer: Registered 'ChecklistTemplatesFolderScreen' (singleton=False)
[2025-12-13 15:22:52.930] MenuRegistry: Registered screen factory 'ChecklistTemplatesFolderScreen' in container (viewMode=)
[2025-12-13 15:22:52.947] MenuRegistry: Registered 'Checklist Templates' in 'Tools' menu (hotkey=H order=30)
[2025-12-13 15:22:52.961] [INFO] Menus loaded from C:\Users\jhnhe\OneDrive\Documents\GitHub\project-management-console\og_transport\HYBRID\module\Pmc.Strict\consoleui\screens\MenuItems.psd1
[2025-12-13 15:22:52.975] [INFO] Launching screen: TaskList
[2025-12-13 15:22:52.990] [INFO] Resolving TaskListScreen from container...
[2025-12-13 15:22:53.005] ServiceContainer: Resolving 'TaskListScreen'...
[2025-12-13 15:22:53.020] [INFO] Resolving TaskListScreen...
[2025-12-13 15:22:53.035] ServiceContainer: Resolving 'TaskStore'...
[2025-12-13 15:22:53.052] [INFO] Resolving TaskStore...
[2025-12-13 15:22:53.098] [DEBUG] TaskStore.LoadData: Starting
[2025-12-13 15:22:53.113] [DEBUG] TaskStore.LoadData: Calling Get-PmcData
[2025-12-13 15:22:53.407] [DEBUG] TaskStore.LoadData: Get-PmcData returned - tasks=4 projects=2 timelogs=3
[2025-12-13 15:22:53.431] [DEBUG] TaskStore.LoadData: Loaded 4 tasks
[2025-12-13 15:22:53.447] [DEBUG] TaskStore.LoadData: Loaded 2 projects
[2025-12-13 15:22:53.467] [DEBUG] TaskStore.LoadData: First project name='p1' ID1='111'
[2025-12-13 15:22:53.492] ServiceContainer: Resolved 'TaskStore' successfully
[2025-12-13 15:22:54.121] [DEBUG] TaskListScreen: Constructor started
[2025-12-13 15:22:54.191] _PopulateMenusFromRegistry: Menu 'Projects' has 3 items from registry (array)
[2025-12-13 15:22:54.223] _PopulateMenusFromRegistry: Menu 'Time' has 3 items from registry (array)
[2025-12-13 15:22:54.245] _PopulateMenusFromRegistry: Menu 'Tasks' has 11 items from registry (array)
[2025-12-13 15:22:54.264] _PopulateMenusFromRegistry: Menu 'Tools' has 4 items from registry (array)
[2025-12-13 15:22:54.281] _PopulateMenusFromRegistry: Menu 'Help' has 1 items from registry (array)
[2025-12-13 15:22:54.299] _PopulateMenusFromRegistry: Menu 'Options' has 2 items from registry (array)
[2025-12-13 15:22:54.314] [DEBUG] TaskListScreen: Constructor completed
[2025-12-13 15:22:54.330] ServiceContainer: Resolved 'TaskListScreen' successfully
[2025-12-13 15:22:54.345] [INFO] Pushing screen to app...
[2025-12-13 15:22:54.724] [DEBUG] LoadData: Got 4 tasks from Store
[2025-12-13 15:22:54.829] [DEBUG] TaskListScreen.LoadData: Setting 4 tasks
[2025-12-13 15:22:54.957] [INFO] Cleanup - showing cursor and resetting terminal
