[2025-12-13 07:52:45.820] [INFO] Loading PMC module...
[2025-12-13 07:52:47.026] [INFO] PMC module loaded
[2025-12-13 07:52:47.028] [INFO] Loading dependencies (FieldSchemas, etc.)...
[2025-12-13 07:52:47.159] [INFO] Dependencies loaded
[2025-12-13 07:52:47.171] [INFO] Loading SpeedTUI framework...
[2025-12-13 07:52:47.447] [INFO] SpeedTUI framework loaded
[2025-12-13 07:52:47.459] [INFO] Loading PraxisVT...
[2025-12-13 07:52:47.474] [INFO] PraxisVT loaded
[2025-12-13 07:52:47.484] [INFO] Loading core dependencies...
[2025-12-13 07:52:47.544] [INFO] Core dependencies loaded
[2025-12-13 07:52:47.554] [INFO] Loading widget base classes...
[2025-12-13 07:52:47.603] [INFO] Widget base classes loaded
[2025-12-13 07:52:47.615] [INFO] Loading services...
[2025-12-13 07:52:47.756] [INFO] Services loaded
[2025-12-13 07:52:47.770] [INFO] Loading helpers...
[2025-12-13 07:52:48.416] [INFO] Helpers loaded
[2025-12-13 07:52:48.428] [INFO] Loading widgets...
[2025-12-13 07:52:48.882] [INFO] Widgets loaded
[2025-12-13 07:52:48.896] [INFO] Loading screen base class...
[2025-12-13 07:52:48.927] [INFO] Screen base class loaded
[2025-12-13 07:52:48.941] [INFO] Loading HelpViewScreen (needed by base classes)...
[2025-12-13 07:52:48.980] [INFO] HelpViewScreen loaded
[2025-12-13 07:52:48.993] [INFO] Loading base classes...
[2025-12-13 07:52:49.108] [INFO] Base classes loaded
[2025-12-13 07:52:49.121] [INFO] Loading ServiceContainer (needed by screens)...
[2025-12-13 07:52:49.147] [INFO] ServiceContainer loaded
[2025-12-13 07:52:49.159] [INFO] Loading remaining screens...
[2025-12-13 07:52:49.265] [INFO] Remaining screens loaded
[2025-12-13 07:52:49.280] [INFO] Loading PmcApplication...
[2025-12-13 07:52:49.312] [INFO] PmcApplication loaded
[2025-12-13 07:52:49.323] [INFO] All components loaded successfully
[2025-12-13 07:52:49.342] [INFO] Starting PMC TUI with screen: TaskList
[2025-12-13 07:52:49.356] [INFO] Cleared stale PmcSharedMenuBar and MenuRegistry singleton
[2025-12-13 07:52:49.367] [INFO] Creating ServiceContainer...
[2025-12-13 07:52:49.384] [INFO] ServiceContainer created
[2025-12-13 07:52:49.419] [INFO] Registering Theme service...
[2025-12-13 07:52:49.438] ServiceContainer: Registered 'Theme' (singleton=True)
[2025-12-13 07:52:49.449] [INFO] Registering ThemeManager...
[2025-12-13 07:52:49.459] ServiceContainer: Registered 'ThemeManager' (singleton=True)
[2025-12-13 07:52:49.471] [INFO] Registering Config service...
[2025-12-13 07:52:49.483] ServiceContainer: Registered 'Config' (singleton=True)
[2025-12-13 07:52:49.493] [INFO] Registering TaskStore service...
[2025-12-13 07:52:49.504] ServiceContainer: Registered 'TaskStore' (singleton=True)
[2025-12-13 07:52:49.516] [INFO] Registering MenuRegistry service...
[2025-12-13 07:52:49.531] ServiceContainer: Registered 'MenuRegistry' (singleton=True)
[2025-12-13 07:52:49.543] [INFO] Registering Application service...
[2025-12-13 07:52:49.552] ServiceContainer: Registered 'Application' (singleton=True)
[2025-12-13 07:52:49.562] [INFO] Registering CommandService...
[2025-12-13 07:52:49.574] ServiceContainer: Registered 'CommandService' (singleton=True)
[2025-12-13 07:52:49.586] [INFO] Registering ChecklistService...
[2025-12-13 07:52:49.598] ServiceContainer: Registered 'ChecklistService' (singleton=True)
[2025-12-13 07:52:49.609] [INFO] Registering NoteService...
[2025-12-13 07:52:49.621] ServiceContainer: Registered 'NoteService' (singleton=True)
[2025-12-13 07:52:49.632] [INFO] Registering ExcelMappingService...
[2025-12-13 07:52:49.647] ServiceContainer: Registered 'ExcelMappingService' (singleton=True)
[2025-12-13 07:52:49.659] [INFO] Registering PreferencesService...
[2025-12-13 07:52:49.671] ServiceContainer: Registered 'PreferencesService' (singleton=True)
[2025-12-13 07:52:49.682] [INFO] Registering screen factories...
[2025-12-13 07:52:49.693] ServiceContainer: Registered 'TaskListScreen' (singleton=False)
[2025-12-13 07:52:49.703] [INFO] Resolving Application from container...
[2025-12-13 07:52:49.722] ServiceContainer: Resolving 'Application'...
[2025-12-13 07:52:49.733] [INFO] Resolving Application...
[2025-12-13 07:52:49.742] ServiceContainer: Resolving 'Theme'...
[2025-12-13 07:52:49.758] [INFO] Resolving Theme: Calling Initialize-PmcThemeSystem...
[2025-12-13 07:52:49.783] [INFO] Theme resolved: #33aaff
[2025-12-13 07:52:49.794] [INFO] Loading PmcThemeEngine...
[2025-12-13 07:52:49.901] [DEBUG] Palette [Success] -> #2CB158 (R=44 G=177 B=88)
[2025-12-13 07:52:49.913] [DEBUG] Palette [Muted] -> #5C8F6D (R=92 G=143 B=109)
[2025-12-13 07:52:49.924] [DEBUG] Palette [Warning] -> #7FCA14 (R=127 G=202 B=20)
[2025-12-13 07:52:49.936] [DEBUG] Palette [Highlight] -> #228844 (R=34 G=136 B=68)
[2025-12-13 07:52:49.949] [DEBUG] Palette [Border] -> #185F30 (R=24 G=95 B=48)
[2025-12-13 07:52:49.962] [DEBUG] Palette [Status] -> #5C8F6D (R=92 G=143 B=109)
[2025-12-13 07:52:49.974] [DEBUG] Palette [Footer] -> #185F30 (R=24 G=95 B=48)
[2025-12-13 07:52:49.986] [DEBUG] Palette [Label] -> #5C8F6D (R=92 G=143 B=109)
[2025-12-13 07:52:49.998] [DEBUG] Palette [Text] -> #C2EACF (R=194 G=234 B=207)
[2025-12-13 07:52:50.011] [DEBUG] Palette [Cursor] -> #228844 (R=34 G=136 B=68)
[2025-12-13 07:52:50.027] [DEBUG] Palette [Header] -> #228844 (R=34 G=136 B=68)
[2025-12-13 07:52:50.039] [DEBUG] Palette [Bright] -> #2CB158 (R=44 G=177 B=88)
[2025-12-13 07:52:50.050] [DEBUG] Palette [Primary] -> #228844 (R=34 G=136 B=68)
[2025-12-13 07:52:50.060] [DEBUG] Palette [Error] -> #BE2914 (R=190 G=41 B=20)
[2025-12-13 07:52:50.079] [INFO] LoadFromConfig: Loaded Properties with 16 items
[2025-12-13 07:52:50.098] [INFO] PmcThemeEngine initialized with PMC palette (14 colors)
[2025-12-13 07:52:50.112] ServiceContainer: Resolved 'Theme' successfully
[2025-12-13 07:52:50.476] ServiceContainer: Resolving 'ThemeManager'...
[2025-12-13 07:52:50.489] [INFO] Resolving ThemeManager...
[2025-12-13 07:52:50.572] ServiceContainer: Resolved 'ThemeManager' successfully
[2025-12-13 07:52:50.590] ServiceContainer: Resolved 'Application' successfully
[2025-12-13 07:52:50.603] [INFO] Application resolved and assigned to $global:PmcApp
[2025-12-13 07:52:50.614] [INFO] Loading menus from manifest...
[2025-12-13 07:52:50.625] ServiceContainer: Resolving 'MenuRegistry'...
[2025-12-13 07:52:50.637] [INFO] Resolving MenuRegistry...
[2025-12-13 07:52:50.656] ServiceContainer: Resolved 'MenuRegistry' successfully
[2025-12-13 07:52:50.680] MenuRegistry: Loaded manifest with 24 entries
[2025-12-13 07:52:50.711] ServiceContainer: Registered 'TaskListScreen_Month' (singleton=False)
[2025-12-13 07:52:50.722] MenuRegistry: Registered screen factory 'TaskListScreen_Month' in container (viewMode=month)
[2025-12-13 07:52:50.743] MenuRegistry: Registered 'Month View' in 'Tasks' menu (hotkey=M order=45)
[2025-12-13 07:52:50.756] ServiceContainer: Registered 'TaskListScreen_Tomorrow' (singleton=False)
[2025-12-13 07:52:50.771] MenuRegistry: Registered screen factory 'TaskListScreen_Tomorrow' in container (viewMode=tomorrow)
[2025-12-13 07:52:50.785] MenuRegistry: Registered 'Tomorrow' in 'Tasks' menu (hotkey=T order=15)
[2025-12-13 07:52:50.798] ServiceContainer: Registered 'ExcelProfileManagerScreen' (singleton=False)
[2025-12-13 07:52:50.811] MenuRegistry: Registered screen factory 'ExcelProfileManagerScreen' in container (viewMode=)
[2025-12-13 07:52:50.823] MenuRegistry: Registered 'Excel Profiles' in 'Projects' menu (hotkey=M order=50)
[2025-12-13 07:52:50.836] ServiceContainer: Registered 'ProjectListScreen' (singleton=False)
[2025-12-13 07:52:50.848] MenuRegistry: Registered screen factory 'ProjectListScreen' in container (viewMode=)
[2025-12-13 07:52:50.858] MenuRegistry: Registered 'Project List' in 'Projects' menu (hotkey=L order=10)
[2025-12-13 07:52:50.871] ServiceContainer: Registered 'TaskListScreen_Week' (singleton=False)
[2025-12-13 07:52:50.883] MenuRegistry: Registered screen factory 'TaskListScreen_Week' in container (viewMode=week)
[2025-12-13 07:52:50.899] MenuRegistry: Registered 'Week View' in 'Tasks' menu (hotkey=W order=20)
[2025-12-13 07:52:50.914] ServiceContainer: Registered 'ThemeEditorScreen' (singleton=False)
[2025-12-13 07:52:50.925] MenuRegistry: Registered screen factory 'ThemeEditorScreen' in container (viewMode=)
[2025-12-13 07:52:50.936] MenuRegistry: Registered 'Theme Editor' in 'Options' menu (hotkey=T order=10)
[2025-12-13 07:52:50.948] ServiceContainer: Registered 'TaskListScreen_Today' (singleton=False)
[2025-12-13 07:52:50.959] MenuRegistry: Registered screen factory 'TaskListScreen_Today' in container (viewMode=today)
[2025-12-13 07:52:50.972] MenuRegistry: Registered 'Today' in 'Tasks' menu (hotkey=Y order=10)
[2025-12-13 07:52:50.985] ServiceContainer: Registered 'WeeklyTimeReportScreen' (singleton=False)
[2025-12-13 07:52:50.997] MenuRegistry: Registered screen factory 'WeeklyTimeReportScreen' in container (viewMode=)
[2025-12-13 07:52:51.009] MenuRegistry: Registered 'Weekly Report' in 'Time' menu (hotkey=W order=10)
[2025-12-13 07:52:51.026] ServiceContainer: Registered 'TaskListScreen_Agenda' (singleton=False)
[2025-12-13 07:52:51.039] MenuRegistry: Registered screen factory 'TaskListScreen_Agenda' in container (viewMode=agenda)
[2025-12-13 07:52:51.052] MenuRegistry: Registered 'Agenda View' in 'Tasks' menu (hotkey=A order=50)
[2025-12-13 07:52:51.064] ServiceContainer: Registered 'TimeListScreen' (singleton=False)
[2025-12-13 07:52:51.077] MenuRegistry: Registered screen factory 'TimeListScreen' in container (viewMode=)
[2025-12-13 07:52:51.090] MenuRegistry: Registered 'Time Tracking' in 'Time' menu (hotkey=T order=5)
[2025-12-13 07:52:51.101] ServiceContainer: Registered 'TaskListScreen_NoDate' (singleton=False)
[2025-12-13 07:52:51.115] MenuRegistry: Registered screen factory 'TaskListScreen_NoDate' in container (viewMode=noduedate)
[2025-12-13 07:52:51.126] MenuRegistry: Registered 'No Due Date' in 'Tasks' menu (hotkey=D order=40)
[2025-12-13 07:52:51.137] ServiceContainer: Registered 'TimeReportScreen' (singleton=False)
[2025-12-13 07:52:51.153] MenuRegistry: Registered screen factory 'TimeReportScreen' in container (viewMode=)
[2025-12-13 07:52:51.165] MenuRegistry: Registered 'Time Report' in 'Time' menu (hotkey=R order=20)
[2025-12-13 07:52:51.176] ServiceContainer: Registered 'TaskListScreen_Upcoming' (singleton=False)
[2025-12-13 07:52:51.188] MenuRegistry: Registered screen factory 'TaskListScreen_Upcoming' in container (viewMode=upcoming)
[2025-12-13 07:52:51.201] MenuRegistry: Registered 'Upcoming' in 'Tasks' menu (hotkey=U order=25)
[2025-12-13 07:52:51.214] ServiceContainer: Registered 'ChecklistTemplatesFolderScreen' (singleton=False)
[2025-12-13 07:52:51.227] MenuRegistry: Registered screen factory 'ChecklistTemplatesFolderScreen' in container (viewMode=)
[2025-12-13 07:52:51.240] MenuRegistry: Registered 'Checklist Templates' in 'Tools' menu (hotkey=H order=30)
[2025-12-13 07:52:51.253] ServiceContainer: Registered 'NotesMenuScreen' (singleton=False)
[2025-12-13 07:52:51.272] MenuRegistry: Registered screen factory 'NotesMenuScreen' in container (viewMode=)
[2025-12-13 07:52:51.289] MenuRegistry: Registered 'Notes' in 'Tools' menu (hotkey=N order=20)
[2025-12-13 07:52:51.302] ServiceContainer: Registered 'TaskListScreen_Default' (singleton=False)
[2025-12-13 07:52:51.313] MenuRegistry: Registered screen factory 'TaskListScreen_Default' in container (viewMode=)
[2025-12-13 07:52:51.326] MenuRegistry: Registered 'Task List' in 'Tasks' menu (hotkey=L order=5)
[2025-12-13 07:52:51.340] ServiceContainer: Registered 'CommandLibraryScreen' (singleton=False)
[2025-12-13 07:52:51.352] MenuRegistry: Registered screen factory 'CommandLibraryScreen' in container (viewMode=)
[2025-12-13 07:52:51.369] MenuRegistry: Registered 'Command Library' in 'Tools' menu (hotkey=L order=10)
[2025-12-13 07:52:51.383] ServiceContainer: Registered 'SettingsScreen' (singleton=False)
[2025-12-13 07:52:51.397] MenuRegistry: Registered screen factory 'SettingsScreen' in container (viewMode=)
[2025-12-13 07:52:51.412] MenuRegistry: Registered 'Settings' in 'Options' menu (hotkey=S order=20)
[2025-12-13 07:52:51.425] ServiceContainer: Registered 'TaskListScreen_NextActions' (singleton=False)
[2025-12-13 07:52:51.439] MenuRegistry: Registered screen factory 'TaskListScreen_NextActions' in container (viewMode=nextactions)
[2025-12-13 07:52:51.453] MenuRegistry: Registered 'Next Actions' in 'Tasks' menu (hotkey=N order=35)
[2025-12-13 07:52:51.467] ServiceContainer: Registered 'HelpViewScreen' (singleton=False)
[2025-12-13 07:52:51.480] MenuRegistry: Registered screen factory 'HelpViewScreen' in container (viewMode=)
[2025-12-13 07:52:51.492] MenuRegistry: Registered 'Help' in 'Help' menu (hotkey=H order=10)
[2025-12-13 07:52:51.505] ServiceContainer: Registered 'TaskListScreen_Overdue' (singleton=False)
[2025-12-13 07:52:51.518] MenuRegistry: Registered screen factory 'TaskListScreen_Overdue' in container (viewMode=overdue)
[2025-12-13 07:52:51.532] MenuRegistry: Registered 'Overdue' in 'Tasks' menu (hotkey=O order=30)
[2025-12-13 07:52:51.545] ServiceContainer: Registered 'KanbanScreenV2' (singleton=False)
[2025-12-13 07:52:51.559] MenuRegistry: Registered screen factory 'KanbanScreenV2' in container (viewMode=)
[2025-12-13 07:52:51.573] MenuRegistry: Registered 'Kanban Board' in 'Tasks' menu (hotkey=K order=55)
[2025-12-13 07:52:51.586] ServiceContainer: Registered 'ChecklistsLauncherScreen' (singleton=False)
[2025-12-13 07:52:51.599] MenuRegistry: Registered screen factory 'ChecklistsLauncherScreen' in container (viewMode=)
[2025-12-13 07:52:51.610] MenuRegistry: Registered 'Checklists' in 'Tools' menu (hotkey=C order=25)
[2025-12-13 07:52:51.620] ServiceContainer: Registered 'ExcelImportScreen' (singleton=False)
[2025-12-13 07:52:51.633] MenuRegistry: Registered screen factory 'ExcelImportScreen' in container (viewMode=)
[2025-12-13 07:52:51.650] MenuRegistry: Registered 'Import from Excel' in 'Projects' menu (hotkey=I order=40)
[2025-12-13 07:52:51.665] [INFO] Menus loaded from C:\Users\jhnhe\OneDrive\Documents\GitHub\project-management-console\og_transport\HYBRID\module\Pmc.strict\consoleui\screens\MenuItems.psd1
[2025-12-13 07:52:51.680] [INFO] Launching screen: TaskList
[2025-12-13 07:52:51.693] [INFO] Resolving TaskListScreen from container...
[2025-12-13 07:52:51.706] ServiceContainer: Resolving 'TaskListScreen'...
[2025-12-13 07:52:51.719] [INFO] Resolving TaskListScreen...
[2025-12-13 07:52:51.730] ServiceContainer: Resolving 'TaskStore'...
[2025-12-13 07:52:51.742] [INFO] Resolving TaskStore...
[2025-12-13 07:52:51.789] [DEBUG] TaskStore.LoadData: Starting
[2025-12-13 07:52:51.806] [DEBUG] TaskStore.LoadData: Calling Get-PmcData
[2025-12-13 07:52:52.058] [DEBUG] TaskStore.LoadData: Get-PmcData returned - tasks=4 projects=2 timelogs=3
[2025-12-13 07:52:52.082] [DEBUG] TaskStore.LoadData: Loaded 4 tasks
[2025-12-13 07:52:52.098] [DEBUG] TaskStore.LoadData: Loaded 2 projects
[2025-12-13 07:52:52.114] [DEBUG] TaskStore.LoadData: First project name='p1' ID1='111'
[2025-12-13 07:52:52.133] ServiceContainer: Resolved 'TaskStore' successfully
[2025-12-13 07:52:52.528] MenuRegistry: Loaded manifest with 24 entries
[2025-12-13 07:52:52.541] MenuRegistry: Registered 'Month View' in 'Tasks' menu (hotkey=M order=45)
[2025-12-13 07:52:52.556] MenuRegistry: Registered 'Tomorrow' in 'Tasks' menu (hotkey=T order=15)
[2025-12-13 07:52:52.571] MenuRegistry: Registered 'Excel Profiles' in 'Projects' menu (hotkey=M order=50)
[2025-12-13 07:52:52.584] MenuRegistry: Registered 'Project List' in 'Projects' menu (hotkey=L order=10)
[2025-12-13 07:52:52.597] MenuRegistry: Registered 'Week View' in 'Tasks' menu (hotkey=W order=20)
[2025-12-13 07:52:52.611] MenuRegistry: Registered 'Theme Editor' in 'Options' menu (hotkey=T order=10)
[2025-12-13 07:52:52.625] MenuRegistry: Registered 'Today' in 'Tasks' menu (hotkey=Y order=10)
[2025-12-13 07:52:52.640] MenuRegistry: Registered 'Weekly Report' in 'Time' menu (hotkey=W order=10)
[2025-12-13 07:52:52.658] MenuRegistry: Registered 'Agenda View' in 'Tasks' menu (hotkey=A order=50)
[2025-12-13 07:52:52.673] MenuRegistry: Registered 'Time Tracking' in 'Time' menu (hotkey=T order=5)
[2025-12-13 07:52:52.686] MenuRegistry: Registered 'No Due Date' in 'Tasks' menu (hotkey=D order=40)
[2025-12-13 07:52:52.701] MenuRegistry: Registered 'Time Report' in 'Time' menu (hotkey=R order=20)
[2025-12-13 07:52:52.715] MenuRegistry: Registered 'Upcoming' in 'Tasks' menu (hotkey=U order=25)
[2025-12-13 07:52:52.734] MenuRegistry: Registered 'Checklist Templates' in 'Tools' menu (hotkey=H order=30)
[2025-12-13 07:52:52.748] MenuRegistry: Registered 'Notes' in 'Tools' menu (hotkey=N order=20)
[2025-12-13 07:52:52.762] MenuRegistry: Registered 'Task List' in 'Tasks' menu (hotkey=L order=5)
[2025-12-13 07:52:52.779] MenuRegistry: Registered 'Command Library' in 'Tools' menu (hotkey=L order=10)
[2025-12-13 07:52:52.792] MenuRegistry: Registered 'Settings' in 'Options' menu (hotkey=S order=20)
[2025-12-13 07:52:52.806] MenuRegistry: Registered 'Next Actions' in 'Tasks' menu (hotkey=N order=35)
[2025-12-13 07:52:52.818] MenuRegistry: Registered 'Help' in 'Help' menu (hotkey=H order=10)
[2025-12-13 07:52:52.829] MenuRegistry: Registered 'Overdue' in 'Tasks' menu (hotkey=O order=30)
[2025-12-13 07:52:52.839] MenuRegistry: Registered 'Kanban Board' in 'Tasks' menu (hotkey=K order=55)
[2025-12-13 07:52:52.853] MenuRegistry: Registered 'Checklists' in 'Tools' menu (hotkey=C order=25)
[2025-12-13 07:52:52.866] MenuRegistry: Registered 'Import from Excel' in 'Projects' menu (hotkey=I order=40)
[2025-12-13 07:52:52.900] _PopulateMenusFromRegistry: Menu 'Projects' has 3 items from registry (array)
[2025-12-13 07:52:52.925] _PopulateMenusFromRegistry: Menu 'Options' has 2 items from registry (array)
[2025-12-13 07:52:52.940] _PopulateMenusFromRegistry: Menu 'Tools' has 4 items from registry (array)
[2025-12-13 07:52:52.955] _PopulateMenusFromRegistry: Menu 'Tasks' has 11 items from registry (array)
[2025-12-13 07:52:52.969] _PopulateMenusFromRegistry: Menu 'Help' has 1 items from registry (array)
[2025-12-13 07:52:52.984] _PopulateMenusFromRegistry: Menu 'Time' has 3 items from registry (array)
[2025-12-13 07:52:52.996] ServiceContainer: Resolved 'TaskListScreen' successfully
[2025-12-13 07:52:53.009] [INFO] Pushing screen to app...
[2025-12-13 07:52:53.437] [DEBUG] LoadData: Got 4 tasks from Store
[2025-12-13 07:52:53.525] [DEBUG] TaskListScreen.LoadData: Setting 4 tasks
[2025-12-13 07:52:53.545] [INFO] UniversalList.SetData: START, data param type=System.Object[]
[2025-12-13 07:52:53.558] [INFO] UniversalList.SetData: About to assign _data
[2025-12-13 07:52:53.571] [INFO] UniversalList.SetData: _data assigned successfully
[2025-12-13 07:52:53.583] [INFO] UniversalList.SetData: About to check _data type
[2025-12-13 07:52:53.597] [INFO] UniversalList.SetData: _data type=System.Object[]
[2025-12-13 07:52:53.610] [INFO] UniversalList.SetData: About to access _data.Count
[2025-12-13 07:52:53.623] [INFO] UniversalList.SetData: _data.Count=4
[2025-12-13 07:52:53.634] [INFO] UniversalList.SetData: _filteredData assigned
[2025-12-13 07:52:53.652] [INFO] UniversalList.SetData: About to clear _selectedIndices
[2025-12-13 07:52:53.668] [INFO] UniversalList.SetData: _selectedIndices cleared
[2025-12-13 07:52:53.683] [INFO] UniversalList.SetData: Received 4 items
[2025-12-13 07:52:53.698] [INFO] UniversalList.SetData: First item type=Hashtable isHashtable=True
[2025-12-13 07:52:53.714] [INFO] UniversalList.SetData: First item keys: details, id, tags, modified, text, due, status, project, priority, completed, created
[2025-12-13 07:52:53.725] [INFO] UniversalList.SetData: Incrementing cache generation
[2025-12-13 07:52:53.738] [INFO] UniversalList.SetData: Clearing row cache
[2025-12-13 07:52:53.752] [INFO] UniversalList.SetData: Clearing cache access order
[2025-12-13 07:52:53.770] [INFO] UniversalList.SetData: Applying filters
[2025-12-13 07:52:53.806] [INFO] UniversalList.SetData: Applying search
[2025-12-13 07:52:53.819] [INFO] UniversalList.SetData: Invoking OnDataChanged callback
[2025-12-13 07:52:53.842] [INFO] UniversalList.SetData: COMPLETE
[2025-12-13 07:52:54.030] [INFO] Screen pushed successfully
[2025-12-13 07:52:54.043] [INFO] Starting event loop...
[2025-12-13 07:52:54.388] [INFO] PadText: text='Task' rawLen=4 visibleLen=4 width=40 align=left
[2025-12-13 07:52:54.407] [INFO] PadText: text='Details' rawLen=7 visibleLen=7 width=28 align=left
[2025-12-13 07:52:54.424] [INFO] PadText: text='Due' rawLen=3 visibleLen=3 width=16 align=left
[2025-12-13 07:52:54.439] [INFO] PadText: text='Project' rawLen=7 visibleLen=7 width=21 align=left
[2025-12-13 07:52:54.454] [INFO] PadText: text='Tags' rawLen=4 visibleLen=4 width=23 align=left
[2025-12-13 07:52:54.504] [INFO] PadText: text='t2' rawLen=2 visibleLen=2 width=38 align=left
[2025-12-13 07:52:54.525] [INFO] PadText: text='d2' rawLen=2 visibleLen=2 width=26 align=left
[2025-12-13 07:52:54.549] [INFO] PadText: text='Dec 16' rawLen=6 visibleLen=6 width=14 align=left
[2025-12-13 07:52:54.586] [INFO] PadText: text='t3' rawLen=2 visibleLen=2 width=38 align=left
[2025-12-13 07:52:54.601] [INFO] PadText: text='Dec 18' rawLen=6 visibleLen=6 width=14 align=left
[2025-12-13 07:52:54.618] [INFO] PadText: text='p1' rawLen=2 visibleLen=2 width=19 align=left
[2025-12-13 07:52:54.649] [INFO] PadText: text='t1' rawLen=2 visibleLen=2 width=38 align=left
[2025-12-13 07:52:54.677] [INFO] PadText: text='task' rawLen=4 visibleLen=4 width=38 align=left
[2025-12-13 07:52:54.994] [INFO] PadText: text='Task' rawLen=4 visibleLen=4 width=40 align=left
[2025-12-13 07:52:55.009] [INFO] PadText: text='Details' rawLen=7 visibleLen=7 width=28 align=left
[2025-12-13 07:52:55.028] [INFO] PadText: text='Due' rawLen=3 visibleLen=3 width=16 align=left
[2025-12-13 07:52:55.043] [INFO] PadText: text='Project' rawLen=7 visibleLen=7 width=21 align=left
[2025-12-13 07:52:55.059] [INFO] PadText: text='Tags' rawLen=4 visibleLen=4 width=23 align=left
[2025-12-13 07:52:55.082] [INFO] PadText: text='t2' rawLen=2 visibleLen=2 width=38 align=left
[2025-12-13 07:52:55.096] [INFO] PadText: text='d2' rawLen=2 visibleLen=2 width=26 align=left
[2025-12-13 07:52:55.110] [INFO] PadText: text='Dec 16' rawLen=6 visibleLen=6 width=14 align=left
[2025-12-13 07:52:55.138] [INFO] PadText: text='t3' rawLen=2 visibleLen=2 width=38 align=left
[2025-12-13 07:52:55.154] [INFO] PadText: text='Dec 18' rawLen=6 visibleLen=6 width=14 align=left
[2025-12-13 07:52:55.168] [INFO] PadText: text='p1' rawLen=2 visibleLen=2 width=19 align=left
[2025-12-13 07:52:55.193] [INFO] PadText: text='t1' rawLen=2 visibleLen=2 width=38 align=left
[2025-12-13 07:52:55.217] [INFO] PadText: text='task' rawLen=4 visibleLen=4 width=38 align=left
[2025-12-13 07:52:57.769] [INFO] PadText: text='Task' rawLen=4 visibleLen=4 width=40 align=left
[2025-12-13 07:52:57.778] [INFO] PadText: text='Details' rawLen=7 visibleLen=7 width=28 align=left
[2025-12-13 07:52:57.793] [INFO] PadText: text='Due' rawLen=3 visibleLen=3 width=16 align=left
[2025-12-13 07:52:57.808] [INFO] PadText: text='Project' rawLen=7 visibleLen=7 width=21 align=left
[2025-12-13 07:52:57.823] [INFO] PadText: text='Tags' rawLen=4 visibleLen=4 width=23 align=left
[2025-12-13 07:52:57.842] [INFO] PadText: text='t2' rawLen=2 visibleLen=2 width=38 align=left
[2025-12-13 07:52:57.855] [INFO] PadText: text='d2' rawLen=2 visibleLen=2 width=26 align=left
[2025-12-13 07:52:57.869] [INFO] PadText: text='Dec 16' rawLen=6 visibleLen=6 width=14 align=left
[2025-12-13 07:52:57.892] [INFO] PadText: text='t3' rawLen=2 visibleLen=2 width=38 align=left
[2025-12-13 07:52:57.912] [INFO] PadText: text='Dec 18' rawLen=6 visibleLen=6 width=14 align=left
[2025-12-13 07:52:57.932] [INFO] PadText: text='p1' rawLen=2 visibleLen=2 width=19 align=left
[2025-12-13 07:52:57.957] [INFO] PadText: text='t1' rawLen=2 visibleLen=2 width=38 align=left
[2025-12-13 07:52:57.981] [INFO] PadText: text='task' rawLen=4 visibleLen=4 width=38 align=left
[2025-12-13 07:52:58.155] [INFO] PadText: text='Task' rawLen=4 visibleLen=4 width=40 align=left
[2025-12-13 07:52:58.171] [INFO] PadText: text='Details' rawLen=7 visibleLen=7 width=28 align=left
[2025-12-13 07:52:58.186] [INFO] PadText: text='Due' rawLen=3 visibleLen=3 width=16 align=left
[2025-12-13 07:52:58.199] [INFO] PadText: text='Project' rawLen=7 visibleLen=7 width=21 align=left
[2025-12-13 07:52:58.212] [INFO] PadText: text='Tags' rawLen=4 visibleLen=4 width=23 align=left
[2025-12-13 07:52:58.233] [INFO] PadText: text='t2' rawLen=2 visibleLen=2 width=38 align=left
[2025-12-13 07:52:58.246] [INFO] PadText: text='d2' rawLen=2 visibleLen=2 width=26 align=left
[2025-12-13 07:52:58.257] [INFO] PadText: text='Dec 16' rawLen=6 visibleLen=6 width=14 align=left
[2025-12-13 07:52:58.282] [INFO] PadText: text='t3' rawLen=2 visibleLen=2 width=38 align=left
[2025-12-13 07:52:58.297] [INFO] PadText: text='Dec 18' rawLen=6 visibleLen=6 width=14 align=left
[2025-12-13 07:52:58.309] [INFO] PadText: text='p1' rawLen=2 visibleLen=2 width=19 align=left
[2025-12-13 07:52:58.332] [INFO] PadText: text='t1' rawLen=2 visibleLen=2 width=38 align=left
[2025-12-13 07:52:58.356] [INFO] PadText: text='task' rawLen=4 visibleLen=4 width=38 align=left
[2025-12-13 07:52:59.810] [DEBUG] StandardListScreen: Routing to InlineEditor (Key=D1)
[2025-12-13 07:52:59.835] [DEBUG] StandardListScreen: After HandleInput - IsConfirmed=False IsCancelled=False ShowInlineEditor=True
[2025-12-13 07:52:59.847] [DEBUG] StandardListScreen: After close check - ShowInlineEditor=True
[2025-12-13 07:52:59.883] [INFO] PadText: text='Task' rawLen=4 visibleLen=4 width=40 align=left
[2025-12-13 07:52:59.899] [INFO] PadText: text='Details' rawLen=7 visibleLen=7 width=28 align=left
[2025-12-13 07:52:59.916] [INFO] PadText: text='Due' rawLen=3 visibleLen=3 width=16 align=left
[2025-12-13 07:52:59.931] [INFO] PadText: text='Project' rawLen=7 visibleLen=7 width=21 align=left
[2025-12-13 07:52:59.944] [INFO] PadText: text='Tags' rawLen=4 visibleLen=4 width=23 align=left
[2025-12-13 07:52:59.962] [INFO] PadText: text='t2' rawLen=2 visibleLen=2 width=38 align=left
[2025-12-13 07:52:59.973] [INFO] PadText: text='d2' rawLen=2 visibleLen=2 width=26 align=left
[2025-12-13 07:52:59.985] [INFO] PadText: text='Dec 16' rawLen=6 visibleLen=6 width=14 align=left
[2025-12-13 07:53:00.005] [INFO] PadText: text='t3' rawLen=2 visibleLen=2 width=38 align=left
[2025-12-13 07:53:00.019] [INFO] PadText: text='Dec 18' rawLen=6 visibleLen=6 width=14 align=left
[2025-12-13 07:53:00.035] [INFO] PadText: text='p1' rawLen=2 visibleLen=2 width=19 align=left
[2025-12-13 07:53:00.054] [INFO] PadText: text='t1' rawLen=2 visibleLen=2 width=38 align=left
[2025-12-13 07:53:00.075] [INFO] PadText: text='task' rawLen=4 visibleLen=4 width=38 align=left
[2025-12-13 07:53:00.197] [INFO] PadText: text='Task' rawLen=4 visibleLen=4 width=40 align=left
[2025-12-13 07:53:00.214] [INFO] PadText: text='Details' rawLen=7 visibleLen=7 width=28 align=left
[2025-12-13 07:53:00.228] [INFO] PadText: text='Due' rawLen=3 visibleLen=3 width=16 align=left
[2025-12-13 07:53:00.242] [INFO] PadText: text='Project' rawLen=7 visibleLen=7 width=21 align=left
[2025-12-13 07:53:00.258] [INFO] PadText: text='Tags' rawLen=4 visibleLen=4 width=23 align=left
[2025-12-13 07:53:00.276] [INFO] PadText: text='t2' rawLen=2 visibleLen=2 width=38 align=left
[2025-12-13 07:53:00.291] [INFO] PadText: text='d2' rawLen=2 visibleLen=2 width=26 align=left
[2025-12-13 07:53:00.304] [INFO] PadText: text='Dec 16' rawLen=6 visibleLen=6 width=14 align=left
[2025-12-13 07:53:00.326] [INFO] PadText: text='t3' rawLen=2 visibleLen=2 width=38 align=left
[2025-12-13 07:53:00.337] [INFO] PadText: text='Dec 18' rawLen=6 visibleLen=6 width=14 align=left
[2025-12-13 07:53:00.351] [INFO] PadText: text='p1' rawLen=2 visibleLen=2 width=19 align=left
[2025-12-13 07:53:00.374] [INFO] PadText: text='t1' rawLen=2 visibleLen=2 width=38 align=left
[2025-12-13 07:53:00.398] [INFO] PadText: text='task' rawLen=4 visibleLen=4 width=38 align=left
[2025-12-13 07:53:03.813] [DEBUG] StandardListScreen: Routing to InlineEditor (Key=Escape)
[2025-12-13 07:53:07.019] [DEBUG] StandardListScreen: Routing to InlineEditor (Key=DownArrow)
[2025-12-13 07:53:07.032] [DEBUG] StandardListScreen: After HandleInput - IsConfirmed=False IsCancelled=True ShowInlineEditor=True
[2025-12-13 07:53:07.043] [DEBUG] StandardListScreen: Editor field widget closed - PROPAGATING CLEAR TO SCREEN
[2025-12-13 07:53:07.128] [INFO] PadText: text='Task' rawLen=4 visibleLen=4 width=40 align=left
[2025-12-13 07:53:07.140] [INFO] PadText: text='Details' rawLen=7 visibleLen=7 width=28 align=left
[2025-12-13 07:53:07.151] [INFO] PadText: text='Due' rawLen=3 visibleLen=3 width=16 align=left
[2025-12-13 07:53:07.163] [INFO] PadText: text='Project' rawLen=7 visibleLen=7 width=21 align=left
[2025-12-13 07:53:07.174] [INFO] PadText: text='Tags' rawLen=4 visibleLen=4 width=23 align=left
[2025-12-13 07:53:07.189] [INFO] PadText: text='t2' rawLen=2 visibleLen=2 width=38 align=left
[2025-12-13 07:53:07.203] [INFO] PadText: text='d2' rawLen=2 visibleLen=2 width=26 align=left
[2025-12-13 07:53:07.215] [INFO] PadText: text='Dec 16' rawLen=6 visibleLen=6 width=14 align=left
[2025-12-13 07:53:07.230] [INFO] PadText: text='t3' rawLen=2 visibleLen=2 width=38 align=left
[2025-12-13 07:53:07.242] [INFO] PadText: text='Dec 18' rawLen=6 visibleLen=6 width=14 align=left
[2025-12-13 07:53:07.253] [INFO] PadText: text='p1' rawLen=2 visibleLen=2 width=19 align=left
[2025-12-13 07:53:07.271] [INFO] PadText: text='t1' rawLen=2 visibleLen=2 width=38 align=left
[2025-12-13 07:53:07.292] [INFO] PadText: text='task' rawLen=4 visibleLen=4 width=38 align=left
[2025-12-13 07:53:07.389] [INFO] PadText: text='Task' rawLen=4 visibleLen=4 width=40 align=left
[2025-12-13 07:53:07.402] [INFO] PadText: text='Details' rawLen=7 visibleLen=7 width=28 align=left
[2025-12-13 07:53:07.412] [INFO] PadText: text='Due' rawLen=3 visibleLen=3 width=16 align=left
[2025-12-13 07:53:07.423] [INFO] PadText: text='Project' rawLen=7 visibleLen=7 width=21 align=left
[2025-12-13 07:53:07.435] [INFO] PadText: text='Tags' rawLen=4 visibleLen=4 width=23 align=left
[2025-12-13 07:53:07.454] [INFO] PadText: text='t2' rawLen=2 visibleLen=2 width=38 align=left
[2025-12-13 07:53:07.464] [INFO] PadText: text='d2' rawLen=2 visibleLen=2 width=26 align=left
[2025-12-13 07:53:07.475] [INFO] PadText: text='Dec 16' rawLen=6 visibleLen=6 width=14 align=left
[2025-12-13 07:53:07.491] [INFO] PadText: text='t3' rawLen=2 visibleLen=2 width=38 align=left
[2025-12-13 07:53:07.502] [INFO] PadText: text='Dec 18' rawLen=6 visibleLen=6 width=14 align=left
[2025-12-13 07:53:07.513] [INFO] PadText: text='p1' rawLen=2 visibleLen=2 width=19 align=left
[2025-12-13 07:53:07.528] [INFO] PadText: text='t1' rawLen=2 visibleLen=2 width=38 align=left
[2025-12-13 07:53:07.544] [INFO] PadText: text='task' rawLen=4 visibleLen=4 width=38 align=left
[2025-12-13 07:53:08.500] [DEBUG] StandardListScreen: Routing to InlineEditor (Key=DownArrow)
[2025-12-13 07:53:08.513] [DEBUG] StandardListScreen: After HandleInput - IsConfirmed=False IsCancelled=True ShowInlineEditor=True
[2025-12-13 07:53:08.523] [DEBUG] StandardListScreen: Editor confirmed/cancelled - closing editor NO CLEAR
[2025-12-13 07:53:08.534] [DEBUG] StandardListScreen: Restored selectedIndex to 3 after add mode exit (itemCount=4)
[2025-12-13 07:53:08.565] [INFO] PadText: text='Task' rawLen=4 visibleLen=4 width=40 align=left
[2025-12-13 07:53:08.580] [INFO] PadText: text='Details' rawLen=7 visibleLen=7 width=28 align=left
[2025-12-13 07:53:08.593] [INFO] PadText: text='Due' rawLen=3 visibleLen=3 width=16 align=left
[2025-12-13 07:53:08.604] [INFO] PadText: text='Project' rawLen=7 visibleLen=7 width=21 align=left
[2025-12-13 07:53:08.615] [INFO] PadText: text='Tags' rawLen=4 visibleLen=4 width=23 align=left
[2025-12-13 07:53:08.628] [INFO] PadText: text='t2' rawLen=2 visibleLen=2 width=38 align=left
[2025-12-13 07:53:08.640] [INFO] PadText: text='d2' rawLen=2 visibleLen=2 width=26 align=left
[2025-12-13 07:53:08.652] [INFO] PadText: text='Dec 16' rawLen=6 visibleLen=6 width=14 align=left
[2025-12-13 07:53:08.672] [INFO] PadText: text='t3' rawLen=2 visibleLen=2 width=38 align=left
[2025-12-13 07:53:08.684] [INFO] PadText: text='Dec 18' rawLen=6 visibleLen=6 width=14 align=left
[2025-12-13 07:53:08.695] [INFO] PadText: text='p1' rawLen=2 visibleLen=2 width=19 align=left
[2025-12-13 07:53:08.716] [INFO] PadText: text='t1' rawLen=2 visibleLen=2 width=38 align=left
[2025-12-13 07:53:08.734] [INFO] PadText: text='task' rawLen=4 visibleLen=4 width=38 align=left
[2025-12-13 07:53:08.827] [INFO] PadText: text='Task' rawLen=4 visibleLen=4 width=40 align=left
[2025-12-13 07:53:08.839] [INFO] PadText: text='Details' rawLen=7 visibleLen=7 width=28 align=left
[2025-12-13 07:53:08.851] [INFO] PadText: text='Due' rawLen=3 visibleLen=3 width=16 align=left
[2025-12-13 07:53:08.863] [INFO] PadText: text='Project' rawLen=7 visibleLen=7 width=21 align=left
[2025-12-13 07:53:08.874] [INFO] PadText: text='Tags' rawLen=4 visibleLen=4 width=23 align=left
[2025-12-13 07:53:08.889] [INFO] PadText: text='t2' rawLen=2 visibleLen=2 width=38 align=left
[2025-12-13 07:53:08.901] [INFO] PadText: text='d2' rawLen=2 visibleLen=2 width=26 align=left
[2025-12-13 07:53:08.913] [INFO] PadText: text='Dec 16' rawLen=6 visibleLen=6 width=14 align=left
[2025-12-13 07:53:08.929] [INFO] PadText: text='t3' rawLen=2 visibleLen=2 width=38 align=left
[2025-12-13 07:53:08.940] [INFO] PadText: text='Dec 18' rawLen=6 visibleLen=6 width=14 align=left
[2025-12-13 07:53:08.954] [INFO] PadText: text='p1' rawLen=2 visibleLen=2 width=19 align=left
[2025-12-13 07:53:08.972] [INFO] PadText: text='t1' rawLen=2 visibleLen=2 width=38 align=left
[2025-12-13 07:53:08.989] [INFO] PadText: text='task' rawLen=4 visibleLen=4 width=38 align=left
[2025-12-13 07:53:09.223] [INFO] PadText: text='Task' rawLen=4 visibleLen=4 width=40 align=left
[2025-12-13 07:53:09.235] [INFO] PadText: text='Details' rawLen=7 visibleLen=7 width=28 align=left
[2025-12-13 07:53:09.248] [INFO] PadText: text='Due' rawLen=3 visibleLen=3 width=16 align=left
[2025-12-13 07:53:09.260] [INFO] PadText: text='Project' rawLen=7 visibleLen=7 width=21 align=left
[2025-12-13 07:53:09.272] [INFO] PadText: text='Tags' rawLen=4 visibleLen=4 width=23 align=left
[2025-12-13 07:53:09.288] [INFO] PadText: text='t2' rawLen=2 visibleLen=2 width=38 align=left
[2025-12-13 07:53:09.300] [INFO] PadText: text='d2' rawLen=2 visibleLen=2 width=26 align=left
[2025-12-13 07:53:09.312] [INFO] PadText: text='Dec 16' rawLen=6 visibleLen=6 width=14 align=left
[2025-12-13 07:53:09.334] [INFO] PadText: text='t3' rawLen=2 visibleLen=2 width=38 align=left
[2025-12-13 07:53:09.346] [INFO] PadText: text='Dec 18' rawLen=6 visibleLen=6 width=14 align=left
[2025-12-13 07:53:09.359] [INFO] PadText: text='p1' rawLen=2 visibleLen=2 width=19 align=left
[2025-12-13 07:53:09.378] [INFO] PadText: text='t1' rawLen=2 visibleLen=2 width=38 align=left
[2025-12-13 07:53:09.397] [INFO] PadText: text='task' rawLen=4 visibleLen=4 width=38 align=left
[2025-12-13 07:53:09.497] [INFO] PadText: text='Task' rawLen=4 visibleLen=4 width=40 align=left
[2025-12-13 07:53:09.511] [INFO] PadText: text='Details' rawLen=7 visibleLen=7 width=28 align=left
[2025-12-13 07:53:09.523] [INFO] PadText: text='Due' rawLen=3 visibleLen=3 width=16 align=left
[2025-12-13 07:53:09.534] [INFO] PadText: text='Project' rawLen=7 visibleLen=7 width=21 align=left
[2025-12-13 07:53:09.544] [INFO] PadText: text='Tags' rawLen=4 visibleLen=4 width=23 align=left
[2025-12-13 07:53:09.559] [INFO] PadText: text='t2' rawLen=2 visibleLen=2 width=38 align=left
[2025-12-13 07:53:09.571] [INFO] PadText: text='d2' rawLen=2 visibleLen=2 width=26 align=left
[2025-12-13 07:53:09.584] [INFO] PadText: text='Dec 16' rawLen=6 visibleLen=6 width=14 align=left
[2025-12-13 07:53:09.600] [INFO] PadText: text='t3' rawLen=2 visibleLen=2 width=38 align=left
[2025-12-13 07:53:09.612] [INFO] PadText: text='Dec 18' rawLen=6 visibleLen=6 width=14 align=left
[2025-12-13 07:53:09.622] [INFO] PadText: text='p1' rawLen=2 visibleLen=2 width=19 align=left
[2025-12-13 07:53:09.639] [INFO] PadText: text='t1' rawLen=2 visibleLen=2 width=38 align=left
[2025-12-13 07:53:09.655] [INFO] PadText: text='task' rawLen=4 visibleLen=4 width=38 align=left
[2025-12-13 07:53:10.360] [INFO] PadText: text='Task' rawLen=4 visibleLen=4 width=40 align=left
[2025-12-13 07:53:10.372] [INFO] PadText: text='Details' rawLen=7 visibleLen=7 width=28 align=left
[2025-12-13 07:53:10.383] [INFO] PadText: text='Due' rawLen=3 visibleLen=3 width=16 align=left
[2025-12-13 07:53:10.394] [INFO] PadText: text='Project' rawLen=7 visibleLen=7 width=21 align=left
[2025-12-13 07:53:10.404] [INFO] PadText: text='Tags' rawLen=4 visibleLen=4 width=23 align=left
[2025-12-13 07:53:10.418] [INFO] PadText: text='t2' rawLen=2 visibleLen=2 width=38 align=left
[2025-12-13 07:53:10.429] [INFO] PadText: text='d2' rawLen=2 visibleLen=2 width=26 align=left
[2025-12-13 07:53:10.439] [INFO] PadText: text='Dec 16' rawLen=6 visibleLen=6 width=14 align=left
[2025-12-13 07:53:10.461] [INFO] PadText: text='t3' rawLen=2 visibleLen=2 width=38 align=left
[2025-12-13 07:53:10.473] [INFO] PadText: text='Dec 18' rawLen=6 visibleLen=6 width=14 align=left
[2025-12-13 07:53:10.484] [INFO] PadText: text='p1' rawLen=2 visibleLen=2 width=19 align=left
[2025-12-13 07:53:10.499] [INFO] PadText: text='t1' rawLen=2 visibleLen=2 width=38 align=left
[2025-12-13 07:53:10.515] [INFO] PadText: text='task' rawLen=4 visibleLen=4 width=38 align=left
[2025-12-13 07:53:10.613] [INFO] PadText: text='Task' rawLen=4 visibleLen=4 width=40 align=left
[2025-12-13 07:53:10.625] [INFO] PadText: text='Details' rawLen=7 visibleLen=7 width=28 align=left
[2025-12-13 07:53:10.636] [INFO] PadText: text='Due' rawLen=3 visibleLen=3 width=16 align=left
[2025-12-13 07:53:10.648] [INFO] PadText: text='Project' rawLen=7 visibleLen=7 width=21 align=left
[2025-12-13 07:53:10.659] [INFO] PadText: text='Tags' rawLen=4 visibleLen=4 width=23 align=left
[2025-12-13 07:53:10.674] [INFO] PadText: text='t2' rawLen=2 visibleLen=2 width=38 align=left
[2025-12-13 07:53:10.686] [INFO] PadText: text='d2' rawLen=2 visibleLen=2 width=26 align=left
[2025-12-13 07:53:10.697] [INFO] PadText: text='Dec 16' rawLen=6 visibleLen=6 width=14 align=left
[2025-12-13 07:53:10.717] [INFO] PadText: text='t3' rawLen=2 visibleLen=2 width=38 align=left
[2025-12-13 07:53:10.729] [INFO] PadText: text='Dec 18' rawLen=6 visibleLen=6 width=14 align=left
[2025-12-13 07:53:10.739] [INFO] PadText: text='p1' rawLen=2 visibleLen=2 width=19 align=left
[2025-12-13 07:53:10.754] [INFO] PadText: text='t1' rawLen=2 visibleLen=2 width=38 align=left
[2025-12-13 07:53:10.770] [INFO] PadText: text='task' rawLen=4 visibleLen=4 width=38 align=left
[2025-12-13 07:53:10.973] [INFO] PadText: text='Task' rawLen=4 visibleLen=4 width=40 align=left
[2025-12-13 07:53:10.985] [INFO] PadText: text='Details' rawLen=7 visibleLen=7 width=28 align=left
[2025-12-13 07:53:10.996] [INFO] PadText: text='Due' rawLen=3 visibleLen=3 width=16 align=left
[2025-12-13 07:53:11.007] [INFO] PadText: text='Project' rawLen=7 visibleLen=7 width=21 align=left
[2025-12-13 07:53:11.019] [INFO] PadText: text='Tags' rawLen=4 visibleLen=4 width=23 align=left
[2025-12-13 07:53:11.034] [INFO] PadText: text='t2' rawLen=2 visibleLen=2 width=38 align=left
[2025-12-13 07:53:11.045] [INFO] PadText: text='d2' rawLen=2 visibleLen=2 width=26 align=left
[2025-12-13 07:53:11.055] [INFO] PadText: text='Dec 16' rawLen=6 visibleLen=6 width=14 align=left
[2025-12-13 07:53:11.073] [INFO] PadText: text='t3' rawLen=2 visibleLen=2 width=38 align=left
[2025-12-13 07:53:11.087] [INFO] PadText: text='Dec 18' rawLen=6 visibleLen=6 width=14 align=left
[2025-12-13 07:53:11.098] [INFO] PadText: text='p1' rawLen=2 visibleLen=2 width=19 align=left
[2025-12-13 07:53:11.114] [INFO] PadText: text='t1' rawLen=2 visibleLen=2 width=38 align=left
[2025-12-13 07:53:11.133] [INFO] PadText: text='task' rawLen=4 visibleLen=4 width=38 align=left
[2025-12-13 07:53:11.228] [INFO] PadText: text='Task' rawLen=4 visibleLen=4 width=40 align=left
[2025-12-13 07:53:11.240] [INFO] PadText: text='Details' rawLen=7 visibleLen=7 width=28 align=left
[2025-12-13 07:53:11.251] [INFO] PadText: text='Due' rawLen=3 visibleLen=3 width=16 align=left
[2025-12-13 07:53:11.262] [INFO] PadText: text='Project' rawLen=7 visibleLen=7 width=21 align=left
[2025-12-13 07:53:11.274] [INFO] PadText: text='Tags' rawLen=4 visibleLen=4 width=23 align=left
[2025-12-13 07:53:11.290] [INFO] PadText: text='t2' rawLen=2 visibleLen=2 width=38 align=left
[2025-12-13 07:53:11.301] [INFO] PadText: text='d2' rawLen=2 visibleLen=2 width=26 align=left
[2025-12-13 07:53:11.313] [INFO] PadText: text='Dec 16' rawLen=6 visibleLen=6 width=14 align=left
[2025-12-13 07:53:11.332] [INFO] PadText: text='t3' rawLen=2 visibleLen=2 width=38 align=left
[2025-12-13 07:53:11.344] [INFO] PadText: text='Dec 18' rawLen=6 visibleLen=6 width=14 align=left
[2025-12-13 07:53:11.355] [INFO] PadText: text='p1' rawLen=2 visibleLen=2 width=19 align=left
[2025-12-13 07:53:11.373] [INFO] PadText: text='t1' rawLen=2 visibleLen=2 width=38 align=left
[2025-12-13 07:53:11.391] [INFO] PadText: text='task' rawLen=4 visibleLen=4 width=38 align=left
[2025-12-13 07:53:13.460] [INFO] Event loop exited normally
[2025-12-13 07:53:13.473] [INFO] Cleanup - showing cursor and resetting terminal
