[2025-12-14 15:34:04.758] [INFO] Loading PMC module...
[2025-12-14 15:34:05.989] [INFO] PMC module loaded
[2025-12-14 15:34:05.990] [INFO] Loading dependencies (FieldSchemas, etc.)...
[2025-12-14 15:34:06.132] [INFO] Dependencies loaded
[2025-12-14 15:34:06.144] [INFO] Loading SpeedTUI framework...
[2025-12-14 15:34:06.433] [INFO] SpeedTUI framework loaded
[2025-12-14 15:34:06.444] [INFO] Loading PraxisVT...
[2025-12-14 15:34:06.463] [INFO] PraxisVT loaded
[2025-12-14 15:34:06.475] [INFO] Loading core dependencies...
[2025-12-14 15:34:06.545] [INFO] Core dependencies loaded
[2025-12-14 15:34:06.557] [INFO] Loading widget base classes...
[2025-12-14 15:34:06.751] [INFO] Widget base classes loaded
[2025-12-14 15:34:06.765] [INFO] Loading services...
[2025-12-14 15:34:06.924] [INFO] Services loaded
[2025-12-14 15:34:06.934] [INFO] Loading helpers...
[2025-12-14 15:34:07.713] [INFO] Helpers loaded
[2025-12-14 15:34:07.722] [INFO] Loading widgets...
[2025-12-14 15:34:08.196] [INFO] Widgets loaded
[2025-12-14 15:34:08.207] [INFO] Loading screen base class...
[2025-12-14 15:34:08.238] [INFO] Screen base class loaded
[2025-12-14 15:34:08.251] [INFO] Loading HelpViewScreen (needed by base classes)...
[2025-12-14 15:34:08.285] [INFO] HelpViewScreen loaded
[2025-12-14 15:34:08.296] [INFO] Loading base classes...
[2025-12-14 15:34:08.404] [INFO] Base classes loaded
[2025-12-14 15:34:08.417] [INFO] Loading ServiceContainer (needed by screens)...
[2025-12-14 15:34:08.441] [INFO] ServiceContainer loaded
[2025-12-14 15:34:08.452] [INFO] Loading remaining screens...
[2025-12-14 15:34:08.565] [INFO] Remaining screens loaded
[2025-12-14 15:34:08.575] [INFO] Loading PmcApplication...
[2025-12-14 15:34:08.603] [INFO] PmcApplication loaded
[2025-12-14 15:34:08.615] [INFO] All components loaded successfully
[2025-12-14 15:34:08.637] [INFO] Starting PMC TUI with screen: TaskList
[2025-12-14 15:34:08.651] [INFO] Cleared stale PmcSharedMenuBar and MenuRegistry singleton
[2025-12-14 15:34:08.663] [INFO] Creating ServiceContainer...
[2025-12-14 15:34:08.679] [INFO] ServiceContainer created
[2025-12-14 15:34:08.689] [INFO] Registering Theme service...
[2025-12-14 15:34:08.709] ServiceContainer: Registered 'Theme' (singleton=True)
[2025-12-14 15:34:08.720] [INFO] Registering ThemeManager...
[2025-12-14 15:34:08.730] ServiceContainer: Registered 'ThemeManager' (singleton=True)
[2025-12-14 15:34:08.742] [INFO] Registering Config service...
[2025-12-14 15:34:08.756] ServiceContainer: Registered 'Config' (singleton=True)
[2025-12-14 15:34:08.769] [INFO] Registering TaskStore service...
[2025-12-14 15:34:08.781] ServiceContainer: Registered 'TaskStore' (singleton=True)
[2025-12-14 15:34:08.791] [INFO] Registering MenuRegistry service...
[2025-12-14 15:34:08.801] ServiceContainer: Registered 'MenuRegistry' (singleton=True)
[2025-12-14 15:34:08.811] [INFO] Registering Application service...
[2025-12-14 15:34:08.821] ServiceContainer: Registered 'Application' (singleton=True)
[2025-12-14 15:34:08.832] [INFO] Registering CommandService...
[2025-12-14 15:34:08.846] ServiceContainer: Registered 'CommandService' (singleton=True)
[2025-12-14 15:34:08.859] [INFO] Registering ChecklistService...
[2025-12-14 15:34:08.872] ServiceContainer: Registered 'ChecklistService' (singleton=True)
[2025-12-14 15:34:08.893] [INFO] Registering NoteService...
[2025-12-14 15:34:08.908] ServiceContainer: Registered 'NoteService' (singleton=True)
[2025-12-14 15:34:08.920] [INFO] Registering ExcelMappingService...
[2025-12-14 15:34:08.933] ServiceContainer: Registered 'ExcelMappingService' (singleton=True)
[2025-12-14 15:34:08.946] [INFO] Registering PreferencesService...
[2025-12-14 15:34:08.959] ServiceContainer: Registered 'PreferencesService' (singleton=True)
[2025-12-14 15:34:08.974] [INFO] Registering screen factories...
[2025-12-14 15:34:08.987] ServiceContainer: Registered 'TaskListScreen' (singleton=False)
[2025-12-14 15:34:09.001] [INFO] Resolving Application from container...
[2025-12-14 15:34:09.029] ServiceContainer: Resolving 'Application'...
[2025-12-14 15:34:09.042] [INFO] Resolving Application...
[2025-12-14 15:34:09.055] ServiceContainer: Resolving 'Theme'...
[2025-12-14 15:34:09.070] [INFO] Resolving Theme: Calling Initialize-PmcThemeSystem...
[2025-12-14 15:34:09.090] [INFO] Theme resolved: #33aaff
[2025-12-14 15:34:09.100] [INFO] Loading PmcThemeEngine...
[2025-12-14 15:34:09.196] [DEBUG] Palette [Error] -> #BE2914 (R=190 G=41 B=20)
[2025-12-14 15:34:09.207] [DEBUG] Palette [Text] -> #C2EACF (R=194 G=234 B=207)
[2025-12-14 15:34:09.217] [DEBUG] Palette [Border] -> #185F30 (R=24 G=95 B=48)
[2025-12-14 15:34:09.227] [DEBUG] Palette [Warning] -> #7FCA14 (R=127 G=202 B=20)
[2025-12-14 15:34:09.238] [DEBUG] Palette [Bright] -> #2CB158 (R=44 G=177 B=88)
[2025-12-14 15:34:09.249] [DEBUG] Palette [Cursor] -> #228844 (R=34 G=136 B=68)
[2025-12-14 15:34:09.262] [DEBUG] Palette [Muted] -> #5C8F6D (R=92 G=143 B=109)
[2025-12-14 15:34:09.272] [DEBUG] Palette [Header] -> #228844 (R=34 G=136 B=68)
[2025-12-14 15:34:09.283] [DEBUG] Palette [Label] -> #5C8F6D (R=92 G=143 B=109)
[2025-12-14 15:34:09.294] [DEBUG] Palette [Status] -> #5C8F6D (R=92 G=143 B=109)
[2025-12-14 15:34:09.305] [DEBUG] Palette [Highlight] -> #228844 (R=34 G=136 B=68)
[2025-12-14 15:34:09.315] [DEBUG] Palette [Footer] -> #185F30 (R=24 G=95 B=48)
[2025-12-14 15:34:09.326] [DEBUG] Palette [Success] -> #2CB158 (R=44 G=177 B=88)
[2025-12-14 15:34:09.341] [DEBUG] Palette [Primary] -> #228844 (R=34 G=136 B=68)
[2025-12-14 15:34:09.361] [INFO] LoadFromConfig: Loaded Properties with 16 items
[2025-12-14 15:34:09.379] [INFO] PmcThemeEngine initialized with PMC palette (14 colors)
[2025-12-14 15:34:09.391] ServiceContainer: Resolved 'Theme' successfully
[2025-12-14 15:34:09.724] ServiceContainer: Resolving 'ThemeManager'...
[2025-12-14 15:34:09.738] [INFO] Resolving ThemeManager...
[2025-12-14 15:34:09.820] ServiceContainer: Resolved 'ThemeManager' successfully
[2025-12-14 15:34:09.836] ServiceContainer: Resolved 'Application' successfully
[2025-12-14 15:34:09.847] [INFO] Application resolved and assigned to $global:PmcApp
[2025-12-14 15:34:09.858] [INFO] Loading menus from manifest...
[2025-12-14 15:34:09.870] ServiceContainer: Resolving 'MenuRegistry'...
[2025-12-14 15:34:09.885] [INFO] Resolving MenuRegistry...
[2025-12-14 15:34:09.903] ServiceContainer: Resolved 'MenuRegistry' successfully
[2025-12-14 15:34:09.927] MenuRegistry: Loaded manifest with 24 entries
[2025-12-14 15:34:09.955] ServiceContainer: Registered 'TaskListScreen_Upcoming' (singleton=False)
[2025-12-14 15:34:09.966] MenuRegistry: Registered screen factory 'TaskListScreen_Upcoming' in container (viewMode=upcoming)
[2025-12-14 15:34:09.985] MenuRegistry: Registered 'Upcoming' in 'Tasks' menu (hotkey=U order=25)
[2025-12-14 15:34:09.997] ServiceContainer: Registered 'CommandLibraryScreen' (singleton=False)
[2025-12-14 15:34:10.010] MenuRegistry: Registered screen factory 'CommandLibraryScreen' in container (viewMode=)
[2025-12-14 15:34:10.022] MenuRegistry: Registered 'Command Library' in 'Tools' menu (hotkey=L order=10)
[2025-12-14 15:34:10.034] ServiceContainer: Registered 'NotesMenuScreen' (singleton=False)
[2025-12-14 15:34:10.047] MenuRegistry: Registered screen factory 'NotesMenuScreen' in container (viewMode=)
[2025-12-14 15:34:10.058] MenuRegistry: Registered 'Notes' in 'Tools' menu (hotkey=N order=20)
[2025-12-14 15:34:10.068] ServiceContainer: Registered 'ChecklistsLauncherScreen' (singleton=False)
[2025-12-14 15:34:10.079] MenuRegistry: Registered screen factory 'ChecklistsLauncherScreen' in container (viewMode=)
[2025-12-14 15:34:10.089] MenuRegistry: Registered 'Checklists' in 'Tools' menu (hotkey=C order=25)
[2025-12-14 15:34:10.100] ServiceContainer: Registered 'TaskListScreen_NextActions' (singleton=False)
[2025-12-14 15:34:10.111] MenuRegistry: Registered screen factory 'TaskListScreen_NextActions' in container (viewMode=nextactions)
[2025-12-14 15:34:10.122] MenuRegistry: Registered 'Next Actions' in 'Tasks' menu (hotkey=N order=35)
[2025-12-14 15:34:10.135] ServiceContainer: Registered 'TimeListScreen' (singleton=False)
[2025-12-14 15:34:10.150] MenuRegistry: Registered screen factory 'TimeListScreen' in container (viewMode=)
[2025-12-14 15:34:10.161] MenuRegistry: Registered 'Time Tracking' in 'Time' menu (hotkey=T order=5)
[2025-12-14 15:34:10.172] ServiceContainer: Registered 'TaskListScreen_Month' (singleton=False)
[2025-12-14 15:34:10.182] MenuRegistry: Registered screen factory 'TaskListScreen_Month' in container (viewMode=month)
[2025-12-14 15:34:10.192] MenuRegistry: Registered 'Month View' in 'Tasks' menu (hotkey=M order=45)
[2025-12-14 15:34:10.202] ServiceContainer: Registered 'TaskListScreen_Overdue' (singleton=False)
[2025-12-14 15:34:10.212] MenuRegistry: Registered screen factory 'TaskListScreen_Overdue' in container (viewMode=overdue)
[2025-12-14 15:34:10.223] MenuRegistry: Registered 'Overdue' in 'Tasks' menu (hotkey=O order=30)
[2025-12-14 15:34:10.233] ServiceContainer: Registered 'SettingsScreen' (singleton=False)
[2025-12-14 15:34:10.243] MenuRegistry: Registered screen factory 'SettingsScreen' in container (viewMode=)
[2025-12-14 15:34:10.257] MenuRegistry: Registered 'Settings' in 'Options' menu (hotkey=S order=20)
[2025-12-14 15:34:10.269] ServiceContainer: Registered 'TaskListScreen_NoDate' (singleton=False)
[2025-12-14 15:34:10.281] MenuRegistry: Registered screen factory 'TaskListScreen_NoDate' in container (viewMode=noduedate)
[2025-12-14 15:34:10.292] MenuRegistry: Registered 'No Due Date' in 'Tasks' menu (hotkey=D order=40)
[2025-12-14 15:34:10.302] ServiceContainer: Registered 'WeeklyTimeReportScreen' (singleton=False)
[2025-12-14 15:34:10.313] MenuRegistry: Registered screen factory 'WeeklyTimeReportScreen' in container (viewMode=)
[2025-12-14 15:34:10.325] MenuRegistry: Registered 'Weekly Report' in 'Time' menu (hotkey=W order=10)
[2025-12-14 15:34:10.336] ServiceContainer: Registered 'HelpViewScreen' (singleton=False)
[2025-12-14 15:34:10.347] MenuRegistry: Registered screen factory 'HelpViewScreen' in container (viewMode=)
[2025-12-14 15:34:10.362] MenuRegistry: Registered 'Help' in 'Help' menu (hotkey=H order=10)
[2025-12-14 15:34:10.374] ServiceContainer: Registered 'TimeReportScreen' (singleton=False)
[2025-12-14 15:34:10.387] MenuRegistry: Registered screen factory 'TimeReportScreen' in container (viewMode=)
[2025-12-14 15:34:10.398] MenuRegistry: Registered 'Time Report' in 'Time' menu (hotkey=R order=20)
[2025-12-14 15:34:10.408] ServiceContainer: Registered 'TaskListScreen_Default' (singleton=False)
[2025-12-14 15:34:10.417] MenuRegistry: Registered screen factory 'TaskListScreen_Default' in container (viewMode=)
[2025-12-14 15:34:10.428] MenuRegistry: Registered 'Task List' in 'Tasks' menu (hotkey=L order=5)
[2025-12-14 15:34:10.440] ServiceContainer: Registered 'KanbanScreenV2' (singleton=False)
[2025-12-14 15:34:10.451] MenuRegistry: Registered screen factory 'KanbanScreenV2' in container (viewMode=)
[2025-12-14 15:34:10.463] MenuRegistry: Registered 'Kanban Board' in 'Tasks' menu (hotkey=K order=55)
[2025-12-14 15:34:10.474] ServiceContainer: Registered 'ChecklistTemplatesFolderScreen' (singleton=False)
[2025-12-14 15:34:10.487] MenuRegistry: Registered screen factory 'ChecklistTemplatesFolderScreen' in container (viewMode=)
[2025-12-14 15:34:10.499] MenuRegistry: Registered 'Checklist Templates' in 'Tools' menu (hotkey=H order=30)
[2025-12-14 15:34:10.514] ServiceContainer: Registered 'ProjectListScreen' (singleton=False)
[2025-12-14 15:34:10.524] MenuRegistry: Registered screen factory 'ProjectListScreen' in container (viewMode=)
[2025-12-14 15:34:10.539] MenuRegistry: Registered 'Project List' in 'Projects' menu (hotkey=L order=10)
[2025-12-14 15:34:10.549] ServiceContainer: Registered 'ExcelProfileManagerScreen' (singleton=False)
[2025-12-14 15:34:10.566] MenuRegistry: Registered screen factory 'ExcelProfileManagerScreen' in container (viewMode=)
[2025-12-14 15:34:10.578] MenuRegistry: Registered 'Excel Profiles' in 'Projects' menu (hotkey=M order=50)
[2025-12-14 15:34:10.590] ServiceContainer: Registered 'ExcelImportScreen' (singleton=False)
[2025-12-14 15:34:10.601] MenuRegistry: Registered screen factory 'ExcelImportScreen' in container (viewMode=)
[2025-12-14 15:34:10.612] MenuRegistry: Registered 'Import from Excel' in 'Projects' menu (hotkey=I order=40)
[2025-12-14 15:34:10.625] ServiceContainer: Registered 'TaskListScreen_Tomorrow' (singleton=False)
[2025-12-14 15:34:10.640] MenuRegistry: Registered screen factory 'TaskListScreen_Tomorrow' in container (viewMode=tomorrow)
[2025-12-14 15:34:10.651] MenuRegistry: Registered 'Tomorrow' in 'Tasks' menu (hotkey=T order=15)
[2025-12-14 15:34:10.663] ServiceContainer: Registered 'TaskListScreen_Today' (singleton=False)
[2025-12-14 15:34:10.674] MenuRegistry: Registered screen factory 'TaskListScreen_Today' in container (viewMode=today)
[2025-12-14 15:34:10.684] MenuRegistry: Registered 'Today' in 'Tasks' menu (hotkey=Y order=10)
[2025-12-14 15:34:10.695] ServiceContainer: Registered 'TaskListScreen_Week' (singleton=False)
[2025-12-14 15:34:10.705] MenuRegistry: Registered screen factory 'TaskListScreen_Week' in container (viewMode=week)
[2025-12-14 15:34:10.716] MenuRegistry: Registered 'Week View' in 'Tasks' menu (hotkey=W order=20)
[2025-12-14 15:34:10.727] ServiceContainer: Registered 'TaskListScreen_Agenda' (singleton=False)
[2025-12-14 15:34:10.738] MenuRegistry: Registered screen factory 'TaskListScreen_Agenda' in container (viewMode=agenda)
[2025-12-14 15:34:10.752] MenuRegistry: Registered 'Agenda View' in 'Tasks' menu (hotkey=A order=50)
[2025-12-14 15:34:10.767] ServiceContainer: Registered 'ThemeEditorScreen' (singleton=False)
[2025-12-14 15:34:10.780] MenuRegistry: Registered screen factory 'ThemeEditorScreen' in container (viewMode=)
[2025-12-14 15:34:10.792] MenuRegistry: Registered 'Theme Editor' in 'Options' menu (hotkey=T order=10)
[2025-12-14 15:34:10.804] [INFO] Menus loaded from C:\Users\jhnhe\OneDrive\Documents\GitHub\project-management-console\og_transport\HYBRID\module\Pmc.Strict\consoleui\screens\MenuItems.psd1
[2025-12-14 15:34:10.815] [INFO] Launching screen: TaskList
[2025-12-14 15:34:10.827] [INFO] Resolving TaskListScreen from container...
[2025-12-14 15:34:10.840] ServiceContainer: Resolving 'TaskListScreen'...
[2025-12-14 15:34:10.878] [INFO] Resolving TaskListScreen...
[2025-12-14 15:34:10.905] ServiceContainer: Resolving 'TaskStore'...
[2025-12-14 15:34:10.920] [INFO] Resolving TaskStore...
[2025-12-14 15:34:10.955] [DEBUG] TaskStore.LoadData: Starting
[2025-12-14 15:34:10.970] [DEBUG] TaskStore.LoadData: Calling Get-PmcData
[2025-12-14 15:34:11.214] [DEBUG] TaskStore.LoadData: Get-PmcData returned - tasks=2 projects=2 timelogs=3
[2025-12-14 15:34:11.233] [DEBUG] TaskStore.LoadData: Loaded 2 tasks
[2025-12-14 15:34:11.250] [DEBUG] TaskStore.LoadData: Loaded 2 projects
[2025-12-14 15:34:11.270] [DEBUG] TaskStore.LoadData: First project name='p1' ID1='111'
[2025-12-14 15:34:11.290] ServiceContainer: Resolved 'TaskStore' successfully
[2025-12-14 15:34:11.708] [DEBUG] PmcScreen.AddContentWidget: Adding UniversalList (Total: 1)
[2025-12-14 15:34:11.769] [DEBUG] TaskListScreen: Constructor started
[2025-12-14 15:34:11.822] _PopulateMenusFromRegistry: Menu 'Tasks' has 11 items from registry (array)
[2025-12-14 15:34:11.846] _PopulateMenusFromRegistry: Menu 'Projects' has 3 items from registry (array)
[2025-12-14 15:34:11.860] _PopulateMenusFromRegistry: Menu 'Options' has 2 items from registry (array)
[2025-12-14 15:34:11.874] _PopulateMenusFromRegistry: Menu 'Time' has 3 items from registry (array)
[2025-12-14 15:34:11.890] _PopulateMenusFromRegistry: Menu 'Help' has 1 items from registry (array)
[2025-12-14 15:34:11.903] _PopulateMenusFromRegistry: Menu 'Tools' has 4 items from registry (array)
[2025-12-14 15:34:11.915] [DEBUG] TaskListScreen: Constructor completed
[2025-12-14 15:34:11.927] ServiceContainer: Resolved 'TaskListScreen' successfully
[2025-12-14 15:34:11.939] [INFO] Pushing screen to app...
[2025-12-14 15:34:12.437] [DEBUG] LoadData: Got 2 tasks from Store
[2025-12-14 15:34:12.508] [DEBUG] TaskListScreen.LoadData: Setting 2 tasks
[2025-12-14 15:34:12.523] [DEBUG] UniversalList.SetData: START
[2025-12-14 15:34:12.580] [DEBUG] UniversalList.SetData: COMPLETE (2 items)
[2025-12-14 15:34:12.726] [INFO] Screen pushed successfully
[2025-12-14 15:34:12.737] [INFO] Starting event loop...
[2025-12-14 15:34:13.250] [DEBUG] PmcScreen: Calling RenderToEngine on UniversalList
[2025-12-14 15:34:14.920] [DEBUG] PmcScreen: Calling RenderToEngine on UniversalList
[2025-12-14 15:34:16.105] [DEBUG] StandardListScreen: Routing to InlineEditor (Key=Tab)
[2025-12-14 15:34:16.119] [DEBUG] StandardListScreen: After HandleInput - IsConfirmed=False IsCancelled=False ShowInlineEditor=True
[2025-12-14 15:34:16.136] [DEBUG] StandardListScreen: After close check - ShowInlineEditor=True
[2025-12-14 15:34:16.319] [DEBUG] PmcScreen: Calling RenderToEngine on UniversalList
[2025-12-14 15:34:16.756] [DEBUG] StandardListScreen: Routing to InlineEditor (Key=Tab)
[2025-12-14 15:34:16.769] [DEBUG] StandardListScreen: After HandleInput - IsConfirmed=False IsCancelled=False ShowInlineEditor=True
[2025-12-14 15:34:16.781] [DEBUG] StandardListScreen: After close check - ShowInlineEditor=True
[2025-12-14 15:34:17.054] [DEBUG] PmcScreen: Calling RenderToEngine on UniversalList
[2025-12-14 15:34:18.266] [DEBUG] StandardListScreen: Routing to InlineEditor (Key=Enter)
[2025-12-14 15:34:18.311] [DEBUG] StandardListScreen: After HandleInput - IsConfirmed=False IsCancelled=False ShowInlineEditor=True
[2025-12-14 15:34:18.326] [DEBUG] StandardListScreen: After close check - ShowInlineEditor=True
[2025-12-14 15:34:18.579] [INFO] PadText: text='Current: 2025-12-14 Sun' rawLen=23 visibleLen=23 width=22 align=left
[2025-12-14 15:34:18.615] [INFO] PadText: text='Enter: Select' rawLen=13 visibleLen=13 width=22 align=left
[2025-12-14 15:34:18.631] [DEBUG] PmcScreen: Calling RenderToEngine on UniversalList
[2025-12-14 15:34:18.756] [INFO] PadText: text='Current: 2025-12-14 Sun' rawLen=23 visibleLen=23 width=22 align=left
[2025-12-14 15:34:18.778] [INFO] PadText: text='Enter: Select' rawLen=13 visibleLen=13 width=22 align=left
[2025-12-14 15:34:18.932] [INFO] PadText: text='Current: 2025-12-14 Sun' rawLen=23 visibleLen=23 width=22 align=left
[2025-12-14 15:34:18.954] [INFO] PadText: text='Enter: Select' rawLen=13 visibleLen=13 width=22 align=left
[2025-12-14 15:34:19.008] [INFO] PadText: text='Current: 2025-12-14 Sun' rawLen=23 visibleLen=23 width=22 align=left
[2025-12-14 15:34:19.026] [INFO] PadText: text='Enter: Select' rawLen=13 visibleLen=13 width=22 align=left
[2025-12-14 15:34:20.659] [DEBUG] StandardListScreen: Routing to InlineEditor (Key=Escape)
[2025-12-14 15:34:20.674] [DEBUG] StandardListScreen: After HandleInput - IsConfirmed=False IsCancelled=False ShowInlineEditor=True
[2025-12-14 15:34:20.687] [DEBUG] StandardListScreen: After close check - ShowInlineEditor=True
[2025-12-14 15:34:20.799] [DEBUG] PmcScreen: Calling RenderToEngine on UniversalList
[2025-12-14 15:34:21.446] [DEBUG] StandardListScreen: Routing to InlineEditor (Key=Tab)
[2025-12-14 15:34:21.456] [DEBUG] StandardListScreen: After HandleInput - IsConfirmed=False IsCancelled=False ShowInlineEditor=True
[2025-12-14 15:34:21.466] [DEBUG] StandardListScreen: After close check - ShowInlineEditor=True
[2025-12-14 15:34:21.600] [DEBUG] PmcScreen: Calling RenderToEngine on UniversalList
[2025-12-14 15:34:22.404] [DEBUG] StandardListScreen: Routing to InlineEditor (Key=Enter)
[2025-12-14 15:34:22.467] [DEBUG] StandardListScreen: After HandleInput - IsConfirmed=False IsCancelled=False ShowInlineEditor=True
[2025-12-14 15:34:22.480] [DEBUG] StandardListScreen: After close check - ShowInlineEditor=True
[2025-12-14 15:34:22.671] [INFO] PadText: text='Type to filter...' rawLen=17 visibleLen=17 width=56 align=left
[2025-12-14 15:34:22.737] [INFO] PadText: text='Enter=Select | Alt+N=Create' rawLen=27 visibleLen=27 width=56 align=left
[2025-12-14 15:34:22.750] [DEBUG] PmcScreen: Calling RenderToEngine on UniversalList
[2025-12-14 15:34:22.851] [INFO] PadText: text='Type to filter...' rawLen=17 visibleLen=17 width=56 align=left
[2025-12-14 15:34:22.910] [INFO] PadText: text='Enter=Select | Alt+N=Create' rawLen=27 visibleLen=27 width=56 align=left
[2025-12-14 15:34:23.034] [INFO] PadText: text='Type to filter...' rawLen=17 visibleLen=17 width=56 align=left
[2025-12-14 15:34:23.086] [INFO] PadText: text='Enter=Select | Alt+N=Create' rawLen=27 visibleLen=27 width=56 align=left
[2025-12-14 15:34:23.144] [INFO] PadText: text='Type to filter...' rawLen=17 visibleLen=17 width=56 align=left
[2025-12-14 15:34:23.196] [INFO] PadText: text='Enter=Select | Alt+N=Create' rawLen=27 visibleLen=27 width=56 align=left
[2025-12-14 15:59:03.914] [INFO] Event loop exited normally
[2025-12-14 15:59:03.928] [INFO] Cleanup - showing cursor and resetting terminal
