[2025-12-13 05:29:30.771] [INFO] Loading PMC module...
[2025-12-13 05:29:32.232] [INFO] PMC module loaded
[2025-12-13 05:29:32.234] [INFO] Loading dependencies (FieldSchemas, etc.)...
[2025-12-13 05:29:32.374] [INFO] Dependencies loaded
[2025-12-13 05:29:32.385] [INFO] Loading SpeedTUI framework...
[2025-12-13 05:29:32.759] [INFO] SpeedTUI framework loaded
[2025-12-13 05:29:32.775] [INFO] Loading PraxisVT...
[2025-12-13 05:29:32.802] [INFO] PraxisVT loaded
[2025-12-13 05:29:32.814] [INFO] Loading core dependencies...
[2025-12-13 05:29:32.897] [INFO] Core dependencies loaded
[2025-12-13 05:29:32.912] [INFO] Loading widget base classes...
[2025-12-13 05:29:32.979] [INFO] Widget base classes loaded
[2025-12-13 05:29:32.992] [INFO] Loading services...
[2025-12-13 05:29:33.197] [INFO] Services loaded
[2025-12-13 05:29:33.209] [INFO] Loading helpers...
[2025-12-13 05:29:34.287] [INFO] Helpers loaded
[2025-12-13 05:29:34.298] [INFO] Loading widgets...
[2025-12-13 05:29:34.809] [INFO] Widgets loaded
[2025-12-13 05:29:34.810] [INFO] Loading screen base class...
[2025-12-13 05:29:34.851] [INFO] Screen base class loaded
[2025-12-13 05:29:34.868] [INFO] Loading HelpViewScreen (needed by base classes)...
[2025-12-13 05:29:34.902] [INFO] HelpViewScreen loaded
[2025-12-13 05:29:34.915] [INFO] Loading base classes...
[2025-12-13 05:29:35.069] [INFO] Base classes loaded
[2025-12-13 05:29:35.080] [INFO] Loading ServiceContainer (needed by screens)...
[2025-12-13 05:29:35.107] [INFO] ServiceContainer loaded
[2025-12-13 05:29:35.122] [INFO] Loading remaining screens...
[2025-12-13 05:29:35.249] [INFO] Remaining screens loaded
[2025-12-13 05:29:35.261] [INFO] Loading PmcApplication...
[2025-12-13 05:29:35.294] [INFO] PmcApplication loaded
[2025-12-13 05:29:35.309] [INFO] All components loaded successfully
[2025-12-13 05:29:35.334] [INFO] Starting PMC TUI with screen: TaskList
[2025-12-13 05:29:35.352] [INFO] Cleared stale PmcSharedMenuBar and MenuRegistry singleton
[2025-12-13 05:29:35.365] [INFO] Creating ServiceContainer...
[2025-12-13 05:29:35.382] [INFO] ServiceContainer created
[2025-12-13 05:29:35.402] [INFO] Registering Theme service...
[2025-12-13 05:29:35.424] ServiceContainer: Registered 'Theme' (singleton=True)
[2025-12-13 05:29:35.435] [INFO] Registering ThemeManager...
[2025-12-13 05:29:35.445] ServiceContainer: Registered 'ThemeManager' (singleton=True)
[2025-12-13 05:29:35.455] [INFO] Registering Config service...
[2025-12-13 05:29:35.469] ServiceContainer: Registered 'Config' (singleton=True)
[2025-12-13 05:29:35.480] [INFO] Registering TaskStore service...
[2025-12-13 05:29:35.491] ServiceContainer: Registered 'TaskStore' (singleton=True)
[2025-12-13 05:29:35.502] [INFO] Registering MenuRegistry service...
[2025-12-13 05:29:35.512] ServiceContainer: Registered 'MenuRegistry' (singleton=True)
[2025-12-13 05:29:35.523] [INFO] Registering Application service...
[2025-12-13 05:29:35.534] ServiceContainer: Registered 'Application' (singleton=True)
[2025-12-13 05:29:35.547] [INFO] Registering CommandService...
[2025-12-13 05:29:35.560] ServiceContainer: Registered 'CommandService' (singleton=True)
[2025-12-13 05:29:35.570] [INFO] Registering ChecklistService...
[2025-12-13 05:29:35.582] ServiceContainer: Registered 'ChecklistService' (singleton=True)
[2025-12-13 05:29:35.592] [INFO] Registering NoteService...
[2025-12-13 05:29:35.604] ServiceContainer: Registered 'NoteService' (singleton=True)
[2025-12-13 05:29:35.614] [INFO] Registering ExcelMappingService...
[2025-12-13 05:29:35.627] ServiceContainer: Registered 'ExcelMappingService' (singleton=True)
[2025-12-13 05:29:35.641] [INFO] Registering PreferencesService...
[2025-12-13 05:29:35.651] ServiceContainer: Registered 'PreferencesService' (singleton=True)
[2025-12-13 05:29:35.663] [INFO] Registering screen factories...
[2025-12-13 05:29:35.676] ServiceContainer: Registered 'TaskListScreen' (singleton=False)
[2025-12-13 05:29:35.689] [INFO] Resolving Application from container...
[2025-12-13 05:29:35.710] ServiceContainer: Resolving 'Application'...
[2025-12-13 05:29:35.723] [INFO] Resolving Application...
[2025-12-13 05:29:35.736] ServiceContainer: Resolving 'Theme'...
[2025-12-13 05:29:35.754] [INFO] Resolving Theme: Calling Initialize-PmcThemeSystem...
[2025-12-13 05:29:35.776] [INFO] Theme resolved: #33aaff
[2025-12-13 05:29:35.787] [INFO] Loading PmcThemeEngine...
[2025-12-13 05:29:35.930] [INFO] PmcThemeEngine initialized with PMC palette (14 colors)
[2025-12-13 05:29:35.943] ServiceContainer: Resolved 'Theme' successfully
[2025-12-13 05:29:36.244] ServiceContainer: Resolving 'ThemeManager'...
[2025-12-13 05:29:36.256] [INFO] Resolving ThemeManager...
[2025-12-13 05:29:36.331] ServiceContainer: Resolved 'ThemeManager' successfully
[2025-12-13 05:29:36.347] ServiceContainer: Resolved 'Application' successfully
[2025-12-13 05:29:36.358] [INFO] Application resolved and assigned to $global:PmcApp
[2025-12-13 05:29:36.371] [INFO] Loading menus from manifest...
[2025-12-13 05:29:36.384] ServiceContainer: Resolving 'MenuRegistry'...
[2025-12-13 05:29:36.395] [INFO] Resolving MenuRegistry...
[2025-12-13 05:29:36.411] ServiceContainer: Resolved 'MenuRegistry' successfully
[2025-12-13 05:29:36.433] MenuRegistry: Loaded manifest with 24 entries
[2025-12-13 05:29:36.462] ServiceContainer: Registered 'TaskListScreen_Month' (singleton=False)
[2025-12-13 05:29:36.472] MenuRegistry: Registered screen factory 'TaskListScreen_Month' in container (viewMode=month)
[2025-12-13 05:29:36.492] MenuRegistry: Registered 'Month View' in 'Tasks' menu (hotkey=M order=45)
[2025-12-13 05:29:36.504] ServiceContainer: Registered 'TimeListScreen' (singleton=False)
[2025-12-13 05:29:36.514] MenuRegistry: Registered screen factory 'TimeListScreen' in container (viewMode=)
[2025-12-13 05:29:36.526] MenuRegistry: Registered 'Time Tracking' in 'Time' menu (hotkey=T order=5)
[2025-12-13 05:29:36.537] ServiceContainer: Registered 'KanbanScreenV2' (singleton=False)
[2025-12-13 05:29:36.548] MenuRegistry: Registered screen factory 'KanbanScreenV2' in container (viewMode=)
[2025-12-13 05:29:36.560] MenuRegistry: Registered 'Kanban Board' in 'Tasks' menu (hotkey=K order=55)
[2025-12-13 05:29:36.571] ServiceContainer: Registered 'TaskListScreen_Today' (singleton=False)
[2025-12-13 05:29:36.582] MenuRegistry: Registered screen factory 'TaskListScreen_Today' in container (viewMode=today)
[2025-12-13 05:29:36.593] MenuRegistry: Registered 'Today' in 'Tasks' menu (hotkey=Y order=10)
[2025-12-13 05:29:36.610] ServiceContainer: Registered 'TaskListScreen_Default' (singleton=False)
[2025-12-13 05:29:36.621] MenuRegistry: Registered screen factory 'TaskListScreen_Default' in container (viewMode=)
[2025-12-13 05:29:36.632] MenuRegistry: Registered 'Task List' in 'Tasks' menu (hotkey=L order=5)
[2025-12-13 05:29:36.644] ServiceContainer: Registered 'TaskListScreen_Agenda' (singleton=False)
[2025-12-13 05:29:36.656] MenuRegistry: Registered screen factory 'TaskListScreen_Agenda' in container (viewMode=agenda)
[2025-12-13 05:29:36.668] MenuRegistry: Registered 'Agenda View' in 'Tasks' menu (hotkey=A order=50)
[2025-12-13 05:29:36.680] ServiceContainer: Registered 'CommandLibraryScreen' (singleton=False)
[2025-12-13 05:29:36.690] MenuRegistry: Registered screen factory 'CommandLibraryScreen' in container (viewMode=)
[2025-12-13 05:29:36.703] MenuRegistry: Registered 'Command Library' in 'Tools' menu (hotkey=L order=10)
[2025-12-13 05:29:36.715] ServiceContainer: Registered 'HelpViewScreen' (singleton=False)
[2025-12-13 05:29:36.726] MenuRegistry: Registered screen factory 'HelpViewScreen' in container (viewMode=)
[2025-12-13 05:29:36.737] MenuRegistry: Registered 'Help' in 'Help' menu (hotkey=H order=10)
[2025-12-13 05:29:36.748] ServiceContainer: Registered 'TaskListScreen_Week' (singleton=False)
[2025-12-13 05:29:36.760] MenuRegistry: Registered screen factory 'TaskListScreen_Week' in container (viewMode=week)
[2025-12-13 05:29:36.772] MenuRegistry: Registered 'Week View' in 'Tasks' menu (hotkey=W order=20)
[2025-12-13 05:29:36.785] ServiceContainer: Registered 'SettingsScreen' (singleton=False)
[2025-12-13 05:29:36.798] MenuRegistry: Registered screen factory 'SettingsScreen' in container (viewMode=)
[2025-12-13 05:29:36.809] MenuRegistry: Registered 'Settings' in 'Options' menu (hotkey=S order=20)
[2025-12-13 05:29:36.821] ServiceContainer: Registered 'TimeReportScreen' (singleton=False)
[2025-12-13 05:29:36.833] MenuRegistry: Registered screen factory 'TimeReportScreen' in container (viewMode=)
[2025-12-13 05:29:36.845] MenuRegistry: Registered 'Time Report' in 'Time' menu (hotkey=R order=20)
[2025-12-13 05:29:36.857] ServiceContainer: Registered 'ChecklistTemplatesFolderScreen' (singleton=False)
[2025-12-13 05:29:36.868] MenuRegistry: Registered screen factory 'ChecklistTemplatesFolderScreen' in container (viewMode=)
[2025-12-13 05:29:36.882] MenuRegistry: Registered 'Checklist Templates' in 'Tools' menu (hotkey=H order=30)
[2025-12-13 05:29:36.894] ServiceContainer: Registered 'ExcelImportScreen' (singleton=False)
[2025-12-13 05:29:36.905] MenuRegistry: Registered screen factory 'ExcelImportScreen' in container (viewMode=)
[2025-12-13 05:29:36.918] MenuRegistry: Registered 'Import from Excel' in 'Projects' menu (hotkey=I order=40)
[2025-12-13 05:29:36.930] ServiceContainer: Registered 'NotesMenuScreen' (singleton=False)
[2025-12-13 05:29:36.941] MenuRegistry: Registered screen factory 'NotesMenuScreen' in container (viewMode=)
[2025-12-13 05:29:36.953] MenuRegistry: Registered 'Notes' in 'Tools' menu (hotkey=N order=20)
[2025-12-13 05:29:36.964] ServiceContainer: Registered 'ProjectListScreen' (singleton=False)
[2025-12-13 05:29:36.976] MenuRegistry: Registered screen factory 'ProjectListScreen' in container (viewMode=)
[2025-12-13 05:29:36.987] MenuRegistry: Registered 'Project List' in 'Projects' menu (hotkey=L order=10)
[2025-12-13 05:29:36.999] ServiceContainer: Registered 'TaskListScreen_NoDate' (singleton=False)
[2025-12-13 05:29:37.011] MenuRegistry: Registered screen factory 'TaskListScreen_NoDate' in container (viewMode=noduedate)
[2025-12-13 05:29:37.023] MenuRegistry: Registered 'No Due Date' in 'Tasks' menu (hotkey=D order=40)
[2025-12-13 05:29:37.035] ServiceContainer: Registered 'ThemeEditorScreen' (singleton=False)
[2025-12-13 05:29:37.047] MenuRegistry: Registered screen factory 'ThemeEditorScreen' in container (viewMode=)
[2025-12-13 05:29:37.060] MenuRegistry: Registered 'Theme Editor' in 'Options' menu (hotkey=T order=10)
[2025-12-13 05:29:37.073] ServiceContainer: Registered 'ExcelProfileManagerScreen' (singleton=False)
[2025-12-13 05:29:37.084] MenuRegistry: Registered screen factory 'ExcelProfileManagerScreen' in container (viewMode=)
[2025-12-13 05:29:37.097] MenuRegistry: Registered 'Excel Profiles' in 'Projects' menu (hotkey=M order=50)
[2025-12-13 05:29:37.111] ServiceContainer: Registered 'ChecklistsLauncherScreen' (singleton=False)
[2025-12-13 05:29:37.123] MenuRegistry: Registered screen factory 'ChecklistsLauncherScreen' in container (viewMode=)
[2025-12-13 05:29:37.135] MenuRegistry: Registered 'Checklists' in 'Tools' menu (hotkey=C order=25)
[2025-12-13 05:29:37.147] ServiceContainer: Registered 'TaskListScreen_Overdue' (singleton=False)
[2025-12-13 05:29:37.158] MenuRegistry: Registered screen factory 'TaskListScreen_Overdue' in container (viewMode=overdue)
[2025-12-13 05:29:37.170] MenuRegistry: Registered 'Overdue' in 'Tasks' menu (hotkey=O order=30)
[2025-12-13 05:29:37.181] ServiceContainer: Registered 'TaskListScreen_NextActions' (singleton=False)
[2025-12-13 05:29:37.194] MenuRegistry: Registered screen factory 'TaskListScreen_NextActions' in container (viewMode=nextactions)
[2025-12-13 05:29:37.207] MenuRegistry: Registered 'Next Actions' in 'Tasks' menu (hotkey=N order=35)
[2025-12-13 05:29:37.218] ServiceContainer: Registered 'TaskListScreen_Upcoming' (singleton=False)
[2025-12-13 05:29:37.230] MenuRegistry: Registered screen factory 'TaskListScreen_Upcoming' in container (viewMode=upcoming)
[2025-12-13 05:29:37.242] MenuRegistry: Registered 'Upcoming' in 'Tasks' menu (hotkey=U order=25)
[2025-12-13 05:29:37.255] ServiceContainer: Registered 'TaskListScreen_Tomorrow' (singleton=False)
[2025-12-13 05:29:37.268] MenuRegistry: Registered screen factory 'TaskListScreen_Tomorrow' in container (viewMode=tomorrow)
[2025-12-13 05:29:37.279] MenuRegistry: Registered 'Tomorrow' in 'Tasks' menu (hotkey=T order=15)
[2025-12-13 05:29:37.292] ServiceContainer: Registered 'WeeklyTimeReportScreen' (singleton=False)
[2025-12-13 05:29:37.305] MenuRegistry: Registered screen factory 'WeeklyTimeReportScreen' in container (viewMode=)
[2025-12-13 05:29:37.316] MenuRegistry: Registered 'Weekly Report' in 'Time' menu (hotkey=W order=10)
[2025-12-13 05:29:37.328] [INFO] Menus loaded from C:\Users\jhnhe\OneDrive\Documents\GitHub\project-management-console\og_transport\HYBRID\module\Pmc.strict\consoleui\screens\MenuItems.psd1
[2025-12-13 05:29:37.340] [INFO] Launching screen: TaskList
[2025-12-13 05:29:37.352] [INFO] Resolving TaskListScreen from container...
[2025-12-13 05:29:37.364] ServiceContainer: Resolving 'TaskListScreen'...
[2025-12-13 05:29:37.378] [INFO] Resolving TaskListScreen...
[2025-12-13 05:29:37.393] ServiceContainer: Resolving 'TaskStore'...
[2025-12-13 05:29:37.407] [INFO] Resolving TaskStore...
[2025-12-13 05:29:37.448] [DEBUG] TaskStore.LoadData: Starting
[2025-12-13 05:29:37.461] [DEBUG] TaskStore.LoadData: Calling Get-PmcData
[2025-12-13 05:29:37.672] [DEBUG] TaskStore.LoadData: Get-PmcData returned - tasks=3 projects=2 timelogs=3
[2025-12-13 05:29:37.693] [DEBUG] TaskStore.LoadData: Loaded 3 tasks
[2025-12-13 05:29:37.708] [DEBUG] TaskStore.LoadData: Loaded 2 projects
[2025-12-13 05:29:37.724] [DEBUG] TaskStore.LoadData: First project name='p1' ID1='111'
[2025-12-13 05:29:37.743] ServiceContainer: Resolved 'TaskStore' successfully
[2025-12-13 05:29:38.129] MenuRegistry: Loaded manifest with 24 entries
[2025-12-13 05:29:38.142] MenuRegistry: Registered 'Month View' in 'Tasks' menu (hotkey=M order=45)
[2025-12-13 05:29:38.155] MenuRegistry: Registered 'Time Tracking' in 'Time' menu (hotkey=T order=5)
[2025-12-13 05:29:38.167] MenuRegistry: Registered 'Kanban Board' in 'Tasks' menu (hotkey=K order=55)
[2025-12-13 05:29:38.178] MenuRegistry: Registered 'Today' in 'Tasks' menu (hotkey=Y order=10)
[2025-12-13 05:29:38.190] MenuRegistry: Registered 'Task List' in 'Tasks' menu (hotkey=L order=5)
[2025-12-13 05:29:38.202] MenuRegistry: Registered 'Agenda View' in 'Tasks' menu (hotkey=A order=50)
[2025-12-13 05:29:38.213] MenuRegistry: Registered 'Command Library' in 'Tools' menu (hotkey=L order=10)
[2025-12-13 05:29:38.225] MenuRegistry: Registered 'Help' in 'Help' menu (hotkey=H order=10)
[2025-12-13 05:29:38.236] MenuRegistry: Registered 'Week View' in 'Tasks' menu (hotkey=W order=20)
[2025-12-13 05:29:38.249] MenuRegistry: Registered 'Settings' in 'Options' menu (hotkey=S order=20)
[2025-12-13 05:29:38.261] MenuRegistry: Registered 'Time Report' in 'Time' menu (hotkey=R order=20)
[2025-12-13 05:29:38.273] MenuRegistry: Registered 'Checklist Templates' in 'Tools' menu (hotkey=H order=30)
[2025-12-13 05:29:38.285] MenuRegistry: Registered 'Import from Excel' in 'Projects' menu (hotkey=I order=40)
[2025-12-13 05:29:38.296] MenuRegistry: Registered 'Notes' in 'Tools' menu (hotkey=N order=20)
[2025-12-13 05:29:38.308] MenuRegistry: Registered 'Project List' in 'Projects' menu (hotkey=L order=10)
[2025-12-13 05:29:38.320] MenuRegistry: Registered 'No Due Date' in 'Tasks' menu (hotkey=D order=40)
[2025-12-13 05:29:38.334] MenuRegistry: Registered 'Theme Editor' in 'Options' menu (hotkey=T order=10)
[2025-12-13 05:29:38.348] MenuRegistry: Registered 'Excel Profiles' in 'Projects' menu (hotkey=M order=50)
[2025-12-13 05:29:38.361] MenuRegistry: Registered 'Checklists' in 'Tools' menu (hotkey=C order=25)
[2025-12-13 05:29:38.375] MenuRegistry: Registered 'Overdue' in 'Tasks' menu (hotkey=O order=30)
[2025-12-13 05:29:38.388] MenuRegistry: Registered 'Next Actions' in 'Tasks' menu (hotkey=N order=35)
[2025-12-13 05:29:38.401] MenuRegistry: Registered 'Upcoming' in 'Tasks' menu (hotkey=U order=25)
[2025-12-13 05:29:38.412] MenuRegistry: Registered 'Tomorrow' in 'Tasks' menu (hotkey=T order=15)
[2025-12-13 05:29:38.423] MenuRegistry: Registered 'Weekly Report' in 'Time' menu (hotkey=W order=10)
[2025-12-13 05:29:38.446] _PopulateMenusFromRegistry: Menu 'Help' has 1 items from registry (array)
[2025-12-13 05:29:38.469] _PopulateMenusFromRegistry: Menu 'Tools' has 4 items from registry (array)
[2025-12-13 05:29:38.489] _PopulateMenusFromRegistry: Menu 'Tasks' has 11 items from registry (array)
[2025-12-13 05:29:38.503] _PopulateMenusFromRegistry: Menu 'Time' has 3 items from registry (array)
[2025-12-13 05:29:38.516] _PopulateMenusFromRegistry: Menu 'Options' has 2 items from registry (array)
[2025-12-13 05:29:38.528] _PopulateMenusFromRegistry: Menu 'Projects' has 3 items from registry (array)
[2025-12-13 05:29:38.541] ServiceContainer: Resolved 'TaskListScreen' successfully
[2025-12-13 05:29:38.551] [INFO] Pushing screen to app...
[2025-12-13 05:29:38.967] [DEBUG] LoadData: Got 3 tasks from Store
[2025-12-13 05:29:39.045] [DEBUG] TaskListScreen.LoadData: Setting 3 tasks
[2025-12-13 05:29:39.064] [INFO] UniversalList.SetData: START, data param type=System.Object[]
[2025-12-13 05:29:39.077] [INFO] UniversalList.SetData: About to assign _data
[2025-12-13 05:29:39.093] [INFO] UniversalList.SetData: _data assigned successfully
[2025-12-13 05:29:39.104] [INFO] UniversalList.SetData: About to check _data type
[2025-12-13 05:29:39.118] [INFO] UniversalList.SetData: _data type=System.Object[]
[2025-12-13 05:29:39.130] [INFO] UniversalList.SetData: About to access _data.Count
[2025-12-13 05:29:39.141] [INFO] UniversalList.SetData: _data.Count=3
[2025-12-13 05:29:39.154] [INFO] UniversalList.SetData: _filteredData assigned
[2025-12-13 05:29:39.166] [INFO] UniversalList.SetData: About to clear _selectedIndices
[2025-12-13 05:29:39.179] [INFO] UniversalList.SetData: _selectedIndices cleared
[2025-12-13 05:29:39.191] [INFO] UniversalList.SetData: Received 3 items
[2025-12-13 05:29:39.203] [INFO] UniversalList.SetData: First item type=Hashtable isHashtable=True
[2025-12-13 05:29:39.217] [INFO] UniversalList.SetData: First item keys: due, text, details, status, priority, project, id, tags, created, completed, modified
[2025-12-13 05:29:39.228] [INFO] UniversalList.SetData: Incrementing cache generation
[2025-12-13 05:29:39.240] [INFO] UniversalList.SetData: Clearing row cache
[2025-12-13 05:29:39.254] [INFO] UniversalList.SetData: Clearing cache access order
[2025-12-13 05:29:39.275] [INFO] UniversalList.SetData: Applying filters
[2025-12-13 05:29:39.303] [INFO] UniversalList.SetData: Applying search
[2025-12-13 05:29:39.315] [INFO] UniversalList.SetData: Invoking OnDataChanged callback
[2025-12-13 05:29:39.333] [INFO] UniversalList.SetData: COMPLETE
[2025-12-13 05:29:39.468] [INFO] Screen pushed successfully
[2025-12-13 05:29:39.483] [INFO] Starting event loop...
[2025-12-13 05:29:39.789] [INFO] PadText: text='Task' rawLen=4 visibleLen=4 width=40 align=left
[2025-12-13 05:29:39.806] [INFO] PadText: text='Details' rawLen=7 visibleLen=7 width=28 align=left
[2025-12-13 05:29:39.819] [INFO] PadText: text='Due' rawLen=3 visibleLen=3 width=16 align=left
[2025-12-13 05:29:39.832] [INFO] PadText: text='Project' rawLen=7 visibleLen=7 width=21 align=left
[2025-12-13 05:29:39.845] [INFO] PadText: text='Tags' rawLen=4 visibleLen=4 width=23 align=left
[2025-12-13 05:29:39.886] [INFO] PadText: text='t2' rawLen=2 visibleLen=2 width=38 align=left
[2025-12-13 05:29:39.903] [INFO] PadText: text='d2' rawLen=2 visibleLen=2 width=26 align=left
[2025-12-13 05:29:39.927] [INFO] PadText: text='Dec 16' rawLen=6 visibleLen=6 width=14 align=left
[2025-12-13 05:29:39.964] [INFO] PadText: text='t3' rawLen=2 visibleLen=2 width=38 align=left
[2025-12-13 05:29:39.979] [INFO] PadText: text='Dec 18' rawLen=6 visibleLen=6 width=14 align=left
[2025-12-13 05:29:39.992] [INFO] PadText: text='p1' rawLen=2 visibleLen=2 width=19 align=left
[2025-12-13 05:29:40.017] [INFO] PadText: text='t1' rawLen=2 visibleLen=2 width=38 align=left
[2025-12-13 05:29:40.330] [INFO] PadText: text='Task' rawLen=4 visibleLen=4 width=40 align=left
[2025-12-13 05:29:40.348] [INFO] PadText: text='Details' rawLen=7 visibleLen=7 width=28 align=left
[2025-12-13 05:29:40.362] [INFO] PadText: text='Due' rawLen=3 visibleLen=3 width=16 align=left
[2025-12-13 05:29:40.376] [INFO] PadText: text='Project' rawLen=7 visibleLen=7 width=21 align=left
[2025-12-13 05:29:40.390] [INFO] PadText: text='Tags' rawLen=4 visibleLen=4 width=23 align=left
[2025-12-13 05:29:40.410] [INFO] PadText: text='t2' rawLen=2 visibleLen=2 width=38 align=left
[2025-12-13 05:29:40.423] [INFO] PadText: text='d2' rawLen=2 visibleLen=2 width=26 align=left
[2025-12-13 05:29:40.434] [INFO] PadText: text='Dec 16' rawLen=6 visibleLen=6 width=14 align=left
[2025-12-13 05:29:40.460] [INFO] PadText: text='t3' rawLen=2 visibleLen=2 width=38 align=left
[2025-12-13 05:29:40.471] [INFO] PadText: text='Dec 18' rawLen=6 visibleLen=6 width=14 align=left
[2025-12-13 05:29:40.485] [INFO] PadText: text='p1' rawLen=2 visibleLen=2 width=19 align=left
[2025-12-13 05:29:40.508] [INFO] PadText: text='t1' rawLen=2 visibleLen=2 width=38 align=left
[2025-12-13 05:29:42.319] [INFO] PadText: text='Task' rawLen=4 visibleLen=4 width=40 align=left
[2025-12-13 05:29:42.324] [INFO] PadText: text='Details' rawLen=7 visibleLen=7 width=28 align=left
[2025-12-13 05:29:42.338] [INFO] PadText: text='Due' rawLen=3 visibleLen=3 width=16 align=left
[2025-12-13 05:29:42.352] [INFO] PadText: text='Project' rawLen=7 visibleLen=7 width=21 align=left
[2025-12-13 05:29:42.366] [INFO] PadText: text='Tags' rawLen=4 visibleLen=4 width=23 align=left
[2025-12-13 05:29:42.387] [INFO] PadText: text='t2' rawLen=2 visibleLen=2 width=38 align=left
[2025-12-13 05:29:42.399] [INFO] PadText: text='d2' rawLen=2 visibleLen=2 width=26 align=left
[2025-12-13 05:29:42.411] [INFO] PadText: text='Dec 16' rawLen=6 visibleLen=6 width=14 align=left
[2025-12-13 05:29:42.442] [INFO] PadText: text='t3' rawLen=2 visibleLen=2 width=38 align=left
[2025-12-13 05:29:42.455] [INFO] PadText: text='Dec 18' rawLen=6 visibleLen=6 width=14 align=left
[2025-12-13 05:29:42.468] [INFO] PadText: text='p1' rawLen=2 visibleLen=2 width=19 align=left
[2025-12-13 05:29:42.491] [INFO] PadText: text='t1' rawLen=2 visibleLen=2 width=38 align=left
[2025-12-13 05:29:42.684] [INFO] PadText: text='Task' rawLen=4 visibleLen=4 width=40 align=left
[2025-12-13 05:29:42.699] [INFO] PadText: text='Details' rawLen=7 visibleLen=7 width=28 align=left
[2025-12-13 05:29:42.713] [INFO] PadText: text='Due' rawLen=3 visibleLen=3 width=16 align=left
[2025-12-13 05:29:42.725] [INFO] PadText: text='Project' rawLen=7 visibleLen=7 width=21 align=left
[2025-12-13 05:29:42.739] [INFO] PadText: text='Tags' rawLen=4 visibleLen=4 width=23 align=left
[2025-12-13 05:29:42.760] [INFO] PadText: text='t2' rawLen=2 visibleLen=2 width=38 align=left
[2025-12-13 05:29:42.773] [INFO] PadText: text='d2' rawLen=2 visibleLen=2 width=26 align=left
[2025-12-13 05:29:42.784] [INFO] PadText: text='Dec 16' rawLen=6 visibleLen=6 width=14 align=left
[2025-12-13 05:29:42.808] [INFO] PadText: text='t3' rawLen=2 visibleLen=2 width=38 align=left
[2025-12-13 05:29:42.822] [INFO] PadText: text='Dec 18' rawLen=6 visibleLen=6 width=14 align=left
[2025-12-13 05:29:42.834] [INFO] PadText: text='p1' rawLen=2 visibleLen=2 width=19 align=left
[2025-12-13 05:29:42.855] [INFO] PadText: text='t1' rawLen=2 visibleLen=2 width=38 align=left
[2025-12-13 05:29:47.422] [DEBUG] StandardListScreen: Routing to InlineEditor (Key=T)
[2025-12-13 05:29:47.448] [DEBUG] StandardListScreen: After HandleInput - IsConfirmed=False IsCancelled=False ShowInlineEditor=True
[2025-12-13 05:29:47.464] [DEBUG] StandardListScreen: After close check - ShowInlineEditor=True
[2025-12-13 05:29:47.504] [INFO] PadText: text='Task' rawLen=4 visibleLen=4 width=40 align=left
[2025-12-13 05:29:47.517] [INFO] PadText: text='Details' rawLen=7 visibleLen=7 width=28 align=left
[2025-12-13 05:29:47.530] [INFO] PadText: text='Due' rawLen=3 visibleLen=3 width=16 align=left
[2025-12-13 05:29:47.541] [INFO] PadText: text='Project' rawLen=7 visibleLen=7 width=21 align=left
[2025-12-13 05:29:47.555] [INFO] PadText: text='Tags' rawLen=4 visibleLen=4 width=23 align=left
[2025-12-13 05:29:47.592] [INFO] PadText: text='t2' rawLen=2 visibleLen=2 width=38 align=left
[2025-12-13 05:29:47.604] [INFO] PadText: text='d2' rawLen=2 visibleLen=2 width=26 align=left
[2025-12-13 05:29:47.615] [INFO] PadText: text='Dec 16' rawLen=6 visibleLen=6 width=14 align=left
[2025-12-13 05:29:47.633] [INFO] PadText: text='t3' rawLen=2 visibleLen=2 width=38 align=left
[2025-12-13 05:29:47.645] [INFO] PadText: text='Dec 18' rawLen=6 visibleLen=6 width=14 align=left
[2025-12-13 05:29:47.656] [INFO] PadText: text='p1' rawLen=2 visibleLen=2 width=19 align=left
[2025-12-13 05:29:47.678] [INFO] PadText: text='t1' rawLen=2 visibleLen=2 width=38 align=left
[2025-12-13 05:29:47.799] [INFO] PadText: text='Task' rawLen=4 visibleLen=4 width=40 align=left
[2025-12-13 05:29:47.810] [INFO] PadText: text='Details' rawLen=7 visibleLen=7 width=28 align=left
[2025-12-13 05:29:47.824] [INFO] PadText: text='Due' rawLen=3 visibleLen=3 width=16 align=left
[2025-12-13 05:29:47.836] [INFO] PadText: text='Project' rawLen=7 visibleLen=7 width=21 align=left
[2025-12-13 05:29:47.849] [INFO] PadText: text='Tags' rawLen=4 visibleLen=4 width=23 align=left
[2025-12-13 05:29:47.866] [INFO] PadText: text='t2' rawLen=2 visibleLen=2 width=38 align=left
[2025-12-13 05:29:47.877] [INFO] PadText: text='d2' rawLen=2 visibleLen=2 width=26 align=left
[2025-12-13 05:29:47.888] [INFO] PadText: text='Dec 16' rawLen=6 visibleLen=6 width=14 align=left
[2025-12-13 05:29:47.904] [INFO] PadText: text='t3' rawLen=2 visibleLen=2 width=38 align=left
[2025-12-13 05:29:47.916] [INFO] PadText: text='Dec 18' rawLen=6 visibleLen=6 width=14 align=left
[2025-12-13 05:29:47.926] [INFO] PadText: text='p1' rawLen=2 visibleLen=2 width=19 align=left
[2025-12-13 05:29:47.942] [INFO] PadText: text='t1' rawLen=2 visibleLen=2 width=38 align=left
[2025-12-13 05:29:48.742] [DEBUG] StandardListScreen: Routing to InlineEditor (Key=A)
[2025-12-13 05:29:48.755] [DEBUG] StandardListScreen: After HandleInput - IsConfirmed=False IsCancelled=False ShowInlineEditor=True
[2025-12-13 05:29:48.765] [DEBUG] StandardListScreen: After close check - ShowInlineEditor=True
[2025-12-13 05:29:48.800] [INFO] PadText: text='Task' rawLen=4 visibleLen=4 width=40 align=left
[2025-12-13 05:29:48.814] [INFO] PadText: text='Details' rawLen=7 visibleLen=7 width=28 align=left
[2025-12-13 05:29:48.827] [INFO] PadText: text='Due' rawLen=3 visibleLen=3 width=16 align=left
[2025-12-13 05:29:48.840] [INFO] PadText: text='Project' rawLen=7 visibleLen=7 width=21 align=left
[2025-12-13 05:29:48.853] [INFO] PadText: text='Tags' rawLen=4 visibleLen=4 width=23 align=left
[2025-12-13 05:29:48.871] [INFO] PadText: text='t2' rawLen=2 visibleLen=2 width=38 align=left
[2025-12-13 05:29:48.882] [INFO] PadText: text='d2' rawLen=2 visibleLen=2 width=26 align=left
[2025-12-13 05:29:48.894] [INFO] PadText: text='Dec 16' rawLen=6 visibleLen=6 width=14 align=left
[2025-12-13 05:29:48.912] [INFO] PadText: text='t3' rawLen=2 visibleLen=2 width=38 align=left
[2025-12-13 05:29:48.925] [INFO] PadText: text='Dec 18' rawLen=6 visibleLen=6 width=14 align=left
[2025-12-13 05:29:48.937] [INFO] PadText: text='p1' rawLen=2 visibleLen=2 width=19 align=left
[2025-12-13 05:29:48.955] [INFO] PadText: text='t1' rawLen=2 visibleLen=2 width=38 align=left
[2025-12-13 05:29:49.061] [INFO] PadText: text='Task' rawLen=4 visibleLen=4 width=40 align=left
[2025-12-13 05:29:49.074] [INFO] PadText: text='Details' rawLen=7 visibleLen=7 width=28 align=left
[2025-12-13 05:29:49.088] [INFO] PadText: text='Due' rawLen=3 visibleLen=3 width=16 align=left
[2025-12-13 05:29:49.102] [INFO] PadText: text='Project' rawLen=7 visibleLen=7 width=21 align=left
[2025-12-13 05:29:49.114] [INFO] PadText: text='Tags' rawLen=4 visibleLen=4 width=23 align=left
[2025-12-13 05:29:49.131] [INFO] PadText: text='t2' rawLen=2 visibleLen=2 width=38 align=left
[2025-12-13 05:29:49.144] [INFO] PadText: text='d2' rawLen=2 visibleLen=2 width=26 align=left
[2025-12-13 05:29:49.155] [INFO] PadText: text='Dec 16' rawLen=6 visibleLen=6 width=14 align=left
[2025-12-13 05:29:49.172] [INFO] PadText: text='t3' rawLen=2 visibleLen=2 width=38 align=left
[2025-12-13 05:29:49.184] [INFO] PadText: text='Dec 18' rawLen=6 visibleLen=6 width=14 align=left
[2025-12-13 05:29:49.196] [INFO] PadText: text='p1' rawLen=2 visibleLen=2 width=19 align=left
[2025-12-13 05:29:49.212] [INFO] PadText: text='t1' rawLen=2 visibleLen=2 width=38 align=left
[2025-12-13 05:29:49.457] [DEBUG] StandardListScreen: Routing to InlineEditor (Key=S)
[2025-12-13 05:29:49.469] [DEBUG] StandardListScreen: After HandleInput - IsConfirmed=False IsCancelled=False ShowInlineEditor=True
[2025-12-13 05:29:49.481] [DEBUG] StandardListScreen: After close check - ShowInlineEditor=True
[2025-12-13 05:29:49.494] [DEBUG] StandardListScreen: Routing to InlineEditor (Key=K)
[2025-12-13 05:29:49.504] [DEBUG] StandardListScreen: After HandleInput - IsConfirmed=False IsCancelled=False ShowInlineEditor=True
[2025-12-13 05:29:49.515] [DEBUG] StandardListScreen: After close check - ShowInlineEditor=True
[2025-12-13 05:29:49.549] [INFO] PadText: text='Task' rawLen=4 visibleLen=4 width=40 align=left
[2025-12-13 05:29:49.561] [INFO] PadText: text='Details' rawLen=7 visibleLen=7 width=28 align=left
[2025-12-13 05:29:49.574] [INFO] PadText: text='Due' rawLen=3 visibleLen=3 width=16 align=left
[2025-12-13 05:29:49.586] [INFO] PadText: text='Project' rawLen=7 visibleLen=7 width=21 align=left
[2025-12-13 05:29:49.597] [INFO] PadText: text='Tags' rawLen=4 visibleLen=4 width=23 align=left
[2025-12-13 05:29:49.613] [INFO] PadText: text='t2' rawLen=2 visibleLen=2 width=38 align=left
[2025-12-13 05:29:49.625] [INFO] PadText: text='d2' rawLen=2 visibleLen=2 width=26 align=left
[2025-12-13 05:29:49.635] [INFO] PadText: text='Dec 16' rawLen=6 visibleLen=6 width=14 align=left
[2025-12-13 05:29:49.652] [INFO] PadText: text='t3' rawLen=2 visibleLen=2 width=38 align=left
[2025-12-13 05:29:49.662] [INFO] PadText: text='Dec 18' rawLen=6 visibleLen=6 width=14 align=left
[2025-12-13 05:29:49.673] [INFO] PadText: text='p1' rawLen=2 visibleLen=2 width=19 align=left
[2025-12-13 05:29:49.691] [INFO] PadText: text='t1' rawLen=2 visibleLen=2 width=38 align=left
[2025-12-13 05:29:49.796] [INFO] PadText: text='Task' rawLen=4 visibleLen=4 width=40 align=left
[2025-12-13 05:29:49.810] [INFO] PadText: text='Details' rawLen=7 visibleLen=7 width=28 align=left
[2025-12-13 05:29:49.822] [INFO] PadText: text='Due' rawLen=3 visibleLen=3 width=16 align=left
[2025-12-13 05:29:49.834] [INFO] PadText: text='Project' rawLen=7 visibleLen=7 width=21 align=left
[2025-12-13 05:29:49.846] [INFO] PadText: text='Tags' rawLen=4 visibleLen=4 width=23 align=left
[2025-12-13 05:29:49.863] [INFO] PadText: text='t2' rawLen=2 visibleLen=2 width=38 align=left
[2025-12-13 05:29:49.875] [INFO] PadText: text='d2' rawLen=2 visibleLen=2 width=26 align=left
[2025-12-13 05:29:49.887] [INFO] PadText: text='Dec 16' rawLen=6 visibleLen=6 width=14 align=left
[2025-12-13 05:29:49.903] [INFO] PadText: text='t3' rawLen=2 visibleLen=2 width=38 align=left
[2025-12-13 05:29:49.916] [INFO] PadText: text='Dec 18' rawLen=6 visibleLen=6 width=14 align=left
[2025-12-13 05:29:49.928] [INFO] PadText: text='p1' rawLen=2 visibleLen=2 width=19 align=left
[2025-12-13 05:29:49.944] [INFO] PadText: text='t1' rawLen=2 visibleLen=2 width=38 align=left
[2025-12-13 05:29:52.363] [DEBUG] StandardListScreen: Routing to InlineEditor (Key=Enter)
[2025-12-13 05:29:52.368] [DEBUG] InlineEditor._ValidateAllFields CALLED - field count: 5
[2025-12-13 05:29:52.383] [DEBUG] InlineEditor._ValidateAllFields - Field: text, Type: text, Required: True, Value: 'task'
[2025-12-13 05:29:52.394] [DEBUG] InlineEditor._ValidateAllFields - Field: details, Type: text, Required: False, Value: ''
[2025-12-13 05:29:52.406] [DEBUG] InlineEditor._ValidateAllFields - Field: due, Type: date, Required: False, Value: ''
[2025-12-13 05:29:52.417] [DEBUG] InlineEditor._ValidateAllFields - Field: project, Type: project, Required: False, Value: ''
[2025-12-13 05:29:52.429] [DEBUG] InlineEditor._ValidateAllFields - Field: tags, Type: tags, Required: False, Value: ''
[2025-12-13 05:29:52.443] [DEBUG] InlineEditor._ValidateAllFields RESULT: isValid=True, errorCount=0
[2025-12-13 05:29:52.463] [DEBUG] InlineEditor._InvokeCallback: Invoking callback with arg type=Hashtable
[2025-12-13 05:29:52.496] [DEBUG] StandardListScreen._SaveEditedItem: Mode=add Values={"text":"task","project":"","tags":[],"details":"","due":null}
[2025-12-13 05:29:52.522] [DEBUG] AddTask: Starting with task keys: details, project, text, completed, tags, priority, status, created
[2025-12-13 05:29:52.587] [DEBUG] AddTask: Added to collection, total tasks=4
[2025-12-13 05:29:52.603] [DEBUG] SaveData: Calling Save-PmcData with tasks=4 projects=2 timelogs=3
[2025-12-13 05:29:52.616] [DEBUG] SaveData: First project name='p1' ID1='111'
[2025-12-13 05:29:52.952] [DEBUG] SaveData: Success
[2025-12-13 05:29:52.963] [DEBUG] AddTask: SaveData succeeded
[2025-12-13 05:29:52.977] [DEBUG] AddTask: Firing callbacks
[2025-12-13 05:29:53.014] [DEBUG] LoadData: Got 4 tasks from Store
[2025-12-13 05:29:53.036] [DEBUG] TaskListScreen.LoadData: Setting 4 tasks
[2025-12-13 05:29:53.050] [INFO] UniversalList.SetData: START, data param type=System.Object[]
[2025-12-13 05:29:53.061] [INFO] UniversalList.SetData: About to assign _data
[2025-12-13 05:29:53.073] [INFO] UniversalList.SetData: _data assigned successfully
[2025-12-13 05:29:53.087] [INFO] UniversalList.SetData: About to check _data type
[2025-12-13 05:29:53.099] [INFO] UniversalList.SetData: _data type=System.Object[]
[2025-12-13 05:29:53.111] [INFO] UniversalList.SetData: About to access _data.Count
[2025-12-13 05:29:53.122] [INFO] UniversalList.SetData: _data.Count=4
[2025-12-13 05:29:53.134] [INFO] UniversalList.SetData: _filteredData assigned
[2025-12-13 05:29:53.146] [INFO] UniversalList.SetData: About to clear _selectedIndices
[2025-12-13 05:29:53.157] [INFO] UniversalList.SetData: _selectedIndices cleared
[2025-12-13 05:29:53.169] [INFO] UniversalList.SetData: Received 4 items
[2025-12-13 05:29:53.182] [INFO] UniversalList.SetData: First item type=Hashtable isHashtable=True
[2025-12-13 05:29:53.193] [INFO] UniversalList.SetData: First item keys: due, text, details, status, priority, project, id, tags, created, completed, modified
[2025-12-13 05:29:53.205] [INFO] UniversalList.SetData: Incrementing cache generation
[2025-12-13 05:29:53.216] [INFO] UniversalList.SetData: Clearing row cache
[2025-12-13 05:29:53.231] [INFO] UniversalList.SetData: Clearing cache access order
[2025-12-13 05:29:53.244] [INFO] UniversalList.SetData: Applying filters
[2025-12-13 05:29:53.255] [INFO] UniversalList.SetData: Applying search
[2025-12-13 05:29:53.267] [INFO] UniversalList.SetData: Invoking OnDataChanged callback
[2025-12-13 05:29:53.280] [INFO] UniversalList.SetData: COMPLETE
[2025-12-13 05:29:53.365] [DEBUG] InlineEditor._InvokeCallback: Callback completed successfully
[2025-12-13 05:29:53.377] [DEBUG] StandardListScreen: After HandleInput - IsConfirmed=True IsCancelled=False ShowInlineEditor=False
[2025-12-13 05:29:53.389] [DEBUG] StandardListScreen: Editor confirmed/cancelled - closing editor NO CLEAR
[2025-12-13 05:29:53.425] [INFO] PadText: text='Task' rawLen=4 visibleLen=4 width=40 align=left
[2025-12-13 05:29:53.439] [INFO] PadText: text='Details' rawLen=7 visibleLen=7 width=28 align=left
[2025-12-13 05:29:53.451] [INFO] PadText: text='Due' rawLen=3 visibleLen=3 width=16 align=left
[2025-12-13 05:29:53.464] [INFO] PadText: text='Project' rawLen=7 visibleLen=7 width=21 align=left
[2025-12-13 05:29:53.477] [INFO] PadText: text='Tags' rawLen=4 visibleLen=4 width=23 align=left
[2025-12-13 05:29:53.493] [INFO] PadText: text='t2' rawLen=2 visibleLen=2 width=38 align=left
[2025-12-13 05:29:53.505] [INFO] PadText: text='d2' rawLen=2 visibleLen=2 width=26 align=left
[2025-12-13 05:29:53.518] [INFO] PadText: text='Dec 16' rawLen=6 visibleLen=6 width=14 align=left
[2025-12-13 05:29:53.538] [INFO] PadText: text='t3' rawLen=2 visibleLen=2 width=38 align=left
[2025-12-13 05:29:53.550] [INFO] PadText: text='Dec 18' rawLen=6 visibleLen=6 width=14 align=left
[2025-12-13 05:29:53.563] [INFO] PadText: text='p1' rawLen=2 visibleLen=2 width=19 align=left
[2025-12-13 05:29:53.582] [INFO] PadText: text='t1' rawLen=2 visibleLen=2 width=38 align=left
[2025-12-13 05:29:53.602] [INFO] PadText: text='task' rawLen=4 visibleLen=4 width=38 align=left
[2025-12-13 05:29:53.707] [INFO] PadText: text='Task' rawLen=4 visibleLen=4 width=40 align=left
[2025-12-13 05:29:53.720] [INFO] PadText: text='Details' rawLen=7 visibleLen=7 width=28 align=left
[2025-12-13 05:29:53.732] [INFO] PadText: text='Due' rawLen=3 visibleLen=3 width=16 align=left
[2025-12-13 05:29:53.742] [INFO] PadText: text='Project' rawLen=7 visibleLen=7 width=21 align=left
[2025-12-13 05:29:53.755] [INFO] PadText: text='Tags' rawLen=4 visibleLen=4 width=23 align=left
[2025-12-13 05:29:53.771] [INFO] PadText: text='t2' rawLen=2 visibleLen=2 width=38 align=left
[2025-12-13 05:29:53.781] [INFO] PadText: text='d2' rawLen=2 visibleLen=2 width=26 align=left
[2025-12-13 05:29:53.793] [INFO] PadText: text='Dec 16' rawLen=6 visibleLen=6 width=14 align=left
[2025-12-13 05:29:53.812] [INFO] PadText: text='t3' rawLen=2 visibleLen=2 width=38 align=left
[2025-12-13 05:29:53.825] [INFO] PadText: text='Dec 18' rawLen=6 visibleLen=6 width=14 align=left
[2025-12-13 05:29:53.836] [INFO] PadText: text='p1' rawLen=2 visibleLen=2 width=19 align=left
[2025-12-13 05:29:53.853] [INFO] PadText: text='t1' rawLen=2 visibleLen=2 width=38 align=left
[2025-12-13 05:29:53.870] [INFO] PadText: text='task' rawLen=4 visibleLen=4 width=38 align=left
[2025-12-13 05:29:58.742] [DEBUG] SaveData: Calling Save-PmcData with tasks=4 projects=2 timelogs=3
[2025-12-13 05:29:58.754] [DEBUG] SaveData: First project name='p1' ID1='111'
[2025-12-13 05:29:58.940] [DEBUG] SaveData: Success
[2025-12-13 05:29:59.025] [INFO] Event loop exited normally
[2025-12-13 05:29:59.036] [INFO] Cleanup - showing cursor and resetting terminal
