[2025-12-13 21:11:49.149] [INFO] Loading PMC module...
[2025-12-13 21:11:50.845] [INFO] PMC module loaded
[2025-12-13 21:11:50.848] [INFO] Loading dependencies (FieldSchemas, etc.)...
[2025-12-13 21:11:51.043] [INFO] Dependencies loaded
[2025-12-13 21:11:51.058] [INFO] Loading SpeedTUI framework...
[2025-12-13 21:11:51.480] [INFO] SpeedTUI framework loaded
[2025-12-13 21:11:51.494] [INFO] Loading PraxisVT...
[2025-12-13 21:11:51.526] [INFO] PraxisVT loaded
[2025-12-13 21:11:51.543] [INFO] Loading core dependencies...
[2025-12-13 21:11:51.650] [INFO] Core dependencies loaded
[2025-12-13 21:11:51.665] [INFO] Loading widget base classes...
[2025-12-13 21:11:51.729] [INFO] Widget base classes loaded
[2025-12-13 21:11:51.740] [INFO] Loading services...
[2025-12-13 21:11:51.987] [INFO] Services loaded
[2025-12-13 21:11:52.006] [INFO] Loading helpers...
[2025-12-13 21:11:52.824] [INFO] Helpers loaded
[2025-12-13 21:11:52.850] [INFO] Loading widgets...
[2025-12-13 21:11:53.470] [INFO] Widgets loaded
[2025-12-13 21:11:53.483] [INFO] Loading screen base class...
[2025-12-13 21:11:53.517] [INFO] Screen base class loaded
[2025-12-13 21:11:53.532] [INFO] Loading HelpViewScreen (needed by base classes)...
[2025-12-13 21:11:53.572] [INFO] HelpViewScreen loaded
[2025-12-13 21:11:53.583] [INFO] Loading base classes...
[2025-12-13 21:11:53.726] [INFO] Base classes loaded
[2025-12-13 21:11:53.753] [INFO] Loading ServiceContainer (needed by screens)...
[2025-12-13 21:11:53.786] [INFO] ServiceContainer loaded
[2025-12-13 21:11:53.798] [INFO] Loading remaining screens...
[2025-12-13 21:11:53.920] [INFO] Remaining screens loaded
[2025-12-13 21:11:53.932] [INFO] Loading PmcApplication...
[2025-12-13 21:11:53.961] [INFO] PmcApplication loaded
[2025-12-13 21:11:53.973] [INFO] All components loaded successfully
[2025-12-13 21:11:53.997] [INFO] Starting PMC TUI with screen: TaskList
[2025-12-13 21:11:54.019] [INFO] Cleared stale PmcSharedMenuBar and MenuRegistry singleton
[2025-12-13 21:11:54.035] [INFO] Creating ServiceContainer...
[2025-12-13 21:11:54.055] [INFO] ServiceContainer created
[2025-12-13 21:11:54.070] [INFO] Registering Theme service...
[2025-12-13 21:11:54.091] ServiceContainer: Registered 'Theme' (singleton=True)
[2025-12-13 21:11:54.105] [INFO] Registering ThemeManager...
[2025-12-13 21:11:54.119] ServiceContainer: Registered 'ThemeManager' (singleton=True)
[2025-12-13 21:11:54.134] [INFO] Registering Config service...
[2025-12-13 21:11:54.162] ServiceContainer: Registered 'Config' (singleton=True)
[2025-12-13 21:11:54.179] [INFO] Registering TaskStore service...
[2025-12-13 21:11:54.195] ServiceContainer: Registered 'TaskStore' (singleton=True)
[2025-12-13 21:11:54.209] [INFO] Registering MenuRegistry service...
[2025-12-13 21:11:54.223] ServiceContainer: Registered 'MenuRegistry' (singleton=True)
[2025-12-13 21:11:54.239] [INFO] Registering Application service...
[2025-12-13 21:11:54.253] ServiceContainer: Registered 'Application' (singleton=True)
[2025-12-13 21:11:54.269] [INFO] Registering CommandService...
[2025-12-13 21:11:54.289] ServiceContainer: Registered 'CommandService' (singleton=True)
[2025-12-13 21:11:54.314] [INFO] Registering ChecklistService...
[2025-12-13 21:11:54.329] ServiceContainer: Registered 'ChecklistService' (singleton=True)
[2025-12-13 21:11:54.344] [INFO] Registering NoteService...
[2025-12-13 21:11:54.358] ServiceContainer: Registered 'NoteService' (singleton=True)
[2025-12-13 21:11:54.372] [INFO] Registering ExcelMappingService...
[2025-12-13 21:11:54.389] ServiceContainer: Registered 'ExcelMappingService' (singleton=True)
[2025-12-13 21:11:54.404] [INFO] Registering PreferencesService...
[2025-12-13 21:11:54.418] ServiceContainer: Registered 'PreferencesService' (singleton=True)
[2025-12-13 21:11:54.430] [INFO] Registering screen factories...
[2025-12-13 21:11:54.444] ServiceContainer: Registered 'TaskListScreen' (singleton=False)
[2025-12-13 21:11:54.456] [INFO] Resolving Application from container...
[2025-12-13 21:11:54.480] ServiceContainer: Resolving 'Application'...
[2025-12-13 21:11:54.494] [INFO] Resolving Application...
[2025-12-13 21:11:54.508] ServiceContainer: Resolving 'Theme'...
[2025-12-13 21:11:54.533] [INFO] Resolving Theme: Calling Initialize-PmcThemeSystem...
[2025-12-13 21:11:54.560] [INFO] Theme resolved: #33aaff
[2025-12-13 21:11:54.577] [INFO] Loading PmcThemeEngine...
[2025-12-13 21:11:54.708] [DEBUG] Palette [Error] -> #BE2914 (R=190 G=41 B=20)
[2025-12-13 21:11:54.723] [DEBUG] Palette [Bright] -> #2CB158 (R=44 G=177 B=88)
[2025-12-13 21:11:54.740] [DEBUG] Palette [Primary] -> #228844 (R=34 G=136 B=68)
[2025-12-13 21:11:54.754] [DEBUG] Palette [Status] -> #5C8F6D (R=92 G=143 B=109)
[2025-12-13 21:11:54.772] [DEBUG] Palette [Muted] -> #5C8F6D (R=92 G=143 B=109)
[2025-12-13 21:11:54.788] [DEBUG] Palette [Border] -> #185F30 (R=24 G=95 B=48)
[2025-12-13 21:11:54.804] [DEBUG] Palette [Footer] -> #185F30 (R=24 G=95 B=48)
[2025-12-13 21:11:54.819] [DEBUG] Palette [Text] -> #C2EACF (R=194 G=234 B=207)
[2025-12-13 21:11:54.834] [DEBUG] Palette [Cursor] -> #228844 (R=34 G=136 B=68)
[2025-12-13 21:11:54.847] [DEBUG] Palette [Header] -> #228844 (R=34 G=136 B=68)
[2025-12-13 21:11:54.867] [DEBUG] Palette [Highlight] -> #228844 (R=34 G=136 B=68)
[2025-12-13 21:11:54.881] [DEBUG] Palette [Warning] -> #7FCA14 (R=127 G=202 B=20)
[2025-12-13 21:11:54.897] [DEBUG] Palette [Success] -> #2CB158 (R=44 G=177 B=88)
[2025-12-13 21:11:54.912] [DEBUG] Palette [Label] -> #5C8F6D (R=92 G=143 B=109)
[2025-12-13 21:11:54.933] [INFO] LoadFromConfig: Loaded Properties with 16 items
[2025-12-13 21:11:54.957] [INFO] PmcThemeEngine initialized with PMC palette (14 colors)
[2025-12-13 21:11:54.971] ServiceContainer: Resolved 'Theme' successfully
[2025-12-13 21:11:55.084] ServiceContainer: Resolving 'ThemeManager'...
[2025-12-13 21:11:55.100] [INFO] Resolving ThemeManager...
[2025-12-13 21:11:55.224] ServiceContainer: Resolved 'ThemeManager' successfully
[2025-12-13 21:11:55.257] ServiceContainer: Resolved 'Application' successfully
[2025-12-13 21:11:55.288] [INFO] Application resolved and assigned to $global:PmcApp
[2025-12-13 21:11:55.312] [INFO] Loading menus from manifest...
[2025-12-13 21:11:55.329] ServiceContainer: Resolving 'MenuRegistry'...
[2025-12-13 21:11:55.350] [INFO] Resolving MenuRegistry...
[2025-12-13 21:11:55.372] ServiceContainer: Resolved 'MenuRegistry' successfully
[2025-12-13 21:11:55.409] MenuRegistry: Loaded manifest with 24 entries
[2025-12-13 21:11:55.442] ServiceContainer: Registered 'ChecklistsLauncherScreen' (singleton=False)
[2025-12-13 21:11:55.455] MenuRegistry: Registered screen factory 'ChecklistsLauncherScreen' in container (viewMode=)
[2025-12-13 21:11:55.480] MenuRegistry: Registered 'Checklists' in 'Tools' menu (hotkey=C order=25)
[2025-12-13 21:11:55.495] ServiceContainer: Registered 'TaskListScreen_Agenda' (singleton=False)
[2025-12-13 21:11:55.509] MenuRegistry: Registered screen factory 'TaskListScreen_Agenda' in container (viewMode=agenda)
[2025-12-13 21:11:55.526] MenuRegistry: Registered 'Agenda View' in 'Tasks' menu (hotkey=A order=50)
[2025-12-13 21:11:55.541] ServiceContainer: Registered 'CommandLibraryScreen' (singleton=False)
[2025-12-13 21:11:55.554] MenuRegistry: Registered screen factory 'CommandLibraryScreen' in container (viewMode=)
[2025-12-13 21:11:55.570] MenuRegistry: Registered 'Command Library' in 'Tools' menu (hotkey=L order=10)
[2025-12-13 21:11:55.584] ServiceContainer: Registered 'KanbanScreenV2' (singleton=False)
[2025-12-13 21:11:55.598] MenuRegistry: Registered screen factory 'KanbanScreenV2' in container (viewMode=)
[2025-12-13 21:11:55.612] MenuRegistry: Registered 'Kanban Board' in 'Tasks' menu (hotkey=K order=55)
[2025-12-13 21:11:55.625] ServiceContainer: Registered 'TaskListScreen_NextActions' (singleton=False)
[2025-12-13 21:11:55.639] MenuRegistry: Registered screen factory 'TaskListScreen_NextActions' in container (viewMode=nextactions)
[2025-12-13 21:11:55.657] MenuRegistry: Registered 'Next Actions' in 'Tasks' menu (hotkey=N order=35)
[2025-12-13 21:11:55.675] ServiceContainer: Registered 'ProjectListScreen' (singleton=False)
[2025-12-13 21:11:55.689] MenuRegistry: Registered screen factory 'ProjectListScreen' in container (viewMode=)
[2025-12-13 21:11:55.702] MenuRegistry: Registered 'Project List' in 'Projects' menu (hotkey=L order=10)
[2025-12-13 21:11:55.714] ServiceContainer: Registered 'HelpViewScreen' (singleton=False)
[2025-12-13 21:11:55.730] MenuRegistry: Registered screen factory 'HelpViewScreen' in container (viewMode=)
[2025-12-13 21:11:55.744] MenuRegistry: Registered 'Help' in 'Help' menu (hotkey=H order=10)
[2025-12-13 21:11:55.765] ServiceContainer: Registered 'TaskListScreen_Tomorrow' (singleton=False)
[2025-12-13 21:11:55.784] MenuRegistry: Registered screen factory 'TaskListScreen_Tomorrow' in container (viewMode=tomorrow)
[2025-12-13 21:11:55.799] MenuRegistry: Registered 'Tomorrow' in 'Tasks' menu (hotkey=T order=15)
[2025-12-13 21:11:55.814] ServiceContainer: Registered 'TaskListScreen_Overdue' (singleton=False)
[2025-12-13 21:11:55.831] MenuRegistry: Registered screen factory 'TaskListScreen_Overdue' in container (viewMode=overdue)
[2025-12-13 21:11:55.847] MenuRegistry: Registered 'Overdue' in 'Tasks' menu (hotkey=O order=30)
[2025-12-13 21:11:55.863] ServiceContainer: Registered 'SettingsScreen' (singleton=False)
[2025-12-13 21:11:55.878] MenuRegistry: Registered screen factory 'SettingsScreen' in container (viewMode=)
[2025-12-13 21:11:55.893] MenuRegistry: Registered 'Settings' in 'Options' menu (hotkey=S order=20)
[2025-12-13 21:11:55.907] ServiceContainer: Registered 'TaskListScreen_Week' (singleton=False)
[2025-12-13 21:11:55.921] MenuRegistry: Registered screen factory 'TaskListScreen_Week' in container (viewMode=week)
[2025-12-13 21:11:55.935] MenuRegistry: Registered 'Week View' in 'Tasks' menu (hotkey=W order=20)
[2025-12-13 21:11:55.946] ServiceContainer: Registered 'TimeReportScreen' (singleton=False)
[2025-12-13 21:11:55.958] MenuRegistry: Registered screen factory 'TimeReportScreen' in container (viewMode=)
[2025-12-13 21:11:55.971] MenuRegistry: Registered 'Time Report' in 'Time' menu (hotkey=R order=20)
[2025-12-13 21:11:55.985] ServiceContainer: Registered 'TaskListScreen_Upcoming' (singleton=False)
[2025-12-13 21:11:55.999] MenuRegistry: Registered screen factory 'TaskListScreen_Upcoming' in container (viewMode=upcoming)
[2025-12-13 21:11:56.012] MenuRegistry: Registered 'Upcoming' in 'Tasks' menu (hotkey=U order=25)
[2025-12-13 21:11:56.027] ServiceContainer: Registered 'TaskListScreen_Month' (singleton=False)
[2025-12-13 21:11:56.043] MenuRegistry: Registered screen factory 'TaskListScreen_Month' in container (viewMode=month)
[2025-12-13 21:11:56.057] MenuRegistry: Registered 'Month View' in 'Tasks' menu (hotkey=M order=45)
[2025-12-13 21:11:56.070] ServiceContainer: Registered 'ThemeEditorScreen' (singleton=False)
[2025-12-13 21:11:56.082] MenuRegistry: Registered screen factory 'ThemeEditorScreen' in container (viewMode=)
[2025-12-13 21:11:56.095] MenuRegistry: Registered 'Theme Editor' in 'Options' menu (hotkey=T order=10)
[2025-12-13 21:11:56.106] ServiceContainer: Registered 'ChecklistTemplatesFolderScreen' (singleton=False)
[2025-12-13 21:11:56.117] MenuRegistry: Registered screen factory 'ChecklistTemplatesFolderScreen' in container (viewMode=)
[2025-12-13 21:11:56.129] MenuRegistry: Registered 'Checklist Templates' in 'Tools' menu (hotkey=H order=30)
[2025-12-13 21:11:56.143] ServiceContainer: Registered 'TaskListScreen_Default' (singleton=False)
[2025-12-13 21:11:56.158] MenuRegistry: Registered screen factory 'TaskListScreen_Default' in container (viewMode=)
[2025-12-13 21:11:56.170] MenuRegistry: Registered 'Task List' in 'Tasks' menu (hotkey=L order=5)
[2025-12-13 21:11:56.183] ServiceContainer: Registered 'WeeklyTimeReportScreen' (singleton=False)
[2025-12-13 21:11:56.198] MenuRegistry: Registered screen factory 'WeeklyTimeReportScreen' in container (viewMode=)
[2025-12-13 21:11:56.213] MenuRegistry: Registered 'Weekly Report' in 'Time' menu (hotkey=W order=10)
[2025-12-13 21:11:56.228] ServiceContainer: Registered 'ExcelProfileManagerScreen' (singleton=False)
[2025-12-13 21:11:56.240] MenuRegistry: Registered screen factory 'ExcelProfileManagerScreen' in container (viewMode=)
[2025-12-13 21:11:56.256] MenuRegistry: Registered 'Excel Profiles' in 'Projects' menu (hotkey=M order=50)
[2025-12-13 21:11:56.271] ServiceContainer: Registered 'TaskListScreen_Today' (singleton=False)
[2025-12-13 21:11:56.283] MenuRegistry: Registered screen factory 'TaskListScreen_Today' in container (viewMode=today)
[2025-12-13 21:11:56.296] MenuRegistry: Registered 'Today' in 'Tasks' menu (hotkey=Y order=10)
[2025-12-13 21:11:56.308] ServiceContainer: Registered 'TaskListScreen_NoDate' (singleton=False)
[2025-12-13 21:11:56.319] MenuRegistry: Registered screen factory 'TaskListScreen_NoDate' in container (viewMode=noduedate)
[2025-12-13 21:11:56.334] MenuRegistry: Registered 'No Due Date' in 'Tasks' menu (hotkey=D order=40)
[2025-12-13 21:11:56.349] ServiceContainer: Registered 'TimeListScreen' (singleton=False)
[2025-12-13 21:11:56.362] MenuRegistry: Registered screen factory 'TimeListScreen' in container (viewMode=)
[2025-12-13 21:11:56.374] MenuRegistry: Registered 'Time Tracking' in 'Time' menu (hotkey=T order=5)
[2025-12-13 21:11:56.386] ServiceContainer: Registered 'ExcelImportScreen' (singleton=False)
[2025-12-13 21:11:56.400] MenuRegistry: Registered screen factory 'ExcelImportScreen' in container (viewMode=)
[2025-12-13 21:11:56.414] MenuRegistry: Registered 'Import from Excel' in 'Projects' menu (hotkey=I order=40)
[2025-12-13 21:11:56.426] ServiceContainer: Registered 'NotesMenuScreen' (singleton=False)
[2025-12-13 21:11:56.439] MenuRegistry: Registered screen factory 'NotesMenuScreen' in container (viewMode=)
[2025-12-13 21:11:56.452] MenuRegistry: Registered 'Notes' in 'Tools' menu (hotkey=N order=20)
[2025-12-13 21:11:56.463] [INFO] Menus loaded from C:\Users\jhnhe\OneDrive\Documents\GitHub\project-management-console\og_transport\HYBRID\module\Pmc.Strict\consoleui\screens\MenuItems.psd1
[2025-12-13 21:11:56.475] [INFO] Launching screen: TaskList
[2025-12-13 21:11:56.489] [INFO] Resolving TaskListScreen from container...
[2025-12-13 21:11:56.502] ServiceContainer: Resolving 'TaskListScreen'...
[2025-12-13 21:11:56.518] [INFO] Resolving TaskListScreen...
[2025-12-13 21:11:56.535] ServiceContainer: Resolving 'TaskStore'...
[2025-12-13 21:11:56.550] [INFO] Resolving TaskStore...
[2025-12-13 21:11:56.590] [DEBUG] TaskStore.LoadData: Starting
[2025-12-13 21:11:56.607] [DEBUG] TaskStore.LoadData: Calling Get-PmcData
[2025-12-13 21:11:56.898] [DEBUG] TaskStore.LoadData: Get-PmcData returned - tasks=4 projects=2 timelogs=3
[2025-12-13 21:11:56.924] [DEBUG] TaskStore.LoadData: Loaded 4 tasks
[2025-12-13 21:11:56.940] [DEBUG] TaskStore.LoadData: Loaded 2 projects
[2025-12-13 21:11:56.958] [DEBUG] TaskStore.LoadData: First project name='p1' ID1='111'
[2025-12-13 21:11:56.977] ServiceContainer: Resolved 'TaskStore' successfully
[2025-12-13 21:11:58.183] [DEBUG] PmcScreen.AddContentWidget: Adding UniversalList (Total: 1)
[2025-12-13 21:11:58.218] [DEBUG] TaskListScreen: Constructor started
[2025-12-13 21:11:58.279] _PopulateMenusFromRegistry: Menu 'Tools' has 4 items from registry (array)
[2025-12-13 21:11:58.309] _PopulateMenusFromRegistry: Menu 'Projects' has 3 items from registry (array)
[2025-12-13 21:11:58.326] _PopulateMenusFromRegistry: Menu 'Help' has 1 items from registry (array)
[2025-12-13 21:11:58.340] _PopulateMenusFromRegistry: Menu 'Options' has 2 items from registry (array)
[2025-12-13 21:11:58.356] _PopulateMenusFromRegistry: Menu 'Time' has 3 items from registry (array)
[2025-12-13 21:11:58.374] _PopulateMenusFromRegistry: Menu 'Tasks' has 11 items from registry (array)
[2025-12-13 21:11:58.391] [DEBUG] TaskListScreen: Constructor completed
[2025-12-13 21:11:58.418] ServiceContainer: Resolved 'TaskListScreen' successfully
[2025-12-13 21:11:58.432] [INFO] Pushing screen to app...
[2025-12-13 21:11:59.021] [DEBUG] LoadData: Got 4 tasks from Store
[2025-12-13 21:11:59.174] [DEBUG] TaskListScreen.LoadData: Setting 4 tasks
[2025-12-13 21:11:59.192] [DEBUG] UniversalList.SetData: START
[2025-12-13 21:11:59.293] [DEBUG] UniversalList.SetData: COMPLETE (4 items)
[2025-12-13 21:11:59.357] [INFO] Screen pushed successfully
[2025-12-13 21:11:59.376] [INFO] Starting event loop...
[2025-12-13 21:12:00.387] [DEBUG] InlineEditor.RenderToEngine Called. Bounds=2,13 W=96
[2025-12-13 21:12:00.444] [DEBUG] PmcScreen: Calling RenderToEngine on UniversalList
[2025-12-13 21:12:00.481] [DEBUG] InlineEditor.RenderToEngine Called. Bounds=2,13 W=96
[2025-12-13 21:12:00.583] [DEBUG] InlineEditor.RenderToEngine Called. Bounds=2,13 W=96
[2025-12-13 21:12:00.609] [DEBUG] InlineEditor.RenderToEngine Called. Bounds=1,13 W=98
[2025-12-13 21:12:51.411] [DEBUG] InlineEditor.RenderToEngine Called. Bounds=2,13 W=96
[2025-12-13 21:12:51.415] [DEBUG] PmcScreen: Calling RenderToEngine on UniversalList
[2025-12-13 21:12:51.449] [DEBUG] InlineEditor.RenderToEngine Called. Bounds=2,13 W=96
[2025-12-13 21:12:51.482] [DEBUG] InlineEditor.RenderToEngine Called. Bounds=2,13 W=96
[2025-12-13 21:12:51.496] [DEBUG] InlineEditor.RenderToEngine Called. Bounds=1,13 W=98
