[2025-12-13 16:06:42.764] [INFO] Loading PMC module...
[2025-12-13 16:06:44.221] [INFO] PMC module loaded
[2025-12-13 16:06:44.224] [INFO] Loading dependencies (FieldSchemas, etc.)...
[2025-12-13 16:06:44.385] [INFO] Dependencies loaded
[2025-12-13 16:06:44.398] [INFO] Loading SpeedTUI framework...
[2025-12-13 16:06:44.757] [INFO] SpeedTUI framework loaded
[2025-12-13 16:06:44.771] [INFO] Loading PraxisVT...
[2025-12-13 16:06:44.792] [INFO] PraxisVT loaded
[2025-12-13 16:06:44.804] [INFO] Loading core dependencies...
[2025-12-13 16:06:44.882] [INFO] Core dependencies loaded
[2025-12-13 16:06:44.893] [INFO] Loading widget base classes...
[2025-12-13 16:06:44.965] [INFO] Widget base classes loaded
[2025-12-13 16:06:44.977] [INFO] Loading services...
[2025-12-13 16:06:45.179] [INFO] Services loaded
[2025-12-13 16:06:45.195] [INFO] Loading helpers...
[2025-12-13 16:06:45.887] [INFO] Helpers loaded
[2025-12-13 16:06:45.907] [INFO] Loading widgets...
[2025-12-13 16:06:46.831] [INFO] Widgets loaded
[2025-12-13 16:06:46.844] [INFO] Loading screen base class...
[2025-12-13 16:06:46.879] [INFO] Screen base class loaded
[2025-12-13 16:06:46.893] [INFO] Loading HelpViewScreen (needed by base classes)...
[2025-12-13 16:06:46.938] [INFO] HelpViewScreen loaded
[2025-12-13 16:06:46.954] [INFO] Loading base classes...
[2025-12-13 16:06:47.227] [INFO] Base classes loaded
[2025-12-13 16:06:47.248] [INFO] Loading ServiceContainer (needed by screens)...
[2025-12-13 16:06:47.276] [INFO] ServiceContainer loaded
[2025-12-13 16:06:47.289] [INFO] Loading remaining screens...
[2025-12-13 16:06:47.443] [INFO] Remaining screens loaded
[2025-12-13 16:06:47.461] [INFO] Loading PmcApplication...
[2025-12-13 16:06:47.500] [INFO] PmcApplication loaded
[2025-12-13 16:06:47.513] [INFO] All components loaded successfully
[2025-12-13 16:06:47.540] [INFO] Starting PMC TUI with screen: TaskList
[2025-12-13 16:06:47.563] [INFO] Cleared stale PmcSharedMenuBar and MenuRegistry singleton
[2025-12-13 16:06:47.580] [INFO] Creating ServiceContainer...
[2025-12-13 16:06:47.602] [INFO] ServiceContainer created
[2025-12-13 16:06:47.616] [INFO] Registering Theme service...
[2025-12-13 16:06:47.643] ServiceContainer: Registered 'Theme' (singleton=True)
[2025-12-13 16:06:47.659] [INFO] Registering ThemeManager...
[2025-12-13 16:06:47.672] ServiceContainer: Registered 'ThemeManager' (singleton=True)
[2025-12-13 16:06:47.688] [INFO] Registering Config service...
[2025-12-13 16:06:47.703] ServiceContainer: Registered 'Config' (singleton=True)
[2025-12-13 16:06:47.716] [INFO] Registering TaskStore service...
[2025-12-13 16:06:47.728] ServiceContainer: Registered 'TaskStore' (singleton=True)
[2025-12-13 16:06:47.743] [INFO] Registering MenuRegistry service...
[2025-12-13 16:06:47.756] ServiceContainer: Registered 'MenuRegistry' (singleton=True)
[2025-12-13 16:06:47.771] [INFO] Registering Application service...
[2025-12-13 16:06:47.784] ServiceContainer: Registered 'Application' (singleton=True)
[2025-12-13 16:06:47.799] [INFO] Registering CommandService...
[2025-12-13 16:06:47.819] ServiceContainer: Registered 'CommandService' (singleton=True)
[2025-12-13 16:06:47.833] [INFO] Registering ChecklistService...
[2025-12-13 16:06:47.847] ServiceContainer: Registered 'ChecklistService' (singleton=True)
[2025-12-13 16:06:47.861] [INFO] Registering NoteService...
[2025-12-13 16:06:47.875] ServiceContainer: Registered 'NoteService' (singleton=True)
[2025-12-13 16:06:47.891] [INFO] Registering ExcelMappingService...
[2025-12-13 16:06:47.904] ServiceContainer: Registered 'ExcelMappingService' (singleton=True)
[2025-12-13 16:06:47.916] [INFO] Registering PreferencesService...
[2025-12-13 16:06:47.928] ServiceContainer: Registered 'PreferencesService' (singleton=True)
[2025-12-13 16:06:47.941] [INFO] Registering screen factories...
[2025-12-13 16:06:47.954] ServiceContainer: Registered 'TaskListScreen' (singleton=False)
[2025-12-13 16:06:47.970] [INFO] Resolving Application from container...
[2025-12-13 16:06:48.000] ServiceContainer: Resolving 'Application'...
[2025-12-13 16:06:48.015] [INFO] Resolving Application...
[2025-12-13 16:06:48.029] ServiceContainer: Resolving 'Theme'...
[2025-12-13 16:06:48.054] [INFO] Resolving Theme: Calling Initialize-PmcThemeSystem...
[2025-12-13 16:06:48.081] [INFO] Theme resolved: #33aaff
[2025-12-13 16:06:48.095] [INFO] Loading PmcThemeEngine...
[2025-12-13 16:06:48.237] [DEBUG] Palette [Border] -> #185F30 (R=24 G=95 B=48)
[2025-12-13 16:06:48.252] [DEBUG] Palette [Highlight] -> #228844 (R=34 G=136 B=68)
[2025-12-13 16:06:48.268] [DEBUG] Palette [Success] -> #2CB158 (R=44 G=177 B=88)
[2025-12-13 16:06:48.283] [DEBUG] Palette [Status] -> #5C8F6D (R=92 G=143 B=109)
[2025-12-13 16:06:48.296] [DEBUG] Palette [Text] -> #C2EACF (R=194 G=234 B=207)
[2025-12-13 16:06:48.308] [DEBUG] Palette [Footer] -> #185F30 (R=24 G=95 B=48)
[2025-12-13 16:06:48.322] [DEBUG] Palette [Cursor] -> #228844 (R=34 G=136 B=68)
[2025-12-13 16:06:48.335] [DEBUG] Palette [Label] -> #5C8F6D (R=92 G=143 B=109)
[2025-12-13 16:06:48.347] [DEBUG] Palette [Bright] -> #2CB158 (R=44 G=177 B=88)
[2025-12-13 16:06:48.365] [DEBUG] Palette [Header] -> #228844 (R=34 G=136 B=68)
[2025-12-13 16:06:48.385] [DEBUG] Palette [Warning] -> #7FCA14 (R=127 G=202 B=20)
[2025-12-13 16:06:48.400] [DEBUG] Palette [Primary] -> #228844 (R=34 G=136 B=68)
[2025-12-13 16:06:48.417] [DEBUG] Palette [Muted] -> #5C8F6D (R=92 G=143 B=109)
[2025-12-13 16:06:48.430] [DEBUG] Palette [Error] -> #BE2914 (R=190 G=41 B=20)
[2025-12-13 16:06:48.458] [INFO] LoadFromConfig: Loaded Properties with 16 items
[2025-12-13 16:06:48.484] [INFO] PmcThemeEngine initialized with PMC palette (14 colors)
[2025-12-13 16:06:48.502] ServiceContainer: Resolved 'Theme' successfully
[2025-12-13 16:06:48.625] ServiceContainer: Resolving 'ThemeManager'...
[2025-12-13 16:06:48.642] [INFO] Resolving ThemeManager...
[2025-12-13 16:06:48.769] ServiceContainer: Resolved 'ThemeManager' successfully
[2025-12-13 16:06:48.792] ServiceContainer: Resolved 'Application' successfully
[2025-12-13 16:06:48.807] [INFO] Application resolved and assigned to $global:PmcApp
[2025-12-13 16:06:48.820] [INFO] Loading menus from manifest...
[2025-12-13 16:06:48.834] ServiceContainer: Resolving 'MenuRegistry'...
[2025-12-13 16:06:48.848] [INFO] Resolving MenuRegistry...
[2025-12-13 16:06:48.875] ServiceContainer: Resolved 'MenuRegistry' successfully
[2025-12-13 16:06:48.902] MenuRegistry: Loaded manifest with 24 entries
[2025-12-13 16:06:48.941] ServiceContainer: Registered 'TaskListScreen_Tomorrow' (singleton=False)
[2025-12-13 16:06:48.953] MenuRegistry: Registered screen factory 'TaskListScreen_Tomorrow' in container (viewMode=tomorrow)
[2025-12-13 16:06:48.976] MenuRegistry: Registered 'Tomorrow' in 'Tasks' menu (hotkey=T order=15)
[2025-12-13 16:06:48.991] ServiceContainer: Registered 'TaskListScreen_NoDate' (singleton=False)
[2025-12-13 16:06:49.003] MenuRegistry: Registered screen factory 'TaskListScreen_NoDate' in container (viewMode=noduedate)
[2025-12-13 16:06:49.016] MenuRegistry: Registered 'No Due Date' in 'Tasks' menu (hotkey=D order=40)
[2025-12-13 16:06:49.030] ServiceContainer: Registered 'ChecklistsLauncherScreen' (singleton=False)
[2025-12-13 16:06:49.044] MenuRegistry: Registered screen factory 'ChecklistsLauncherScreen' in container (viewMode=)
[2025-12-13 16:06:49.064] MenuRegistry: Registered 'Checklists' in 'Tools' menu (hotkey=C order=25)
[2025-12-13 16:06:49.077] ServiceContainer: Registered 'SettingsScreen' (singleton=False)
[2025-12-13 16:06:49.090] MenuRegistry: Registered screen factory 'SettingsScreen' in container (viewMode=)
[2025-12-13 16:06:49.105] MenuRegistry: Registered 'Settings' in 'Options' menu (hotkey=S order=20)
[2025-12-13 16:06:49.122] ServiceContainer: Registered 'WeeklyTimeReportScreen' (singleton=False)
[2025-12-13 16:06:49.138] MenuRegistry: Registered screen factory 'WeeklyTimeReportScreen' in container (viewMode=)
[2025-12-13 16:06:49.157] MenuRegistry: Registered 'Weekly Report' in 'Time' menu (hotkey=W order=10)
[2025-12-13 16:06:49.174] ServiceContainer: Registered 'ThemeEditorScreen' (singleton=False)
[2025-12-13 16:06:49.186] MenuRegistry: Registered screen factory 'ThemeEditorScreen' in container (viewMode=)
[2025-12-13 16:06:49.199] MenuRegistry: Registered 'Theme Editor' in 'Options' menu (hotkey=T order=10)
[2025-12-13 16:06:49.215] ServiceContainer: Registered 'TaskListScreen_NextActions' (singleton=False)
[2025-12-13 16:06:49.226] MenuRegistry: Registered screen factory 'TaskListScreen_NextActions' in container (viewMode=nextactions)
[2025-12-13 16:06:49.243] MenuRegistry: Registered 'Next Actions' in 'Tasks' menu (hotkey=N order=35)
[2025-12-13 16:06:49.258] ServiceContainer: Registered 'TaskListScreen_Today' (singleton=False)
[2025-12-13 16:06:49.273] MenuRegistry: Registered screen factory 'TaskListScreen_Today' in container (viewMode=today)
[2025-12-13 16:06:49.285] MenuRegistry: Registered 'Today' in 'Tasks' menu (hotkey=Y order=10)
[2025-12-13 16:06:49.297] ServiceContainer: Registered 'NotesMenuScreen' (singleton=False)
[2025-12-13 16:06:49.309] MenuRegistry: Registered screen factory 'NotesMenuScreen' in container (viewMode=)
[2025-12-13 16:06:49.322] MenuRegistry: Registered 'Notes' in 'Tools' menu (hotkey=N order=20)
[2025-12-13 16:06:49.337] ServiceContainer: Registered 'ExcelProfileManagerScreen' (singleton=False)
[2025-12-13 16:06:49.349] MenuRegistry: Registered screen factory 'ExcelProfileManagerScreen' in container (viewMode=)
[2025-12-13 16:06:49.362] MenuRegistry: Registered 'Excel Profiles' in 'Projects' menu (hotkey=M order=50)
[2025-12-13 16:06:49.377] ServiceContainer: Registered 'TaskListScreen_Agenda' (singleton=False)
[2025-12-13 16:06:49.391] MenuRegistry: Registered screen factory 'TaskListScreen_Agenda' in container (viewMode=agenda)
[2025-12-13 16:06:49.405] MenuRegistry: Registered 'Agenda View' in 'Tasks' menu (hotkey=A order=50)
[2025-12-13 16:06:49.419] ServiceContainer: Registered 'TaskListScreen_Overdue' (singleton=False)
[2025-12-13 16:06:49.437] MenuRegistry: Registered screen factory 'TaskListScreen_Overdue' in container (viewMode=overdue)
[2025-12-13 16:06:49.453] MenuRegistry: Registered 'Overdue' in 'Tasks' menu (hotkey=O order=30)
[2025-12-13 16:06:49.477] ServiceContainer: Registered 'HelpViewScreen' (singleton=False)
[2025-12-13 16:06:49.495] MenuRegistry: Registered screen factory 'HelpViewScreen' in container (viewMode=)
[2025-12-13 16:06:49.513] MenuRegistry: Registered 'Help' in 'Help' menu (hotkey=H order=10)
[2025-12-13 16:06:49.528] ServiceContainer: Registered 'CommandLibraryScreen' (singleton=False)
[2025-12-13 16:06:49.545] MenuRegistry: Registered screen factory 'CommandLibraryScreen' in container (viewMode=)
[2025-12-13 16:06:49.561] MenuRegistry: Registered 'Command Library' in 'Tools' menu (hotkey=L order=10)
[2025-12-13 16:06:49.577] ServiceContainer: Registered 'TaskListScreen_Default' (singleton=False)
[2025-12-13 16:06:49.595] MenuRegistry: Registered screen factory 'TaskListScreen_Default' in container (viewMode=)
[2025-12-13 16:06:49.614] MenuRegistry: Registered 'Task List' in 'Tasks' menu (hotkey=L order=5)
[2025-12-13 16:06:49.632] ServiceContainer: Registered 'TimeListScreen' (singleton=False)
[2025-12-13 16:06:49.645] MenuRegistry: Registered screen factory 'TimeListScreen' in container (viewMode=)
[2025-12-13 16:06:49.662] MenuRegistry: Registered 'Time Tracking' in 'Time' menu (hotkey=T order=5)
[2025-12-13 16:06:49.676] ServiceContainer: Registered 'KanbanScreenV2' (singleton=False)
[2025-12-13 16:06:49.690] MenuRegistry: Registered screen factory 'KanbanScreenV2' in container (viewMode=)
[2025-12-13 16:06:49.707] MenuRegistry: Registered 'Kanban Board' in 'Tasks' menu (hotkey=K order=55)
[2025-12-13 16:06:49.722] ServiceContainer: Registered 'TaskListScreen_Upcoming' (singleton=False)
[2025-12-13 16:06:49.737] MenuRegistry: Registered screen factory 'TaskListScreen_Upcoming' in container (viewMode=upcoming)
[2025-12-13 16:06:49.751] MenuRegistry: Registered 'Upcoming' in 'Tasks' menu (hotkey=U order=25)
[2025-12-13 16:06:49.765] ServiceContainer: Registered 'ExcelImportScreen' (singleton=False)
[2025-12-13 16:06:49.780] MenuRegistry: Registered screen factory 'ExcelImportScreen' in container (viewMode=)
[2025-12-13 16:06:49.795] MenuRegistry: Registered 'Import from Excel' in 'Projects' menu (hotkey=I order=40)
[2025-12-13 16:06:49.807] ServiceContainer: Registered 'ProjectListScreen' (singleton=False)
[2025-12-13 16:06:49.820] MenuRegistry: Registered screen factory 'ProjectListScreen' in container (viewMode=)
[2025-12-13 16:06:49.836] MenuRegistry: Registered 'Project List' in 'Projects' menu (hotkey=L order=10)
[2025-12-13 16:06:49.848] ServiceContainer: Registered 'TaskListScreen_Month' (singleton=False)
[2025-12-13 16:06:49.862] MenuRegistry: Registered screen factory 'TaskListScreen_Month' in container (viewMode=month)
[2025-12-13 16:06:49.879] MenuRegistry: Registered 'Month View' in 'Tasks' menu (hotkey=M order=45)
[2025-12-13 16:06:49.900] ServiceContainer: Registered 'TimeReportScreen' (singleton=False)
[2025-12-13 16:06:49.916] MenuRegistry: Registered screen factory 'TimeReportScreen' in container (viewMode=)
[2025-12-13 16:06:49.933] MenuRegistry: Registered 'Time Report' in 'Time' menu (hotkey=R order=20)
[2025-12-13 16:06:49.949] ServiceContainer: Registered 'TaskListScreen_Week' (singleton=False)
[2025-12-13 16:06:49.966] MenuRegistry: Registered screen factory 'TaskListScreen_Week' in container (viewMode=week)
[2025-12-13 16:06:49.982] MenuRegistry: Registered 'Week View' in 'Tasks' menu (hotkey=W order=20)
[2025-12-13 16:06:49.998] ServiceContainer: Registered 'ChecklistTemplatesFolderScreen' (singleton=False)
[2025-12-13 16:06:50.011] MenuRegistry: Registered screen factory 'ChecklistTemplatesFolderScreen' in container (viewMode=)
[2025-12-13 16:06:50.024] MenuRegistry: Registered 'Checklist Templates' in 'Tools' menu (hotkey=H order=30)
[2025-12-13 16:06:50.039] [INFO] Menus loaded from C:\Users\jhnhe\OneDrive\Documents\GitHub\project-management-console\og_transport\HYBRID\module\Pmc.Strict\consoleui\screens\MenuItems.psd1
[2025-12-13 16:06:50.062] [INFO] Launching screen: TaskList
[2025-12-13 16:06:50.078] [INFO] Resolving TaskListScreen from container...
[2025-12-13 16:06:50.093] ServiceContainer: Resolving 'TaskListScreen'...
[2025-12-13 16:06:50.112] [INFO] Resolving TaskListScreen...
[2025-12-13 16:06:50.128] ServiceContainer: Resolving 'TaskStore'...
[2025-12-13 16:06:50.143] [INFO] Resolving TaskStore...
[2025-12-13 16:06:50.193] [DEBUG] TaskStore.LoadData: Starting
[2025-12-13 16:06:50.209] [DEBUG] TaskStore.LoadData: Calling Get-PmcData
[2025-12-13 16:06:50.532] [DEBUG] TaskStore.LoadData: Get-PmcData returned - tasks=4 projects=2 timelogs=3
[2025-12-13 16:06:50.554] [DEBUG] TaskStore.LoadData: Loaded 4 tasks
[2025-12-13 16:06:50.575] [DEBUG] TaskStore.LoadData: Loaded 2 projects
[2025-12-13 16:06:50.593] [DEBUG] TaskStore.LoadData: First project name='p1' ID1='111'
[2025-12-13 16:06:50.614] ServiceContainer: Resolved 'TaskStore' successfully
[2025-12-13 16:06:57.662] [DEBUG] PmcScreen.AddContentWidget: Adding UniversalList (Total: 1)
[2025-12-13 16:06:57.671] [DEBUG] PmcScreen.AddContentWidget: Adding FilterPanel (Total: 2)
[2025-12-13 16:06:57.692] [DEBUG] PmcScreen.AddContentWidget: Adding InlineEditor (Total: 3)
[2025-12-13 16:06:57.739] [DEBUG] TaskListScreen: Constructor started
[2025-12-13 16:06:57.793] _PopulateMenusFromRegistry: Menu 'Projects' has 3 items from registry (array)
[2025-12-13 16:06:57.821] _PopulateMenusFromRegistry: Menu 'Time' has 3 items from registry (array)
[2025-12-13 16:06:57.837] _PopulateMenusFromRegistry: Menu 'Tools' has 4 items from registry (array)
[2025-12-13 16:06:57.854] _PopulateMenusFromRegistry: Menu 'Options' has 2 items from registry (array)
[2025-12-13 16:06:57.872] _PopulateMenusFromRegistry: Menu 'Help' has 1 items from registry (array)
[2025-12-13 16:06:57.890] _PopulateMenusFromRegistry: Menu 'Tasks' has 11 items from registry (array)
[2025-12-13 16:06:57.907] [DEBUG] TaskListScreen: Constructor completed
[2025-12-13 16:06:57.926] ServiceContainer: Resolved 'TaskListScreen' successfully
[2025-12-13 16:06:57.941] [INFO] Pushing screen to app...
[2025-12-13 16:07:03.090] [DEBUG] LoadData: Got 4 tasks from Store
[2025-12-13 16:07:03.177] [DEBUG] TaskListScreen.LoadData: Setting 4 tasks
[2025-12-13 16:07:03.203] [DEBUG] UniversalList.SetData: START
[2025-12-13 16:07:03.297] [DEBUG] UniversalList.SetData: COMPLETE (4 items)
[2025-12-13 16:07:05.412] [INFO] Screen pushed successfully
[2025-12-13 16:07:05.414] [INFO] Starting event loop...
[2025-12-13 16:07:06.924] [DEBUG] PmcScreen: Calling RenderToEngine on UniversalList
[2025-12-13 16:07:07.008] [DEBUG] PmcScreen: Calling RenderToEngine on FilterPanel
[2025-12-13 16:07:07.098] [DEBUG] PmcScreen: Calling RenderToEngine on InlineEditor
[2025-12-13 16:07:31.690] [DEBUG] PmcScreen: Calling RenderToEngine on UniversalList
[2025-12-13 16:07:32.824] [DEBUG] PmcScreen: Calling RenderToEngine on FilterPanel
[2025-12-13 16:07:32.848] [DEBUG] PmcScreen: Calling RenderToEngine on InlineEditor
