[2025-12-13 15:30:11.537] [INFO] Loading PMC module...
[2025-12-13 15:30:12.939] [INFO] PMC module loaded
[2025-12-13 15:30:12.941] [INFO] Loading dependencies (FieldSchemas, etc.)...
[2025-12-13 15:30:13.070] [INFO] Dependencies loaded
[2025-12-13 15:30:13.081] [INFO] Loading SpeedTUI framework...
[2025-12-13 15:30:13.432] [INFO] SpeedTUI framework loaded
[2025-12-13 15:30:13.447] [INFO] Loading PraxisVT...
[2025-12-13 15:30:13.473] [INFO] PraxisVT loaded
[2025-12-13 15:30:13.486] [INFO] Loading core dependencies...
[2025-12-13 15:30:13.564] [INFO] Core dependencies loaded
[2025-12-13 15:30:13.576] [INFO] Loading widget base classes...
[2025-12-13 15:30:13.642] [INFO] Widget base classes loaded
[2025-12-13 15:30:13.653] [INFO] Loading services...
[2025-12-13 15:30:13.816] [INFO] Services loaded
[2025-12-13 15:30:13.829] [INFO] Loading helpers...
[2025-12-13 15:30:14.616] [INFO] Helpers loaded
[2025-12-13 15:30:14.628] [INFO] Loading widgets...
[2025-12-13 15:30:15.548] [INFO] Widgets loaded
[2025-12-13 15:30:15.571] [INFO] Loading screen base class...
[2025-12-13 15:30:15.687] [INFO] Screen base class loaded
[2025-12-13 15:30:15.707] [INFO] Loading HelpViewScreen (needed by base classes)...
[2025-12-13 15:30:15.787] [INFO] HelpViewScreen loaded
[2025-12-13 15:30:15.846] [INFO] Loading base classes...
[2025-12-13 15:30:16.238] [INFO] Base classes loaded
[2025-12-13 15:30:16.278] [INFO] Loading ServiceContainer (needed by screens)...
[2025-12-13 15:30:16.384] [INFO] ServiceContainer loaded
[2025-12-13 15:30:16.416] [INFO] Loading remaining screens...
[2025-12-13 15:30:16.874] [INFO] Remaining screens loaded
[2025-12-13 15:30:16.901] [INFO] Loading PmcApplication...
[2025-12-13 15:30:17.060] [INFO] PmcApplication loaded
[2025-12-13 15:30:17.089] [INFO] All components loaded successfully
[2025-12-13 15:30:17.136] [INFO] Starting PMC TUI with screen: TaskList
[2025-12-13 15:30:17.159] [INFO] Cleared stale PmcSharedMenuBar and MenuRegistry singleton
[2025-12-13 15:30:17.178] [INFO] Creating ServiceContainer...
[2025-12-13 15:30:17.239] [INFO] ServiceContainer created
[2025-12-13 15:30:17.253] [INFO] Registering Theme service...
[2025-12-13 15:30:17.316] ServiceContainer: Registered 'Theme' (singleton=True)
[2025-12-13 15:30:17.348] [INFO] Registering ThemeManager...
[2025-12-13 15:30:17.364] ServiceContainer: Registered 'ThemeManager' (singleton=True)
[2025-12-13 15:30:17.395] [INFO] Registering Config service...
[2025-12-13 15:30:17.428] ServiceContainer: Registered 'Config' (singleton=True)
[2025-12-13 15:30:17.459] [INFO] Registering TaskStore service...
[2025-12-13 15:30:17.492] ServiceContainer: Registered 'TaskStore' (singleton=True)
[2025-12-13 15:30:17.565] [INFO] Registering MenuRegistry service...
[2025-12-13 15:30:17.606] ServiceContainer: Registered 'MenuRegistry' (singleton=True)
[2025-12-13 15:30:17.658] [INFO] Registering Application service...
[2025-12-13 15:30:17.704] ServiceContainer: Registered 'Application' (singleton=True)
[2025-12-13 15:30:17.737] [INFO] Registering CommandService...
[2025-12-13 15:30:17.781] ServiceContainer: Registered 'CommandService' (singleton=True)
[2025-12-13 15:30:17.808] [INFO] Registering ChecklistService...
[2025-12-13 15:30:17.831] ServiceContainer: Registered 'ChecklistService' (singleton=True)
[2025-12-13 15:30:17.850] [INFO] Registering NoteService...
[2025-12-13 15:30:17.886] ServiceContainer: Registered 'NoteService' (singleton=True)
[2025-12-13 15:30:17.923] [INFO] Registering ExcelMappingService...
[2025-12-13 15:30:17.954] ServiceContainer: Registered 'ExcelMappingService' (singleton=True)
[2025-12-13 15:30:17.998] [INFO] Registering PreferencesService...
[2025-12-13 15:30:18.030] ServiceContainer: Registered 'PreferencesService' (singleton=True)
[2025-12-13 15:30:18.057] [INFO] Registering screen factories...
[2025-12-13 15:30:18.091] ServiceContainer: Registered 'TaskListScreen' (singleton=False)
[2025-12-13 15:30:18.123] [INFO] Resolving Application from container...
[2025-12-13 15:30:18.219] ServiceContainer: Resolving 'Application'...
[2025-12-13 15:30:18.291] [INFO] Resolving Application...
[2025-12-13 15:30:18.328] ServiceContainer: Resolving 'Theme'...
[2025-12-13 15:30:18.381] [INFO] Resolving Theme: Calling Initialize-PmcThemeSystem...
[2025-12-13 15:30:18.449] [INFO] Theme resolved: #33aaff
[2025-12-13 15:30:18.476] [INFO] Loading PmcThemeEngine...
[2025-12-13 15:30:18.636] [DEBUG] Palette [Label] -> #5C8F6D (R=92 G=143 B=109)
[2025-12-13 15:30:18.654] [DEBUG] Palette [Highlight] -> #228844 (R=34 G=136 B=68)
[2025-12-13 15:30:18.713] [DEBUG] Palette [Muted] -> #5C8F6D (R=92 G=143 B=109)
[2025-12-13 15:30:18.739] [DEBUG] Palette [Header] -> #228844 (R=34 G=136 B=68)
[2025-12-13 15:30:18.759] [DEBUG] Palette [Footer] -> #185F30 (R=24 G=95 B=48)
[2025-12-13 15:30:18.804] [DEBUG] Palette [Border] -> #185F30 (R=24 G=95 B=48)
[2025-12-13 15:30:18.823] [DEBUG] Palette [Error] -> #BE2914 (R=190 G=41 B=20)
[2025-12-13 15:30:18.849] [DEBUG] Palette [Bright] -> #2CB158 (R=44 G=177 B=88)
[2025-12-13 15:30:18.871] [DEBUG] Palette [Status] -> #5C8F6D (R=92 G=143 B=109)
[2025-12-13 15:30:18.885] [DEBUG] Palette [Cursor] -> #228844 (R=34 G=136 B=68)
[2025-12-13 15:30:18.907] [DEBUG] Palette [Primary] -> #228844 (R=34 G=136 B=68)
[2025-12-13 15:30:18.936] [DEBUG] Palette [Text] -> #C2EACF (R=194 G=234 B=207)
[2025-12-13 15:30:18.964] [DEBUG] Palette [Success] -> #2CB158 (R=44 G=177 B=88)
[2025-12-13 15:30:19.004] [DEBUG] Palette [Warning] -> #7FCA14 (R=127 G=202 B=20)
[2025-12-13 15:30:19.041] [INFO] LoadFromConfig: Loaded Properties with 16 items
[2025-12-13 15:30:19.071] [INFO] PmcThemeEngine initialized with PMC palette (14 colors)
[2025-12-13 15:30:19.089] ServiceContainer: Resolved 'Theme' successfully
[2025-12-13 15:30:19.228] ServiceContainer: Resolving 'ThemeManager'...
[2025-12-13 15:30:19.245] [INFO] Resolving ThemeManager...
[2025-12-13 15:30:19.431] ServiceContainer: Resolved 'ThemeManager' successfully
[2025-12-13 15:30:19.471] ServiceContainer: Resolved 'Application' successfully
[2025-12-13 15:30:19.489] [INFO] Application resolved and assigned to $global:PmcApp
[2025-12-13 15:30:19.506] [INFO] Loading menus from manifest...
[2025-12-13 15:30:19.521] ServiceContainer: Resolving 'MenuRegistry'...
[2025-12-13 15:30:19.572] [INFO] Resolving MenuRegistry...
[2025-12-13 15:30:19.599] ServiceContainer: Resolved 'MenuRegistry' successfully
[2025-12-13 15:30:19.631] MenuRegistry: Loaded manifest with 24 entries
[2025-12-13 15:30:19.684] ServiceContainer: Registered 'TimeReportScreen' (singleton=False)
[2025-12-13 15:30:19.718] MenuRegistry: Registered screen factory 'TimeReportScreen' in container (viewMode=)
[2025-12-13 15:30:19.741] MenuRegistry: Registered 'Time Report' in 'Time' menu (hotkey=R order=20)
[2025-12-13 15:30:19.769] ServiceContainer: Registered 'TaskListScreen_Default' (singleton=False)
[2025-12-13 15:30:19.786] MenuRegistry: Registered screen factory 'TaskListScreen_Default' in container (viewMode=)
[2025-12-13 15:30:19.810] MenuRegistry: Registered 'Task List' in 'Tasks' menu (hotkey=L order=5)
[2025-12-13 15:30:19.828] ServiceContainer: Registered 'ChecklistsLauncherScreen' (singleton=False)
[2025-12-13 15:30:19.849] MenuRegistry: Registered screen factory 'ChecklistsLauncherScreen' in container (viewMode=)
[2025-12-13 15:30:19.891] MenuRegistry: Registered 'Checklists' in 'Tools' menu (hotkey=C order=25)
[2025-12-13 15:30:19.906] ServiceContainer: Registered 'HelpViewScreen' (singleton=False)
[2025-12-13 15:30:19.927] MenuRegistry: Registered screen factory 'HelpViewScreen' in container (viewMode=)
[2025-12-13 15:30:19.952] MenuRegistry: Registered 'Help' in 'Help' menu (hotkey=H order=10)
[2025-12-13 15:30:19.972] ServiceContainer: Registered 'TimeListScreen' (singleton=False)
[2025-12-13 15:30:19.988] MenuRegistry: Registered screen factory 'TimeListScreen' in container (viewMode=)
[2025-12-13 15:30:20.019] MenuRegistry: Registered 'Time Tracking' in 'Time' menu (hotkey=T order=5)
[2025-12-13 15:30:20.048] ServiceContainer: Registered 'TaskListScreen_Month' (singleton=False)
[2025-12-13 15:30:20.071] MenuRegistry: Registered screen factory 'TaskListScreen_Month' in container (viewMode=month)
[2025-12-13 15:30:20.095] MenuRegistry: Registered 'Month View' in 'Tasks' menu (hotkey=M order=45)
[2025-12-13 15:30:20.117] ServiceContainer: Registered 'KanbanScreenV2' (singleton=False)
[2025-12-13 15:30:20.142] MenuRegistry: Registered screen factory 'KanbanScreenV2' in container (viewMode=)
[2025-12-13 15:30:20.159] MenuRegistry: Registered 'Kanban Board' in 'Tasks' menu (hotkey=K order=55)
[2025-12-13 15:30:20.197] ServiceContainer: Registered 'TaskListScreen_Agenda' (singleton=False)
[2025-12-13 15:30:20.210] MenuRegistry: Registered screen factory 'TaskListScreen_Agenda' in container (viewMode=agenda)
[2025-12-13 15:30:20.227] MenuRegistry: Registered 'Agenda View' in 'Tasks' menu (hotkey=A order=50)
[2025-12-13 15:30:20.240] ServiceContainer: Registered 'TaskListScreen_Week' (singleton=False)
[2025-12-13 15:30:20.256] MenuRegistry: Registered screen factory 'TaskListScreen_Week' in container (viewMode=week)
[2025-12-13 15:30:20.273] MenuRegistry: Registered 'Week View' in 'Tasks' menu (hotkey=W order=20)
[2025-12-13 15:30:20.287] ServiceContainer: Registered 'TaskListScreen_Tomorrow' (singleton=False)
[2025-12-13 15:30:20.307] MenuRegistry: Registered screen factory 'TaskListScreen_Tomorrow' in container (viewMode=tomorrow)
[2025-12-13 15:30:20.322] MenuRegistry: Registered 'Tomorrow' in 'Tasks' menu (hotkey=T order=15)
[2025-12-13 15:30:20.336] ServiceContainer: Registered 'ChecklistTemplatesFolderScreen' (singleton=False)
[2025-12-13 15:30:20.389] MenuRegistry: Registered screen factory 'ChecklistTemplatesFolderScreen' in container (viewMode=)
[2025-12-13 15:30:20.435] MenuRegistry: Registered 'Checklist Templates' in 'Tools' menu (hotkey=H order=30)
[2025-12-13 15:30:20.477] ServiceContainer: Registered 'TaskListScreen_Upcoming' (singleton=False)
[2025-12-13 15:30:20.544] MenuRegistry: Registered screen factory 'TaskListScreen_Upcoming' in container (viewMode=upcoming)
[2025-12-13 15:30:20.571] MenuRegistry: Registered 'Upcoming' in 'Tasks' menu (hotkey=U order=25)
[2025-12-13 15:30:20.596] ServiceContainer: Registered 'TaskListScreen_NextActions' (singleton=False)
[2025-12-13 15:30:20.640] MenuRegistry: Registered screen factory 'TaskListScreen_NextActions' in container (viewMode=nextactions)
[2025-12-13 15:30:20.665] MenuRegistry: Registered 'Next Actions' in 'Tasks' menu (hotkey=N order=35)
[2025-12-13 15:30:20.692] ServiceContainer: Registered 'ExcelProfileManagerScreen' (singleton=False)
[2025-12-13 15:30:20.708] MenuRegistry: Registered screen factory 'ExcelProfileManagerScreen' in container (viewMode=)
[2025-12-13 15:30:20.725] MenuRegistry: Registered 'Excel Profiles' in 'Projects' menu (hotkey=M order=50)
[2025-12-13 15:30:20.745] ServiceContainer: Registered 'ThemeEditorScreen' (singleton=False)
[2025-12-13 15:30:20.775] MenuRegistry: Registered screen factory 'ThemeEditorScreen' in container (viewMode=)
[2025-12-13 15:30:20.808] MenuRegistry: Registered 'Theme Editor' in 'Options' menu (hotkey=T order=10)
[2025-12-13 15:30:20.868] ServiceContainer: Registered 'NotesMenuScreen' (singleton=False)
[2025-12-13 15:30:20.906] MenuRegistry: Registered screen factory 'NotesMenuScreen' in container (viewMode=)
[2025-12-13 15:30:20.935] MenuRegistry: Registered 'Notes' in 'Tools' menu (hotkey=N order=20)
[2025-12-13 15:30:21.006] ServiceContainer: Registered 'SettingsScreen' (singleton=False)
[2025-12-13 15:30:21.036] MenuRegistry: Registered screen factory 'SettingsScreen' in container (viewMode=)
[2025-12-13 15:30:21.072] MenuRegistry: Registered 'Settings' in 'Options' menu (hotkey=S order=20)
[2025-12-13 15:30:21.097] ServiceContainer: Registered 'WeeklyTimeReportScreen' (singleton=False)
[2025-12-13 15:30:21.116] MenuRegistry: Registered screen factory 'WeeklyTimeReportScreen' in container (viewMode=)
[2025-12-13 15:30:21.133] MenuRegistry: Registered 'Weekly Report' in 'Time' menu (hotkey=W order=10)
[2025-12-13 15:30:21.151] ServiceContainer: Registered 'TaskListScreen_Overdue' (singleton=False)
[2025-12-13 15:30:21.167] MenuRegistry: Registered screen factory 'TaskListScreen_Overdue' in container (viewMode=overdue)
[2025-12-13 15:30:21.183] MenuRegistry: Registered 'Overdue' in 'Tasks' menu (hotkey=O order=30)
[2025-12-13 15:30:21.202] ServiceContainer: Registered 'ProjectListScreen' (singleton=False)
[2025-12-13 15:30:21.225] MenuRegistry: Registered screen factory 'ProjectListScreen' in container (viewMode=)
[2025-12-13 15:30:21.239] MenuRegistry: Registered 'Project List' in 'Projects' menu (hotkey=L order=10)
[2025-12-13 15:30:21.256] ServiceContainer: Registered 'CommandLibraryScreen' (singleton=False)
[2025-12-13 15:30:21.274] MenuRegistry: Registered screen factory 'CommandLibraryScreen' in container (viewMode=)
[2025-12-13 15:30:21.290] MenuRegistry: Registered 'Command Library' in 'Tools' menu (hotkey=L order=10)
[2025-12-13 15:30:21.311] ServiceContainer: Registered 'TaskListScreen_NoDate' (singleton=False)
[2025-12-13 15:30:21.323] MenuRegistry: Registered screen factory 'TaskListScreen_NoDate' in container (viewMode=noduedate)
[2025-12-13 15:30:21.341] MenuRegistry: Registered 'No Due Date' in 'Tasks' menu (hotkey=D order=40)
[2025-12-13 15:30:21.357] ServiceContainer: Registered 'ExcelImportScreen' (singleton=False)
[2025-12-13 15:30:21.376] MenuRegistry: Registered screen factory 'ExcelImportScreen' in container (viewMode=)
[2025-12-13 15:30:21.389] MenuRegistry: Registered 'Import from Excel' in 'Projects' menu (hotkey=I order=40)
[2025-12-13 15:30:21.407] ServiceContainer: Registered 'TaskListScreen_Today' (singleton=False)
[2025-12-13 15:30:21.419] MenuRegistry: Registered screen factory 'TaskListScreen_Today' in container (viewMode=today)
[2025-12-13 15:30:21.438] MenuRegistry: Registered 'Today' in 'Tasks' menu (hotkey=Y order=10)
[2025-12-13 15:30:21.452] [INFO] Menus loaded from C:\Users\jhnhe\OneDrive\Documents\GitHub\project-management-console\og_transport\HYBRID\module\Pmc.Strict\consoleui\screens\MenuItems.psd1
[2025-12-13 15:30:21.468] [INFO] Launching screen: TaskList
[2025-12-13 15:30:21.486] [INFO] Resolving TaskListScreen from container...
[2025-12-13 15:30:21.510] ServiceContainer: Resolving 'TaskListScreen'...
[2025-12-13 15:30:21.528] [INFO] Resolving TaskListScreen...
[2025-12-13 15:30:21.546] ServiceContainer: Resolving 'TaskStore'...
[2025-12-13 15:30:21.562] [INFO] Resolving TaskStore...
[2025-12-13 15:30:21.604] [DEBUG] TaskStore.LoadData: Starting
[2025-12-13 15:30:21.619] [DEBUG] TaskStore.LoadData: Calling Get-PmcData
[2025-12-13 15:30:21.919] [DEBUG] TaskStore.LoadData: Get-PmcData returned - tasks=4 projects=2 timelogs=3
[2025-12-13 15:30:21.945] [DEBUG] TaskStore.LoadData: Loaded 4 tasks
[2025-12-13 15:30:21.961] [DEBUG] TaskStore.LoadData: Loaded 2 projects
[2025-12-13 15:30:21.980] [DEBUG] TaskStore.LoadData: First project name='p1' ID1='111'
[2025-12-13 15:30:22.001] ServiceContainer: Resolved 'TaskStore' successfully
[2025-12-13 15:30:22.588] [DEBUG] TaskListScreen: Constructor started
[2025-12-13 15:30:22.653] _PopulateMenusFromRegistry: Menu 'Options' has 2 items from registry (array)
[2025-12-13 15:30:22.685] _PopulateMenusFromRegistry: Menu 'Help' has 1 items from registry (array)
[2025-12-13 15:30:22.706] _PopulateMenusFromRegistry: Menu 'Tasks' has 11 items from registry (array)
[2025-12-13 15:30:22.727] _PopulateMenusFromRegistry: Menu 'Projects' has 3 items from registry (array)
[2025-12-13 15:30:22.748] _PopulateMenusFromRegistry: Menu 'Tools' has 4 items from registry (array)
[2025-12-13 15:30:22.768] _PopulateMenusFromRegistry: Menu 'Time' has 3 items from registry (array)
[2025-12-13 15:30:22.783] [DEBUG] TaskListScreen: Constructor completed
[2025-12-13 15:30:22.802] ServiceContainer: Resolved 'TaskListScreen' successfully
[2025-12-13 15:30:22.818] [INFO] Pushing screen to app...
[2025-12-13 15:30:23.642] [DEBUG] LoadData: Got 4 tasks from Store
[2025-12-13 15:30:23.986] [DEBUG] TaskListScreen.LoadData: Setting 4 tasks
[2025-12-13 15:30:24.106] [INFO] Screen pushed successfully
[2025-12-13 15:30:24.123] [INFO] Starting event loop...
