[2025-12-13 05:48:22.068] [INFO] Loading PMC module...
[2025-12-13 05:48:26.068] [INFO] PMC module loaded
[2025-12-13 05:48:26.070] [INFO] Loading dependencies (FieldSchemas, etc.)...
[2025-12-13 05:48:26.381] [INFO] Dependencies loaded
[2025-12-13 05:48:26.390] [INFO] Loading SpeedTUI framework...
[2025-12-13 05:48:27.057] [INFO] SpeedTUI framework loaded
[2025-12-13 05:48:27.059] [INFO] Loading PraxisVT...
[2025-12-13 05:48:27.078] [INFO] PraxisVT loaded
[2025-12-13 05:48:27.092] [INFO] Loading core dependencies...
[2025-12-13 05:48:27.322] [INFO] Core dependencies loaded
[2025-12-13 05:48:27.332] [INFO] Loading widget base classes...
[2025-12-13 05:48:27.476] [INFO] Widget base classes loaded
[2025-12-13 05:48:27.485] [INFO] Loading services...
[2025-12-13 05:48:27.993] [INFO] Services loaded
[2025-12-13 05:48:28.002] [INFO] Loading helpers...
[2025-12-13 05:48:29.071] [INFO] Helpers loaded
[2025-12-13 05:48:29.073] [INFO] Loading widgets...
[2025-12-13 05:48:30.404] [INFO] Widgets loaded
[2025-12-13 05:48:30.414] [INFO] Loading screen base class...
[2025-12-13 05:48:30.491] [INFO] Screen base class loaded
[2025-12-13 05:48:30.501] [INFO] Loading HelpViewScreen (needed by base classes)...
[2025-12-13 05:48:30.575] [INFO] HelpViewScreen loaded
[2025-12-13 05:48:30.586] [INFO] Loading base classes...
[2025-12-13 05:48:30.922] [INFO] Base classes loaded
[2025-12-13 05:48:30.932] [INFO] Loading ServiceContainer (needed by screens)...
[2025-12-13 05:48:30.993] [INFO] ServiceContainer loaded
[2025-12-13 05:48:31.002] [INFO] Loading remaining screens...
[2025-12-13 05:48:31.282] [INFO] Remaining screens loaded
[2025-12-13 05:48:31.293] [INFO] Loading PmcApplication...
[2025-12-13 05:48:31.379] [INFO] PmcApplication loaded
[2025-12-13 05:48:31.389] [INFO] All components loaded successfully
[2025-12-13 05:48:31.408] [INFO] Starting PMC TUI with screen: TaskList
[2025-12-13 05:48:31.421] [INFO] Cleared stale PmcSharedMenuBar and MenuRegistry singleton
[2025-12-13 05:48:31.431] [INFO] Creating ServiceContainer...
[2025-12-13 05:48:31.447] [INFO] ServiceContainer created
[2025-12-13 05:48:31.468] [INFO] Registering Theme service...
[2025-12-13 05:48:31.486] ServiceContainer: Registered 'Theme' (singleton=True)
[2025-12-13 05:48:31.497] [INFO] Registering ThemeManager...
[2025-12-13 05:48:31.506] ServiceContainer: Registered 'ThemeManager' (singleton=True)
[2025-12-13 05:48:31.516] [INFO] Registering Config service...
[2025-12-13 05:48:31.525] ServiceContainer: Registered 'Config' (singleton=True)
[2025-12-13 05:48:31.534] [INFO] Registering TaskStore service...
[2025-12-13 05:48:31.544] ServiceContainer: Registered 'TaskStore' (singleton=True)
[2025-12-13 05:48:31.554] [INFO] Registering MenuRegistry service...
[2025-12-13 05:48:31.564] ServiceContainer: Registered 'MenuRegistry' (singleton=True)
[2025-12-13 05:48:31.574] [INFO] Registering Application service...
[2025-12-13 05:48:31.586] ServiceContainer: Registered 'Application' (singleton=True)
[2025-12-13 05:48:31.596] [INFO] Registering CommandService...
[2025-12-13 05:48:31.606] ServiceContainer: Registered 'CommandService' (singleton=True)
[2025-12-13 05:48:31.615] [INFO] Registering ChecklistService...
[2025-12-13 05:48:31.625] ServiceContainer: Registered 'ChecklistService' (singleton=True)
[2025-12-13 05:48:31.636] [INFO] Registering NoteService...
[2025-12-13 05:48:31.646] ServiceContainer: Registered 'NoteService' (singleton=True)
[2025-12-13 05:48:31.657] [INFO] Registering ExcelMappingService...
[2025-12-13 05:48:31.667] ServiceContainer: Registered 'ExcelMappingService' (singleton=True)
[2025-12-13 05:48:31.677] [INFO] Registering PreferencesService...
[2025-12-13 05:48:31.686] ServiceContainer: Registered 'PreferencesService' (singleton=True)
[2025-12-13 05:48:31.697] [INFO] Registering screen factories...
[2025-12-13 05:48:31.709] ServiceContainer: Registered 'TaskListScreen' (singleton=False)
[2025-12-13 05:48:31.719] [INFO] Resolving Application from container...
[2025-12-13 05:48:31.736] ServiceContainer: Resolving 'Application'...
[2025-12-13 05:48:31.760] [INFO] Resolving Application...
[2025-12-13 05:48:31.770] ServiceContainer: Resolving 'Theme'...
[2025-12-13 05:48:31.797] [INFO] Resolving Theme: Calling Initialize-PmcThemeSystem...
[2025-12-13 05:48:31.813] [INFO] Theme resolved: #33aaff
[2025-12-13 05:48:31.824] [INFO] Loading PmcThemeEngine...
[2025-12-13 05:48:31.948] [INFO] PmcThemeEngine initialized with PMC palette (14 colors)
[2025-12-13 05:48:31.962] ServiceContainer: Resolved 'Theme' successfully
[2025-12-13 05:48:32.242] ServiceContainer: Resolving 'ThemeManager'...
[2025-12-13 05:48:32.264] [INFO] Resolving ThemeManager...
[2025-12-13 05:48:32.331] ServiceContainer: Resolved 'ThemeManager' successfully
[2025-12-13 05:48:32.346] ServiceContainer: Resolved 'Application' successfully
[2025-12-13 05:48:32.356] [INFO] Application resolved and assigned to $global:PmcApp
[2025-12-13 05:48:32.366] [INFO] Loading menus from manifest...
[2025-12-13 05:48:32.376] ServiceContainer: Resolving 'MenuRegistry'...
[2025-12-13 05:48:32.399] [INFO] Resolving MenuRegistry...
[2025-12-13 05:48:32.425] ServiceContainer: Resolved 'MenuRegistry' successfully
[2025-12-13 05:48:32.487] MenuRegistry: Loaded manifest with 24 entries
[2025-12-13 05:48:32.516] ServiceContainer: Registered 'TimeReportScreen' (singleton=False)
[2025-12-13 05:48:32.526] MenuRegistry: Registered screen factory 'TimeReportScreen' in container (viewMode=)
[2025-12-13 05:48:32.544] MenuRegistry: Registered 'Time Report' in 'Time' menu (hotkey=R order=20)
[2025-12-13 05:48:32.554] ServiceContainer: Registered 'WeeklyTimeReportScreen' (singleton=False)
[2025-12-13 05:48:32.564] MenuRegistry: Registered screen factory 'WeeklyTimeReportScreen' in container (viewMode=)
[2025-12-13 05:48:32.576] MenuRegistry: Registered 'Weekly Report' in 'Time' menu (hotkey=W order=10)
[2025-12-13 05:48:32.589] ServiceContainer: Registered 'TimeListScreen' (singleton=False)
[2025-12-13 05:48:32.599] MenuRegistry: Registered screen factory 'TimeListScreen' in container (viewMode=)
[2025-12-13 05:48:32.609] MenuRegistry: Registered 'Time Tracking' in 'Time' menu (hotkey=T order=5)
[2025-12-13 05:48:32.619] ServiceContainer: Registered 'TaskListScreen_Default' (singleton=False)
[2025-12-13 05:48:32.629] MenuRegistry: Registered screen factory 'TaskListScreen_Default' in container (viewMode=)
[2025-12-13 05:48:32.639] MenuRegistry: Registered 'Task List' in 'Tasks' menu (hotkey=L order=5)
[2025-12-13 05:48:32.649] ServiceContainer: Registered 'ExcelImportScreen' (singleton=False)
[2025-12-13 05:48:32.662] MenuRegistry: Registered screen factory 'ExcelImportScreen' in container (viewMode=)
[2025-12-13 05:48:32.673] MenuRegistry: Registered 'Import from Excel' in 'Projects' menu (hotkey=I order=40)
[2025-12-13 05:48:32.683] ServiceContainer: Registered 'TaskListScreen_Month' (singleton=False)
[2025-12-13 05:48:32.693] MenuRegistry: Registered screen factory 'TaskListScreen_Month' in container (viewMode=month)
[2025-12-13 05:48:32.706] MenuRegistry: Registered 'Month View' in 'Tasks' menu (hotkey=M order=45)
[2025-12-13 05:48:32.716] ServiceContainer: Registered 'ThemeEditorScreen' (singleton=False)
[2025-12-13 05:48:32.726] MenuRegistry: Registered screen factory 'ThemeEditorScreen' in container (viewMode=)
[2025-12-13 05:48:32.736] MenuRegistry: Registered 'Theme Editor' in 'Options' menu (hotkey=T order=10)
[2025-12-13 05:48:32.746] ServiceContainer: Registered 'TaskListScreen_Today' (singleton=False)
[2025-12-13 05:48:32.756] MenuRegistry: Registered screen factory 'TaskListScreen_Today' in container (viewMode=today)
[2025-12-13 05:48:32.766] MenuRegistry: Registered 'Today' in 'Tasks' menu (hotkey=Y order=10)
[2025-12-13 05:48:32.776] ServiceContainer: Registered 'TaskListScreen_Overdue' (singleton=False)
[2025-12-13 05:48:32.786] MenuRegistry: Registered screen factory 'TaskListScreen_Overdue' in container (viewMode=overdue)
[2025-12-13 05:48:32.797] MenuRegistry: Registered 'Overdue' in 'Tasks' menu (hotkey=O order=30)
[2025-12-13 05:48:32.808] ServiceContainer: Registered 'HelpViewScreen' (singleton=False)
[2025-12-13 05:48:32.817] MenuRegistry: Registered screen factory 'HelpViewScreen' in container (viewMode=)
[2025-12-13 05:48:32.831] MenuRegistry: Registered 'Help' in 'Help' menu (hotkey=H order=10)
[2025-12-13 05:48:32.842] ServiceContainer: Registered 'TaskListScreen_Week' (singleton=False)
[2025-12-13 05:48:32.851] MenuRegistry: Registered screen factory 'TaskListScreen_Week' in container (viewMode=week)
[2025-12-13 05:48:32.862] MenuRegistry: Registered 'Week View' in 'Tasks' menu (hotkey=W order=20)
[2025-12-13 05:48:32.873] ServiceContainer: Registered 'TaskListScreen_NextActions' (singleton=False)
[2025-12-13 05:48:32.883] MenuRegistry: Registered screen factory 'TaskListScreen_NextActions' in container (viewMode=nextactions)
[2025-12-13 05:48:32.893] MenuRegistry: Registered 'Next Actions' in 'Tasks' menu (hotkey=N order=35)
[2025-12-13 05:48:32.904] ServiceContainer: Registered 'ChecklistTemplatesFolderScreen' (singleton=False)
[2025-12-13 05:48:32.914] MenuRegistry: Registered screen factory 'ChecklistTemplatesFolderScreen' in container (viewMode=)
[2025-12-13 05:48:32.925] MenuRegistry: Registered 'Checklist Templates' in 'Tools' menu (hotkey=H order=30)
[2025-12-13 05:48:32.936] ServiceContainer: Registered 'NotesMenuScreen' (singleton=False)
[2025-12-13 05:48:32.946] MenuRegistry: Registered screen factory 'NotesMenuScreen' in container (viewMode=)
[2025-12-13 05:48:32.959] MenuRegistry: Registered 'Notes' in 'Tools' menu (hotkey=N order=20)
[2025-12-13 05:48:32.970] ServiceContainer: Registered 'TaskListScreen_Upcoming' (singleton=False)
[2025-12-13 05:48:32.981] MenuRegistry: Registered screen factory 'TaskListScreen_Upcoming' in container (viewMode=upcoming)
[2025-12-13 05:48:32.991] MenuRegistry: Registered 'Upcoming' in 'Tasks' menu (hotkey=U order=25)
[2025-12-13 05:48:33.002] ServiceContainer: Registered 'ChecklistsLauncherScreen' (singleton=False)
[2025-12-13 05:48:33.013] MenuRegistry: Registered screen factory 'ChecklistsLauncherScreen' in container (viewMode=)
[2025-12-13 05:48:33.023] MenuRegistry: Registered 'Checklists' in 'Tools' menu (hotkey=C order=25)
[2025-12-13 05:48:33.034] ServiceContainer: Registered 'TaskListScreen_Agenda' (singleton=False)
[2025-12-13 05:48:33.044] MenuRegistry: Registered screen factory 'TaskListScreen_Agenda' in container (viewMode=agenda)
[2025-12-13 05:48:33.055] MenuRegistry: Registered 'Agenda View' in 'Tasks' menu (hotkey=A order=50)
[2025-12-13 05:48:33.065] ServiceContainer: Registered 'ProjectListScreen' (singleton=False)
[2025-12-13 05:48:33.077] MenuRegistry: Registered screen factory 'ProjectListScreen' in container (viewMode=)
[2025-12-13 05:48:33.089] MenuRegistry: Registered 'Project List' in 'Projects' menu (hotkey=L order=10)
[2025-12-13 05:48:33.098] ServiceContainer: Registered 'SettingsScreen' (singleton=False)
[2025-12-13 05:48:33.111] MenuRegistry: Registered screen factory 'SettingsScreen' in container (viewMode=)
[2025-12-13 05:48:33.122] MenuRegistry: Registered 'Settings' in 'Options' menu (hotkey=S order=20)
[2025-12-13 05:48:33.132] ServiceContainer: Registered 'CommandLibraryScreen' (singleton=False)
[2025-12-13 05:48:33.142] MenuRegistry: Registered screen factory 'CommandLibraryScreen' in container (viewMode=)
[2025-12-13 05:48:33.153] MenuRegistry: Registered 'Command Library' in 'Tools' menu (hotkey=L order=10)
[2025-12-13 05:48:33.163] ServiceContainer: Registered 'TaskListScreen_Tomorrow' (singleton=False)
[2025-12-13 05:48:33.172] MenuRegistry: Registered screen factory 'TaskListScreen_Tomorrow' in container (viewMode=tomorrow)
[2025-12-13 05:48:33.183] MenuRegistry: Registered 'Tomorrow' in 'Tasks' menu (hotkey=T order=15)
[2025-12-13 05:48:33.193] ServiceContainer: Registered 'ExcelProfileManagerScreen' (singleton=False)
[2025-12-13 05:48:33.206] MenuRegistry: Registered screen factory 'ExcelProfileManagerScreen' in container (viewMode=)
[2025-12-13 05:48:33.217] MenuRegistry: Registered 'Excel Profiles' in 'Projects' menu (hotkey=M order=50)
[2025-12-13 05:48:33.229] ServiceContainer: Registered 'KanbanScreenV2' (singleton=False)
[2025-12-13 05:48:33.238] MenuRegistry: Registered screen factory 'KanbanScreenV2' in container (viewMode=)
[2025-12-13 05:48:33.251] MenuRegistry: Registered 'Kanban Board' in 'Tasks' menu (hotkey=K order=55)
[2025-12-13 05:48:33.262] ServiceContainer: Registered 'TaskListScreen_NoDate' (singleton=False)
[2025-12-13 05:48:33.272] MenuRegistry: Registered screen factory 'TaskListScreen_NoDate' in container (viewMode=noduedate)
[2025-12-13 05:48:33.282] MenuRegistry: Registered 'No Due Date' in 'Tasks' menu (hotkey=D order=40)
[2025-12-13 05:48:33.293] [INFO] Menus loaded from C:\Users\jhnhe\OneDrive\Documents\GitHub\project-management-console\og_transport\HYBRID\module\Pmc.strict\consoleui\screens\MenuItems.psd1
[2025-12-13 05:48:33.302] [INFO] Launching screen: TaskList
[2025-12-13 05:48:33.313] [INFO] Resolving TaskListScreen from container...
[2025-12-13 05:48:33.325] ServiceContainer: Resolving 'TaskListScreen'...
[2025-12-13 05:48:33.351] [INFO] Resolving TaskListScreen...
[2025-12-13 05:48:33.361] ServiceContainer: Resolving 'TaskStore'...
[2025-12-13 05:48:33.385] [INFO] Resolving TaskStore...
[2025-12-13 05:48:33.413] [DEBUG] TaskStore.LoadData: Starting
[2025-12-13 05:48:33.424] [DEBUG] TaskStore.LoadData: Calling Get-PmcData
[2025-12-13 05:48:33.642] [DEBUG] TaskStore.LoadData: Get-PmcData returned - tasks=4 projects=2 timelogs=3
[2025-12-13 05:48:33.665] [DEBUG] TaskStore.LoadData: Loaded 4 tasks
[2025-12-13 05:48:33.681] [DEBUG] TaskStore.LoadData: Loaded 2 projects
[2025-12-13 05:48:33.694] [DEBUG] TaskStore.LoadData: First project name='p1' ID1='111'
[2025-12-13 05:48:33.713] ServiceContainer: Resolved 'TaskStore' successfully
[2025-12-13 05:48:34.042] MenuRegistry: Loaded manifest with 24 entries
[2025-12-13 05:48:34.052] MenuRegistry: Registered 'Time Report' in 'Time' menu (hotkey=R order=20)
[2025-12-13 05:48:34.064] MenuRegistry: Registered 'Weekly Report' in 'Time' menu (hotkey=W order=10)
[2025-12-13 05:48:34.076] MenuRegistry: Registered 'Time Tracking' in 'Time' menu (hotkey=T order=5)
[2025-12-13 05:48:34.088] MenuRegistry: Registered 'Task List' in 'Tasks' menu (hotkey=L order=5)
[2025-12-13 05:48:34.098] MenuRegistry: Registered 'Import from Excel' in 'Projects' menu (hotkey=I order=40)
[2025-12-13 05:48:34.109] MenuRegistry: Registered 'Month View' in 'Tasks' menu (hotkey=M order=45)
[2025-12-13 05:48:34.119] MenuRegistry: Registered 'Theme Editor' in 'Options' menu (hotkey=T order=10)
[2025-12-13 05:48:34.130] MenuRegistry: Registered 'Today' in 'Tasks' menu (hotkey=Y order=10)
[2025-12-13 05:48:34.141] MenuRegistry: Registered 'Overdue' in 'Tasks' menu (hotkey=O order=30)
[2025-12-13 05:48:34.152] MenuRegistry: Registered 'Help' in 'Help' menu (hotkey=H order=10)
[2025-12-13 05:48:34.163] MenuRegistry: Registered 'Week View' in 'Tasks' menu (hotkey=W order=20)
[2025-12-13 05:48:34.173] MenuRegistry: Registered 'Next Actions' in 'Tasks' menu (hotkey=N order=35)
[2025-12-13 05:48:34.184] MenuRegistry: Registered 'Checklist Templates' in 'Tools' menu (hotkey=H order=30)
[2025-12-13 05:48:34.195] MenuRegistry: Registered 'Notes' in 'Tools' menu (hotkey=N order=20)
[2025-12-13 05:48:34.208] MenuRegistry: Registered 'Upcoming' in 'Tasks' menu (hotkey=U order=25)
[2025-12-13 05:48:34.219] MenuRegistry: Registered 'Checklists' in 'Tools' menu (hotkey=C order=25)
[2025-12-13 05:48:34.231] MenuRegistry: Registered 'Agenda View' in 'Tasks' menu (hotkey=A order=50)
[2025-12-13 05:48:34.241] MenuRegistry: Registered 'Project List' in 'Projects' menu (hotkey=L order=10)
[2025-12-13 05:48:34.251] MenuRegistry: Registered 'Settings' in 'Options' menu (hotkey=S order=20)
[2025-12-13 05:48:34.262] MenuRegistry: Registered 'Command Library' in 'Tools' menu (hotkey=L order=10)
[2025-12-13 05:48:34.273] MenuRegistry: Registered 'Tomorrow' in 'Tasks' menu (hotkey=T order=15)
[2025-12-13 05:48:34.284] MenuRegistry: Registered 'Excel Profiles' in 'Projects' menu (hotkey=M order=50)
[2025-12-13 05:48:34.295] MenuRegistry: Registered 'Kanban Board' in 'Tasks' menu (hotkey=K order=55)
[2025-12-13 05:48:34.306] MenuRegistry: Registered 'No Due Date' in 'Tasks' menu (hotkey=D order=40)
[2025-12-13 05:48:34.330] _PopulateMenusFromRegistry: Menu 'Options' has 2 items from registry (array)
[2025-12-13 05:48:34.351] _PopulateMenusFromRegistry: Menu 'Projects' has 3 items from registry (array)
[2025-12-13 05:48:34.362] _PopulateMenusFromRegistry: Menu 'Time' has 3 items from registry (array)
[2025-12-13 05:48:34.375] _PopulateMenusFromRegistry: Menu 'Tools' has 4 items from registry (array)
[2025-12-13 05:48:34.386] _PopulateMenusFromRegistry: Menu 'Help' has 1 items from registry (array)
[2025-12-13 05:48:34.399] _PopulateMenusFromRegistry: Menu 'Tasks' has 11 items from registry (array)
[2025-12-13 05:48:34.411] ServiceContainer: Resolved 'TaskListScreen' successfully
[2025-12-13 05:48:34.421] [INFO] Pushing screen to app...
[2025-12-13 05:48:34.759] [DEBUG] LoadData: Got 4 tasks from Store
[2025-12-13 05:48:34.971] [DEBUG] TaskListScreen.LoadData: Setting 4 tasks
[2025-12-13 05:48:34.987] [INFO] UniversalList.SetData: START, data param type=System.Object[]
[2025-12-13 05:48:34.998] [INFO] UniversalList.SetData: About to assign _data
[2025-12-13 05:48:35.010] [INFO] UniversalList.SetData: _data assigned successfully
[2025-12-13 05:48:35.020] [INFO] UniversalList.SetData: About to check _data type
[2025-12-13 05:48:35.032] [INFO] UniversalList.SetData: _data type=System.Object[]
[2025-12-13 05:48:35.042] [INFO] UniversalList.SetData: About to access _data.Count
[2025-12-13 05:48:35.052] [INFO] UniversalList.SetData: _data.Count=4
[2025-12-13 05:48:35.063] [INFO] UniversalList.SetData: _filteredData assigned
[2025-12-13 05:48:35.075] [INFO] UniversalList.SetData: About to clear _selectedIndices
[2025-12-13 05:48:35.095] [INFO] UniversalList.SetData: _selectedIndices cleared
[2025-12-13 05:48:35.106] [INFO] UniversalList.SetData: Received 4 items
[2025-12-13 05:48:35.119] [INFO] UniversalList.SetData: First item type=Hashtable isHashtable=True
[2025-12-13 05:48:35.130] [INFO] UniversalList.SetData: First item keys: priority, due, created, text, details, completed, project, status, modified, tags, id
[2025-12-13 05:48:35.140] [INFO] UniversalList.SetData: Incrementing cache generation
[2025-12-13 05:48:35.152] [INFO] UniversalList.SetData: Clearing row cache
[2025-12-13 05:48:35.164] [INFO] UniversalList.SetData: Clearing cache access order
[2025-12-13 05:48:35.176] [INFO] UniversalList.SetData: Applying filters
[2025-12-13 05:48:35.203] [INFO] UniversalList.SetData: Applying search
[2025-12-13 05:48:35.215] [INFO] UniversalList.SetData: Invoking OnDataChanged callback
[2025-12-13 05:48:35.239] [INFO] UniversalList.SetData: COMPLETE
[2025-12-13 05:48:35.356] [INFO] Screen pushed successfully
[2025-12-13 05:48:35.368] [INFO] Starting event loop...
[2025-12-13 05:48:35.621] [INFO] PadText: text='Task' rawLen=4 visibleLen=4 width=40 align=left
[2025-12-13 05:48:35.635] [INFO] PadText: text='Details' rawLen=7 visibleLen=7 width=28 align=left
[2025-12-13 05:48:35.647] [INFO] PadText: text='Due' rawLen=3 visibleLen=3 width=16 align=left
[2025-12-13 05:48:35.659] [INFO] PadText: text='Project' rawLen=7 visibleLen=7 width=21 align=left
[2025-12-13 05:48:35.671] [INFO] PadText: text='Tags' rawLen=4 visibleLen=4 width=23 align=left
[2025-12-13 05:48:35.746] [INFO] PadText: text='t2' rawLen=2 visibleLen=2 width=38 align=left
[2025-12-13 05:48:35.784] [INFO] PadText: text='d2' rawLen=2 visibleLen=2 width=26 align=left
[2025-12-13 05:48:35.832] [INFO] PadText: text='Dec 16' rawLen=6 visibleLen=6 width=14 align=left
[2025-12-13 05:48:35.912] [INFO] PadText: text='t3' rawLen=2 visibleLen=2 width=38 align=left
[2025-12-13 05:48:35.924] [INFO] PadText: text='Dec 18' rawLen=6 visibleLen=6 width=14 align=left
[2025-12-13 05:48:35.936] [INFO] PadText: text='p1' rawLen=2 visibleLen=2 width=19 align=left
[2025-12-13 05:48:35.957] [INFO] PadText: text='t1' rawLen=2 visibleLen=2 width=38 align=left
[2025-12-13 05:48:35.987] [INFO] PadText: text='task' rawLen=4 visibleLen=4 width=38 align=left
[2025-12-13 05:48:36.232] [INFO] PadText: text='Task' rawLen=4 visibleLen=4 width=40 align=left
[2025-12-13 05:48:36.245] [INFO] PadText: text='Details' rawLen=7 visibleLen=7 width=28 align=left
[2025-12-13 05:48:36.257] [INFO] PadText: text='Due' rawLen=3 visibleLen=3 width=16 align=left
[2025-12-13 05:48:36.269] [INFO] PadText: text='Project' rawLen=7 visibleLen=7 width=21 align=left
[2025-12-13 05:48:36.281] [INFO] PadText: text='Tags' rawLen=4 visibleLen=4 width=23 align=left
[2025-12-13 05:48:36.299] [INFO] PadText: text='t2' rawLen=2 visibleLen=2 width=38 align=left
[2025-12-13 05:48:36.310] [INFO] PadText: text='d2' rawLen=2 visibleLen=2 width=26 align=left
[2025-12-13 05:48:36.320] [INFO] PadText: text='Dec 16' rawLen=6 visibleLen=6 width=14 align=left
[2025-12-13 05:48:36.343] [INFO] PadText: text='t3' rawLen=2 visibleLen=2 width=38 align=left
[2025-12-13 05:48:36.356] [INFO] PadText: text='Dec 18' rawLen=6 visibleLen=6 width=14 align=left
[2025-12-13 05:48:36.368] [INFO] PadText: text='p1' rawLen=2 visibleLen=2 width=19 align=left
[2025-12-13 05:48:36.388] [INFO] PadText: text='t1' rawLen=2 visibleLen=2 width=38 align=left
[2025-12-13 05:48:36.408] [INFO] PadText: text='task' rawLen=4 visibleLen=4 width=38 align=left
[2025-12-13 05:48:38.884] [INFO] PadText: text='Task' rawLen=4 visibleLen=4 width=40 align=left
[2025-12-13 05:48:38.887] [INFO] PadText: text='Details' rawLen=7 visibleLen=7 width=28 align=left
[2025-12-13 05:48:38.900] [INFO] PadText: text='Due' rawLen=3 visibleLen=3 width=16 align=left
[2025-12-13 05:48:38.911] [INFO] PadText: text='Project' rawLen=7 visibleLen=7 width=21 align=left
[2025-12-13 05:48:38.923] [INFO] PadText: text='Tags' rawLen=4 visibleLen=4 width=23 align=left
[2025-12-13 05:48:38.948] [INFO] PadText: text='t2' rawLen=2 visibleLen=2 width=38 align=left
[2025-12-13 05:48:38.962] [INFO] PadText: text='d2' rawLen=2 visibleLen=2 width=26 align=left
[2025-12-13 05:48:38.975] [INFO] PadText: text='Dec 16' rawLen=6 visibleLen=6 width=14 align=left
[2025-12-13 05:48:38.993] [INFO] PadText: text='t3' rawLen=2 visibleLen=2 width=38 align=left
[2025-12-13 05:48:39.005] [INFO] PadText: text='Dec 18' rawLen=6 visibleLen=6 width=14 align=left
[2025-12-13 05:48:39.016] [INFO] PadText: text='p1' rawLen=2 visibleLen=2 width=19 align=left
[2025-12-13 05:48:39.032] [INFO] PadText: text='t1' rawLen=2 visibleLen=2 width=38 align=left
[2025-12-13 05:48:39.051] [INFO] PadText: text='task' rawLen=4 visibleLen=4 width=38 align=left
[2025-12-13 05:48:39.171] [INFO] PadText: text='Task' rawLen=4 visibleLen=4 width=40 align=left
[2025-12-13 05:48:39.186] [INFO] PadText: text='Details' rawLen=7 visibleLen=7 width=28 align=left
[2025-12-13 05:48:39.199] [INFO] PadText: text='Due' rawLen=3 visibleLen=3 width=16 align=left
[2025-12-13 05:48:39.213] [INFO] PadText: text='Project' rawLen=7 visibleLen=7 width=21 align=left
[2025-12-13 05:48:39.227] [INFO] PadText: text='Tags' rawLen=4 visibleLen=4 width=23 align=left
[2025-12-13 05:48:39.245] [INFO] PadText: text='t2' rawLen=2 visibleLen=2 width=38 align=left
[2025-12-13 05:48:39.256] [INFO] PadText: text='d2' rawLen=2 visibleLen=2 width=26 align=left
[2025-12-13 05:48:39.267] [INFO] PadText: text='Dec 16' rawLen=6 visibleLen=6 width=14 align=left
[2025-12-13 05:48:39.283] [INFO] PadText: text='t3' rawLen=2 visibleLen=2 width=38 align=left
[2025-12-13 05:48:39.295] [INFO] PadText: text='Dec 18' rawLen=6 visibleLen=6 width=14 align=left
[2025-12-13 05:48:39.306] [INFO] PadText: text='p1' rawLen=2 visibleLen=2 width=19 align=left
[2025-12-13 05:48:39.324] [INFO] PadText: text='t1' rawLen=2 visibleLen=2 width=38 align=left
[2025-12-13 05:48:39.348] [INFO] PadText: text='task' rawLen=4 visibleLen=4 width=38 align=left
[2025-12-13 05:48:42.005] [DEBUG] StandardListScreen: Routing to InlineEditor (Key=D1)
[2025-12-13 05:48:42.038] [DEBUG] StandardListScreen: After HandleInput - IsConfirmed=False IsCancelled=False ShowInlineEditor=True
[2025-12-13 05:48:42.052] [DEBUG] StandardListScreen: After close check - ShowInlineEditor=True
[2025-12-13 05:48:42.103] [INFO] PadText: text='Task' rawLen=4 visibleLen=4 width=40 align=left
[2025-12-13 05:48:42.116] [INFO] PadText: text='Details' rawLen=7 visibleLen=7 width=28 align=left
[2025-12-13 05:48:42.130] [INFO] PadText: text='Due' rawLen=3 visibleLen=3 width=16 align=left
[2025-12-13 05:48:42.143] [INFO] PadText: text='Project' rawLen=7 visibleLen=7 width=21 align=left
[2025-12-13 05:48:42.156] [INFO] PadText: text='Tags' rawLen=4 visibleLen=4 width=23 align=left
[2025-12-13 05:48:42.173] [INFO] PadText: text='t2' rawLen=2 visibleLen=2 width=38 align=left
[2025-12-13 05:48:42.186] [INFO] PadText: text='d2' rawLen=2 visibleLen=2 width=26 align=left
[2025-12-13 05:48:42.202] [INFO] PadText: text='Dec 16' rawLen=6 visibleLen=6 width=14 align=left
[2025-12-13 05:48:42.224] [INFO] PadText: text='t3' rawLen=2 visibleLen=2 width=38 align=left
[2025-12-13 05:48:42.236] [INFO] PadText: text='Dec 18' rawLen=6 visibleLen=6 width=14 align=left
[2025-12-13 05:48:42.246] [INFO] PadText: text='p1' rawLen=2 visibleLen=2 width=19 align=left
[2025-12-13 05:48:42.264] [INFO] PadText: text='t1' rawLen=2 visibleLen=2 width=38 align=left
[2025-12-13 05:48:42.283] [INFO] PadText: text='task' rawLen=4 visibleLen=4 width=38 align=left
[2025-12-13 05:48:42.387] [INFO] PadText: text='Task' rawLen=4 visibleLen=4 width=40 align=left
[2025-12-13 05:48:42.400] [INFO] PadText: text='Details' rawLen=7 visibleLen=7 width=28 align=left
[2025-12-13 05:48:42.415] [INFO] PadText: text='Due' rawLen=3 visibleLen=3 width=16 align=left
[2025-12-13 05:48:42.429] [INFO] PadText: text='Project' rawLen=7 visibleLen=7 width=21 align=left
[2025-12-13 05:48:42.440] [INFO] PadText: text='Tags' rawLen=4 visibleLen=4 width=23 align=left
[2025-12-13 05:48:42.456] [INFO] PadText: text='t2' rawLen=2 visibleLen=2 width=38 align=left
[2025-12-13 05:48:42.471] [INFO] PadText: text='d2' rawLen=2 visibleLen=2 width=26 align=left
[2025-12-13 05:48:42.484] [INFO] PadText: text='Dec 16' rawLen=6 visibleLen=6 width=14 align=left
[2025-12-13 05:48:42.502] [INFO] PadText: text='t3' rawLen=2 visibleLen=2 width=38 align=left
[2025-12-13 05:48:42.515] [INFO] PadText: text='Dec 18' rawLen=6 visibleLen=6 width=14 align=left
[2025-12-13 05:48:42.529] [INFO] PadText: text='p1' rawLen=2 visibleLen=2 width=19 align=left
[2025-12-13 05:48:42.545] [INFO] PadText: text='t1' rawLen=2 visibleLen=2 width=38 align=left
[2025-12-13 05:48:42.564] [INFO] PadText: text='task' rawLen=4 visibleLen=4 width=38 align=left
[2025-12-13 05:48:42.797] [DEBUG] StandardListScreen: Routing to InlineEditor (Key=D1)
[2025-12-13 05:48:42.811] [DEBUG] StandardListScreen: After HandleInput - IsConfirmed=False IsCancelled=False ShowInlineEditor=True
[2025-12-13 05:48:42.824] [DEBUG] StandardListScreen: After close check - ShowInlineEditor=True
[2025-12-13 05:48:42.869] [INFO] PadText: text='Task' rawLen=4 visibleLen=4 width=40 align=left
[2025-12-13 05:48:42.883] [INFO] PadText: text='Details' rawLen=7 visibleLen=7 width=28 align=left
[2025-12-13 05:48:42.897] [INFO] PadText: text='Due' rawLen=3 visibleLen=3 width=16 align=left
[2025-12-13 05:48:42.910] [INFO] PadText: text='Project' rawLen=7 visibleLen=7 width=21 align=left
[2025-12-13 05:48:42.925] [INFO] PadText: text='Tags' rawLen=4 visibleLen=4 width=23 align=left
[2025-12-13 05:48:42.941] [INFO] PadText: text='t2' rawLen=2 visibleLen=2 width=38 align=left
[2025-12-13 05:48:42.953] [INFO] PadText: text='d2' rawLen=2 visibleLen=2 width=26 align=left
[2025-12-13 05:48:42.969] [INFO] PadText: text='Dec 16' rawLen=6 visibleLen=6 width=14 align=left
[2025-12-13 05:48:42.987] [INFO] PadText: text='t3' rawLen=2 visibleLen=2 width=38 align=left
[2025-12-13 05:48:42.999] [INFO] PadText: text='Dec 18' rawLen=6 visibleLen=6 width=14 align=left
[2025-12-13 05:48:43.010] [INFO] PadText: text='p1' rawLen=2 visibleLen=2 width=19 align=left
[2025-12-13 05:48:43.025] [INFO] PadText: text='t1' rawLen=2 visibleLen=2 width=38 align=left
[2025-12-13 05:48:43.042] [INFO] PadText: text='task' rawLen=4 visibleLen=4 width=38 align=left
[2025-12-13 05:48:43.143] [INFO] PadText: text='Task' rawLen=4 visibleLen=4 width=40 align=left
[2025-12-13 05:48:43.158] [INFO] PadText: text='Details' rawLen=7 visibleLen=7 width=28 align=left
[2025-12-13 05:48:43.172] [INFO] PadText: text='Due' rawLen=3 visibleLen=3 width=16 align=left
[2025-12-13 05:48:43.186] [INFO] PadText: text='Project' rawLen=7 visibleLen=7 width=21 align=left
[2025-12-13 05:48:43.198] [INFO] PadText: text='Tags' rawLen=4 visibleLen=4 width=23 align=left
[2025-12-13 05:48:43.216] [INFO] PadText: text='t2' rawLen=2 visibleLen=2 width=38 align=left
[2025-12-13 05:48:43.230] [INFO] PadText: text='d2' rawLen=2 visibleLen=2 width=26 align=left
[2025-12-13 05:48:43.240] [INFO] PadText: text='Dec 16' rawLen=6 visibleLen=6 width=14 align=left
[2025-12-13 05:48:43.260] [INFO] PadText: text='t3' rawLen=2 visibleLen=2 width=38 align=left
[2025-12-13 05:48:43.274] [INFO] PadText: text='Dec 18' rawLen=6 visibleLen=6 width=14 align=left
[2025-12-13 05:48:43.286] [INFO] PadText: text='p1' rawLen=2 visibleLen=2 width=19 align=left
[2025-12-13 05:48:43.303] [INFO] PadText: text='t1' rawLen=2 visibleLen=2 width=38 align=left
[2025-12-13 05:48:43.321] [INFO] PadText: text='task' rawLen=4 visibleLen=4 width=38 align=left
[2025-12-13 05:48:46.569] [INFO] Event loop exited normally
[2025-12-13 05:48:46.581] [INFO] Cleanup - showing cursor and resetting terminal
