[2025-12-13 06:14:32.265] [INFO] Loading PMC module...
[2025-12-13 06:14:33.345] [INFO] PMC module loaded
[2025-12-13 06:14:33.346] [INFO] Loading dependencies (FieldSchemas, etc.)...
[2025-12-13 06:14:33.466] [INFO] Dependencies loaded
[2025-12-13 06:14:33.468] [INFO] Loading SpeedTUI framework...
[2025-12-13 06:14:33.732] [INFO] SpeedTUI framework loaded
[2025-12-13 06:14:33.743] [INFO] Loading PraxisVT...
[2025-12-13 06:14:33.761] [INFO] PraxisVT loaded
[2025-12-13 06:14:33.771] [INFO] Loading core dependencies...
[2025-12-13 06:14:33.831] [INFO] Core dependencies loaded
[2025-12-13 06:14:33.840] [INFO] Loading widget base classes...
[2025-12-13 06:14:33.907] [INFO] Widget base classes loaded
[2025-12-13 06:14:33.916] [INFO] Loading services...
[2025-12-13 06:14:34.046] [INFO] Services loaded
[2025-12-13 06:14:34.056] [INFO] Loading helpers...
[2025-12-13 06:14:34.662] [INFO] Helpers loaded
[2025-12-13 06:14:34.672] [INFO] Loading widgets...
[2025-12-13 06:14:35.067] [INFO] Widgets loaded
[2025-12-13 06:14:35.068] [INFO] Loading screen base class...
[2025-12-13 06:14:35.097] [INFO] Screen base class loaded
[2025-12-13 06:14:35.110] [INFO] Loading HelpViewScreen (needed by base classes)...
[2025-12-13 06:14:35.139] [INFO] HelpViewScreen loaded
[2025-12-13 06:14:35.150] [INFO] Loading base classes...
[2025-12-13 06:14:35.259] [INFO] Base classes loaded
[2025-12-13 06:14:35.270] [INFO] Loading ServiceContainer (needed by screens)...
[2025-12-13 06:14:35.290] [INFO] ServiceContainer loaded
[2025-12-13 06:14:35.301] [INFO] Loading remaining screens...
[2025-12-13 06:14:35.412] [INFO] Remaining screens loaded
[2025-12-13 06:14:35.424] [INFO] Loading PmcApplication...
[2025-12-13 06:14:35.451] [INFO] PmcApplication loaded
[2025-12-13 06:14:35.462] [INFO] All components loaded successfully
[2025-12-13 06:14:35.482] [INFO] Starting PMC TUI with screen: TaskList
[2025-12-13 06:14:35.499] [INFO] Cleared stale PmcSharedMenuBar and MenuRegistry singleton
[2025-12-13 06:14:35.512] [INFO] Creating ServiceContainer...
[2025-12-13 06:14:35.528] [INFO] ServiceContainer created
[2025-12-13 06:14:35.545] [INFO] Registering Theme service...
[2025-12-13 06:14:35.564] ServiceContainer: Registered 'Theme' (singleton=True)
[2025-12-13 06:14:35.576] [INFO] Registering ThemeManager...
[2025-12-13 06:14:35.587] ServiceContainer: Registered 'ThemeManager' (singleton=True)
[2025-12-13 06:14:35.597] [INFO] Registering Config service...
[2025-12-13 06:14:35.609] ServiceContainer: Registered 'Config' (singleton=True)
[2025-12-13 06:14:35.621] [INFO] Registering TaskStore service...
[2025-12-13 06:14:35.632] ServiceContainer: Registered 'TaskStore' (singleton=True)
[2025-12-13 06:14:35.643] [INFO] Registering MenuRegistry service...
[2025-12-13 06:14:35.653] ServiceContainer: Registered 'MenuRegistry' (singleton=True)
[2025-12-13 06:14:35.664] [INFO] Registering Application service...
[2025-12-13 06:14:35.674] ServiceContainer: Registered 'Application' (singleton=True)
[2025-12-13 06:14:35.684] [INFO] Registering CommandService...
[2025-12-13 06:14:35.694] ServiceContainer: Registered 'CommandService' (singleton=True)
[2025-12-13 06:14:35.704] [INFO] Registering ChecklistService...
[2025-12-13 06:14:35.714] ServiceContainer: Registered 'ChecklistService' (singleton=True)
[2025-12-13 06:14:35.724] [INFO] Registering NoteService...
[2025-12-13 06:14:35.736] ServiceContainer: Registered 'NoteService' (singleton=True)
[2025-12-13 06:14:35.749] [INFO] Registering ExcelMappingService...
[2025-12-13 06:14:35.760] ServiceContainer: Registered 'ExcelMappingService' (singleton=True)
[2025-12-13 06:14:35.771] [INFO] Registering PreferencesService...
[2025-12-13 06:14:35.782] ServiceContainer: Registered 'PreferencesService' (singleton=True)
[2025-12-13 06:14:35.792] [INFO] Registering screen factories...
[2025-12-13 06:14:35.803] ServiceContainer: Registered 'TaskListScreen' (singleton=False)
[2025-12-13 06:14:35.814] [INFO] Resolving Application from container...
[2025-12-13 06:14:35.831] ServiceContainer: Resolving 'Application'...
[2025-12-13 06:14:35.857] [INFO] Resolving Application...
[2025-12-13 06:14:35.872] ServiceContainer: Resolving 'Theme'...
[2025-12-13 06:14:35.902] [INFO] Resolving Theme: Calling Initialize-PmcThemeSystem...
[2025-12-13 06:14:35.918] [INFO] Theme resolved: #33aaff
[2025-12-13 06:14:35.928] [INFO] Loading PmcThemeEngine...
[2025-12-13 06:14:36.045] [INFO] PmcThemeEngine initialized with PMC palette (14 colors)
[2025-12-13 06:14:36.056] ServiceContainer: Resolved 'Theme' successfully
[2025-12-13 06:14:36.365] ServiceContainer: Resolving 'ThemeManager'...
[2025-12-13 06:14:36.394] [INFO] Resolving ThemeManager...
[2025-12-13 06:14:36.462] ServiceContainer: Resolved 'ThemeManager' successfully
[2025-12-13 06:14:36.478] ServiceContainer: Resolved 'Application' successfully
[2025-12-13 06:14:36.491] [INFO] Application resolved and assigned to $global:PmcApp
[2025-12-13 06:14:36.501] [INFO] Loading menus from manifest...
[2025-12-13 06:14:36.513] ServiceContainer: Resolving 'MenuRegistry'...
[2025-12-13 06:14:36.537] [INFO] Resolving MenuRegistry...
[2025-12-13 06:14:36.550] ServiceContainer: Resolved 'MenuRegistry' successfully
[2025-12-13 06:14:36.573] MenuRegistry: Loaded manifest with 24 entries
[2025-12-13 06:14:36.599] ServiceContainer: Registered 'TaskListScreen_Tomorrow' (singleton=False)
[2025-12-13 06:14:36.611] MenuRegistry: Registered screen factory 'TaskListScreen_Tomorrow' in container (viewMode=tomorrow)
[2025-12-13 06:14:36.629] MenuRegistry: Registered 'Tomorrow' in 'Tasks' menu (hotkey=T order=15)
[2025-12-13 06:14:36.640] ServiceContainer: Registered 'SettingsScreen' (singleton=False)
[2025-12-13 06:14:36.650] MenuRegistry: Registered screen factory 'SettingsScreen' in container (viewMode=)
[2025-12-13 06:14:36.660] MenuRegistry: Registered 'Settings' in 'Options' menu (hotkey=S order=20)
[2025-12-13 06:14:36.670] ServiceContainer: Registered 'NotesMenuScreen' (singleton=False)
[2025-12-13 06:14:36.680] MenuRegistry: Registered screen factory 'NotesMenuScreen' in container (viewMode=)
[2025-12-13 06:14:36.691] MenuRegistry: Registered 'Notes' in 'Tools' menu (hotkey=N order=20)
[2025-12-13 06:14:36.701] ServiceContainer: Registered 'TaskListScreen_Week' (singleton=False)
[2025-12-13 06:14:36.711] MenuRegistry: Registered screen factory 'TaskListScreen_Week' in container (viewMode=week)
[2025-12-13 06:14:36.722] MenuRegistry: Registered 'Week View' in 'Tasks' menu (hotkey=W order=20)
[2025-12-13 06:14:36.734] ServiceContainer: Registered 'ExcelImportScreen' (singleton=False)
[2025-12-13 06:14:36.745] MenuRegistry: Registered screen factory 'ExcelImportScreen' in container (viewMode=)
[2025-12-13 06:14:36.760] MenuRegistry: Registered 'Import from Excel' in 'Projects' menu (hotkey=I order=40)
[2025-12-13 06:14:36.772] ServiceContainer: Registered 'TaskListScreen_Agenda' (singleton=False)
[2025-12-13 06:14:36.782] MenuRegistry: Registered screen factory 'TaskListScreen_Agenda' in container (viewMode=agenda)
[2025-12-13 06:14:36.793] MenuRegistry: Registered 'Agenda View' in 'Tasks' menu (hotkey=A order=50)
[2025-12-13 06:14:36.805] ServiceContainer: Registered 'TimeReportScreen' (singleton=False)
[2025-12-13 06:14:36.816] MenuRegistry: Registered screen factory 'TimeReportScreen' in container (viewMode=)
[2025-12-13 06:14:36.826] MenuRegistry: Registered 'Time Report' in 'Time' menu (hotkey=R order=20)
[2025-12-13 06:14:36.836] ServiceContainer: Registered 'TaskListScreen_Today' (singleton=False)
[2025-12-13 06:14:36.846] MenuRegistry: Registered screen factory 'TaskListScreen_Today' in container (viewMode=today)
[2025-12-13 06:14:36.857] MenuRegistry: Registered 'Today' in 'Tasks' menu (hotkey=Y order=10)
[2025-12-13 06:14:36.870] ServiceContainer: Registered 'WeeklyTimeReportScreen' (singleton=False)
[2025-12-13 06:14:36.880] MenuRegistry: Registered screen factory 'WeeklyTimeReportScreen' in container (viewMode=)
[2025-12-13 06:14:36.891] MenuRegistry: Registered 'Weekly Report' in 'Time' menu (hotkey=W order=10)
[2025-12-13 06:14:36.901] ServiceContainer: Registered 'TaskListScreen_Overdue' (singleton=False)
[2025-12-13 06:14:36.911] MenuRegistry: Registered screen factory 'TaskListScreen_Overdue' in container (viewMode=overdue)
[2025-12-13 06:14:36.922] MenuRegistry: Registered 'Overdue' in 'Tasks' menu (hotkey=O order=30)
[2025-12-13 06:14:36.933] ServiceContainer: Registered 'KanbanScreenV2' (singleton=False)
[2025-12-13 06:14:36.943] MenuRegistry: Registered screen factory 'KanbanScreenV2' in container (viewMode=)
[2025-12-13 06:14:36.955] MenuRegistry: Registered 'Kanban Board' in 'Tasks' menu (hotkey=K order=55)
[2025-12-13 06:14:36.965] ServiceContainer: Registered 'ChecklistsLauncherScreen' (singleton=False)
[2025-12-13 06:14:36.976] MenuRegistry: Registered screen factory 'ChecklistsLauncherScreen' in container (viewMode=)
[2025-12-13 06:14:36.989] MenuRegistry: Registered 'Checklists' in 'Tools' menu (hotkey=C order=25)
[2025-12-13 06:14:37.000] ServiceContainer: Registered 'TaskListScreen_Default' (singleton=False)
[2025-12-13 06:14:37.011] MenuRegistry: Registered screen factory 'TaskListScreen_Default' in container (viewMode=)
[2025-12-13 06:14:37.023] MenuRegistry: Registered 'Task List' in 'Tasks' menu (hotkey=L order=5)
[2025-12-13 06:14:37.033] ServiceContainer: Registered 'TaskListScreen_Month' (singleton=False)
[2025-12-13 06:14:37.043] MenuRegistry: Registered screen factory 'TaskListScreen_Month' in container (viewMode=month)
[2025-12-13 06:14:37.053] MenuRegistry: Registered 'Month View' in 'Tasks' menu (hotkey=M order=45)
[2025-12-13 06:14:37.064] ServiceContainer: Registered 'ExcelProfileManagerScreen' (singleton=False)
[2025-12-13 06:14:37.074] MenuRegistry: Registered screen factory 'ExcelProfileManagerScreen' in container (viewMode=)
[2025-12-13 06:14:37.084] MenuRegistry: Registered 'Excel Profiles' in 'Projects' menu (hotkey=M order=50)
[2025-12-13 06:14:37.095] ServiceContainer: Registered 'ProjectListScreen' (singleton=False)
[2025-12-13 06:14:37.106] MenuRegistry: Registered screen factory 'ProjectListScreen' in container (viewMode=)
[2025-12-13 06:14:37.119] MenuRegistry: Registered 'Project List' in 'Projects' menu (hotkey=L order=10)
[2025-12-13 06:14:37.130] ServiceContainer: Registered 'HelpViewScreen' (singleton=False)
[2025-12-13 06:14:37.141] MenuRegistry: Registered screen factory 'HelpViewScreen' in container (viewMode=)
[2025-12-13 06:14:37.153] MenuRegistry: Registered 'Help' in 'Help' menu (hotkey=H order=10)
[2025-12-13 06:14:37.163] ServiceContainer: Registered 'CommandLibraryScreen' (singleton=False)
[2025-12-13 06:14:37.175] MenuRegistry: Registered screen factory 'CommandLibraryScreen' in container (viewMode=)
[2025-12-13 06:14:37.186] MenuRegistry: Registered 'Command Library' in 'Tools' menu (hotkey=L order=10)
[2025-12-13 06:14:37.196] ServiceContainer: Registered 'ThemeEditorScreen' (singleton=False)
[2025-12-13 06:14:37.206] MenuRegistry: Registered screen factory 'ThemeEditorScreen' in container (viewMode=)
[2025-12-13 06:14:37.218] MenuRegistry: Registered 'Theme Editor' in 'Options' menu (hotkey=T order=10)
[2025-12-13 06:14:37.229] ServiceContainer: Registered 'TaskListScreen_NextActions' (singleton=False)
[2025-12-13 06:14:37.242] MenuRegistry: Registered screen factory 'TaskListScreen_NextActions' in container (viewMode=nextactions)
[2025-12-13 06:14:37.253] MenuRegistry: Registered 'Next Actions' in 'Tasks' menu (hotkey=N order=35)
[2025-12-13 06:14:37.264] ServiceContainer: Registered 'ChecklistTemplatesFolderScreen' (singleton=False)
[2025-12-13 06:14:37.276] MenuRegistry: Registered screen factory 'ChecklistTemplatesFolderScreen' in container (viewMode=)
[2025-12-13 06:14:37.286] MenuRegistry: Registered 'Checklist Templates' in 'Tools' menu (hotkey=H order=30)
[2025-12-13 06:14:37.297] ServiceContainer: Registered 'TimeListScreen' (singleton=False)
[2025-12-13 06:14:37.307] MenuRegistry: Registered screen factory 'TimeListScreen' in container (viewMode=)
[2025-12-13 06:14:37.317] MenuRegistry: Registered 'Time Tracking' in 'Time' menu (hotkey=T order=5)
[2025-12-13 06:14:37.328] ServiceContainer: Registered 'TaskListScreen_Upcoming' (singleton=False)
[2025-12-13 06:14:37.339] MenuRegistry: Registered screen factory 'TaskListScreen_Upcoming' in container (viewMode=upcoming)
[2025-12-13 06:14:37.349] MenuRegistry: Registered 'Upcoming' in 'Tasks' menu (hotkey=U order=25)
[2025-12-13 06:14:37.363] ServiceContainer: Registered 'TaskListScreen_NoDate' (singleton=False)
[2025-12-13 06:14:37.376] MenuRegistry: Registered screen factory 'TaskListScreen_NoDate' in container (viewMode=noduedate)
[2025-12-13 06:14:37.388] MenuRegistry: Registered 'No Due Date' in 'Tasks' menu (hotkey=D order=40)
[2025-12-13 06:14:37.399] [INFO] Menus loaded from C:\Users\jhnhe\OneDrive\Documents\GitHub\project-management-console\og_transport\HYBRID\module\Pmc.strict\consoleui\screens\MenuItems.psd1
[2025-12-13 06:14:37.410] [INFO] Launching screen: TaskList
[2025-12-13 06:14:37.420] [INFO] Resolving TaskListScreen from container...
[2025-12-13 06:14:37.431] ServiceContainer: Resolving 'TaskListScreen'...
[2025-12-13 06:14:37.459] [INFO] Resolving TaskListScreen...
[2025-12-13 06:14:37.470] ServiceContainer: Resolving 'TaskStore'...
[2025-12-13 06:14:37.499] [INFO] Resolving TaskStore...
[2025-12-13 06:14:37.530] [DEBUG] TaskStore.LoadData: Starting
[2025-12-13 06:14:37.542] [DEBUG] TaskStore.LoadData: Calling Get-PmcData
[2025-12-13 06:14:37.756] [DEBUG] TaskStore.LoadData: Get-PmcData returned - tasks=4 projects=2 timelogs=3
[2025-12-13 06:14:37.776] [DEBUG] TaskStore.LoadData: Loaded 4 tasks
[2025-12-13 06:14:37.790] [DEBUG] TaskStore.LoadData: Loaded 2 projects
[2025-12-13 06:14:37.804] [DEBUG] TaskStore.LoadData: First project name='p1' ID1='111'
[2025-12-13 06:14:37.821] ServiceContainer: Resolved 'TaskStore' successfully
[2025-12-13 06:14:38.188] MenuRegistry: Loaded manifest with 24 entries
[2025-12-13 06:14:38.200] MenuRegistry: Registered 'Tomorrow' in 'Tasks' menu (hotkey=T order=15)
[2025-12-13 06:14:38.211] MenuRegistry: Registered 'Settings' in 'Options' menu (hotkey=S order=20)
[2025-12-13 06:14:38.222] MenuRegistry: Registered 'Notes' in 'Tools' menu (hotkey=N order=20)
[2025-12-13 06:14:38.234] MenuRegistry: Registered 'Week View' in 'Tasks' menu (hotkey=W order=20)
[2025-12-13 06:14:38.247] MenuRegistry: Registered 'Import from Excel' in 'Projects' menu (hotkey=I order=40)
[2025-12-13 06:14:38.258] MenuRegistry: Registered 'Agenda View' in 'Tasks' menu (hotkey=A order=50)
[2025-12-13 06:14:38.269] MenuRegistry: Registered 'Time Report' in 'Time' menu (hotkey=R order=20)
[2025-12-13 06:14:38.281] MenuRegistry: Registered 'Today' in 'Tasks' menu (hotkey=Y order=10)
[2025-12-13 06:14:38.292] MenuRegistry: Registered 'Weekly Report' in 'Time' menu (hotkey=W order=10)
[2025-12-13 06:14:38.303] MenuRegistry: Registered 'Overdue' in 'Tasks' menu (hotkey=O order=30)
[2025-12-13 06:14:38.314] MenuRegistry: Registered 'Kanban Board' in 'Tasks' menu (hotkey=K order=55)
[2025-12-13 06:14:38.324] MenuRegistry: Registered 'Checklists' in 'Tools' menu (hotkey=C order=25)
[2025-12-13 06:14:38.335] MenuRegistry: Registered 'Task List' in 'Tasks' menu (hotkey=L order=5)
[2025-12-13 06:14:38.345] MenuRegistry: Registered 'Month View' in 'Tasks' menu (hotkey=M order=45)
[2025-12-13 06:14:38.359] MenuRegistry: Registered 'Excel Profiles' in 'Projects' menu (hotkey=M order=50)
[2025-12-13 06:14:38.372] MenuRegistry: Registered 'Project List' in 'Projects' menu (hotkey=L order=10)
[2025-12-13 06:14:38.383] MenuRegistry: Registered 'Help' in 'Help' menu (hotkey=H order=10)
[2025-12-13 06:14:38.394] MenuRegistry: Registered 'Command Library' in 'Tools' menu (hotkey=L order=10)
[2025-12-13 06:14:38.406] MenuRegistry: Registered 'Theme Editor' in 'Options' menu (hotkey=T order=10)
[2025-12-13 06:14:38.417] MenuRegistry: Registered 'Next Actions' in 'Tasks' menu (hotkey=N order=35)
[2025-12-13 06:14:38.427] MenuRegistry: Registered 'Checklist Templates' in 'Tools' menu (hotkey=H order=30)
[2025-12-13 06:14:38.439] MenuRegistry: Registered 'Time Tracking' in 'Time' menu (hotkey=T order=5)
[2025-12-13 06:14:38.450] MenuRegistry: Registered 'Upcoming' in 'Tasks' menu (hotkey=U order=25)
[2025-12-13 06:14:38.461] MenuRegistry: Registered 'No Due Date' in 'Tasks' menu (hotkey=D order=40)
[2025-12-13 06:14:38.489] _PopulateMenusFromRegistry: Menu 'Projects' has 3 items from registry (array)
[2025-12-13 06:14:38.511] _PopulateMenusFromRegistry: Menu 'Help' has 1 items from registry (array)
[2025-12-13 06:14:38.523] _PopulateMenusFromRegistry: Menu 'Tools' has 4 items from registry (array)
[2025-12-13 06:14:38.534] _PopulateMenusFromRegistry: Menu 'Options' has 2 items from registry (array)
[2025-12-13 06:14:38.548] _PopulateMenusFromRegistry: Menu 'Tasks' has 11 items from registry (array)
[2025-12-13 06:14:38.560] _PopulateMenusFromRegistry: Menu 'Time' has 3 items from registry (array)
[2025-12-13 06:14:38.572] ServiceContainer: Resolved 'TaskListScreen' successfully
[2025-12-13 06:14:38.584] [INFO] Pushing screen to app...
[2025-12-13 06:14:38.981] [DEBUG] LoadData: Got 4 tasks from Store
[2025-12-13 06:14:39.056] [DEBUG] TaskListScreen.LoadData: Setting 4 tasks
[2025-12-13 06:14:39.074] [INFO] UniversalList.SetData: START, data param type=System.Object[]
[2025-12-13 06:14:39.086] [INFO] UniversalList.SetData: About to assign _data
[2025-12-13 06:14:39.097] [INFO] UniversalList.SetData: _data assigned successfully
[2025-12-13 06:14:39.110] [INFO] UniversalList.SetData: About to check _data type
[2025-12-13 06:14:39.123] [INFO] UniversalList.SetData: _data type=System.Object[]
[2025-12-13 06:14:39.135] [INFO] UniversalList.SetData: About to access _data.Count
[2025-12-13 06:14:39.146] [INFO] UniversalList.SetData: _data.Count=4
[2025-12-13 06:14:39.158] [INFO] UniversalList.SetData: _filteredData assigned
[2025-12-13 06:14:39.170] [INFO] UniversalList.SetData: About to clear _selectedIndices
[2025-12-13 06:14:39.183] [INFO] UniversalList.SetData: _selectedIndices cleared
[2025-12-13 06:14:39.194] [INFO] UniversalList.SetData: Received 4 items
[2025-12-13 06:14:39.215] [INFO] UniversalList.SetData: First item type=Hashtable isHashtable=True
[2025-12-13 06:14:39.228] [INFO] UniversalList.SetData: First item keys: priority, text, modified, tags, due, project, details, id, completed, status, created
[2025-12-13 06:14:39.242] [INFO] UniversalList.SetData: Incrementing cache generation
[2025-12-13 06:14:39.254] [INFO] UniversalList.SetData: Clearing row cache
[2025-12-13 06:14:39.267] [INFO] UniversalList.SetData: Clearing cache access order
[2025-12-13 06:14:39.280] [INFO] UniversalList.SetData: Applying filters
[2025-12-13 06:14:39.306] [INFO] UniversalList.SetData: Applying search
[2025-12-13 06:14:39.318] [INFO] UniversalList.SetData: Invoking OnDataChanged callback
[2025-12-13 06:14:39.336] [INFO] UniversalList.SetData: COMPLETE
[2025-12-13 06:14:39.461] [INFO] Screen pushed successfully
[2025-12-13 06:14:39.475] [INFO] Starting event loop...
[2025-12-13 06:14:39.771] [INFO] PadText: text='Task' rawLen=4 visibleLen=4 width=40 align=left
[2025-12-13 06:14:39.786] [INFO] PadText: text='Details' rawLen=7 visibleLen=7 width=28 align=left
[2025-12-13 06:14:39.799] [INFO] PadText: text='Due' rawLen=3 visibleLen=3 width=16 align=left
[2025-12-13 06:14:39.811] [INFO] PadText: text='Project' rawLen=7 visibleLen=7 width=21 align=left
[2025-12-13 06:14:39.824] [INFO] PadText: text='Tags' rawLen=4 visibleLen=4 width=23 align=left
[2025-12-13 06:14:39.866] [INFO] PadText: text='t2' rawLen=2 visibleLen=2 width=38 align=left
[2025-12-13 06:14:39.881] [INFO] PadText: text='d2' rawLen=2 visibleLen=2 width=26 align=left
[2025-12-13 06:14:39.908] [INFO] PadText: text='Dec 16' rawLen=6 visibleLen=6 width=14 align=left
[2025-12-13 06:14:39.942] [INFO] PadText: text='t3' rawLen=2 visibleLen=2 width=38 align=left
[2025-12-13 06:14:39.955] [INFO] PadText: text='Dec 18' rawLen=6 visibleLen=6 width=14 align=left
[2025-12-13 06:14:39.968] [INFO] PadText: text='p1' rawLen=2 visibleLen=2 width=19 align=left
[2025-12-13 06:14:39.995] [INFO] PadText: text='t1' rawLen=2 visibleLen=2 width=38 align=left
[2025-12-13 06:14:40.030] [INFO] PadText: text='task' rawLen=4 visibleLen=4 width=38 align=left
[2025-12-13 06:14:40.388] [INFO] PadText: text='Task' rawLen=4 visibleLen=4 width=40 align=left
[2025-12-13 06:14:40.402] [INFO] PadText: text='Details' rawLen=7 visibleLen=7 width=28 align=left
[2025-12-13 06:14:40.414] [INFO] PadText: text='Due' rawLen=3 visibleLen=3 width=16 align=left
[2025-12-13 06:14:40.426] [INFO] PadText: text='Project' rawLen=7 visibleLen=7 width=21 align=left
[2025-12-13 06:14:40.438] [INFO] PadText: text='Tags' rawLen=4 visibleLen=4 width=23 align=left
[2025-12-13 06:14:40.457] [INFO] PadText: text='t2' rawLen=2 visibleLen=2 width=38 align=left
[2025-12-13 06:14:40.469] [INFO] PadText: text='d2' rawLen=2 visibleLen=2 width=26 align=left
[2025-12-13 06:14:40.482] [INFO] PadText: text='Dec 16' rawLen=6 visibleLen=6 width=14 align=left
[2025-12-13 06:14:40.508] [INFO] PadText: text='t3' rawLen=2 visibleLen=2 width=38 align=left
[2025-12-13 06:14:40.520] [INFO] PadText: text='Dec 18' rawLen=6 visibleLen=6 width=14 align=left
[2025-12-13 06:14:40.532] [INFO] PadText: text='p1' rawLen=2 visibleLen=2 width=19 align=left
[2025-12-13 06:14:40.553] [INFO] PadText: text='t1' rawLen=2 visibleLen=2 width=38 align=left
[2025-12-13 06:14:40.574] [INFO] PadText: text='task' rawLen=4 visibleLen=4 width=38 align=left
[2025-12-13 06:14:42.011] [INFO] PadText: text='Task' rawLen=4 visibleLen=4 width=40 align=left
[2025-12-13 06:14:42.014] [INFO] PadText: text='Details' rawLen=7 visibleLen=7 width=28 align=left
[2025-12-13 06:14:42.028] [INFO] PadText: text='Due' rawLen=3 visibleLen=3 width=16 align=left
[2025-12-13 06:14:42.040] [INFO] PadText: text='Project' rawLen=7 visibleLen=7 width=21 align=left
[2025-12-13 06:14:42.054] [INFO] PadText: text='Tags' rawLen=4 visibleLen=4 width=23 align=left
[2025-12-13 06:14:42.081] [INFO] PadText: text='t2' rawLen=2 visibleLen=2 width=38 align=left
[2025-12-13 06:14:42.093] [INFO] PadText: text='d2' rawLen=2 visibleLen=2 width=26 align=left
[2025-12-13 06:14:42.104] [INFO] PadText: text='Dec 16' rawLen=6 visibleLen=6 width=14 align=left
[2025-12-13 06:14:42.127] [INFO] PadText: text='t3' rawLen=2 visibleLen=2 width=38 align=left
[2025-12-13 06:14:42.139] [INFO] PadText: text='Dec 18' rawLen=6 visibleLen=6 width=14 align=left
[2025-12-13 06:14:42.150] [INFO] PadText: text='p1' rawLen=2 visibleLen=2 width=19 align=left
[2025-12-13 06:14:42.170] [INFO] PadText: text='t1' rawLen=2 visibleLen=2 width=38 align=left
[2025-12-13 06:14:42.192] [INFO] PadText: text='task' rawLen=4 visibleLen=4 width=38 align=left
[2025-12-13 06:14:42.358] [INFO] PadText: text='Task' rawLen=4 visibleLen=4 width=40 align=left
[2025-12-13 06:14:42.376] [INFO] PadText: text='Details' rawLen=7 visibleLen=7 width=28 align=left
[2025-12-13 06:14:42.388] [INFO] PadText: text='Due' rawLen=3 visibleLen=3 width=16 align=left
[2025-12-13 06:14:42.400] [INFO] PadText: text='Project' rawLen=7 visibleLen=7 width=21 align=left
[2025-12-13 06:14:42.413] [INFO] PadText: text='Tags' rawLen=4 visibleLen=4 width=23 align=left
[2025-12-13 06:14:42.432] [INFO] PadText: text='t2' rawLen=2 visibleLen=2 width=38 align=left
[2025-12-13 06:14:42.443] [INFO] PadText: text='d2' rawLen=2 visibleLen=2 width=26 align=left
[2025-12-13 06:14:42.456] [INFO] PadText: text='Dec 16' rawLen=6 visibleLen=6 width=14 align=left
[2025-12-13 06:14:42.476] [INFO] PadText: text='t3' rawLen=2 visibleLen=2 width=38 align=left
[2025-12-13 06:14:42.492] [INFO] PadText: text='Dec 18' rawLen=6 visibleLen=6 width=14 align=left
[2025-12-13 06:14:42.503] [INFO] PadText: text='p1' rawLen=2 visibleLen=2 width=19 align=left
[2025-12-13 06:14:42.526] [INFO] PadText: text='t1' rawLen=2 visibleLen=2 width=38 align=left
[2025-12-13 06:14:42.549] [INFO] PadText: text='task' rawLen=4 visibleLen=4 width=38 align=left
[2025-12-13 06:14:46.831] [DEBUG] StandardListScreen: Routing to InlineEditor (Key=D1)
[2025-12-13 06:14:46.856] [DEBUG] StandardListScreen: After HandleInput - IsConfirmed=False IsCancelled=False ShowInlineEditor=True
[2025-12-13 06:14:46.872] [DEBUG] StandardListScreen: After close check - ShowInlineEditor=True
[2025-12-13 06:14:46.920] [INFO] PadText: text='Task' rawLen=4 visibleLen=4 width=40 align=left
[2025-12-13 06:14:46.934] [INFO] PadText: text='Details' rawLen=7 visibleLen=7 width=28 align=left
[2025-12-13 06:14:46.949] [INFO] PadText: text='Due' rawLen=3 visibleLen=3 width=16 align=left
[2025-12-13 06:14:46.961] [INFO] PadText: text='Project' rawLen=7 visibleLen=7 width=21 align=left
[2025-12-13 06:14:46.976] [INFO] PadText: text='Tags' rawLen=4 visibleLen=4 width=23 align=left
[2025-12-13 06:14:46.996] [INFO] PadText: text='t2' rawLen=2 visibleLen=2 width=38 align=left
[2025-12-13 06:14:47.008] [INFO] PadText: text='d2' rawLen=2 visibleLen=2 width=26 align=left
[2025-12-13 06:14:47.021] [INFO] PadText: text='Dec 16' rawLen=6 visibleLen=6 width=14 align=left
[2025-12-13 06:14:47.042] [INFO] PadText: text='t3' rawLen=2 visibleLen=2 width=38 align=left
[2025-12-13 06:14:47.056] [INFO] PadText: text='Dec 18' rawLen=6 visibleLen=6 width=14 align=left
[2025-12-13 06:14:47.068] [INFO] PadText: text='p1' rawLen=2 visibleLen=2 width=19 align=left
[2025-12-13 06:14:47.089] [INFO] PadText: text='t1' rawLen=2 visibleLen=2 width=38 align=left
[2025-12-13 06:14:47.109] [INFO] PadText: text='task' rawLen=4 visibleLen=4 width=38 align=left
[2025-12-13 06:14:47.239] [INFO] PadText: text='Task' rawLen=4 visibleLen=4 width=40 align=left
[2025-12-13 06:14:47.252] [INFO] PadText: text='Details' rawLen=7 visibleLen=7 width=28 align=left
[2025-12-13 06:14:47.263] [INFO] PadText: text='Due' rawLen=3 visibleLen=3 width=16 align=left
[2025-12-13 06:14:47.275] [INFO] PadText: text='Project' rawLen=7 visibleLen=7 width=21 align=left
[2025-12-13 06:14:47.286] [INFO] PadText: text='Tags' rawLen=4 visibleLen=4 width=23 align=left
[2025-12-13 06:14:47.302] [INFO] PadText: text='t2' rawLen=2 visibleLen=2 width=38 align=left
[2025-12-13 06:14:47.313] [INFO] PadText: text='d2' rawLen=2 visibleLen=2 width=26 align=left
[2025-12-13 06:14:47.324] [INFO] PadText: text='Dec 16' rawLen=6 visibleLen=6 width=14 align=left
[2025-12-13 06:14:47.342] [INFO] PadText: text='t3' rawLen=2 visibleLen=2 width=38 align=left
[2025-12-13 06:14:47.353] [INFO] PadText: text='Dec 18' rawLen=6 visibleLen=6 width=14 align=left
[2025-12-13 06:14:47.366] [INFO] PadText: text='p1' rawLen=2 visibleLen=2 width=19 align=left
[2025-12-13 06:14:47.385] [INFO] PadText: text='t1' rawLen=2 visibleLen=2 width=38 align=left
[2025-12-13 06:14:47.404] [INFO] PadText: text='task' rawLen=4 visibleLen=4 width=38 align=left
[2025-12-13 06:14:50.249] [INFO] Event loop exited normally
[2025-12-13 06:14:50.250] [INFO] Cleanup - showing cursor and resetting terminal
