[2025-12-13 12:41:19.128] [INFO] Loading PMC module...
[2025-12-13 12:41:20.165] [INFO] PMC module loaded
[2025-12-13 12:41:20.167] [INFO] Loading dependencies (FieldSchemas, etc.)...
[2025-12-13 12:41:20.279] [INFO] Dependencies loaded
[2025-12-13 12:41:20.296] [INFO] Loading SpeedTUI framework...
[2025-12-13 12:41:20.601] [INFO] SpeedTUI framework loaded
[2025-12-13 12:41:20.611] [INFO] Loading PraxisVT...
[2025-12-13 12:41:20.629] [INFO] PraxisVT loaded
[2025-12-13 12:41:20.639] [INFO] Loading core dependencies...
[2025-12-13 12:41:20.703] [INFO] Core dependencies loaded
[2025-12-13 12:41:20.704] [INFO] Loading widget base classes...
[2025-12-13 12:41:20.757] [INFO] Widget base classes loaded
[2025-12-13 12:41:20.767] [INFO] Loading services...
[2025-12-13 12:41:20.907] [INFO] Services loaded
[2025-12-13 12:41:20.917] [INFO] Loading helpers...
[2025-12-13 12:41:21.472] [INFO] Helpers loaded
[2025-12-13 12:41:21.483] [INFO] Loading widgets...
[2025-12-13 12:41:21.807] [ERROR] Failed to load widgets: At C:\Users\jhnhe\OneDrive\Documents\GitHub\project-management-console\og_transport\HYBRID\module\Pmc.Strict\consoleui\widgets\TabPanel.ps1:416 char:12
+     [void] RenderToEngine([object]$engine) {
+            ~~~~~~~~~~~~~~
The member 'RenderToEngine' is already defined.
