[2025-12-13 15:48:01.485] [INFO] Loading PMC module...
[2025-12-13 15:48:02.830] [INFO] PMC module loaded
[2025-12-13 15:48:02.832] [INFO] Loading dependencies (FieldSchemas, etc.)...
[2025-12-13 15:48:02.979] [INFO] Dependencies loaded
[2025-12-13 15:48:02.995] [INFO] Loading SpeedTUI framework...
[2025-12-13 15:48:03.412] [INFO] SpeedTUI framework loaded
[2025-12-13 15:48:03.427] [INFO] Loading PraxisVT...
[2025-12-13 15:48:03.452] [INFO] PraxisVT loaded
[2025-12-13 15:48:03.466] [INFO] Loading core dependencies...
[2025-12-13 15:48:03.554] [INFO] Core dependencies loaded
[2025-12-13 15:48:03.567] [INFO] Loading widget base classes...
[2025-12-13 15:48:03.640] [INFO] Widget base classes loaded
[2025-12-13 15:48:03.655] [INFO] Loading services...
[2025-12-13 15:48:03.847] [INFO] Services loaded
[2025-12-13 15:48:03.858] [INFO] Loading helpers...
[2025-12-13 15:48:04.534] [INFO] Helpers loaded
[2025-12-13 15:48:04.549] [INFO] Loading widgets...
[2025-12-13 15:48:05.204] [INFO] Widgets loaded
[2025-12-13 15:48:05.219] [INFO] Loading screen base class...
[2025-12-13 15:48:05.283] [INFO] Screen base class loaded
[2025-12-13 15:48:05.297] [INFO] Loading HelpViewScreen (needed by base classes)...
[2025-12-13 15:48:05.344] [INFO] HelpViewScreen loaded
[2025-12-13 15:48:05.358] [INFO] Loading base classes...
[2025-12-13 15:48:05.492] [INFO] Base classes loaded
[2025-12-13 15:48:05.504] [INFO] Loading ServiceContainer (needed by screens)...
[2025-12-13 15:48:05.537] [INFO] ServiceContainer loaded
[2025-12-13 15:48:05.552] [INFO] Loading remaining screens...
[2025-12-13 15:48:05.710] [INFO] Remaining screens loaded
[2025-12-13 15:48:05.726] [INFO] Loading PmcApplication...
[2025-12-13 15:48:05.769] [INFO] PmcApplication loaded
[2025-12-13 15:48:05.787] [INFO] All components loaded successfully
[2025-12-13 15:48:05.818] [INFO] Starting PMC TUI with screen: TaskList
[2025-12-13 15:48:05.836] [INFO] Cleared stale PmcSharedMenuBar and MenuRegistry singleton
[2025-12-13 15:48:05.857] [INFO] Creating ServiceContainer...
[2025-12-13 15:48:05.888] [INFO] ServiceContainer created
[2025-12-13 15:48:05.903] [INFO] Registering Theme service...
[2025-12-13 15:48:05.936] ServiceContainer: Registered 'Theme' (singleton=True)
[2025-12-13 15:48:05.953] [INFO] Registering ThemeManager...
[2025-12-13 15:48:05.971] ServiceContainer: Registered 'ThemeManager' (singleton=True)
[2025-12-13 15:48:05.987] [INFO] Registering Config service...
[2025-12-13 15:48:06.000] ServiceContainer: Registered 'Config' (singleton=True)
[2025-12-13 15:48:06.014] [INFO] Registering TaskStore service...
[2025-12-13 15:48:06.038] ServiceContainer: Registered 'TaskStore' (singleton=True)
[2025-12-13 15:48:06.056] [INFO] Registering MenuRegistry service...
[2025-12-13 15:48:06.076] ServiceContainer: Registered 'MenuRegistry' (singleton=True)
[2025-12-13 15:48:06.096] [INFO] Registering Application service...
[2025-12-13 15:48:06.115] ServiceContainer: Registered 'Application' (singleton=True)
[2025-12-13 15:48:06.133] [INFO] Registering CommandService...
[2025-12-13 15:48:06.156] ServiceContainer: Registered 'CommandService' (singleton=True)
[2025-12-13 15:48:06.173] [INFO] Registering ChecklistService...
[2025-12-13 15:48:06.198] ServiceContainer: Registered 'ChecklistService' (singleton=True)
[2025-12-13 15:48:06.233] [INFO] Registering NoteService...
[2025-12-13 15:48:06.259] ServiceContainer: Registered 'NoteService' (singleton=True)
[2025-12-13 15:48:06.275] [INFO] Registering ExcelMappingService...
[2025-12-13 15:48:06.293] ServiceContainer: Registered 'ExcelMappingService' (singleton=True)
[2025-12-13 15:48:06.308] [INFO] Registering PreferencesService...
[2025-12-13 15:48:06.323] ServiceContainer: Registered 'PreferencesService' (singleton=True)
[2025-12-13 15:48:06.341] [INFO] Registering screen factories...
[2025-12-13 15:48:06.355] ServiceContainer: Registered 'TaskListScreen' (singleton=False)
[2025-12-13 15:48:06.375] [INFO] Resolving Application from container...
[2025-12-13 15:48:06.408] ServiceContainer: Resolving 'Application'...
[2025-12-13 15:48:06.429] [INFO] Resolving Application...
[2025-12-13 15:48:06.446] ServiceContainer: Resolving 'Theme'...
[2025-12-13 15:48:06.475] [INFO] Resolving Theme: Calling Initialize-PmcThemeSystem...
[2025-12-13 15:48:06.501] [INFO] Theme resolved: #33aaff
[2025-12-13 15:48:06.517] [INFO] Loading PmcThemeEngine...
[2025-12-13 15:48:06.660] [DEBUG] Palette [Border] -> #185F30 (R=24 G=95 B=48)
[2025-12-13 15:48:06.682] [DEBUG] Palette [Footer] -> #185F30 (R=24 G=95 B=48)
[2025-12-13 15:48:06.700] [DEBUG] Palette [Header] -> #228844 (R=34 G=136 B=68)
[2025-12-13 15:48:06.723] [DEBUG] Palette [Cursor] -> #228844 (R=34 G=136 B=68)
[2025-12-13 15:48:06.736] [DEBUG] Palette [Primary] -> #228844 (R=34 G=136 B=68)
[2025-12-13 15:48:06.750] [DEBUG] Palette [Warning] -> #7FCA14 (R=127 G=202 B=20)
[2025-12-13 15:48:06.767] [DEBUG] Palette [Muted] -> #5C8F6D (R=92 G=143 B=109)
[2025-12-13 15:48:06.783] [DEBUG] Palette [Status] -> #5C8F6D (R=92 G=143 B=109)
[2025-12-13 15:48:06.799] [DEBUG] Palette [Text] -> #C2EACF (R=194 G=234 B=207)
[2025-12-13 15:48:06.814] [DEBUG] Palette [Highlight] -> #228844 (R=34 G=136 B=68)
[2025-12-13 15:48:06.835] [DEBUG] Palette [Label] -> #5C8F6D (R=92 G=143 B=109)
[2025-12-13 15:48:06.851] [DEBUG] Palette [Bright] -> #2CB158 (R=44 G=177 B=88)
[2025-12-13 15:48:06.875] [DEBUG] Palette [Error] -> #BE2914 (R=190 G=41 B=20)
[2025-12-13 15:48:06.890] [DEBUG] Palette [Success] -> #2CB158 (R=44 G=177 B=88)
[2025-12-13 15:48:06.914] [INFO] LoadFromConfig: Loaded Properties with 16 items
[2025-12-13 15:48:06.935] [INFO] PmcThemeEngine initialized with PMC palette (14 colors)
[2025-12-13 15:48:06.950] ServiceContainer: Resolved 'Theme' successfully
[2025-12-13 15:48:07.071] ServiceContainer: Resolving 'ThemeManager'...
[2025-12-13 15:48:07.089] [INFO] Resolving ThemeManager...
[2025-12-13 15:48:07.236] ServiceContainer: Resolved 'ThemeManager' successfully
[2025-12-13 15:48:07.264] ServiceContainer: Resolved 'Application' successfully
[2025-12-13 15:48:07.280] [INFO] Application resolved and assigned to $global:PmcApp
[2025-12-13 15:48:07.297] [INFO] Loading menus from manifest...
[2025-12-13 15:48:07.314] ServiceContainer: Resolving 'MenuRegistry'...
[2025-12-13 15:48:07.332] [INFO] Resolving MenuRegistry...
[2025-12-13 15:48:07.355] ServiceContainer: Resolved 'MenuRegistry' successfully
[2025-12-13 15:48:07.388] MenuRegistry: Loaded manifest with 24 entries
[2025-12-13 15:48:07.423] ServiceContainer: Registered 'TaskListScreen_Month' (singleton=False)
[2025-12-13 15:48:07.437] MenuRegistry: Registered screen factory 'TaskListScreen_Month' in container (viewMode=month)
[2025-12-13 15:48:07.464] MenuRegistry: Registered 'Month View' in 'Tasks' menu (hotkey=M order=45)
[2025-12-13 15:48:07.483] ServiceContainer: Registered 'ChecklistTemplatesFolderScreen' (singleton=False)
[2025-12-13 15:48:07.497] MenuRegistry: Registered screen factory 'ChecklistTemplatesFolderScreen' in container (viewMode=)
[2025-12-13 15:48:07.512] MenuRegistry: Registered 'Checklist Templates' in 'Tools' menu (hotkey=H order=30)
[2025-12-13 15:48:07.525] ServiceContainer: Registered 'KanbanScreenV2' (singleton=False)
[2025-12-13 15:48:07.540] MenuRegistry: Registered screen factory 'KanbanScreenV2' in container (viewMode=)
[2025-12-13 15:48:07.556] MenuRegistry: Registered 'Kanban Board' in 'Tasks' menu (hotkey=K order=55)
[2025-12-13 15:48:07.570] ServiceContainer: Registered 'HelpViewScreen' (singleton=False)
[2025-12-13 15:48:07.585] MenuRegistry: Registered screen factory 'HelpViewScreen' in container (viewMode=)
[2025-12-13 15:48:07.601] MenuRegistry: Registered 'Help' in 'Help' menu (hotkey=H order=10)
[2025-12-13 15:48:07.615] ServiceContainer: Registered 'TaskListScreen_Agenda' (singleton=False)
[2025-12-13 15:48:07.630] MenuRegistry: Registered screen factory 'TaskListScreen_Agenda' in container (viewMode=agenda)
[2025-12-13 15:48:07.646] MenuRegistry: Registered 'Agenda View' in 'Tasks' menu (hotkey=A order=50)
[2025-12-13 15:48:07.658] ServiceContainer: Registered 'TaskListScreen_Tomorrow' (singleton=False)
[2025-12-13 15:48:07.673] MenuRegistry: Registered screen factory 'TaskListScreen_Tomorrow' in container (viewMode=tomorrow)
[2025-12-13 15:48:07.689] MenuRegistry: Registered 'Tomorrow' in 'Tasks' menu (hotkey=T order=15)
[2025-12-13 15:48:07.704] ServiceContainer: Registered 'TaskListScreen_Overdue' (singleton=False)
[2025-12-13 15:48:07.720] MenuRegistry: Registered screen factory 'TaskListScreen_Overdue' in container (viewMode=overdue)
[2025-12-13 15:48:07.738] MenuRegistry: Registered 'Overdue' in 'Tasks' menu (hotkey=O order=30)
[2025-12-13 15:48:07.754] ServiceContainer: Registered 'TimeListScreen' (singleton=False)
[2025-12-13 15:48:07.767] MenuRegistry: Registered screen factory 'TimeListScreen' in container (viewMode=)
[2025-12-13 15:48:07.784] MenuRegistry: Registered 'Time Tracking' in 'Time' menu (hotkey=T order=5)
[2025-12-13 15:48:07.800] ServiceContainer: Registered 'ExcelImportScreen' (singleton=False)
[2025-12-13 15:48:07.815] MenuRegistry: Registered screen factory 'ExcelImportScreen' in container (viewMode=)
[2025-12-13 15:48:07.830] MenuRegistry: Registered 'Import from Excel' in 'Projects' menu (hotkey=I order=40)
[2025-12-13 15:48:07.847] ServiceContainer: Registered 'CommandLibraryScreen' (singleton=False)
[2025-12-13 15:48:07.864] MenuRegistry: Registered screen factory 'CommandLibraryScreen' in container (viewMode=)
[2025-12-13 15:48:07.877] MenuRegistry: Registered 'Command Library' in 'Tools' menu (hotkey=L order=10)
[2025-12-13 15:48:07.893] ServiceContainer: Registered 'ExcelProfileManagerScreen' (singleton=False)
[2025-12-13 15:48:07.908] MenuRegistry: Registered screen factory 'ExcelProfileManagerScreen' in container (viewMode=)
[2025-12-13 15:48:07.924] MenuRegistry: Registered 'Excel Profiles' in 'Projects' menu (hotkey=M order=50)
[2025-12-13 15:48:07.939] ServiceContainer: Registered 'WeeklyTimeReportScreen' (singleton=False)
[2025-12-13 15:48:07.955] MenuRegistry: Registered screen factory 'WeeklyTimeReportScreen' in container (viewMode=)
[2025-12-13 15:48:07.970] MenuRegistry: Registered 'Weekly Report' in 'Time' menu (hotkey=W order=10)
[2025-12-13 15:48:07.990] ServiceContainer: Registered 'TaskListScreen_NoDate' (singleton=False)
[2025-12-13 15:48:08.006] MenuRegistry: Registered screen factory 'TaskListScreen_NoDate' in container (viewMode=noduedate)
[2025-12-13 15:48:08.025] MenuRegistry: Registered 'No Due Date' in 'Tasks' menu (hotkey=D order=40)
[2025-12-13 15:48:08.045] ServiceContainer: Registered 'NotesMenuScreen' (singleton=False)
[2025-12-13 15:48:08.059] MenuRegistry: Registered screen factory 'NotesMenuScreen' in container (viewMode=)
[2025-12-13 15:48:08.076] MenuRegistry: Registered 'Notes' in 'Tools' menu (hotkey=N order=20)
[2025-12-13 15:48:08.100] ServiceContainer: Registered 'TaskListScreen_NextActions' (singleton=False)
[2025-12-13 15:48:08.121] MenuRegistry: Registered screen factory 'TaskListScreen_NextActions' in container (viewMode=nextactions)
[2025-12-13 15:48:08.138] MenuRegistry: Registered 'Next Actions' in 'Tasks' menu (hotkey=N order=35)
[2025-12-13 15:48:08.155] ServiceContainer: Registered 'TaskListScreen_Today' (singleton=False)
[2025-12-13 15:48:08.172] MenuRegistry: Registered screen factory 'TaskListScreen_Today' in container (viewMode=today)
[2025-12-13 15:48:08.188] MenuRegistry: Registered 'Today' in 'Tasks' menu (hotkey=Y order=10)
[2025-12-13 15:48:08.205] ServiceContainer: Registered 'SettingsScreen' (singleton=False)
[2025-12-13 15:48:08.220] MenuRegistry: Registered screen factory 'SettingsScreen' in container (viewMode=)
[2025-12-13 15:48:08.239] MenuRegistry: Registered 'Settings' in 'Options' menu (hotkey=S order=20)
[2025-12-13 15:48:08.256] ServiceContainer: Registered 'TaskListScreen_Week' (singleton=False)
[2025-12-13 15:48:08.271] MenuRegistry: Registered screen factory 'TaskListScreen_Week' in container (viewMode=week)
[2025-12-13 15:48:08.286] MenuRegistry: Registered 'Week View' in 'Tasks' menu (hotkey=W order=20)
[2025-12-13 15:48:08.302] ServiceContainer: Registered 'TaskListScreen_Upcoming' (singleton=False)
[2025-12-13 15:48:08.318] MenuRegistry: Registered screen factory 'TaskListScreen_Upcoming' in container (viewMode=upcoming)
[2025-12-13 15:48:08.337] MenuRegistry: Registered 'Upcoming' in 'Tasks' menu (hotkey=U order=25)
[2025-12-13 15:48:08.355] ServiceContainer: Registered 'TaskListScreen_Default' (singleton=False)
[2025-12-13 15:48:08.366] MenuRegistry: Registered screen factory 'TaskListScreen_Default' in container (viewMode=)
[2025-12-13 15:48:08.380] MenuRegistry: Registered 'Task List' in 'Tasks' menu (hotkey=L order=5)
[2025-12-13 15:48:08.398] ServiceContainer: Registered 'TimeReportScreen' (singleton=False)
[2025-12-13 15:48:08.415] MenuRegistry: Registered screen factory 'TimeReportScreen' in container (viewMode=)
[2025-12-13 15:48:08.442] MenuRegistry: Registered 'Time Report' in 'Time' menu (hotkey=R order=20)
[2025-12-13 15:48:08.459] ServiceContainer: Registered 'ProjectListScreen' (singleton=False)
[2025-12-13 15:48:08.479] MenuRegistry: Registered screen factory 'ProjectListScreen' in container (viewMode=)
[2025-12-13 15:48:08.496] MenuRegistry: Registered 'Project List' in 'Projects' menu (hotkey=L order=10)
[2025-12-13 15:48:08.514] ServiceContainer: Registered 'ThemeEditorScreen' (singleton=False)
[2025-12-13 15:48:08.536] MenuRegistry: Registered screen factory 'ThemeEditorScreen' in container (viewMode=)
[2025-12-13 15:48:08.555] MenuRegistry: Registered 'Theme Editor' in 'Options' menu (hotkey=T order=10)
[2025-12-13 15:48:08.571] ServiceContainer: Registered 'ChecklistsLauncherScreen' (singleton=False)
[2025-12-13 15:48:08.584] MenuRegistry: Registered screen factory 'ChecklistsLauncherScreen' in container (viewMode=)
[2025-12-13 15:48:08.600] MenuRegistry: Registered 'Checklists' in 'Tools' menu (hotkey=C order=25)
[2025-12-13 15:48:08.617] [INFO] Menus loaded from C:\Users\jhnhe\OneDrive\Documents\GitHub\project-management-console\og_transport\HYBRID\module\Pmc.Strict\consoleui\screens\MenuItems.psd1
[2025-12-13 15:48:08.634] [INFO] Launching screen: TaskList
[2025-12-13 15:48:08.650] [INFO] Resolving TaskListScreen from container...
[2025-12-13 15:48:08.665] ServiceContainer: Resolving 'TaskListScreen'...
[2025-12-13 15:48:08.683] [INFO] Resolving TaskListScreen...
[2025-12-13 15:48:08.698] ServiceContainer: Resolving 'TaskStore'...
[2025-12-13 15:48:08.715] [INFO] Resolving TaskStore...
[2025-12-13 15:48:08.766] [DEBUG] TaskStore.LoadData: Starting
[2025-12-13 15:48:08.783] [DEBUG] TaskStore.LoadData: Calling Get-PmcData
[2025-12-13 15:48:09.133] [DEBUG] TaskStore.LoadData: Get-PmcData returned - tasks=4 projects=2 timelogs=3
[2025-12-13 15:48:09.163] [DEBUG] TaskStore.LoadData: Loaded 4 tasks
[2025-12-13 15:48:09.182] [DEBUG] TaskStore.LoadData: Loaded 2 projects
[2025-12-13 15:48:09.205] [DEBUG] TaskStore.LoadData: First project name='p1' ID1='111'
[2025-12-13 15:48:09.233] ServiceContainer: Resolved 'TaskStore' successfully
[2025-12-13 15:48:10.338] [DEBUG] PmcScreen.AddContentWidget: Adding UniversalList (Total: 1)
[2025-12-13 15:48:10.344] [DEBUG] PmcScreen.AddContentWidget: Adding FilterPanel (Total: 2)
[2025-12-13 15:48:10.363] [DEBUG] PmcScreen.AddContentWidget: Adding InlineEditor (Total: 3)
[2025-12-13 15:48:10.413] [DEBUG] TaskListScreen: Constructor started
[2025-12-13 15:48:10.493] _PopulateMenusFromRegistry: Menu 'Tools' has 4 items from registry (array)
[2025-12-13 15:48:10.542] _PopulateMenusFromRegistry: Menu 'Tasks' has 11 items from registry (array)
[2025-12-13 15:48:10.582] _PopulateMenusFromRegistry: Menu 'Options' has 2 items from registry (array)
[2025-12-13 15:48:10.610] _PopulateMenusFromRegistry: Menu 'Projects' has 3 items from registry (array)
[2025-12-13 15:48:10.638] _PopulateMenusFromRegistry: Menu 'Time' has 3 items from registry (array)
[2025-12-13 15:48:10.659] _PopulateMenusFromRegistry: Menu 'Help' has 1 items from registry (array)
[2025-12-13 15:48:10.685] [DEBUG] TaskListScreen: Constructor completed
[2025-12-13 15:48:10.724] ServiceContainer: Resolved 'TaskListScreen' successfully
[2025-12-13 15:48:10.747] [INFO] Pushing screen to app...
[2025-12-13 15:48:11.345] [DEBUG] LoadData: Got 4 tasks from Store
[2025-12-13 15:48:11.463] [DEBUG] TaskListScreen.LoadData: Setting 4 tasks
[2025-12-13 15:48:11.469] [DEBUG] UniversalList.SetData: START
[2025-12-13 15:48:11.544] [DEBUG] UniversalList.SetData: COMPLETE (4 items)
[2025-12-13 15:48:11.584] [INFO] Screen pushed successfully
[2025-12-13 15:48:11.599] [INFO] Starting event loop...
[2025-12-13 15:48:13.022] [DEBUG] PmcScreen: Calling RenderToEngine on UniversalList
[2025-12-13 15:48:13.092] [DEBUG] PmcScreen: Calling RenderToEngine on FilterPanel
[2025-12-13 15:48:13.288] [DEBUG] PmcScreen: Calling RenderToEngine on InlineEditor
[2025-12-13 15:48:23.794] [INFO] Cleanup - showing cursor and resetting terminal
