[2025-12-13 14:53:26.220] [INFO] Loading PMC module...
[2025-12-13 14:53:27.342] [INFO] PMC module loaded
[2025-12-13 14:53:27.344] [INFO] Loading dependencies (FieldSchemas, etc.)...
[2025-12-13 14:53:27.471] [INFO] Dependencies loaded
[2025-12-13 14:53:27.473] [INFO] Loading SpeedTUI framework...
[2025-12-13 14:53:27.734] [INFO] SpeedTUI framework loaded
[2025-12-13 14:53:27.744] [INFO] Loading PraxisVT...
[2025-12-13 14:53:27.760] [INFO] PraxisVT loaded
[2025-12-13 14:53:27.769] [INFO] Loading core dependencies...
[2025-12-13 14:53:27.828] [INFO] Core dependencies loaded
[2025-12-13 14:53:27.838] [INFO] Loading widget base classes...
[2025-12-13 14:53:27.896] [INFO] Widget base classes loaded
[2025-12-13 14:53:27.907] [INFO] Loading services...
[2025-12-13 14:53:28.034] [INFO] Services loaded
[2025-12-13 14:53:28.043] [INFO] Loading helpers...
[2025-12-13 14:53:28.653] [INFO] Helpers loaded
[2025-12-13 14:53:28.662] [INFO] Loading widgets...
[2025-12-13 14:53:29.093] [INFO] Widgets loaded
[2025-12-13 14:53:29.094] [INFO] Loading screen base class...
[2025-12-13 14:53:29.133] [INFO] Screen base class loaded
[2025-12-13 14:53:29.149] [INFO] Loading HelpViewScreen (needed by base classes)...
[2025-12-13 14:53:29.185] [INFO] HelpViewScreen loaded
[2025-12-13 14:53:29.198] [INFO] Loading base classes...
[2025-12-13 14:53:29.294] [INFO] Base classes loaded
[2025-12-13 14:53:29.308] [INFO] Loading ServiceContainer (needed by screens)...
[2025-12-13 14:53:29.338] [INFO] ServiceContainer loaded
[2025-12-13 14:53:29.351] [INFO] Loading remaining screens...
[2025-12-13 14:53:29.488] [INFO] Remaining screens loaded
[2025-12-13 14:53:29.499] [INFO] Loading PmcApplication...
[2025-12-13 14:53:29.524] [INFO] PmcApplication loaded
[2025-12-13 14:53:29.534] [INFO] All components loaded successfully
[2025-12-13 14:53:29.553] [INFO] Starting PMC TUI with screen: TaskList
[2025-12-13 14:53:29.567] [INFO] Cleared stale PmcSharedMenuBar and MenuRegistry singleton
[2025-12-13 14:53:29.582] [INFO] Creating ServiceContainer...
[2025-12-13 14:53:29.597] [INFO] ServiceContainer created
[2025-12-13 14:53:29.607] [INFO] Registering Theme service...
[2025-12-13 14:53:29.629] ServiceContainer: Registered 'Theme' (singleton=True)
[2025-12-13 14:53:29.642] [INFO] Registering ThemeManager...
[2025-12-13 14:53:29.653] ServiceContainer: Registered 'ThemeManager' (singleton=True)
[2025-12-13 14:53:29.664] [INFO] Registering Config service...
[2025-12-13 14:53:29.675] ServiceContainer: Registered 'Config' (singleton=True)
[2025-12-13 14:53:29.685] [INFO] Registering TaskStore service...
[2025-12-13 14:53:29.699] ServiceContainer: Registered 'TaskStore' (singleton=True)
[2025-12-13 14:53:29.711] [INFO] Registering MenuRegistry service...
[2025-12-13 14:53:29.722] ServiceContainer: Registered 'MenuRegistry' (singleton=True)
[2025-12-13 14:53:29.733] [INFO] Registering Application service...
[2025-12-13 14:53:29.743] ServiceContainer: Registered 'Application' (singleton=True)
[2025-12-13 14:53:29.753] [INFO] Registering CommandService...
[2025-12-13 14:53:29.764] ServiceContainer: Registered 'CommandService' (singleton=True)
[2025-12-13 14:53:29.779] [INFO] Registering ChecklistService...
[2025-12-13 14:53:29.791] ServiceContainer: Registered 'ChecklistService' (singleton=True)
[2025-12-13 14:53:29.802] [INFO] Registering NoteService...
[2025-12-13 14:53:29.812] ServiceContainer: Registered 'NoteService' (singleton=True)
[2025-12-13 14:53:29.825] [INFO] Registering ExcelMappingService...
[2025-12-13 14:53:29.837] ServiceContainer: Registered 'ExcelMappingService' (singleton=True)
[2025-12-13 14:53:29.848] [INFO] Registering PreferencesService...
[2025-12-13 14:53:29.859] ServiceContainer: Registered 'PreferencesService' (singleton=True)
[2025-12-13 14:53:29.869] [INFO] Registering screen factories...
[2025-12-13 14:53:29.880] ServiceContainer: Registered 'TaskListScreen' (singleton=False)
[2025-12-13 14:53:29.889] [INFO] Resolving Application from container...
[2025-12-13 14:53:29.908] ServiceContainer: Resolving 'Application'...
[2025-12-13 14:53:29.920] [INFO] Resolving Application...
[2025-12-13 14:53:29.930] ServiceContainer: Resolving 'Theme'...
[2025-12-13 14:53:29.946] [INFO] Resolving Theme: Calling Initialize-PmcThemeSystem...
[2025-12-13 14:53:29.965] [INFO] Theme resolved: #33aaff
[2025-12-13 14:53:29.977] [INFO] Loading PmcThemeEngine...
[2025-12-13 14:53:30.064] [DEBUG] Palette [Error] -> #BE2914 (R=190 G=41 B=20)
[2025-12-13 14:53:30.079] [DEBUG] Palette [Footer] -> #185F30 (R=24 G=95 B=48)
[2025-12-13 14:53:30.091] [DEBUG] Palette [Warning] -> #7FCA14 (R=127 G=202 B=20)
[2025-12-13 14:53:30.103] [DEBUG] Palette [Primary] -> #228844 (R=34 G=136 B=68)
[2025-12-13 14:53:30.114] [DEBUG] Palette [Muted] -> #5C8F6D (R=92 G=143 B=109)
[2025-12-13 14:53:30.133] [DEBUG] Palette [Success] -> #2CB158 (R=44 G=177 B=88)
[2025-12-13 14:53:30.145] [DEBUG] Palette [Bright] -> #2CB158 (R=44 G=177 B=88)
[2025-12-13 14:53:30.156] [DEBUG] Palette [Header] -> #228844 (R=34 G=136 B=68)
[2025-12-13 14:53:30.167] [DEBUG] Palette [Status] -> #5C8F6D (R=92 G=143 B=109)
[2025-12-13 14:53:30.179] [DEBUG] Palette [Label] -> #5C8F6D (R=92 G=143 B=109)
[2025-12-13 14:53:30.191] [DEBUG] Palette [Highlight] -> #228844 (R=34 G=136 B=68)
[2025-12-13 14:53:30.210] [DEBUG] Palette [Text] -> #C2EACF (R=194 G=234 B=207)
[2025-12-13 14:53:30.221] [DEBUG] Palette [Border] -> #185F30 (R=24 G=95 B=48)
[2025-12-13 14:53:30.232] [DEBUG] Palette [Cursor] -> #228844 (R=34 G=136 B=68)
[2025-12-13 14:53:30.249] [INFO] LoadFromConfig: Loaded Properties with 16 items
[2025-12-13 14:53:30.265] [INFO] PmcThemeEngine initialized with PMC palette (14 colors)
[2025-12-13 14:53:30.277] ServiceContainer: Resolved 'Theme' successfully
[2025-12-13 14:53:30.354] ServiceContainer: Resolving 'ThemeManager'...
[2025-12-13 14:53:30.366] [INFO] Resolving ThemeManager...
[2025-12-13 14:53:30.447] ServiceContainer: Resolved 'ThemeManager' successfully
[2025-12-13 14:53:30.467] ServiceContainer: Resolved 'Application' successfully
[2025-12-13 14:53:30.478] [INFO] Application resolved and assigned to $global:PmcApp
[2025-12-13 14:53:30.489] [INFO] Loading menus from manifest...
[2025-12-13 14:53:30.500] ServiceContainer: Resolving 'MenuRegistry'...
[2025-12-13 14:53:30.512] [INFO] Resolving MenuRegistry...
[2025-12-13 14:53:30.526] ServiceContainer: Resolved 'MenuRegistry' successfully
[2025-12-13 14:53:30.547] MenuRegistry: Loaded manifest with 24 entries
[2025-12-13 14:53:30.575] ServiceContainer: Registered 'ProjectListScreen' (singleton=False)
[2025-12-13 14:53:30.587] MenuRegistry: Registered screen factory 'ProjectListScreen' in container (viewMode=)
[2025-12-13 14:53:30.606] MenuRegistry: Registered 'Project List' in 'Projects' menu (hotkey=L order=10)
[2025-12-13 14:53:30.618] ServiceContainer: Registered 'KanbanScreenV2' (singleton=False)
[2025-12-13 14:53:30.629] MenuRegistry: Registered screen factory 'KanbanScreenV2' in container (viewMode=)
[2025-12-13 14:53:30.642] MenuRegistry: Registered 'Kanban Board' in 'Tasks' menu (hotkey=K order=55)
[2025-12-13 14:53:30.654] ServiceContainer: Registered 'TaskListScreen_Today' (singleton=False)
[2025-12-13 14:53:30.664] MenuRegistry: Registered screen factory 'TaskListScreen_Today' in container (viewMode=today)
[2025-12-13 14:53:30.675] MenuRegistry: Registered 'Today' in 'Tasks' menu (hotkey=Y order=10)
[2025-12-13 14:53:30.685] ServiceContainer: Registered 'TaskListScreen_Month' (singleton=False)
[2025-12-13 14:53:30.697] MenuRegistry: Registered screen factory 'TaskListScreen_Month' in container (viewMode=month)
[2025-12-13 14:53:30.710] MenuRegistry: Registered 'Month View' in 'Tasks' menu (hotkey=M order=45)
[2025-12-13 14:53:30.721] ServiceContainer: Registered 'TaskListScreen_Default' (singleton=False)
[2025-12-13 14:53:30.732] MenuRegistry: Registered screen factory 'TaskListScreen_Default' in container (viewMode=)
[2025-12-13 14:53:30.743] MenuRegistry: Registered 'Task List' in 'Tasks' menu (hotkey=L order=5)
[2025-12-13 14:53:30.753] ServiceContainer: Registered 'TaskListScreen_Week' (singleton=False)
[2025-12-13 14:53:30.764] MenuRegistry: Registered screen factory 'TaskListScreen_Week' in container (viewMode=week)
[2025-12-13 14:53:30.775] MenuRegistry: Registered 'Week View' in 'Tasks' menu (hotkey=W order=20)
[2025-12-13 14:53:30.787] ServiceContainer: Registered 'CommandLibraryScreen' (singleton=False)
[2025-12-13 14:53:30.798] MenuRegistry: Registered screen factory 'CommandLibraryScreen' in container (viewMode=)
[2025-12-13 14:53:30.809] MenuRegistry: Registered 'Command Library' in 'Tools' menu (hotkey=L order=10)
[2025-12-13 14:53:30.827] ServiceContainer: Registered 'HelpViewScreen' (singleton=False)
[2025-12-13 14:53:30.838] MenuRegistry: Registered screen factory 'HelpViewScreen' in container (viewMode=)
[2025-12-13 14:53:30.850] MenuRegistry: Registered 'Help' in 'Help' menu (hotkey=H order=10)
[2025-12-13 14:53:30.861] ServiceContainer: Registered 'SettingsScreen' (singleton=False)
[2025-12-13 14:53:30.872] MenuRegistry: Registered screen factory 'SettingsScreen' in container (viewMode=)
[2025-12-13 14:53:30.885] MenuRegistry: Registered 'Settings' in 'Options' menu (hotkey=S order=20)
[2025-12-13 14:53:30.896] ServiceContainer: Registered 'ThemeEditorScreen' (singleton=False)
[2025-12-13 14:53:30.907] MenuRegistry: Registered screen factory 'ThemeEditorScreen' in container (viewMode=)
[2025-12-13 14:53:30.918] MenuRegistry: Registered 'Theme Editor' in 'Options' menu (hotkey=T order=10)
[2025-12-13 14:53:30.928] ServiceContainer: Registered 'TaskListScreen_Upcoming' (singleton=False)
[2025-12-13 14:53:30.940] MenuRegistry: Registered screen factory 'TaskListScreen_Upcoming' in container (viewMode=upcoming)
[2025-12-13 14:53:30.955] MenuRegistry: Registered 'Upcoming' in 'Tasks' menu (hotkey=U order=25)
[2025-12-13 14:53:30.967] ServiceContainer: Registered 'WeeklyTimeReportScreen' (singleton=False)
[2025-12-13 14:53:30.979] MenuRegistry: Registered screen factory 'WeeklyTimeReportScreen' in container (viewMode=)
[2025-12-13 14:53:30.989] MenuRegistry: Registered 'Weekly Report' in 'Time' menu (hotkey=W order=10)
[2025-12-13 14:53:31.001] ServiceContainer: Registered 'TimeReportScreen' (singleton=False)
[2025-12-13 14:53:31.012] MenuRegistry: Registered screen factory 'TimeReportScreen' in container (viewMode=)
[2025-12-13 14:53:31.024] MenuRegistry: Registered 'Time Report' in 'Time' menu (hotkey=R order=20)
[2025-12-13 14:53:31.036] ServiceContainer: Registered 'ChecklistTemplatesFolderScreen' (singleton=False)
[2025-12-13 14:53:31.046] MenuRegistry: Registered screen factory 'ChecklistTemplatesFolderScreen' in container (viewMode=)
[2025-12-13 14:53:31.056] MenuRegistry: Registered 'Checklist Templates' in 'Tools' menu (hotkey=H order=30)
[2025-12-13 14:53:31.068] ServiceContainer: Registered 'ChecklistsLauncherScreen' (singleton=False)
[2025-12-13 14:53:31.084] MenuRegistry: Registered screen factory 'ChecklistsLauncherScreen' in container (viewMode=)
[2025-12-13 14:53:31.097] MenuRegistry: Registered 'Checklists' in 'Tools' menu (hotkey=C order=25)
[2025-12-13 14:53:31.110] ServiceContainer: Registered 'TaskListScreen_Overdue' (singleton=False)
[2025-12-13 14:53:31.122] MenuRegistry: Registered screen factory 'TaskListScreen_Overdue' in container (viewMode=overdue)
[2025-12-13 14:53:31.134] MenuRegistry: Registered 'Overdue' in 'Tasks' menu (hotkey=O order=30)
[2025-12-13 14:53:31.146] ServiceContainer: Registered 'ExcelImportScreen' (singleton=False)
[2025-12-13 14:53:31.159] MenuRegistry: Registered screen factory 'ExcelImportScreen' in container (viewMode=)
[2025-12-13 14:53:31.171] MenuRegistry: Registered 'Import from Excel' in 'Projects' menu (hotkey=I order=40)
[2025-12-13 14:53:31.182] ServiceContainer: Registered 'TaskListScreen_Tomorrow' (singleton=False)
[2025-12-13 14:53:31.194] MenuRegistry: Registered screen factory 'TaskListScreen_Tomorrow' in container (viewMode=tomorrow)
[2025-12-13 14:53:31.209] MenuRegistry: Registered 'Tomorrow' in 'Tasks' menu (hotkey=T order=15)
[2025-12-13 14:53:31.220] ServiceContainer: Registered 'ExcelProfileManagerScreen' (singleton=False)
[2025-12-13 14:53:31.231] MenuRegistry: Registered screen factory 'ExcelProfileManagerScreen' in container (viewMode=)
[2025-12-13 14:53:31.243] MenuRegistry: Registered 'Excel Profiles' in 'Projects' menu (hotkey=M order=50)
[2025-12-13 14:53:31.255] ServiceContainer: Registered 'TimeListScreen' (singleton=False)
[2025-12-13 14:53:31.268] MenuRegistry: Registered screen factory 'TimeListScreen' in container (viewMode=)
[2025-12-13 14:53:31.279] MenuRegistry: Registered 'Time Tracking' in 'Time' menu (hotkey=T order=5)
[2025-12-13 14:53:31.290] ServiceContainer: Registered 'NotesMenuScreen' (singleton=False)
[2025-12-13 14:53:31.302] MenuRegistry: Registered screen factory 'NotesMenuScreen' in container (viewMode=)
[2025-12-13 14:53:31.312] MenuRegistry: Registered 'Notes' in 'Tools' menu (hotkey=N order=20)
[2025-12-13 14:53:31.339] ServiceContainer: Registered 'TaskListScreen_Agenda' (singleton=False)
[2025-12-13 14:53:31.351] MenuRegistry: Registered screen factory 'TaskListScreen_Agenda' in container (viewMode=agenda)
[2025-12-13 14:53:31.363] MenuRegistry: Registered 'Agenda View' in 'Tasks' menu (hotkey=A order=50)
[2025-12-13 14:53:31.373] ServiceContainer: Registered 'TaskListScreen_NoDate' (singleton=False)
[2025-12-13 14:53:31.383] MenuRegistry: Registered screen factory 'TaskListScreen_NoDate' in container (viewMode=noduedate)
[2025-12-13 14:53:31.395] MenuRegistry: Registered 'No Due Date' in 'Tasks' menu (hotkey=D order=40)
[2025-12-13 14:53:31.407] ServiceContainer: Registered 'TaskListScreen_NextActions' (singleton=False)
[2025-12-13 14:53:31.419] MenuRegistry: Registered screen factory 'TaskListScreen_NextActions' in container (viewMode=nextactions)
[2025-12-13 14:53:31.431] MenuRegistry: Registered 'Next Actions' in 'Tasks' menu (hotkey=N order=35)
[2025-12-13 14:53:31.443] [INFO] Menus loaded from C:\Users\jhnhe\OneDrive\Documents\GitHub\project-management-console\og_transport\HYBRID\module\Pmc.Strict\consoleui\screens\MenuItems.psd1
[2025-12-13 14:53:31.459] [INFO] Launching screen: TaskList
[2025-12-13 14:53:31.469] [INFO] Resolving TaskListScreen from container...
[2025-12-13 14:53:31.480] ServiceContainer: Resolving 'TaskListScreen'...
[2025-12-13 14:53:31.494] [INFO] Resolving TaskListScreen...
[2025-12-13 14:53:31.506] ServiceContainer: Resolving 'TaskStore'...
[2025-12-13 14:53:31.517] [INFO] Resolving TaskStore...
[2025-12-13 14:53:31.550] [DEBUG] TaskStore.LoadData: Starting
[2025-12-13 14:53:31.562] [DEBUG] TaskStore.LoadData: Calling Get-PmcData
[2025-12-13 14:53:31.783] [DEBUG] TaskStore.LoadData: Get-PmcData returned - tasks=4 projects=2 timelogs=3
[2025-12-13 14:53:31.801] [DEBUG] TaskStore.LoadData: Loaded 4 tasks
[2025-12-13 14:53:31.814] [DEBUG] TaskStore.LoadData: Loaded 2 projects
[2025-12-13 14:53:31.833] [DEBUG] TaskStore.LoadData: First project name='p1' ID1='111'
[2025-12-13 14:53:31.849] ServiceContainer: Resolved 'TaskStore' successfully
[2025-12-13 14:53:32.203] MenuRegistry: Loaded manifest with 24 entries
[2025-12-13 14:53:32.216] MenuRegistry: Registered 'Project List' in 'Projects' menu (hotkey=L order=10)
[2025-12-13 14:53:32.228] MenuRegistry: Registered 'Kanban Board' in 'Tasks' menu (hotkey=K order=55)
[2025-12-13 14:53:32.239] MenuRegistry: Registered 'Today' in 'Tasks' menu (hotkey=Y order=10)
[2025-12-13 14:53:32.250] MenuRegistry: Registered 'Month View' in 'Tasks' menu (hotkey=M order=45)
[2025-12-13 14:53:32.261] MenuRegistry: Registered 'Task List' in 'Tasks' menu (hotkey=L order=5)
[2025-12-13 14:53:32.272] MenuRegistry: Registered 'Week View' in 'Tasks' menu (hotkey=W order=20)
[2025-12-13 14:53:32.282] MenuRegistry: Registered 'Command Library' in 'Tools' menu (hotkey=L order=10)
[2025-12-13 14:53:32.293] MenuRegistry: Registered 'Help' in 'Help' menu (hotkey=H order=10)
[2025-12-13 14:53:32.303] MenuRegistry: Registered 'Settings' in 'Options' menu (hotkey=S order=20)
[2025-12-13 14:53:32.315] MenuRegistry: Registered 'Theme Editor' in 'Options' menu (hotkey=T order=10)
[2025-12-13 14:53:32.330] MenuRegistry: Registered 'Upcoming' in 'Tasks' menu (hotkey=U order=25)
[2025-12-13 14:53:32.341] MenuRegistry: Registered 'Weekly Report' in 'Time' menu (hotkey=W order=10)
[2025-12-13 14:53:32.353] MenuRegistry: Registered 'Time Report' in 'Time' menu (hotkey=R order=20)
[2025-12-13 14:53:32.364] MenuRegistry: Registered 'Checklist Templates' in 'Tools' menu (hotkey=H order=30)
[2025-12-13 14:53:32.375] MenuRegistry: Registered 'Checklists' in 'Tools' menu (hotkey=C order=25)
[2025-12-13 14:53:32.386] MenuRegistry: Registered 'Overdue' in 'Tasks' menu (hotkey=O order=30)
[2025-12-13 14:53:32.398] MenuRegistry: Registered 'Import from Excel' in 'Projects' menu (hotkey=I order=40)
[2025-12-13 14:53:32.408] MenuRegistry: Registered 'Tomorrow' in 'Tasks' menu (hotkey=T order=15)
[2025-12-13 14:53:32.419] MenuRegistry: Registered 'Excel Profiles' in 'Projects' menu (hotkey=M order=50)
[2025-12-13 14:53:32.432] MenuRegistry: Registered 'Time Tracking' in 'Time' menu (hotkey=T order=5)
[2025-12-13 14:53:32.443] MenuRegistry: Registered 'Notes' in 'Tools' menu (hotkey=N order=20)
[2025-12-13 14:53:32.458] MenuRegistry: Registered 'Agenda View' in 'Tasks' menu (hotkey=A order=50)
[2025-12-13 14:53:32.469] MenuRegistry: Registered 'No Due Date' in 'Tasks' menu (hotkey=D order=40)
[2025-12-13 14:53:32.481] MenuRegistry: Registered 'Next Actions' in 'Tasks' menu (hotkey=N order=35)
[2025-12-13 14:53:32.506] _PopulateMenusFromRegistry: Menu 'Options' has 2 items from registry (array)
[2025-12-13 14:53:32.527] _PopulateMenusFromRegistry: Menu 'Help' has 1 items from registry (array)
[2025-12-13 14:53:32.539] _PopulateMenusFromRegistry: Menu 'Tools' has 4 items from registry (array)
[2025-12-13 14:53:32.552] _PopulateMenusFromRegistry: Menu 'Projects' has 3 items from registry (array)
[2025-12-13 14:53:32.585] _PopulateMenusFromRegistry: Menu 'Tasks' has 11 items from registry (array)
[2025-12-13 14:53:32.599] _PopulateMenusFromRegistry: Menu 'Time' has 3 items from registry (array)
[2025-12-13 14:53:32.611] ServiceContainer: Resolved 'TaskListScreen' successfully
[2025-12-13 14:53:32.622] [INFO] Pushing screen to app...
[2025-12-13 14:53:32.860] [DEBUG] LoadData: Got 4 tasks from Store
[2025-12-13 14:53:32.960] [DEBUG] TaskListScreen.LoadData: Setting 4 tasks
[2025-12-13 14:53:33.227] [INFO] Screen pushed successfully
[2025-12-13 14:53:33.240] [INFO] Starting event loop...
[2025-12-13 14:53:34.636] [INFO] Cleanup - showing cursor and resetting terminal
