[2025-12-13 09:18:41.245] [INFO] Loading PMC module...
[2025-12-13 09:18:42.317] [INFO] PMC module loaded
[2025-12-13 09:18:42.318] [INFO] Loading dependencies (FieldSchemas, etc.)...
[2025-12-13 09:18:42.429] [INFO] Dependencies loaded
[2025-12-13 09:18:42.440] [INFO] Loading SpeedTUI framework...
[2025-12-13 09:18:42.723] [INFO] SpeedTUI framework loaded
[2025-12-13 09:18:42.732] [INFO] Loading PraxisVT...
[2025-12-13 09:18:42.748] [INFO] PraxisVT loaded
[2025-12-13 09:18:42.757] [INFO] Loading core dependencies...
[2025-12-13 09:18:42.816] [INFO] Core dependencies loaded
[2025-12-13 09:18:42.825] [INFO] Loading widget base classes...
[2025-12-13 09:18:42.871] [INFO] Widget base classes loaded
[2025-12-13 09:18:42.881] [INFO] Loading services...
[2025-12-13 09:18:43.070] [INFO] Services loaded
[2025-12-13 09:18:43.080] [INFO] Loading helpers...
[2025-12-13 09:18:43.924] [INFO] Helpers loaded
[2025-12-13 09:18:43.926] [INFO] Loading widgets...
[2025-12-13 09:18:44.346] [INFO] Widgets loaded
[2025-12-13 09:18:44.357] [INFO] Loading screen base class...
[2025-12-13 09:18:44.387] [INFO] Screen base class loaded
[2025-12-13 09:18:44.398] [INFO] Loading HelpViewScreen (needed by base classes)...
[2025-12-13 09:18:44.433] [INFO] HelpViewScreen loaded
[2025-12-13 09:18:44.443] [INFO] Loading base classes...
[2025-12-13 09:18:44.535] [INFO] Base classes loaded
[2025-12-13 09:18:44.546] [INFO] Loading ServiceContainer (needed by screens)...
[2025-12-13 09:18:44.566] [INFO] ServiceContainer loaded
[2025-12-13 09:18:44.577] [INFO] Loading remaining screens...
[2025-12-13 09:18:44.683] [INFO] Remaining screens loaded
[2025-12-13 09:18:44.694] [INFO] Loading PmcApplication...
[2025-12-13 09:18:44.726] [INFO] PmcApplication loaded
[2025-12-13 09:18:44.738] [INFO] All components loaded successfully
[2025-12-13 09:18:44.760] [INFO] Starting PMC TUI with screen: TaskList
[2025-12-13 09:18:44.778] [INFO] Cleared stale PmcSharedMenuBar and MenuRegistry singleton
[2025-12-13 09:18:44.795] [INFO] Creating ServiceContainer...
[2025-12-13 09:18:44.812] [INFO] ServiceContainer created
[2025-12-13 09:18:44.822] [INFO] Registering Theme service...
[2025-12-13 09:18:44.842] ServiceContainer: Registered 'Theme' (singleton=True)
[2025-12-13 09:18:44.853] [INFO] Registering ThemeManager...
[2025-12-13 09:18:44.863] ServiceContainer: Registered 'ThemeManager' (singleton=True)
[2025-12-13 09:18:44.873] [INFO] Registering Config service...
[2025-12-13 09:18:44.883] ServiceContainer: Registered 'Config' (singleton=True)
[2025-12-13 09:18:44.901] [INFO] Registering TaskStore service...
[2025-12-13 09:18:44.921] ServiceContainer: Registered 'TaskStore' (singleton=True)
[2025-12-13 09:18:44.938] [INFO] Registering MenuRegistry service...
[2025-12-13 09:18:44.950] ServiceContainer: Registered 'MenuRegistry' (singleton=True)
[2025-12-13 09:18:44.967] [INFO] Registering Application service...
[2025-12-13 09:18:44.981] ServiceContainer: Registered 'Application' (singleton=True)
[2025-12-13 09:18:44.993] [INFO] Registering CommandService...
[2025-12-13 09:18:45.006] ServiceContainer: Registered 'CommandService' (singleton=True)
[2025-12-13 09:18:45.017] [INFO] Registering ChecklistService...
[2025-12-13 09:18:45.031] ServiceContainer: Registered 'ChecklistService' (singleton=True)
[2025-12-13 09:18:45.043] [INFO] Registering NoteService...
[2025-12-13 09:18:45.053] ServiceContainer: Registered 'NoteService' (singleton=True)
[2025-12-13 09:18:45.064] [INFO] Registering ExcelMappingService...
[2025-12-13 09:18:45.074] ServiceContainer: Registered 'ExcelMappingService' (singleton=True)
[2025-12-13 09:18:45.087] [INFO] Registering PreferencesService...
[2025-12-13 09:18:45.101] ServiceContainer: Registered 'PreferencesService' (singleton=True)
[2025-12-13 09:18:45.114] [INFO] Registering screen factories...
[2025-12-13 09:18:45.129] ServiceContainer: Registered 'TaskListScreen' (singleton=False)
[2025-12-13 09:18:45.140] [INFO] Resolving Application from container...
[2025-12-13 09:18:45.169] ServiceContainer: Resolving 'Application'...
[2025-12-13 09:18:45.185] [INFO] Resolving Application...
[2025-12-13 09:18:45.198] ServiceContainer: Resolving 'Theme'...
[2025-12-13 09:18:45.217] [INFO] Resolving Theme: Calling Initialize-PmcThemeSystem...
[2025-12-13 09:18:45.238] [INFO] Theme resolved: #33aaff
[2025-12-13 09:18:45.250] [INFO] Loading PmcThemeEngine...
[2025-12-13 09:18:45.345] [DEBUG] Palette [Bright] -> #2CB158 (R=44 G=177 B=88)
[2025-12-13 09:18:45.357] [DEBUG] Palette [Warning] -> #7FCA14 (R=127 G=202 B=20)
[2025-12-13 09:18:45.368] [DEBUG] Palette [Header] -> #228844 (R=34 G=136 B=68)
[2025-12-13 09:18:45.396] [DEBUG] Palette [Footer] -> #185F30 (R=24 G=95 B=48)
[2025-12-13 09:18:45.411] [DEBUG] Palette [Highlight] -> #228844 (R=34 G=136 B=68)
[2025-12-13 09:18:45.423] [DEBUG] Palette [Primary] -> #228844 (R=34 G=136 B=68)
[2025-12-13 09:18:45.434] [DEBUG] Palette [Text] -> #C2EACF (R=194 G=234 B=207)
[2025-12-13 09:18:45.444] [DEBUG] Palette [Error] -> #BE2914 (R=190 G=41 B=20)
[2025-12-13 09:18:45.455] [DEBUG] Palette [Label] -> #5C8F6D (R=92 G=143 B=109)
[2025-12-13 09:18:45.465] [DEBUG] Palette [Cursor] -> #228844 (R=34 G=136 B=68)
[2025-12-13 09:18:45.475] [DEBUG] Palette [Status] -> #5C8F6D (R=92 G=143 B=109)
[2025-12-13 09:18:45.486] [DEBUG] Palette [Success] -> #2CB158 (R=44 G=177 B=88)
[2025-12-13 09:18:45.497] [DEBUG] Palette [Border] -> #185F30 (R=24 G=95 B=48)
[2025-12-13 09:18:45.508] [DEBUG] Palette [Muted] -> #5C8F6D (R=92 G=143 B=109)
[2025-12-13 09:18:45.527] [INFO] LoadFromConfig: Loaded Properties with 16 items
[2025-12-13 09:18:45.551] [INFO] PmcThemeEngine initialized with PMC palette (14 colors)
[2025-12-13 09:18:45.569] ServiceContainer: Resolved 'Theme' successfully
[2025-12-13 09:18:45.869] ServiceContainer: Resolving 'ThemeManager'...
[2025-12-13 09:18:45.882] [INFO] Resolving ThemeManager...
[2025-12-13 09:18:45.960] ServiceContainer: Resolved 'ThemeManager' successfully
[2025-12-13 09:18:45.975] ServiceContainer: Resolved 'Application' successfully
[2025-12-13 09:18:45.985] [INFO] Application resolved and assigned to $global:PmcApp
[2025-12-13 09:18:45.997] [INFO] Loading menus from manifest...
[2025-12-13 09:18:46.007] ServiceContainer: Resolving 'MenuRegistry'...
[2025-12-13 09:18:46.017] [INFO] Resolving MenuRegistry...
[2025-12-13 09:18:46.035] ServiceContainer: Resolved 'MenuRegistry' successfully
[2025-12-13 09:18:46.057] MenuRegistry: Loaded manifest with 24 entries
[2025-12-13 09:18:46.080] ServiceContainer: Registered 'ChecklistTemplatesFolderScreen' (singleton=False)
[2025-12-13 09:18:46.093] MenuRegistry: Registered screen factory 'ChecklistTemplatesFolderScreen' in container (viewMode=)
[2025-12-13 09:18:46.111] MenuRegistry: Registered 'Checklist Templates' in 'Tools' menu (hotkey=H order=30)
[2025-12-13 09:18:46.124] ServiceContainer: Registered 'TaskListScreen_Upcoming' (singleton=False)
[2025-12-13 09:18:46.135] MenuRegistry: Registered screen factory 'TaskListScreen_Upcoming' in container (viewMode=upcoming)
[2025-12-13 09:18:46.150] MenuRegistry: Registered 'Upcoming' in 'Tasks' menu (hotkey=U order=25)
[2025-12-13 09:18:46.164] ServiceContainer: Registered 'HelpViewScreen' (singleton=False)
[2025-12-13 09:18:46.179] MenuRegistry: Registered screen factory 'HelpViewScreen' in container (viewMode=)
[2025-12-13 09:18:46.191] MenuRegistry: Registered 'Help' in 'Help' menu (hotkey=H order=10)
[2025-12-13 09:18:46.204] ServiceContainer: Registered 'WeeklyTimeReportScreen' (singleton=False)
[2025-12-13 09:18:46.214] MenuRegistry: Registered screen factory 'WeeklyTimeReportScreen' in container (viewMode=)
[2025-12-13 09:18:46.226] MenuRegistry: Registered 'Weekly Report' in 'Time' menu (hotkey=W order=10)
[2025-12-13 09:18:46.236] ServiceContainer: Registered 'ExcelProfileManagerScreen' (singleton=False)
[2025-12-13 09:18:46.246] MenuRegistry: Registered screen factory 'ExcelProfileManagerScreen' in container (viewMode=)
[2025-12-13 09:18:46.256] MenuRegistry: Registered 'Excel Profiles' in 'Projects' menu (hotkey=M order=50)
[2025-12-13 09:18:46.268] ServiceContainer: Registered 'TaskListScreen_Overdue' (singleton=False)
[2025-12-13 09:18:46.282] MenuRegistry: Registered screen factory 'TaskListScreen_Overdue' in container (viewMode=overdue)
[2025-12-13 09:18:46.294] MenuRegistry: Registered 'Overdue' in 'Tasks' menu (hotkey=O order=30)
[2025-12-13 09:18:46.306] ServiceContainer: Registered 'TaskListScreen_NextActions' (singleton=False)
[2025-12-13 09:18:46.317] MenuRegistry: Registered screen factory 'TaskListScreen_NextActions' in container (viewMode=nextactions)
[2025-12-13 09:18:46.328] MenuRegistry: Registered 'Next Actions' in 'Tasks' menu (hotkey=N order=35)
[2025-12-13 09:18:46.340] ServiceContainer: Registered 'TaskListScreen_Week' (singleton=False)
[2025-12-13 09:18:46.350] MenuRegistry: Registered screen factory 'TaskListScreen_Week' in container (viewMode=week)
[2025-12-13 09:18:46.362] MenuRegistry: Registered 'Week View' in 'Tasks' menu (hotkey=W order=20)
[2025-12-13 09:18:46.373] ServiceContainer: Registered 'ProjectListScreen' (singleton=False)
[2025-12-13 09:18:46.383] MenuRegistry: Registered screen factory 'ProjectListScreen' in container (viewMode=)
[2025-12-13 09:18:46.394] MenuRegistry: Registered 'Project List' in 'Projects' menu (hotkey=L order=10)
[2025-12-13 09:18:46.408] ServiceContainer: Registered 'CommandLibraryScreen' (singleton=False)
[2025-12-13 09:18:46.419] MenuRegistry: Registered screen factory 'CommandLibraryScreen' in container (viewMode=)
[2025-12-13 09:18:46.430] MenuRegistry: Registered 'Command Library' in 'Tools' menu (hotkey=L order=10)
[2025-12-13 09:18:46.441] ServiceContainer: Registered 'TaskListScreen_NoDate' (singleton=False)
[2025-12-13 09:18:46.451] MenuRegistry: Registered screen factory 'TaskListScreen_NoDate' in container (viewMode=noduedate)
[2025-12-13 09:18:46.462] MenuRegistry: Registered 'No Due Date' in 'Tasks' menu (hotkey=D order=40)
[2025-12-13 09:18:46.473] ServiceContainer: Registered 'ThemeEditorScreen' (singleton=False)
[2025-12-13 09:18:46.483] MenuRegistry: Registered screen factory 'ThemeEditorScreen' in container (viewMode=)
[2025-12-13 09:18:46.493] MenuRegistry: Registered 'Theme Editor' in 'Options' menu (hotkey=T order=10)
[2025-12-13 09:18:46.504] ServiceContainer: Registered 'TaskListScreen_Today' (singleton=False)
[2025-12-13 09:18:46.514] MenuRegistry: Registered screen factory 'TaskListScreen_Today' in container (viewMode=today)
[2025-12-13 09:18:46.528] MenuRegistry: Registered 'Today' in 'Tasks' menu (hotkey=Y order=10)
[2025-12-13 09:18:46.542] ServiceContainer: Registered 'TaskListScreen_Tomorrow' (singleton=False)
[2025-12-13 09:18:46.554] MenuRegistry: Registered screen factory 'TaskListScreen_Tomorrow' in container (viewMode=tomorrow)
[2025-12-13 09:18:46.566] MenuRegistry: Registered 'Tomorrow' in 'Tasks' menu (hotkey=T order=15)
[2025-12-13 09:18:46.578] ServiceContainer: Registered 'TaskListScreen_Agenda' (singleton=False)
[2025-12-13 09:18:46.589] MenuRegistry: Registered screen factory 'TaskListScreen_Agenda' in container (viewMode=agenda)
[2025-12-13 09:18:46.600] MenuRegistry: Registered 'Agenda View' in 'Tasks' menu (hotkey=A order=50)
[2025-12-13 09:18:46.611] ServiceContainer: Registered 'TaskListScreen_Month' (singleton=False)
[2025-12-13 09:18:46.622] MenuRegistry: Registered screen factory 'TaskListScreen_Month' in container (viewMode=month)
[2025-12-13 09:18:46.632] MenuRegistry: Registered 'Month View' in 'Tasks' menu (hotkey=M order=45)
[2025-12-13 09:18:46.643] ServiceContainer: Registered 'TimeListScreen' (singleton=False)
[2025-12-13 09:18:46.661] MenuRegistry: Registered screen factory 'TimeListScreen' in container (viewMode=)
[2025-12-13 09:18:46.672] MenuRegistry: Registered 'Time Tracking' in 'Time' menu (hotkey=T order=5)
[2025-12-13 09:18:46.684] ServiceContainer: Registered 'TimeReportScreen' (singleton=False)
[2025-12-13 09:18:46.695] MenuRegistry: Registered screen factory 'TimeReportScreen' in container (viewMode=)
[2025-12-13 09:18:46.706] MenuRegistry: Registered 'Time Report' in 'Time' menu (hotkey=R order=20)
[2025-12-13 09:18:46.718] ServiceContainer: Registered 'NotesMenuScreen' (singleton=False)
[2025-12-13 09:18:46.728] MenuRegistry: Registered screen factory 'NotesMenuScreen' in container (viewMode=)
[2025-12-13 09:18:46.739] MenuRegistry: Registered 'Notes' in 'Tools' menu (hotkey=N order=20)
[2025-12-13 09:18:46.750] ServiceContainer: Registered 'TaskListScreen_Default' (singleton=False)
[2025-12-13 09:18:46.761] MenuRegistry: Registered screen factory 'TaskListScreen_Default' in container (viewMode=)
[2025-12-13 09:18:46.773] MenuRegistry: Registered 'Task List' in 'Tasks' menu (hotkey=L order=5)
[2025-12-13 09:18:46.789] ServiceContainer: Registered 'SettingsScreen' (singleton=False)
[2025-12-13 09:18:46.800] MenuRegistry: Registered screen factory 'SettingsScreen' in container (viewMode=)
[2025-12-13 09:18:46.812] MenuRegistry: Registered 'Settings' in 'Options' menu (hotkey=S order=20)
[2025-12-13 09:18:46.829] ServiceContainer: Registered 'ExcelImportScreen' (singleton=False)
[2025-12-13 09:18:46.839] MenuRegistry: Registered screen factory 'ExcelImportScreen' in container (viewMode=)
[2025-12-13 09:18:46.850] MenuRegistry: Registered 'Import from Excel' in 'Projects' menu (hotkey=I order=40)
[2025-12-13 09:18:46.861] ServiceContainer: Registered 'KanbanScreenV2' (singleton=False)
[2025-12-13 09:18:46.874] MenuRegistry: Registered screen factory 'KanbanScreenV2' in container (viewMode=)
[2025-12-13 09:18:46.885] MenuRegistry: Registered 'Kanban Board' in 'Tasks' menu (hotkey=K order=55)
[2025-12-13 09:18:46.896] ServiceContainer: Registered 'ChecklistsLauncherScreen' (singleton=False)
[2025-12-13 09:18:46.911] MenuRegistry: Registered screen factory 'ChecklistsLauncherScreen' in container (viewMode=)
[2025-12-13 09:18:46.922] MenuRegistry: Registered 'Checklists' in 'Tools' menu (hotkey=C order=25)
[2025-12-13 09:18:46.934] [INFO] Menus loaded from C:\Users\jhnhe\OneDrive\Documents\GitHub\project-management-console\og_transport\HYBRID\module\Pmc.strict\consoleui\screens\MenuItems.psd1
[2025-12-13 09:18:46.946] [INFO] Launching screen: TaskList
[2025-12-13 09:18:46.956] [INFO] Resolving TaskListScreen from container...
[2025-12-13 09:18:46.967] ServiceContainer: Resolving 'TaskListScreen'...
[2025-12-13 09:18:46.979] [INFO] Resolving TaskListScreen...
[2025-12-13 09:18:46.990] ServiceContainer: Resolving 'TaskStore'...
[2025-12-13 09:18:47.001] [INFO] Resolving TaskStore...
[2025-12-13 09:18:47.035] [DEBUG] TaskStore.LoadData: Starting
[2025-12-13 09:18:47.047] [DEBUG] TaskStore.LoadData: Calling Get-PmcData
[2025-12-13 09:18:47.269] [DEBUG] TaskStore.LoadData: Get-PmcData returned - tasks=4 projects=2 timelogs=3
[2025-12-13 09:18:47.291] [DEBUG] TaskStore.LoadData: Loaded 4 tasks
[2025-12-13 09:18:47.305] [DEBUG] TaskStore.LoadData: Loaded 2 projects
[2025-12-13 09:18:47.319] [DEBUG] TaskStore.LoadData: First project name='p1' ID1='111'
[2025-12-13 09:18:47.336] ServiceContainer: Resolved 'TaskStore' successfully
[2025-12-13 09:18:47.677] MenuRegistry: Loaded manifest with 24 entries
[2025-12-13 09:18:47.689] MenuRegistry: Registered 'Checklist Templates' in 'Tools' menu (hotkey=H order=30)
[2025-12-13 09:18:47.702] MenuRegistry: Registered 'Upcoming' in 'Tasks' menu (hotkey=U order=25)
[2025-12-13 09:18:47.715] MenuRegistry: Registered 'Help' in 'Help' menu (hotkey=H order=10)
[2025-12-13 09:18:47.727] MenuRegistry: Registered 'Weekly Report' in 'Time' menu (hotkey=W order=10)
[2025-12-13 09:18:47.738] MenuRegistry: Registered 'Excel Profiles' in 'Projects' menu (hotkey=M order=50)
[2025-12-13 09:18:47.748] MenuRegistry: Registered 'Overdue' in 'Tasks' menu (hotkey=O order=30)
[2025-12-13 09:18:47.760] MenuRegistry: Registered 'Next Actions' in 'Tasks' menu (hotkey=N order=35)
[2025-12-13 09:18:47.770] MenuRegistry: Registered 'Week View' in 'Tasks' menu (hotkey=W order=20)
[2025-12-13 09:18:47.785] MenuRegistry: Registered 'Project List' in 'Projects' menu (hotkey=L order=10)
[2025-12-13 09:18:47.796] MenuRegistry: Registered 'Command Library' in 'Tools' menu (hotkey=L order=10)
[2025-12-13 09:18:47.807] MenuRegistry: Registered 'No Due Date' in 'Tasks' menu (hotkey=D order=40)
[2025-12-13 09:18:47.817] MenuRegistry: Registered 'Theme Editor' in 'Options' menu (hotkey=T order=10)
[2025-12-13 09:18:47.827] MenuRegistry: Registered 'Today' in 'Tasks' menu (hotkey=Y order=10)
[2025-12-13 09:18:47.838] MenuRegistry: Registered 'Tomorrow' in 'Tasks' menu (hotkey=T order=15)
[2025-12-13 09:18:47.849] MenuRegistry: Registered 'Agenda View' in 'Tasks' menu (hotkey=A order=50)
[2025-12-13 09:18:47.859] MenuRegistry: Registered 'Month View' in 'Tasks' menu (hotkey=M order=45)
[2025-12-13 09:18:47.870] MenuRegistry: Registered 'Time Tracking' in 'Time' menu (hotkey=T order=5)
[2025-12-13 09:18:47.882] MenuRegistry: Registered 'Time Report' in 'Time' menu (hotkey=R order=20)
[2025-12-13 09:18:47.894] MenuRegistry: Registered 'Notes' in 'Tools' menu (hotkey=N order=20)
[2025-12-13 09:18:47.910] MenuRegistry: Registered 'Task List' in 'Tasks' menu (hotkey=L order=5)
[2025-12-13 09:18:47.926] MenuRegistry: Registered 'Settings' in 'Options' menu (hotkey=S order=20)
[2025-12-13 09:18:47.940] MenuRegistry: Registered 'Import from Excel' in 'Projects' menu (hotkey=I order=40)
[2025-12-13 09:18:47.952] MenuRegistry: Registered 'Kanban Board' in 'Tasks' menu (hotkey=K order=55)
[2025-12-13 09:18:47.963] MenuRegistry: Registered 'Checklists' in 'Tools' menu (hotkey=C order=25)
[2025-12-13 09:18:47.986] _PopulateMenusFromRegistry: Menu 'Options' has 2 items from registry (array)
[2025-12-13 09:18:48.008] _PopulateMenusFromRegistry: Menu 'Time' has 3 items from registry (array)
[2025-12-13 09:18:48.021] _PopulateMenusFromRegistry: Menu 'Projects' has 3 items from registry (array)
[2025-12-13 09:18:48.037] _PopulateMenusFromRegistry: Menu 'Help' has 1 items from registry (array)
[2025-12-13 09:18:48.049] _PopulateMenusFromRegistry: Menu 'Tools' has 4 items from registry (array)
[2025-12-13 09:18:48.064] _PopulateMenusFromRegistry: Menu 'Tasks' has 11 items from registry (array)
[2025-12-13 09:18:48.076] ServiceContainer: Resolved 'TaskListScreen' successfully
[2025-12-13 09:18:48.087] [INFO] Pushing screen to app...
[2025-12-13 09:18:48.468] [DEBUG] LoadData: Got 4 tasks from Store
[2025-12-13 09:18:48.541] [DEBUG] TaskListScreen.LoadData: Setting 4 tasks
[2025-12-13 09:18:48.559] [INFO] UniversalList.SetData: START, data param type=System.Object[]
[2025-12-13 09:18:48.571] [INFO] UniversalList.SetData: About to assign _data
[2025-12-13 09:18:48.584] [INFO] UniversalList.SetData: _data assigned successfully
[2025-12-13 09:18:48.595] [INFO] UniversalList.SetData: About to check _data type
[2025-12-13 09:18:48.606] [INFO] UniversalList.SetData: _data type=System.Object[]
[2025-12-13 09:18:48.622] [INFO] UniversalList.SetData: About to access _data.Count
[2025-12-13 09:18:48.634] [INFO] UniversalList.SetData: _data.Count=4
[2025-12-13 09:18:48.646] [INFO] UniversalList.SetData: _filteredData assigned
[2025-12-13 09:18:48.664] [INFO] UniversalList.SetData: About to clear _selectedIndices
[2025-12-13 09:18:48.680] [INFO] UniversalList.SetData: _selectedIndices cleared
[2025-12-13 09:18:48.691] [INFO] UniversalList.SetData: Received 4 items
[2025-12-13 09:18:48.704] [INFO] UniversalList.SetData: First item type=Hashtable isHashtable=True
[2025-12-13 09:18:48.720] [INFO] UniversalList.SetData: First item keys: created, priority, due, details, id, status, completed, modified, text, tags, project
[2025-12-13 09:18:48.731] [INFO] UniversalList.SetData: Incrementing cache generation
[2025-12-13 09:18:48.743] [INFO] UniversalList.SetData: Clearing row cache
[2025-12-13 09:18:48.756] [INFO] UniversalList.SetData: Clearing cache access order
[2025-12-13 09:18:48.772] [INFO] UniversalList.SetData: Applying filters
[2025-12-13 09:18:48.806] [INFO] UniversalList.SetData: Applying search
[2025-12-13 09:18:48.816] [INFO] UniversalList.SetData: Invoking OnDataChanged callback
[2025-12-13 09:18:48.834] [INFO] UniversalList.SetData: COMPLETE
[2025-12-13 09:18:48.998] [INFO] Screen pushed successfully
[2025-12-13 09:18:49.014] [INFO] Starting event loop...
[2025-12-13 09:18:49.285] [ERROR] Widget render error: RenderContent render failed: Cannot find an overload for "DrawBox" and the argument count: "6".
[2025-12-13 09:18:49.297] [ERROR] Stack: at RenderToEngine, C:\Users\jhnhe\OneDrive\Documents\GitHub\project-management-console\og_transport\HYBRID\module\Pmc.strict\consoleui\widgets\UniversalList.ps1: line 924
at RenderContentToEngine, C:\Users\jhnhe\OneDrive\Documents\GitHub\project-management-console\og_transport\HYBRID\module\Pmc.strict\consoleui\base\StandardListScreen.ps1: line 1158
at RenderToEngine, C:\Users\jhnhe\OneDrive\Documents\GitHub\project-management-console\og_transport\HYBRID\module\Pmc.strict\consoleui\PmcScreen.ps1: line 579
at RenderToEngine, C:\Users\jhnhe\OneDrive\Documents\GitHub\project-management-console\og_transport\HYBRID\module\Pmc.strict\consoleui\base\StandardListScreen.ps1: line 219
at _RenderCurrentScreen, C:\Users\jhnhe\OneDrive\Documents\GitHub\project-management-console\og_transport\HYBRID\module\Pmc.strict\consoleui\PmcApplication.ps1: line 255
at Run, C:\Users\jhnhe\OneDrive\Documents\GitHub\project-management-console\og_transport\HYBRID\module\Pmc.strict\consoleui\PmcApplication.ps1: line 562
at Start-PmcTUI, C:\Users\jhnhe\OneDrive\Documents\GitHub\project-management-console\og_transport\HYBRID\module\Pmc.strict\consoleui\Start-PmcTUI.ps1: line 538
at <ScriptBlock>, C:\Users\jhnhe\OneDrive\Documents\GitHub\project-management-console\og_transport\HYBRID\module\Pmc.strict\consoleui\Start-PmcTUI.ps1: line 565
[2025-12-13 09:18:49.307] [ERROR] TargetObject: 
[2025-12-13 09:18:49.326] [ERROR] InvocationInfo:         $engine.DrawBox($this.X, $this.Y, $this.Width, $this.Height, $primaryColor, $borderColor)

[2025-12-13 09:18:49.467] [ERROR] Render error: Cannot find an overload for "DrawBox" and the argument count: "6".
[2025-12-13 09:18:49.485] [ERROR] Location: C:\Users\jhnhe\OneDrive\Documents\GitHub\project-management-console\og_transport\HYBRID\module\Pmc.strict\consoleui\widgets\UniversalList.ps1:924
[2025-12-13 09:18:49.502] [ERROR] Line:         $engine.DrawBox($this.X, $this.Y, $this.Width, $this.Height, $primaryColor, $borderColor)

[2025-12-13 09:18:49.520] [ERROR] Stack: at RenderToEngine, C:\Users\jhnhe\OneDrive\Documents\GitHub\project-management-console\og_transport\HYBRID\module\Pmc.strict\consoleui\widgets\UniversalList.ps1: line 924
at RenderToEngine, C:\Users\jhnhe\OneDrive\Documents\GitHub\project-management-console\og_transport\HYBRID\module\Pmc.strict\consoleui\base\StandardListScreen.ps1: line 224
at _RenderCurrentScreen, C:\Users\jhnhe\OneDrive\Documents\GitHub\project-management-console\og_transport\HYBRID\module\Pmc.strict\consoleui\PmcApplication.ps1: line 255
at Run, C:\Users\jhnhe\OneDrive\Documents\GitHub\project-management-console\og_transport\HYBRID\module\Pmc.strict\consoleui\PmcApplication.ps1: line 562
at Start-PmcTUI, C:\Users\jhnhe\OneDrive\Documents\GitHub\project-management-console\og_transport\HYBRID\module\Pmc.strict\consoleui\Start-PmcTUI.ps1: line 538
at <ScriptBlock>, C:\Users\jhnhe\OneDrive\Documents\GitHub\project-management-console\og_transport\HYBRID\module\Pmc.strict\consoleui\Start-PmcTUI.ps1: line 565
[2025-12-13 09:21:32.005] [INFO] Event loop exited normally
[2025-12-13 09:21:32.006] [INFO] Cleanup - showing cursor and resetting terminal
