[2025-12-13 06:08:53.185] [INFO] Loading PMC module...
[2025-12-13 06:08:54.240] [INFO] PMC module loaded
[2025-12-13 06:08:54.242] [INFO] Loading dependencies (FieldSchemas, etc.)...
[2025-12-13 06:08:54.367] [INFO] Dependencies loaded
[2025-12-13 06:08:54.381] [INFO] Loading SpeedTUI framework...
[2025-12-13 06:08:54.661] [INFO] SpeedTUI framework loaded
[2025-12-13 06:08:54.662] [INFO] Loading PraxisVT...
[2025-12-13 06:08:54.681] [INFO] PraxisVT loaded
[2025-12-13 06:08:54.690] [INFO] Loading core dependencies...
[2025-12-13 06:08:54.783] [INFO] Core dependencies loaded
[2025-12-13 06:08:54.793] [INFO] Loading widget base classes...
[2025-12-13 06:08:54.868] [INFO] Widget base classes loaded
[2025-12-13 06:08:54.877] [INFO] Loading services...
[2025-12-13 06:08:55.012] [INFO] Services loaded
[2025-12-13 06:08:55.023] [INFO] Loading helpers...
[2025-12-13 06:08:55.647] [INFO] Helpers loaded
[2025-12-13 06:08:55.661] [INFO] Loading widgets...
[2025-12-13 06:08:56.134] [INFO] Widgets loaded
[2025-12-13 06:08:56.145] [INFO] Loading screen base class...
[2025-12-13 06:08:56.182] [INFO] Screen base class loaded
[2025-12-13 06:08:56.192] [INFO] Loading HelpViewScreen (needed by base classes)...
[2025-12-13 06:08:56.224] [INFO] HelpViewScreen loaded
[2025-12-13 06:08:56.234] [INFO] Loading base classes...
[2025-12-13 06:08:56.357] [INFO] Base classes loaded
[2025-12-13 06:08:56.370] [INFO] Loading ServiceContainer (needed by screens)...
[2025-12-13 06:08:56.395] [INFO] ServiceContainer loaded
[2025-12-13 06:08:56.411] [INFO] Loading remaining screens...
[2025-12-13 06:08:56.526] [INFO] Remaining screens loaded
[2025-12-13 06:08:56.539] [INFO] Loading PmcApplication...
[2025-12-13 06:08:56.567] [INFO] PmcApplication loaded
[2025-12-13 06:08:56.578] [INFO] All components loaded successfully
[2025-12-13 06:08:56.597] [INFO] Starting PMC TUI with screen: TaskList
[2025-12-13 06:08:56.612] [INFO] Cleared stale PmcSharedMenuBar and MenuRegistry singleton
[2025-12-13 06:08:56.622] [INFO] Creating ServiceContainer...
[2025-12-13 06:08:56.638] [INFO] ServiceContainer created
[2025-12-13 06:08:56.649] [INFO] Registering Theme service...
[2025-12-13 06:08:56.677] ServiceContainer: Registered 'Theme' (singleton=True)
[2025-12-13 06:08:56.689] [INFO] Registering ThemeManager...
[2025-12-13 06:08:56.699] ServiceContainer: Registered 'ThemeManager' (singleton=True)
[2025-12-13 06:08:56.710] [INFO] Registering Config service...
[2025-12-13 06:08:56.720] ServiceContainer: Registered 'Config' (singleton=True)
[2025-12-13 06:08:56.732] [INFO] Registering TaskStore service...
[2025-12-13 06:08:56.743] ServiceContainer: Registered 'TaskStore' (singleton=True)
[2025-12-13 06:08:56.753] [INFO] Registering MenuRegistry service...
[2025-12-13 06:08:56.763] ServiceContainer: Registered 'MenuRegistry' (singleton=True)
[2025-12-13 06:08:56.773] [INFO] Registering Application service...
[2025-12-13 06:08:56.786] ServiceContainer: Registered 'Application' (singleton=True)
[2025-12-13 06:08:56.796] [INFO] Registering CommandService...
[2025-12-13 06:08:56.806] ServiceContainer: Registered 'CommandService' (singleton=True)
[2025-12-13 06:08:56.816] [INFO] Registering ChecklistService...
[2025-12-13 06:08:56.826] ServiceContainer: Registered 'ChecklistService' (singleton=True)
[2025-12-13 06:08:56.836] [INFO] Registering NoteService...
[2025-12-13 06:08:56.846] ServiceContainer: Registered 'NoteService' (singleton=True)
[2025-12-13 06:08:56.856] [INFO] Registering ExcelMappingService...
[2025-12-13 06:08:56.866] ServiceContainer: Registered 'ExcelMappingService' (singleton=True)
[2025-12-13 06:08:56.877] [INFO] Registering PreferencesService...
[2025-12-13 06:08:56.887] ServiceContainer: Registered 'PreferencesService' (singleton=True)
[2025-12-13 06:08:56.898] [INFO] Registering screen factories...
[2025-12-13 06:08:56.911] ServiceContainer: Registered 'TaskListScreen' (singleton=False)
[2025-12-13 06:08:56.921] [INFO] Resolving Application from container...
[2025-12-13 06:08:56.941] ServiceContainer: Resolving 'Application'...
[2025-12-13 06:08:56.953] [INFO] Resolving Application...
[2025-12-13 06:08:56.963] ServiceContainer: Resolving 'Theme'...
[2025-12-13 06:08:56.977] [INFO] Resolving Theme: Calling Initialize-PmcThemeSystem...
[2025-12-13 06:08:56.994] [INFO] Theme resolved: #33aaff
[2025-12-13 06:08:57.004] [INFO] Loading PmcThemeEngine...
[2025-12-13 06:08:57.133] [INFO] PmcThemeEngine initialized with PMC palette (14 colors)
[2025-12-13 06:08:57.145] ServiceContainer: Resolved 'Theme' successfully
[2025-12-13 06:08:57.468] ServiceContainer: Resolving 'ThemeManager'...
[2025-12-13 06:08:57.480] [INFO] Resolving ThemeManager...
[2025-12-13 06:08:57.558] ServiceContainer: Resolved 'ThemeManager' successfully
[2025-12-13 06:08:57.574] ServiceContainer: Resolved 'Application' successfully
[2025-12-13 06:08:57.585] [INFO] Application resolved and assigned to $global:PmcApp
[2025-12-13 06:08:57.596] [INFO] Loading menus from manifest...
[2025-12-13 06:08:57.608] ServiceContainer: Resolving 'MenuRegistry'...
[2025-12-13 06:08:57.619] [INFO] Resolving MenuRegistry...
[2025-12-13 06:08:57.634] ServiceContainer: Resolved 'MenuRegistry' successfully
[2025-12-13 06:08:57.659] MenuRegistry: Loaded manifest with 24 entries
[2025-12-13 06:08:57.685] ServiceContainer: Registered 'TaskListScreen_Week' (singleton=False)
[2025-12-13 06:08:57.696] MenuRegistry: Registered screen factory 'TaskListScreen_Week' in container (viewMode=week)
[2025-12-13 06:08:57.714] MenuRegistry: Registered 'Week View' in 'Tasks' menu (hotkey=W order=20)
[2025-12-13 06:08:57.725] ServiceContainer: Registered 'TaskListScreen_Agenda' (singleton=False)
[2025-12-13 06:08:57.736] MenuRegistry: Registered screen factory 'TaskListScreen_Agenda' in container (viewMode=agenda)
[2025-12-13 06:08:57.747] MenuRegistry: Registered 'Agenda View' in 'Tasks' menu (hotkey=A order=50)
[2025-12-13 06:08:57.756] ServiceContainer: Registered 'TaskListScreen_Today' (singleton=False)
[2025-12-13 06:08:57.767] MenuRegistry: Registered screen factory 'TaskListScreen_Today' in container (viewMode=today)
[2025-12-13 06:08:57.779] MenuRegistry: Registered 'Today' in 'Tasks' menu (hotkey=Y order=10)
[2025-12-13 06:08:57.790] ServiceContainer: Registered 'TaskListScreen_Tomorrow' (singleton=False)
[2025-12-13 06:08:57.801] MenuRegistry: Registered screen factory 'TaskListScreen_Tomorrow' in container (viewMode=tomorrow)
[2025-12-13 06:08:57.811] MenuRegistry: Registered 'Tomorrow' in 'Tasks' menu (hotkey=T order=15)
[2025-12-13 06:08:57.822] ServiceContainer: Registered 'ExcelImportScreen' (singleton=False)
[2025-12-13 06:08:57.836] MenuRegistry: Registered screen factory 'ExcelImportScreen' in container (viewMode=)
[2025-12-13 06:08:57.847] MenuRegistry: Registered 'Import from Excel' in 'Projects' menu (hotkey=I order=40)
[2025-12-13 06:08:57.857] ServiceContainer: Registered 'WeeklyTimeReportScreen' (singleton=False)
[2025-12-13 06:08:57.867] MenuRegistry: Registered screen factory 'WeeklyTimeReportScreen' in container (viewMode=)
[2025-12-13 06:08:57.878] MenuRegistry: Registered 'Weekly Report' in 'Time' menu (hotkey=W order=10)
[2025-12-13 06:08:57.890] ServiceContainer: Registered 'TaskListScreen_Upcoming' (singleton=False)
[2025-12-13 06:08:57.901] MenuRegistry: Registered screen factory 'TaskListScreen_Upcoming' in container (viewMode=upcoming)
[2025-12-13 06:08:57.915] MenuRegistry: Registered 'Upcoming' in 'Tasks' menu (hotkey=U order=25)
[2025-12-13 06:08:57.926] ServiceContainer: Registered 'ProjectListScreen' (singleton=False)
[2025-12-13 06:08:57.937] MenuRegistry: Registered screen factory 'ProjectListScreen' in container (viewMode=)
[2025-12-13 06:08:57.948] MenuRegistry: Registered 'Project List' in 'Projects' menu (hotkey=L order=10)
[2025-12-13 06:08:57.960] ServiceContainer: Registered 'ChecklistsLauncherScreen' (singleton=False)
[2025-12-13 06:08:57.971] MenuRegistry: Registered screen factory 'ChecklistsLauncherScreen' in container (viewMode=)
[2025-12-13 06:08:57.982] MenuRegistry: Registered 'Checklists' in 'Tools' menu (hotkey=C order=25)
[2025-12-13 06:08:57.993] ServiceContainer: Registered 'TaskListScreen_NextActions' (singleton=False)
[2025-12-13 06:08:58.004] MenuRegistry: Registered screen factory 'TaskListScreen_NextActions' in container (viewMode=nextactions)
[2025-12-13 06:08:58.014] MenuRegistry: Registered 'Next Actions' in 'Tasks' menu (hotkey=N order=35)
[2025-12-13 06:08:58.026] ServiceContainer: Registered 'KanbanScreenV2' (singleton=False)
[2025-12-13 06:08:58.040] MenuRegistry: Registered screen factory 'KanbanScreenV2' in container (viewMode=)
[2025-12-13 06:08:58.050] MenuRegistry: Registered 'Kanban Board' in 'Tasks' menu (hotkey=K order=55)
[2025-12-13 06:08:58.061] ServiceContainer: Registered 'HelpViewScreen' (singleton=False)
[2025-12-13 06:08:58.072] MenuRegistry: Registered screen factory 'HelpViewScreen' in container (viewMode=)
[2025-12-13 06:08:58.082] MenuRegistry: Registered 'Help' in 'Help' menu (hotkey=H order=10)
[2025-12-13 06:08:58.094] ServiceContainer: Registered 'ExcelProfileManagerScreen' (singleton=False)
[2025-12-13 06:08:58.104] MenuRegistry: Registered screen factory 'ExcelProfileManagerScreen' in container (viewMode=)
[2025-12-13 06:08:58.115] MenuRegistry: Registered 'Excel Profiles' in 'Projects' menu (hotkey=M order=50)
[2025-12-13 06:08:58.126] ServiceContainer: Registered 'TaskListScreen_NoDate' (singleton=False)
[2025-12-13 06:08:58.136] MenuRegistry: Registered screen factory 'TaskListScreen_NoDate' in container (viewMode=noduedate)
[2025-12-13 06:08:58.147] MenuRegistry: Registered 'No Due Date' in 'Tasks' menu (hotkey=D order=40)
[2025-12-13 06:08:58.161] ServiceContainer: Registered 'TaskListScreen_Month' (singleton=False)
[2025-12-13 06:08:58.171] MenuRegistry: Registered screen factory 'TaskListScreen_Month' in container (viewMode=month)
[2025-12-13 06:08:58.181] MenuRegistry: Registered 'Month View' in 'Tasks' menu (hotkey=M order=45)
[2025-12-13 06:08:58.192] ServiceContainer: Registered 'TimeReportScreen' (singleton=False)
[2025-12-13 06:08:58.204] MenuRegistry: Registered screen factory 'TimeReportScreen' in container (viewMode=)
[2025-12-13 06:08:58.215] MenuRegistry: Registered 'Time Report' in 'Time' menu (hotkey=R order=20)
[2025-12-13 06:08:58.225] ServiceContainer: Registered 'ThemeEditorScreen' (singleton=False)
[2025-12-13 06:08:58.236] MenuRegistry: Registered screen factory 'ThemeEditorScreen' in container (viewMode=)
[2025-12-13 06:08:58.248] MenuRegistry: Registered 'Theme Editor' in 'Options' menu (hotkey=T order=10)
[2025-12-13 06:08:58.260] ServiceContainer: Registered 'TaskListScreen_Default' (singleton=False)
[2025-12-13 06:08:58.270] MenuRegistry: Registered screen factory 'TaskListScreen_Default' in container (viewMode=)
[2025-12-13 06:08:58.284] MenuRegistry: Registered 'Task List' in 'Tasks' menu (hotkey=L order=5)
[2025-12-13 06:08:58.295] ServiceContainer: Registered 'NotesMenuScreen' (singleton=False)
[2025-12-13 06:08:58.305] MenuRegistry: Registered screen factory 'NotesMenuScreen' in container (viewMode=)
[2025-12-13 06:08:58.318] MenuRegistry: Registered 'Notes' in 'Tools' menu (hotkey=N order=20)
[2025-12-13 06:08:58.329] ServiceContainer: Registered 'TaskListScreen_Overdue' (singleton=False)
[2025-12-13 06:08:58.340] MenuRegistry: Registered screen factory 'TaskListScreen_Overdue' in container (viewMode=overdue)
[2025-12-13 06:08:58.351] MenuRegistry: Registered 'Overdue' in 'Tasks' menu (hotkey=O order=30)
[2025-12-13 06:08:58.363] ServiceContainer: Registered 'ChecklistTemplatesFolderScreen' (singleton=False)
[2025-12-13 06:08:58.374] MenuRegistry: Registered screen factory 'ChecklistTemplatesFolderScreen' in container (viewMode=)
[2025-12-13 06:08:58.385] MenuRegistry: Registered 'Checklist Templates' in 'Tools' menu (hotkey=H order=30)
[2025-12-13 06:08:58.400] ServiceContainer: Registered 'SettingsScreen' (singleton=False)
[2025-12-13 06:08:58.414] MenuRegistry: Registered screen factory 'SettingsScreen' in container (viewMode=)
[2025-12-13 06:08:58.426] MenuRegistry: Registered 'Settings' in 'Options' menu (hotkey=S order=20)
[2025-12-13 06:08:58.439] ServiceContainer: Registered 'TimeListScreen' (singleton=False)
[2025-12-13 06:08:58.450] MenuRegistry: Registered screen factory 'TimeListScreen' in container (viewMode=)
[2025-12-13 06:08:58.461] MenuRegistry: Registered 'Time Tracking' in 'Time' menu (hotkey=T order=5)
[2025-12-13 06:08:58.473] ServiceContainer: Registered 'CommandLibraryScreen' (singleton=False)
[2025-12-13 06:08:58.484] MenuRegistry: Registered screen factory 'CommandLibraryScreen' in container (viewMode=)
[2025-12-13 06:08:58.495] MenuRegistry: Registered 'Command Library' in 'Tools' menu (hotkey=L order=10)
[2025-12-13 06:08:58.506] [INFO] Menus loaded from C:\Users\jhnhe\OneDrive\Documents\GitHub\project-management-console\og_transport\HYBRID\module\Pmc.strict\consoleui\screens\MenuItems.psd1
[2025-12-13 06:08:58.517] [INFO] Launching screen: TaskList
[2025-12-13 06:08:58.531] [INFO] Resolving TaskListScreen from container...
[2025-12-13 06:08:58.544] ServiceContainer: Resolving 'TaskListScreen'...
[2025-12-13 06:08:58.556] [INFO] Resolving TaskListScreen...
[2025-12-13 06:08:58.567] ServiceContainer: Resolving 'TaskStore'...
[2025-12-13 06:08:58.579] [INFO] Resolving TaskStore...
[2025-12-13 06:08:58.610] [DEBUG] TaskStore.LoadData: Starting
[2025-12-13 06:08:58.623] [DEBUG] TaskStore.LoadData: Calling Get-PmcData
[2025-12-13 06:08:58.842] [DEBUG] TaskStore.LoadData: Get-PmcData returned - tasks=4 projects=2 timelogs=3
[2025-12-13 06:08:58.859] [DEBUG] TaskStore.LoadData: Loaded 4 tasks
[2025-12-13 06:08:58.873] [DEBUG] TaskStore.LoadData: Loaded 2 projects
[2025-12-13 06:08:58.888] [DEBUG] TaskStore.LoadData: First project name='p1' ID1='111'
[2025-12-13 06:08:58.906] ServiceContainer: Resolved 'TaskStore' successfully
[2025-12-13 06:08:59.272] MenuRegistry: Loaded manifest with 24 entries
[2025-12-13 06:08:59.285] MenuRegistry: Registered 'Week View' in 'Tasks' menu (hotkey=W order=20)
[2025-12-13 06:08:59.298] MenuRegistry: Registered 'Agenda View' in 'Tasks' menu (hotkey=A order=50)
[2025-12-13 06:08:59.309] MenuRegistry: Registered 'Today' in 'Tasks' menu (hotkey=Y order=10)
[2025-12-13 06:08:59.321] MenuRegistry: Registered 'Tomorrow' in 'Tasks' menu (hotkey=T order=15)
[2025-12-13 06:08:59.332] MenuRegistry: Registered 'Import from Excel' in 'Projects' menu (hotkey=I order=40)
[2025-12-13 06:08:59.344] MenuRegistry: Registered 'Weekly Report' in 'Time' menu (hotkey=W order=10)
[2025-12-13 06:08:59.356] MenuRegistry: Registered 'Upcoming' in 'Tasks' menu (hotkey=U order=25)
[2025-12-13 06:08:59.367] MenuRegistry: Registered 'Project List' in 'Projects' menu (hotkey=L order=10)
[2025-12-13 06:08:59.378] MenuRegistry: Registered 'Checklists' in 'Tools' menu (hotkey=C order=25)
[2025-12-13 06:08:59.389] MenuRegistry: Registered 'Next Actions' in 'Tasks' menu (hotkey=N order=35)
[2025-12-13 06:08:59.402] MenuRegistry: Registered 'Kanban Board' in 'Tasks' menu (hotkey=K order=55)
[2025-12-13 06:08:59.419] MenuRegistry: Registered 'Help' in 'Help' menu (hotkey=H order=10)
[2025-12-13 06:08:59.432] MenuRegistry: Registered 'Excel Profiles' in 'Projects' menu (hotkey=M order=50)
[2025-12-13 06:08:59.443] MenuRegistry: Registered 'No Due Date' in 'Tasks' menu (hotkey=D order=40)
[2025-12-13 06:08:59.454] MenuRegistry: Registered 'Month View' in 'Tasks' menu (hotkey=M order=45)
[2025-12-13 06:08:59.465] MenuRegistry: Registered 'Time Report' in 'Time' menu (hotkey=R order=20)
[2025-12-13 06:08:59.476] MenuRegistry: Registered 'Theme Editor' in 'Options' menu (hotkey=T order=10)
[2025-12-13 06:08:59.486] MenuRegistry: Registered 'Task List' in 'Tasks' menu (hotkey=L order=5)
[2025-12-13 06:08:59.498] MenuRegistry: Registered 'Notes' in 'Tools' menu (hotkey=N order=20)
[2025-12-13 06:08:59.509] MenuRegistry: Registered 'Overdue' in 'Tasks' menu (hotkey=O order=30)
[2025-12-13 06:08:59.520] MenuRegistry: Registered 'Checklist Templates' in 'Tools' menu (hotkey=H order=30)
[2025-12-13 06:08:59.536] MenuRegistry: Registered 'Settings' in 'Options' menu (hotkey=S order=20)
[2025-12-13 06:08:59.547] MenuRegistry: Registered 'Time Tracking' in 'Time' menu (hotkey=T order=5)
[2025-12-13 06:08:59.559] MenuRegistry: Registered 'Command Library' in 'Tools' menu (hotkey=L order=10)
[2025-12-13 06:08:59.586] _PopulateMenusFromRegistry: Menu 'Tools' has 4 items from registry (array)
[2025-12-13 06:08:59.608] _PopulateMenusFromRegistry: Menu 'Projects' has 3 items from registry (array)
[2025-12-13 06:08:59.622] _PopulateMenusFromRegistry: Menu 'Help' has 1 items from registry (array)
[2025-12-13 06:08:59.634] _PopulateMenusFromRegistry: Menu 'Options' has 2 items from registry (array)
[2025-12-13 06:08:59.649] _PopulateMenusFromRegistry: Menu 'Tasks' has 11 items from registry (array)
[2025-12-13 06:08:59.665] _PopulateMenusFromRegistry: Menu 'Time' has 3 items from registry (array)
[2025-12-13 06:08:59.677] ServiceContainer: Resolved 'TaskListScreen' successfully
[2025-12-13 06:08:59.688] [INFO] Pushing screen to app...
[2025-12-13 06:09:00.079] [DEBUG] LoadData: Got 4 tasks from Store
[2025-12-13 06:09:00.149] [DEBUG] TaskListScreen.LoadData: Setting 4 tasks
[2025-12-13 06:09:00.168] [INFO] UniversalList.SetData: START, data param type=System.Object[]
[2025-12-13 06:09:00.180] [INFO] UniversalList.SetData: About to assign _data
[2025-12-13 06:09:00.193] [INFO] UniversalList.SetData: _data assigned successfully
[2025-12-13 06:09:00.204] [INFO] UniversalList.SetData: About to check _data type
[2025-12-13 06:09:00.216] [INFO] UniversalList.SetData: _data type=System.Object[]
[2025-12-13 06:09:00.228] [INFO] UniversalList.SetData: About to access _data.Count
[2025-12-13 06:09:00.238] [INFO] UniversalList.SetData: _data.Count=4
[2025-12-13 06:09:00.251] [INFO] UniversalList.SetData: _filteredData assigned
[2025-12-13 06:09:00.263] [INFO] UniversalList.SetData: About to clear _selectedIndices
[2025-12-13 06:09:00.275] [INFO] UniversalList.SetData: _selectedIndices cleared
[2025-12-13 06:09:00.290] [INFO] UniversalList.SetData: Received 4 items
[2025-12-13 06:09:00.309] [INFO] UniversalList.SetData: First item type=Hashtable isHashtable=True
[2025-12-13 06:09:00.321] [INFO] UniversalList.SetData: First item keys: id, modified, created, due, priority, project, details, tags, status, text, completed
[2025-12-13 06:09:00.331] [INFO] UniversalList.SetData: Incrementing cache generation
[2025-12-13 06:09:00.343] [INFO] UniversalList.SetData: Clearing row cache
[2025-12-13 06:09:00.355] [INFO] UniversalList.SetData: Clearing cache access order
[2025-12-13 06:09:00.368] [INFO] UniversalList.SetData: Applying filters
[2025-12-13 06:09:00.396] [INFO] UniversalList.SetData: Applying search
[2025-12-13 06:09:00.411] [INFO] UniversalList.SetData: Invoking OnDataChanged callback
[2025-12-13 06:09:00.431] [INFO] UniversalList.SetData: COMPLETE
[2025-12-13 06:09:00.569] [INFO] Screen pushed successfully
[2025-12-13 06:09:00.582] [INFO] Starting event loop...
[2025-12-13 06:09:00.915] [INFO] PadText: text='Task' rawLen=4 visibleLen=4 width=40 align=left
[2025-12-13 06:09:00.931] [INFO] PadText: text='Details' rawLen=7 visibleLen=7 width=28 align=left
[2025-12-13 06:09:00.944] [INFO] PadText: text='Due' rawLen=3 visibleLen=3 width=16 align=left
[2025-12-13 06:09:00.957] [INFO] PadText: text='Project' rawLen=7 visibleLen=7 width=21 align=left
[2025-12-13 06:09:00.970] [INFO] PadText: text='Tags' rawLen=4 visibleLen=4 width=23 align=left
[2025-12-13 06:09:01.010] [INFO] PadText: text='t2' rawLen=2 visibleLen=2 width=38 align=left
[2025-12-13 06:09:01.029] [INFO] PadText: text='d2' rawLen=2 visibleLen=2 width=26 align=left
[2025-12-13 06:09:01.055] [INFO] PadText: text='Dec 16' rawLen=6 visibleLen=6 width=14 align=left
[2025-12-13 06:09:01.087] [INFO] PadText: text='t3' rawLen=2 visibleLen=2 width=38 align=left
[2025-12-13 06:09:01.101] [INFO] PadText: text='Dec 18' rawLen=6 visibleLen=6 width=14 align=left
[2025-12-13 06:09:01.112] [INFO] PadText: text='p1' rawLen=2 visibleLen=2 width=19 align=left
[2025-12-13 06:09:01.135] [INFO] PadText: text='t1' rawLen=2 visibleLen=2 width=38 align=left
[2025-12-13 06:09:01.173] [INFO] PadText: text='task' rawLen=4 visibleLen=4 width=38 align=left
[2025-12-13 06:09:01.447] [INFO] PadText: text='Task' rawLen=4 visibleLen=4 width=40 align=left
[2025-12-13 06:09:01.460] [INFO] PadText: text='Details' rawLen=7 visibleLen=7 width=28 align=left
[2025-12-13 06:09:01.473] [INFO] PadText: text='Due' rawLen=3 visibleLen=3 width=16 align=left
[2025-12-13 06:09:01.485] [INFO] PadText: text='Project' rawLen=7 visibleLen=7 width=21 align=left
[2025-12-13 06:09:01.498] [INFO] PadText: text='Tags' rawLen=4 visibleLen=4 width=23 align=left
[2025-12-13 06:09:01.517] [INFO] PadText: text='t2' rawLen=2 visibleLen=2 width=38 align=left
[2025-12-13 06:09:01.531] [INFO] PadText: text='d2' rawLen=2 visibleLen=2 width=26 align=left
[2025-12-13 06:09:01.546] [INFO] PadText: text='Dec 16' rawLen=6 visibleLen=6 width=14 align=left
[2025-12-13 06:09:01.569] [INFO] PadText: text='t3' rawLen=2 visibleLen=2 width=38 align=left
[2025-12-13 06:09:01.582] [INFO] PadText: text='Dec 18' rawLen=6 visibleLen=6 width=14 align=left
[2025-12-13 06:09:01.594] [INFO] PadText: text='p1' rawLen=2 visibleLen=2 width=19 align=left
[2025-12-13 06:09:01.617] [INFO] PadText: text='t1' rawLen=2 visibleLen=2 width=38 align=left
[2025-12-13 06:09:01.639] [INFO] PadText: text='task' rawLen=4 visibleLen=4 width=38 align=left
[2025-12-13 06:09:06.997] [INFO] PadText: text='Task' rawLen=4 visibleLen=4 width=40 align=left
[2025-12-13 06:09:07.000] [INFO] PadText: text='Details' rawLen=7 visibleLen=7 width=28 align=left
[2025-12-13 06:09:07.013] [INFO] PadText: text='Due' rawLen=3 visibleLen=3 width=16 align=left
[2025-12-13 06:09:07.026] [INFO] PadText: text='Project' rawLen=7 visibleLen=7 width=21 align=left
[2025-12-13 06:09:07.043] [INFO] PadText: text='Tags' rawLen=4 visibleLen=4 width=23 align=left
[2025-12-13 06:09:07.060] [INFO] PadText: text='t2' rawLen=2 visibleLen=2 width=38 align=left
[2025-12-13 06:09:07.077] [INFO] PadText: text='d2' rawLen=2 visibleLen=2 width=26 align=left
[2025-12-13 06:09:07.088] [INFO] PadText: text='Dec 16' rawLen=6 visibleLen=6 width=14 align=left
[2025-12-13 06:09:07.106] [INFO] PadText: text='t3' rawLen=2 visibleLen=2 width=38 align=left
[2025-12-13 06:09:07.117] [INFO] PadText: text='Dec 18' rawLen=6 visibleLen=6 width=14 align=left
[2025-12-13 06:09:07.127] [INFO] PadText: text='p1' rawLen=2 visibleLen=2 width=19 align=left
[2025-12-13 06:09:07.146] [INFO] PadText: text='t1' rawLen=2 visibleLen=2 width=38 align=left
[2025-12-13 06:09:07.169] [INFO] PadText: text='task' rawLen=4 visibleLen=4 width=38 align=left
[2025-12-13 06:09:07.306] [INFO] PadText: text='Task' rawLen=4 visibleLen=4 width=40 align=left
[2025-12-13 06:09:07.322] [INFO] PadText: text='Details' rawLen=7 visibleLen=7 width=28 align=left
[2025-12-13 06:09:07.334] [INFO] PadText: text='Due' rawLen=3 visibleLen=3 width=16 align=left
[2025-12-13 06:09:07.346] [INFO] PadText: text='Project' rawLen=7 visibleLen=7 width=21 align=left
[2025-12-13 06:09:07.359] [INFO] PadText: text='Tags' rawLen=4 visibleLen=4 width=23 align=left
[2025-12-13 06:09:07.377] [INFO] PadText: text='t2' rawLen=2 visibleLen=2 width=38 align=left
[2025-12-13 06:09:07.387] [INFO] PadText: text='d2' rawLen=2 visibleLen=2 width=26 align=left
[2025-12-13 06:09:07.398] [INFO] PadText: text='Dec 16' rawLen=6 visibleLen=6 width=14 align=left
[2025-12-13 06:09:07.420] [INFO] PadText: text='t3' rawLen=2 visibleLen=2 width=38 align=left
[2025-12-13 06:09:07.433] [INFO] PadText: text='Dec 18' rawLen=6 visibleLen=6 width=14 align=left
[2025-12-13 06:09:07.445] [INFO] PadText: text='p1' rawLen=2 visibleLen=2 width=19 align=left
[2025-12-13 06:09:07.464] [INFO] PadText: text='t1' rawLen=2 visibleLen=2 width=38 align=left
[2025-12-13 06:09:07.488] [INFO] PadText: text='task' rawLen=4 visibleLen=4 width=38 align=left
[2025-12-13 06:09:08.146] [DEBUG] StandardListScreen: Routing to InlineEditor (Key=R)
[2025-12-13 06:09:08.186] [DEBUG] StandardListScreen: After HandleInput - IsConfirmed=False IsCancelled=False ShowInlineEditor=True
[2025-12-13 06:09:08.198] [DEBUG] StandardListScreen: After close check - ShowInlineEditor=True
[2025-12-13 06:09:08.209] [DEBUG] StandardListScreen: Routing to InlineEditor (Key=E)
[2025-12-13 06:09:08.219] [DEBUG] StandardListScreen: After HandleInput - IsConfirmed=False IsCancelled=False ShowInlineEditor=True
[2025-12-13 06:09:08.230] [DEBUG] StandardListScreen: After close check - ShowInlineEditor=True
[2025-12-13 06:09:08.240] [DEBUG] StandardListScreen: Routing to InlineEditor (Key=M)
[2025-12-13 06:09:08.251] [DEBUG] StandardListScreen: After HandleInput - IsConfirmed=False IsCancelled=False ShowInlineEditor=True
[2025-12-13 06:09:08.261] [DEBUG] StandardListScreen: After close check - ShowInlineEditor=True
[2025-12-13 06:09:08.272] [DEBUG] StandardListScreen: Routing to InlineEditor (Key=O)
[2025-12-13 06:09:08.283] [DEBUG] StandardListScreen: After HandleInput - IsConfirmed=False IsCancelled=False ShowInlineEditor=True
[2025-12-13 06:09:08.298] [DEBUG] StandardListScreen: After close check - ShowInlineEditor=True
[2025-12-13 06:09:08.310] [DEBUG] StandardListScreen: Routing to InlineEditor (Key=V)
[2025-12-13 06:09:08.322] [DEBUG] StandardListScreen: After HandleInput - IsConfirmed=False IsCancelled=False ShowInlineEditor=True
[2025-12-13 06:09:08.333] [DEBUG] StandardListScreen: After close check - ShowInlineEditor=True
[2025-12-13 06:09:08.344] [DEBUG] StandardListScreen: Routing to InlineEditor (Key=E)
[2025-12-13 06:09:08.355] [DEBUG] StandardListScreen: After HandleInput - IsConfirmed=False IsCancelled=False ShowInlineEditor=True
[2025-12-13 06:09:08.366] [DEBUG] StandardListScreen: After close check - ShowInlineEditor=True
[2025-12-13 06:09:08.376] [DEBUG] StandardListScreen: Routing to InlineEditor (Key=Spacebar)
[2025-12-13 06:09:08.388] [DEBUG] StandardListScreen: After HandleInput - IsConfirmed=False IsCancelled=False ShowInlineEditor=True
[2025-12-13 06:09:08.398] [DEBUG] StandardListScreen: After close check - ShowInlineEditor=True
[2025-12-13 06:09:08.411] [DEBUG] StandardListScreen: Routing to InlineEditor (Key=A)
[2025-12-13 06:09:08.424] [DEBUG] StandardListScreen: After HandleInput - IsConfirmed=False IsCancelled=False ShowInlineEditor=True
[2025-12-13 06:09:08.436] [DEBUG] StandardListScreen: After close check - ShowInlineEditor=True
[2025-12-13 06:09:08.447] [DEBUG] StandardListScreen: Routing to InlineEditor (Key=L)
[2025-12-13 06:09:08.461] [DEBUG] StandardListScreen: After HandleInput - IsConfirmed=False IsCancelled=False ShowInlineEditor=True
[2025-12-13 06:09:08.470] [DEBUG] StandardListScreen: After close check - ShowInlineEditor=True
[2025-12-13 06:09:08.481] [DEBUG] StandardListScreen: Routing to InlineEditor (Key=L)
[2025-12-13 06:09:08.492] [DEBUG] StandardListScreen: After HandleInput - IsConfirmed=False IsCancelled=False ShowInlineEditor=True
[2025-12-13 06:09:08.502] [DEBUG] StandardListScreen: After close check - ShowInlineEditor=True
[2025-12-13 06:09:08.513] [DEBUG] StandardListScreen: Routing to InlineEditor (Key=Spacebar)
[2025-12-13 06:09:08.525] [DEBUG] StandardListScreen: After HandleInput - IsConfirmed=False IsCancelled=False ShowInlineEditor=True
[2025-12-13 06:09:08.537] [DEBUG] StandardListScreen: After close check - ShowInlineEditor=True
[2025-12-13 06:09:08.549] [DEBUG] StandardListScreen: Routing to InlineEditor (Key=F)
[2025-12-13 06:09:08.560] [DEBUG] StandardListScreen: After HandleInput - IsConfirmed=False IsCancelled=False ShowInlineEditor=True
[2025-12-13 06:09:08.570] [DEBUG] StandardListScreen: After close check - ShowInlineEditor=True
[2025-12-13 06:09:08.583] [DEBUG] StandardListScreen: Routing to InlineEditor (Key=A)
[2025-12-13 06:09:08.594] [DEBUG] StandardListScreen: After HandleInput - IsConfirmed=False IsCancelled=False ShowInlineEditor=True
[2025-12-13 06:09:08.605] [DEBUG] StandardListScreen: After close check - ShowInlineEditor=True
[2025-12-13 06:09:08.617] [DEBUG] StandardListScreen: Routing to InlineEditor (Key=L)
[2025-12-13 06:09:08.628] [DEBUG] StandardListScreen: After HandleInput - IsConfirmed=False IsCancelled=False ShowInlineEditor=True
[2025-12-13 06:09:08.639] [DEBUG] StandardListScreen: After close check - ShowInlineEditor=True
[2025-12-13 06:09:08.649] [DEBUG] StandardListScreen: Routing to InlineEditor (Key=L)
[2025-12-13 06:09:08.661] [DEBUG] StandardListScreen: After HandleInput - IsConfirmed=False IsCancelled=False ShowInlineEditor=True
[2025-12-13 06:09:08.674] [DEBUG] StandardListScreen: After close check - ShowInlineEditor=True
[2025-12-13 06:09:08.686] [DEBUG] StandardListScreen: Routing to InlineEditor (Key=B)
[2025-12-13 06:09:08.697] [DEBUG] StandardListScreen: After HandleInput - IsConfirmed=False IsCancelled=False ShowInlineEditor=True
[2025-12-13 06:09:08.707] [DEBUG] StandardListScreen: After close check - ShowInlineEditor=True
[2025-12-13 06:09:08.718] [DEBUG] StandardListScreen: Routing to InlineEditor (Key=A)
[2025-12-13 06:09:08.729] [DEBUG] StandardListScreen: After HandleInput - IsConfirmed=False IsCancelled=False ShowInlineEditor=True
[2025-12-13 06:09:08.740] [DEBUG] StandardListScreen: After close check - ShowInlineEditor=True
[2025-12-13 06:09:08.753] [DEBUG] StandardListScreen: Routing to InlineEditor (Key=C)
[2025-12-13 06:09:08.765] [DEBUG] StandardListScreen: After HandleInput - IsConfirmed=False IsCancelled=False ShowInlineEditor=True
[2025-12-13 06:09:08.775] [DEBUG] StandardListScreen: After close check - ShowInlineEditor=True
[2025-12-13 06:09:08.789] [DEBUG] StandardListScreen: Routing to InlineEditor (Key=K)
[2025-12-13 06:09:08.801] [DEBUG] StandardListScreen: After HandleInput - IsConfirmed=False IsCancelled=False ShowInlineEditor=True
[2025-12-13 06:09:08.811] [DEBUG] StandardListScreen: After close check - ShowInlineEditor=True
[2025-12-13 06:09:08.821] [DEBUG] StandardListScreen: Routing to InlineEditor (Key=S)
[2025-12-13 06:09:08.832] [DEBUG] StandardListScreen: After HandleInput - IsConfirmed=False IsCancelled=False ShowInlineEditor=True
[2025-12-13 06:09:08.843] [DEBUG] StandardListScreen: After close check - ShowInlineEditor=True
[2025-12-13 06:09:08.855] [DEBUG] StandardListScreen: Routing to InlineEditor (Key=Spacebar)
[2025-12-13 06:09:08.866] [DEBUG] StandardListScreen: After HandleInput - IsConfirmed=False IsCancelled=False ShowInlineEditor=True
[2025-12-13 06:09:08.875] [DEBUG] StandardListScreen: After close check - ShowInlineEditor=True
[2025-12-13 06:09:08.886] [DEBUG] StandardListScreen: Routing to InlineEditor (Key=A)
[2025-12-13 06:09:08.895] [DEBUG] StandardListScreen: After HandleInput - IsConfirmed=False IsCancelled=False ShowInlineEditor=True
[2025-12-13 06:09:08.906] [DEBUG] StandardListScreen: After close check - ShowInlineEditor=True
[2025-12-13 06:09:08.920] [DEBUG] StandardListScreen: Routing to InlineEditor (Key=N)
[2025-12-13 06:09:08.931] [DEBUG] StandardListScreen: After HandleInput - IsConfirmed=False IsCancelled=False ShowInlineEditor=True
[2025-12-13 06:09:08.941] [DEBUG] StandardListScreen: After close check - ShowInlineEditor=True
[2025-12-13 06:09:08.951] [DEBUG] StandardListScreen: Routing to InlineEditor (Key=D)
[2025-12-13 06:09:08.961] [DEBUG] StandardListScreen: After HandleInput - IsConfirmed=False IsCancelled=False ShowInlineEditor=True
[2025-12-13 06:09:08.970] [DEBUG] StandardListScreen: After close check - ShowInlineEditor=True
[2025-12-13 06:09:08.981] [DEBUG] StandardListScreen: Routing to InlineEditor (Key=Spacebar)
[2025-12-13 06:09:08.991] [DEBUG] StandardListScreen: After HandleInput - IsConfirmed=False IsCancelled=False ShowInlineEditor=True
[2025-12-13 06:09:09.001] [DEBUG] StandardListScreen: After close check - ShowInlineEditor=True
[2025-12-13 06:09:09.013] [DEBUG] StandardListScreen: Routing to InlineEditor (Key=F)
[2025-12-13 06:09:09.024] [DEBUG] StandardListScreen: After HandleInput - IsConfirmed=False IsCancelled=False ShowInlineEditor=True
[2025-12-13 06:09:09.035] [DEBUG] StandardListScreen: After close check - ShowInlineEditor=True
[2025-12-13 06:09:09.049] [DEBUG] StandardListScreen: Routing to InlineEditor (Key=A)
[2025-12-13 06:09:09.058] [DEBUG] StandardListScreen: After HandleInput - IsConfirmed=False IsCancelled=False ShowInlineEditor=True
[2025-12-13 06:09:09.068] [DEBUG] StandardListScreen: After close check - ShowInlineEditor=True
[2025-12-13 06:09:09.079] [DEBUG] StandardListScreen: Routing to InlineEditor (Key=I)
[2025-12-13 06:09:09.089] [DEBUG] StandardListScreen: After HandleInput - IsConfirmed=False IsCancelled=False ShowInlineEditor=True
[2025-12-13 06:09:09.100] [DEBUG] StandardListScreen: After close check - ShowInlineEditor=True
[2025-12-13 06:09:09.111] [DEBUG] StandardListScreen: Routing to InlineEditor (Key=L)
[2025-12-13 06:09:09.121] [DEBUG] StandardListScreen: After HandleInput - IsConfirmed=False IsCancelled=False ShowInlineEditor=True
[2025-12-13 06:09:09.131] [DEBUG] StandardListScreen: After close check - ShowInlineEditor=True
[2025-12-13 06:09:09.142] [DEBUG] StandardListScreen: Routing to InlineEditor (Key=S)
[2025-12-13 06:09:09.152] [DEBUG] StandardListScreen: After HandleInput - IsConfirmed=False IsCancelled=False ShowInlineEditor=True
[2025-12-13 06:09:09.166] [DEBUG] StandardListScreen: After close check - ShowInlineEditor=True
[2025-12-13 06:09:09.177] [DEBUG] StandardListScreen: Routing to InlineEditor (Key=A)
[2025-12-13 06:09:09.187] [DEBUG] StandardListScreen: After HandleInput - IsConfirmed=False IsCancelled=False ShowInlineEditor=True
[2025-12-13 06:09:09.197] [DEBUG] StandardListScreen: After close check - ShowInlineEditor=True
[2025-12-13 06:09:09.207] [DEBUG] StandardListScreen: Routing to InlineEditor (Key=F)
[2025-12-13 06:09:09.219] [DEBUG] StandardListScreen: After HandleInput - IsConfirmed=False IsCancelled=False ShowInlineEditor=True
[2025-12-13 06:09:09.232] [DEBUG] StandardListScreen: After close check - ShowInlineEditor=True
[2025-12-13 06:09:09.245] [DEBUG] StandardListScreen: Routing to InlineEditor (Key=E)
[2025-12-13 06:09:09.260] [DEBUG] StandardListScreen: After HandleInput - IsConfirmed=False IsCancelled=False ShowInlineEditor=True
[2025-12-13 06:09:09.275] [DEBUG] StandardListScreen: After close check - ShowInlineEditor=True
[2025-12-13 06:09:09.296] [DEBUG] StandardListScreen: Routing to InlineEditor (Key=S)
[2025-12-13 06:09:09.312] [DEBUG] StandardListScreen: After HandleInput - IsConfirmed=False IsCancelled=False ShowInlineEditor=True
[2025-12-13 06:09:09.342] [DEBUG] StandardListScreen: After close check - ShowInlineEditor=True
[2025-12-13 06:09:09.356] [DEBUG] StandardListScreen: Routing to InlineEditor (Key=Spacebar)
[2025-12-13 06:09:09.371] [DEBUG] StandardListScreen: After HandleInput - IsConfirmed=False IsCancelled=False ShowInlineEditor=True
[2025-12-13 06:09:09.383] [DEBUG] StandardListScreen: After close check - ShowInlineEditor=True
[2025-12-13 06:09:09.394] [DEBUG] StandardListScreen: Routing to InlineEditor (Key=A)
[2025-12-13 06:09:09.406] [DEBUG] StandardListScreen: After HandleInput - IsConfirmed=False IsCancelled=False ShowInlineEditor=True
[2025-12-13 06:09:09.420] [DEBUG] StandardListScreen: After close check - ShowInlineEditor=True
[2025-12-13 06:09:09.431] [DEBUG] StandardListScreen: Routing to InlineEditor (Key=N)
[2025-12-13 06:09:09.443] [DEBUG] StandardListScreen: After HandleInput - IsConfirmed=False IsCancelled=False ShowInlineEditor=True
[2025-12-13 06:09:09.453] [DEBUG] StandardListScreen: After close check - ShowInlineEditor=True
[2025-12-13 06:09:09.463] [DEBUG] StandardListScreen: Routing to InlineEditor (Key=D)
[2025-12-13 06:09:09.475] [DEBUG] StandardListScreen: After HandleInput - IsConfirmed=False IsCancelled=False ShowInlineEditor=True
[2025-12-13 06:09:09.486] [DEBUG] StandardListScreen: After close check - ShowInlineEditor=True
[2025-12-13 06:09:09.497] [DEBUG] StandardListScreen: Routing to InlineEditor (Key=Spacebar)
[2025-12-13 06:09:09.507] [DEBUG] StandardListScreen: After HandleInput - IsConfirmed=False IsCancelled=False ShowInlineEditor=True
[2025-12-13 06:09:09.518] [DEBUG] StandardListScreen: After close check - ShowInlineEditor=True
[2025-12-13 06:09:09.528] [DEBUG] StandardListScreen: Routing to InlineEditor (Key=W)
[2025-12-13 06:09:09.543] [DEBUG] StandardListScreen: After HandleInput - IsConfirmed=False IsCancelled=False ShowInlineEditor=True
[2025-12-13 06:09:09.553] [DEBUG] StandardListScreen: After close check - ShowInlineEditor=True
[2025-12-13 06:09:09.565] [DEBUG] StandardListScreen: Routing to InlineEditor (Key=O)
[2025-12-13 06:09:09.575] [DEBUG] StandardListScreen: After HandleInput - IsConfirmed=False IsCancelled=False ShowInlineEditor=True
[2025-12-13 06:09:09.584] [DEBUG] StandardListScreen: After close check - ShowInlineEditor=True
[2025-12-13 06:09:09.594] [DEBUG] StandardListScreen: Routing to InlineEditor (Key=R)
[2025-12-13 06:09:09.604] [DEBUG] StandardListScreen: After HandleInput - IsConfirmed=False IsCancelled=False ShowInlineEditor=True
[2025-12-13 06:09:09.615] [DEBUG] StandardListScreen: After close check - ShowInlineEditor=True
[2025-12-13 06:09:09.630] [DEBUG] StandardListScreen: Routing to InlineEditor (Key=K)
[2025-12-13 06:09:09.641] [DEBUG] StandardListScreen: After HandleInput - IsConfirmed=False IsCancelled=False ShowInlineEditor=True
[2025-12-13 06:09:09.651] [DEBUG] StandardListScreen: After close check - ShowInlineEditor=True
[2025-12-13 06:09:09.666] [DEBUG] StandardListScreen: Routing to InlineEditor (Key=A)
[2025-12-13 06:09:09.676] [DEBUG] StandardListScreen: After HandleInput - IsConfirmed=False IsCancelled=False ShowInlineEditor=True
[2025-12-13 06:09:09.686] [DEBUG] StandardListScreen: After close check - ShowInlineEditor=True
[2025-12-13 06:09:09.696] [DEBUG] StandardListScreen: Routing to InlineEditor (Key=R)
[2025-12-13 06:09:09.707] [DEBUG] StandardListScreen: After HandleInput - IsConfirmed=False IsCancelled=False ShowInlineEditor=True
[2025-12-13 06:09:09.716] [DEBUG] StandardListScreen: After close check - ShowInlineEditor=True
[2025-12-13 06:09:09.726] [DEBUG] StandardListScreen: Routing to InlineEditor (Key=O)
[2025-12-13 06:09:09.737] [DEBUG] StandardListScreen: After HandleInput - IsConfirmed=False IsCancelled=False ShowInlineEditor=True
[2025-12-13 06:09:09.747] [DEBUG] StandardListScreen: After close check - ShowInlineEditor=True
[2025-12-13 06:09:09.758] [DEBUG] StandardListScreen: Routing to InlineEditor (Key=U)
[2025-12-13 06:09:09.768] [DEBUG] StandardListScreen: After HandleInput - IsConfirmed=False IsCancelled=False ShowInlineEditor=True
[2025-12-13 06:09:09.779] [DEBUG] StandardListScreen: After close check - ShowInlineEditor=True
[2025-12-13 06:09:09.792] [DEBUG] StandardListScreen: Routing to InlineEditor (Key=N)
[2025-12-13 06:09:09.802] [DEBUG] StandardListScreen: After HandleInput - IsConfirmed=False IsCancelled=False ShowInlineEditor=True
[2025-12-13 06:09:09.812] [DEBUG] StandardListScreen: After close check - ShowInlineEditor=True
[2025-12-13 06:09:09.822] [DEBUG] StandardListScreen: Routing to InlineEditor (Key=D)
[2025-12-13 06:09:09.833] [DEBUG] StandardListScreen: After HandleInput - IsConfirmed=False IsCancelled=False ShowInlineEditor=True
[2025-12-13 06:09:09.843] [DEBUG] StandardListScreen: After close check - ShowInlineEditor=True
[2025-12-13 06:09:09.853] [DEBUG] StandardListScreen: Routing to InlineEditor (Key=S)
[2025-12-13 06:09:09.864] [DEBUG] StandardListScreen: After HandleInput - IsConfirmed=False IsCancelled=False ShowInlineEditor=True
[2025-12-13 06:09:09.874] [DEBUG] StandardListScreen: After close check - ShowInlineEditor=True
[2025-12-13 06:09:09.885] [DEBUG] StandardListScreen: Routing to InlineEditor (Key=OemPeriod)
[2025-12-13 06:09:09.895] [DEBUG] StandardListScreen: After HandleInput - IsConfirmed=False IsCancelled=False ShowInlineEditor=True
[2025-12-13 06:09:09.906] [DEBUG] StandardListScreen: After close check - ShowInlineEditor=True
[2025-12-13 06:09:09.920] [DEBUG] StandardListScreen: Routing to InlineEditor (Key=Spacebar)
[2025-12-13 06:09:09.930] [DEBUG] StandardListScreen: After HandleInput - IsConfirmed=False IsCancelled=False ShowInlineEditor=True
[2025-12-13 06:09:09.941] [DEBUG] StandardListScreen: After close check - ShowInlineEditor=True
[2025-12-13 06:09:09.951] [DEBUG] StandardListScreen: Routing to InlineEditor (Key=E)
[2025-12-13 06:09:09.961] [DEBUG] StandardListScreen: After HandleInput - IsConfirmed=False IsCancelled=False ShowInlineEditor=True
[2025-12-13 06:09:09.971] [DEBUG] StandardListScreen: After close check - ShowInlineEditor=True
[2025-12-13 06:09:09.983] [DEBUG] StandardListScreen: Routing to InlineEditor (Key=V)
[2025-12-13 06:09:09.994] [DEBUG] StandardListScreen: After HandleInput - IsConfirmed=False IsCancelled=False ShowInlineEditor=True
[2025-12-13 06:09:10.005] [DEBUG] StandardListScreen: After close check - ShowInlineEditor=True
[2025-12-13 06:09:10.015] [DEBUG] StandardListScreen: Routing to InlineEditor (Key=E)
[2025-12-13 06:09:10.025] [DEBUG] StandardListScreen: After HandleInput - IsConfirmed=False IsCancelled=False ShowInlineEditor=True
[2025-12-13 06:09:10.039] [DEBUG] StandardListScreen: After close check - ShowInlineEditor=True
[2025-12-13 06:09:10.051] [DEBUG] StandardListScreen: Routing to InlineEditor (Key=R)
[2025-12-13 06:09:10.062] [DEBUG] StandardListScreen: After HandleInput - IsConfirmed=False IsCancelled=False ShowInlineEditor=True
[2025-12-13 06:09:10.072] [DEBUG] StandardListScreen: After close check - ShowInlineEditor=True
[2025-12-13 06:09:10.083] [DEBUG] StandardListScreen: Routing to InlineEditor (Key=Y)
[2025-12-13 06:09:10.094] [DEBUG] StandardListScreen: After HandleInput - IsConfirmed=False IsCancelled=False ShowInlineEditor=True
[2025-12-13 06:09:10.104] [DEBUG] StandardListScreen: After close check - ShowInlineEditor=True
[2025-12-13 06:09:10.114] [DEBUG] StandardListScreen: Routing to InlineEditor (Key=W)
[2025-12-13 06:09:10.124] [DEBUG] StandardListScreen: After HandleInput - IsConfirmed=False IsCancelled=False ShowInlineEditor=True
[2025-12-13 06:09:10.136] [DEBUG] StandardListScreen: After close check - ShowInlineEditor=True
[2025-12-13 06:09:10.147] [DEBUG] StandardListScreen: Routing to InlineEditor (Key=H)
[2025-12-13 06:09:10.159] [DEBUG] StandardListScreen: After HandleInput - IsConfirmed=False IsCancelled=False ShowInlineEditor=True
[2025-12-13 06:09:10.172] [DEBUG] StandardListScreen: After close check - ShowInlineEditor=True
[2025-12-13 06:09:10.183] [DEBUG] StandardListScreen: Routing to InlineEditor (Key=E)
[2025-12-13 06:09:10.194] [DEBUG] StandardListScreen: After HandleInput - IsConfirmed=False IsCancelled=False ShowInlineEditor=True
[2025-12-13 06:09:10.204] [DEBUG] StandardListScreen: After close check - ShowInlineEditor=True
[2025-12-13 06:09:10.215] [DEBUG] StandardListScreen: Routing to InlineEditor (Key=R)
[2025-12-13 06:09:10.225] [DEBUG] StandardListScreen: After HandleInput - IsConfirmed=False IsCancelled=False ShowInlineEditor=True
[2025-12-13 06:09:10.235] [DEBUG] StandardListScreen: After close check - ShowInlineEditor=True
[2025-12-13 06:09:10.245] [DEBUG] StandardListScreen: Routing to InlineEditor (Key=E)
[2025-12-13 06:09:10.257] [DEBUG] StandardListScreen: After HandleInput - IsConfirmed=False IsCancelled=False ShowInlineEditor=True
[2025-12-13 06:09:10.267] [DEBUG] StandardListScreen: After close check - ShowInlineEditor=True
[2025-12-13 06:09:10.277] [DEBUG] StandardListScreen: Routing to InlineEditor (Key=OemPeriod)
[2025-12-13 06:09:10.290] [DEBUG] StandardListScreen: After HandleInput - IsConfirmed=False IsCancelled=False ShowInlineEditor=True
[2025-12-13 06:09:10.300] [DEBUG] StandardListScreen: After close check - ShowInlineEditor=True
[2025-12-13 06:09:10.311] [DEBUG] StandardListScreen: Routing to InlineEditor (Key=Spacebar)
[2025-12-13 06:09:10.321] [DEBUG] StandardListScreen: After HandleInput - IsConfirmed=False IsCancelled=False ShowInlineEditor=True
[2025-12-13 06:09:10.331] [DEBUG] StandardListScreen: After close check - ShowInlineEditor=True
[2025-12-13 06:09:10.342] [DEBUG] StandardListScreen: Routing to InlineEditor (Key=E)
[2025-12-13 06:09:10.352] [DEBUG] StandardListScreen: After HandleInput - IsConfirmed=False IsCancelled=False ShowInlineEditor=True
[2025-12-13 06:09:10.363] [DEBUG] StandardListScreen: After close check - ShowInlineEditor=True
[2025-12-13 06:09:10.375] [DEBUG] StandardListScreen: Routing to InlineEditor (Key=V)
[2025-12-13 06:09:10.385] [DEBUG] StandardListScreen: After HandleInput - IsConfirmed=False IsCancelled=False ShowInlineEditor=True
[2025-12-13 06:09:10.394] [DEBUG] StandardListScreen: After close check - ShowInlineEditor=True
[2025-12-13 06:09:10.405] [DEBUG] StandardListScreen: Routing to InlineEditor (Key=E)
[2025-12-13 06:09:10.420] [DEBUG] StandardListScreen: After HandleInput - IsConfirmed=False IsCancelled=False ShowInlineEditor=True
[2025-12-13 06:09:10.432] [DEBUG] StandardListScreen: After close check - ShowInlineEditor=True
[2025-12-13 06:09:10.443] [DEBUG] StandardListScreen: Routing to InlineEditor (Key=R)
[2025-12-13 06:09:10.454] [DEBUG] StandardListScreen: After HandleInput - IsConfirmed=False IsCancelled=False ShowInlineEditor=True
[2025-12-13 06:09:10.466] [DEBUG] StandardListScreen: After close check - ShowInlineEditor=True
[2025-12-13 06:09:10.477] [DEBUG] StandardListScreen: Routing to InlineEditor (Key=Y)
[2025-12-13 06:09:10.489] [DEBUG] StandardListScreen: After HandleInput - IsConfirmed=False IsCancelled=False ShowInlineEditor=True
[2025-12-13 06:09:10.500] [DEBUG] StandardListScreen: After close check - ShowInlineEditor=True
[2025-12-13 06:09:10.510] [DEBUG] StandardListScreen: Routing to InlineEditor (Key=Spacebar)
[2025-12-13 06:09:10.520] [DEBUG] StandardListScreen: After HandleInput - IsConfirmed=False IsCancelled=False ShowInlineEditor=True
[2025-12-13 06:09:10.533] [DEBUG] StandardListScreen: After close check - ShowInlineEditor=True
[2025-12-13 06:09:10.546] [DEBUG] StandardListScreen: Routing to InlineEditor (Key=S)
[2025-12-13 06:09:10.557] [DEBUG] StandardListScreen: After HandleInput - IsConfirmed=False IsCancelled=False ShowInlineEditor=True
[2025-12-13 06:09:10.567] [DEBUG] StandardListScreen: After close check - ShowInlineEditor=True
[2025-12-13 06:09:10.578] [DEBUG] StandardListScreen: Routing to InlineEditor (Key=I)
[2025-12-13 06:09:10.587] [DEBUG] StandardListScreen: After HandleInput - IsConfirmed=False IsCancelled=False ShowInlineEditor=True
[2025-12-13 06:09:10.597] [DEBUG] StandardListScreen: After close check - ShowInlineEditor=True
[2025-12-13 06:09:10.607] [DEBUG] StandardListScreen: Routing to InlineEditor (Key=N)
[2025-12-13 06:09:10.617] [DEBUG] StandardListScreen: After HandleInput - IsConfirmed=False IsCancelled=False ShowInlineEditor=True
[2025-12-13 06:09:10.627] [DEBUG] StandardListScreen: After close check - ShowInlineEditor=True
[2025-12-13 06:09:10.638] [DEBUG] StandardListScreen: Routing to InlineEditor (Key=G)
[2025-12-13 06:09:10.649] [DEBUG] StandardListScreen: After HandleInput - IsConfirmed=False IsCancelled=False ShowInlineEditor=True
[2025-12-13 06:09:10.661] [DEBUG] StandardListScreen: After close check - ShowInlineEditor=True
[2025-12-13 06:09:10.674] [DEBUG] StandardListScreen: Routing to InlineEditor (Key=L)
[2025-12-13 06:09:10.683] [DEBUG] StandardListScreen: After HandleInput - IsConfirmed=False IsCancelled=False ShowInlineEditor=True
[2025-12-13 06:09:10.693] [DEBUG] StandardListScreen: After close check - ShowInlineEditor=True
[2025-12-13 06:09:10.703] [DEBUG] StandardListScreen: Routing to InlineEditor (Key=E)
[2025-12-13 06:09:10.713] [DEBUG] StandardListScreen: After HandleInput - IsConfirmed=False IsCancelled=False ShowInlineEditor=True
[2025-12-13 06:09:10.724] [DEBUG] StandardListScreen: After close check - ShowInlineEditor=True
[2025-12-13 06:09:10.734] [DEBUG] StandardListScreen: Routing to InlineEditor (Key=Spacebar)
[2025-12-13 06:09:10.744] [DEBUG] StandardListScreen: After HandleInput - IsConfirmed=False IsCancelled=False ShowInlineEditor=True
[2025-12-13 06:09:10.754] [DEBUG] StandardListScreen: After close check - ShowInlineEditor=True
[2025-12-13 06:09:10.764] [DEBUG] StandardListScreen: Routing to InlineEditor (Key=O)
[2025-12-13 06:09:10.774] [DEBUG] StandardListScreen: After HandleInput - IsConfirmed=False IsCancelled=False ShowInlineEditor=True
[2025-12-13 06:09:10.785] [DEBUG] StandardListScreen: After close check - ShowInlineEditor=True
[2025-12-13 06:09:10.799] [DEBUG] StandardListScreen: Routing to InlineEditor (Key=N)
[2025-12-13 06:09:10.810] [DEBUG] StandardListScreen: After HandleInput - IsConfirmed=False IsCancelled=False ShowInlineEditor=True
[2025-12-13 06:09:10.819] [DEBUG] StandardListScreen: After close check - ShowInlineEditor=True
[2025-12-13 06:09:10.830] [DEBUG] StandardListScreen: Routing to InlineEditor (Key=E)
[2025-12-13 06:09:10.840] [DEBUG] StandardListScreen: After HandleInput - IsConfirmed=False IsCancelled=False ShowInlineEditor=True
[2025-12-13 06:09:10.851] [DEBUG] StandardListScreen: After close check - ShowInlineEditor=True
[2025-12-13 06:09:10.862] [DEBUG] StandardListScreen: Routing to InlineEditor (Key=OemPeriod)
[2025-12-13 06:09:10.873] [DEBUG] StandardListScreen: After HandleInput - IsConfirmed=False IsCancelled=False ShowInlineEditor=True
[2025-12-13 06:09:10.884] [DEBUG] StandardListScreen: After close check - ShowInlineEditor=True
[2025-12-13 06:09:10.895] [DEBUG] StandardListScreen: Routing to InlineEditor (Key=Spacebar)
[2025-12-13 06:09:10.906] [DEBUG] StandardListScreen: After HandleInput - IsConfirmed=False IsCancelled=False ShowInlineEditor=True
[2025-12-13 06:09:10.920] [DEBUG] StandardListScreen: After close check - ShowInlineEditor=True
[2025-12-13 06:09:10.932] [DEBUG] StandardListScreen: Routing to InlineEditor (Key=T)
[2025-12-13 06:09:10.943] [DEBUG] StandardListScreen: After HandleInput - IsConfirmed=False IsCancelled=False ShowInlineEditor=True
[2025-12-13 06:09:10.954] [DEBUG] StandardListScreen: After close check - ShowInlineEditor=True
[2025-12-13 06:09:10.964] [DEBUG] StandardListScreen: Routing to InlineEditor (Key=H)
[2025-12-13 06:09:10.975] [DEBUG] StandardListScreen: After HandleInput - IsConfirmed=False IsCancelled=False ShowInlineEditor=True
[2025-12-13 06:09:10.986] [DEBUG] StandardListScreen: After close check - ShowInlineEditor=True
[2025-12-13 06:09:10.996] [DEBUG] StandardListScreen: Routing to InlineEditor (Key=I)
[2025-12-13 06:09:11.006] [DEBUG] StandardListScreen: After HandleInput - IsConfirmed=False IsCancelled=False ShowInlineEditor=True
[2025-12-13 06:09:11.017] [DEBUG] StandardListScreen: After close check - ShowInlineEditor=True
[2025-12-13 06:09:11.027] [DEBUG] StandardListScreen: Routing to InlineEditor (Key=S)
[2025-12-13 06:09:11.042] [DEBUG] StandardListScreen: After HandleInput - IsConfirmed=False IsCancelled=False ShowInlineEditor=True
[2025-12-13 06:09:11.052] [DEBUG] StandardListScreen: After close check - ShowInlineEditor=True
[2025-12-13 06:09:11.064] [DEBUG] StandardListScreen: Routing to InlineEditor (Key=Spacebar)
[2025-12-13 06:09:11.074] [DEBUG] StandardListScreen: After HandleInput - IsConfirmed=False IsCancelled=False ShowInlineEditor=True
[2025-12-13 06:09:11.085] [DEBUG] StandardListScreen: After close check - ShowInlineEditor=True
[2025-12-13 06:09:11.096] [DEBUG] StandardListScreen: Routing to InlineEditor (Key=N)
[2025-12-13 06:09:11.106] [DEBUG] StandardListScreen: After HandleInput - IsConfirmed=False IsCancelled=False ShowInlineEditor=True
[2025-12-13 06:09:11.116] [DEBUG] StandardListScreen: After close check - ShowInlineEditor=True
[2025-12-13 06:09:11.127] [DEBUG] StandardListScreen: Routing to InlineEditor (Key=E)
[2025-12-13 06:09:11.137] [DEBUG] StandardListScreen: After HandleInput - IsConfirmed=False IsCancelled=False ShowInlineEditor=True
[2025-12-13 06:09:11.147] [DEBUG] StandardListScreen: After close check - ShowInlineEditor=True
[2025-12-13 06:09:11.158] [DEBUG] StandardListScreen: Routing to InlineEditor (Key=E)
[2025-12-13 06:09:11.171] [DEBUG] StandardListScreen: After HandleInput - IsConfirmed=False IsCancelled=False ShowInlineEditor=True
[2025-12-13 06:09:11.180] [DEBUG] StandardListScreen: After close check - ShowInlineEditor=True
[2025-12-13 06:09:11.190] [DEBUG] StandardListScreen: Routing to InlineEditor (Key=D)
[2025-12-13 06:09:11.201] [DEBUG] StandardListScreen: After HandleInput - IsConfirmed=False IsCancelled=False ShowInlineEditor=True
[2025-12-13 06:09:11.211] [DEBUG] StandardListScreen: After close check - ShowInlineEditor=True
[2025-12-13 06:09:11.222] [DEBUG] StandardListScreen: Routing to InlineEditor (Key=S)
[2025-12-13 06:09:11.232] [DEBUG] StandardListScreen: After HandleInput - IsConfirmed=False IsCancelled=False ShowInlineEditor=True
[2025-12-13 06:09:11.243] [DEBUG] StandardListScreen: After close check - ShowInlineEditor=True
[2025-12-13 06:09:11.253] [DEBUG] StandardListScreen: Routing to InlineEditor (Key=Spacebar)
[2025-12-13 06:09:11.264] [DEBUG] StandardListScreen: After HandleInput - IsConfirmed=False IsCancelled=False ShowInlineEditor=True
[2025-12-13 06:09:11.274] [DEBUG] StandardListScreen: After close check - ShowInlineEditor=True
[2025-12-13 06:09:11.287] [DEBUG] StandardListScreen: Routing to InlineEditor (Key=T)
[2025-12-13 06:09:11.299] [DEBUG] StandardListScreen: After HandleInput - IsConfirmed=False IsCancelled=False ShowInlineEditor=True
[2025-12-13 06:09:11.311] [DEBUG] StandardListScreen: After close check - ShowInlineEditor=True
[2025-12-13 06:09:11.322] [DEBUG] StandardListScreen: Routing to InlineEditor (Key=O)
[2025-12-13 06:09:11.332] [DEBUG] StandardListScreen: After HandleInput - IsConfirmed=False IsCancelled=False ShowInlineEditor=True
[2025-12-13 06:09:11.342] [DEBUG] StandardListScreen: After close check - ShowInlineEditor=True
[2025-12-13 06:09:11.354] [DEBUG] StandardListScreen: Routing to InlineEditor (Key=Spacebar)
[2025-12-13 06:09:11.364] [DEBUG] StandardListScreen: After HandleInput - IsConfirmed=False IsCancelled=False ShowInlineEditor=True
[2025-12-13 06:09:11.373] [DEBUG] StandardListScreen: After close check - ShowInlineEditor=True
[2025-12-13 06:09:11.383] [DEBUG] StandardListScreen: Routing to InlineEditor (Key=F)
[2025-12-13 06:09:11.394] [DEBUG] StandardListScreen: After HandleInput - IsConfirmed=False IsCancelled=False ShowInlineEditor=True
[2025-12-13 06:09:11.405] [DEBUG] StandardListScreen: After close check - ShowInlineEditor=True
[2025-12-13 06:09:11.422] [DEBUG] StandardListScreen: Routing to InlineEditor (Key=A)
[2025-12-13 06:09:11.432] [DEBUG] StandardListScreen: After HandleInput - IsConfirmed=False IsCancelled=False ShowInlineEditor=True
[2025-12-13 06:09:11.442] [DEBUG] StandardListScreen: After close check - ShowInlineEditor=True
[2025-12-13 06:09:11.453] [DEBUG] StandardListScreen: Routing to InlineEditor (Key=I)
[2025-12-13 06:09:11.464] [DEBUG] StandardListScreen: After HandleInput - IsConfirmed=False IsCancelled=False ShowInlineEditor=True
[2025-12-13 06:09:11.475] [DEBUG] StandardListScreen: After close check - ShowInlineEditor=True
[2025-12-13 06:09:11.486] [DEBUG] StandardListScreen: Routing to InlineEditor (Key=L)
[2025-12-13 06:09:11.496] [DEBUG] StandardListScreen: After HandleInput - IsConfirmed=False IsCancelled=False ShowInlineEditor=True
[2025-12-13 06:09:11.508] [DEBUG] StandardListScreen: After close check - ShowInlineEditor=True
[2025-12-13 06:09:11.518] [DEBUG] StandardListScreen: Routing to InlineEditor (Key=Spacebar)
[2025-12-13 06:09:11.528] [DEBUG] StandardListScreen: After HandleInput - IsConfirmed=False IsCancelled=False ShowInlineEditor=True
[2025-12-13 06:09:11.542] [DEBUG] StandardListScreen: After close check - ShowInlineEditor=True
[2025-12-13 06:09:11.554] [DEBUG] StandardListScreen: Routing to InlineEditor (Key=F)
[2025-12-13 06:09:11.564] [DEBUG] StandardListScreen: After HandleInput - IsConfirmed=False IsCancelled=False ShowInlineEditor=True
[2025-12-13 06:09:11.574] [DEBUG] StandardListScreen: After close check - ShowInlineEditor=True
[2025-12-13 06:09:11.584] [DEBUG] StandardListScreen: Routing to InlineEditor (Key=A)
[2025-12-13 06:09:11.594] [DEBUG] StandardListScreen: After HandleInput - IsConfirmed=False IsCancelled=False ShowInlineEditor=True
[2025-12-13 06:09:11.605] [DEBUG] StandardListScreen: After close check - ShowInlineEditor=True
[2025-12-13 06:09:11.615] [DEBUG] StandardListScreen: Routing to InlineEditor (Key=S)
[2025-12-13 06:09:11.627] [DEBUG] StandardListScreen: After HandleInput - IsConfirmed=False IsCancelled=False ShowInlineEditor=True
[2025-12-13 06:09:11.637] [DEBUG] StandardListScreen: After close check - ShowInlineEditor=True
[2025-12-13 06:09:11.648] [DEBUG] StandardListScreen: Routing to InlineEditor (Key=T)
[2025-12-13 06:09:11.660] [DEBUG] StandardListScreen: After HandleInput - IsConfirmed=False IsCancelled=False ShowInlineEditor=True
[2025-12-13 06:09:11.673] [DEBUG] StandardListScreen: After close check - ShowInlineEditor=True
[2025-12-13 06:09:11.684] [DEBUG] StandardListScreen: Routing to InlineEditor (Key=Spacebar)
[2025-12-13 06:09:11.694] [DEBUG] StandardListScreen: After HandleInput - IsConfirmed=False IsCancelled=False ShowInlineEditor=True
[2025-12-13 06:09:11.704] [DEBUG] StandardListScreen: After close check - ShowInlineEditor=True
[2025-12-13 06:09:11.714] [DEBUG] StandardListScreen: Routing to InlineEditor (Key=A)
[2025-12-13 06:09:11.726] [DEBUG] StandardListScreen: After HandleInput - IsConfirmed=False IsCancelled=False ShowInlineEditor=True
[2025-12-13 06:09:11.737] [DEBUG] StandardListScreen: After close check - ShowInlineEditor=True
[2025-12-13 06:09:11.748] [DEBUG] StandardListScreen: Routing to InlineEditor (Key=N)
[2025-12-13 06:09:11.758] [DEBUG] StandardListScreen: After HandleInput - IsConfirmed=False IsCancelled=False ShowInlineEditor=True
[2025-12-13 06:09:11.769] [DEBUG] StandardListScreen: After close check - ShowInlineEditor=True
[2025-12-13 06:09:11.779] [DEBUG] StandardListScreen: Routing to InlineEditor (Key=D)
[2025-12-13 06:09:11.793] [DEBUG] StandardListScreen: After HandleInput - IsConfirmed=False IsCancelled=False ShowInlineEditor=True
[2025-12-13 06:09:11.803] [DEBUG] StandardListScreen: After close check - ShowInlineEditor=True
[2025-12-13 06:09:11.814] [DEBUG] StandardListScreen: Routing to InlineEditor (Key=Spacebar)
[2025-12-13 06:09:11.825] [DEBUG] StandardListScreen: After HandleInput - IsConfirmed=False IsCancelled=False ShowInlineEditor=True
[2025-12-13 06:09:11.834] [DEBUG] StandardListScreen: After close check - ShowInlineEditor=True
[2025-12-13 06:09:11.845] [DEBUG] StandardListScreen: Routing to InlineEditor (Key=B)
[2025-12-13 06:09:11.855] [DEBUG] StandardListScreen: After HandleInput - IsConfirmed=False IsCancelled=False ShowInlineEditor=True
[2025-12-13 06:09:11.865] [DEBUG] StandardListScreen: After close check - ShowInlineEditor=True
[2025-12-13 06:09:11.876] [DEBUG] StandardListScreen: Routing to InlineEditor (Key=E)
[2025-12-13 06:09:11.886] [DEBUG] StandardListScreen: After HandleInput - IsConfirmed=False IsCancelled=False ShowInlineEditor=True
[2025-12-13 06:09:11.895] [DEBUG] StandardListScreen: After close check - ShowInlineEditor=True
[2025-12-13 06:09:11.907] [DEBUG] StandardListScreen: Routing to InlineEditor (Key=Spacebar)
[2025-12-13 06:09:11.920] [DEBUG] StandardListScreen: After HandleInput - IsConfirmed=False IsCancelled=False ShowInlineEditor=True
[2025-12-13 06:09:11.931] [DEBUG] StandardListScreen: After close check - ShowInlineEditor=True
[2025-12-13 06:09:11.941] [DEBUG] StandardListScreen: Routing to InlineEditor (Key=F)
[2025-12-13 06:09:11.951] [DEBUG] StandardListScreen: After HandleInput - IsConfirmed=False IsCancelled=False ShowInlineEditor=True
[2025-12-13 06:09:11.962] [DEBUG] StandardListScreen: After close check - ShowInlineEditor=True
[2025-12-13 06:09:11.972] [DEBUG] StandardListScreen: Routing to InlineEditor (Key=I)
[2025-12-13 06:09:11.984] [DEBUG] StandardListScreen: After HandleInput - IsConfirmed=False IsCancelled=False ShowInlineEditor=True
[2025-12-13 06:09:11.994] [DEBUG] StandardListScreen: After close check - ShowInlineEditor=True
[2025-12-13 06:09:12.004] [DEBUG] StandardListScreen: Routing to InlineEditor (Key=X)
[2025-12-13 06:09:12.014] [DEBUG] StandardListScreen: After HandleInput - IsConfirmed=False IsCancelled=False ShowInlineEditor=True
[2025-12-13 06:09:12.025] [DEBUG] StandardListScreen: After close check - ShowInlineEditor=True
[2025-12-13 06:09:12.038] [DEBUG] StandardListScreen: Routing to InlineEditor (Key=E)
[2025-12-13 06:09:12.050] [DEBUG] StandardListScreen: After HandleInput - IsConfirmed=False IsCancelled=False ShowInlineEditor=True
[2025-12-13 06:09:12.059] [DEBUG] StandardListScreen: After close check - ShowInlineEditor=True
[2025-12-13 06:09:12.069] [DEBUG] StandardListScreen: Routing to InlineEditor (Key=D)
[2025-12-13 06:09:12.078] [DEBUG] StandardListScreen: After HandleInput - IsConfirmed=False IsCancelled=False ShowInlineEditor=True
[2025-12-13 06:09:12.088] [DEBUG] StandardListScreen: After close check - ShowInlineEditor=True
[2025-12-13 06:09:12.099] [DEBUG] StandardListScreen: Routing to InlineEditor (Key=Spacebar)
[2025-12-13 06:09:12.108] [DEBUG] StandardListScreen: After HandleInput - IsConfirmed=False IsCancelled=False ShowInlineEditor=True
[2025-12-13 06:09:12.118] [DEBUG] StandardListScreen: After close check - ShowInlineEditor=True
[2025-12-13 06:09:12.129] [DEBUG] StandardListScreen: Routing to InlineEditor (Key=P)
[2025-12-13 06:09:12.140] [DEBUG] StandardListScreen: After HandleInput - IsConfirmed=False IsCancelled=False ShowInlineEditor=True
[2025-12-13 06:09:12.150] [DEBUG] StandardListScreen: After close check - ShowInlineEditor=True
[2025-12-13 06:09:12.163] [DEBUG] StandardListScreen: Routing to InlineEditor (Key=R)
[2025-12-13 06:09:12.175] [DEBUG] StandardListScreen: After HandleInput - IsConfirmed=False IsCancelled=False ShowInlineEditor=True
[2025-12-13 06:09:12.186] [DEBUG] StandardListScreen: After close check - ShowInlineEditor=True
[2025-12-13 06:09:12.198] [DEBUG] StandardListScreen: Routing to InlineEditor (Key=O)
[2025-12-13 06:09:12.209] [DEBUG] StandardListScreen: After HandleInput - IsConfirmed=False IsCancelled=False ShowInlineEditor=True
[2025-12-13 06:09:12.219] [DEBUG] StandardListScreen: After close check - ShowInlineEditor=True
[2025-12-13 06:09:12.230] [DEBUG] StandardListScreen: Routing to InlineEditor (Key=P)
[2025-12-13 06:09:12.241] [DEBUG] StandardListScreen: After HandleInput - IsConfirmed=False IsCancelled=False ShowInlineEditor=True
[2025-12-13 06:09:12.252] [DEBUG] StandardListScreen: After close check - ShowInlineEditor=True
[2025-12-13 06:09:12.263] [DEBUG] StandardListScreen: Routing to InlineEditor (Key=E)
[2025-12-13 06:09:12.272] [DEBUG] StandardListScreen: After HandleInput - IsConfirmed=False IsCancelled=False ShowInlineEditor=True
[2025-12-13 06:09:12.283] [DEBUG] StandardListScreen: After close check - ShowInlineEditor=True
[2025-12-13 06:09:12.296] [DEBUG] StandardListScreen: Routing to InlineEditor (Key=R)
[2025-12-13 06:09:12.307] [DEBUG] StandardListScreen: After HandleInput - IsConfirmed=False IsCancelled=False ShowInlineEditor=True
[2025-12-13 06:09:12.318] [DEBUG] StandardListScreen: After close check - ShowInlineEditor=True
[2025-12-13 06:09:12.327] [DEBUG] StandardListScreen: Routing to InlineEditor (Key=L)
[2025-12-13 06:09:12.338] [DEBUG] StandardListScreen: After HandleInput - IsConfirmed=False IsCancelled=False ShowInlineEditor=True
[2025-12-13 06:09:12.349] [DEBUG] StandardListScreen: After close check - ShowInlineEditor=True
[2025-12-13 06:09:12.360] [DEBUG] StandardListScreen: Routing to InlineEditor (Key=Y)
[2025-12-13 06:09:12.372] [DEBUG] StandardListScreen: After HandleInput - IsConfirmed=False IsCancelled=False ShowInlineEditor=True
[2025-12-13 06:09:12.382] [DEBUG] StandardListScreen: After close check - ShowInlineEditor=True
[2025-12-13 06:09:12.392] [DEBUG] StandardListScreen: Routing to InlineEditor (Key=D1)
[2025-12-13 06:09:12.402] [DEBUG] StandardListScreen: After HandleInput - IsConfirmed=False IsCancelled=False ShowInlineEditor=True
[2025-12-13 06:09:12.416] [DEBUG] StandardListScreen: After close check - ShowInlineEditor=True
[2025-12-13 06:09:12.427] [DEBUG] StandardListScreen: Routing to InlineEditor (Key=D1)
[2025-12-13 06:09:12.439] [DEBUG] StandardListScreen: After HandleInput - IsConfirmed=False IsCancelled=False ShowInlineEditor=True
[2025-12-13 06:09:12.450] [DEBUG] StandardListScreen: After close check - ShowInlineEditor=True
[2025-12-13 06:09:12.460] [DEBUG] StandardListScreen: Routing to InlineEditor (Key=D1)
[2025-12-13 06:09:12.472] [DEBUG] StandardListScreen: After HandleInput - IsConfirmed=False IsCancelled=False ShowInlineEditor=True
[2025-12-13 06:09:12.482] [DEBUG] StandardListScreen: After close check - ShowInlineEditor=True
[2025-12-13 06:09:12.493] [DEBUG] StandardListScreen: Routing to InlineEditor (Key=D1)
[2025-12-13 06:09:12.503] [DEBUG] StandardListScreen: After HandleInput - IsConfirmed=False IsCancelled=False ShowInlineEditor=True
[2025-12-13 06:09:12.513] [DEBUG] StandardListScreen: After close check - ShowInlineEditor=True
[2025-12-13 06:09:12.546] [INFO] PadText: text='Task' rawLen=4 visibleLen=4 width=40 align=left
[2025-12-13 06:09:12.558] [INFO] PadText: text='Details' rawLen=7 visibleLen=7 width=28 align=left
[2025-12-13 06:09:12.570] [INFO] PadText: text='Due' rawLen=3 visibleLen=3 width=16 align=left
[2025-12-13 06:09:12.580] [INFO] PadText: text='Project' rawLen=7 visibleLen=7 width=21 align=left
[2025-12-13 06:09:12.591] [INFO] PadText: text='Tags' rawLen=4 visibleLen=4 width=23 align=left
[2025-12-13 06:09:12.608] [INFO] PadText: text='t2' rawLen=2 visibleLen=2 width=38 align=left
[2025-12-13 06:09:12.618] [INFO] PadText: text='d2' rawLen=2 visibleLen=2 width=26 align=left
[2025-12-13 06:09:12.629] [INFO] PadText: text='Dec 16' rawLen=6 visibleLen=6 width=14 align=left
[2025-12-13 06:09:12.645] [INFO] PadText: text='t3' rawLen=2 visibleLen=2 width=38 align=left
[2025-12-13 06:09:12.657] [INFO] PadText: text='Dec 18' rawLen=6 visibleLen=6 width=14 align=left
[2025-12-13 06:09:12.672] [INFO] PadText: text='p1' rawLen=2 visibleLen=2 width=19 align=left
[2025-12-13 06:09:12.688] [INFO] PadText: text='t1' rawLen=2 visibleLen=2 width=38 align=left
[2025-12-13 06:09:12.706] [INFO] PadText: text='task' rawLen=4 visibleLen=4 width=38 align=left
[2025-12-13 06:09:12.800] [INFO] PadText: text='Task' rawLen=4 visibleLen=4 width=40 align=left
[2025-12-13 06:09:12.812] [INFO] PadText: text='Details' rawLen=7 visibleLen=7 width=28 align=left
[2025-12-13 06:09:12.822] [INFO] PadText: text='Due' rawLen=3 visibleLen=3 width=16 align=left
[2025-12-13 06:09:12.834] [INFO] PadText: text='Project' rawLen=7 visibleLen=7 width=21 align=left
[2025-12-13 06:09:12.845] [INFO] PadText: text='Tags' rawLen=4 visibleLen=4 width=23 align=left
[2025-12-13 06:09:12.859] [INFO] PadText: text='t2' rawLen=2 visibleLen=2 width=38 align=left
[2025-12-13 06:09:12.870] [INFO] PadText: text='d2' rawLen=2 visibleLen=2 width=26 align=left
[2025-12-13 06:09:12.881] [INFO] PadText: text='Dec 16' rawLen=6 visibleLen=6 width=14 align=left
[2025-12-13 06:09:12.897] [INFO] PadText: text='t3' rawLen=2 visibleLen=2 width=38 align=left
[2025-12-13 06:09:12.911] [INFO] PadText: text='Dec 18' rawLen=6 visibleLen=6 width=14 align=left
[2025-12-13 06:09:12.924] [INFO] PadText: text='p1' rawLen=2 visibleLen=2 width=19 align=left
[2025-12-13 06:09:12.940] [INFO] PadText: text='t1' rawLen=2 visibleLen=2 width=38 align=left
[2025-12-13 06:09:12.957] [INFO] PadText: text='task' rawLen=4 visibleLen=4 width=38 align=left
[2025-12-13 06:09:13.171] [DEBUG] StandardListScreen: Routing to InlineEditor (Key=Q)
[2025-12-13 06:09:13.182] [DEBUG] StandardListScreen: After HandleInput - IsConfirmed=False IsCancelled=False ShowInlineEditor=True
[2025-12-13 06:09:13.192] [DEBUG] StandardListScreen: After close check - ShowInlineEditor=True
[2025-12-13 06:09:13.224] [INFO] PadText: text='Task' rawLen=4 visibleLen=4 width=40 align=left
[2025-12-13 06:09:13.236] [INFO] PadText: text='Details' rawLen=7 visibleLen=7 width=28 align=left
[2025-12-13 06:09:13.247] [INFO] PadText: text='Due' rawLen=3 visibleLen=3 width=16 align=left
[2025-12-13 06:09:13.259] [INFO] PadText: text='Project' rawLen=7 visibleLen=7 width=21 align=left
[2025-12-13 06:09:13.270] [INFO] PadText: text='Tags' rawLen=4 visibleLen=4 width=23 align=left
[2025-12-13 06:09:13.289] [INFO] PadText: text='t2' rawLen=2 visibleLen=2 width=38 align=left
[2025-12-13 06:09:13.301] [INFO] PadText: text='d2' rawLen=2 visibleLen=2 width=26 align=left
[2025-12-13 06:09:13.313] [INFO] PadText: text='Dec 16' rawLen=6 visibleLen=6 width=14 align=left
[2025-12-13 06:09:13.329] [INFO] PadText: text='t3' rawLen=2 visibleLen=2 width=38 align=left
[2025-12-13 06:09:13.339] [INFO] PadText: text='Dec 18' rawLen=6 visibleLen=6 width=14 align=left
[2025-12-13 06:09:13.350] [INFO] PadText: text='p1' rawLen=2 visibleLen=2 width=19 align=left
[2025-12-13 06:09:13.366] [INFO] PadText: text='t1' rawLen=2 visibleLen=2 width=38 align=left
[2025-12-13 06:09:13.382] [INFO] PadText: text='task' rawLen=4 visibleLen=4 width=38 align=left
[2025-12-13 06:09:13.479] [INFO] PadText: text='Task' rawLen=4 visibleLen=4 width=40 align=left
[2025-12-13 06:09:13.490] [INFO] PadText: text='Details' rawLen=7 visibleLen=7 width=28 align=left
[2025-12-13 06:09:13.501] [INFO] PadText: text='Due' rawLen=3 visibleLen=3 width=16 align=left
[2025-12-13 06:09:13.512] [INFO] PadText: text='Project' rawLen=7 visibleLen=7 width=21 align=left
[2025-12-13 06:09:13.523] [INFO] PadText: text='Tags' rawLen=4 visibleLen=4 width=23 align=left
[2025-12-13 06:09:13.540] [INFO] PadText: text='t2' rawLen=2 visibleLen=2 width=38 align=left
[2025-12-13 06:09:13.551] [INFO] PadText: text='d2' rawLen=2 visibleLen=2 width=26 align=left
[2025-12-13 06:09:13.562] [INFO] PadText: text='Dec 16' rawLen=6 visibleLen=6 width=14 align=left
[2025-12-13 06:09:13.578] [INFO] PadText: text='t3' rawLen=2 visibleLen=2 width=38 align=left
[2025-12-13 06:09:13.588] [INFO] PadText: text='Dec 18' rawLen=6 visibleLen=6 width=14 align=left
[2025-12-13 06:09:13.599] [INFO] PadText: text='p1' rawLen=2 visibleLen=2 width=19 align=left
[2025-12-13 06:09:13.613] [INFO] PadText: text='t1' rawLen=2 visibleLen=2 width=38 align=left
[2025-12-13 06:09:13.629] [INFO] PadText: text='task' rawLen=4 visibleLen=4 width=38 align=left
[2025-12-13 06:09:15.300] [INFO] Event loop exited normally
[2025-12-13 06:09:15.301] [INFO] Cleanup - showing cursor and resetting terminal
