[2025-12-13 22:25:15.065] [INFO] Loading PMC module...
[2025-12-13 22:25:17.367] [INFO] PMC module loaded
[2025-12-13 22:25:17.372] [INFO] Loading dependencies (FieldSchemas, etc.)...
[2025-12-13 22:25:17.637] [INFO] Dependencies loaded
[2025-12-13 22:25:17.654] [INFO] Loading SpeedTUI framework...
[2025-12-13 22:25:18.362] [INFO] SpeedTUI framework loaded
[2025-12-13 22:25:18.364] [INFO] Loading PraxisVT...
[2025-12-13 22:25:18.406] [INFO] PraxisVT loaded
[2025-12-13 22:25:18.425] [INFO] Loading core dependencies...
[2025-12-13 22:25:18.598] [INFO] Core dependencies loaded
[2025-12-13 22:25:18.626] [INFO] Loading widget base classes...
[2025-12-13 22:25:18.774] [INFO] Widget base classes loaded
[2025-12-13 22:25:18.795] [INFO] Loading services...
[2025-12-13 22:25:19.156] [INFO] Services loaded
[2025-12-13 22:25:19.174] [INFO] Loading helpers...
[2025-12-13 22:25:20.913] [INFO] Helpers loaded
[2025-12-13 22:25:20.915] [INFO] Loading widgets...
[2025-12-13 22:25:21.784] [INFO] Widgets loaded
[2025-12-13 22:25:21.799] [INFO] Loading screen base class...
[2025-12-13 22:25:21.845] [INFO] Screen base class loaded
[2025-12-13 22:25:21.861] [INFO] Loading HelpViewScreen (needed by base classes)...
[2025-12-13 22:25:21.926] [INFO] HelpViewScreen loaded
[2025-12-13 22:25:21.946] [INFO] Loading base classes...
[2025-12-13 22:25:22.156] [INFO] Base classes loaded
[2025-12-13 22:25:22.182] [INFO] Loading ServiceContainer (needed by screens)...
[2025-12-13 22:25:22.232] [INFO] ServiceContainer loaded
[2025-12-13 22:25:22.250] [INFO] Loading remaining screens...
[2025-12-13 22:25:22.567] [INFO] Remaining screens loaded
[2025-12-13 22:25:22.585] [INFO] Loading PmcApplication...
[2025-12-13 22:25:22.640] [INFO] PmcApplication loaded
[2025-12-13 22:25:22.656] [INFO] All components loaded successfully
[2025-12-13 22:25:22.744] [INFO] Starting PMC TUI with screen: TaskList
[2025-12-13 22:25:22.774] [INFO] Cleared stale PmcSharedMenuBar and MenuRegistry singleton
[2025-12-13 22:25:22.801] [INFO] Creating ServiceContainer...
[2025-12-13 22:25:22.850] [INFO] ServiceContainer created
[2025-12-13 22:25:22.876] [INFO] Registering Theme service...
[2025-12-13 22:25:22.927] ServiceContainer: Registered 'Theme' (singleton=True)
[2025-12-13 22:25:22.948] [INFO] Registering ThemeManager...
[2025-12-13 22:25:22.966] ServiceContainer: Registered 'ThemeManager' (singleton=True)
[2025-12-13 22:25:22.983] [INFO] Registering Config service...
[2025-12-13 22:25:23.001] ServiceContainer: Registered 'Config' (singleton=True)
[2025-12-13 22:25:23.016] [INFO] Registering TaskStore service...
[2025-12-13 22:25:23.035] ServiceContainer: Registered 'TaskStore' (singleton=True)
[2025-12-13 22:25:23.058] [INFO] Registering MenuRegistry service...
[2025-12-13 22:25:23.074] ServiceContainer: Registered 'MenuRegistry' (singleton=True)
[2025-12-13 22:25:23.093] [INFO] Registering Application service...
[2025-12-13 22:25:23.114] ServiceContainer: Registered 'Application' (singleton=True)
[2025-12-13 22:25:23.132] [INFO] Registering CommandService...
[2025-12-13 22:25:23.153] ServiceContainer: Registered 'CommandService' (singleton=True)
[2025-12-13 22:25:23.182] [INFO] Registering ChecklistService...
[2025-12-13 22:25:23.200] ServiceContainer: Registered 'ChecklistService' (singleton=True)
[2025-12-13 22:25:23.215] [INFO] Registering NoteService...
[2025-12-13 22:25:23.233] ServiceContainer: Registered 'NoteService' (singleton=True)
[2025-12-13 22:25:23.256] [INFO] Registering ExcelMappingService...
[2025-12-13 22:25:23.282] ServiceContainer: Registered 'ExcelMappingService' (singleton=True)
[2025-12-13 22:25:23.313] [INFO] Registering PreferencesService...
[2025-12-13 22:25:23.336] ServiceContainer: Registered 'PreferencesService' (singleton=True)
[2025-12-13 22:25:23.359] [INFO] Registering screen factories...
[2025-12-13 22:25:23.382] ServiceContainer: Registered 'TaskListScreen' (singleton=False)
[2025-12-13 22:25:23.403] [INFO] Resolving Application from container...
[2025-12-13 22:25:23.432] ServiceContainer: Resolving 'Application'...
[2025-12-13 22:25:23.455] [INFO] Resolving Application...
[2025-12-13 22:25:23.473] ServiceContainer: Resolving 'Theme'...
[2025-12-13 22:25:23.499] [INFO] Resolving Theme: Calling Initialize-PmcThemeSystem...
[2025-12-13 22:25:23.528] [INFO] Theme resolved: #33aaff
[2025-12-13 22:25:23.543] [INFO] Loading PmcThemeEngine...
[2025-12-13 22:25:23.700] [DEBUG] Palette [Border] -> #185F30 (R=24 G=95 B=48)
[2025-12-13 22:25:23.718] [DEBUG] Palette [Error] -> #BE2914 (R=190 G=41 B=20)
[2025-12-13 22:25:23.735] [DEBUG] Palette [Footer] -> #185F30 (R=24 G=95 B=48)
[2025-12-13 22:25:23.753] [DEBUG] Palette [Status] -> #5C8F6D (R=92 G=143 B=109)
[2025-12-13 22:25:23.776] [DEBUG] Palette [Text] -> #C2EACF (R=194 G=234 B=207)
[2025-12-13 22:25:23.797] [DEBUG] Palette [Bright] -> #2CB158 (R=44 G=177 B=88)
[2025-12-13 22:25:23.824] [DEBUG] Palette [Label] -> #5C8F6D (R=92 G=143 B=109)
[2025-12-13 22:25:23.845] [DEBUG] Palette [Header] -> #228844 (R=34 G=136 B=68)
[2025-12-13 22:25:23.875] [DEBUG] Palette [Warning] -> #7FCA14 (R=127 G=202 B=20)
[2025-12-13 22:25:23.905] [DEBUG] Palette [Muted] -> #5C8F6D (R=92 G=143 B=109)
[2025-12-13 22:25:23.931] [DEBUG] Palette [Cursor] -> #228844 (R=34 G=136 B=68)
[2025-12-13 22:25:23.961] [DEBUG] Palette [Highlight] -> #228844 (R=34 G=136 B=68)
[2025-12-13 22:25:23.984] [DEBUG] Palette [Primary] -> #228844 (R=34 G=136 B=68)
[2025-12-13 22:25:24.011] [DEBUG] Palette [Success] -> #2CB158 (R=44 G=177 B=88)
[2025-12-13 22:25:24.050] [INFO] LoadFromConfig: Loaded Properties with 16 items
[2025-12-13 22:25:24.075] [INFO] PmcThemeEngine initialized with PMC palette (14 colors)
[2025-12-13 22:25:24.165] ServiceContainer: Resolved 'Theme' successfully
[2025-12-13 22:25:24.417] ServiceContainer: Resolving 'ThemeManager'...
[2025-12-13 22:25:24.447] [INFO] Resolving ThemeManager...
[2025-12-13 22:25:24.642] ServiceContainer: Resolved 'ThemeManager' successfully
[2025-12-13 22:25:24.673] ServiceContainer: Resolved 'Application' successfully
[2025-12-13 22:25:24.701] [INFO] Application resolved and assigned to $global:PmcApp
[2025-12-13 22:25:24.721] [INFO] Loading menus from manifest...
[2025-12-13 22:25:24.748] ServiceContainer: Resolving 'MenuRegistry'...
[2025-12-13 22:25:24.767] [INFO] Resolving MenuRegistry...
[2025-12-13 22:25:24.798] ServiceContainer: Resolved 'MenuRegistry' successfully
[2025-12-13 22:25:24.840] MenuRegistry: Loaded manifest with 24 entries
[2025-12-13 22:25:24.887] ServiceContainer: Registered 'TaskListScreen_Today' (singleton=False)
[2025-12-13 22:25:24.904] MenuRegistry: Registered screen factory 'TaskListScreen_Today' in container (viewMode=today)
[2025-12-13 22:25:24.943] MenuRegistry: Registered 'Today' in 'Tasks' menu (hotkey=Y order=10)
[2025-12-13 22:25:24.966] ServiceContainer: Registered 'SettingsScreen' (singleton=False)
[2025-12-13 22:25:24.982] MenuRegistry: Registered screen factory 'SettingsScreen' in container (viewMode=)
[2025-12-13 22:25:25.004] MenuRegistry: Registered 'Settings' in 'Options' menu (hotkey=S order=20)
[2025-12-13 22:25:25.023] ServiceContainer: Registered 'NotesMenuScreen' (singleton=False)
[2025-12-13 22:25:25.041] MenuRegistry: Registered screen factory 'NotesMenuScreen' in container (viewMode=)
[2025-12-13 22:25:25.059] MenuRegistry: Registered 'Notes' in 'Tools' menu (hotkey=N order=20)
[2025-12-13 22:25:25.077] ServiceContainer: Registered 'TaskListScreen_Agenda' (singleton=False)
[2025-12-13 22:25:25.099] MenuRegistry: Registered screen factory 'TaskListScreen_Agenda' in container (viewMode=agenda)
[2025-12-13 22:25:25.115] MenuRegistry: Registered 'Agenda View' in 'Tasks' menu (hotkey=A order=50)
[2025-12-13 22:25:25.133] ServiceContainer: Registered 'TimeListScreen' (singleton=False)
[2025-12-13 22:25:25.151] MenuRegistry: Registered screen factory 'TimeListScreen' in container (viewMode=)
[2025-12-13 22:25:25.166] MenuRegistry: Registered 'Time Tracking' in 'Time' menu (hotkey=T order=5)
[2025-12-13 22:25:25.183] ServiceContainer: Registered 'TaskListScreen_Upcoming' (singleton=False)
[2025-12-13 22:25:25.199] MenuRegistry: Registered screen factory 'TaskListScreen_Upcoming' in container (viewMode=upcoming)
[2025-12-13 22:25:25.215] MenuRegistry: Registered 'Upcoming' in 'Tasks' menu (hotkey=U order=25)
[2025-12-13 22:25:25.231] ServiceContainer: Registered 'ProjectListScreen' (singleton=False)
[2025-12-13 22:25:25.249] MenuRegistry: Registered screen factory 'ProjectListScreen' in container (viewMode=)
[2025-12-13 22:25:25.274] MenuRegistry: Registered 'Project List' in 'Projects' menu (hotkey=L order=10)
[2025-12-13 22:25:25.297] ServiceContainer: Registered 'ChecklistsLauncherScreen' (singleton=False)
[2025-12-13 22:25:25.315] MenuRegistry: Registered screen factory 'ChecklistsLauncherScreen' in container (viewMode=)
[2025-12-13 22:25:25.337] MenuRegistry: Registered 'Checklists' in 'Tools' menu (hotkey=C order=25)
[2025-12-13 22:25:25.359] ServiceContainer: Registered 'HelpViewScreen' (singleton=False)
[2025-12-13 22:25:25.378] MenuRegistry: Registered screen factory 'HelpViewScreen' in container (viewMode=)
[2025-12-13 22:25:25.398] MenuRegistry: Registered 'Help' in 'Help' menu (hotkey=H order=10)
[2025-12-13 22:25:25.424] ServiceContainer: Registered 'ChecklistTemplatesFolderScreen' (singleton=False)
[2025-12-13 22:25:25.443] MenuRegistry: Registered screen factory 'ChecklistTemplatesFolderScreen' in container (viewMode=)
[2025-12-13 22:25:25.459] MenuRegistry: Registered 'Checklist Templates' in 'Tools' menu (hotkey=H order=30)
[2025-12-13 22:25:25.477] ServiceContainer: Registered 'TaskListScreen_Overdue' (singleton=False)
[2025-12-13 22:25:25.501] MenuRegistry: Registered screen factory 'TaskListScreen_Overdue' in container (viewMode=overdue)
[2025-12-13 22:25:25.520] MenuRegistry: Registered 'Overdue' in 'Tasks' menu (hotkey=O order=30)
[2025-12-13 22:25:25.543] ServiceContainer: Registered 'TaskListScreen_Week' (singleton=False)
[2025-12-13 22:25:25.563] MenuRegistry: Registered screen factory 'TaskListScreen_Week' in container (viewMode=week)
[2025-12-13 22:25:25.590] MenuRegistry: Registered 'Week View' in 'Tasks' menu (hotkey=W order=20)
[2025-12-13 22:25:25.610] ServiceContainer: Registered 'ThemeEditorScreen' (singleton=False)
[2025-12-13 22:25:25.636] MenuRegistry: Registered screen factory 'ThemeEditorScreen' in container (viewMode=)
[2025-12-13 22:25:25.660] MenuRegistry: Registered 'Theme Editor' in 'Options' menu (hotkey=T order=10)
[2025-12-13 22:25:25.685] ServiceContainer: Registered 'TaskListScreen_NextActions' (singleton=False)
[2025-12-13 22:25:25.705] MenuRegistry: Registered screen factory 'TaskListScreen_NextActions' in container (viewMode=nextactions)
[2025-12-13 22:25:25.724] MenuRegistry: Registered 'Next Actions' in 'Tasks' menu (hotkey=N order=35)
[2025-12-13 22:25:25.749] ServiceContainer: Registered 'ExcelImportScreen' (singleton=False)
[2025-12-13 22:25:25.766] MenuRegistry: Registered screen factory 'ExcelImportScreen' in container (viewMode=)
[2025-12-13 22:25:25.784] MenuRegistry: Registered 'Import from Excel' in 'Projects' menu (hotkey=I order=40)
[2025-12-13 22:25:25.803] ServiceContainer: Registered 'ExcelProfileManagerScreen' (singleton=False)
[2025-12-13 22:25:25.816] MenuRegistry: Registered screen factory 'ExcelProfileManagerScreen' in container (viewMode=)
[2025-12-13 22:25:25.835] MenuRegistry: Registered 'Excel Profiles' in 'Projects' menu (hotkey=M order=50)
[2025-12-13 22:25:25.853] ServiceContainer: Registered 'TaskListScreen_Tomorrow' (singleton=False)
[2025-12-13 22:25:25.871] MenuRegistry: Registered screen factory 'TaskListScreen_Tomorrow' in container (viewMode=tomorrow)
[2025-12-13 22:25:25.892] MenuRegistry: Registered 'Tomorrow' in 'Tasks' menu (hotkey=T order=15)
[2025-12-13 22:25:25.913] ServiceContainer: Registered 'WeeklyTimeReportScreen' (singleton=False)
[2025-12-13 22:25:25.930] MenuRegistry: Registered screen factory 'WeeklyTimeReportScreen' in container (viewMode=)
[2025-12-13 22:25:25.951] MenuRegistry: Registered 'Weekly Report' in 'Time' menu (hotkey=W order=10)
[2025-12-13 22:25:25.975] ServiceContainer: Registered 'TaskListScreen_Month' (singleton=False)
[2025-12-13 22:25:25.991] MenuRegistry: Registered screen factory 'TaskListScreen_Month' in container (viewMode=month)
[2025-12-13 22:25:26.011] MenuRegistry: Registered 'Month View' in 'Tasks' menu (hotkey=M order=45)
[2025-12-13 22:25:26.029] ServiceContainer: Registered 'CommandLibraryScreen' (singleton=False)
[2025-12-13 22:25:26.045] MenuRegistry: Registered screen factory 'CommandLibraryScreen' in container (viewMode=)
[2025-12-13 22:25:26.062] MenuRegistry: Registered 'Command Library' in 'Tools' menu (hotkey=L order=10)
[2025-12-13 22:25:26.078] ServiceContainer: Registered 'TaskListScreen_NoDate' (singleton=False)
[2025-12-13 22:25:26.099] MenuRegistry: Registered screen factory 'TaskListScreen_NoDate' in container (viewMode=noduedate)
[2025-12-13 22:25:26.119] MenuRegistry: Registered 'No Due Date' in 'Tasks' menu (hotkey=D order=40)
[2025-12-13 22:25:26.140] ServiceContainer: Registered 'TaskListScreen_Default' (singleton=False)
[2025-12-13 22:25:26.160] MenuRegistry: Registered screen factory 'TaskListScreen_Default' in container (viewMode=)
[2025-12-13 22:25:26.180] MenuRegistry: Registered 'Task List' in 'Tasks' menu (hotkey=L order=5)
[2025-12-13 22:25:26.197] ServiceContainer: Registered 'TimeReportScreen' (singleton=False)
[2025-12-13 22:25:26.216] MenuRegistry: Registered screen factory 'TimeReportScreen' in container (viewMode=)
[2025-12-13 22:25:26.235] MenuRegistry: Registered 'Time Report' in 'Time' menu (hotkey=R order=20)
[2025-12-13 22:25:26.253] ServiceContainer: Registered 'KanbanScreenV2' (singleton=False)
[2025-12-13 22:25:26.272] MenuRegistry: Registered screen factory 'KanbanScreenV2' in container (viewMode=)
[2025-12-13 22:25:26.295] MenuRegistry: Registered 'Kanban Board' in 'Tasks' menu (hotkey=K order=55)
[2025-12-13 22:25:26.318] [INFO] Menus loaded from C:\Users\jhnhe\OneDrive\Documents\GitHub\project-management-console\og_transport\HYBRID\module\Pmc.Strict\consoleui\screens\MenuItems.psd1
[2025-12-13 22:25:26.344] [INFO] Launching screen: TaskList
[2025-12-13 22:25:26.379] [INFO] Resolving TaskListScreen from container...
[2025-12-13 22:25:26.398] ServiceContainer: Resolving 'TaskListScreen'...
[2025-12-13 22:25:26.417] [INFO] Resolving TaskListScreen...
[2025-12-13 22:25:26.437] ServiceContainer: Resolving 'TaskStore'...
[2025-12-13 22:25:26.457] [INFO] Resolving TaskStore...
[2025-12-13 22:25:26.522] [DEBUG] TaskStore.LoadData: Starting
[2025-12-13 22:25:26.542] [DEBUG] TaskStore.LoadData: Calling Get-PmcData
[2025-12-13 22:25:26.956] [DEBUG] TaskStore.LoadData: Get-PmcData returned - tasks=4 projects=2 timelogs=3
[2025-12-13 22:25:26.984] [DEBUG] TaskStore.LoadData: Loaded 4 tasks
[2025-12-13 22:25:27.001] [DEBUG] TaskStore.LoadData: Loaded 2 projects
[2025-12-13 22:25:27.022] [DEBUG] TaskStore.LoadData: First project name='p1' ID1='111'
[2025-12-13 22:25:27.049] ServiceContainer: Resolved 'TaskStore' successfully
[2025-12-13 22:25:27.755] [DEBUG] PmcScreen.AddContentWidget: Adding UniversalList (Total: 1)
[2025-12-13 22:25:27.845] [DEBUG] TaskListScreen: Constructor started
[2025-12-13 22:25:27.931] _PopulateMenusFromRegistry: Menu 'Options' has 2 items from registry (array)
[2025-12-13 22:25:27.976] _PopulateMenusFromRegistry: Menu 'Help' has 1 items from registry (array)
[2025-12-13 22:25:27.995] _PopulateMenusFromRegistry: Menu 'Tools' has 4 items from registry (array)
[2025-12-13 22:25:28.021] _PopulateMenusFromRegistry: Menu 'Projects' has 3 items from registry (array)
[2025-12-13 22:25:28.047] _PopulateMenusFromRegistry: Menu 'Tasks' has 11 items from registry (array)
[2025-12-13 22:25:28.068] _PopulateMenusFromRegistry: Menu 'Time' has 3 items from registry (array)
[2025-12-13 22:25:28.096] [DEBUG] TaskListScreen: Constructor completed
[2025-12-13 22:25:28.116] ServiceContainer: Resolved 'TaskListScreen' successfully
[2025-12-13 22:25:28.135] [INFO] Pushing screen to app...
[2025-12-13 22:25:28.663] [DEBUG] LoadData: Got 4 tasks from Store
[2025-12-13 22:25:28.784] [DEBUG] TaskListScreen.LoadData: Setting 4 tasks
[2025-12-13 22:25:28.809] [DEBUG] UniversalList.SetData: START
[2025-12-13 22:25:28.892] [DEBUG] UniversalList.SetData: COMPLETE (4 items)
[2025-12-13 22:25:28.951] [INFO] Screen pushed successfully
[2025-12-13 22:25:28.968] [INFO] Starting event loop...
[2025-12-13 22:25:29.489] [DEBUG] PmcScreen: Calling RenderToEngine on UniversalList
[2025-12-13 22:25:36.255] [DEBUG] PmcScreen: Calling RenderToEngine on UniversalList
