[2025-12-13 15:02:18.074] [INFO] Loading PMC module...
[2025-12-13 15:02:19.521] [INFO] PMC module loaded
[2025-12-13 15:02:19.523] [INFO] Loading dependencies (FieldSchemas, etc.)...
[2025-12-13 15:02:19.689] [INFO] Dependencies loaded
[2025-12-13 15:02:19.706] [INFO] Loading SpeedTUI framework...
[2025-12-13 15:02:20.070] [INFO] SpeedTUI framework loaded
[2025-12-13 15:02:20.084] [INFO] Loading PraxisVT...
[2025-12-13 15:02:20.107] [INFO] PraxisVT loaded
[2025-12-13 15:02:20.119] [INFO] Loading core dependencies...
[2025-12-13 15:02:20.204] [INFO] Core dependencies loaded
[2025-12-13 15:02:20.216] [INFO] Loading widget base classes...
[2025-12-13 15:02:20.280] [INFO] Widget base classes loaded
[2025-12-13 15:02:20.290] [INFO] Loading services...
[2025-12-13 15:02:20.468] [INFO] Services loaded
[2025-12-13 15:02:20.484] [INFO] Loading helpers...
[2025-12-13 15:02:21.181] [INFO] Helpers loaded
[2025-12-13 15:02:21.196] [INFO] Loading widgets...
[2025-12-13 15:02:21.758] [INFO] Widgets loaded
[2025-12-13 15:02:21.775] [INFO] Loading screen base class...
[2025-12-13 15:02:21.814] [INFO] Screen base class loaded
[2025-12-13 15:02:21.830] [INFO] Loading HelpViewScreen (needed by base classes)...
[2025-12-13 15:02:21.875] [INFO] HelpViewScreen loaded
[2025-12-13 15:02:21.890] [INFO] Loading base classes...
[2025-12-13 15:02:22.099] [INFO] Base classes loaded
[2025-12-13 15:02:22.113] [INFO] Loading ServiceContainer (needed by screens)...
[2025-12-13 15:02:22.145] [INFO] ServiceContainer loaded
[2025-12-13 15:02:22.159] [INFO] Loading remaining screens...
[2025-12-13 15:02:22.299] [INFO] Remaining screens loaded
[2025-12-13 15:02:22.314] [INFO] Loading PmcApplication...
[2025-12-13 15:02:22.385] [INFO] PmcApplication loaded
[2025-12-13 15:02:22.396] [INFO] All components loaded successfully
[2025-12-13 15:02:22.424] [INFO] Starting PMC TUI with screen: TaskList
[2025-12-13 15:02:22.443] [INFO] Cleared stale PmcSharedMenuBar and MenuRegistry singleton
[2025-12-13 15:02:22.459] [INFO] Creating ServiceContainer...
[2025-12-13 15:02:22.484] [INFO] ServiceContainer created
[2025-12-13 15:02:22.500] [INFO] Registering Theme service...
[2025-12-13 15:02:22.528] ServiceContainer: Registered 'Theme' (singleton=True)
[2025-12-13 15:02:22.547] [INFO] Registering ThemeManager...
[2025-12-13 15:02:22.565] ServiceContainer: Registered 'ThemeManager' (singleton=True)
[2025-12-13 15:02:22.582] [INFO] Registering Config service...
[2025-12-13 15:02:22.598] ServiceContainer: Registered 'Config' (singleton=True)
[2025-12-13 15:02:22.614] [INFO] Registering TaskStore service...
[2025-12-13 15:02:22.629] ServiceContainer: Registered 'TaskStore' (singleton=True)
[2025-12-13 15:02:22.652] [INFO] Registering MenuRegistry service...
[2025-12-13 15:02:22.672] ServiceContainer: Registered 'MenuRegistry' (singleton=True)
[2025-12-13 15:02:22.689] [INFO] Registering Application service...
[2025-12-13 15:02:22.712] ServiceContainer: Registered 'Application' (singleton=True)
[2025-12-13 15:02:22.730] [INFO] Registering CommandService...
[2025-12-13 15:02:22.753] ServiceContainer: Registered 'CommandService' (singleton=True)
[2025-12-13 15:02:22.768] [INFO] Registering ChecklistService...
[2025-12-13 15:02:22.782] ServiceContainer: Registered 'ChecklistService' (singleton=True)
[2025-12-13 15:02:22.796] [INFO] Registering NoteService...
[2025-12-13 15:02:22.811] ServiceContainer: Registered 'NoteService' (singleton=True)
[2025-12-13 15:02:22.824] [INFO] Registering ExcelMappingService...
[2025-12-13 15:02:22.840] ServiceContainer: Registered 'ExcelMappingService' (singleton=True)
[2025-12-13 15:02:22.855] [INFO] Registering PreferencesService...
[2025-12-13 15:02:22.870] ServiceContainer: Registered 'PreferencesService' (singleton=True)
[2025-12-13 15:02:22.886] [INFO] Registering screen factories...
[2025-12-13 15:02:22.902] ServiceContainer: Registered 'TaskListScreen' (singleton=False)
[2025-12-13 15:02:22.916] [INFO] Resolving Application from container...
[2025-12-13 15:02:22.942] ServiceContainer: Resolving 'Application'...
[2025-12-13 15:02:22.958] [INFO] Resolving Application...
[2025-12-13 15:02:22.973] ServiceContainer: Resolving 'Theme'...
[2025-12-13 15:02:22.989] [INFO] Resolving Theme: Calling Initialize-PmcThemeSystem...
[2025-12-13 15:02:23.010] [INFO] Theme resolved: #33aaff
[2025-12-13 15:02:23.023] [INFO] Loading PmcThemeEngine...
[2025-12-13 15:02:23.142] [DEBUG] Palette [Muted] -> #5C8F6D (R=92 G=143 B=109)
[2025-12-13 15:02:23.156] [DEBUG] Palette [Border] -> #185F30 (R=24 G=95 B=48)
[2025-12-13 15:02:23.171] [DEBUG] Palette [Success] -> #2CB158 (R=44 G=177 B=88)
[2025-12-13 15:02:23.187] [DEBUG] Palette [Warning] -> #7FCA14 (R=127 G=202 B=20)
[2025-12-13 15:02:23.201] [DEBUG] Palette [Highlight] -> #228844 (R=34 G=136 B=68)
[2025-12-13 15:02:23.214] [DEBUG] Palette [Primary] -> #228844 (R=34 G=136 B=68)
[2025-12-13 15:02:23.228] [DEBUG] Palette [Cursor] -> #228844 (R=34 G=136 B=68)
[2025-12-13 15:02:23.243] [DEBUG] Palette [Label] -> #5C8F6D (R=92 G=143 B=109)
[2025-12-13 15:02:23.258] [DEBUG] Palette [Footer] -> #185F30 (R=24 G=95 B=48)
[2025-12-13 15:02:23.273] [DEBUG] Palette [Bright] -> #2CB158 (R=44 G=177 B=88)
[2025-12-13 15:02:23.293] [DEBUG] Palette [Status] -> #5C8F6D (R=92 G=143 B=109)
[2025-12-13 15:02:23.309] [DEBUG] Palette [Error] -> #BE2914 (R=190 G=41 B=20)
[2025-12-13 15:02:23.325] [DEBUG] Palette [Header] -> #228844 (R=34 G=136 B=68)
[2025-12-13 15:02:23.341] [DEBUG] Palette [Text] -> #C2EACF (R=194 G=234 B=207)
[2025-12-13 15:02:23.364] [INFO] LoadFromConfig: Loaded Properties with 16 items
[2025-12-13 15:02:23.384] [INFO] PmcThemeEngine initialized with PMC palette (14 colors)
[2025-12-13 15:02:23.401] ServiceContainer: Resolved 'Theme' successfully
[2025-12-13 15:02:23.511] ServiceContainer: Resolving 'ThemeManager'...
[2025-12-13 15:02:23.533] [INFO] Resolving ThemeManager...
[2025-12-13 15:02:23.664] ServiceContainer: Resolved 'ThemeManager' successfully
[2025-12-13 15:02:23.694] ServiceContainer: Resolved 'Application' successfully
[2025-12-13 15:02:23.712] [INFO] Application resolved and assigned to $global:PmcApp
[2025-12-13 15:02:23.733] [INFO] Loading menus from manifest...
[2025-12-13 15:02:23.751] ServiceContainer: Resolving 'MenuRegistry'...
[2025-12-13 15:02:23.768] [INFO] Resolving MenuRegistry...
[2025-12-13 15:02:23.790] ServiceContainer: Resolved 'MenuRegistry' successfully
[2025-12-13 15:02:23.820] MenuRegistry: Loaded manifest with 24 entries
[2025-12-13 15:02:23.857] ServiceContainer: Registered 'TaskListScreen_Today' (singleton=False)
[2025-12-13 15:02:23.872] MenuRegistry: Registered screen factory 'TaskListScreen_Today' in container (viewMode=today)
[2025-12-13 15:02:23.897] MenuRegistry: Registered 'Today' in 'Tasks' menu (hotkey=Y order=10)
[2025-12-13 15:02:23.913] ServiceContainer: Registered 'WeeklyTimeReportScreen' (singleton=False)
[2025-12-13 15:02:23.927] MenuRegistry: Registered screen factory 'WeeklyTimeReportScreen' in container (viewMode=)
[2025-12-13 15:02:23.945] MenuRegistry: Registered 'Weekly Report' in 'Time' menu (hotkey=W order=10)
[2025-12-13 15:02:23.960] ServiceContainer: Registered 'NotesMenuScreen' (singleton=False)
[2025-12-13 15:02:23.976] MenuRegistry: Registered screen factory 'NotesMenuScreen' in container (viewMode=)
[2025-12-13 15:02:23.991] MenuRegistry: Registered 'Notes' in 'Tools' menu (hotkey=N order=20)
[2025-12-13 15:02:24.006] ServiceContainer: Registered 'TaskListScreen_Upcoming' (singleton=False)
[2025-12-13 15:02:24.021] MenuRegistry: Registered screen factory 'TaskListScreen_Upcoming' in container (viewMode=upcoming)
[2025-12-13 15:02:24.041] MenuRegistry: Registered 'Upcoming' in 'Tasks' menu (hotkey=U order=25)
[2025-12-13 15:02:24.058] ServiceContainer: Registered 'KanbanScreenV2' (singleton=False)
[2025-12-13 15:02:24.072] MenuRegistry: Registered screen factory 'KanbanScreenV2' in container (viewMode=)
[2025-12-13 15:02:24.085] MenuRegistry: Registered 'Kanban Board' in 'Tasks' menu (hotkey=K order=55)
[2025-12-13 15:02:24.100] ServiceContainer: Registered 'ThemeEditorScreen' (singleton=False)
[2025-12-13 15:02:24.116] MenuRegistry: Registered screen factory 'ThemeEditorScreen' in container (viewMode=)
[2025-12-13 15:02:24.135] MenuRegistry: Registered 'Theme Editor' in 'Options' menu (hotkey=T order=10)
[2025-12-13 15:02:24.151] ServiceContainer: Registered 'TaskListScreen_Week' (singleton=False)
[2025-12-13 15:02:24.167] MenuRegistry: Registered screen factory 'TaskListScreen_Week' in container (viewMode=week)
[2025-12-13 15:02:24.182] MenuRegistry: Registered 'Week View' in 'Tasks' menu (hotkey=W order=20)
[2025-12-13 15:02:24.201] ServiceContainer: Registered 'ExcelImportScreen' (singleton=False)
[2025-12-13 15:02:24.214] MenuRegistry: Registered screen factory 'ExcelImportScreen' in container (viewMode=)
[2025-12-13 15:02:24.230] MenuRegistry: Registered 'Import from Excel' in 'Projects' menu (hotkey=I order=40)
[2025-12-13 15:02:24.247] ServiceContainer: Registered 'ChecklistTemplatesFolderScreen' (singleton=False)
[2025-12-13 15:02:24.263] MenuRegistry: Registered screen factory 'ChecklistTemplatesFolderScreen' in container (viewMode=)
[2025-12-13 15:02:24.278] MenuRegistry: Registered 'Checklist Templates' in 'Tools' menu (hotkey=H order=30)
[2025-12-13 15:02:24.292] ServiceContainer: Registered 'TaskListScreen_Agenda' (singleton=False)
[2025-12-13 15:02:24.306] MenuRegistry: Registered screen factory 'TaskListScreen_Agenda' in container (viewMode=agenda)
[2025-12-13 15:02:24.320] MenuRegistry: Registered 'Agenda View' in 'Tasks' menu (hotkey=A order=50)
[2025-12-13 15:02:24.335] ServiceContainer: Registered 'TaskListScreen_Tomorrow' (singleton=False)
[2025-12-13 15:02:24.350] MenuRegistry: Registered screen factory 'TaskListScreen_Tomorrow' in container (viewMode=tomorrow)
[2025-12-13 15:02:24.365] MenuRegistry: Registered 'Tomorrow' in 'Tasks' menu (hotkey=T order=15)
[2025-12-13 15:02:24.380] ServiceContainer: Registered 'TaskListScreen_Default' (singleton=False)
[2025-12-13 15:02:24.395] MenuRegistry: Registered screen factory 'TaskListScreen_Default' in container (viewMode=)
[2025-12-13 15:02:24.409] MenuRegistry: Registered 'Task List' in 'Tasks' menu (hotkey=L order=5)
[2025-12-13 15:02:24.427] ServiceContainer: Registered 'CommandLibraryScreen' (singleton=False)
[2025-12-13 15:02:24.444] MenuRegistry: Registered screen factory 'CommandLibraryScreen' in container (viewMode=)
[2025-12-13 15:02:24.460] MenuRegistry: Registered 'Command Library' in 'Tools' menu (hotkey=L order=10)
[2025-12-13 15:02:24.475] ServiceContainer: Registered 'TaskListScreen_NextActions' (singleton=False)
[2025-12-13 15:02:24.490] MenuRegistry: Registered screen factory 'TaskListScreen_NextActions' in container (viewMode=nextactions)
[2025-12-13 15:02:24.505] MenuRegistry: Registered 'Next Actions' in 'Tasks' menu (hotkey=N order=35)
[2025-12-13 15:02:24.521] ServiceContainer: Registered 'HelpViewScreen' (singleton=False)
[2025-12-13 15:02:24.538] MenuRegistry: Registered screen factory 'HelpViewScreen' in container (viewMode=)
[2025-12-13 15:02:24.553] MenuRegistry: Registered 'Help' in 'Help' menu (hotkey=H order=10)
[2025-12-13 15:02:24.572] ServiceContainer: Registered 'TaskListScreen_Overdue' (singleton=False)
[2025-12-13 15:02:24.589] MenuRegistry: Registered screen factory 'TaskListScreen_Overdue' in container (viewMode=overdue)
[2025-12-13 15:02:24.605] MenuRegistry: Registered 'Overdue' in 'Tasks' menu (hotkey=O order=30)
[2025-12-13 15:02:24.622] ServiceContainer: Registered 'TimeReportScreen' (singleton=False)
[2025-12-13 15:02:24.643] MenuRegistry: Registered screen factory 'TimeReportScreen' in container (viewMode=)
[2025-12-13 15:02:24.661] MenuRegistry: Registered 'Time Report' in 'Time' menu (hotkey=R order=20)
[2025-12-13 15:02:24.685] ServiceContainer: Registered 'ProjectListScreen' (singleton=False)
[2025-12-13 15:02:24.703] MenuRegistry: Registered screen factory 'ProjectListScreen' in container (viewMode=)
[2025-12-13 15:02:24.719] MenuRegistry: Registered 'Project List' in 'Projects' menu (hotkey=L order=10)
[2025-12-13 15:02:24.735] ServiceContainer: Registered 'SettingsScreen' (singleton=False)
[2025-12-13 15:02:24.751] MenuRegistry: Registered screen factory 'SettingsScreen' in container (viewMode=)
[2025-12-13 15:02:24.766] MenuRegistry: Registered 'Settings' in 'Options' menu (hotkey=S order=20)
[2025-12-13 15:02:24.782] ServiceContainer: Registered 'TaskListScreen_NoDate' (singleton=False)
[2025-12-13 15:02:24.801] MenuRegistry: Registered screen factory 'TaskListScreen_NoDate' in container (viewMode=noduedate)
[2025-12-13 15:02:24.818] MenuRegistry: Registered 'No Due Date' in 'Tasks' menu (hotkey=D order=40)
[2025-12-13 15:02:24.834] ServiceContainer: Registered 'TimeListScreen' (singleton=False)
[2025-12-13 15:02:24.851] MenuRegistry: Registered screen factory 'TimeListScreen' in container (viewMode=)
[2025-12-13 15:02:24.872] MenuRegistry: Registered 'Time Tracking' in 'Time' menu (hotkey=T order=5)
[2025-12-13 15:02:24.890] ServiceContainer: Registered 'ChecklistsLauncherScreen' (singleton=False)
[2025-12-13 15:02:24.906] MenuRegistry: Registered screen factory 'ChecklistsLauncherScreen' in container (viewMode=)
[2025-12-13 15:02:24.920] MenuRegistry: Registered 'Checklists' in 'Tools' menu (hotkey=C order=25)
[2025-12-13 15:02:24.935] ServiceContainer: Registered 'ExcelProfileManagerScreen' (singleton=False)
[2025-12-13 15:02:24.951] MenuRegistry: Registered screen factory 'ExcelProfileManagerScreen' in container (viewMode=)
[2025-12-13 15:02:24.966] MenuRegistry: Registered 'Excel Profiles' in 'Projects' menu (hotkey=M order=50)
[2025-12-13 15:02:24.982] ServiceContainer: Registered 'TaskListScreen_Month' (singleton=False)
[2025-12-13 15:02:24.998] MenuRegistry: Registered screen factory 'TaskListScreen_Month' in container (viewMode=month)
[2025-12-13 15:02:25.013] MenuRegistry: Registered 'Month View' in 'Tasks' menu (hotkey=M order=45)
[2025-12-13 15:02:25.028] [INFO] Menus loaded from C:\Users\jhnhe\OneDrive\Documents\GitHub\project-management-console\og_transport\HYBRID\module\Pmc.Strict\consoleui\screens\MenuItems.psd1
[2025-12-13 15:02:25.042] [INFO] Launching screen: TaskList
[2025-12-13 15:02:25.061] [INFO] Resolving TaskListScreen from container...
[2025-12-13 15:02:25.073] ServiceContainer: Resolving 'TaskListScreen'...
[2025-12-13 15:02:25.088] [INFO] Resolving TaskListScreen...
[2025-12-13 15:02:25.102] ServiceContainer: Resolving 'TaskStore'...
[2025-12-13 15:02:25.119] [INFO] Resolving TaskStore...
[2025-12-13 15:02:25.177] [DEBUG] TaskStore.LoadData: Starting
[2025-12-13 15:02:25.202] [DEBUG] TaskStore.LoadData: Calling Get-PmcData
[2025-12-13 15:02:25.557] [DEBUG] TaskStore.LoadData: Get-PmcData returned - tasks=4 projects=2 timelogs=3
[2025-12-13 15:02:25.587] [DEBUG] TaskStore.LoadData: Loaded 4 tasks
[2025-12-13 15:02:25.607] [DEBUG] TaskStore.LoadData: Loaded 2 projects
[2025-12-13 15:02:25.628] [DEBUG] TaskStore.LoadData: First project name='p1' ID1='111'
[2025-12-13 15:02:25.658] ServiceContainer: Resolved 'TaskStore' successfully
[2025-12-13 15:02:26.189] [INFO] Cleanup - showing cursor and resetting terminal
