[2025-12-13 23:22:33.390] [INFO] Loading PMC module...
[2025-12-13 23:22:35.731] [INFO] PMC module loaded
[2025-12-13 23:22:35.734] [INFO] Loading dependencies (FieldSchemas, etc.)...
[2025-12-13 23:22:35.868] [INFO] Dependencies loaded
[2025-12-13 23:22:35.878] [INFO] Loading SpeedTUI framework...
[2025-12-13 23:22:36.342] [INFO] SpeedTUI framework loaded
[2025-12-13 23:22:36.351] [INFO] Loading PraxisVT...
[2025-12-13 23:22:36.370] [INFO] PraxisVT loaded
[2025-12-13 23:22:36.379] [INFO] Loading core dependencies...
[2025-12-13 23:22:36.504] [INFO] Core dependencies loaded
[2025-12-13 23:22:36.515] [INFO] Loading widget base classes...
[2025-12-13 23:22:36.616] [INFO] Widget base classes loaded
[2025-12-13 23:22:36.626] [INFO] Loading services...
[2025-12-13 23:22:36.956] [INFO] Services loaded
[2025-12-13 23:22:36.965] [INFO] Loading helpers...
[2025-12-13 23:22:37.713] [INFO] Helpers loaded
[2025-12-13 23:22:37.723] [INFO] Loading widgets...
[2025-12-13 23:22:38.401] [INFO] Widgets loaded
[2025-12-13 23:22:38.411] [INFO] Loading screen base class...
[2025-12-13 23:22:38.459] [INFO] Screen base class loaded
[2025-12-13 23:22:38.470] [INFO] Loading HelpViewScreen (needed by base classes)...
[2025-12-13 23:22:38.517] [INFO] HelpViewScreen loaded
[2025-12-13 23:22:38.528] [INFO] Loading base classes...
[2025-12-13 23:22:38.714] [INFO] Base classes loaded
[2025-12-13 23:22:38.725] [INFO] Loading ServiceContainer (needed by screens)...
[2025-12-13 23:22:38.771] [INFO] ServiceContainer loaded
[2025-12-13 23:22:38.784] [INFO] Loading remaining screens...
[2025-12-13 23:22:39.003] [INFO] Remaining screens loaded
[2025-12-13 23:22:39.015] [INFO] Loading PmcApplication...
[2025-12-13 23:22:39.073] [INFO] PmcApplication loaded
[2025-12-13 23:22:39.083] [INFO] All components loaded successfully
[2025-12-13 23:22:39.106] [INFO] Starting PMC TUI with screen: TaskList
[2025-12-13 23:22:39.122] [INFO] Cleared stale PmcSharedMenuBar and MenuRegistry singleton
[2025-12-13 23:22:39.133] [INFO] Creating ServiceContainer...
[2025-12-13 23:22:39.148] [INFO] ServiceContainer created
[2025-12-13 23:22:39.158] [INFO] Registering Theme service...
[2025-12-13 23:22:39.178] ServiceContainer: Registered 'Theme' (singleton=True)
[2025-12-13 23:22:39.189] [INFO] Registering ThemeManager...
[2025-12-13 23:22:39.200] ServiceContainer: Registered 'ThemeManager' (singleton=True)
[2025-12-13 23:22:39.210] [INFO] Registering Config service...
[2025-12-13 23:22:39.221] ServiceContainer: Registered 'Config' (singleton=True)
[2025-12-13 23:22:39.232] [INFO] Registering TaskStore service...
[2025-12-13 23:22:39.244] ServiceContainer: Registered 'TaskStore' (singleton=True)
[2025-12-13 23:22:39.254] [INFO] Registering MenuRegistry service...
[2025-12-13 23:22:39.266] ServiceContainer: Registered 'MenuRegistry' (singleton=True)
[2025-12-13 23:22:39.276] [INFO] Registering Application service...
[2025-12-13 23:22:39.287] ServiceContainer: Registered 'Application' (singleton=True)
[2025-12-13 23:22:39.298] [INFO] Registering CommandService...
[2025-12-13 23:22:39.309] ServiceContainer: Registered 'CommandService' (singleton=True)
[2025-12-13 23:22:39.320] [INFO] Registering ChecklistService...
[2025-12-13 23:22:39.339] ServiceContainer: Registered 'ChecklistService' (singleton=True)
[2025-12-13 23:22:39.350] [INFO] Registering NoteService...
[2025-12-13 23:22:39.361] ServiceContainer: Registered 'NoteService' (singleton=True)
[2025-12-13 23:22:39.373] [INFO] Registering ExcelMappingService...
[2025-12-13 23:22:39.384] ServiceContainer: Registered 'ExcelMappingService' (singleton=True)
[2025-12-13 23:22:39.395] [INFO] Registering PreferencesService...
[2025-12-13 23:22:39.405] ServiceContainer: Registered 'PreferencesService' (singleton=True)
[2025-12-13 23:22:39.416] [INFO] Registering screen factories...
[2025-12-13 23:22:39.427] ServiceContainer: Registered 'TaskListScreen' (singleton=False)
[2025-12-13 23:22:39.437] [INFO] Resolving Application from container...
[2025-12-13 23:22:39.458] ServiceContainer: Resolving 'Application'...
[2025-12-13 23:22:39.471] [INFO] Resolving Application...
[2025-12-13 23:22:39.484] ServiceContainer: Resolving 'Theme'...
[2025-12-13 23:22:39.513] [INFO] Resolving Theme: Calling Initialize-PmcThemeSystem...
[2025-12-13 23:22:39.532] [INFO] Theme resolved: #33aaff
[2025-12-13 23:22:39.543] [INFO] Loading PmcThemeEngine...
[2025-12-13 23:22:39.647] [DEBUG] Palette [Success] -> #2CB158 (R=44 G=177 B=88)
[2025-12-13 23:22:39.658] [DEBUG] Palette [Error] -> #BE2914 (R=190 G=41 B=20)
[2025-12-13 23:22:39.668] [DEBUG] Palette [Muted] -> #5C8F6D (R=92 G=143 B=109)
[2025-12-13 23:22:39.680] [DEBUG] Palette [Header] -> #228844 (R=34 G=136 B=68)
[2025-12-13 23:22:39.690] [DEBUG] Palette [Highlight] -> #228844 (R=34 G=136 B=68)
[2025-12-13 23:22:39.700] [DEBUG] Palette [Border] -> #185F30 (R=24 G=95 B=48)
[2025-12-13 23:22:39.711] [DEBUG] Palette [Cursor] -> #228844 (R=34 G=136 B=68)
[2025-12-13 23:22:39.722] [DEBUG] Palette [Status] -> #5C8F6D (R=92 G=143 B=109)
[2025-12-13 23:22:39.731] [DEBUG] Palette [Primary] -> #228844 (R=34 G=136 B=68)
[2025-12-13 23:22:39.743] [DEBUG] Palette [Text] -> #C2EACF (R=194 G=234 B=207)
[2025-12-13 23:22:39.753] [DEBUG] Palette [Warning] -> #7FCA14 (R=127 G=202 B=20)
[2025-12-13 23:22:39.764] [DEBUG] Palette [Bright] -> #2CB158 (R=44 G=177 B=88)
[2025-12-13 23:22:39.780] [DEBUG] Palette [Footer] -> #185F30 (R=24 G=95 B=48)
[2025-12-13 23:22:39.790] [DEBUG] Palette [Label] -> #5C8F6D (R=92 G=143 B=109)
[2025-12-13 23:22:39.806] [INFO] LoadFromConfig: Loaded Properties with 16 items
[2025-12-13 23:22:39.822] [INFO] PmcThemeEngine initialized with PMC palette (14 colors)
[2025-12-13 23:22:39.834] ServiceContainer: Resolved 'Theme' successfully
[2025-12-13 23:22:40.158] ServiceContainer: Resolving 'ThemeManager'...
[2025-12-13 23:22:40.171] [INFO] Resolving ThemeManager...
[2025-12-13 23:22:40.245] ServiceContainer: Resolved 'ThemeManager' successfully
[2025-12-13 23:22:40.262] ServiceContainer: Resolved 'Application' successfully
[2025-12-13 23:22:40.273] [INFO] Application resolved and assigned to $global:PmcApp
[2025-12-13 23:22:40.283] [INFO] Loading menus from manifest...
[2025-12-13 23:22:40.293] ServiceContainer: Resolving 'MenuRegistry'...
[2025-12-13 23:22:40.306] [INFO] Resolving MenuRegistry...
[2025-12-13 23:22:40.325] ServiceContainer: Resolved 'MenuRegistry' successfully
[2025-12-13 23:22:40.348] MenuRegistry: Loaded manifest with 24 entries
[2025-12-13 23:22:40.377] ServiceContainer: Registered 'ChecklistsLauncherScreen' (singleton=False)
[2025-12-13 23:22:40.387] MenuRegistry: Registered screen factory 'ChecklistsLauncherScreen' in container (viewMode=)
[2025-12-13 23:22:40.408] MenuRegistry: Registered 'Checklists' in 'Tools' menu (hotkey=C order=25)
[2025-12-13 23:22:40.422] ServiceContainer: Registered 'TaskListScreen_Tomorrow' (singleton=False)
[2025-12-13 23:22:40.433] MenuRegistry: Registered screen factory 'TaskListScreen_Tomorrow' in container (viewMode=tomorrow)
[2025-12-13 23:22:40.445] MenuRegistry: Registered 'Tomorrow' in 'Tasks' menu (hotkey=T order=15)
[2025-12-13 23:22:40.455] ServiceContainer: Registered 'TimeReportScreen' (singleton=False)
[2025-12-13 23:22:40.465] MenuRegistry: Registered screen factory 'TimeReportScreen' in container (viewMode=)
[2025-12-13 23:22:40.478] MenuRegistry: Registered 'Time Report' in 'Time' menu (hotkey=R order=20)
[2025-12-13 23:22:40.490] ServiceContainer: Registered 'KanbanScreenV2' (singleton=False)
[2025-12-13 23:22:40.501] MenuRegistry: Registered screen factory 'KanbanScreenV2' in container (viewMode=)
[2025-12-13 23:22:40.512] MenuRegistry: Registered 'Kanban Board' in 'Tasks' menu (hotkey=K order=55)
[2025-12-13 23:22:40.523] ServiceContainer: Registered 'TaskListScreen_Today' (singleton=False)
[2025-12-13 23:22:40.534] MenuRegistry: Registered screen factory 'TaskListScreen_Today' in container (viewMode=today)
[2025-12-13 23:22:40.545] MenuRegistry: Registered 'Today' in 'Tasks' menu (hotkey=Y order=10)
[2025-12-13 23:22:40.562] ServiceContainer: Registered 'TimeListScreen' (singleton=False)
[2025-12-13 23:22:40.573] MenuRegistry: Registered screen factory 'TimeListScreen' in container (viewMode=)
[2025-12-13 23:22:40.583] MenuRegistry: Registered 'Time Tracking' in 'Time' menu (hotkey=T order=5)
[2025-12-13 23:22:40.593] ServiceContainer: Registered 'WeeklyTimeReportScreen' (singleton=False)
[2025-12-13 23:22:40.604] MenuRegistry: Registered screen factory 'WeeklyTimeReportScreen' in container (viewMode=)
[2025-12-13 23:22:40.614] MenuRegistry: Registered 'Weekly Report' in 'Time' menu (hotkey=W order=10)
[2025-12-13 23:22:40.624] ServiceContainer: Registered 'TaskListScreen_NoDate' (singleton=False)
[2025-12-13 23:22:40.635] MenuRegistry: Registered screen factory 'TaskListScreen_NoDate' in container (viewMode=noduedate)
[2025-12-13 23:22:40.646] MenuRegistry: Registered 'No Due Date' in 'Tasks' menu (hotkey=D order=40)
[2025-12-13 23:22:40.656] ServiceContainer: Registered 'TaskListScreen_Agenda' (singleton=False)
[2025-12-13 23:22:40.666] MenuRegistry: Registered screen factory 'TaskListScreen_Agenda' in container (viewMode=agenda)
[2025-12-13 23:22:40.676] MenuRegistry: Registered 'Agenda View' in 'Tasks' menu (hotkey=A order=50)
[2025-12-13 23:22:40.687] ServiceContainer: Registered 'ProjectListScreen' (singleton=False)
[2025-12-13 23:22:40.698] MenuRegistry: Registered screen factory 'ProjectListScreen' in container (viewMode=)
[2025-12-13 23:22:40.709] MenuRegistry: Registered 'Project List' in 'Projects' menu (hotkey=L order=10)
[2025-12-13 23:22:40.722] ServiceContainer: Registered 'TaskListScreen_Month' (singleton=False)
[2025-12-13 23:22:40.734] MenuRegistry: Registered screen factory 'TaskListScreen_Month' in container (viewMode=month)
[2025-12-13 23:22:40.746] MenuRegistry: Registered 'Month View' in 'Tasks' menu (hotkey=M order=45)
[2025-12-13 23:22:40.756] ServiceContainer: Registered 'NotesMenuScreen' (singleton=False)
[2025-12-13 23:22:40.767] MenuRegistry: Registered screen factory 'NotesMenuScreen' in container (viewMode=)
[2025-12-13 23:22:40.779] MenuRegistry: Registered 'Notes' in 'Tools' menu (hotkey=N order=20)
[2025-12-13 23:22:40.790] ServiceContainer: Registered 'ExcelImportScreen' (singleton=False)
[2025-12-13 23:22:40.800] MenuRegistry: Registered screen factory 'ExcelImportScreen' in container (viewMode=)
[2025-12-13 23:22:40.811] MenuRegistry: Registered 'Import from Excel' in 'Projects' menu (hotkey=I order=40)
[2025-12-13 23:22:40.822] ServiceContainer: Registered 'TaskListScreen_Week' (singleton=False)
[2025-12-13 23:22:40.832] MenuRegistry: Registered screen factory 'TaskListScreen_Week' in container (viewMode=week)
[2025-12-13 23:22:40.844] MenuRegistry: Registered 'Week View' in 'Tasks' menu (hotkey=W order=20)
[2025-12-13 23:22:40.857] ServiceContainer: Registered 'SettingsScreen' (singleton=False)
[2025-12-13 23:22:40.867] MenuRegistry: Registered screen factory 'SettingsScreen' in container (viewMode=)
[2025-12-13 23:22:40.879] MenuRegistry: Registered 'Settings' in 'Options' menu (hotkey=S order=20)
[2025-12-13 23:22:40.891] ServiceContainer: Registered 'ExcelProfileManagerScreen' (singleton=False)
[2025-12-13 23:22:40.901] MenuRegistry: Registered screen factory 'ExcelProfileManagerScreen' in container (viewMode=)
[2025-12-13 23:22:40.911] MenuRegistry: Registered 'Excel Profiles' in 'Projects' menu (hotkey=M order=50)
[2025-12-13 23:22:40.923] ServiceContainer: Registered 'TaskListScreen_Upcoming' (singleton=False)
[2025-12-13 23:22:40.936] MenuRegistry: Registered screen factory 'TaskListScreen_Upcoming' in container (viewMode=upcoming)
[2025-12-13 23:22:40.949] MenuRegistry: Registered 'Upcoming' in 'Tasks' menu (hotkey=U order=25)
[2025-12-13 23:22:40.961] ServiceContainer: Registered 'TaskListScreen_Default' (singleton=False)
[2025-12-13 23:22:40.973] MenuRegistry: Registered screen factory 'TaskListScreen_Default' in container (viewMode=)
[2025-12-13 23:22:40.984] MenuRegistry: Registered 'Task List' in 'Tasks' menu (hotkey=L order=5)
[2025-12-13 23:22:40.994] ServiceContainer: Registered 'TaskListScreen_NextActions' (singleton=False)
[2025-12-13 23:22:41.006] MenuRegistry: Registered screen factory 'TaskListScreen_NextActions' in container (viewMode=nextactions)
[2025-12-13 23:22:41.017] MenuRegistry: Registered 'Next Actions' in 'Tasks' menu (hotkey=N order=35)
[2025-12-13 23:22:41.029] ServiceContainer: Registered 'HelpViewScreen' (singleton=False)
[2025-12-13 23:22:41.041] MenuRegistry: Registered screen factory 'HelpViewScreen' in container (viewMode=)
[2025-12-13 23:22:41.053] MenuRegistry: Registered 'Help' in 'Help' menu (hotkey=H order=10)
[2025-12-13 23:22:41.067] ServiceContainer: Registered 'CommandLibraryScreen' (singleton=False)
[2025-12-13 23:22:41.079] MenuRegistry: Registered screen factory 'CommandLibraryScreen' in container (viewMode=)
[2025-12-13 23:22:41.091] MenuRegistry: Registered 'Command Library' in 'Tools' menu (hotkey=L order=10)
[2025-12-13 23:22:41.105] ServiceContainer: Registered 'TaskListScreen_Overdue' (singleton=False)
[2025-12-13 23:22:41.119] MenuRegistry: Registered screen factory 'TaskListScreen_Overdue' in container (viewMode=overdue)
[2025-12-13 23:22:41.130] MenuRegistry: Registered 'Overdue' in 'Tasks' menu (hotkey=O order=30)
[2025-12-13 23:22:41.141] ServiceContainer: Registered 'ThemeEditorScreen' (singleton=False)
[2025-12-13 23:22:41.152] MenuRegistry: Registered screen factory 'ThemeEditorScreen' in container (viewMode=)
[2025-12-13 23:22:41.165] MenuRegistry: Registered 'Theme Editor' in 'Options' menu (hotkey=T order=10)
[2025-12-13 23:22:41.176] ServiceContainer: Registered 'ChecklistTemplatesFolderScreen' (singleton=False)
[2025-12-13 23:22:41.188] MenuRegistry: Registered screen factory 'ChecklistTemplatesFolderScreen' in container (viewMode=)
[2025-12-13 23:22:41.200] MenuRegistry: Registered 'Checklist Templates' in 'Tools' menu (hotkey=H order=30)
[2025-12-13 23:22:41.213] [INFO] Menus loaded from C:\Users\jhnhe\OneDrive\Documents\GitHub\project-management-console\og_transport\HYBRID\module\Pmc.Strict\consoleui\screens\MenuItems.psd1
[2025-12-13 23:22:41.226] [INFO] Launching screen: TaskList
[2025-12-13 23:22:41.238] [INFO] Resolving TaskListScreen from container...
[2025-12-13 23:22:41.249] ServiceContainer: Resolving 'TaskListScreen'...
[2025-12-13 23:22:41.262] [INFO] Resolving TaskListScreen...
[2025-12-13 23:22:41.273] ServiceContainer: Resolving 'TaskStore'...
[2025-12-13 23:22:41.287] [INFO] Resolving TaskStore...
[2025-12-13 23:22:41.321] [DEBUG] TaskStore.LoadData: Starting
[2025-12-13 23:22:41.333] [DEBUG] TaskStore.LoadData: Calling Get-PmcData
[2025-12-13 23:22:41.574] [DEBUG] TaskStore.LoadData: Get-PmcData returned - tasks=4 projects=2 timelogs=3
[2025-12-13 23:22:41.595] [DEBUG] TaskStore.LoadData: Loaded 4 tasks
[2025-12-13 23:22:41.609] [DEBUG] TaskStore.LoadData: Loaded 2 projects
[2025-12-13 23:22:41.625] [DEBUG] TaskStore.LoadData: First project name='p1' ID1='111'
[2025-12-13 23:22:41.645] ServiceContainer: Resolved 'TaskStore' successfully
[2025-12-13 23:22:42.045] [DEBUG] PmcScreen.AddContentWidget: Adding UniversalList (Total: 1)
[2025-12-13 23:22:42.088] [DEBUG] TaskListScreen: Constructor started
[2025-12-13 23:22:42.140] _PopulateMenusFromRegistry: Menu 'Tasks' has 11 items from registry (array)
[2025-12-13 23:22:42.162] _PopulateMenusFromRegistry: Menu 'Options' has 2 items from registry (array)
[2025-12-13 23:22:42.175] _PopulateMenusFromRegistry: Menu 'Tools' has 4 items from registry (array)
[2025-12-13 23:22:42.189] _PopulateMenusFromRegistry: Menu 'Projects' has 3 items from registry (array)
[2025-12-13 23:22:42.202] _PopulateMenusFromRegistry: Menu 'Help' has 1 items from registry (array)
[2025-12-13 23:22:42.216] _PopulateMenusFromRegistry: Menu 'Time' has 3 items from registry (array)
[2025-12-13 23:22:42.229] [DEBUG] TaskListScreen: Constructor completed
[2025-12-13 23:22:42.241] ServiceContainer: Resolved 'TaskListScreen' successfully
[2025-12-13 23:22:42.251] [INFO] Pushing screen to app...
[2025-12-13 23:22:42.625] [DEBUG] LoadData: Got 4 tasks from Store
[2025-12-13 23:22:42.742] [DEBUG] TaskListScreen.LoadData: Setting 4 tasks
[2025-12-13 23:22:42.755] [DEBUG] UniversalList.SetData: START
[2025-12-13 23:22:42.800] [DEBUG] UniversalList.SetData: COMPLETE (4 items)
[2025-12-13 23:22:42.930] [INFO] Screen pushed successfully
[2025-12-13 23:22:42.941] [INFO] Starting event loop...
[2025-12-13 23:22:43.480] [DEBUG] PmcScreen: Calling RenderToEngine on UniversalList
[2025-12-13 23:22:45.997] [DEBUG] PmcScreen: Calling RenderToEngine on UniversalList
[2025-12-13 23:22:48.036] [DEBUG] StandardListScreen: Routing to InlineEditor (Key=Tab)
[2025-12-13 23:22:48.058] [DEBUG] StandardListScreen: After HandleInput - IsConfirmed=False IsCancelled=False ShowInlineEditor=True
[2025-12-13 23:22:48.069] [DEBUG] StandardListScreen: After close check - ShowInlineEditor=True
[2025-12-13 23:22:48.241] [DEBUG] PmcScreen: Calling RenderToEngine on UniversalList
[2025-12-13 23:22:48.608] [DEBUG] StandardListScreen: Routing to InlineEditor (Key=Tab)
[2025-12-13 23:22:48.621] [DEBUG] StandardListScreen: After HandleInput - IsConfirmed=False IsCancelled=False ShowInlineEditor=True
[2025-12-13 23:22:48.637] [DEBUG] StandardListScreen: After close check - ShowInlineEditor=True
[2025-12-13 23:22:48.804] [DEBUG] PmcScreen: Calling RenderToEngine on UniversalList
[2025-12-13 23:22:49.486] [DEBUG] StandardListScreen: Routing to InlineEditor (Key=Enter)
[2025-12-13 23:22:49.534] [DEBUG] StandardListScreen: After HandleInput - IsConfirmed=False IsCancelled=False ShowInlineEditor=True
[2025-12-13 23:22:49.545] [DEBUG] StandardListScreen: After close check - ShowInlineEditor=True
[2025-12-13 23:22:49.815] [DEBUG] PmcScreen: Calling RenderToEngine on UniversalList
[2025-12-13 23:23:21.089] [DEBUG] StandardListScreen: Routing to InlineEditor (Key=Escape)
[2025-12-13 23:23:21.091] [DEBUG] StandardListScreen: After HandleInput - IsConfirmed=False IsCancelled=False ShowInlineEditor=True
[2025-12-13 23:23:21.106] [DEBUG] StandardListScreen: After close check - ShowInlineEditor=True
[2025-12-13 23:23:21.215] [DEBUG] PmcScreen: Calling RenderToEngine on UniversalList
[2025-12-13 23:23:22.870] [DEBUG] StandardListScreen: Routing to InlineEditor (Key=Tab)
[2025-12-13 23:23:22.872] [DEBUG] StandardListScreen: After HandleInput - IsConfirmed=False IsCancelled=False ShowInlineEditor=True
[2025-12-13 23:23:22.888] [DEBUG] StandardListScreen: After close check - ShowInlineEditor=True
[2025-12-13 23:23:23.041] [DEBUG] PmcScreen: Calling RenderToEngine on UniversalList
[2025-12-13 23:23:23.559] [DEBUG] StandardListScreen: Routing to InlineEditor (Key=Enter)
[2025-12-13 23:23:23.632] [DEBUG] StandardListScreen: After HandleInput - IsConfirmed=False IsCancelled=False ShowInlineEditor=True
[2025-12-13 23:23:23.646] [DEBUG] StandardListScreen: After close check - ShowInlineEditor=True
[2025-12-13 23:23:23.936] [DEBUG] PmcScreen: Calling RenderToEngine on UniversalList
