[2025-12-13 21:55:41.394] [INFO] Loading PMC module...
[2025-12-13 21:55:42.597] [INFO] PMC module loaded
[2025-12-13 21:55:42.599] [INFO] Loading dependencies (FieldSchemas, etc.)...
[2025-12-13 21:55:42.723] [INFO] Dependencies loaded
[2025-12-13 21:55:42.735] [INFO] Loading SpeedTUI framework...
[2025-12-13 21:55:43.078] [INFO] SpeedTUI framework loaded
[2025-12-13 21:55:43.088] [INFO] Loading PraxisVT...
[2025-12-13 21:55:43.113] [INFO] PraxisVT loaded
[2025-12-13 21:55:43.125] [INFO] Loading core dependencies...
[2025-12-13 21:55:43.212] [INFO] Core dependencies loaded
[2025-12-13 21:55:43.224] [INFO] Loading widget base classes...
[2025-12-13 21:55:43.306] [INFO] Widget base classes loaded
[2025-12-13 21:55:43.321] [INFO] Loading services...
[2025-12-13 21:55:43.513] [INFO] Services loaded
[2025-12-13 21:55:43.526] [INFO] Loading helpers...
[2025-12-13 21:55:44.274] [INFO] Helpers loaded
[2025-12-13 21:55:44.298] [INFO] Loading widgets...
[2025-12-13 21:55:45.067] [INFO] Widgets loaded
[2025-12-13 21:55:45.083] [INFO] Loading screen base class...
[2025-12-13 21:55:45.124] [INFO] Screen base class loaded
[2025-12-13 21:55:45.144] [INFO] Loading HelpViewScreen (needed by base classes)...
[2025-12-13 21:55:45.187] [INFO] HelpViewScreen loaded
[2025-12-13 21:55:45.203] [INFO] Loading base classes...
[2025-12-13 21:55:45.360] [INFO] Base classes loaded
[2025-12-13 21:55:45.374] [INFO] Loading ServiceContainer (needed by screens)...
[2025-12-13 21:55:45.403] [INFO] ServiceContainer loaded
[2025-12-13 21:55:45.421] [INFO] Loading remaining screens...
[2025-12-13 21:55:45.585] [INFO] Remaining screens loaded
[2025-12-13 21:55:45.600] [INFO] Loading PmcApplication...
[2025-12-13 21:55:45.642] [INFO] PmcApplication loaded
[2025-12-13 21:55:45.660] [INFO] All components loaded successfully
[2025-12-13 21:55:45.689] [INFO] Starting PMC TUI with screen: TaskList
[2025-12-13 21:55:45.705] [INFO] Cleared stale PmcSharedMenuBar and MenuRegistry singleton
[2025-12-13 21:55:45.718] [INFO] Creating ServiceContainer...
[2025-12-13 21:55:45.737] [INFO] ServiceContainer created
[2025-12-13 21:55:45.752] [INFO] Registering Theme service...
[2025-12-13 21:55:45.777] ServiceContainer: Registered 'Theme' (singleton=True)
[2025-12-13 21:55:45.789] [INFO] Registering ThemeManager...
[2025-12-13 21:55:45.811] ServiceContainer: Registered 'ThemeManager' (singleton=True)
[2025-12-13 21:55:45.836] [INFO] Registering Config service...
[2025-12-13 21:55:45.853] ServiceContainer: Registered 'Config' (singleton=True)
[2025-12-13 21:55:45.869] [INFO] Registering TaskStore service...
[2025-12-13 21:55:45.890] ServiceContainer: Registered 'TaskStore' (singleton=True)
[2025-12-13 21:55:45.910] [INFO] Registering MenuRegistry service...
[2025-12-13 21:55:45.941] ServiceContainer: Registered 'MenuRegistry' (singleton=True)
[2025-12-13 21:55:45.968] [INFO] Registering Application service...
[2025-12-13 21:55:45.990] ServiceContainer: Registered 'Application' (singleton=True)
[2025-12-13 21:55:46.008] [INFO] Registering CommandService...
[2025-12-13 21:55:46.038] ServiceContainer: Registered 'CommandService' (singleton=True)
[2025-12-13 21:55:46.057] [INFO] Registering ChecklistService...
[2025-12-13 21:55:46.078] ServiceContainer: Registered 'ChecklistService' (singleton=True)
[2025-12-13 21:55:46.103] [INFO] Registering NoteService...
[2025-12-13 21:55:46.120] ServiceContainer: Registered 'NoteService' (singleton=True)
[2025-12-13 21:55:46.139] [INFO] Registering ExcelMappingService...
[2025-12-13 21:55:46.156] ServiceContainer: Registered 'ExcelMappingService' (singleton=True)
[2025-12-13 21:55:46.177] [INFO] Registering PreferencesService...
[2025-12-13 21:55:46.195] ServiceContainer: Registered 'PreferencesService' (singleton=True)
[2025-12-13 21:55:46.214] [INFO] Registering screen factories...
[2025-12-13 21:55:46.229] ServiceContainer: Registered 'TaskListScreen' (singleton=False)
[2025-12-13 21:55:46.246] [INFO] Resolving Application from container...
[2025-12-13 21:55:46.273] ServiceContainer: Resolving 'Application'...
[2025-12-13 21:55:46.289] [INFO] Resolving Application...
[2025-12-13 21:55:46.317] ServiceContainer: Resolving 'Theme'...
[2025-12-13 21:55:46.348] [INFO] Resolving Theme: Calling Initialize-PmcThemeSystem...
[2025-12-13 21:55:46.374] [INFO] Theme resolved: #33aaff
[2025-12-13 21:55:46.388] [INFO] Loading PmcThemeEngine...
[2025-12-13 21:55:46.502] [DEBUG] Palette [Highlight] -> #228844 (R=34 G=136 B=68)
[2025-12-13 21:55:46.518] [DEBUG] Palette [Primary] -> #228844 (R=34 G=136 B=68)
[2025-12-13 21:55:46.534] [DEBUG] Palette [Cursor] -> #228844 (R=34 G=136 B=68)
[2025-12-13 21:55:46.554] [DEBUG] Palette [Warning] -> #7FCA14 (R=127 G=202 B=20)
[2025-12-13 21:55:46.567] [DEBUG] Palette [Label] -> #5C8F6D (R=92 G=143 B=109)
[2025-12-13 21:55:46.582] [DEBUG] Palette [Error] -> #BE2914 (R=190 G=41 B=20)
[2025-12-13 21:55:46.600] [DEBUG] Palette [Status] -> #5C8F6D (R=92 G=143 B=109)
[2025-12-13 21:55:46.617] [DEBUG] Palette [Bright] -> #2CB158 (R=44 G=177 B=88)
[2025-12-13 21:55:46.632] [DEBUG] Palette [Footer] -> #185F30 (R=24 G=95 B=48)
[2025-12-13 21:55:46.650] [DEBUG] Palette [Success] -> #2CB158 (R=44 G=177 B=88)
[2025-12-13 21:55:46.671] [DEBUG] Palette [Border] -> #185F30 (R=24 G=95 B=48)
[2025-12-13 21:55:46.685] [DEBUG] Palette [Text] -> #C2EACF (R=194 G=234 B=207)
[2025-12-13 21:55:46.699] [DEBUG] Palette [Muted] -> #5C8F6D (R=92 G=143 B=109)
[2025-12-13 21:55:46.722] [DEBUG] Palette [Header] -> #228844 (R=34 G=136 B=68)
[2025-12-13 21:55:46.750] [INFO] LoadFromConfig: Loaded Properties with 16 items
[2025-12-13 21:55:46.777] [INFO] PmcThemeEngine initialized with PMC palette (14 colors)
[2025-12-13 21:55:46.798] ServiceContainer: Resolved 'Theme' successfully
[2025-12-13 21:55:46.912] ServiceContainer: Resolving 'ThemeManager'...
[2025-12-13 21:55:46.931] [INFO] Resolving ThemeManager...
[2025-12-13 21:55:47.080] ServiceContainer: Resolved 'ThemeManager' successfully
[2025-12-13 21:55:47.108] ServiceContainer: Resolved 'Application' successfully
[2025-12-13 21:55:47.127] [INFO] Application resolved and assigned to $global:PmcApp
[2025-12-13 21:55:47.144] [INFO] Loading menus from manifest...
[2025-12-13 21:55:47.159] ServiceContainer: Resolving 'MenuRegistry'...
[2025-12-13 21:55:47.175] [INFO] Resolving MenuRegistry...
[2025-12-13 21:55:47.198] ServiceContainer: Resolved 'MenuRegistry' successfully
[2025-12-13 21:55:47.230] MenuRegistry: Loaded manifest with 24 entries
[2025-12-13 21:55:47.267] ServiceContainer: Registered 'SettingsScreen' (singleton=False)
[2025-12-13 21:55:47.282] MenuRegistry: Registered screen factory 'SettingsScreen' in container (viewMode=)
[2025-12-13 21:55:47.314] MenuRegistry: Registered 'Settings' in 'Options' menu (hotkey=S order=20)
[2025-12-13 21:55:47.332] ServiceContainer: Registered 'TimeListScreen' (singleton=False)
[2025-12-13 21:55:47.349] MenuRegistry: Registered screen factory 'TimeListScreen' in container (viewMode=)
[2025-12-13 21:55:47.366] MenuRegistry: Registered 'Time Tracking' in 'Time' menu (hotkey=T order=5)
[2025-12-13 21:55:47.384] ServiceContainer: Registered 'NotesMenuScreen' (singleton=False)
[2025-12-13 21:55:47.401] MenuRegistry: Registered screen factory 'NotesMenuScreen' in container (viewMode=)
[2025-12-13 21:55:47.417] MenuRegistry: Registered 'Notes' in 'Tools' menu (hotkey=N order=20)
[2025-12-13 21:55:47.430] ServiceContainer: Registered 'CommandLibraryScreen' (singleton=False)
[2025-12-13 21:55:47.443] MenuRegistry: Registered screen factory 'CommandLibraryScreen' in container (viewMode=)
[2025-12-13 21:55:47.458] MenuRegistry: Registered 'Command Library' in 'Tools' menu (hotkey=L order=10)
[2025-12-13 21:55:47.472] ServiceContainer: Registered 'TaskListScreen_Default' (singleton=False)
[2025-12-13 21:55:47.486] MenuRegistry: Registered screen factory 'TaskListScreen_Default' in container (viewMode=)
[2025-12-13 21:55:47.500] MenuRegistry: Registered 'Task List' in 'Tasks' menu (hotkey=L order=5)
[2025-12-13 21:55:47.516] ServiceContainer: Registered 'TaskListScreen_Overdue' (singleton=False)
[2025-12-13 21:55:47.532] MenuRegistry: Registered screen factory 'TaskListScreen_Overdue' in container (viewMode=overdue)
[2025-12-13 21:55:47.548] MenuRegistry: Registered 'Overdue' in 'Tasks' menu (hotkey=O order=30)
[2025-12-13 21:55:47.566] ServiceContainer: Registered 'ChecklistsLauncherScreen' (singleton=False)
[2025-12-13 21:55:47.578] MenuRegistry: Registered screen factory 'ChecklistsLauncherScreen' in container (viewMode=)
[2025-12-13 21:55:47.597] MenuRegistry: Registered 'Checklists' in 'Tools' menu (hotkey=C order=25)
[2025-12-13 21:55:47.614] ServiceContainer: Registered 'TaskListScreen_Tomorrow' (singleton=False)
[2025-12-13 21:55:47.626] MenuRegistry: Registered screen factory 'TaskListScreen_Tomorrow' in container (viewMode=tomorrow)
[2025-12-13 21:55:47.640] MenuRegistry: Registered 'Tomorrow' in 'Tasks' menu (hotkey=T order=15)
[2025-12-13 21:55:47.656] ServiceContainer: Registered 'HelpViewScreen' (singleton=False)
[2025-12-13 21:55:47.675] MenuRegistry: Registered screen factory 'HelpViewScreen' in container (viewMode=)
[2025-12-13 21:55:47.690] MenuRegistry: Registered 'Help' in 'Help' menu (hotkey=H order=10)
[2025-12-13 21:55:47.707] ServiceContainer: Registered 'TaskListScreen_Week' (singleton=False)
[2025-12-13 21:55:47.724] MenuRegistry: Registered screen factory 'TaskListScreen_Week' in container (viewMode=week)
[2025-12-13 21:55:47.738] MenuRegistry: Registered 'Week View' in 'Tasks' menu (hotkey=W order=20)
[2025-12-13 21:55:47.755] ServiceContainer: Registered 'ExcelProfileManagerScreen' (singleton=False)
[2025-12-13 21:55:47.775] MenuRegistry: Registered screen factory 'ExcelProfileManagerScreen' in container (viewMode=)
[2025-12-13 21:55:47.792] MenuRegistry: Registered 'Excel Profiles' in 'Projects' menu (hotkey=M order=50)
[2025-12-13 21:55:47.809] ServiceContainer: Registered 'ThemeEditorScreen' (singleton=False)
[2025-12-13 21:55:47.826] MenuRegistry: Registered screen factory 'ThemeEditorScreen' in container (viewMode=)
[2025-12-13 21:55:47.842] MenuRegistry: Registered 'Theme Editor' in 'Options' menu (hotkey=T order=10)
[2025-12-13 21:55:47.860] ServiceContainer: Registered 'TaskListScreen_Upcoming' (singleton=False)
[2025-12-13 21:55:47.876] MenuRegistry: Registered screen factory 'TaskListScreen_Upcoming' in container (viewMode=upcoming)
[2025-12-13 21:55:47.893] MenuRegistry: Registered 'Upcoming' in 'Tasks' menu (hotkey=U order=25)
[2025-12-13 21:55:47.911] ServiceContainer: Registered 'TaskListScreen_Month' (singleton=False)
[2025-12-13 21:55:47.928] MenuRegistry: Registered screen factory 'TaskListScreen_Month' in container (viewMode=month)
[2025-12-13 21:55:47.945] MenuRegistry: Registered 'Month View' in 'Tasks' menu (hotkey=M order=45)
[2025-12-13 21:55:47.962] ServiceContainer: Registered 'TaskListScreen_NextActions' (singleton=False)
[2025-12-13 21:55:47.975] MenuRegistry: Registered screen factory 'TaskListScreen_NextActions' in container (viewMode=nextactions)
[2025-12-13 21:55:47.991] MenuRegistry: Registered 'Next Actions' in 'Tasks' menu (hotkey=N order=35)
[2025-12-13 21:55:48.006] ServiceContainer: Registered 'KanbanScreenV2' (singleton=False)
[2025-12-13 21:55:48.019] MenuRegistry: Registered screen factory 'KanbanScreenV2' in container (viewMode=)
[2025-12-13 21:55:48.033] MenuRegistry: Registered 'Kanban Board' in 'Tasks' menu (hotkey=K order=55)
[2025-12-13 21:55:48.050] ServiceContainer: Registered 'ProjectListScreen' (singleton=False)
[2025-12-13 21:55:48.065] MenuRegistry: Registered screen factory 'ProjectListScreen' in container (viewMode=)
[2025-12-13 21:55:48.080] MenuRegistry: Registered 'Project List' in 'Projects' menu (hotkey=L order=10)
[2025-12-13 21:55:48.094] ServiceContainer: Registered 'WeeklyTimeReportScreen' (singleton=False)
[2025-12-13 21:55:48.107] MenuRegistry: Registered screen factory 'WeeklyTimeReportScreen' in container (viewMode=)
[2025-12-13 21:55:48.120] MenuRegistry: Registered 'Weekly Report' in 'Time' menu (hotkey=W order=10)
[2025-12-13 21:55:48.134] ServiceContainer: Registered 'ExcelImportScreen' (singleton=False)
[2025-12-13 21:55:48.145] MenuRegistry: Registered screen factory 'ExcelImportScreen' in container (viewMode=)
[2025-12-13 21:55:48.157] MenuRegistry: Registered 'Import from Excel' in 'Projects' menu (hotkey=I order=40)
[2025-12-13 21:55:48.171] ServiceContainer: Registered 'TimeReportScreen' (singleton=False)
[2025-12-13 21:55:48.185] MenuRegistry: Registered screen factory 'TimeReportScreen' in container (viewMode=)
[2025-12-13 21:55:48.197] MenuRegistry: Registered 'Time Report' in 'Time' menu (hotkey=R order=20)
[2025-12-13 21:55:48.211] ServiceContainer: Registered 'TaskListScreen_Today' (singleton=False)
[2025-12-13 21:55:48.224] MenuRegistry: Registered screen factory 'TaskListScreen_Today' in container (viewMode=today)
[2025-12-13 21:55:48.241] MenuRegistry: Registered 'Today' in 'Tasks' menu (hotkey=Y order=10)
[2025-12-13 21:55:48.256] ServiceContainer: Registered 'ChecklistTemplatesFolderScreen' (singleton=False)
[2025-12-13 21:55:48.270] MenuRegistry: Registered screen factory 'ChecklistTemplatesFolderScreen' in container (viewMode=)
[2025-12-13 21:55:48.284] MenuRegistry: Registered 'Checklist Templates' in 'Tools' menu (hotkey=H order=30)
[2025-12-13 21:55:48.301] ServiceContainer: Registered 'TaskListScreen_NoDate' (singleton=False)
[2025-12-13 21:55:48.317] MenuRegistry: Registered screen factory 'TaskListScreen_NoDate' in container (viewMode=noduedate)
[2025-12-13 21:55:48.332] MenuRegistry: Registered 'No Due Date' in 'Tasks' menu (hotkey=D order=40)
[2025-12-13 21:55:48.349] ServiceContainer: Registered 'TaskListScreen_Agenda' (singleton=False)
[2025-12-13 21:55:48.363] MenuRegistry: Registered screen factory 'TaskListScreen_Agenda' in container (viewMode=agenda)
[2025-12-13 21:55:48.380] MenuRegistry: Registered 'Agenda View' in 'Tasks' menu (hotkey=A order=50)
[2025-12-13 21:55:48.397] [INFO] Menus loaded from C:\Users\jhnhe\OneDrive\Documents\GitHub\project-management-console\og_transport\HYBRID\module\Pmc.Strict\consoleui\screens\MenuItems.psd1
[2025-12-13 21:55:48.412] [INFO] Launching screen: TaskList
[2025-12-13 21:55:48.432] [INFO] Resolving TaskListScreen from container...
[2025-12-13 21:55:48.449] ServiceContainer: Resolving 'TaskListScreen'...
[2025-12-13 21:55:48.468] [INFO] Resolving TaskListScreen...
[2025-12-13 21:55:48.485] ServiceContainer: Resolving 'TaskStore'...
[2025-12-13 21:55:48.501] [INFO] Resolving TaskStore...
[2025-12-13 21:55:48.541] [DEBUG] TaskStore.LoadData: Starting
[2025-12-13 21:55:48.557] [DEBUG] TaskStore.LoadData: Calling Get-PmcData
[2025-12-13 21:55:48.891] [DEBUG] TaskStore.LoadData: Get-PmcData returned - tasks=4 projects=2 timelogs=3
[2025-12-13 21:55:48.924] [DEBUG] TaskStore.LoadData: Loaded 4 tasks
[2025-12-13 21:55:48.953] [DEBUG] TaskStore.LoadData: Loaded 2 projects
[2025-12-13 21:55:48.980] [DEBUG] TaskStore.LoadData: First project name='p1' ID1='111'
[2025-12-13 21:55:49.005] ServiceContainer: Resolved 'TaskStore' successfully
[2025-12-13 21:55:49.583] [DEBUG] PmcScreen.AddContentWidget: Adding UniversalList (Total: 1)
[2025-12-13 21:55:49.632] [DEBUG] TaskListScreen: Constructor started
[2025-12-13 21:55:49.687] _PopulateMenusFromRegistry: Menu 'Tools' has 4 items from registry (array)
[2025-12-13 21:55:49.716] _PopulateMenusFromRegistry: Menu 'Projects' has 3 items from registry (array)
[2025-12-13 21:55:49.730] _PopulateMenusFromRegistry: Menu 'Time' has 3 items from registry (array)
[2025-12-13 21:55:49.743] _PopulateMenusFromRegistry: Menu 'Help' has 1 items from registry (array)
[2025-12-13 21:55:49.759] _PopulateMenusFromRegistry: Menu 'Tasks' has 11 items from registry (array)
[2025-12-13 21:55:49.778] _PopulateMenusFromRegistry: Menu 'Options' has 2 items from registry (array)
[2025-12-13 21:55:49.793] [DEBUG] TaskListScreen: Constructor completed
[2025-12-13 21:55:49.807] ServiceContainer: Resolved 'TaskListScreen' successfully
[2025-12-13 21:55:49.823] [INFO] Pushing screen to app...
[2025-12-13 21:55:50.136] [DEBUG] LoadData: Got 4 tasks from Store
[2025-12-13 21:55:50.248] [DEBUG] TaskListScreen.LoadData: Setting 4 tasks
[2025-12-13 21:55:50.266] [DEBUG] UniversalList.SetData: START
[2025-12-13 21:55:50.351] [DEBUG] UniversalList.SetData: COMPLETE (4 items)
[2025-12-13 21:55:50.421] [INFO] Screen pushed successfully
[2025-12-13 21:55:50.438] [INFO] Starting event loop...
[2025-12-13 21:55:50.919] [DEBUG] PmcScreen: Calling RenderToEngine on UniversalList
[2025-12-13 21:56:10.185] [DEBUG] PmcScreen: Calling RenderToEngine on UniversalList
