[2025-12-13 14:48:54.853] [INFO] Loading PMC module...
[2025-12-13 14:48:55.818] [INFO] PMC module loaded
[2025-12-13 14:48:55.820] [INFO] Loading dependencies (FieldSchemas, etc.)...
[2025-12-13 14:48:55.913] [INFO] Dependencies loaded
[2025-12-13 14:48:55.922] [INFO] Loading SpeedTUI framework...
[2025-12-13 14:48:56.163] [INFO] SpeedTUI framework loaded
[2025-12-13 14:48:56.164] [INFO] Loading PraxisVT...
[2025-12-13 14:48:56.182] [INFO] PraxisVT loaded
[2025-12-13 14:48:56.190] [INFO] Loading core dependencies...
[2025-12-13 14:48:56.246] [INFO] Core dependencies loaded
[2025-12-13 14:48:56.256] [INFO] Loading widget base classes...
[2025-12-13 14:48:56.302] [INFO] Widget base classes loaded
[2025-12-13 14:48:56.312] [INFO] Loading services...
[2025-12-13 14:48:56.433] [INFO] Services loaded
[2025-12-13 14:48:56.445] [INFO] Loading helpers...
[2025-12-13 14:48:57.000] [INFO] Helpers loaded
[2025-12-13 14:48:57.009] [INFO] Loading widgets...
[2025-12-13 14:48:57.327] [ERROR] Failed to load widgets: At C:\Users\jhnhe\OneDrive\Documents\GitHub\project-management-console\og_transport\HYBRID\module\Pmc.Strict\consoleui\widgets\UniversalList.ps1:362 char:189
+ … et-Date)] UniversalList.SetData: START, data param type=$dataTypeStr"
+                                                           ~~~~~~~~~~~~
Variable is not assigned in the method.
