[2025-12-13 16:03:55.475] [INFO] Loading PMC module...
[2025-12-13 16:03:59.130] [INFO] PMC module loaded
[2025-12-13 16:03:59.135] [INFO] Loading dependencies (FieldSchemas, etc.)...
[2025-12-13 16:03:59.390] [INFO] Dependencies loaded
[2025-12-13 16:03:59.404] [INFO] Loading SpeedTUI framework...
[2025-12-13 16:04:00.110] [INFO] SpeedTUI framework loaded
[2025-12-13 16:04:00.112] [INFO] Loading PraxisVT...
[2025-12-13 16:04:00.139] [INFO] PraxisVT loaded
[2025-12-13 16:04:00.154] [INFO] Loading core dependencies...
[2025-12-13 16:04:00.380] [INFO] Core dependencies loaded
[2025-12-13 16:04:00.392] [INFO] Loading widget base classes...
[2025-12-13 16:04:00.525] [INFO] Widget base classes loaded
[2025-12-13 16:04:00.537] [INFO] Loading services...
[2025-12-13 16:04:00.959] [INFO] Services loaded
[2025-12-13 16:04:00.973] [INFO] Loading helpers...
[2025-12-13 16:04:01.780] [INFO] Helpers loaded
[2025-12-13 16:04:01.782] [INFO] Loading widgets...
[2025-12-13 16:04:02.517] [INFO] Widgets loaded
[2025-12-13 16:04:02.529] [INFO] Loading screen base class...
[2025-12-13 16:04:02.561] [INFO] Screen base class loaded
[2025-12-13 16:04:02.574] [INFO] Loading HelpViewScreen (needed by base classes)...
[2025-12-13 16:04:02.612] [INFO] HelpViewScreen loaded
[2025-12-13 16:04:02.623] [INFO] Loading base classes...
[2025-12-13 16:04:02.749] [INFO] Base classes loaded
[2025-12-13 16:04:02.765] [INFO] Loading ServiceContainer (needed by screens)...
[2025-12-13 16:04:02.794] [INFO] ServiceContainer loaded
[2025-12-13 16:04:02.808] [INFO] Loading remaining screens...
[2025-12-13 16:04:02.946] [INFO] Remaining screens loaded
[2025-12-13 16:04:02.961] [INFO] Loading PmcApplication...
[2025-12-13 16:04:02.997] [INFO] PmcApplication loaded
[2025-12-13 16:04:03.010] [INFO] All components loaded successfully
[2025-12-13 16:04:03.040] [INFO] Starting PMC TUI with screen: TaskList
[2025-12-13 16:04:03.067] [INFO] Cleared stale PmcSharedMenuBar and MenuRegistry singleton
[2025-12-13 16:04:03.090] [INFO] Creating ServiceContainer...
[2025-12-13 16:04:03.121] [INFO] ServiceContainer created
[2025-12-13 16:04:03.139] [INFO] Registering Theme service...
[2025-12-13 16:04:03.174] ServiceContainer: Registered 'Theme' (singleton=True)
[2025-12-13 16:04:03.196] [INFO] Registering ThemeManager...
[2025-12-13 16:04:03.213] ServiceContainer: Registered 'ThemeManager' (singleton=True)
[2025-12-13 16:04:03.229] [INFO] Registering Config service...
[2025-12-13 16:04:03.254] ServiceContainer: Registered 'Config' (singleton=True)
[2025-12-13 16:04:03.274] [INFO] Registering TaskStore service...
[2025-12-13 16:04:03.290] ServiceContainer: Registered 'TaskStore' (singleton=True)
[2025-12-13 16:04:03.306] [INFO] Registering MenuRegistry service...
[2025-12-13 16:04:03.328] ServiceContainer: Registered 'MenuRegistry' (singleton=True)
[2025-12-13 16:04:03.347] [INFO] Registering Application service...
[2025-12-13 16:04:03.371] ServiceContainer: Registered 'Application' (singleton=True)
[2025-12-13 16:04:03.387] [INFO] Registering CommandService...
[2025-12-13 16:04:03.409] ServiceContainer: Registered 'CommandService' (singleton=True)
[2025-12-13 16:04:03.425] [INFO] Registering ChecklistService...
[2025-12-13 16:04:03.441] ServiceContainer: Registered 'ChecklistService' (singleton=True)
[2025-12-13 16:04:03.459] [INFO] Registering NoteService...
[2025-12-13 16:04:03.474] ServiceContainer: Registered 'NoteService' (singleton=True)
[2025-12-13 16:04:03.491] [INFO] Registering ExcelMappingService...
[2025-12-13 16:04:03.506] ServiceContainer: Registered 'ExcelMappingService' (singleton=True)
[2025-12-13 16:04:03.520] [INFO] Registering PreferencesService...
[2025-12-13 16:04:03.536] ServiceContainer: Registered 'PreferencesService' (singleton=True)
[2025-12-13 16:04:03.552] [INFO] Registering screen factories...
[2025-12-13 16:04:03.568] ServiceContainer: Registered 'TaskListScreen' (singleton=False)
[2025-12-13 16:04:03.583] [INFO] Resolving Application from container...
[2025-12-13 16:04:03.612] ServiceContainer: Resolving 'Application'...
[2025-12-13 16:04:03.629] [INFO] Resolving Application...
[2025-12-13 16:04:03.647] ServiceContainer: Resolving 'Theme'...
[2025-12-13 16:04:03.668] [INFO] Resolving Theme: Calling Initialize-PmcThemeSystem...
[2025-12-13 16:04:03.698] [INFO] Theme resolved: #33aaff
[2025-12-13 16:04:03.713] [INFO] Loading PmcThemeEngine...
[2025-12-13 16:04:03.856] [DEBUG] Palette [Bright] -> #2CB158 (R=44 G=177 B=88)
[2025-12-13 16:04:03.873] [DEBUG] Palette [Cursor] -> #228844 (R=34 G=136 B=68)
[2025-12-13 16:04:03.892] [DEBUG] Palette [Muted] -> #5C8F6D (R=92 G=143 B=109)
[2025-12-13 16:04:03.910] [DEBUG] Palette [Header] -> #228844 (R=34 G=136 B=68)
[2025-12-13 16:04:03.936] [DEBUG] Palette [Label] -> #5C8F6D (R=92 G=143 B=109)
[2025-12-13 16:04:03.951] [DEBUG] Palette [Error] -> #BE2914 (R=190 G=41 B=20)
[2025-12-13 16:04:03.971] [DEBUG] Palette [Border] -> #185F30 (R=24 G=95 B=48)
[2025-12-13 16:04:03.991] [DEBUG] Palette [Primary] -> #228844 (R=34 G=136 B=68)
[2025-12-13 16:04:04.009] [DEBUG] Palette [Highlight] -> #228844 (R=34 G=136 B=68)
[2025-12-13 16:04:04.030] [DEBUG] Palette [Warning] -> #7FCA14 (R=127 G=202 B=20)
[2025-12-13 16:04:04.051] [DEBUG] Palette [Success] -> #2CB158 (R=44 G=177 B=88)
[2025-12-13 16:04:04.065] [DEBUG] Palette [Footer] -> #185F30 (R=24 G=95 B=48)
[2025-12-13 16:04:04.079] [DEBUG] Palette [Text] -> #C2EACF (R=194 G=234 B=207)
[2025-12-13 16:04:04.095] [DEBUG] Palette [Status] -> #5C8F6D (R=92 G=143 B=109)
[2025-12-13 16:04:04.123] [INFO] LoadFromConfig: Loaded Properties with 16 items
[2025-12-13 16:04:04.149] [INFO] PmcThemeEngine initialized with PMC palette (14 colors)
[2025-12-13 16:04:04.169] ServiceContainer: Resolved 'Theme' successfully
[2025-12-13 16:04:04.301] ServiceContainer: Resolving 'ThemeManager'...
[2025-12-13 16:04:04.319] [INFO] Resolving ThemeManager...
[2025-12-13 16:04:04.458] ServiceContainer: Resolved 'ThemeManager' successfully
[2025-12-13 16:04:04.481] ServiceContainer: Resolved 'Application' successfully
[2025-12-13 16:04:04.499] [INFO] Application resolved and assigned to $global:PmcApp
[2025-12-13 16:04:04.515] [INFO] Loading menus from manifest...
[2025-12-13 16:04:04.529] ServiceContainer: Resolving 'MenuRegistry'...
[2025-12-13 16:04:04.546] [INFO] Resolving MenuRegistry...
[2025-12-13 16:04:04.572] ServiceContainer: Resolved 'MenuRegistry' successfully
[2025-12-13 16:04:04.605] MenuRegistry: Loaded manifest with 24 entries
[2025-12-13 16:04:04.643] ServiceContainer: Registered 'TaskListScreen_Today' (singleton=False)
[2025-12-13 16:04:04.661] MenuRegistry: Registered screen factory 'TaskListScreen_Today' in container (viewMode=today)
[2025-12-13 16:04:04.686] MenuRegistry: Registered 'Today' in 'Tasks' menu (hotkey=Y order=10)
[2025-12-13 16:04:04.701] ServiceContainer: Registered 'NotesMenuScreen' (singleton=False)
[2025-12-13 16:04:04.715] MenuRegistry: Registered screen factory 'NotesMenuScreen' in container (viewMode=)
[2025-12-13 16:04:04.729] MenuRegistry: Registered 'Notes' in 'Tools' menu (hotkey=N order=20)
[2025-12-13 16:04:04.743] ServiceContainer: Registered 'TaskListScreen_Overdue' (singleton=False)
[2025-12-13 16:04:04.758] MenuRegistry: Registered screen factory 'TaskListScreen_Overdue' in container (viewMode=overdue)
[2025-12-13 16:04:04.774] MenuRegistry: Registered 'Overdue' in 'Tasks' menu (hotkey=O order=30)
[2025-12-13 16:04:04.791] ServiceContainer: Registered 'HelpViewScreen' (singleton=False)
[2025-12-13 16:04:04.806] MenuRegistry: Registered screen factory 'HelpViewScreen' in container (viewMode=)
[2025-12-13 16:04:04.821] MenuRegistry: Registered 'Help' in 'Help' menu (hotkey=H order=10)
[2025-12-13 16:04:04.838] ServiceContainer: Registered 'TaskListScreen_Default' (singleton=False)
[2025-12-13 16:04:04.855] MenuRegistry: Registered screen factory 'TaskListScreen_Default' in container (viewMode=)
[2025-12-13 16:04:04.871] MenuRegistry: Registered 'Task List' in 'Tasks' menu (hotkey=L order=5)
[2025-12-13 16:04:04.889] ServiceContainer: Registered 'ChecklistsLauncherScreen' (singleton=False)
[2025-12-13 16:04:04.905] MenuRegistry: Registered screen factory 'ChecklistsLauncherScreen' in container (viewMode=)
[2025-12-13 16:04:04.921] MenuRegistry: Registered 'Checklists' in 'Tools' menu (hotkey=C order=25)
[2025-12-13 16:04:04.936] ServiceContainer: Registered 'TaskListScreen_Upcoming' (singleton=False)
[2025-12-13 16:04:04.952] MenuRegistry: Registered screen factory 'TaskListScreen_Upcoming' in container (viewMode=upcoming)
[2025-12-13 16:04:04.975] MenuRegistry: Registered 'Upcoming' in 'Tasks' menu (hotkey=U order=25)
[2025-12-13 16:04:04.996] ServiceContainer: Registered 'ProjectListScreen' (singleton=False)
[2025-12-13 16:04:05.011] MenuRegistry: Registered screen factory 'ProjectListScreen' in container (viewMode=)
[2025-12-13 16:04:05.028] MenuRegistry: Registered 'Project List' in 'Projects' menu (hotkey=L order=10)
[2025-12-13 16:04:05.044] ServiceContainer: Registered 'SettingsScreen' (singleton=False)
[2025-12-13 16:04:05.059] MenuRegistry: Registered screen factory 'SettingsScreen' in container (viewMode=)
[2025-12-13 16:04:05.078] MenuRegistry: Registered 'Settings' in 'Options' menu (hotkey=S order=20)
[2025-12-13 16:04:05.099] ServiceContainer: Registered 'ExcelImportScreen' (singleton=False)
[2025-12-13 16:04:05.114] MenuRegistry: Registered screen factory 'ExcelImportScreen' in container (viewMode=)
[2025-12-13 16:04:05.130] MenuRegistry: Registered 'Import from Excel' in 'Projects' menu (hotkey=I order=40)
[2025-12-13 16:04:05.146] ServiceContainer: Registered 'TaskListScreen_NoDate' (singleton=False)
[2025-12-13 16:04:05.166] MenuRegistry: Registered screen factory 'TaskListScreen_NoDate' in container (viewMode=noduedate)
[2025-12-13 16:04:05.183] MenuRegistry: Registered 'No Due Date' in 'Tasks' menu (hotkey=D order=40)
[2025-12-13 16:04:05.199] ServiceContainer: Registered 'CommandLibraryScreen' (singleton=False)
[2025-12-13 16:04:05.215] MenuRegistry: Registered screen factory 'CommandLibraryScreen' in container (viewMode=)
[2025-12-13 16:04:05.233] MenuRegistry: Registered 'Command Library' in 'Tools' menu (hotkey=L order=10)
[2025-12-13 16:04:05.253] ServiceContainer: Registered 'TaskListScreen_NextActions' (singleton=False)
[2025-12-13 16:04:05.272] MenuRegistry: Registered screen factory 'TaskListScreen_NextActions' in container (viewMode=nextactions)
[2025-12-13 16:04:05.297] MenuRegistry: Registered 'Next Actions' in 'Tasks' menu (hotkey=N order=35)
[2025-12-13 16:04:05.322] ServiceContainer: Registered 'ExcelProfileManagerScreen' (singleton=False)
[2025-12-13 16:04:05.339] MenuRegistry: Registered screen factory 'ExcelProfileManagerScreen' in container (viewMode=)
[2025-12-13 16:04:05.356] MenuRegistry: Registered 'Excel Profiles' in 'Projects' menu (hotkey=M order=50)
[2025-12-13 16:04:05.372] ServiceContainer: Registered 'TaskListScreen_Month' (singleton=False)
[2025-12-13 16:04:05.387] MenuRegistry: Registered screen factory 'TaskListScreen_Month' in container (viewMode=month)
[2025-12-13 16:04:05.403] MenuRegistry: Registered 'Month View' in 'Tasks' menu (hotkey=M order=45)
[2025-12-13 16:04:05.418] ServiceContainer: Registered 'TimeListScreen' (singleton=False)
[2025-12-13 16:04:05.433] MenuRegistry: Registered screen factory 'TimeListScreen' in container (viewMode=)
[2025-12-13 16:04:05.453] MenuRegistry: Registered 'Time Tracking' in 'Time' menu (hotkey=T order=5)
[2025-12-13 16:04:05.471] ServiceContainer: Registered 'ThemeEditorScreen' (singleton=False)
[2025-12-13 16:04:05.487] MenuRegistry: Registered screen factory 'ThemeEditorScreen' in container (viewMode=)
[2025-12-13 16:04:05.505] MenuRegistry: Registered 'Theme Editor' in 'Options' menu (hotkey=T order=10)
[2025-12-13 16:04:05.524] ServiceContainer: Registered 'TaskListScreen_Tomorrow' (singleton=False)
[2025-12-13 16:04:05.537] MenuRegistry: Registered screen factory 'TaskListScreen_Tomorrow' in container (viewMode=tomorrow)
[2025-12-13 16:04:05.553] MenuRegistry: Registered 'Tomorrow' in 'Tasks' menu (hotkey=T order=15)
[2025-12-13 16:04:05.568] ServiceContainer: Registered 'TaskListScreen_Agenda' (singleton=False)
[2025-12-13 16:04:05.583] MenuRegistry: Registered screen factory 'TaskListScreen_Agenda' in container (viewMode=agenda)
[2025-12-13 16:04:05.598] MenuRegistry: Registered 'Agenda View' in 'Tasks' menu (hotkey=A order=50)
[2025-12-13 16:04:05.616] ServiceContainer: Registered 'WeeklyTimeReportScreen' (singleton=False)
[2025-12-13 16:04:05.632] MenuRegistry: Registered screen factory 'WeeklyTimeReportScreen' in container (viewMode=)
[2025-12-13 16:04:05.664] MenuRegistry: Registered 'Weekly Report' in 'Time' menu (hotkey=W order=10)
[2025-12-13 16:04:05.694] ServiceContainer: Registered 'KanbanScreenV2' (singleton=False)
[2025-12-13 16:04:05.734] MenuRegistry: Registered screen factory 'KanbanScreenV2' in container (viewMode=)
[2025-12-13 16:04:05.767] MenuRegistry: Registered 'Kanban Board' in 'Tasks' menu (hotkey=K order=55)
[2025-12-13 16:04:05.790] ServiceContainer: Registered 'ChecklistTemplatesFolderScreen' (singleton=False)
[2025-12-13 16:04:05.806] MenuRegistry: Registered screen factory 'ChecklistTemplatesFolderScreen' in container (viewMode=)
[2025-12-13 16:04:05.826] MenuRegistry: Registered 'Checklist Templates' in 'Tools' menu (hotkey=H order=30)
[2025-12-13 16:04:05.849] ServiceContainer: Registered 'TimeReportScreen' (singleton=False)
[2025-12-13 16:04:05.888] MenuRegistry: Registered screen factory 'TimeReportScreen' in container (viewMode=)
[2025-12-13 16:04:05.932] MenuRegistry: Registered 'Time Report' in 'Time' menu (hotkey=R order=20)
[2025-12-13 16:04:05.963] ServiceContainer: Registered 'TaskListScreen_Week' (singleton=False)
[2025-12-13 16:04:05.987] MenuRegistry: Registered screen factory 'TaskListScreen_Week' in container (viewMode=week)
[2025-12-13 16:04:06.007] MenuRegistry: Registered 'Week View' in 'Tasks' menu (hotkey=W order=20)
[2025-12-13 16:04:06.028] [INFO] Menus loaded from C:\Users\jhnhe\OneDrive\Documents\GitHub\project-management-console\og_transport\HYBRID\module\Pmc.Strict\consoleui\screens\MenuItems.psd1
[2025-12-13 16:04:06.051] [INFO] Launching screen: TaskList
[2025-12-13 16:04:06.070] [INFO] Resolving TaskListScreen from container...
[2025-12-13 16:04:06.093] ServiceContainer: Resolving 'TaskListScreen'...
[2025-12-13 16:04:06.116] [INFO] Resolving TaskListScreen...
[2025-12-13 16:04:06.137] ServiceContainer: Resolving 'TaskStore'...
[2025-12-13 16:04:06.159] [INFO] Resolving TaskStore...
[2025-12-13 16:04:06.249] [DEBUG] TaskStore.LoadData: Starting
[2025-12-13 16:04:06.275] [DEBUG] TaskStore.LoadData: Calling Get-PmcData
[2025-12-13 16:04:06.635] [DEBUG] TaskStore.LoadData: Get-PmcData returned - tasks=4 projects=2 timelogs=3
[2025-12-13 16:04:06.672] [DEBUG] TaskStore.LoadData: Loaded 4 tasks
[2025-12-13 16:04:06.707] [DEBUG] TaskStore.LoadData: Loaded 2 projects
[2025-12-13 16:04:06.733] [DEBUG] TaskStore.LoadData: First project name='p1' ID1='111'
[2025-12-13 16:04:06.759] ServiceContainer: Resolved 'TaskStore' successfully
[2025-12-13 16:04:07.535] [DEBUG] PmcScreen.AddContentWidget: Adding UniversalList (Total: 1)
[2025-12-13 16:04:07.568] [DEBUG] PmcScreen.AddContentWidget: Adding FilterPanel (Total: 2)
[2025-12-13 16:04:07.594] [DEBUG] PmcScreen.AddContentWidget: Adding InlineEditor (Total: 3)
[2025-12-13 16:04:07.655] [DEBUG] TaskListScreen: Constructor started
[2025-12-13 16:04:07.709] _PopulateMenusFromRegistry: Menu 'Options' has 2 items from registry (array)
[2025-12-13 16:04:07.744] _PopulateMenusFromRegistry: Menu 'Tasks' has 11 items from registry (array)
[2025-12-13 16:04:07.768] _PopulateMenusFromRegistry: Menu 'Help' has 1 items from registry (array)
[2025-12-13 16:04:07.788] _PopulateMenusFromRegistry: Menu 'Tools' has 4 items from registry (array)
[2025-12-13 16:04:07.825] _PopulateMenusFromRegistry: Menu 'Time' has 3 items from registry (array)
[2025-12-13 16:04:07.863] _PopulateMenusFromRegistry: Menu 'Projects' has 3 items from registry (array)
[2025-12-13 16:04:07.884] [DEBUG] TaskListScreen: Constructor completed
[2025-12-13 16:04:07.912] ServiceContainer: Resolved 'TaskListScreen' successfully
[2025-12-13 16:04:07.930] [INFO] Pushing screen to app...
[2025-12-13 16:04:08.330] [DEBUG] LoadData: Got 4 tasks from Store
[2025-12-13 16:04:08.444] [DEBUG] TaskListScreen.LoadData: Setting 4 tasks
[2025-12-13 16:04:08.467] [DEBUG] UniversalList.SetData: START
[2025-12-13 16:04:08.539] [DEBUG] UniversalList.SetData: COMPLETE (4 items)
[2025-12-13 16:04:08.592] [INFO] Screen pushed successfully
[2025-12-13 16:04:08.607] [INFO] Starting event loop...
[2025-12-13 16:04:13.749] [DEBUG] PmcScreen: Calling RenderToEngine on UniversalList
[2025-12-13 16:04:14.589] [DEBUG] PmcScreen: Calling RenderToEngine on FilterPanel
[2025-12-13 16:04:14.662] [DEBUG] PmcScreen: Calling RenderToEngine on InlineEditor
[2025-12-13 16:07:32.825] [DEBUG] PmcScreen: Calling RenderToEngine on UniversalList
[2025-12-13 16:07:32.859] [DEBUG] PmcScreen: Calling RenderToEngine on FilterPanel
[2025-12-13 16:07:32.886] [DEBUG] PmcScreen: Calling RenderToEngine on InlineEditor
[2025-12-13 23:02:03.188] [DEBUG] PmcScreen: Calling RenderToEngine on UniversalList
[2025-12-13 23:02:03.775] [DEBUG] PmcScreen: Calling RenderToEngine on FilterPanel
[2025-12-13 23:02:04.000] [DEBUG] PmcScreen: Calling RenderToEngine on InlineEditor
