[2025-12-13 22:21:00.143] [INFO] Loading PMC module...
[2025-12-13 22:21:01.215] [INFO] PMC module loaded
[2025-12-13 22:21:01.217] [INFO] Loading dependencies (FieldSchemas, etc.)...
[2025-12-13 22:21:01.319] [INFO] Dependencies loaded
[2025-12-13 22:21:01.330] [INFO] Loading SpeedTUI framework...
[2025-12-13 22:21:01.596] [INFO] SpeedTUI framework loaded
[2025-12-13 22:21:01.604] [INFO] Loading PraxisVT...
[2025-12-13 22:21:01.621] [INFO] PraxisVT loaded
[2025-12-13 22:21:01.630] [INFO] Loading core dependencies...
[2025-12-13 22:21:01.698] [INFO] Core dependencies loaded
[2025-12-13 22:21:01.708] [INFO] Loading widget base classes...
[2025-12-13 22:21:01.766] [INFO] Widget base classes loaded
[2025-12-13 22:21:01.776] [INFO] Loading services...
[2025-12-13 22:21:01.919] [INFO] Services loaded
[2025-12-13 22:21:01.929] [INFO] Loading helpers...
[2025-12-13 22:21:02.394] [INFO] Helpers loaded
[2025-12-13 22:21:02.405] [INFO] Loading widgets...
[2025-12-13 22:21:02.787] [INFO] Widgets loaded
[2025-12-13 22:21:02.797] [INFO] Loading screen base class...
[2025-12-13 22:21:02.827] [INFO] Screen base class loaded
[2025-12-13 22:21:02.839] [INFO] Loading HelpViewScreen (needed by base classes)...
[2025-12-13 22:21:02.870] [INFO] HelpViewScreen loaded
[2025-12-13 22:21:02.882] [INFO] Loading base classes...
[2025-12-13 22:21:03.036] [INFO] Base classes loaded
[2025-12-13 22:21:03.050] [INFO] Loading ServiceContainer (needed by screens)...
[2025-12-13 22:21:03.075] [INFO] ServiceContainer loaded
[2025-12-13 22:21:03.089] [INFO] Loading remaining screens...
[2025-12-13 22:21:03.195] [INFO] Remaining screens loaded
[2025-12-13 22:21:03.208] [INFO] Loading PmcApplication...
[2025-12-13 22:21:03.239] [INFO] PmcApplication loaded
[2025-12-13 22:21:03.250] [INFO] All components loaded successfully
[2025-12-13 22:21:03.270] [INFO] Starting PMC TUI with screen: TaskList
[2025-12-13 22:21:03.284] [INFO] Cleared stale PmcSharedMenuBar and MenuRegistry singleton
[2025-12-13 22:21:03.295] [INFO] Creating ServiceContainer...
[2025-12-13 22:21:03.311] [INFO] ServiceContainer created
[2025-12-13 22:21:03.321] [INFO] Registering Theme service...
[2025-12-13 22:21:03.343] ServiceContainer: Registered 'Theme' (singleton=True)
[2025-12-13 22:21:03.354] [INFO] Registering ThemeManager...
[2025-12-13 22:21:03.364] ServiceContainer: Registered 'ThemeManager' (singleton=True)
[2025-12-13 22:21:03.375] [INFO] Registering Config service...
[2025-12-13 22:21:03.385] ServiceContainer: Registered 'Config' (singleton=True)
[2025-12-13 22:21:03.395] [INFO] Registering TaskStore service...
[2025-12-13 22:21:03.406] ServiceContainer: Registered 'TaskStore' (singleton=True)
[2025-12-13 22:21:03.417] [INFO] Registering MenuRegistry service...
[2025-12-13 22:21:03.427] ServiceContainer: Registered 'MenuRegistry' (singleton=True)
[2025-12-13 22:21:03.438] [INFO] Registering Application service...
[2025-12-13 22:21:03.449] ServiceContainer: Registered 'Application' (singleton=True)
[2025-12-13 22:21:03.460] [INFO] Registering CommandService...
[2025-12-13 22:21:03.474] ServiceContainer: Registered 'CommandService' (singleton=True)
[2025-12-13 22:21:03.487] [INFO] Registering ChecklistService...
[2025-12-13 22:21:03.498] ServiceContainer: Registered 'ChecklistService' (singleton=True)
[2025-12-13 22:21:03.508] [INFO] Registering NoteService...
[2025-12-13 22:21:03.519] ServiceContainer: Registered 'NoteService' (singleton=True)
[2025-12-13 22:21:03.530] [INFO] Registering ExcelMappingService...
[2025-12-13 22:21:03.541] ServiceContainer: Registered 'ExcelMappingService' (singleton=True)
[2025-12-13 22:21:03.551] [INFO] Registering PreferencesService...
[2025-12-13 22:21:03.564] ServiceContainer: Registered 'PreferencesService' (singleton=True)
[2025-12-13 22:21:03.576] [INFO] Registering screen factories...
[2025-12-13 22:21:03.591] ServiceContainer: Registered 'TaskListScreen' (singleton=False)
[2025-12-13 22:21:03.601] [INFO] Resolving Application from container...
[2025-12-13 22:21:03.619] ServiceContainer: Resolving 'Application'...
[2025-12-13 22:21:03.631] [INFO] Resolving Application...
[2025-12-13 22:21:03.643] ServiceContainer: Resolving 'Theme'...
[2025-12-13 22:21:03.659] [INFO] Resolving Theme: Calling Initialize-PmcThemeSystem...
[2025-12-13 22:21:03.679] [INFO] Theme resolved: #33aaff
[2025-12-13 22:21:03.690] [INFO] Loading PmcThemeEngine...
[2025-12-13 22:21:03.788] [DEBUG] Palette [Text] -> #C2EACF (R=194 G=234 B=207)
[2025-12-13 22:21:03.799] [DEBUG] Palette [Cursor] -> #228844 (R=34 G=136 B=68)
[2025-12-13 22:21:03.810] [DEBUG] Palette [Muted] -> #5C8F6D (R=92 G=143 B=109)
[2025-12-13 22:21:03.824] [DEBUG] Palette [Bright] -> #2CB158 (R=44 G=177 B=88)
[2025-12-13 22:21:03.837] [DEBUG] Palette [Status] -> #5C8F6D (R=92 G=143 B=109)
[2025-12-13 22:21:03.847] [DEBUG] Palette [Highlight] -> #228844 (R=34 G=136 B=68)
[2025-12-13 22:21:03.858] [DEBUG] Palette [Header] -> #228844 (R=34 G=136 B=68)
[2025-12-13 22:21:03.870] [DEBUG] Palette [Success] -> #2CB158 (R=44 G=177 B=88)
[2025-12-13 22:21:03.881] [DEBUG] Palette [Footer] -> #185F30 (R=24 G=95 B=48)
[2025-12-13 22:21:03.892] [DEBUG] Palette [Warning] -> #7FCA14 (R=127 G=202 B=20)
[2025-12-13 22:21:03.908] [DEBUG] Palette [Error] -> #BE2914 (R=190 G=41 B=20)
[2025-12-13 22:21:03.920] [DEBUG] Palette [Primary] -> #228844 (R=34 G=136 B=68)
[2025-12-13 22:21:03.932] [DEBUG] Palette [Label] -> #5C8F6D (R=92 G=143 B=109)
[2025-12-13 22:21:03.941] [DEBUG] Palette [Border] -> #185F30 (R=24 G=95 B=48)
[2025-12-13 22:21:03.960] [INFO] LoadFromConfig: Loaded Properties with 16 items
[2025-12-13 22:21:03.978] [INFO] PmcThemeEngine initialized with PMC palette (14 colors)
[2025-12-13 22:21:03.990] ServiceContainer: Resolved 'Theme' successfully
[2025-12-13 22:21:04.303] ServiceContainer: Resolving 'ThemeManager'...
[2025-12-13 22:21:04.315] [INFO] Resolving ThemeManager...
[2025-12-13 22:21:04.392] ServiceContainer: Resolved 'ThemeManager' successfully
[2025-12-13 22:21:04.409] ServiceContainer: Resolved 'Application' successfully
[2025-12-13 22:21:04.419] [INFO] Application resolved and assigned to $global:PmcApp
[2025-12-13 22:21:04.431] [INFO] Loading menus from manifest...
[2025-12-13 22:21:04.442] ServiceContainer: Resolving 'MenuRegistry'...
[2025-12-13 22:21:04.454] [INFO] Resolving MenuRegistry...
[2025-12-13 22:21:04.472] ServiceContainer: Resolved 'MenuRegistry' successfully
[2025-12-13 22:21:04.497] MenuRegistry: Loaded manifest with 24 entries
[2025-12-13 22:21:04.523] ServiceContainer: Registered 'ThemeEditorScreen' (singleton=False)
[2025-12-13 22:21:04.534] MenuRegistry: Registered screen factory 'ThemeEditorScreen' in container (viewMode=)
[2025-12-13 22:21:04.552] MenuRegistry: Registered 'Theme Editor' in 'Options' menu (hotkey=T order=10)
[2025-12-13 22:21:04.565] ServiceContainer: Registered 'TaskListScreen_Week' (singleton=False)
[2025-12-13 22:21:04.577] MenuRegistry: Registered screen factory 'TaskListScreen_Week' in container (viewMode=week)
[2025-12-13 22:21:04.588] MenuRegistry: Registered 'Week View' in 'Tasks' menu (hotkey=W order=20)
[2025-12-13 22:21:04.599] ServiceContainer: Registered 'ExcelImportScreen' (singleton=False)
[2025-12-13 22:21:04.609] MenuRegistry: Registered screen factory 'ExcelImportScreen' in container (viewMode=)
[2025-12-13 22:21:04.620] MenuRegistry: Registered 'Import from Excel' in 'Projects' menu (hotkey=I order=40)
[2025-12-13 22:21:04.631] ServiceContainer: Registered 'ProjectListScreen' (singleton=False)
[2025-12-13 22:21:04.642] MenuRegistry: Registered screen factory 'ProjectListScreen' in container (viewMode=)
[2025-12-13 22:21:04.654] MenuRegistry: Registered 'Project List' in 'Projects' menu (hotkey=L order=10)
[2025-12-13 22:21:04.666] ServiceContainer: Registered 'TaskListScreen_NextActions' (singleton=False)
[2025-12-13 22:21:04.682] MenuRegistry: Registered screen factory 'TaskListScreen_NextActions' in container (viewMode=nextactions)
[2025-12-13 22:21:04.693] MenuRegistry: Registered 'Next Actions' in 'Tasks' menu (hotkey=N order=35)
[2025-12-13 22:21:04.703] ServiceContainer: Registered 'NotesMenuScreen' (singleton=False)
[2025-12-13 22:21:04.715] MenuRegistry: Registered screen factory 'NotesMenuScreen' in container (viewMode=)
[2025-12-13 22:21:04.726] MenuRegistry: Registered 'Notes' in 'Tools' menu (hotkey=N order=20)
[2025-12-13 22:21:04.737] ServiceContainer: Registered 'TimeReportScreen' (singleton=False)
[2025-12-13 22:21:04.750] MenuRegistry: Registered screen factory 'TimeReportScreen' in container (viewMode=)
[2025-12-13 22:21:04.762] MenuRegistry: Registered 'Time Report' in 'Time' menu (hotkey=R order=20)
[2025-12-13 22:21:04.773] ServiceContainer: Registered 'TaskListScreen_Month' (singleton=False)
[2025-12-13 22:21:04.784] MenuRegistry: Registered screen factory 'TaskListScreen_Month' in container (viewMode=month)
[2025-12-13 22:21:04.796] MenuRegistry: Registered 'Month View' in 'Tasks' menu (hotkey=M order=45)
[2025-12-13 22:21:04.808] ServiceContainer: Registered 'TaskListScreen_NoDate' (singleton=False)
[2025-12-13 22:21:04.819] MenuRegistry: Registered screen factory 'TaskListScreen_NoDate' in container (viewMode=noduedate)
[2025-12-13 22:21:04.830] MenuRegistry: Registered 'No Due Date' in 'Tasks' menu (hotkey=D order=40)
[2025-12-13 22:21:04.841] ServiceContainer: Registered 'TaskListScreen_Upcoming' (singleton=False)
[2025-12-13 22:21:04.851] MenuRegistry: Registered screen factory 'TaskListScreen_Upcoming' in container (viewMode=upcoming)
[2025-12-13 22:21:04.862] MenuRegistry: Registered 'Upcoming' in 'Tasks' menu (hotkey=U order=25)
[2025-12-13 22:21:04.872] ServiceContainer: Registered 'ExcelProfileManagerScreen' (singleton=False)
[2025-12-13 22:21:04.883] MenuRegistry: Registered screen factory 'ExcelProfileManagerScreen' in container (viewMode=)
[2025-12-13 22:21:04.893] MenuRegistry: Registered 'Excel Profiles' in 'Projects' menu (hotkey=M order=50)
[2025-12-13 22:21:04.904] ServiceContainer: Registered 'TaskListScreen_Tomorrow' (singleton=False)
[2025-12-13 22:21:04.917] MenuRegistry: Registered screen factory 'TaskListScreen_Tomorrow' in container (viewMode=tomorrow)
[2025-12-13 22:21:04.929] MenuRegistry: Registered 'Tomorrow' in 'Tasks' menu (hotkey=T order=15)
[2025-12-13 22:21:04.940] ServiceContainer: Registered 'ChecklistTemplatesFolderScreen' (singleton=False)
[2025-12-13 22:21:04.950] MenuRegistry: Registered screen factory 'ChecklistTemplatesFolderScreen' in container (viewMode=)
[2025-12-13 22:21:04.962] MenuRegistry: Registered 'Checklist Templates' in 'Tools' menu (hotkey=H order=30)
[2025-12-13 22:21:04.973] ServiceContainer: Registered 'SettingsScreen' (singleton=False)
[2025-12-13 22:21:04.984] MenuRegistry: Registered screen factory 'SettingsScreen' in container (viewMode=)
[2025-12-13 22:21:04.998] MenuRegistry: Registered 'Settings' in 'Options' menu (hotkey=S order=20)
[2025-12-13 22:21:05.010] ServiceContainer: Registered 'TaskListScreen_Today' (singleton=False)
[2025-12-13 22:21:05.022] MenuRegistry: Registered screen factory 'TaskListScreen_Today' in container (viewMode=today)
[2025-12-13 22:21:05.032] MenuRegistry: Registered 'Today' in 'Tasks' menu (hotkey=Y order=10)
[2025-12-13 22:21:05.044] ServiceContainer: Registered 'WeeklyTimeReportScreen' (singleton=False)
[2025-12-13 22:21:05.054] MenuRegistry: Registered screen factory 'WeeklyTimeReportScreen' in container (viewMode=)
[2025-12-13 22:21:05.064] MenuRegistry: Registered 'Weekly Report' in 'Time' menu (hotkey=W order=10)
[2025-12-13 22:21:05.076] ServiceContainer: Registered 'TaskListScreen_Agenda' (singleton=False)
[2025-12-13 22:21:05.088] MenuRegistry: Registered screen factory 'TaskListScreen_Agenda' in container (viewMode=agenda)
[2025-12-13 22:21:05.099] MenuRegistry: Registered 'Agenda View' in 'Tasks' menu (hotkey=A order=50)
[2025-12-13 22:21:05.111] ServiceContainer: Registered 'TaskListScreen_Default' (singleton=False)
[2025-12-13 22:21:05.121] MenuRegistry: Registered screen factory 'TaskListScreen_Default' in container (viewMode=)
[2025-12-13 22:21:05.133] MenuRegistry: Registered 'Task List' in 'Tasks' menu (hotkey=L order=5)
[2025-12-13 22:21:05.144] ServiceContainer: Registered 'HelpViewScreen' (singleton=False)
[2025-12-13 22:21:05.155] MenuRegistry: Registered screen factory 'HelpViewScreen' in container (viewMode=)
[2025-12-13 22:21:05.168] MenuRegistry: Registered 'Help' in 'Help' menu (hotkey=H order=10)
[2025-12-13 22:21:05.179] ServiceContainer: Registered 'KanbanScreenV2' (singleton=False)
[2025-12-13 22:21:05.189] MenuRegistry: Registered screen factory 'KanbanScreenV2' in container (viewMode=)
[2025-12-13 22:21:05.199] MenuRegistry: Registered 'Kanban Board' in 'Tasks' menu (hotkey=K order=55)
[2025-12-13 22:21:05.212] ServiceContainer: Registered 'CommandLibraryScreen' (singleton=False)
[2025-12-13 22:21:05.224] MenuRegistry: Registered screen factory 'CommandLibraryScreen' in container (viewMode=)
[2025-12-13 22:21:05.234] MenuRegistry: Registered 'Command Library' in 'Tools' menu (hotkey=L order=10)
[2025-12-13 22:21:05.246] ServiceContainer: Registered 'TaskListScreen_Overdue' (singleton=False)
[2025-12-13 22:21:05.257] MenuRegistry: Registered screen factory 'TaskListScreen_Overdue' in container (viewMode=overdue)
[2025-12-13 22:21:05.267] MenuRegistry: Registered 'Overdue' in 'Tasks' menu (hotkey=O order=30)
[2025-12-13 22:21:05.278] ServiceContainer: Registered 'ChecklistsLauncherScreen' (singleton=False)
[2025-12-13 22:21:05.289] MenuRegistry: Registered screen factory 'ChecklistsLauncherScreen' in container (viewMode=)
[2025-12-13 22:21:05.302] MenuRegistry: Registered 'Checklists' in 'Tools' menu (hotkey=C order=25)
[2025-12-13 22:21:05.315] ServiceContainer: Registered 'TimeListScreen' (singleton=False)
[2025-12-13 22:21:05.326] MenuRegistry: Registered screen factory 'TimeListScreen' in container (viewMode=)
[2025-12-13 22:21:05.338] MenuRegistry: Registered 'Time Tracking' in 'Time' menu (hotkey=T order=5)
[2025-12-13 22:21:05.348] [INFO] Menus loaded from C:\Users\jhnhe\OneDrive\Documents\GitHub\project-management-console\og_transport\HYBRID\module\Pmc.Strict\consoleui\screens\MenuItems.psd1
[2025-12-13 22:21:05.359] [INFO] Launching screen: TaskList
[2025-12-13 22:21:05.370] [INFO] Resolving TaskListScreen from container...
[2025-12-13 22:21:05.382] ServiceContainer: Resolving 'TaskListScreen'...
[2025-12-13 22:21:05.394] [INFO] Resolving TaskListScreen...
[2025-12-13 22:21:05.403] ServiceContainer: Resolving 'TaskStore'...
[2025-12-13 22:21:05.415] [INFO] Resolving TaskStore...
[2025-12-13 22:21:05.446] [DEBUG] TaskStore.LoadData: Starting
[2025-12-13 22:21:05.458] [DEBUG] TaskStore.LoadData: Calling Get-PmcData
[2025-12-13 22:21:05.687] [DEBUG] TaskStore.LoadData: Get-PmcData returned - tasks=4 projects=2 timelogs=3
[2025-12-13 22:21:05.706] [DEBUG] TaskStore.LoadData: Loaded 4 tasks
[2025-12-13 22:21:05.720] [DEBUG] TaskStore.LoadData: Loaded 2 projects
[2025-12-13 22:21:05.733] [DEBUG] TaskStore.LoadData: First project name='p1' ID1='111'
[2025-12-13 22:21:05.750] ServiceContainer: Resolved 'TaskStore' successfully
[2025-12-13 22:21:06.236] [DEBUG] PmcScreen.AddContentWidget: Adding UniversalList (Total: 1)
[2025-12-13 22:21:06.272] [DEBUG] TaskListScreen: Constructor started
[2025-12-13 22:21:06.317] _PopulateMenusFromRegistry: Menu 'Tools' has 4 items from registry (array)
[2025-12-13 22:21:06.341] _PopulateMenusFromRegistry: Menu 'Projects' has 3 items from registry (array)
[2025-12-13 22:21:06.354] _PopulateMenusFromRegistry: Menu 'Help' has 1 items from registry (array)
[2025-12-13 22:21:06.369] _PopulateMenusFromRegistry: Menu 'Tasks' has 11 items from registry (array)
[2025-12-13 22:21:06.382] _PopulateMenusFromRegistry: Menu 'Time' has 3 items from registry (array)
[2025-12-13 22:21:06.394] _PopulateMenusFromRegistry: Menu 'Options' has 2 items from registry (array)
[2025-12-13 22:21:06.405] [DEBUG] TaskListScreen: Constructor completed
[2025-12-13 22:21:06.417] ServiceContainer: Resolved 'TaskListScreen' successfully
[2025-12-13 22:21:06.428] [INFO] Pushing screen to app...
[2025-12-13 22:21:06.850] [DEBUG] LoadData: Got 4 tasks from Store
[2025-12-13 22:21:06.931] [DEBUG] TaskListScreen.LoadData: Setting 4 tasks
[2025-12-13 22:21:06.948] [DEBUG] UniversalList.SetData: START
[2025-12-13 22:21:06.991] [DEBUG] UniversalList.SetData: COMPLETE (4 items)
[2025-12-13 22:21:07.134] [INFO] Screen pushed successfully
[2025-12-13 22:21:07.144] [INFO] Starting event loop...
[2025-12-13 22:21:07.626] [DEBUG] PmcScreen: Calling RenderToEngine on UniversalList
[2025-12-13 22:21:09.314] [DEBUG] PmcScreen: Calling RenderToEngine on UniversalList
[2025-12-13 22:21:10.097] [DEBUG] StandardListScreen: Routing to InlineEditor (Key=Tab)
[2025-12-13 22:21:10.110] [DEBUG] StandardListScreen: After HandleInput - IsConfirmed=False IsCancelled=False ShowInlineEditor=True
[2025-12-13 22:21:10.122] [DEBUG] StandardListScreen: After close check - ShowInlineEditor=True
[2025-12-13 22:21:10.301] [DEBUG] PmcScreen: Calling RenderToEngine on UniversalList
[2025-12-13 22:21:12.060] [DEBUG] StandardListScreen: Routing to InlineEditor (Key=Tab)
[2025-12-13 22:21:12.062] [DEBUG] StandardListScreen: After HandleInput - IsConfirmed=False IsCancelled=False ShowInlineEditor=True
[2025-12-13 22:21:12.075] [DEBUG] StandardListScreen: After close check - ShowInlineEditor=True
[2025-12-13 22:21:12.246] [DEBUG] PmcScreen: Calling RenderToEngine on UniversalList
[2025-12-13 22:21:17.019] [DEBUG] StandardListScreen: Routing to InlineEditor (Key=Enter)
[2025-12-13 22:21:17.068] [DEBUG] StandardListScreen: After HandleInput - IsConfirmed=False IsCancelled=False ShowInlineEditor=True
[2025-12-13 22:21:17.080] [DEBUG] StandardListScreen: After close check - ShowInlineEditor=True
[2025-12-13 22:21:17.277] [DEBUG] PmcScreen: Calling RenderToEngine on UniversalList
[2025-12-13 22:21:22.115] [DEBUG] StandardListScreen: Routing to InlineEditor (Key=S)
[2025-12-13 22:21:22.135] [DEBUG] StandardListScreen: After HandleInput - IsConfirmed=False IsCancelled=False ShowInlineEditor=True
[2025-12-13 22:21:22.146] [DEBUG] StandardListScreen: After close check - ShowInlineEditor=True
[2025-12-13 22:21:22.280] [DEBUG] PmcScreen: Calling RenderToEngine on UniversalList
[2025-12-13 23:22:31.872] [INFO] Event loop exited normally
[2025-12-13 23:22:31.876] [INFO] Cleanup - showing cursor and resetting terminal
