[2025-12-09 19:22:49.748] [INFO] Loading PMC module...
[2025-12-09 19:22:50.142] [INFO] PMC module loaded
[2025-12-09 19:22:50.151] [INFO] Loading dependencies (FieldSchemas, etc.)...
[2025-12-09 19:22:50.231] [INFO] Dependencies loaded
[2025-12-09 19:22:50.239] [INFO] Loading SpeedTUI framework...
[2025-12-09 19:22:50.339] [INFO] SpeedTUI framework loaded
[2025-12-09 19:22:50.348] [INFO] Loading PraxisVT (ANSI/VT100 helpers)...
[2025-12-09 19:22:50.362] [INFO] PraxisVT loaded
[2025-12-09 19:22:50.370] [INFO] Loading ClassLoader system...
[2025-12-09 19:22:50.404] [INFO] ClassLoader loaded
[2025-12-09 19:22:50.412] [INFO] Initializing smart class loader...
[2025-12-09 19:22:50.447] [ClassLoader][INFO] Discovered 1 files in theme (priority=5)
[2025-12-09 19:22:50.485] [INFO] Core infrastructure (PmcThemeEngine, PmcLayoutManager, ZIndex, PmcScreen) loaded
[2025-12-09 19:22:50.531] [INFO] Widget base classes (PmcWidget, PmcDialog) loaded
[2025-12-09 19:22:50.557] [ClassLoader][DEBUG] Skipping test file: TestDatePicker.ps1
[2025-12-09 19:22:50.569] [ClassLoader][DEBUG] Skipping test file: TestFilterPanel.ps1
[2025-12-09 19:22:50.579] [ClassLoader][DEBUG] Skipping test file: TestInlineEditor.ps1
[2025-12-09 19:22:50.588] [ClassLoader][DEBUG] Skipping test file: TestProjectPicker.ps1
[2025-12-09 19:22:50.597] [ClassLoader][DEBUG] Skipping test file: TestTagEditor.ps1
[2025-12-09 19:22:50.605] [ClassLoader][DEBUG] Skipping test file: TestTextInput.ps1
[2025-12-09 19:22:50.619] [ClassLoader][DEBUG] Skipping test file: TestUniversalList.ps1
[2025-12-09 19:22:50.627] [ClassLoader][DEBUG] Skipping test file: TestWidgetScreen.ps1
[2025-12-09 19:22:50.640] [ClassLoader][INFO] Discovered 27 files in widgets (priority=20)
[2025-12-09 19:22:50.657] [ClassLoader][INFO] Discovered 4 files in base (priority=30)
[2025-12-09 19:22:50.677] [ClassLoader][INFO] Discovered 8 files in services (priority=40)
[2025-12-09 19:22:50.697] [ClassLoader][INFO] Discovered 9 files in helpers (priority=50)
[2025-12-09 19:22:50.721] [INFO] HelpViewScreen loaded (required by base classes)
[2025-12-09 19:22:50.733] [ClassLoader][INFO] === Starting ClassLoader ===
[2025-12-09 19:22:50.742] [ClassLoader][INFO] Total files queued: 41
[2025-12-09 19:22:50.785] [ClassLoader][INFO] --- Load Pass 1 (41 files remaining) ---
[2025-12-09 19:22:50.803] [ClassLoader][DEBUG] ✓ Loaded: PmcThemeManager.ps1
[2025-12-09 19:22:50.822] [ClassLoader][DEBUG] ✓ Loaded: DatePicker.ps1
[2025-12-09 19:22:50.838] [ClassLoader][DEBUG] ✓ Loaded: FilterPanel.ps1
[2025-12-09 19:22:50.884] [ClassLoader][DEBUG] ✓ Loaded: InlineEditor.ps1
[2025-12-09 19:22:50.901] [ClassLoader][DEBUG] ✓ Loaded: PmcDialog.ps1
[2025-12-09 19:22:50.918] [ClassLoader][DEBUG] ✓ Loaded: PmcFilePicker.ps1
[2025-12-09 19:22:50.934] [ClassLoader][DEBUG] ✓ Loaded: PmcFooter.ps1
[2025-12-09 19:22:50.950] [ClassLoader][DEBUG] ✓ Loaded: PmcHeader.ps1
[2025-12-09 19:22:50.965] [ClassLoader][DEBUG] ✓ Loaded: PmcMenuBar.ps1
[2025-12-09 19:22:50.981] [ClassLoader][DEBUG] ✓ Loaded: PmcPanel.ps1
[2025-12-09 19:22:50.999] [ClassLoader][DEBUG] ✓ Loaded: PmcStatusBar.ps1
[2025-12-09 19:22:51.014] [ClassLoader][DEBUG] ✓ Loaded: PmcWidget.ps1
[2025-12-09 19:22:51.030] [ClassLoader][DEBUG] ✓ Loaded: ProjectPicker.ps1
[2025-12-09 19:22:51.064] [ClassLoader][DEBUG] ✓ Loaded: SimpleFilePicker.ps1
[2025-12-09 19:22:51.080] [ClassLoader][DEBUG] ✓ Loaded: TabPanel.ps1
[2025-12-09 19:22:51.096] [ClassLoader][DEBUG] ✓ Loaded: TagEditor.ps1
[2025-12-09 19:22:51.113] [ClassLoader][DEBUG] ✓ Loaded: TextAreaEditor.ps1
[2025-12-09 19:22:51.130] [ClassLoader][DEBUG] ✓ Loaded: TextInput.ps1
[2025-12-09 19:22:51.146] [ClassLoader][DEBUG] ✓ Loaded: TimeEntryDetailDialog.ps1
[2025-12-09 19:22:51.163] [ClassLoader][DEBUG] ✓ Loaded: UniversalList.ps1
[2025-12-09 19:22:51.186] [ClassLoader][DEBUG] ✓ Loaded: StandardDashboard.ps1
[2025-12-09 19:22:51.203] [ClassLoader][DEBUG] ✓ Loaded: StandardFormScreen.ps1
[2025-12-09 19:22:51.219] [ClassLoader][DEBUG] ✓ Loaded: StandardListScreen.ps1
[2025-12-09 19:22:51.236] [ClassLoader][DEBUG] ✓ Loaded: TabbedScreen.ps1
[2025-12-09 19:22:51.252] [ClassLoader][DEBUG] ✓ Loaded: ChecklistService.ps1
[2025-12-09 19:22:51.268] [ClassLoader][DEBUG] ✓ Loaded: CommandService.ps1
[2025-12-09 19:22:51.285] [ClassLoader][DEBUG] ✓ Loaded: ExcelComReader.ps1
[2025-12-09 19:22:51.301] [ClassLoader][DEBUG] ✓ Loaded: ExcelMappingService.ps1
[2025-12-09 19:22:51.317] [ClassLoader][DEBUG] ✓ Loaded: MenuRegistry.ps1
[2025-12-09 19:22:51.334] [ClassLoader][DEBUG] ✓ Loaded: NoteService.ps1
[2025-12-09 19:22:51.352] [ClassLoader][DEBUG] ✓ Loaded: PreferencesService.ps1
[2025-12-09 19:22:51.368] [ClassLoader][DEBUG] ✓ Loaded: TaskStore.ps1
[2025-12-09 19:22:51.384] [ClassLoader][DEBUG] ✓ Loaded: ConfigCache.ps1
[2025-12-09 19:22:51.400] [ClassLoader][DEBUG] ✓ Loaded: Constants.ps1
[2025-12-09 19:22:51.416] [ClassLoader][DEBUG] ✓ Loaded: DataBindingHelper.ps1
[2025-12-09 19:22:51.432] [ClassLoader][DEBUG] ✓ Loaded: GapBuffer.ps1
[2025-12-09 19:22:51.448] [ClassLoader][DEBUG] ✓ Loaded: LinuxKeyHelper.ps1
[2025-12-09 19:22:51.465] [ClassLoader][DEBUG] ✓ Loaded: ShortcutRegistry.ps1
[2025-12-09 19:22:51.481] [ClassLoader][DEBUG] ✓ Loaded: ThemeHelper.ps1
[2025-12-09 19:22:51.496] [ClassLoader][DEBUG] ✓ Loaded: TypeNormalization.ps1
[2025-12-09 19:22:51.512] [ClassLoader][DEBUG] ✓ Loaded: ValidationHelper.ps1
[2025-12-09 19:22:51.524] [ClassLoader][INFO] === ClassLoader Summary ===
[2025-12-09 19:22:51.534] [ClassLoader][INFO] Total files discovered: 41
[2025-12-09 19:22:51.543] [ClassLoader][INFO] Successfully loaded: 41
[2025-12-09 19:22:51.554] [ClassLoader][INFO] Failed: 0
[2025-12-09 19:22:51.564] [ClassLoader][INFO] Skipped (tests): 8
[2025-12-09 19:22:51.574] [ClassLoader][INFO] Total retries: 0
[2025-12-09 19:22:51.586] [INFO] Smart class loading complete: 41 files loaded, 0 failed, 8 skipped
[2025-12-09 19:22:51.596] [INFO] Loading ServiceContainer...
[2025-12-09 19:22:51.612] [INFO] ServiceContainer loaded
[2025-12-09 19:22:51.621] [INFO] Loading PmcApplication...
[2025-12-09 19:22:51.637] [INFO] PmcApplication loaded
[2025-12-09 19:22:51.647] [INFO] Loading initial screens...
[2025-12-09 19:22:51.719] [INFO] Initial screens loaded (TaskList, ProjectList, ProjectInfoV4)
[2025-12-09 19:22:51.732] [INFO] Starting PMC TUI with screen: TaskList
[2025-12-09 19:22:51.743] [INFO] Cleared stale PmcSharedMenuBar and MenuRegistry singleton
[2025-12-09 19:22:51.752] [INFO] Creating ServiceContainer...
[2025-12-09 19:22:51.761] [INFO] ServiceContainer created
[2025-12-09 19:22:51.770] [INFO] Registering Theme service...
[2025-12-09 19:22:51.780] ServiceContainer: Registered 'Theme' (singleton=True)
[2025-12-09 19:22:51.789] [INFO] Registering ThemeManager...
[2025-12-09 19:22:51.798] ServiceContainer: Registered 'ThemeManager' (singleton=True)
[2025-12-09 19:22:51.808] [INFO] Registering Config service...
[2025-12-09 19:22:51.818] ServiceContainer: Registered 'Config' (singleton=True)
[2025-12-09 19:22:51.827] [INFO] Registering TaskStore service...
[2025-12-09 19:22:51.837] ServiceContainer: Registered 'TaskStore' (singleton=True)
[2025-12-09 19:22:51.846] [INFO] Registering MenuRegistry service...
[2025-12-09 19:22:51.855] ServiceContainer: Registered 'MenuRegistry' (singleton=True)
[2025-12-09 19:22:51.864] [INFO] Registering Application service...
[2025-12-09 19:22:51.873] ServiceContainer: Registered 'Application' (singleton=True)
[2025-12-09 19:22:51.882] [INFO] Registering CommandService...
[2025-12-09 19:22:51.891] ServiceContainer: Registered 'CommandService' (singleton=True)
[2025-12-09 19:22:51.900] [INFO] Registering ChecklistService...
[2025-12-09 19:22:51.909] ServiceContainer: Registered 'ChecklistService' (singleton=True)
[2025-12-09 19:22:51.919] [INFO] Registering NoteService...
[2025-12-09 19:22:51.928] ServiceContainer: Registered 'NoteService' (singleton=True)
[2025-12-09 19:22:51.937] [INFO] Registering ExcelMappingService...
[2025-12-09 19:22:51.947] ServiceContainer: Registered 'ExcelMappingService' (singleton=True)
[2025-12-09 19:22:51.956] [INFO] Registering PreferencesService...
[2025-12-09 19:22:51.969] ServiceContainer: Registered 'PreferencesService' (singleton=True)
[2025-12-09 19:22:51.978] [INFO] Registering screen factories...
[2025-12-09 19:22:51.987] ServiceContainer: Registered 'TaskListScreen' (singleton=False)
[2025-12-09 19:22:51.996] [INFO] Resolving Application from container...
[2025-12-09 19:22:52.005] ServiceContainer: Resolving 'Application'...
[2025-12-09 19:22:52.015] [INFO] Resolving Application...
[2025-12-09 19:22:52.024] ServiceContainer: Resolving 'Theme'...
[2025-12-09 19:22:52.035] [INFO] Resolving Theme: Calling Initialize-PmcThemeSystem...
[2025-12-09 19:22:52.044] [INFO] Theme resolved: #33aaff
[2025-12-09 19:22:52.054] [INFO] Loading PmcThemeEngine...
[2025-12-09 19:22:52.101] [INFO] PmcThemeEngine initialized with PMC palette (14 colors)
[2025-12-09 19:22:52.111] ServiceContainer: Resolved 'Theme' successfully
[2025-12-09 19:22:52.122] ServiceContainer: Resolving 'ThemeManager'...
[2025-12-09 19:22:52.133] [INFO] Resolving ThemeManager...
[2025-12-09 19:22:52.143] ServiceContainer: Resolved 'ThemeManager' successfully
[2025-12-09 19:22:52.153] ServiceContainer: Resolved 'Application' successfully
[2025-12-09 19:22:52.164] [INFO] Application resolved and assigned to $global:PmcApp
[2025-12-09 19:22:52.174] [INFO] Loading menus from manifest...
[2025-12-09 19:22:52.183] ServiceContainer: Resolving 'MenuRegistry'...
[2025-12-09 19:22:52.194] [INFO] Resolving MenuRegistry...
[2025-12-09 19:22:52.204] ServiceContainer: Resolved 'MenuRegistry' successfully
[2025-12-09 19:22:52.217] MenuRegistry: Loaded manifest with 24 entries
[2025-12-09 19:22:52.228] ServiceContainer: Registered 'CommandLibraryScreen' (singleton=False)
[2025-12-09 19:22:52.238] MenuRegistry: Registered screen factory 'CommandLibraryScreen' in container (viewMode=)
[2025-12-09 19:22:52.248] MenuRegistry: Registered 'Command Library' in 'Tools' menu (hotkey=L order=10)
[2025-12-09 19:22:52.258] ServiceContainer: Registered 'TaskListScreen_Overdue' (singleton=False)
[2025-12-09 19:22:52.267] MenuRegistry: Registered screen factory 'TaskListScreen_Overdue' in container (viewMode=overdue)
[2025-12-09 19:22:52.278] MenuRegistry: Registered 'Overdue' in 'Tasks' menu (hotkey=O order=30)
[2025-12-09 19:22:52.288] ServiceContainer: Registered 'HelpViewScreen' (singleton=False)
[2025-12-09 19:22:52.297] MenuRegistry: Registered screen factory 'HelpViewScreen' in container (viewMode=)
[2025-12-09 19:22:52.307] MenuRegistry: Registered 'Help' in 'Help' menu (hotkey=H order=10)
[2025-12-09 19:22:52.317] ServiceContainer: Registered 'ExcelProfileManagerScreen' (singleton=False)
[2025-12-09 19:22:52.327] MenuRegistry: Registered screen factory 'ExcelProfileManagerScreen' in container (viewMode=)
[2025-12-09 19:22:52.337] MenuRegistry: Registered 'Excel Profiles' in 'Projects' menu (hotkey=M order=50)
[2025-12-09 19:22:52.347] ServiceContainer: Registered 'ChecklistsLauncherScreen' (singleton=False)
[2025-12-09 19:22:52.357] MenuRegistry: Registered screen factory 'ChecklistsLauncherScreen' in container (viewMode=)
[2025-12-09 19:22:52.367] MenuRegistry: Registered 'Checklists' in 'Tools' menu (hotkey=C order=25)
[2025-12-09 19:22:52.376] ServiceContainer: Registered 'TaskListScreen_Today' (singleton=False)
[2025-12-09 19:22:52.385] MenuRegistry: Registered screen factory 'TaskListScreen_Today' in container (viewMode=today)
[2025-12-09 19:22:52.394] MenuRegistry: Registered 'Today' in 'Tasks' menu (hotkey=Y order=10)
[2025-12-09 19:22:52.404] ServiceContainer: Registered 'TaskListScreen_NextActions' (singleton=False)
[2025-12-09 19:22:52.413] MenuRegistry: Registered screen factory 'TaskListScreen_NextActions' in container (viewMode=nextactions)
[2025-12-09 19:22:52.422] MenuRegistry: Registered 'Next Actions' in 'Tasks' menu (hotkey=N order=35)
[2025-12-09 19:22:52.431] ServiceContainer: Registered 'KanbanScreenV2' (singleton=False)
[2025-12-09 19:22:52.440] MenuRegistry: Registered screen factory 'KanbanScreenV2' in container (viewMode=)
[2025-12-09 19:22:52.449] MenuRegistry: Registered 'Kanban Board' in 'Tasks' menu (hotkey=K order=55)
[2025-12-09 19:22:52.459] ServiceContainer: Registered 'TaskListScreen_Week' (singleton=False)
[2025-12-09 19:22:52.468] MenuRegistry: Registered screen factory 'TaskListScreen_Week' in container (viewMode=week)
[2025-12-09 19:22:52.477] MenuRegistry: Registered 'Week View' in 'Tasks' menu (hotkey=W order=20)
[2025-12-09 19:22:52.487] ServiceContainer: Registered 'ProjectListScreen' (singleton=False)
[2025-12-09 19:22:52.496] MenuRegistry: Registered screen factory 'ProjectListScreen' in container (viewMode=)
[2025-12-09 19:22:52.505] MenuRegistry: Registered 'Project List' in 'Projects' menu (hotkey=L order=10)
[2025-12-09 19:22:52.515] ServiceContainer: Registered 'TaskListScreen_Default' (singleton=False)
[2025-12-09 19:22:52.524] MenuRegistry: Registered screen factory 'TaskListScreen_Default' in container (viewMode=)
[2025-12-09 19:22:52.533] MenuRegistry: Registered 'Task List' in 'Tasks' menu (hotkey=L order=5)
[2025-12-09 19:22:52.543] ServiceContainer: Registered 'TaskListScreen_Upcoming' (singleton=False)
[2025-12-09 19:22:52.553] MenuRegistry: Registered screen factory 'TaskListScreen_Upcoming' in container (viewMode=upcoming)
[2025-12-09 19:22:52.562] MenuRegistry: Registered 'Upcoming' in 'Tasks' menu (hotkey=U order=25)
[2025-12-09 19:22:52.572] ServiceContainer: Registered 'ThemeEditorScreen' (singleton=False)
[2025-12-09 19:22:52.581] MenuRegistry: Registered screen factory 'ThemeEditorScreen' in container (viewMode=)
[2025-12-09 19:22:52.590] MenuRegistry: Registered 'Theme Editor' in 'Options' menu (hotkey=T order=10)
[2025-12-09 19:22:52.599] ServiceContainer: Registered 'TaskListScreen_Agenda' (singleton=False)
[2025-12-09 19:22:52.609] MenuRegistry: Registered screen factory 'TaskListScreen_Agenda' in container (viewMode=agenda)
[2025-12-09 19:22:52.619] MenuRegistry: Registered 'Agenda View' in 'Tasks' menu (hotkey=A order=50)
[2025-12-09 19:22:52.628] ServiceContainer: Registered 'WeeklyTimeReportScreen' (singleton=False)
[2025-12-09 19:22:52.637] MenuRegistry: Registered screen factory 'WeeklyTimeReportScreen' in container (viewMode=)
[2025-12-09 19:22:52.646] MenuRegistry: Registered 'Weekly Report' in 'Time' menu (hotkey=W order=10)
[2025-12-09 19:22:52.655] ServiceContainer: Registered 'TimeListScreen' (singleton=False)
[2025-12-09 19:22:52.664] MenuRegistry: Registered screen factory 'TimeListScreen' in container (viewMode=)
[2025-12-09 19:22:52.673] MenuRegistry: Registered 'Time Tracking' in 'Time' menu (hotkey=T order=5)
[2025-12-09 19:22:52.682] ServiceContainer: Registered 'NotesMenuScreen' (singleton=False)
[2025-12-09 19:22:52.690] MenuRegistry: Registered screen factory 'NotesMenuScreen' in container (viewMode=)
[2025-12-09 19:22:52.699] MenuRegistry: Registered 'Notes' in 'Tools' menu (hotkey=N order=20)
[2025-12-09 19:22:52.709] ServiceContainer: Registered 'ChecklistTemplatesFolderScreen' (singleton=False)
[2025-12-09 19:22:52.718] MenuRegistry: Registered screen factory 'ChecklistTemplatesFolderScreen' in container (viewMode=)
[2025-12-09 19:22:52.727] MenuRegistry: Registered 'Checklist Templates' in 'Tools' menu (hotkey=H order=30)
[2025-12-09 19:22:52.737] ServiceContainer: Registered 'SettingsScreen' (singleton=False)
[2025-12-09 19:22:52.746] MenuRegistry: Registered screen factory 'SettingsScreen' in container (viewMode=)
[2025-12-09 19:22:52.755] MenuRegistry: Registered 'Settings' in 'Options' menu (hotkey=S order=20)
[2025-12-09 19:22:52.764] ServiceContainer: Registered 'TaskListScreen_Month' (singleton=False)
[2025-12-09 19:22:52.775] MenuRegistry: Registered screen factory 'TaskListScreen_Month' in container (viewMode=month)
[2025-12-09 19:22:52.784] MenuRegistry: Registered 'Month View' in 'Tasks' menu (hotkey=M order=45)
[2025-12-09 19:22:52.793] ServiceContainer: Registered 'TaskListScreen_Tomorrow' (singleton=False)
[2025-12-09 19:22:52.803] MenuRegistry: Registered screen factory 'TaskListScreen_Tomorrow' in container (viewMode=tomorrow)
[2025-12-09 19:22:52.812] MenuRegistry: Registered 'Tomorrow' in 'Tasks' menu (hotkey=T order=15)
[2025-12-09 19:22:52.821] ServiceContainer: Registered 'TaskListScreen_NoDate' (singleton=False)
[2025-12-09 19:22:52.830] MenuRegistry: Registered screen factory 'TaskListScreen_NoDate' in container (viewMode=noduedate)
[2025-12-09 19:22:52.838] MenuRegistry: Registered 'No Due Date' in 'Tasks' menu (hotkey=D order=40)
[2025-12-09 19:22:52.847] ServiceContainer: Registered 'ExcelImportScreen' (singleton=False)
[2025-12-09 19:22:52.856] MenuRegistry: Registered screen factory 'ExcelImportScreen' in container (viewMode=)
[2025-12-09 19:22:52.865] MenuRegistry: Registered 'Import from Excel' in 'Projects' menu (hotkey=I order=40)
[2025-12-09 19:22:52.874] ServiceContainer: Registered 'TimeReportScreen' (singleton=False)
[2025-12-09 19:22:52.884] MenuRegistry: Registered screen factory 'TimeReportScreen' in container (viewMode=)
[2025-12-09 19:22:52.893] MenuRegistry: Registered 'Time Report' in 'Time' menu (hotkey=R order=20)
[2025-12-09 19:22:52.902] [INFO] Menus loaded from C:\Users\jhnhe\OneDrive\Documents\GitHub\project-management-console\og_transport\working\module\Pmc.Strict\consoleui\screens\MenuItems.psd1
[2025-12-09 19:22:52.911] [INFO] Launching screen: TaskList
[2025-12-09 19:22:52.921] [INFO] Resolving TaskListScreen from container...
[2025-12-09 19:22:52.930] ServiceContainer: Resolving 'TaskListScreen'...
[2025-12-09 19:22:52.940] [INFO] Resolving TaskListScreen...
[2025-12-09 19:22:52.949] ServiceContainer: Resolving 'TaskStore'...
[2025-12-09 19:22:52.960] [INFO] Resolving TaskStore...
[2025-12-09 19:22:52.969] ServiceContainer: Resolved 'TaskStore' successfully
[2025-12-09 19:22:52.990] MenuRegistry: Loaded manifest with 24 entries
[2025-12-09 19:22:53.000] MenuRegistry: Registered 'Command Library' in 'Tools' menu (hotkey=L order=10)
[2025-12-09 19:22:53.009] MenuRegistry: Registered 'Overdue' in 'Tasks' menu (hotkey=O order=30)
[2025-12-09 19:22:53.019] MenuRegistry: Registered 'Help' in 'Help' menu (hotkey=H order=10)
[2025-12-09 19:22:53.028] MenuRegistry: Registered 'Excel Profiles' in 'Projects' menu (hotkey=M order=50)
[2025-12-09 19:22:53.038] MenuRegistry: Registered 'Checklists' in 'Tools' menu (hotkey=C order=25)
[2025-12-09 19:22:53.047] MenuRegistry: Registered 'Today' in 'Tasks' menu (hotkey=Y order=10)
[2025-12-09 19:22:53.057] MenuRegistry: Registered 'Next Actions' in 'Tasks' menu (hotkey=N order=35)
[2025-12-09 19:22:53.066] MenuRegistry: Registered 'Kanban Board' in 'Tasks' menu (hotkey=K order=55)
[2025-12-09 19:22:53.075] MenuRegistry: Registered 'Week View' in 'Tasks' menu (hotkey=W order=20)
[2025-12-09 19:22:53.087] MenuRegistry: Registered 'Project List' in 'Projects' menu (hotkey=L order=10)
[2025-12-09 19:22:53.096] MenuRegistry: Registered 'Task List' in 'Tasks' menu (hotkey=L order=5)
[2025-12-09 19:22:53.105] MenuRegistry: Registered 'Upcoming' in 'Tasks' menu (hotkey=U order=25)
[2025-12-09 19:22:53.114] MenuRegistry: Registered 'Theme Editor' in 'Options' menu (hotkey=T order=10)
[2025-12-09 19:22:53.123] MenuRegistry: Registered 'Agenda View' in 'Tasks' menu (hotkey=A order=50)
[2025-12-09 19:22:53.132] MenuRegistry: Registered 'Weekly Report' in 'Time' menu (hotkey=W order=10)
[2025-12-09 19:22:53.142] MenuRegistry: Registered 'Time Tracking' in 'Time' menu (hotkey=T order=5)
[2025-12-09 19:22:53.152] MenuRegistry: Registered 'Notes' in 'Tools' menu (hotkey=N order=20)
[2025-12-09 19:22:53.162] MenuRegistry: Registered 'Checklist Templates' in 'Tools' menu (hotkey=H order=30)
[2025-12-09 19:22:53.171] MenuRegistry: Registered 'Settings' in 'Options' menu (hotkey=S order=20)
[2025-12-09 19:22:53.181] MenuRegistry: Registered 'Month View' in 'Tasks' menu (hotkey=M order=45)
[2025-12-09 19:22:53.190] MenuRegistry: Registered 'Tomorrow' in 'Tasks' menu (hotkey=T order=15)
[2025-12-09 19:22:53.199] MenuRegistry: Registered 'No Due Date' in 'Tasks' menu (hotkey=D order=40)
[2025-12-09 19:22:53.209] MenuRegistry: Registered 'Import from Excel' in 'Projects' menu (hotkey=I order=40)
[2025-12-09 19:22:53.218] MenuRegistry: Registered 'Time Report' in 'Time' menu (hotkey=R order=20)
[2025-12-09 19:22:53.227] _PopulateMenusFromRegistry: Menu 'Options' has 2 items from registry (array)
[2025-12-09 19:22:53.237] _PopulateMenusFromRegistry: Menu 'Projects' has 3 items from registry (array)
[2025-12-09 19:22:53.247] _PopulateMenusFromRegistry: Menu 'Time' has 3 items from registry (array)
[2025-12-09 19:22:53.258] _PopulateMenusFromRegistry: Menu 'Tasks' has 11 items from registry (array)
[2025-12-09 19:22:53.269] _PopulateMenusFromRegistry: Menu 'Tools' has 4 items from registry (array)
[2025-12-09 19:22:53.279] _PopulateMenusFromRegistry: Menu 'Help' has 1 items from registry (array)
[2025-12-09 19:22:53.289] ServiceContainer: Resolved 'TaskListScreen' successfully
[2025-12-09 19:22:53.298] [INFO] Pushing screen to app...
[2025-12-09 19:22:53.307] [RENDER] RequestClear: Terminal cleared + caches invalidated
[2025-12-09 19:22:53.321] [DEBUG] LoadData: Got 1 tasks from Store
[2025-12-09 19:22:53.332] [DEBUG] TaskListScreen.LoadData: Setting 1 tasks
[2025-12-09 19:22:53.341] [INFO] UniversalList.SetData: START, data param type=System.Object[]
[2025-12-09 19:22:53.351] [INFO] UniversalList.SetData: About to assign _data
[2025-12-09 19:22:53.360] [INFO] UniversalList.SetData: _data assigned successfully
[2025-12-09 19:22:53.369] [INFO] UniversalList.SetData: About to check _data type
[2025-12-09 19:22:53.380] [INFO] UniversalList.SetData: _data type=System.Object[]
[2025-12-09 19:22:53.389] [INFO] UniversalList.SetData: About to access _data.Count
[2025-12-09 19:22:53.398] [INFO] UniversalList.SetData: _data.Count=1
[2025-12-09 19:22:53.407] [INFO] UniversalList.SetData: _filteredData assigned
[2025-12-09 19:22:53.417] [INFO] UniversalList.SetData: About to clear _selectedIndices
[2025-12-09 19:22:53.427] [INFO] UniversalList.SetData: _selectedIndices cleared
[2025-12-09 19:22:53.437] [INFO] UniversalList.SetData: Received 1 items
[2025-12-09 19:22:53.447] [INFO] UniversalList.SetData: First item type=Hashtable isHashtable=True
[2025-12-09 19:22:53.457] [INFO] UniversalList.SetData: First item keys: id, completed, details, created, status, tags, modified, text, project, priority
[2025-12-09 19:22:53.466] [INFO] UniversalList.SetData: Incrementing cache generation
[2025-12-09 19:22:53.475] [INFO] UniversalList.SetData: Clearing row cache
[2025-12-09 19:22:53.485] [INFO] UniversalList.SetData: Clearing cache access order
[2025-12-09 19:22:53.494] [INFO] UniversalList.SetData: Applying filters
[2025-12-09 19:22:53.503] [INFO] UniversalList.SetData: Applying search
[2025-12-09 19:22:53.512] [INFO] UniversalList.SetData: Invoking OnDataChanged callback
[2025-12-09 19:22:53.522] [INFO] UniversalList.SetData: COMPLETE
[2025-12-09 19:22:53.531] [RENDER] RequestClear: Terminal cleared + caches invalidated
[2025-12-09 19:22:53.542] [INFO] Screen pushed successfully
[2025-12-09 19:22:53.552] [INFO] Starting event loop...
[2025-12-09 19:22:53.563] [RENDER] BeginFrame #1 - BEFORE clear: composited=0, layered=0
[2025-12-09 19:22:53.573] [RENDER] BeginFrame: Layer data cleared, composited cache still has 0 entries
[2025-12-09 19:22:53.583] [LAYER] BeginLayer(zIndex=50) - Total switches: 1
[2025-12-09 19:22:53.593] [LAYER] WriteAt(2,3,zIndex=50) - stored content (len=32): [38;2;153;102;255mTask List[0m
[2025-12-09 19:22:53.603] [LAYER] WriteAt(2,5,zIndex=50) - stored content (len=39): [38;2;136;136;136mHome → Task List[0m
[2025-12-09 19:22:53.612] [LAYER] BeginLayer(zIndex=10) - Total switches: 2
[2025-12-09 19:22:53.623] [INFO] PadText: text='Task' rawLen=4 visibleLen=4 width=39 align=left
[2025-12-09 19:22:53.632] [INFO] PadText: text='Details' rawLen=7 visibleLen=7 width=27 align=left
[2025-12-09 19:22:53.642] [INFO] PadText: text='Due' rawLen=3 visibleLen=3 width=14 align=left
[2025-12-09 19:22:53.651] [INFO] PadText: text='Project' rawLen=7 visibleLen=7 width=18 align=left
[2025-12-09 19:22:53.660] [INFO] PadText: text='Tags' rawLen=4 visibleLen=4 width=22 align=left
[2025-12-09 19:22:53.670] [INFO] PadText: text='t1' rawLen=2 visibleLen=2 width=39 align=left
[19:22:53.683] PmcScreen.RenderToEngine: RenderContent returned length=3999
[2025-12-09 19:22:53.693] [LAYER] WriteAt(0,3,zIndex=10) - stored content (len=138): [38;2;107;71;178m┌───────────────────────────────...
[2025-12-09 19:22:53.702] [LAYER] WriteAt(2,3,zIndex=10) - stored content (len=30): [38;2;153;102;255m Task List 
[2025-12-09 19:22:53.712] [LAYER] WriteAt(109,3,zIndex=10) - stored content (len=28): [38;2;136;136;136m(1 items)
[2025-12-09 19:22:53.722] [LAYER] WriteAt(0,4,zIndex=10) - stored content (len=19): [38;2;107;71;178m│
[2025-12-09 19:22:53.731] [LAYER] WriteAt(2,4,zIndex=10) - stored content (len=159): [38;2;153;102;255mTask                           ...
[2025-12-09 19:22:53.741] [LAYER] WriteAt(119,4,zIndex=10) - stored content (len=19): [38;2;107;71;178m│
[2025-12-09 19:22:53.757] [LAYER] WriteAt(0,5,zIndex=10) - stored content (len=138): [38;2;107;71;178m│───────────────────────────────...
[2025-12-09 19:22:53.768] [LAYER] WriteAt(0,6,zIndex=10) - stored content (len=7): [0m[K
[2025-12-09 19:22:53.778] [LAYER] WriteAt(0,6,zIndex=10) - stored content (len=19): [38;2;107;71;178m│
[2025-12-09 19:22:53.788] [LAYER] WriteAt(2,6,zIndex=10) - stored content (len=350): [48;2;153;102;255m[38;2;255;255;255mt1          ...
[2025-12-09 19:22:53.798] [LAYER] WriteAt(119,6,zIndex=10) - stored content (len=26): [38;2;107;71;178m│[0m[K
[2025-12-09 19:22:53.808] [LAYER] WriteAt(0,7,zIndex=10) - stored content (len=138): [38;2;107;71;178m│                               ...
[2025-12-09 19:22:53.818] [LAYER] WriteAt(0,8,zIndex=10) - stored content (len=138): [38;2;107;71;178m│                               ...
[2025-12-09 19:22:53.828] [LAYER] WriteAt(0,9,zIndex=10) - stored content (len=138): [38;2;107;71;178m│                               ...
[2025-12-09 19:22:53.837] [LAYER] WriteAt(0,10,zIndex=10) - stored content (len=138): [38;2;107;71;178m│                               ...
[2025-12-09 19:22:53.847] [LAYER] WriteAt(0,11,zIndex=10) - stored content (len=138): [38;2;107;71;178m│                               ...
[2025-12-09 19:22:53.856] [LAYER] WriteAt(0,12,zIndex=10) - stored content (len=138): [38;2;107;71;178m│                               ...
[2025-12-09 19:22:53.866] [LAYER] WriteAt(0,13,zIndex=10) - stored content (len=138): [38;2;107;71;178m│                               ...
[2025-12-09 19:22:53.875] [LAYER] WriteAt(0,14,zIndex=10) - stored content (len=138): [38;2;107;71;178m│                               ...
[2025-12-09 19:22:53.885] [LAYER] WriteAt(0,15,zIndex=10) - stored content (len=138): [38;2;107;71;178m│                               ...
[2025-12-09 19:22:53.894] [LAYER] WriteAt(0,16,zIndex=10) - stored content (len=138): [38;2;107;71;178m│                               ...
[2025-12-09 19:22:53.904] [LAYER] WriteAt(0,17,zIndex=10) - stored content (len=138): [38;2;107;71;178m│                               ...
[2025-12-09 19:22:53.914] [LAYER] WriteAt(0,18,zIndex=10) - stored content (len=138): [38;2;107;71;178m│                               ...
[2025-12-09 19:22:53.924] [LAYER] WriteAt(0,19,zIndex=10) - stored content (len=138): [38;2;107;71;178m│                               ...
[2025-12-09 19:22:53.933] [LAYER] WriteAt(0,20,zIndex=10) - stored content (len=138): [38;2;107;71;178m│                               ...
[2025-12-09 19:22:53.943] [LAYER] WriteAt(0,21,zIndex=10) - stored content (len=138): [38;2;107;71;178m│                               ...
[2025-12-09 19:22:53.952] [LAYER] WriteAt(0,22,zIndex=10) - stored content (len=138): [38;2;107;71;178m│                               ...
[2025-12-09 19:22:53.962] [LAYER] WriteAt(0,23,zIndex=10) - stored content (len=138): [38;2;107;71;178m│                               ...
[2025-12-09 19:22:53.971] [LAYER] WriteAt(0,24,zIndex=10) - stored content (len=19): [38;2;107;71;178m│
[2025-12-09 19:22:53.981] [LAYER] WriteAt(2,24,zIndex=10) - stored content (len=31): [38;2;136;136;136mSelected: t1
[2025-12-09 19:22:53.991] [LAYER] WriteAt(119,24,zIndex=10) - stored content (len=19): [38;2;107;71;178m│
[2025-12-09 19:22:54.001] [LAYER] WriteAt(0,24,zIndex=10) - stored content (len=19): [38;2;107;71;178m│
[2025-12-09 19:22:54.011] [LAYER] WriteAt(2,24,zIndex=10) - stored content (len=130): [38;2;136;136;136m5=Today | 2=Active | S=Subtask ...
[2025-12-09 19:22:54.021] [LAYER] WriteAt(119,24,zIndex=10) - stored content (len=19): [38;2;107;71;178m│
[2025-12-09 19:22:54.031] [LAYER] WriteAt(0,25,zIndex=10) - stored content (len=19): [38;2;107;71;178m│
[2025-12-09 19:22:54.041] [LAYER] WriteAt(2,25,zIndex=10) - stored content (len=38): [38;2;136;136;136mE=Edit | C=Complete
[2025-12-09 19:22:54.051] [LAYER] WriteAt(119,25,zIndex=10) - stored content (len=19): [38;2;107;71;178m│
[2025-12-09 19:22:54.060] [LAYER] WriteAt(0,26,zIndex=10) - stored content (len=142): [38;2;107;71;178m└───────────────────────────────...
[2025-12-09 19:22:54.069] [LAYER] BeginLayer(zIndex=20) - Total switches: 3
[2025-12-09 19:22:54.079] [LAYER] BeginLayer(zIndex=55) - Total switches: 4
[2025-12-09 19:22:54.088] [LAYER] WriteAt(2,28,zIndex=55) - stored content (len=142): [K[38;2;153;102;255mEsc[0m[38;2;136;136;136m: ...
[2025-12-09 19:22:54.098] [LAYER] BeginLayer(zIndex=65) - Total switches: 5
[2025-12-09 19:22:54.107] [LAYER] BeginLayer(zIndex=100) - Total switches: 6
[2025-12-09 19:22:54.117] [LAYER] WriteAt(0,0,zIndex=100) - stored content (len=142): [48;2;107;71;178m                                ...
[2025-12-09 19:22:54.127] [LAYER] WriteAt(0,0,zIndex=100) - stored content (len=199): [48;2;107;71;178m[38;2;241;221;255m Tasks(T) [3...
[2025-12-09 19:22:54.136] [RENDER] EndFrame: Starting - positions=37 layerSwitches=6
[2025-12-09 19:22:54.147] [COMPOSITE] Starting layer composition for 37 positions
[2025-12-09 19:22:54.157] [COMPOSITE] Position 2,3 - 2 layers, maxZ=50, content length=32
[2025-12-09 19:22:54.167] [COMPOSITE] Position 2,3 - NEW, will write
[2025-12-09 19:22:54.176] [COMPOSITE] Position 2,3 - WRITING at (2,3) zIndex=50: [38;2;153;102;255mTask List[0m
[2025-12-09 19:22:54.187] [COMPOSITE] Position 2,5 - 1 layers, maxZ=50, content length=39
[2025-12-09 19:22:54.196] [COMPOSITE] Position 2,5 - NEW, will write
[2025-12-09 19:22:54.205] [COMPOSITE] Position 2,5 - WRITING at (2,5) zIndex=50: [38;2;136;136;136mHome → Task List[0m
[2025-12-09 19:22:54.214] [COMPOSITE] Position 0,3 - 1 layers, maxZ=10, content length=138
[2025-12-09 19:22:54.224] [COMPOSITE] Position 0,3 - NEW, will write
[2025-12-09 19:22:54.233] [COMPOSITE] Position 0,3 - WRITING at (0,3) zIndex=10: [38;2;107;71;178m┌───────────────────────────────...
[2025-12-09 19:22:54.242] [COMPOSITE] Position 109,3 - 1 layers, maxZ=10, content length=28
[2025-12-09 19:22:54.252] [COMPOSITE] Position 109,3 - NEW, will write
[2025-12-09 19:22:54.261] [COMPOSITE] Position 109,3 - WRITING at (109,3) zIndex=10: [38;2;136;136;136m(1 items)
[2025-12-09 19:22:54.270] [COMPOSITE] Position 0,4 - 1 layers, maxZ=10, content length=19
[2025-12-09 19:22:54.280] [COMPOSITE] Position 0,4 - NEW, will write
[2025-12-09 19:22:54.290] [COMPOSITE] Position 0,4 - WRITING at (0,4) zIndex=10: [38;2;107;71;178m│
[2025-12-09 19:22:54.300] [COMPOSITE] Position 2,4 - 1 layers, maxZ=10, content length=159
[2025-12-09 19:22:54.309] [COMPOSITE] Position 2,4 - NEW, will write
[2025-12-09 19:22:54.318] [COMPOSITE] Position 2,4 - WRITING at (2,4) zIndex=10: [38;2;153;102;255mTask                           ...
[2025-12-09 19:22:54.327] [COMPOSITE] Position 119,4 - 1 layers, maxZ=10, content length=19
[2025-12-09 19:22:54.336] [COMPOSITE] Position 119,4 - NEW, will write
[2025-12-09 19:22:54.345] [COMPOSITE] Position 119,4 - WRITING at (119,4) zIndex=10: [38;2;107;71;178m│
[2025-12-09 19:22:54.354] [COMPOSITE] Position 0,5 - 1 layers, maxZ=10, content length=138
[2025-12-09 19:22:54.364] [COMPOSITE] Position 0,5 - NEW, will write
[2025-12-09 19:22:54.373] [COMPOSITE] Position 0,5 - WRITING at (0,5) zIndex=10: [38;2;107;71;178m│───────────────────────────────...
[2025-12-09 19:22:54.382] [COMPOSITE] Position 0,6 - 1 layers, maxZ=10, content length=19
[2025-12-09 19:22:54.392] [COMPOSITE] Position 0,6 - NEW, will write
[2025-12-09 19:22:54.402] [COMPOSITE] Position 0,6 - WRITING at (0,6) zIndex=10: [38;2;107;71;178m│
[2025-12-09 19:22:54.412] [COMPOSITE] Position 2,6 - 1 layers, maxZ=10, content length=350
[2025-12-09 19:22:54.422] [COMPOSITE] Position 2,6 - NEW, will write
[2025-12-09 19:22:54.431] [COMPOSITE] Position 2,6 - WRITING at (2,6) zIndex=10: [48;2;153;102;255m[38;2;255;255;255mt1          ...
[2025-12-09 19:22:54.440] [COMPOSITE] Position 119,6 - 1 layers, maxZ=10, content length=26
[2025-12-09 19:22:54.449] [COMPOSITE] Position 119,6 - NEW, will write
[2025-12-09 19:22:54.458] [COMPOSITE] Position 119,6 - WRITING at (119,6) zIndex=10: [38;2;107;71;178m│[0m[K
[2025-12-09 19:22:54.468] [COMPOSITE] Position 0,7 - 1 layers, maxZ=10, content length=138
[2025-12-09 19:22:54.477] [COMPOSITE] Position 0,7 - NEW, will write
[2025-12-09 19:22:54.486] [COMPOSITE] Position 0,7 - WRITING at (0,7) zIndex=10: [38;2;107;71;178m│                               ...
[2025-12-09 19:22:54.495] [COMPOSITE] Position 0,8 - 1 layers, maxZ=10, content length=138
[2025-12-09 19:22:54.504] [COMPOSITE] Position 0,8 - NEW, will write
[2025-12-09 19:22:54.513] [COMPOSITE] Position 0,8 - WRITING at (0,8) zIndex=10: [38;2;107;71;178m│                               ...
[2025-12-09 19:22:54.523] [COMPOSITE] Position 0,9 - 1 layers, maxZ=10, content length=138
[2025-12-09 19:22:54.533] [COMPOSITE] Position 0,9 - NEW, will write
[2025-12-09 19:22:54.542] [COMPOSITE] Position 0,9 - WRITING at (0,9) zIndex=10: [38;2;107;71;178m│                               ...
[2025-12-09 19:22:54.552] [COMPOSITE] Position 0,10 - 1 layers, maxZ=10, content length=138
[2025-12-09 19:22:54.562] [COMPOSITE] Position 0,10 - NEW, will write
[2025-12-09 19:22:54.572] [COMPOSITE] Position 0,10 - WRITING at (0,10) zIndex=10: [38;2;107;71;178m│                               ...
[2025-12-09 19:22:54.581] [COMPOSITE] Position 0,11 - 1 layers, maxZ=10, content length=138
[2025-12-09 19:22:54.590] [COMPOSITE] Position 0,11 - NEW, will write
[2025-12-09 19:22:54.600] [COMPOSITE] Position 0,11 - WRITING at (0,11) zIndex=10: [38;2;107;71;178m│                               ...
[2025-12-09 19:22:54.609] [COMPOSITE] Position 0,12 - 1 layers, maxZ=10, content length=138
[2025-12-09 19:22:54.618] [COMPOSITE] Position 0,12 - NEW, will write
[2025-12-09 19:22:54.627] [COMPOSITE] Position 0,12 - WRITING at (0,12) zIndex=10: [38;2;107;71;178m│                               ...
[2025-12-09 19:22:54.636] [COMPOSITE] Position 0,13 - 1 layers, maxZ=10, content length=138
[2025-12-09 19:22:54.646] [COMPOSITE] Position 0,13 - NEW, will write
[2025-12-09 19:22:54.657] [COMPOSITE] Position 0,13 - WRITING at (0,13) zIndex=10: [38;2;107;71;178m│                               ...
[2025-12-09 19:22:54.667] [COMPOSITE] Position 0,14 - 1 layers, maxZ=10, content length=138
[2025-12-09 19:22:54.678] [COMPOSITE] Position 0,14 - NEW, will write
[2025-12-09 19:22:54.687] [COMPOSITE] Position 0,14 - WRITING at (0,14) zIndex=10: [38;2;107;71;178m│                               ...
[2025-12-09 19:22:54.697] [COMPOSITE] Position 0,15 - 1 layers, maxZ=10, content length=138
[2025-12-09 19:22:54.706] [COMPOSITE] Position 0,15 - NEW, will write
[2025-12-09 19:22:54.715] [COMPOSITE] Position 0,15 - WRITING at (0,15) zIndex=10: [38;2;107;71;178m│                               ...
[2025-12-09 19:22:54.724] [COMPOSITE] Position 0,16 - 1 layers, maxZ=10, content length=138
[2025-12-09 19:22:54.733] [COMPOSITE] Position 0,16 - NEW, will write
[2025-12-09 19:22:54.742] [COMPOSITE] Position 0,16 - WRITING at (0,16) zIndex=10: [38;2;107;71;178m│                               ...
[2025-12-09 19:22:54.750] [COMPOSITE] Position 0,17 - 1 layers, maxZ=10, content length=138
[2025-12-09 19:22:54.759] [COMPOSITE] Position 0,17 - NEW, will write
[2025-12-09 19:22:54.767] [COMPOSITE] Position 0,17 - WRITING at (0,17) zIndex=10: [38;2;107;71;178m│                               ...
[2025-12-09 19:22:54.776] [COMPOSITE] Position 0,18 - 1 layers, maxZ=10, content length=138
[2025-12-09 19:22:54.785] [COMPOSITE] Position 0,18 - NEW, will write
[2025-12-09 19:22:54.794] [COMPOSITE] Position 0,18 - WRITING at (0,18) zIndex=10: [38;2;107;71;178m│                               ...
[2025-12-09 19:22:54.804] [COMPOSITE] Position 0,19 - 1 layers, maxZ=10, content length=138
[2025-12-09 19:22:54.813] [COMPOSITE] Position 0,19 - NEW, will write
[2025-12-09 19:22:54.822] [COMPOSITE] Position 0,19 - WRITING at (0,19) zIndex=10: [38;2;107;71;178m│                               ...
[2025-12-09 19:22:54.830] [COMPOSITE] Position 0,20 - 1 layers, maxZ=10, content length=138
[2025-12-09 19:22:54.839] [COMPOSITE] Position 0,20 - NEW, will write
[2025-12-09 19:22:54.847] [COMPOSITE] Position 0,20 - WRITING at (0,20) zIndex=10: [38;2;107;71;178m│                               ...
[2025-12-09 19:22:54.856] [COMPOSITE] Position 0,21 - 1 layers, maxZ=10, content length=138
[2025-12-09 19:22:54.865] [COMPOSITE] Position 0,21 - NEW, will write
[2025-12-09 19:22:54.873] [COMPOSITE] Position 0,21 - WRITING at (0,21) zIndex=10: [38;2;107;71;178m│                               ...
[2025-12-09 19:22:54.882] [COMPOSITE] Position 0,22 - 1 layers, maxZ=10, content length=138
[2025-12-09 19:22:54.891] [COMPOSITE] Position 0,22 - NEW, will write
[2025-12-09 19:22:54.899] [COMPOSITE] Position 0,22 - WRITING at (0,22) zIndex=10: [38;2;107;71;178m│                               ...
[2025-12-09 19:22:54.908] [COMPOSITE] Position 0,23 - 1 layers, maxZ=10, content length=138
[2025-12-09 19:22:54.917] [COMPOSITE] Position 0,23 - NEW, will write
[2025-12-09 19:22:54.926] [COMPOSITE] Position 0,23 - WRITING at (0,23) zIndex=10: [38;2;107;71;178m│                               ...
[2025-12-09 19:22:54.935] [COMPOSITE] Position 0,24 - 1 layers, maxZ=10, content length=19
[2025-12-09 19:22:54.944] [COMPOSITE] Position 0,24 - NEW, will write
[2025-12-09 19:22:54.953] [COMPOSITE] Position 0,24 - WRITING at (0,24) zIndex=10: [38;2;107;71;178m│
[2025-12-09 19:22:54.961] [COMPOSITE] Position 2,24 - 1 layers, maxZ=10, content length=130
[2025-12-09 19:22:54.970] [COMPOSITE] Position 2,24 - NEW, will write
[2025-12-09 19:22:54.978] [COMPOSITE] Position 2,24 - WRITING at (2,24) zIndex=10: [38;2;136;136;136m5=Today | 2=Active | S=Subtask ...
[2025-12-09 19:22:54.987] [COMPOSITE] Position 119,24 - 1 layers, maxZ=10, content length=19
[2025-12-09 19:22:54.995] [COMPOSITE] Position 119,24 - NEW, will write
[2025-12-09 19:22:55.004] [COMPOSITE] Position 119,24 - WRITING at (119,24) zIndex=10: [38;2;107;71;178m│
[2025-12-09 19:22:55.012] [COMPOSITE] Position 0,25 - 1 layers, maxZ=10, content length=19
[2025-12-09 19:22:55.021] [COMPOSITE] Position 0,25 - NEW, will write
[2025-12-09 19:22:55.030] [COMPOSITE] Position 0,25 - WRITING at (0,25) zIndex=10: [38;2;107;71;178m│
[2025-12-09 19:22:55.039] [COMPOSITE] Position 2,25 - 1 layers, maxZ=10, content length=38
[2025-12-09 19:22:55.048] [COMPOSITE] Position 2,25 - NEW, will write
[2025-12-09 19:22:55.057] [COMPOSITE] Position 2,25 - WRITING at (2,25) zIndex=10: [38;2;136;136;136mE=Edit | C=Complete
[2025-12-09 19:22:55.066] [COMPOSITE] Position 119,25 - 1 layers, maxZ=10, content length=19
[2025-12-09 19:22:55.074] [COMPOSITE] Position 119,25 - NEW, will write
[2025-12-09 19:22:55.083] [COMPOSITE] Position 119,25 - WRITING at (119,25) zIndex=10: [38;2;107;71;178m│
[2025-12-09 19:22:55.091] [COMPOSITE] Position 0,26 - 1 layers, maxZ=10, content length=142
[2025-12-09 19:22:55.101] [COMPOSITE] Position 0,26 - NEW, will write
[2025-12-09 19:22:55.109] [COMPOSITE] Position 0,26 - WRITING at (0,26) zIndex=10: [38;2;107;71;178m└───────────────────────────────...
[2025-12-09 19:22:55.118] [COMPOSITE] Position 2,28 - 1 layers, maxZ=55, content length=142
[2025-12-09 19:22:55.126] [COMPOSITE] Position 2,28 - NEW, will write
[2025-12-09 19:22:55.135] [COMPOSITE] Position 2,28 - WRITING at (2,28) zIndex=55: [K[38;2;153;102;255mEsc[0m[38;2;136;136;136m: ...
[2025-12-09 19:22:55.144] [COMPOSITE] Position 0,0 - 1 layers, maxZ=100, content length=199
[2025-12-09 19:22:55.152] [COMPOSITE] Position 0,0 - NEW, will write
[2025-12-09 19:22:55.162] [COMPOSITE] Position 0,0 - WRITING at (0,0) zIndex=100: [48;2;107;71;178m[38;2;241;221;255m Tasks(T) [3...
[2025-12-09 19:22:55.171] [COMPOSITE] Finished - positions=37 layers=38 updates=37
[2025-12-09 19:22:55.181] [RENDER] EndFrame: Writing 37 updated cells, frame length=4295
[2025-12-09 19:22:57.844] [INFO] Event loop exited normally
[2025-12-09 19:22:57.855] [INFO] Cleanup - showing cursor and resetting terminal
