[2025-12-13 12:42:32.030] [INFO] Loading PMC module...
[2025-12-13 12:42:33.262] [INFO] PMC module loaded
[2025-12-13 12:42:33.273] [INFO] Loading dependencies (FieldSchemas, etc.)...
[2025-12-13 12:42:33.394] [INFO] Dependencies loaded
[2025-12-13 12:42:33.404] [INFO] Loading SpeedTUI framework...
[2025-12-13 12:42:33.704] [INFO] SpeedTUI framework loaded
[2025-12-13 12:42:33.716] [INFO] Loading PraxisVT...
[2025-12-13 12:42:33.733] [INFO] PraxisVT loaded
[2025-12-13 12:42:33.743] [INFO] Loading core dependencies...
[2025-12-13 12:42:33.809] [INFO] Core dependencies loaded
[2025-12-13 12:42:33.820] [INFO] Loading widget base classes...
[2025-12-13 12:42:33.869] [INFO] Widget base classes loaded
[2025-12-13 12:42:33.880] [INFO] Loading services...
[2025-12-13 12:42:34.026] [INFO] Services loaded
[2025-12-13 12:42:34.038] [INFO] Loading helpers...
[2025-12-13 12:42:34.539] [INFO] Helpers loaded
[2025-12-13 12:42:34.552] [INFO] Loading widgets...
[2025-12-13 12:42:35.096] [INFO] Widgets loaded
[2025-12-13 12:42:35.108] [INFO] Loading screen base class...
[2025-12-13 12:42:35.172] [INFO] Screen base class loaded
[2025-12-13 12:42:35.190] [INFO] Loading HelpViewScreen (needed by base classes)...
[2025-12-13 12:42:35.268] [ERROR] Failed to load HelpViewScreen: At C:\Users\jhnhe\OneDrive\Documents\GitHub\project-management-console\og_transport\HYBRID\module\Pmc.Strict\consoleui\screens\HelpViewScreen.ps1:25 char:1
+ class HelpViewScreen : PmcScreen {
+ ~~~~~~~~~~~~~~~~~~~~~~~~~~~~~~~~~~
Base class 'PmcScreen' does not contain a parameterless constructor.
