[2025-12-14 15:04:11.431] [INFO] Loading PMC module...
[2025-12-14 15:04:16.374] [INFO] PMC module loaded
[2025-12-14 15:04:16.377] [INFO] Loading dependencies (FieldSchemas, etc.)...
[2025-12-14 15:04:16.910] [INFO] Dependencies loaded
[2025-12-14 15:04:16.923] [INFO] Loading SpeedTUI framework...
[2025-12-14 15:04:17.722] [INFO] SpeedTUI framework loaded
[2025-12-14 15:04:17.723] [INFO] Loading PraxisVT...
[2025-12-14 15:04:17.741] [INFO] PraxisVT loaded
[2025-12-14 15:04:17.749] [INFO] Loading core dependencies...
[2025-12-14 15:04:17.942] [INFO] Core dependencies loaded
[2025-12-14 15:04:17.952] [INFO] Loading widget base classes...
[2025-12-14 15:04:18.050] [INFO] Widget base classes loaded
[2025-12-14 15:04:18.059] [INFO] Loading services...
[2025-12-14 15:04:18.593] [INFO] Services loaded
[2025-12-14 15:04:18.602] [INFO] Loading helpers...
[2025-12-14 15:04:20.352] [INFO] Helpers loaded
[2025-12-14 15:04:20.354] [INFO] Loading widgets...
[2025-12-14 15:04:21.868] [INFO] Widgets loaded
[2025-12-14 15:04:21.889] [INFO] Loading screen base class...
[2025-12-14 15:04:21.955] [INFO] Screen base class loaded
[2025-12-14 15:04:21.969] [INFO] Loading HelpViewScreen (needed by base classes)...
[2025-12-14 15:04:22.073] [INFO] HelpViewScreen loaded
[2025-12-14 15:04:22.085] [INFO] Loading base classes...
[2025-12-14 15:04:22.422] [INFO] Base classes loaded
[2025-12-14 15:04:22.432] [INFO] Loading ServiceContainer (needed by screens)...
[2025-12-14 15:04:22.495] [INFO] ServiceContainer loaded
[2025-12-14 15:04:22.505] [INFO] Loading remaining screens...
[2025-12-14 15:04:22.844] [INFO] Remaining screens loaded
[2025-12-14 15:04:22.854] [INFO] Loading PmcApplication...
[2025-12-14 15:04:22.965] [INFO] PmcApplication loaded
[2025-12-14 15:04:22.976] [INFO] All components loaded successfully
[2025-12-14 15:04:23.133] [INFO] Starting PMC TUI with screen: TaskList
[2025-12-14 15:04:23.169] [INFO] Cleared stale PmcSharedMenuBar and MenuRegistry singleton
[2025-12-14 15:04:23.187] [INFO] Creating ServiceContainer...
[2025-12-14 15:04:23.203] [INFO] ServiceContainer created
[2025-12-14 15:04:23.214] [INFO] Registering Theme service...
[2025-12-14 15:04:23.239] ServiceContainer: Registered 'Theme' (singleton=True)
[2025-12-14 15:04:23.269] [INFO] Registering ThemeManager...
[2025-12-14 15:04:23.283] ServiceContainer: Registered 'ThemeManager' (singleton=True)
[2025-12-14 15:04:23.294] [INFO] Registering Config service...
[2025-12-14 15:04:23.309] ServiceContainer: Registered 'Config' (singleton=True)
[2025-12-14 15:04:23.324] [INFO] Registering TaskStore service...
[2025-12-14 15:04:23.345] ServiceContainer: Registered 'TaskStore' (singleton=True)
[2025-12-14 15:04:23.359] [INFO] Registering MenuRegistry service...
[2025-12-14 15:04:23.370] ServiceContainer: Registered 'MenuRegistry' (singleton=True)
[2025-12-14 15:04:23.382] [INFO] Registering Application service...
[2025-12-14 15:04:23.393] ServiceContainer: Registered 'Application' (singleton=True)
[2025-12-14 15:04:23.406] [INFO] Registering CommandService...
[2025-12-14 15:04:23.419] ServiceContainer: Registered 'CommandService' (singleton=True)
[2025-12-14 15:04:23.449] [INFO] Registering ChecklistService...
[2025-12-14 15:04:23.460] ServiceContainer: Registered 'ChecklistService' (singleton=True)
[2025-12-14 15:04:23.474] [INFO] Registering NoteService...
[2025-12-14 15:04:23.490] ServiceContainer: Registered 'NoteService' (singleton=True)
[2025-12-14 15:04:23.502] [INFO] Registering ExcelMappingService...
[2025-12-14 15:04:23.514] ServiceContainer: Registered 'ExcelMappingService' (singleton=True)
[2025-12-14 15:04:23.527] [INFO] Registering PreferencesService...
[2025-12-14 15:04:23.539] ServiceContainer: Registered 'PreferencesService' (singleton=True)
[2025-12-14 15:04:23.557] [INFO] Registering screen factories...
[2025-12-14 15:04:23.588] ServiceContainer: Registered 'TaskListScreen' (singleton=False)
[2025-12-14 15:04:23.599] [INFO] Resolving Application from container...
[2025-12-14 15:04:23.622] ServiceContainer: Resolving 'Application'...
[2025-12-14 15:04:23.650] [INFO] Resolving Application...
[2025-12-14 15:04:23.662] ServiceContainer: Resolving 'Theme'...
[2025-12-14 15:04:23.723] [INFO] Resolving Theme: Calling Initialize-PmcThemeSystem...
[2025-12-14 15:04:23.742] [INFO] Theme resolved: #33aaff
[2025-12-14 15:04:23.753] [INFO] Loading PmcThemeEngine...
[2025-12-14 15:04:23.873] [DEBUG] Palette [Cursor] -> #228844 (R=34 G=136 B=68)
[2025-12-14 15:04:23.886] [DEBUG] Palette [Text] -> #C2EACF (R=194 G=234 B=207)
[2025-12-14 15:04:23.899] [DEBUG] Palette [Highlight] -> #228844 (R=34 G=136 B=68)
[2025-12-14 15:04:23.910] [DEBUG] Palette [Warning] -> #7FCA14 (R=127 G=202 B=20)
[2025-12-14 15:04:23.921] [DEBUG] Palette [Border] -> #185F30 (R=24 G=95 B=48)
[2025-12-14 15:04:23.935] [DEBUG] Palette [Error] -> #BE2914 (R=190 G=41 B=20)
[2025-12-14 15:04:23.946] [DEBUG] Palette [Muted] -> #5C8F6D (R=92 G=143 B=109)
[2025-12-14 15:04:23.957] [DEBUG] Palette [Footer] -> #185F30 (R=24 G=95 B=48)
[2025-12-14 15:04:23.968] [DEBUG] Palette [Header] -> #228844 (R=34 G=136 B=68)
[2025-12-14 15:04:23.979] [DEBUG] Palette [Primary] -> #228844 (R=34 G=136 B=68)
[2025-12-14 15:04:23.992] [DEBUG] Palette [Success] -> #2CB158 (R=44 G=177 B=88)
[2025-12-14 15:04:24.005] [DEBUG] Palette [Label] -> #5C8F6D (R=92 G=143 B=109)
[2025-12-14 15:04:24.034] [DEBUG] Palette [Bright] -> #2CB158 (R=44 G=177 B=88)
[2025-12-14 15:04:24.050] [DEBUG] Palette [Status] -> #5C8F6D (R=92 G=143 B=109)
[2025-12-14 15:04:24.077] [INFO] LoadFromConfig: Loaded Properties with 16 items
[2025-12-14 15:04:24.095] [INFO] PmcThemeEngine initialized with PMC palette (14 colors)
[2025-12-14 15:04:24.112] ServiceContainer: Resolved 'Theme' successfully
[2025-12-14 15:04:24.515] ServiceContainer: Resolving 'ThemeManager'...
[2025-12-14 15:04:24.546] [INFO] Resolving ThemeManager...
[2025-12-14 15:04:24.627] ServiceContainer: Resolved 'ThemeManager' successfully
[2025-12-14 15:04:24.646] ServiceContainer: Resolved 'Application' successfully
[2025-12-14 15:04:24.660] [INFO] Application resolved and assigned to $global:PmcApp
[2025-12-14 15:04:24.672] [INFO] Loading menus from manifest...
[2025-12-14 15:04:24.688] ServiceContainer: Resolving 'MenuRegistry'...
[2025-12-14 15:04:24.718] [INFO] Resolving MenuRegistry...
[2025-12-14 15:04:24.735] ServiceContainer: Resolved 'MenuRegistry' successfully
[2025-12-14 15:04:24.776] MenuRegistry: Loaded manifest with 24 entries
[2025-12-14 15:04:24.807] ServiceContainer: Registered 'TaskListScreen_Overdue' (singleton=False)
[2025-12-14 15:04:24.821] MenuRegistry: Registered screen factory 'TaskListScreen_Overdue' in container (viewMode=overdue)
[2025-12-14 15:04:24.841] MenuRegistry: Registered 'Overdue' in 'Tasks' menu (hotkey=O order=30)
[2025-12-14 15:04:24.853] ServiceContainer: Registered 'ChecklistsLauncherScreen' (singleton=False)
[2025-12-14 15:04:24.865] MenuRegistry: Registered screen factory 'ChecklistsLauncherScreen' in container (viewMode=)
[2025-12-14 15:04:24.878] MenuRegistry: Registered 'Checklists' in 'Tools' menu (hotkey=C order=25)
[2025-12-14 15:04:24.890] ServiceContainer: Registered 'TaskListScreen_Month' (singleton=False)
[2025-12-14 15:04:24.901] MenuRegistry: Registered screen factory 'TaskListScreen_Month' in container (viewMode=month)
[2025-12-14 15:04:24.913] MenuRegistry: Registered 'Month View' in 'Tasks' menu (hotkey=M order=45)
[2025-12-14 15:04:24.924] ServiceContainer: Registered 'TaskListScreen_NoDate' (singleton=False)
[2025-12-14 15:04:24.938] MenuRegistry: Registered screen factory 'TaskListScreen_NoDate' in container (viewMode=noduedate)
[2025-12-14 15:04:24.949] MenuRegistry: Registered 'No Due Date' in 'Tasks' menu (hotkey=D order=40)
[2025-12-14 15:04:24.963] ServiceContainer: Registered 'TaskListScreen_Default' (singleton=False)
[2025-12-14 15:04:24.976] MenuRegistry: Registered screen factory 'TaskListScreen_Default' in container (viewMode=)
[2025-12-14 15:04:24.987] MenuRegistry: Registered 'Task List' in 'Tasks' menu (hotkey=L order=5)
[2025-12-14 15:04:25.000] ServiceContainer: Registered 'ChecklistTemplatesFolderScreen' (singleton=False)
[2025-12-14 15:04:25.016] MenuRegistry: Registered screen factory 'ChecklistTemplatesFolderScreen' in container (viewMode=)
[2025-12-14 15:04:25.028] MenuRegistry: Registered 'Checklist Templates' in 'Tools' menu (hotkey=H order=30)
[2025-12-14 15:04:25.039] ServiceContainer: Registered 'CommandLibraryScreen' (singleton=False)
[2025-12-14 15:04:25.052] MenuRegistry: Registered screen factory 'CommandLibraryScreen' in container (viewMode=)
[2025-12-14 15:04:25.067] MenuRegistry: Registered 'Command Library' in 'Tools' menu (hotkey=L order=10)
[2025-12-14 15:04:25.079] ServiceContainer: Registered 'TimeReportScreen' (singleton=False)
[2025-12-14 15:04:25.091] MenuRegistry: Registered screen factory 'TimeReportScreen' in container (viewMode=)
[2025-12-14 15:04:25.104] MenuRegistry: Registered 'Time Report' in 'Time' menu (hotkey=R order=20)
[2025-12-14 15:04:25.116] ServiceContainer: Registered 'ProjectListScreen' (singleton=False)
[2025-12-14 15:04:25.126] MenuRegistry: Registered screen factory 'ProjectListScreen' in container (viewMode=)
[2025-12-14 15:04:25.138] MenuRegistry: Registered 'Project List' in 'Projects' menu (hotkey=L order=10)
[2025-12-14 15:04:25.149] ServiceContainer: Registered 'KanbanScreenV2' (singleton=False)
[2025-12-14 15:04:25.162] MenuRegistry: Registered screen factory 'KanbanScreenV2' in container (viewMode=)
[2025-12-14 15:04:25.176] MenuRegistry: Registered 'Kanban Board' in 'Tasks' menu (hotkey=K order=55)
[2025-12-14 15:04:25.188] ServiceContainer: Registered 'ExcelImportScreen' (singleton=False)
[2025-12-14 15:04:25.201] MenuRegistry: Registered screen factory 'ExcelImportScreen' in container (viewMode=)
[2025-12-14 15:04:25.212] MenuRegistry: Registered 'Import from Excel' in 'Projects' menu (hotkey=I order=40)
[2025-12-14 15:04:25.223] ServiceContainer: Registered 'TaskListScreen_Upcoming' (singleton=False)
[2025-12-14 15:04:25.234] MenuRegistry: Registered screen factory 'TaskListScreen_Upcoming' in container (viewMode=upcoming)
[2025-12-14 15:04:25.246] MenuRegistry: Registered 'Upcoming' in 'Tasks' menu (hotkey=U order=25)
[2025-12-14 15:04:25.260] ServiceContainer: Registered 'ExcelProfileManagerScreen' (singleton=False)
[2025-12-14 15:04:25.271] MenuRegistry: Registered screen factory 'ExcelProfileManagerScreen' in container (viewMode=)
[2025-12-14 15:04:25.281] MenuRegistry: Registered 'Excel Profiles' in 'Projects' menu (hotkey=M order=50)
[2025-12-14 15:04:25.293] ServiceContainer: Registered 'SettingsScreen' (singleton=False)
[2025-12-14 15:04:25.308] MenuRegistry: Registered screen factory 'SettingsScreen' in container (viewMode=)
[2025-12-14 15:04:25.321] MenuRegistry: Registered 'Settings' in 'Options' menu (hotkey=S order=20)
[2025-12-14 15:04:25.333] ServiceContainer: Registered 'WeeklyTimeReportScreen' (singleton=False)
[2025-12-14 15:04:25.344] MenuRegistry: Registered screen factory 'WeeklyTimeReportScreen' in container (viewMode=)
[2025-12-14 15:04:25.355] MenuRegistry: Registered 'Weekly Report' in 'Time' menu (hotkey=W order=10)
[2025-12-14 15:04:25.367] ServiceContainer: Registered 'TaskListScreen_Week' (singleton=False)
[2025-12-14 15:04:25.383] MenuRegistry: Registered screen factory 'TaskListScreen_Week' in container (viewMode=week)
[2025-12-14 15:04:25.395] MenuRegistry: Registered 'Week View' in 'Tasks' menu (hotkey=W order=20)
[2025-12-14 15:04:25.407] ServiceContainer: Registered 'TaskListScreen_Agenda' (singleton=False)
[2025-12-14 15:04:25.418] MenuRegistry: Registered screen factory 'TaskListScreen_Agenda' in container (viewMode=agenda)
[2025-12-14 15:04:25.433] MenuRegistry: Registered 'Agenda View' in 'Tasks' menu (hotkey=A order=50)
[2025-12-14 15:04:25.446] ServiceContainer: Registered 'NotesMenuScreen' (singleton=False)
[2025-12-14 15:04:25.458] MenuRegistry: Registered screen factory 'NotesMenuScreen' in container (viewMode=)
[2025-12-14 15:04:25.469] MenuRegistry: Registered 'Notes' in 'Tools' menu (hotkey=N order=20)
[2025-12-14 15:04:25.482] ServiceContainer: Registered 'TaskListScreen_Tomorrow' (singleton=False)
[2025-12-14 15:04:25.493] MenuRegistry: Registered screen factory 'TaskListScreen_Tomorrow' in container (viewMode=tomorrow)
[2025-12-14 15:04:25.506] MenuRegistry: Registered 'Tomorrow' in 'Tasks' menu (hotkey=T order=15)
[2025-12-14 15:04:25.516] ServiceContainer: Registered 'TimeListScreen' (singleton=False)
[2025-12-14 15:04:25.532] MenuRegistry: Registered screen factory 'TimeListScreen' in container (viewMode=)
[2025-12-14 15:04:25.544] MenuRegistry: Registered 'Time Tracking' in 'Time' menu (hotkey=T order=5)
[2025-12-14 15:04:25.557] ServiceContainer: Registered 'TaskListScreen_Today' (singleton=False)
[2025-12-14 15:04:25.569] MenuRegistry: Registered screen factory 'TaskListScreen_Today' in container (viewMode=today)
[2025-12-14 15:04:25.581] MenuRegistry: Registered 'Today' in 'Tasks' menu (hotkey=Y order=10)
[2025-12-14 15:04:25.594] ServiceContainer: Registered 'TaskListScreen_NextActions' (singleton=False)
[2025-12-14 15:04:25.605] MenuRegistry: Registered screen factory 'TaskListScreen_NextActions' in container (viewMode=nextactions)
[2025-12-14 15:04:25.616] MenuRegistry: Registered 'Next Actions' in 'Tasks' menu (hotkey=N order=35)
[2025-12-14 15:04:25.628] ServiceContainer: Registered 'HelpViewScreen' (singleton=False)
[2025-12-14 15:04:25.641] MenuRegistry: Registered screen factory 'HelpViewScreen' in container (viewMode=)
[2025-12-14 15:04:25.654] MenuRegistry: Registered 'Help' in 'Help' menu (hotkey=H order=10)
[2025-12-14 15:04:25.666] ServiceContainer: Registered 'ThemeEditorScreen' (singleton=False)
[2025-12-14 15:04:25.679] MenuRegistry: Registered screen factory 'ThemeEditorScreen' in container (viewMode=)
[2025-12-14 15:04:25.693] MenuRegistry: Registered 'Theme Editor' in 'Options' menu (hotkey=T order=10)
[2025-12-14 15:04:25.704] [INFO] Menus loaded from C:\Users\jhnhe\OneDrive\Documents\GitHub\project-management-console\og_transport\HYBRID\module\Pmc.Strict\consoleui\screens\MenuItems.psd1
[2025-12-14 15:04:25.717] [INFO] Launching screen: TaskList
[2025-12-14 15:04:25.729] [INFO] Resolving TaskListScreen from container...
[2025-12-14 15:04:25.742] ServiceContainer: Resolving 'TaskListScreen'...
[2025-12-14 15:04:25.769] [INFO] Resolving TaskListScreen...
[2025-12-14 15:04:25.781] ServiceContainer: Resolving 'TaskStore'...
[2025-12-14 15:04:25.809] [INFO] Resolving TaskStore...
[2025-12-14 15:04:25.842] [DEBUG] TaskStore.LoadData: Starting
[2025-12-14 15:04:25.856] [DEBUG] TaskStore.LoadData: Calling Get-PmcData
[2025-12-14 15:04:26.109] [DEBUG] TaskStore.LoadData: Get-PmcData returned - tasks=2 projects=2 timelogs=3
[2025-12-14 15:04:26.127] [DEBUG] TaskStore.LoadData: Loaded 2 tasks
[2025-12-14 15:04:26.139] [DEBUG] TaskStore.LoadData: Loaded 2 projects
[2025-12-14 15:04:26.155] [DEBUG] TaskStore.LoadData: First project name='p1' ID1='111'
[2025-12-14 15:04:26.176] ServiceContainer: Resolved 'TaskStore' successfully
[2025-12-14 15:04:26.552] [DEBUG] PmcScreen.AddContentWidget: Adding UniversalList (Total: 1)
[2025-12-14 15:04:26.614] [DEBUG] TaskListScreen: Constructor started
[2025-12-14 15:04:26.658] _PopulateMenusFromRegistry: Menu 'Tools' has 4 items from registry (array)
[2025-12-14 15:04:26.687] _PopulateMenusFromRegistry: Menu 'Time' has 3 items from registry (array)
[2025-12-14 15:04:26.700] _PopulateMenusFromRegistry: Menu 'Help' has 1 items from registry (array)
[2025-12-14 15:04:26.713] _PopulateMenusFromRegistry: Menu 'Projects' has 3 items from registry (array)
[2025-12-14 15:04:26.727] _PopulateMenusFromRegistry: Menu 'Tasks' has 11 items from registry (array)
[2025-12-14 15:04:26.742] _PopulateMenusFromRegistry: Menu 'Options' has 2 items from registry (array)
[2025-12-14 15:04:26.755] [DEBUG] TaskListScreen: Constructor completed
[2025-12-14 15:04:26.766] ServiceContainer: Resolved 'TaskListScreen' successfully
[2025-12-14 15:04:26.777] [INFO] Pushing screen to app...
[2025-12-14 15:04:27.231] [DEBUG] LoadData: Got 2 tasks from Store
[2025-12-14 15:04:27.458] [DEBUG] TaskListScreen.LoadData: Setting 2 tasks
[2025-12-14 15:04:27.472] [DEBUG] UniversalList.SetData: START
[2025-12-14 15:04:27.529] [DEBUG] UniversalList.SetData: COMPLETE (2 items)
[2025-12-14 15:04:27.656] [INFO] Screen pushed successfully
[2025-12-14 15:04:27.668] [INFO] Starting event loop...
[2025-12-14 15:04:28.237] [DEBUG] PmcScreen: Calling RenderToEngine on UniversalList
[2025-12-14 15:04:32.369] [DEBUG] PmcScreen: Calling RenderToEngine on UniversalList
[2025-12-14 15:04:37.342] [DEBUG] StandardListScreen: Routing to InlineEditor (Key=Tab)
[2025-12-14 15:04:37.360] [DEBUG] StandardListScreen: After HandleInput - IsConfirmed=False IsCancelled=False ShowInlineEditor=True
[2025-12-14 15:04:37.374] [DEBUG] StandardListScreen: After close check - ShowInlineEditor=True
[2025-12-14 15:04:37.502] [DEBUG] PmcScreen: Calling RenderToEngine on UniversalList
[2025-12-14 15:04:38.044] [DEBUG] StandardListScreen: Routing to InlineEditor (Key=Tab)
[2025-12-14 15:04:38.055] [DEBUG] StandardListScreen: After HandleInput - IsConfirmed=False IsCancelled=False ShowInlineEditor=True
[2025-12-14 15:04:38.069] [DEBUG] StandardListScreen: After close check - ShowInlineEditor=True
[2025-12-14 15:04:38.177] [DEBUG] PmcScreen: Calling RenderToEngine on UniversalList
[2025-12-14 15:04:38.680] [DEBUG] StandardListScreen: Routing to InlineEditor (Key=Enter)
[2025-12-14 15:04:38.730] [DEBUG] StandardListScreen: After HandleInput - IsConfirmed=False IsCancelled=False ShowInlineEditor=True
[2025-12-14 15:04:38.742] [DEBUG] StandardListScreen: After close check - ShowInlineEditor=True
[2025-12-14 15:04:38.931] [INFO] PadText: text='Current: 2025-12-14 Sun' rawLen=23 visibleLen=23 width=22 align=left
[2025-12-14 15:04:38.965] [INFO] PadText: text='Enter: Select' rawLen=13 visibleLen=13 width=22 align=left
[2025-12-14 15:04:38.980] [DEBUG] PmcScreen: Calling RenderToEngine on UniversalList
[2025-12-14 15:04:39.069] [INFO] PadText: text='Current: 2025-12-14 Sun' rawLen=23 visibleLen=23 width=22 align=left
[2025-12-14 15:04:39.085] [INFO] PadText: text='Enter: Select' rawLen=13 visibleLen=13 width=22 align=left
[2025-12-14 15:04:39.187] [INFO] PadText: text='Current: 2025-12-14 Sun' rawLen=23 visibleLen=23 width=22 align=left
[2025-12-14 15:04:39.206] [INFO] PadText: text='Enter: Select' rawLen=13 visibleLen=13 width=22 align=left
[2025-12-14 15:04:39.243] [INFO] PadText: text='Current: 2025-12-14 Sun' rawLen=23 visibleLen=23 width=22 align=left
[2025-12-14 15:04:39.257] [INFO] PadText: text='Enter: Select' rawLen=13 visibleLen=13 width=22 align=left
[2025-12-14 15:04:53.933] [DEBUG] StandardListScreen: Routing to InlineEditor (Key=Escape)
[2025-12-14 15:04:53.944] [DEBUG] StandardListScreen: After HandleInput - IsConfirmed=False IsCancelled=False ShowInlineEditor=True
[2025-12-14 15:04:53.958] [DEBUG] StandardListScreen: After close check - ShowInlineEditor=True
[2025-12-14 15:04:54.056] [DEBUG] PmcScreen: Calling RenderToEngine on UniversalList
[2025-12-14 15:04:54.633] [DEBUG] StandardListScreen: Routing to InlineEditor (Key=Tab)
[2025-12-14 15:04:54.643] [DEBUG] StandardListScreen: After HandleInput - IsConfirmed=False IsCancelled=False ShowInlineEditor=True
[2025-12-14 15:04:54.653] [DEBUG] StandardListScreen: After close check - ShowInlineEditor=True
[2025-12-14 15:04:54.748] [DEBUG] PmcScreen: Calling RenderToEngine on UniversalList
[2025-12-14 15:04:55.765] [DEBUG] StandardListScreen: Routing to InlineEditor (Key=Enter)
[2025-12-14 15:04:55.821] [DEBUG] StandardListScreen: After HandleInput - IsConfirmed=False IsCancelled=False ShowInlineEditor=True
[2025-12-14 15:04:55.835] [DEBUG] StandardListScreen: After close check - ShowInlineEditor=True
[2025-12-14 15:04:56.012] [INFO] PadText: text='Type to filter...' rawLen=17 visibleLen=17 width=56 align=left
[2025-12-14 15:04:56.069] [INFO] PadText: text='Enter=Select | Alt+N=Create' rawLen=27 visibleLen=27 width=56 align=left
[2025-12-14 15:04:56.084] [DEBUG] PmcScreen: Calling RenderToEngine on UniversalList
[2025-12-14 15:04:56.203] [INFO] PadText: text='Type to filter...' rawLen=17 visibleLen=17 width=56 align=left
[2025-12-14 15:04:56.276] [INFO] PadText: text='Enter=Select | Alt+N=Create' rawLen=27 visibleLen=27 width=56 align=left
[2025-12-14 15:04:56.402] [INFO] PadText: text='Type to filter...' rawLen=17 visibleLen=17 width=56 align=left
[2025-12-14 15:04:56.453] [INFO] PadText: text='Enter=Select | Alt+N=Create' rawLen=27 visibleLen=27 width=56 align=left
[2025-12-14 15:04:56.514] [INFO] PadText: text='Type to filter...' rawLen=17 visibleLen=17 width=56 align=left
[2025-12-14 15:04:56.562] [INFO] PadText: text='Enter=Select | Alt+N=Create' rawLen=27 visibleLen=27 width=56 align=left
[2025-12-14 15:23:04.401] [INFO] Event loop exited normally
[2025-12-14 15:23:04.406] [INFO] Cleanup - showing cursor and resetting terminal
