[2025-12-13 21:24:42.927] [INFO] Loading PMC module...
[2025-12-13 21:24:43.974] [INFO] PMC module loaded
[2025-12-13 21:24:43.976] [INFO] Loading dependencies (FieldSchemas, etc.)...
[2025-12-13 21:24:44.140] [INFO] Dependencies loaded
[2025-12-13 21:24:44.144] [INFO] Loading SpeedTUI framework...
[2025-12-13 21:24:44.423] [INFO] SpeedTUI framework loaded
[2025-12-13 21:24:44.433] [INFO] Loading PraxisVT...
[2025-12-13 21:24:44.451] [INFO] PraxisVT loaded
[2025-12-13 21:24:44.461] [INFO] Loading core dependencies...
[2025-12-13 21:24:44.529] [INFO] Core dependencies loaded
[2025-12-13 21:24:44.539] [INFO] Loading widget base classes...
[2025-12-13 21:24:44.591] [INFO] Widget base classes loaded
[2025-12-13 21:24:44.601] [INFO] Loading services...
[2025-12-13 21:24:44.735] [INFO] Services loaded
[2025-12-13 21:24:44.744] [INFO] Loading helpers...
[2025-12-13 21:24:45.257] [INFO] Helpers loaded
[2025-12-13 21:24:45.274] [INFO] Loading widgets...
[2025-12-13 21:24:45.663] [INFO] Widgets loaded
[2025-12-13 21:24:45.664] [INFO] Loading screen base class...
[2025-12-13 21:24:45.692] [INFO] Screen base class loaded
[2025-12-13 21:24:45.703] [INFO] Loading HelpViewScreen (needed by base classes)...
[2025-12-13 21:24:45.735] [INFO] HelpViewScreen loaded
[2025-12-13 21:24:45.746] [INFO] Loading base classes...
[2025-12-13 21:24:45.844] [INFO] Base classes loaded
[2025-12-13 21:24:45.856] [INFO] Loading ServiceContainer (needed by screens)...
[2025-12-13 21:24:45.889] [INFO] ServiceContainer loaded
[2025-12-13 21:24:45.901] [INFO] Loading remaining screens...
[2025-12-13 21:24:46.008] [INFO] Remaining screens loaded
[2025-12-13 21:24:46.022] [INFO] Loading PmcApplication...
[2025-12-13 21:24:46.052] [INFO] PmcApplication loaded
[2025-12-13 21:24:46.063] [INFO] All components loaded successfully
[2025-12-13 21:24:46.083] [INFO] Starting PMC TUI with screen: TaskList
[2025-12-13 21:24:46.100] [INFO] Cleared stale PmcSharedMenuBar and MenuRegistry singleton
[2025-12-13 21:24:46.110] [INFO] Creating ServiceContainer...
[2025-12-13 21:24:46.125] [INFO] ServiceContainer created
[2025-12-13 21:24:46.135] [INFO] Registering Theme service...
[2025-12-13 21:24:46.159] ServiceContainer: Registered 'Theme' (singleton=True)
[2025-12-13 21:24:46.173] [INFO] Registering ThemeManager...
[2025-12-13 21:24:46.184] ServiceContainer: Registered 'ThemeManager' (singleton=True)
[2025-12-13 21:24:46.195] [INFO] Registering Config service...
[2025-12-13 21:24:46.205] ServiceContainer: Registered 'Config' (singleton=True)
[2025-12-13 21:24:46.216] [INFO] Registering TaskStore service...
[2025-12-13 21:24:46.225] ServiceContainer: Registered 'TaskStore' (singleton=True)
[2025-12-13 21:24:46.236] [INFO] Registering MenuRegistry service...
[2025-12-13 21:24:46.248] ServiceContainer: Registered 'MenuRegistry' (singleton=True)
[2025-12-13 21:24:46.258] [INFO] Registering Application service...
[2025-12-13 21:24:46.270] ServiceContainer: Registered 'Application' (singleton=True)
[2025-12-13 21:24:46.283] [INFO] Registering CommandService...
[2025-12-13 21:24:46.296] ServiceContainer: Registered 'CommandService' (singleton=True)
[2025-12-13 21:24:46.312] [INFO] Registering ChecklistService...
[2025-12-13 21:24:46.323] ServiceContainer: Registered 'ChecklistService' (singleton=True)
[2025-12-13 21:24:46.334] [INFO] Registering NoteService...
[2025-12-13 21:24:46.345] ServiceContainer: Registered 'NoteService' (singleton=True)
[2025-12-13 21:24:46.354] [INFO] Registering ExcelMappingService...
[2025-12-13 21:24:46.364] ServiceContainer: Registered 'ExcelMappingService' (singleton=True)
[2025-12-13 21:24:46.376] [INFO] Registering PreferencesService...
[2025-12-13 21:24:46.389] ServiceContainer: Registered 'PreferencesService' (singleton=True)
[2025-12-13 21:24:46.403] [INFO] Registering screen factories...
[2025-12-13 21:24:46.414] ServiceContainer: Registered 'TaskListScreen' (singleton=False)
[2025-12-13 21:24:46.425] [INFO] Resolving Application from container...
[2025-12-13 21:24:46.444] ServiceContainer: Resolving 'Application'...
[2025-12-13 21:24:46.456] [INFO] Resolving Application...
[2025-12-13 21:24:46.469] ServiceContainer: Resolving 'Theme'...
[2025-12-13 21:24:46.484] [INFO] Resolving Theme: Calling Initialize-PmcThemeSystem...
[2025-12-13 21:24:46.501] [INFO] Theme resolved: #33aaff
[2025-12-13 21:24:46.512] [INFO] Loading PmcThemeEngine...
[2025-12-13 21:24:46.605] [DEBUG] Palette [Header] -> #228844 (R=34 G=136 B=68)
[2025-12-13 21:24:46.616] [DEBUG] Palette [Success] -> #2CB158 (R=44 G=177 B=88)
[2025-12-13 21:24:46.626] [DEBUG] Palette [Border] -> #185F30 (R=24 G=95 B=48)
[2025-12-13 21:24:46.637] [DEBUG] Palette [Highlight] -> #228844 (R=34 G=136 B=68)
[2025-12-13 21:24:46.650] [DEBUG] Palette [Bright] -> #2CB158 (R=44 G=177 B=88)
[2025-12-13 21:24:46.659] [DEBUG] Palette [Label] -> #5C8F6D (R=92 G=143 B=109)
[2025-12-13 21:24:46.671] [DEBUG] Palette [Footer] -> #185F30 (R=24 G=95 B=48)
[2025-12-13 21:24:46.682] [DEBUG] Palette [Warning] -> #7FCA14 (R=127 G=202 B=20)
[2025-12-13 21:24:46.691] [DEBUG] Palette [Error] -> #BE2914 (R=190 G=41 B=20)
[2025-12-13 21:24:46.702] [DEBUG] Palette [Text] -> #C2EACF (R=194 G=234 B=207)
[2025-12-13 21:24:46.712] [DEBUG] Palette [Primary] -> #228844 (R=34 G=136 B=68)
[2025-12-13 21:24:46.727] [DEBUG] Palette [Status] -> #5C8F6D (R=92 G=143 B=109)
[2025-12-13 21:24:46.737] [DEBUG] Palette [Cursor] -> #228844 (R=34 G=136 B=68)
[2025-12-13 21:24:46.747] [DEBUG] Palette [Muted] -> #5C8F6D (R=92 G=143 B=109)
[2025-12-13 21:24:46.767] [INFO] LoadFromConfig: Loaded Properties with 16 items
[2025-12-13 21:24:46.788] [INFO] PmcThemeEngine initialized with PMC palette (14 colors)
[2025-12-13 21:24:46.802] ServiceContainer: Resolved 'Theme' successfully
[2025-12-13 21:24:47.147] ServiceContainer: Resolving 'ThemeManager'...
[2025-12-13 21:24:47.159] [INFO] Resolving ThemeManager...
[2025-12-13 21:24:47.235] ServiceContainer: Resolved 'ThemeManager' successfully
[2025-12-13 21:24:47.252] ServiceContainer: Resolved 'Application' successfully
[2025-12-13 21:24:47.267] [INFO] Application resolved and assigned to $global:PmcApp
[2025-12-13 21:24:47.281] [INFO] Loading menus from manifest...
[2025-12-13 21:24:47.294] ServiceContainer: Resolving 'MenuRegistry'...
[2025-12-13 21:24:47.309] [INFO] Resolving MenuRegistry...
[2025-12-13 21:24:47.326] ServiceContainer: Resolved 'MenuRegistry' successfully
[2025-12-13 21:24:47.351] MenuRegistry: Loaded manifest with 24 entries
[2025-12-13 21:24:47.377] ServiceContainer: Registered 'TaskListScreen_Tomorrow' (singleton=False)
[2025-12-13 21:24:47.387] MenuRegistry: Registered screen factory 'TaskListScreen_Tomorrow' in container (viewMode=tomorrow)
[2025-12-13 21:24:47.411] MenuRegistry: Registered 'Tomorrow' in 'Tasks' menu (hotkey=T order=15)
[2025-12-13 21:24:47.424] ServiceContainer: Registered 'TaskListScreen_Today' (singleton=False)
[2025-12-13 21:24:47.434] MenuRegistry: Registered screen factory 'TaskListScreen_Today' in container (viewMode=today)
[2025-12-13 21:24:47.445] MenuRegistry: Registered 'Today' in 'Tasks' menu (hotkey=Y order=10)
[2025-12-13 21:24:47.456] ServiceContainer: Registered 'TaskListScreen_Default' (singleton=False)
[2025-12-13 21:24:47.465] MenuRegistry: Registered screen factory 'TaskListScreen_Default' in container (viewMode=)
[2025-12-13 21:24:47.477] MenuRegistry: Registered 'Task List' in 'Tasks' menu (hotkey=L order=5)
[2025-12-13 21:24:47.487] ServiceContainer: Registered 'CommandLibraryScreen' (singleton=False)
[2025-12-13 21:24:47.498] MenuRegistry: Registered screen factory 'CommandLibraryScreen' in container (viewMode=)
[2025-12-13 21:24:47.510] MenuRegistry: Registered 'Command Library' in 'Tools' menu (hotkey=L order=10)
[2025-12-13 21:24:47.525] ServiceContainer: Registered 'TaskListScreen_NextActions' (singleton=False)
[2025-12-13 21:24:47.535] MenuRegistry: Registered screen factory 'TaskListScreen_NextActions' in container (viewMode=nextactions)
[2025-12-13 21:24:47.552] MenuRegistry: Registered 'Next Actions' in 'Tasks' menu (hotkey=N order=35)
[2025-12-13 21:24:47.564] ServiceContainer: Registered 'TimeReportScreen' (singleton=False)
[2025-12-13 21:24:47.575] MenuRegistry: Registered screen factory 'TimeReportScreen' in container (viewMode=)
[2025-12-13 21:24:47.587] MenuRegistry: Registered 'Time Report' in 'Time' menu (hotkey=R order=20)
[2025-12-13 21:24:47.601] ServiceContainer: Registered 'NotesMenuScreen' (singleton=False)
[2025-12-13 21:24:47.611] MenuRegistry: Registered screen factory 'NotesMenuScreen' in container (viewMode=)
[2025-12-13 21:24:47.624] MenuRegistry: Registered 'Notes' in 'Tools' menu (hotkey=N order=20)
[2025-12-13 21:24:47.635] ServiceContainer: Registered 'TaskListScreen_NoDate' (singleton=False)
[2025-12-13 21:24:47.651] MenuRegistry: Registered screen factory 'TaskListScreen_NoDate' in container (viewMode=noduedate)
[2025-12-13 21:24:47.663] MenuRegistry: Registered 'No Due Date' in 'Tasks' menu (hotkey=D order=40)
[2025-12-13 21:24:47.676] ServiceContainer: Registered 'ChecklistsLauncherScreen' (singleton=False)
[2025-12-13 21:24:47.687] MenuRegistry: Registered screen factory 'ChecklistsLauncherScreen' in container (viewMode=)
[2025-12-13 21:24:47.699] MenuRegistry: Registered 'Checklists' in 'Tools' menu (hotkey=C order=25)
[2025-12-13 21:24:47.711] ServiceContainer: Registered 'HelpViewScreen' (singleton=False)
[2025-12-13 21:24:47.721] MenuRegistry: Registered screen factory 'HelpViewScreen' in container (viewMode=)
[2025-12-13 21:24:47.735] MenuRegistry: Registered 'Help' in 'Help' menu (hotkey=H order=10)
[2025-12-13 21:24:47.746] ServiceContainer: Registered 'ThemeEditorScreen' (singleton=False)
[2025-12-13 21:24:47.757] MenuRegistry: Registered screen factory 'ThemeEditorScreen' in container (viewMode=)
[2025-12-13 21:24:47.771] MenuRegistry: Registered 'Theme Editor' in 'Options' menu (hotkey=T order=10)
[2025-12-13 21:24:47.786] ServiceContainer: Registered 'TaskListScreen_Agenda' (singleton=False)
[2025-12-13 21:24:47.799] MenuRegistry: Registered screen factory 'TaskListScreen_Agenda' in container (viewMode=agenda)
[2025-12-13 21:24:47.811] MenuRegistry: Registered 'Agenda View' in 'Tasks' menu (hotkey=A order=50)
[2025-12-13 21:24:47.822] ServiceContainer: Registered 'KanbanScreenV2' (singleton=False)
[2025-12-13 21:24:47.833] MenuRegistry: Registered screen factory 'KanbanScreenV2' in container (viewMode=)
[2025-12-13 21:24:47.845] MenuRegistry: Registered 'Kanban Board' in 'Tasks' menu (hotkey=K order=55)
[2025-12-13 21:24:47.857] ServiceContainer: Registered 'TimeListScreen' (singleton=False)
[2025-12-13 21:24:47.868] MenuRegistry: Registered screen factory 'TimeListScreen' in container (viewMode=)
[2025-12-13 21:24:47.880] MenuRegistry: Registered 'Time Tracking' in 'Time' menu (hotkey=T order=5)
[2025-12-13 21:24:47.893] ServiceContainer: Registered 'TaskListScreen_Overdue' (singleton=False)
[2025-12-13 21:24:47.905] MenuRegistry: Registered screen factory 'TaskListScreen_Overdue' in container (viewMode=overdue)
[2025-12-13 21:24:47.916] MenuRegistry: Registered 'Overdue' in 'Tasks' menu (hotkey=O order=30)
[2025-12-13 21:24:47.927] ServiceContainer: Registered 'ExcelProfileManagerScreen' (singleton=False)
[2025-12-13 21:24:47.937] MenuRegistry: Registered screen factory 'ExcelProfileManagerScreen' in container (viewMode=)
[2025-12-13 21:24:47.948] MenuRegistry: Registered 'Excel Profiles' in 'Projects' menu (hotkey=M order=50)
[2025-12-13 21:24:47.959] ServiceContainer: Registered 'TaskListScreen_Upcoming' (singleton=False)
[2025-12-13 21:24:47.971] MenuRegistry: Registered screen factory 'TaskListScreen_Upcoming' in container (viewMode=upcoming)
[2025-12-13 21:24:47.983] MenuRegistry: Registered 'Upcoming' in 'Tasks' menu (hotkey=U order=25)
[2025-12-13 21:24:47.994] ServiceContainer: Registered 'ProjectListScreen' (singleton=False)
[2025-12-13 21:24:48.005] MenuRegistry: Registered screen factory 'ProjectListScreen' in container (viewMode=)
[2025-12-13 21:24:48.018] MenuRegistry: Registered 'Project List' in 'Projects' menu (hotkey=L order=10)
[2025-12-13 21:24:48.032] ServiceContainer: Registered 'TaskListScreen_Month' (singleton=False)
[2025-12-13 21:24:48.043] MenuRegistry: Registered screen factory 'TaskListScreen_Month' in container (viewMode=month)
[2025-12-13 21:24:48.056] MenuRegistry: Registered 'Month View' in 'Tasks' menu (hotkey=M order=45)
[2025-12-13 21:24:48.067] ServiceContainer: Registered 'ChecklistTemplatesFolderScreen' (singleton=False)
[2025-12-13 21:24:48.078] MenuRegistry: Registered screen factory 'ChecklistTemplatesFolderScreen' in container (viewMode=)
[2025-12-13 21:24:48.090] MenuRegistry: Registered 'Checklist Templates' in 'Tools' menu (hotkey=H order=30)
[2025-12-13 21:24:48.102] ServiceContainer: Registered 'WeeklyTimeReportScreen' (singleton=False)
[2025-12-13 21:24:48.113] MenuRegistry: Registered screen factory 'WeeklyTimeReportScreen' in container (viewMode=)
[2025-12-13 21:24:48.123] MenuRegistry: Registered 'Weekly Report' in 'Time' menu (hotkey=W order=10)
[2025-12-13 21:24:48.134] ServiceContainer: Registered 'SettingsScreen' (singleton=False)
[2025-12-13 21:24:48.147] MenuRegistry: Registered screen factory 'SettingsScreen' in container (viewMode=)
[2025-12-13 21:24:48.159] MenuRegistry: Registered 'Settings' in 'Options' menu (hotkey=S order=20)
[2025-12-13 21:24:48.170] ServiceContainer: Registered 'TaskListScreen_Week' (singleton=False)
[2025-12-13 21:24:48.180] MenuRegistry: Registered screen factory 'TaskListScreen_Week' in container (viewMode=week)
[2025-12-13 21:24:48.190] MenuRegistry: Registered 'Week View' in 'Tasks' menu (hotkey=W order=20)
[2025-12-13 21:24:48.200] ServiceContainer: Registered 'ExcelImportScreen' (singleton=False)
[2025-12-13 21:24:48.210] MenuRegistry: Registered screen factory 'ExcelImportScreen' in container (viewMode=)
[2025-12-13 21:24:48.220] MenuRegistry: Registered 'Import from Excel' in 'Projects' menu (hotkey=I order=40)
[2025-12-13 21:24:48.231] [INFO] Menus loaded from C:\Users\jhnhe\OneDrive\Documents\GitHub\project-management-console\og_transport\HYBRID\module\Pmc.Strict\consoleui\screens\MenuItems.psd1
[2025-12-13 21:24:48.242] [INFO] Launching screen: TaskList
[2025-12-13 21:24:48.254] [INFO] Resolving TaskListScreen from container...
[2025-12-13 21:24:48.266] ServiceContainer: Resolving 'TaskListScreen'...
[2025-12-13 21:24:48.280] [INFO] Resolving TaskListScreen...
[2025-12-13 21:24:48.293] ServiceContainer: Resolving 'TaskStore'...
[2025-12-13 21:24:48.309] [INFO] Resolving TaskStore...
[2025-12-13 21:24:48.343] [DEBUG] TaskStore.LoadData: Starting
[2025-12-13 21:24:48.354] [DEBUG] TaskStore.LoadData: Calling Get-PmcData
[2025-12-13 21:24:48.596] [DEBUG] TaskStore.LoadData: Get-PmcData returned - tasks=4 projects=2 timelogs=3
[2025-12-13 21:24:48.621] [DEBUG] TaskStore.LoadData: Loaded 4 tasks
[2025-12-13 21:24:48.636] [DEBUG] TaskStore.LoadData: Loaded 2 projects
[2025-12-13 21:24:48.654] [DEBUG] TaskStore.LoadData: First project name='p1' ID1='111'
[2025-12-13 21:24:48.673] ServiceContainer: Resolved 'TaskStore' successfully
[2025-12-13 21:24:49.048] [DEBUG] PmcScreen.AddContentWidget: Adding UniversalList (Total: 1)
[2025-12-13 21:24:49.086] [DEBUG] TaskListScreen: Constructor started
[2025-12-13 21:24:49.132] _PopulateMenusFromRegistry: Menu 'Tasks' has 11 items from registry (array)
[2025-12-13 21:24:49.159] _PopulateMenusFromRegistry: Menu 'Time' has 3 items from registry (array)
[2025-12-13 21:24:49.173] _PopulateMenusFromRegistry: Menu 'Help' has 1 items from registry (array)
[2025-12-13 21:24:49.185] _PopulateMenusFromRegistry: Menu 'Projects' has 3 items from registry (array)
[2025-12-13 21:24:49.199] _PopulateMenusFromRegistry: Menu 'Options' has 2 items from registry (array)
[2025-12-13 21:24:49.213] _PopulateMenusFromRegistry: Menu 'Tools' has 4 items from registry (array)
[2025-12-13 21:24:49.225] [DEBUG] TaskListScreen: Constructor completed
[2025-12-13 21:24:49.236] ServiceContainer: Resolved 'TaskListScreen' successfully
[2025-12-13 21:24:49.247] [INFO] Pushing screen to app...
[2025-12-13 21:24:49.702] [DEBUG] LoadData: Got 4 tasks from Store
[2025-12-13 21:24:49.787] [DEBUG] TaskListScreen.LoadData: Setting 4 tasks
[2025-12-13 21:24:49.801] [DEBUG] UniversalList.SetData: START
[2025-12-13 21:24:49.846] [DEBUG] UniversalList.SetData: COMPLETE (4 items)
[2025-12-13 21:24:49.985] [INFO] Screen pushed successfully
[2025-12-13 21:24:49.995] [INFO] Starting event loop...
[2025-12-13 21:24:50.475] [DEBUG] PmcScreen: Calling RenderToEngine on UniversalList
[2025-12-13 21:24:53.321] [DEBUG] PmcScreen: Calling RenderToEngine on UniversalList
[2025-12-13 21:42:20.399] [INFO] Event loop exited normally
[2025-12-13 21:42:20.404] [INFO] Cleanup - showing cursor and resetting terminal
