[2025-12-14 14:04:03.647] [INFO] Loading PMC module...
[2025-12-14 14:04:05.265] [INFO] PMC module loaded
[2025-12-14 14:04:05.266] [INFO] Loading dependencies (FieldSchemas, etc.)...
[2025-12-14 14:04:05.417] [INFO] Dependencies loaded
[2025-12-14 14:04:05.430] [INFO] Loading SpeedTUI framework...
[2025-12-14 14:04:05.785] [INFO] SpeedTUI framework loaded
[2025-12-14 14:04:05.798] [INFO] Loading PraxisVT...
[2025-12-14 14:04:05.818] [INFO] PraxisVT loaded
[2025-12-14 14:04:05.831] [INFO] Loading core dependencies...
[2025-12-14 14:04:05.908] [INFO] Core dependencies loaded
[2025-12-14 14:04:05.918] [INFO] Loading widget base classes...
[2025-12-14 14:04:05.986] [INFO] Widget base classes loaded
[2025-12-14 14:04:05.998] [INFO] Loading services...
[2025-12-14 14:04:06.178] [INFO] Services loaded
[2025-12-14 14:04:06.188] [INFO] Loading helpers...
[2025-12-14 14:04:06.939] [INFO] Helpers loaded
[2025-12-14 14:04:06.951] [INFO] Loading widgets...
[2025-12-14 14:04:07.457] [INFO] Widgets loaded
[2025-12-14 14:04:07.472] [INFO] Loading screen base class...
[2025-12-14 14:04:07.520] [INFO] Screen base class loaded
[2025-12-14 14:04:07.537] [INFO] Loading HelpViewScreen (needed by base classes)...
[2025-12-14 14:04:07.581] [INFO] HelpViewScreen loaded
[2025-12-14 14:04:07.596] [INFO] Loading base classes...
[2025-12-14 14:04:07.725] [INFO] Base classes loaded
[2025-12-14 14:04:07.739] [INFO] Loading ServiceContainer (needed by screens)...
[2025-12-14 14:04:07.772] [INFO] ServiceContainer loaded
[2025-12-14 14:04:07.783] [INFO] Loading remaining screens...
[2025-12-14 14:04:07.939] [INFO] Remaining screens loaded
[2025-12-14 14:04:07.952] [INFO] Loading PmcApplication...
[2025-12-14 14:04:07.991] [INFO] PmcApplication loaded
[2025-12-14 14:04:08.005] [INFO] All components loaded successfully
[2025-12-14 14:04:08.033] [INFO] Starting PMC TUI with screen: TaskList
[2025-12-14 14:04:08.051] [INFO] Cleared stale PmcSharedMenuBar and MenuRegistry singleton
[2025-12-14 14:04:08.065] [INFO] Creating ServiceContainer...
[2025-12-14 14:04:08.084] [INFO] ServiceContainer created
[2025-12-14 14:04:08.106] [INFO] Registering Theme service...
[2025-12-14 14:04:08.133] ServiceContainer: Registered 'Theme' (singleton=True)
[2025-12-14 14:04:08.148] [INFO] Registering ThemeManager...
[2025-12-14 14:04:08.162] ServiceContainer: Registered 'ThemeManager' (singleton=True)
[2025-12-14 14:04:08.178] [INFO] Registering Config service...
[2025-12-14 14:04:08.194] ServiceContainer: Registered 'Config' (singleton=True)
[2025-12-14 14:04:08.208] [INFO] Registering TaskStore service...
[2025-12-14 14:04:08.221] ServiceContainer: Registered 'TaskStore' (singleton=True)
[2025-12-14 14:04:08.233] [INFO] Registering MenuRegistry service...
[2025-12-14 14:04:08.246] ServiceContainer: Registered 'MenuRegistry' (singleton=True)
[2025-12-14 14:04:08.261] [INFO] Registering Application service...
[2025-12-14 14:04:08.273] ServiceContainer: Registered 'Application' (singleton=True)
[2025-12-14 14:04:08.288] [INFO] Registering CommandService...
[2025-12-14 14:04:08.309] ServiceContainer: Registered 'CommandService' (singleton=True)
[2025-12-14 14:04:08.323] [INFO] Registering ChecklistService...
[2025-12-14 14:04:08.338] ServiceContainer: Registered 'ChecklistService' (singleton=True)
[2025-12-14 14:04:08.353] [INFO] Registering NoteService...
[2025-12-14 14:04:08.371] ServiceContainer: Registered 'NoteService' (singleton=True)
[2025-12-14 14:04:08.394] [INFO] Registering ExcelMappingService...
[2025-12-14 14:04:08.424] ServiceContainer: Registered 'ExcelMappingService' (singleton=True)
[2025-12-14 14:04:08.459] [INFO] Registering PreferencesService...
[2025-12-14 14:04:08.487] ServiceContainer: Registered 'PreferencesService' (singleton=True)
[2025-12-14 14:04:08.549] [INFO] Registering screen factories...
[2025-12-14 14:04:08.702] ServiceContainer: Registered 'TaskListScreen' (singleton=False)
[2025-12-14 14:04:08.720] [INFO] Resolving Application from container...
[2025-12-14 14:04:08.770] ServiceContainer: Resolving 'Application'...
[2025-12-14 14:04:08.818] [INFO] Resolving Application...
[2025-12-14 14:04:08.844] ServiceContainer: Resolving 'Theme'...
[2025-12-14 14:04:08.871] [INFO] Resolving Theme: Calling Initialize-PmcThemeSystem...
[2025-12-14 14:04:08.926] [INFO] Theme resolved: #33aaff
[2025-12-14 14:04:08.962] [INFO] Loading PmcThemeEngine...
[2025-12-14 14:04:09.263] [DEBUG] Palette [Error] -> #BE2914 (R=190 G=41 B=20)
[2025-12-14 14:04:09.285] [DEBUG] Palette [Footer] -> #185F30 (R=24 G=95 B=48)
[2025-12-14 14:04:09.304] [DEBUG] Palette [Border] -> #185F30 (R=24 G=95 B=48)
[2025-12-14 14:04:09.326] [DEBUG] Palette [Muted] -> #5C8F6D (R=92 G=143 B=109)
[2025-12-14 14:04:09.344] [DEBUG] Palette [Success] -> #2CB158 (R=44 G=177 B=88)
[2025-12-14 14:04:09.362] [DEBUG] Palette [Warning] -> #7FCA14 (R=127 G=202 B=20)
[2025-12-14 14:04:09.382] [DEBUG] Palette [Cursor] -> #228844 (R=34 G=136 B=68)
[2025-12-14 14:04:09.400] [DEBUG] Palette [Primary] -> #228844 (R=34 G=136 B=68)
[2025-12-14 14:04:09.420] [DEBUG] Palette [Label] -> #5C8F6D (R=92 G=143 B=109)
[2025-12-14 14:04:09.436] [DEBUG] Palette [Header] -> #228844 (R=34 G=136 B=68)
[2025-12-14 14:04:09.460] [DEBUG] Palette [Text] -> #C2EACF (R=194 G=234 B=207)
[2025-12-14 14:04:09.488] [DEBUG] Palette [Status] -> #5C8F6D (R=92 G=143 B=109)
[2025-12-14 14:04:09.511] [DEBUG] Palette [Bright] -> #2CB158 (R=44 G=177 B=88)
[2025-12-14 14:04:09.536] [DEBUG] Palette [Highlight] -> #228844 (R=34 G=136 B=68)
[2025-12-14 14:04:09.568] [INFO] LoadFromConfig: Loaded Properties with 16 items
[2025-12-14 14:04:09.602] [INFO] PmcThemeEngine initialized with PMC palette (14 colors)
[2025-12-14 14:04:09.625] ServiceContainer: Resolved 'Theme' successfully
[2025-12-14 14:04:09.787] ServiceContainer: Resolving 'ThemeManager'...
[2025-12-14 14:04:09.810] [INFO] Resolving ThemeManager...
[2025-12-14 14:04:09.986] ServiceContainer: Resolved 'ThemeManager' successfully
[2025-12-14 14:04:10.015] ServiceContainer: Resolved 'Application' successfully
[2025-12-14 14:04:10.036] [INFO] Application resolved and assigned to $global:PmcApp
[2025-12-14 14:04:10.054] [INFO] Loading menus from manifest...
[2025-12-14 14:04:10.072] ServiceContainer: Resolving 'MenuRegistry'...
[2025-12-14 14:04:10.095] [INFO] Resolving MenuRegistry...
[2025-12-14 14:04:10.120] ServiceContainer: Resolved 'MenuRegistry' successfully
[2025-12-14 14:04:10.157] MenuRegistry: Loaded manifest with 24 entries
[2025-12-14 14:04:10.196] ServiceContainer: Registered 'TaskListScreen_Agenda' (singleton=False)
[2025-12-14 14:04:10.212] MenuRegistry: Registered screen factory 'TaskListScreen_Agenda' in container (viewMode=agenda)
[2025-12-14 14:04:10.242] MenuRegistry: Registered 'Agenda View' in 'Tasks' menu (hotkey=A order=50)
[2025-12-14 14:04:10.261] ServiceContainer: Registered 'TaskListScreen_NextActions' (singleton=False)
[2025-12-14 14:04:10.279] MenuRegistry: Registered screen factory 'TaskListScreen_NextActions' in container (viewMode=nextactions)
[2025-12-14 14:04:10.297] MenuRegistry: Registered 'Next Actions' in 'Tasks' menu (hotkey=N order=35)
[2025-12-14 14:04:10.326] ServiceContainer: Registered 'NotesMenuScreen' (singleton=False)
[2025-12-14 14:04:10.368] MenuRegistry: Registered screen factory 'NotesMenuScreen' in container (viewMode=)
[2025-12-14 14:04:10.397] MenuRegistry: Registered 'Notes' in 'Tools' menu (hotkey=N order=20)
[2025-12-14 14:04:10.431] ServiceContainer: Registered 'TimeListScreen' (singleton=False)
[2025-12-14 14:04:10.458] MenuRegistry: Registered screen factory 'TimeListScreen' in container (viewMode=)
[2025-12-14 14:04:10.492] MenuRegistry: Registered 'Time Tracking' in 'Time' menu (hotkey=T order=5)
[2025-12-14 14:04:10.515] ServiceContainer: Registered 'TaskListScreen_NoDate' (singleton=False)
[2025-12-14 14:04:10.536] MenuRegistry: Registered screen factory 'TaskListScreen_NoDate' in container (viewMode=noduedate)
[2025-12-14 14:04:10.561] MenuRegistry: Registered 'No Due Date' in 'Tasks' menu (hotkey=D order=40)
[2025-12-14 14:04:10.585] ServiceContainer: Registered 'TaskListScreen_Upcoming' (singleton=False)
[2025-12-14 14:04:10.623] MenuRegistry: Registered screen factory 'TaskListScreen_Upcoming' in container (viewMode=upcoming)
[2025-12-14 14:04:10.671] MenuRegistry: Registered 'Upcoming' in 'Tasks' menu (hotkey=U order=25)
[2025-12-14 14:04:10.697] ServiceContainer: Registered 'SettingsScreen' (singleton=False)
[2025-12-14 14:04:10.719] MenuRegistry: Registered screen factory 'SettingsScreen' in container (viewMode=)
[2025-12-14 14:04:10.739] MenuRegistry: Registered 'Settings' in 'Options' menu (hotkey=S order=20)
[2025-12-14 14:04:10.755] ServiceContainer: Registered 'WeeklyTimeReportScreen' (singleton=False)
[2025-12-14 14:04:10.776] MenuRegistry: Registered screen factory 'WeeklyTimeReportScreen' in container (viewMode=)
[2025-12-14 14:04:10.795] MenuRegistry: Registered 'Weekly Report' in 'Time' menu (hotkey=W order=10)
[2025-12-14 14:04:10.812] ServiceContainer: Registered 'TimeReportScreen' (singleton=False)
[2025-12-14 14:04:10.829] MenuRegistry: Registered screen factory 'TimeReportScreen' in container (viewMode=)
[2025-12-14 14:04:10.845] MenuRegistry: Registered 'Time Report' in 'Time' menu (hotkey=R order=20)
[2025-12-14 14:04:10.868] ServiceContainer: Registered 'ProjectListScreen' (singleton=False)
[2025-12-14 14:04:10.885] MenuRegistry: Registered screen factory 'ProjectListScreen' in container (viewMode=)
[2025-12-14 14:04:10.909] MenuRegistry: Registered 'Project List' in 'Projects' menu (hotkey=L order=10)
[2025-12-14 14:04:10.931] ServiceContainer: Registered 'TaskListScreen_Week' (singleton=False)
[2025-12-14 14:04:10.960] MenuRegistry: Registered screen factory 'TaskListScreen_Week' in container (viewMode=week)
[2025-12-14 14:04:10.988] MenuRegistry: Registered 'Week View' in 'Tasks' menu (hotkey=W order=20)
[2025-12-14 14:04:11.010] ServiceContainer: Registered 'TaskListScreen_Today' (singleton=False)
[2025-12-14 14:04:11.032] MenuRegistry: Registered screen factory 'TaskListScreen_Today' in container (viewMode=today)
[2025-12-14 14:04:11.057] MenuRegistry: Registered 'Today' in 'Tasks' menu (hotkey=Y order=10)
[2025-12-14 14:04:11.082] ServiceContainer: Registered 'ThemeEditorScreen' (singleton=False)
[2025-12-14 14:04:11.102] MenuRegistry: Registered screen factory 'ThemeEditorScreen' in container (viewMode=)
[2025-12-14 14:04:11.138] MenuRegistry: Registered 'Theme Editor' in 'Options' menu (hotkey=T order=10)
[2025-12-14 14:04:11.173] ServiceContainer: Registered 'TaskListScreen_Tomorrow' (singleton=False)
[2025-12-14 14:04:11.200] MenuRegistry: Registered screen factory 'TaskListScreen_Tomorrow' in container (viewMode=tomorrow)
[2025-12-14 14:04:11.219] MenuRegistry: Registered 'Tomorrow' in 'Tasks' menu (hotkey=T order=15)
[2025-12-14 14:04:11.238] ServiceContainer: Registered 'TaskListScreen_Month' (singleton=False)
[2025-12-14 14:04:11.254] MenuRegistry: Registered screen factory 'TaskListScreen_Month' in container (viewMode=month)
[2025-12-14 14:04:11.276] MenuRegistry: Registered 'Month View' in 'Tasks' menu (hotkey=M order=45)
[2025-12-14 14:04:11.300] ServiceContainer: Registered 'ChecklistsLauncherScreen' (singleton=False)
[2025-12-14 14:04:11.318] MenuRegistry: Registered screen factory 'ChecklistsLauncherScreen' in container (viewMode=)
[2025-12-14 14:04:11.346] MenuRegistry: Registered 'Checklists' in 'Tools' menu (hotkey=C order=25)
[2025-12-14 14:04:11.372] ServiceContainer: Registered 'TaskListScreen_Overdue' (singleton=False)
[2025-12-14 14:04:11.391] MenuRegistry: Registered screen factory 'TaskListScreen_Overdue' in container (viewMode=overdue)
[2025-12-14 14:04:11.415] MenuRegistry: Registered 'Overdue' in 'Tasks' menu (hotkey=O order=30)
[2025-12-14 14:04:11.431] ServiceContainer: Registered 'ChecklistTemplatesFolderScreen' (singleton=False)
[2025-12-14 14:04:11.450] MenuRegistry: Registered screen factory 'ChecklistTemplatesFolderScreen' in container (viewMode=)
[2025-12-14 14:04:11.469] MenuRegistry: Registered 'Checklist Templates' in 'Tools' menu (hotkey=H order=30)
[2025-12-14 14:04:11.487] ServiceContainer: Registered 'TaskListScreen_Default' (singleton=False)
[2025-12-14 14:04:11.503] MenuRegistry: Registered screen factory 'TaskListScreen_Default' in container (viewMode=)
[2025-12-14 14:04:11.523] MenuRegistry: Registered 'Task List' in 'Tasks' menu (hotkey=L order=5)
[2025-12-14 14:04:11.539] ServiceContainer: Registered 'ExcelProfileManagerScreen' (singleton=False)
[2025-12-14 14:04:11.558] MenuRegistry: Registered screen factory 'ExcelProfileManagerScreen' in container (viewMode=)
[2025-12-14 14:04:11.578] MenuRegistry: Registered 'Excel Profiles' in 'Projects' menu (hotkey=M order=50)
[2025-12-14 14:04:11.612] ServiceContainer: Registered 'HelpViewScreen' (singleton=False)
[2025-12-14 14:04:11.639] MenuRegistry: Registered screen factory 'HelpViewScreen' in container (viewMode=)
[2025-12-14 14:04:11.667] MenuRegistry: Registered 'Help' in 'Help' menu (hotkey=H order=10)
[2025-12-14 14:04:11.686] ServiceContainer: Registered 'KanbanScreenV2' (singleton=False)
[2025-12-14 14:04:11.707] MenuRegistry: Registered screen factory 'KanbanScreenV2' in container (viewMode=)
[2025-12-14 14:04:11.737] MenuRegistry: Registered 'Kanban Board' in 'Tasks' menu (hotkey=K order=55)
[2025-12-14 14:04:11.765] ServiceContainer: Registered 'ExcelImportScreen' (singleton=False)
[2025-12-14 14:04:11.782] MenuRegistry: Registered screen factory 'ExcelImportScreen' in container (viewMode=)
[2025-12-14 14:04:11.803] MenuRegistry: Registered 'Import from Excel' in 'Projects' menu (hotkey=I order=40)
[2025-12-14 14:04:11.825] ServiceContainer: Registered 'CommandLibraryScreen' (singleton=False)
[2025-12-14 14:04:11.845] MenuRegistry: Registered screen factory 'CommandLibraryScreen' in container (viewMode=)
[2025-12-14 14:04:11.868] MenuRegistry: Registered 'Command Library' in 'Tools' menu (hotkey=L order=10)
[2025-12-14 14:04:11.900] [INFO] Menus loaded from C:\Users\jhnhe\OneDrive\Documents\GitHub\project-management-console\og_transport\HYBRID\module\Pmc.Strict\consoleui\screens\MenuItems.psd1
[2025-12-14 14:04:11.924] [INFO] Launching screen: TaskList
[2025-12-14 14:04:11.947] [INFO] Resolving TaskListScreen from container...
[2025-12-14 14:04:11.975] ServiceContainer: Resolving 'TaskListScreen'...
[2025-12-14 14:04:11.999] [INFO] Resolving TaskListScreen...
[2025-12-14 14:04:12.029] ServiceContainer: Resolving 'TaskStore'...
[2025-12-14 14:04:12.057] [INFO] Resolving TaskStore...
[2025-12-14 14:04:12.108] [DEBUG] TaskStore.LoadData: Starting
[2025-12-14 14:04:12.133] [DEBUG] TaskStore.LoadData: Calling Get-PmcData
[2025-12-14 14:04:12.584] [DEBUG] TaskStore.LoadData: Get-PmcData returned - tasks=3 projects=2 timelogs=3
[2025-12-14 14:04:12.625] [DEBUG] TaskStore.LoadData: Loaded 3 tasks
[2025-12-14 14:04:12.650] [DEBUG] TaskStore.LoadData: Loaded 2 projects
[2025-12-14 14:04:12.681] [DEBUG] TaskStore.LoadData: First project name='p1' ID1='111'
[2025-12-14 14:04:12.725] ServiceContainer: Resolved 'TaskStore' successfully
[2025-12-14 14:04:14.521] [DEBUG] PmcScreen.AddContentWidget: Adding UniversalList (Total: 1)
[2025-12-14 14:04:14.673] [DEBUG] TaskListScreen: Constructor started
[2025-12-14 14:04:14.794] _PopulateMenusFromRegistry: Menu 'Options' has 2 items from registry (array)
[2025-12-14 14:04:14.842] _PopulateMenusFromRegistry: Menu 'Time' has 3 items from registry (array)
[2025-12-14 14:04:14.878] _PopulateMenusFromRegistry: Menu 'Tasks' has 11 items from registry (array)
[2025-12-14 14:04:14.906] _PopulateMenusFromRegistry: Menu 'Tools' has 4 items from registry (array)
[2025-12-14 14:04:14.932] _PopulateMenusFromRegistry: Menu 'Help' has 1 items from registry (array)
[2025-12-14 14:04:14.965] _PopulateMenusFromRegistry: Menu 'Projects' has 3 items from registry (array)
[2025-12-14 14:04:14.990] [DEBUG] TaskListScreen: Constructor completed
[2025-12-14 14:04:15.013] ServiceContainer: Resolved 'TaskListScreen' successfully
[2025-12-14 14:04:15.042] [INFO] Pushing screen to app...
[2025-12-14 14:04:16.013] [DEBUG] LoadData: Got 3 tasks from Store
[2025-12-14 14:04:16.113] [DEBUG] TaskListScreen.LoadData: Setting 3 tasks
[2025-12-14 14:04:16.139] [DEBUG] UniversalList.SetData: START
[2025-12-14 14:04:16.221] [DEBUG] UniversalList.SetData: COMPLETE (3 items)
[2025-12-14 14:04:16.565] [INFO] Screen pushed successfully
[2025-12-14 14:04:16.638] [INFO] Starting event loop...
[2025-12-14 14:04:16.862] [DEBUG] SaveData: Calling Save-PmcData with tasks=2 projects=2 timelogs=3
[2025-12-14 14:04:16.945] [DEBUG] SaveData: First project name='p1' ID1='111'
[2025-12-14 14:04:17.787] [DEBUG] SaveData: Success
[2025-12-14 14:04:17.833] [DEBUG] LoadData: Got 2 tasks from Store
[2025-12-14 14:04:17.866] [DEBUG] TaskListScreen.LoadData: Setting 2 tasks
[2025-12-14 14:04:17.882] [DEBUG] UniversalList.SetData: START
[2025-12-14 14:04:17.896] [DEBUG] UniversalList.SetData: COMPLETE (2 items)
[2025-12-14 14:04:18.199] [DEBUG] StandardListScreen: Routing to InlineEditor (Key=Oem4)
[2025-12-14 14:04:18.296] [DEBUG] StandardListScreen: After HandleInput - IsConfirmed=False IsCancelled=False ShowInlineEditor=True
[2025-12-14 14:04:18.329] [DEBUG] StandardListScreen: After close check - ShowInlineEditor=True
[2025-12-14 14:04:18.390] [DEBUG] StandardListScreen: Routing to InlineEditor (Key=E)
[2025-12-14 14:04:18.432] [DEBUG] StandardListScreen: After HandleInput - IsConfirmed=False IsCancelled=False ShowInlineEditor=True
[2025-12-14 14:04:18.474] [DEBUG] StandardListScreen: After close check - ShowInlineEditor=True
[2025-12-14 14:04:18.513] [DEBUG] StandardListScreen: Routing to InlineEditor (Key=N)
[2025-12-14 14:04:18.549] [DEBUG] StandardListScreen: After HandleInput - IsConfirmed=False IsCancelled=False ShowInlineEditor=True
[2025-12-14 14:04:18.578] [DEBUG] StandardListScreen: After close check - ShowInlineEditor=True
[2025-12-14 14:04:18.609] [DEBUG] StandardListScreen: Routing to InlineEditor (Key=T)
[2025-12-14 14:04:18.637] [DEBUG] StandardListScreen: After HandleInput - IsConfirmed=False IsCancelled=False ShowInlineEditor=True
[2025-12-14 14:04:18.664] [DEBUG] StandardListScreen: After close check - ShowInlineEditor=True
[2025-12-14 14:04:18.691] [DEBUG] StandardListScreen: Routing to InlineEditor (Key=E)
[2025-12-14 14:04:18.719] [DEBUG] StandardListScreen: After HandleInput - IsConfirmed=False IsCancelled=False ShowInlineEditor=True
[2025-12-14 14:04:18.740] [DEBUG] StandardListScreen: After close check - ShowInlineEditor=True
[2025-12-14 14:04:18.784] [DEBUG] StandardListScreen: Routing to InlineEditor (Key=R)
[2025-12-14 14:04:18.816] [DEBUG] StandardListScreen: After HandleInput - IsConfirmed=False IsCancelled=False ShowInlineEditor=True
[2025-12-14 14:04:18.864] [DEBUG] StandardListScreen: After close check - ShowInlineEditor=True
[2025-12-14 14:04:18.919] [DEBUG] StandardListScreen: Routing to InlineEditor (Key=Oem6)
[2025-12-14 14:04:18.962] [DEBUG] StandardListScreen: After HandleInput - IsConfirmed=False IsCancelled=False ShowInlineEditor=True
[2025-12-14 14:04:19.018] [DEBUG] StandardListScreen: After close check - ShowInlineEditor=True
[2025-12-14 14:04:19.069] [DEBUG] StandardListScreen: Routing to InlineEditor (Key=Enter)
[2025-12-14 14:04:19.112] [DEBUG] InlineEditor._ValidateAllFields CALLED - field count: 5
[2025-12-14 14:04:19.200] [DEBUG] InlineEditor._ValidateAllFields - Field: text, Type: text, Required: True, Value: 'B][ENTER]'
[2025-12-14 14:04:19.241] [DEBUG] InlineEditor._ValidateAllFields - Field: details, Type: text, Required: False, Value: ''
[2025-12-14 14:04:19.279] [DEBUG] InlineEditor._ValidateAllFields - Field: due, Type: date, Required: False, Value: ''
[2025-12-14 14:04:19.297] [DEBUG] InlineEditor._ValidateAllFields - Field: project, Type: project, Required: False, Value: ''
[2025-12-14 14:04:19.317] [DEBUG] InlineEditor._ValidateAllFields - Field: tags, Type: tags, Required: False, Value: ''
[2025-12-14 14:04:19.348] [DEBUG] InlineEditor._ValidateAllFields RESULT: isValid=True, errorCount=0
[2025-12-14 14:04:19.388] [DEBUG] InlineEditor._InvokeCallback: Invoking callback with arg type=Hashtable
[2025-12-14 14:04:19.411] [INFO] InlineEditor.OnConfirmed FIRED - taskId=2fd34477-d24b-4ebb-8dad-fb5fedc2708a values=project,due,tags,details,text
[2025-12-14 14:04:19.602] [DEBUG] SaveData: Calling Save-PmcData with tasks=2 projects=2 timelogs=3
[2025-12-14 14:04:19.633] [DEBUG] SaveData: First project name='p1' ID1='111'
[2025-12-14 14:04:20.513] [DEBUG] SaveData: Success
[2025-12-14 14:04:20.556] [DEBUG] LoadData: Got 2 tasks from Store
[2025-12-14 14:04:20.631] [DEBUG] TaskListScreen.LoadData: Setting 2 tasks
[2025-12-14 14:04:20.654] [DEBUG] UniversalList.SetData: START
[2025-12-14 14:04:20.682] [DEBUG] UniversalList.SetData: COMPLETE (2 items)
[2025-12-14 14:04:20.891] [DEBUG] LoadData: Using cached data
[2025-12-14 14:04:20.936] [DEBUG] UniversalList.SetData: START
[2025-12-14 14:04:20.956] [DEBUG] UniversalList.SetData: COMPLETE (2 items)
[2025-12-14 14:04:20.984] [DEBUG] InlineEditor._InvokeCallback: Callback completed successfully
[2025-12-14 14:04:21.079] [DEBUG] StandardListScreen: After HandleInput - IsConfirmed=True IsCancelled=False ShowInlineEditor=False
[2025-12-14 14:04:21.159] [DEBUG] StandardListScreen: Editor confirmed/cancelled - closing editor NO CLEAR
[2025-12-14 14:04:21.314] [DEBUG] StandardListScreen: Routing to InlineEditor (Key=B)
[2025-12-14 14:04:21.347] [DEBUG] StandardListScreen: After HandleInput - IsConfirmed=False IsCancelled=False ShowInlineEditor=True
[2025-12-14 14:04:21.413] [DEBUG] StandardListScreen: After close check - ShowInlineEditor=True
[2025-12-14 14:04:21.483] [DEBUG] StandardListScreen: Routing to InlineEditor (Key=Oem6)
[2025-12-14 14:04:21.519] [DEBUG] StandardListScreen: After HandleInput - IsConfirmed=False IsCancelled=False ShowInlineEditor=True
[2025-12-14 14:04:21.541] [DEBUG] StandardListScreen: After close check - ShowInlineEditor=True
[2025-12-14 14:04:21.573] [DEBUG] StandardListScreen: Routing to InlineEditor (Key=Enter)
[2025-12-14 14:04:21.595] [DEBUG] InlineEditor._ValidateAllFields CALLED - field count: 5
[2025-12-14 14:04:21.621] [DEBUG] InlineEditor._ValidateAllFields - Field: text, Type: text, Required: True, Value: 'B]'
[2025-12-14 14:04:21.647] [DEBUG] InlineEditor._ValidateAllFields - Field: details, Type: text, Required: False, Value: ''
[2025-12-14 14:04:21.689] [DEBUG] InlineEditor._ValidateAllFields - Field: due, Type: date, Required: False, Value: ''
[2025-12-14 14:04:21.724] [DEBUG] InlineEditor._ValidateAllFields - Field: project, Type: project, Required: False, Value: ''
[2025-12-14 14:04:21.747] [DEBUG] InlineEditor._ValidateAllFields - Field: tags, Type: tags, Required: False, Value: ''
[2025-12-14 14:04:21.768] [DEBUG] InlineEditor._ValidateAllFields RESULT: isValid=True, errorCount=0
[2025-12-14 14:04:21.794] [DEBUG] InlineEditor._InvokeCallback: Invoking callback with arg type=Hashtable
[2025-12-14 14:04:21.818] [INFO] InlineEditor.OnConfirmed FIRED - taskId=2fd34477-d24b-4ebb-8dad-fb5fedc2708a values=project,due,tags,details,text
[2025-12-14 14:04:21.846] [DEBUG] SaveData: Calling Save-PmcData with tasks=2 projects=2 timelogs=3
[2025-12-14 14:04:21.871] [DEBUG] SaveData: First project name='p1' ID1='111'
[2025-12-14 14:04:22.287] [DEBUG] SaveData: Success
[2025-12-14 14:04:22.311] [DEBUG] LoadData: Got 2 tasks from Store
[2025-12-14 14:04:22.343] [DEBUG] TaskListScreen.LoadData: Setting 2 tasks
[2025-12-14 14:04:22.377] [DEBUG] UniversalList.SetData: START
[2025-12-14 14:04:22.403] [DEBUG] UniversalList.SetData: COMPLETE (2 items)
[2025-12-14 14:04:22.432] [DEBUG] LoadData: Using cached data
[2025-12-14 14:04:22.460] [DEBUG] UniversalList.SetData: START
[2025-12-14 14:04:22.489] [DEBUG] UniversalList.SetData: COMPLETE (2 items)
[2025-12-14 14:04:22.511] [DEBUG] InlineEditor._InvokeCallback: Callback completed successfully
[2025-12-14 14:04:22.527] [DEBUG] StandardListScreen: After HandleInput - IsConfirmed=True IsCancelled=False ShowInlineEditor=False
[2025-12-14 14:04:22.546] [DEBUG] StandardListScreen: Editor confirmed/cancelled - closing editor NO CLEAR
[2025-12-14 14:04:22.595] [DEBUG] LoadData: Using cached data
[2025-12-14 14:04:22.624] [DEBUG] UniversalList.SetData: START
[2025-12-14 14:04:22.643] [DEBUG] UniversalList.SetData: COMPLETE (2 items)
[2025-12-14 14:04:22.681] [DEBUG] LoadData: Using cached data
[2025-12-14 14:04:22.703] [DEBUG] UniversalList.SetData: START
[2025-12-14 14:04:22.725] [DEBUG] UniversalList.SetData: COMPLETE (2 items)
[2025-12-14 14:04:23.363] [INFO] PadText: text='No filters active' rawLen=17 visibleLen=17 width=76 align=center
[2025-12-14 14:04:23.507] [DEBUG] PmcScreen: Calling RenderToEngine on UniversalList
[2025-12-14 14:05:03.180] [INFO] PadText: text='No filters active' rawLen=17 visibleLen=17 width=76 align=center
[2025-12-14 14:05:03.198] [DEBUG] PmcScreen: Calling RenderToEngine on UniversalList
