[2025-12-14 14:00:30.162] [INFO] Loading PMC module...
[2025-12-14 14:00:32.727] [INFO] PMC module loaded
[2025-12-14 14:00:32.737] [INFO] Loading dependencies (FieldSchemas, etc.)...
[2025-12-14 14:00:33.014] [INFO] Dependencies loaded
[2025-12-14 14:00:33.034] [INFO] Loading SpeedTUI framework...
[2025-12-14 14:00:33.634] [INFO] SpeedTUI framework loaded
[2025-12-14 14:00:33.654] [INFO] Loading PraxisVT...
[2025-12-14 14:00:33.687] [INFO] PraxisVT loaded
[2025-12-14 14:00:33.701] [INFO] Loading core dependencies...
[2025-12-14 14:00:33.811] [INFO] Core dependencies loaded
[2025-12-14 14:00:33.828] [INFO] Loading widget base classes...
[2025-12-14 14:00:33.932] [INFO] Widget base classes loaded
[2025-12-14 14:00:33.954] [INFO] Loading services...
[2025-12-14 14:00:34.220] [INFO] Services loaded
[2025-12-14 14:00:34.235] [INFO] Loading helpers...
[2025-12-14 14:00:35.943] [INFO] Helpers loaded
[2025-12-14 14:00:35.967] [INFO] Loading widgets...
[2025-12-14 14:00:37.025] [INFO] Widgets loaded
[2025-12-14 14:00:37.030] [INFO] Loading screen base class...
[2025-12-14 14:00:37.092] [INFO] Screen base class loaded
[2025-12-14 14:00:37.118] [INFO] Loading HelpViewScreen (needed by base classes)...
[2025-12-14 14:00:37.172] [INFO] HelpViewScreen loaded
[2025-12-14 14:00:37.190] [INFO] Loading base classes...
[2025-12-14 14:00:37.655] [INFO] Base classes loaded
[2025-12-14 14:00:37.680] [INFO] Loading ServiceContainer (needed by screens)...
[2025-12-14 14:00:37.731] [INFO] ServiceContainer loaded
[2025-12-14 14:00:37.777] [INFO] Loading remaining screens...
[2025-12-14 14:00:38.097] [INFO] Remaining screens loaded
[2025-12-14 14:00:38.122] [INFO] Loading PmcApplication...
[2025-12-14 14:00:38.188] [INFO] PmcApplication loaded
[2025-12-14 14:00:38.213] [INFO] All components loaded successfully
[2025-12-14 14:00:38.254] [INFO] Starting PMC TUI with screen: TaskList
[2025-12-14 14:00:38.285] [INFO] Cleared stale PmcSharedMenuBar and MenuRegistry singleton
[2025-12-14 14:00:38.305] [INFO] Creating ServiceContainer...
[2025-12-14 14:00:38.340] [INFO] ServiceContainer created
[2025-12-14 14:00:38.364] [INFO] Registering Theme service...
[2025-12-14 14:00:38.404] ServiceContainer: Registered 'Theme' (singleton=True)
[2025-12-14 14:00:38.447] [INFO] Registering ThemeManager...
[2025-12-14 14:00:38.474] ServiceContainer: Registered 'ThemeManager' (singleton=True)
[2025-12-14 14:00:38.501] [INFO] Registering Config service...
[2025-12-14 14:00:38.528] ServiceContainer: Registered 'Config' (singleton=True)
[2025-12-14 14:00:38.566] [INFO] Registering TaskStore service...
[2025-12-14 14:00:38.592] ServiceContainer: Registered 'TaskStore' (singleton=True)
[2025-12-14 14:00:38.625] [INFO] Registering MenuRegistry service...
[2025-12-14 14:00:38.648] ServiceContainer: Registered 'MenuRegistry' (singleton=True)
[2025-12-14 14:00:38.667] [INFO] Registering Application service...
[2025-12-14 14:00:38.694] ServiceContainer: Registered 'Application' (singleton=True)
[2025-12-14 14:00:38.717] [INFO] Registering CommandService...
[2025-12-14 14:00:38.747] ServiceContainer: Registered 'CommandService' (singleton=True)
[2025-12-14 14:00:38.782] [INFO] Registering ChecklistService...
[2025-12-14 14:00:38.808] ServiceContainer: Registered 'ChecklistService' (singleton=True)
[2025-12-14 14:00:38.837] [INFO] Registering NoteService...
[2025-12-14 14:00:38.867] ServiceContainer: Registered 'NoteService' (singleton=True)
[2025-12-14 14:00:38.892] [INFO] Registering ExcelMappingService...
[2025-12-14 14:00:38.915] ServiceContainer: Registered 'ExcelMappingService' (singleton=True)
[2025-12-14 14:00:38.943] [INFO] Registering PreferencesService...
[2025-12-14 14:00:38.977] ServiceContainer: Registered 'PreferencesService' (singleton=True)
[2025-12-14 14:00:39.005] [INFO] Registering screen factories...
[2025-12-14 14:00:39.025] ServiceContainer: Registered 'TaskListScreen' (singleton=False)
[2025-12-14 14:00:39.047] [INFO] Resolving Application from container...
[2025-12-14 14:00:39.092] ServiceContainer: Resolving 'Application'...
[2025-12-14 14:00:39.122] [INFO] Resolving Application...
[2025-12-14 14:00:39.156] ServiceContainer: Resolving 'Theme'...
[2025-12-14 14:00:39.194] [INFO] Resolving Theme: Calling Initialize-PmcThemeSystem...
[2025-12-14 14:00:39.236] [INFO] Theme resolved: #33aaff
[2025-12-14 14:00:39.257] [INFO] Loading PmcThemeEngine...
[2025-12-14 14:00:39.492] [DEBUG] Palette [Highlight] -> #228844 (R=34 G=136 B=68)
[2025-12-14 14:00:39.520] [DEBUG] Palette [Success] -> #2CB158 (R=44 G=177 B=88)
[2025-12-14 14:00:39.548] [DEBUG] Palette [Primary] -> #228844 (R=34 G=136 B=68)
[2025-12-14 14:00:39.577] [DEBUG] Palette [Warning] -> #7FCA14 (R=127 G=202 B=20)
[2025-12-14 14:00:39.610] [DEBUG] Palette [Footer] -> #185F30 (R=24 G=95 B=48)
[2025-12-14 14:00:39.638] [DEBUG] Palette [Error] -> #BE2914 (R=190 G=41 B=20)
[2025-12-14 14:00:39.676] [DEBUG] Palette [Muted] -> #5C8F6D (R=92 G=143 B=109)
[2025-12-14 14:00:39.741] [DEBUG] Palette [Cursor] -> #228844 (R=34 G=136 B=68)
[2025-12-14 14:00:39.784] [DEBUG] Palette [Label] -> #5C8F6D (R=92 G=143 B=109)
[2025-12-14 14:00:39.816] [DEBUG] Palette [Bright] -> #2CB158 (R=44 G=177 B=88)
[2025-12-14 14:00:39.836] [DEBUG] Palette [Header] -> #228844 (R=34 G=136 B=68)
[2025-12-14 14:00:39.868] [DEBUG] Palette [Border] -> #185F30 (R=24 G=95 B=48)
[2025-12-14 14:00:39.893] [DEBUG] Palette [Text] -> #C2EACF (R=194 G=234 B=207)
[2025-12-14 14:00:39.926] [DEBUG] Palette [Status] -> #5C8F6D (R=92 G=143 B=109)
[2025-12-14 14:00:39.992] [INFO] LoadFromConfig: Loaded Properties with 16 items
[2025-12-14 14:00:40.040] [INFO] PmcThemeEngine initialized with PMC palette (14 colors)
[2025-12-14 14:00:40.074] ServiceContainer: Resolved 'Theme' successfully
[2025-12-14 14:00:40.314] ServiceContainer: Resolving 'ThemeManager'...
[2025-12-14 14:00:40.346] [INFO] Resolving ThemeManager...
[2025-12-14 14:00:40.608] ServiceContainer: Resolved 'ThemeManager' successfully
[2025-12-14 14:00:40.648] ServiceContainer: Resolved 'Application' successfully
[2025-12-14 14:00:40.675] [INFO] Application resolved and assigned to $global:PmcApp
[2025-12-14 14:00:40.716] [INFO] Loading menus from manifest...
[2025-12-14 14:00:40.738] ServiceContainer: Resolving 'MenuRegistry'...
[2025-12-14 14:00:40.769] [INFO] Resolving MenuRegistry...
[2025-12-14 14:00:40.818] ServiceContainer: Resolved 'MenuRegistry' successfully
[2025-12-14 14:00:40.877] MenuRegistry: Loaded manifest with 24 entries
[2025-12-14 14:00:40.944] ServiceContainer: Registered 'TaskListScreen_NextActions' (singleton=False)
[2025-12-14 14:00:40.979] MenuRegistry: Registered screen factory 'TaskListScreen_NextActions' in container (viewMode=nextactions)
[2025-12-14 14:00:41.023] MenuRegistry: Registered 'Next Actions' in 'Tasks' menu (hotkey=N order=35)
[2025-12-14 14:00:41.047] ServiceContainer: Registered 'TaskListScreen_NoDate' (singleton=False)
[2025-12-14 14:00:41.069] MenuRegistry: Registered screen factory 'TaskListScreen_NoDate' in container (viewMode=noduedate)
[2025-12-14 14:00:41.089] MenuRegistry: Registered 'No Due Date' in 'Tasks' menu (hotkey=D order=40)
[2025-12-14 14:00:41.113] ServiceContainer: Registered 'TaskListScreen_Overdue' (singleton=False)
[2025-12-14 14:00:41.168] MenuRegistry: Registered screen factory 'TaskListScreen_Overdue' in container (viewMode=overdue)
[2025-12-14 14:00:41.199] MenuRegistry: Registered 'Overdue' in 'Tasks' menu (hotkey=O order=30)
[2025-12-14 14:00:41.220] ServiceContainer: Registered 'TaskListScreen_Agenda' (singleton=False)
[2025-12-14 14:00:41.243] MenuRegistry: Registered screen factory 'TaskListScreen_Agenda' in container (viewMode=agenda)
[2025-12-14 14:00:41.277] MenuRegistry: Registered 'Agenda View' in 'Tasks' menu (hotkey=A order=50)
[2025-12-14 14:00:41.305] ServiceContainer: Registered 'ThemeEditorScreen' (singleton=False)
[2025-12-14 14:00:41.335] MenuRegistry: Registered screen factory 'ThemeEditorScreen' in container (viewMode=)
[2025-12-14 14:00:41.377] MenuRegistry: Registered 'Theme Editor' in 'Options' menu (hotkey=T order=10)
[2025-12-14 14:00:41.407] ServiceContainer: Registered 'HelpViewScreen' (singleton=False)
[2025-12-14 14:00:41.438] MenuRegistry: Registered screen factory 'HelpViewScreen' in container (viewMode=)
[2025-12-14 14:00:41.461] MenuRegistry: Registered 'Help' in 'Help' menu (hotkey=H order=10)
[2025-12-14 14:00:41.594] ServiceContainer: Registered 'ProjectListScreen' (singleton=False)
[2025-12-14 14:00:41.699] MenuRegistry: Registered screen factory 'ProjectListScreen' in container (viewMode=)
[2025-12-14 14:00:41.748] MenuRegistry: Registered 'Project List' in 'Projects' menu (hotkey=L order=10)
[2025-12-14 14:00:41.802] ServiceContainer: Registered 'TaskListScreen_Default' (singleton=False)
[2025-12-14 14:00:41.830] MenuRegistry: Registered screen factory 'TaskListScreen_Default' in container (viewMode=)
[2025-12-14 14:00:41.861] MenuRegistry: Registered 'Task List' in 'Tasks' menu (hotkey=L order=5)
[2025-12-14 14:00:41.888] ServiceContainer: Registered 'KanbanScreenV2' (singleton=False)
[2025-12-14 14:00:41.912] MenuRegistry: Registered screen factory 'KanbanScreenV2' in container (viewMode=)
[2025-12-14 14:00:41.947] MenuRegistry: Registered 'Kanban Board' in 'Tasks' menu (hotkey=K order=55)
[2025-12-14 14:00:41.983] ServiceContainer: Registered 'TaskListScreen_Week' (singleton=False)
[2025-12-14 14:00:42.012] MenuRegistry: Registered screen factory 'TaskListScreen_Week' in container (viewMode=week)
[2025-12-14 14:00:42.049] MenuRegistry: Registered 'Week View' in 'Tasks' menu (hotkey=W order=20)
[2025-12-14 14:00:42.106] ServiceContainer: Registered 'TimeListScreen' (singleton=False)
[2025-12-14 14:00:42.133] MenuRegistry: Registered screen factory 'TimeListScreen' in container (viewMode=)
[2025-12-14 14:00:42.166] MenuRegistry: Registered 'Time Tracking' in 'Time' menu (hotkey=T order=5)
[2025-12-14 14:00:42.189] ServiceContainer: Registered 'SettingsScreen' (singleton=False)
[2025-12-14 14:00:42.215] MenuRegistry: Registered screen factory 'SettingsScreen' in container (viewMode=)
[2025-12-14 14:00:42.258] MenuRegistry: Registered 'Settings' in 'Options' menu (hotkey=S order=20)
[2025-12-14 14:00:42.311] ServiceContainer: Registered 'CommandLibraryScreen' (singleton=False)
[2025-12-14 14:00:42.365] MenuRegistry: Registered screen factory 'CommandLibraryScreen' in container (viewMode=)
[2025-12-14 14:00:42.413] MenuRegistry: Registered 'Command Library' in 'Tools' menu (hotkey=L order=10)
[2025-12-14 14:00:42.462] ServiceContainer: Registered 'TaskListScreen_Month' (singleton=False)
[2025-12-14 14:00:42.487] MenuRegistry: Registered screen factory 'TaskListScreen_Month' in container (viewMode=month)
[2025-12-14 14:00:42.509] MenuRegistry: Registered 'Month View' in 'Tasks' menu (hotkey=M order=45)
[2025-12-14 14:00:42.533] ServiceContainer: Registered 'WeeklyTimeReportScreen' (singleton=False)
[2025-12-14 14:00:42.553] MenuRegistry: Registered screen factory 'WeeklyTimeReportScreen' in container (viewMode=)
[2025-12-14 14:00:42.573] MenuRegistry: Registered 'Weekly Report' in 'Time' menu (hotkey=W order=10)
[2025-12-14 14:00:42.595] ServiceContainer: Registered 'TaskListScreen_Today' (singleton=False)
[2025-12-14 14:00:42.617] MenuRegistry: Registered screen factory 'TaskListScreen_Today' in container (viewMode=today)
[2025-12-14 14:00:42.636] MenuRegistry: Registered 'Today' in 'Tasks' menu (hotkey=Y order=10)
[2025-12-14 14:00:42.657] ServiceContainer: Registered 'ExcelProfileManagerScreen' (singleton=False)
[2025-12-14 14:00:42.682] MenuRegistry: Registered screen factory 'ExcelProfileManagerScreen' in container (viewMode=)
[2025-12-14 14:00:42.704] MenuRegistry: Registered 'Excel Profiles' in 'Projects' menu (hotkey=M order=50)
[2025-12-14 14:00:42.727] ServiceContainer: Registered 'TaskListScreen_Upcoming' (singleton=False)
[2025-12-14 14:00:42.746] MenuRegistry: Registered screen factory 'TaskListScreen_Upcoming' in container (viewMode=upcoming)
[2025-12-14 14:00:42.774] MenuRegistry: Registered 'Upcoming' in 'Tasks' menu (hotkey=U order=25)
[2025-12-14 14:00:42.799] ServiceContainer: Registered 'TaskListScreen_Tomorrow' (singleton=False)
[2025-12-14 14:00:42.822] MenuRegistry: Registered screen factory 'TaskListScreen_Tomorrow' in container (viewMode=tomorrow)
[2025-12-14 14:00:42.842] MenuRegistry: Registered 'Tomorrow' in 'Tasks' menu (hotkey=T order=15)
[2025-12-14 14:00:42.867] ServiceContainer: Registered 'NotesMenuScreen' (singleton=False)
[2025-12-14 14:00:42.884] MenuRegistry: Registered screen factory 'NotesMenuScreen' in container (viewMode=)
[2025-12-14 14:00:42.902] MenuRegistry: Registered 'Notes' in 'Tools' menu (hotkey=N order=20)
[2025-12-14 14:00:42.923] ServiceContainer: Registered 'ExcelImportScreen' (singleton=False)
[2025-12-14 14:00:42.947] MenuRegistry: Registered screen factory 'ExcelImportScreen' in container (viewMode=)
[2025-12-14 14:00:42.975] MenuRegistry: Registered 'Import from Excel' in 'Projects' menu (hotkey=I order=40)
[2025-12-14 14:00:43.001] ServiceContainer: Registered 'TimeReportScreen' (singleton=False)
[2025-12-14 14:00:43.018] MenuRegistry: Registered screen factory 'TimeReportScreen' in container (viewMode=)
[2025-12-14 14:00:43.046] MenuRegistry: Registered 'Time Report' in 'Time' menu (hotkey=R order=20)
[2025-12-14 14:00:43.085] ServiceContainer: Registered 'ChecklistTemplatesFolderScreen' (singleton=False)
[2025-12-14 14:00:43.115] MenuRegistry: Registered screen factory 'ChecklistTemplatesFolderScreen' in container (viewMode=)
[2025-12-14 14:00:43.146] MenuRegistry: Registered 'Checklist Templates' in 'Tools' menu (hotkey=H order=30)
[2025-12-14 14:00:43.171] ServiceContainer: Registered 'ChecklistsLauncherScreen' (singleton=False)
[2025-12-14 14:00:43.202] MenuRegistry: Registered screen factory 'ChecklistsLauncherScreen' in container (viewMode=)
[2025-12-14 14:00:43.225] MenuRegistry: Registered 'Checklists' in 'Tools' menu (hotkey=C order=25)
[2025-12-14 14:00:43.264] [INFO] Menus loaded from C:\Users\jhnhe\OneDrive\Documents\GitHub\project-management-console\og_transport\HYBRID\module\Pmc.Strict\consoleui\screens\MenuItems.psd1
[2025-12-14 14:00:43.287] [INFO] Launching screen: TaskList
[2025-12-14 14:00:43.312] [INFO] Resolving TaskListScreen from container...
[2025-12-14 14:00:43.333] ServiceContainer: Resolving 'TaskListScreen'...
[2025-12-14 14:00:43.355] [INFO] Resolving TaskListScreen...
[2025-12-14 14:00:43.379] ServiceContainer: Resolving 'TaskStore'...
[2025-12-14 14:00:43.401] [INFO] Resolving TaskStore...
[2025-12-14 14:00:43.456] [DEBUG] TaskStore.LoadData: Starting
[2025-12-14 14:00:43.476] [DEBUG] TaskStore.LoadData: Calling Get-PmcData
[2025-12-14 14:00:43.900] [DEBUG] TaskStore.LoadData: Get-PmcData returned - tasks=4 projects=2 timelogs=3
[2025-12-14 14:00:43.935] [DEBUG] TaskStore.LoadData: Loaded 4 tasks
[2025-12-14 14:00:43.962] [DEBUG] TaskStore.LoadData: Loaded 2 projects
[2025-12-14 14:00:43.986] [DEBUG] TaskStore.LoadData: First project name='p1' ID1='111'
[2025-12-14 14:00:44.020] ServiceContainer: Resolved 'TaskStore' successfully
[2025-12-14 14:00:45.831] [DEBUG] PmcScreen.AddContentWidget: Adding UniversalList (Total: 1)
[2025-12-14 14:00:45.891] [DEBUG] TaskListScreen: Constructor started
[2025-12-14 14:00:45.983] _PopulateMenusFromRegistry: Menu 'Projects' has 3 items from registry (array)
[2025-12-14 14:00:46.020] _PopulateMenusFromRegistry: Menu 'Time' has 3 items from registry (array)
[2025-12-14 14:00:46.039] _PopulateMenusFromRegistry: Menu 'Tools' has 4 items from registry (array)
[2025-12-14 14:00:46.061] _PopulateMenusFromRegistry: Menu 'Options' has 2 items from registry (array)
[2025-12-14 14:00:46.087] _PopulateMenusFromRegistry: Menu 'Tasks' has 11 items from registry (array)
[2025-12-14 14:00:46.109] _PopulateMenusFromRegistry: Menu 'Help' has 1 items from registry (array)
[2025-12-14 14:00:46.130] [DEBUG] TaskListScreen: Constructor completed
[2025-12-14 14:00:46.152] ServiceContainer: Resolved 'TaskListScreen' successfully
[2025-12-14 14:00:46.173] [INFO] Pushing screen to app...
[2025-12-14 14:00:47.192] [DEBUG] LoadData: Got 4 tasks from Store
[2025-12-14 14:00:47.349] [DEBUG] TaskListScreen.LoadData: Setting 4 tasks
[2025-12-14 14:00:47.377] [DEBUG] UniversalList.SetData: START
[2025-12-14 14:00:47.500] [DEBUG] UniversalList.SetData: COMPLETE (4 items)
[2025-12-14 14:00:47.739] [INFO] Screen pushed successfully
[2025-12-14 14:00:47.762] [INFO] Starting event loop...
[2025-12-14 14:00:47.999] [DEBUG] SaveData: Calling Save-PmcData with tasks=3 projects=2 timelogs=3
[2025-12-14 14:00:48.066] [DEBUG] SaveData: First project name='p1' ID1='111'
[2025-12-14 14:00:48.776] [DEBUG] SaveData: Success
[2025-12-14 14:00:48.852] [DEBUG] LoadData: Got 3 tasks from Store
[2025-12-14 14:00:48.897] [DEBUG] TaskListScreen.LoadData: Setting 3 tasks
[2025-12-14 14:00:48.925] [DEBUG] UniversalList.SetData: START
[2025-12-14 14:00:48.954] [DEBUG] UniversalList.SetData: COMPLETE (3 items)
[2025-12-14 14:00:49.203] [DEBUG] StandardListScreen: Routing to InlineEditor (Key=Oem4)
[2025-12-14 14:00:49.289] [DEBUG] StandardListScreen: After HandleInput - IsConfirmed=False IsCancelled=False ShowInlineEditor=True
[2025-12-14 14:00:49.323] [DEBUG] StandardListScreen: After close check - ShowInlineEditor=True
[2025-12-14 14:00:49.352] [DEBUG] StandardListScreen: Routing to InlineEditor (Key=E)
[2025-12-14 14:00:49.377] [DEBUG] StandardListScreen: After HandleInput - IsConfirmed=False IsCancelled=False ShowInlineEditor=True
[2025-12-14 14:00:49.408] [DEBUG] StandardListScreen: After close check - ShowInlineEditor=True
[2025-12-14 14:00:49.430] [DEBUG] StandardListScreen: Routing to InlineEditor (Key=N)
[2025-12-14 14:00:49.454] [DEBUG] StandardListScreen: After HandleInput - IsConfirmed=False IsCancelled=False ShowInlineEditor=True
[2025-12-14 14:00:49.479] [DEBUG] StandardListScreen: After close check - ShowInlineEditor=True
[2025-12-14 14:00:49.510] [DEBUG] StandardListScreen: Routing to InlineEditor (Key=T)
[2025-12-14 14:00:49.559] [DEBUG] StandardListScreen: After HandleInput - IsConfirmed=False IsCancelled=False ShowInlineEditor=True
[2025-12-14 14:00:49.653] [DEBUG] StandardListScreen: After close check - ShowInlineEditor=True
[2025-12-14 14:00:49.875] [DEBUG] StandardListScreen: Routing to InlineEditor (Key=E)
[2025-12-14 14:00:49.913] [DEBUG] StandardListScreen: After HandleInput - IsConfirmed=False IsCancelled=False ShowInlineEditor=True
[2025-12-14 14:00:49.964] [DEBUG] StandardListScreen: After close check - ShowInlineEditor=True
[2025-12-14 14:00:50.005] [DEBUG] StandardListScreen: Routing to InlineEditor (Key=R)
[2025-12-14 14:00:50.052] [DEBUG] StandardListScreen: After HandleInput - IsConfirmed=False IsCancelled=False ShowInlineEditor=True
[2025-12-14 14:00:50.086] [DEBUG] StandardListScreen: After close check - ShowInlineEditor=True
[2025-12-14 14:00:50.138] [DEBUG] StandardListScreen: Routing to InlineEditor (Key=Oem6)
[2025-12-14 14:00:50.194] [DEBUG] StandardListScreen: After HandleInput - IsConfirmed=False IsCancelled=False ShowInlineEditor=True
[2025-12-14 14:00:50.270] [DEBUG] StandardListScreen: After close check - ShowInlineEditor=True
[2025-12-14 14:00:50.339] [DEBUG] StandardListScreen: Routing to InlineEditor (Key=Enter)
[2025-12-14 14:00:50.393] [DEBUG] InlineEditor._ValidateAllFields CALLED - field count: 5
[2025-12-14 14:00:50.467] [DEBUG] InlineEditor._ValidateAllFields - Field: text, Type: text, Required: True, Value: 't3[ENTER]'
[2025-12-14 14:00:50.493] [DEBUG] InlineEditor._ValidateAllFields - Field: details, Type: text, Required: False, Value: ''
[2025-12-14 14:00:50.530] [DEBUG] InlineEditor._ValidateAllFields - Field: due, Type: date, Required: False, Value: '12/18/2025 00:00:00'
[2025-12-14 14:00:50.551] [DEBUG] InlineEditor._ValidateAllFields - Field: project, Type: project, Required: False, Value: 'p1'
[2025-12-14 14:00:50.574] [DEBUG] InlineEditor._ValidateAllFields - Field: tags, Type: tags, Required: False, Value: ''
[2025-12-14 14:00:50.600] [DEBUG] InlineEditor._ValidateAllFields RESULT: isValid=True, errorCount=0
[2025-12-14 14:00:50.672] [DEBUG] InlineEditor._InvokeCallback: Invoking callback with arg type=Hashtable
[2025-12-14 14:00:50.755] [INFO] InlineEditor.OnConfirmed FIRED - taskId=2fd34477-d24b-4ebb-8dad-fb5fedc2708a values=text,details,tags,due,project
[2025-12-14 14:00:51.010] [DEBUG] SaveData: Calling Save-PmcData with tasks=3 projects=2 timelogs=3
[2025-12-14 14:00:51.061] [DEBUG] SaveData: First project name='p1' ID1='111'
[2025-12-14 14:00:51.933] [DEBUG] SaveData: Success
[2025-12-14 14:00:51.979] [DEBUG] LoadData: Got 3 tasks from Store
[2025-12-14 14:00:52.089] [DEBUG] TaskListScreen.LoadData: Setting 3 tasks
[2025-12-14 14:00:52.165] [DEBUG] UniversalList.SetData: START
[2025-12-14 14:00:52.241] [DEBUG] UniversalList.SetData: COMPLETE (3 items)
[2025-12-14 14:00:52.298] [DEBUG] LoadData: Using cached data
[2025-12-14 14:00:52.336] [DEBUG] UniversalList.SetData: START
[2025-12-14 14:00:52.392] [DEBUG] UniversalList.SetData: COMPLETE (3 items)
[2025-12-14 14:00:52.448] [DEBUG] InlineEditor._InvokeCallback: Callback completed successfully
[2025-12-14 14:00:52.476] [DEBUG] StandardListScreen: After HandleInput - IsConfirmed=True IsCancelled=False ShowInlineEditor=False
[2025-12-14 14:00:52.504] [DEBUG] StandardListScreen: Editor confirmed/cancelled - closing editor NO CLEAR
[2025-12-14 14:00:52.606] [DEBUG] StandardListScreen: Routing to InlineEditor (Key=B)
[2025-12-14 14:00:52.674] [DEBUG] StandardListScreen: After HandleInput - IsConfirmed=False IsCancelled=False ShowInlineEditor=True
[2025-12-14 14:00:52.718] [DEBUG] StandardListScreen: After close check - ShowInlineEditor=True
[2025-12-14 14:00:52.755] [DEBUG] StandardListScreen: Routing to InlineEditor (Key=Oem6)
[2025-12-14 14:00:52.779] [DEBUG] StandardListScreen: After HandleInput - IsConfirmed=False IsCancelled=False ShowInlineEditor=True
[2025-12-14 14:00:52.832] [DEBUG] StandardListScreen: After close check - ShowInlineEditor=True
[2025-12-14 14:00:52.882] [DEBUG] StandardListScreen: Routing to InlineEditor (Key=Enter)
[2025-12-14 14:00:52.940] [DEBUG] InlineEditor._ValidateAllFields CALLED - field count: 5
[2025-12-14 14:00:52.985] [DEBUG] InlineEditor._ValidateAllFields - Field: text, Type: text, Required: True, Value: 'B]'
[2025-12-14 14:00:53.034] [DEBUG] InlineEditor._ValidateAllFields - Field: details, Type: text, Required: False, Value: ''
[2025-12-14 14:00:53.075] [DEBUG] InlineEditor._ValidateAllFields - Field: due, Type: date, Required: False, Value: ''
[2025-12-14 14:00:53.163] [DEBUG] InlineEditor._ValidateAllFields - Field: project, Type: project, Required: False, Value: ''
[2025-12-14 14:00:53.219] [DEBUG] InlineEditor._ValidateAllFields - Field: tags, Type: tags, Required: False, Value: ''
[2025-12-14 14:00:53.260] [DEBUG] InlineEditor._ValidateAllFields RESULT: isValid=True, errorCount=0
[2025-12-14 14:00:53.295] [DEBUG] InlineEditor._InvokeCallback: Invoking callback with arg type=Hashtable
[2025-12-14 14:00:53.342] [INFO] InlineEditor.OnConfirmed FIRED - taskId=2fd34477-d24b-4ebb-8dad-fb5fedc2708a values=text,details,tags,due,project
[2025-12-14 14:00:53.387] [DEBUG] SaveData: Calling Save-PmcData with tasks=3 projects=2 timelogs=3
[2025-12-14 14:00:53.413] [DEBUG] SaveData: First project name='p1' ID1='111'
[2025-12-14 14:00:54.233] [DEBUG] SaveData: Success
[2025-12-14 14:00:54.292] [DEBUG] LoadData: Got 3 tasks from Store
[2025-12-14 14:00:54.341] [DEBUG] TaskListScreen.LoadData: Setting 3 tasks
[2025-12-14 14:00:54.375] [DEBUG] UniversalList.SetData: START
[2025-12-14 14:00:54.401] [DEBUG] UniversalList.SetData: COMPLETE (3 items)
[2025-12-14 14:00:54.452] [DEBUG] LoadData: Using cached data
[2025-12-14 14:00:54.518] [DEBUG] UniversalList.SetData: START
[2025-12-14 14:00:54.580] [DEBUG] UniversalList.SetData: COMPLETE (3 items)
[2025-12-14 14:00:54.635] [DEBUG] InlineEditor._InvokeCallback: Callback completed successfully
[2025-12-14 14:00:54.667] [DEBUG] StandardListScreen: After HandleInput - IsConfirmed=True IsCancelled=False ShowInlineEditor=False
[2025-12-14 14:00:54.696] [DEBUG] StandardListScreen: Editor confirmed/cancelled - closing editor NO CLEAR
[2025-12-14 14:00:54.746] [DEBUG] LoadData: Using cached data
[2025-12-14 14:00:54.783] [DEBUG] UniversalList.SetData: START
[2025-12-14 14:00:54.807] [DEBUG] UniversalList.SetData: COMPLETE (3 items)
[2025-12-14 14:00:54.890] [DEBUG] LoadData: Using cached data
[2025-12-14 14:00:54.976] [DEBUG] UniversalList.SetData: START
[2025-12-14 14:00:55.011] [DEBUG] UniversalList.SetData: COMPLETE (3 items)
[2025-12-14 14:00:56.480] [INFO] PadText: text='No filters active' rawLen=17 visibleLen=17 width=76 align=center
[2025-12-14 14:00:56.750] [DEBUG] PmcScreen: Calling RenderToEngine on UniversalList
[2025-12-14 14:01:05.613] [INFO] Flushing pending changes on exit...
[2025-12-14 14:01:05.618] [DEBUG] SaveData: Calling Save-PmcData with tasks=3 projects=2 timelogs=3
[2025-12-14 14:01:05.642] [DEBUG] SaveData: First project name='p1' ID1='111'
[2025-12-14 14:01:05.948] [DEBUG] SaveData: Success
[2025-12-14 14:01:05.968] [INFO] Cleanup - showing cursor and resetting terminal
