[2025-12-13 15:04:46.349] [INFO] Loading PMC module...
[2025-12-13 15:04:47.747] [INFO] PMC module loaded
[2025-12-13 15:04:47.748] [INFO] Loading dependencies (FieldSchemas, etc.)...
[2025-12-13 15:04:47.890] [INFO] Dependencies loaded
[2025-12-13 15:04:47.903] [INFO] Loading SpeedTUI framework...
[2025-12-13 15:04:48.270] [INFO] SpeedTUI framework loaded
[2025-12-13 15:04:48.284] [INFO] Loading PraxisVT...
[2025-12-13 15:04:48.306] [INFO] PraxisVT loaded
[2025-12-13 15:04:48.318] [INFO] Loading core dependencies...
[2025-12-13 15:04:48.418] [INFO] Core dependencies loaded
[2025-12-13 15:04:48.448] [INFO] Loading widget base classes...
[2025-12-13 15:04:48.529] [INFO] Widget base classes loaded
[2025-12-13 15:04:48.546] [INFO] Loading services...
[2025-12-13 15:04:48.729] [INFO] Services loaded
[2025-12-13 15:04:48.744] [INFO] Loading helpers...
[2025-12-13 15:04:49.359] [INFO] Helpers loaded
[2025-12-13 15:04:49.373] [INFO] Loading widgets...
[2025-12-13 15:04:49.919] [INFO] Widgets loaded
[2025-12-13 15:04:49.931] [INFO] Loading screen base class...
[2025-12-13 15:04:49.975] [INFO] Screen base class loaded
[2025-12-13 15:04:49.995] [INFO] Loading HelpViewScreen (needed by base classes)...
[2025-12-13 15:04:50.043] [INFO] HelpViewScreen loaded
[2025-12-13 15:04:50.057] [INFO] Loading base classes...
[2025-12-13 15:04:50.204] [INFO] Base classes loaded
[2025-12-13 15:04:50.219] [INFO] Loading ServiceContainer (needed by screens)...
[2025-12-13 15:04:50.248] [INFO] ServiceContainer loaded
[2025-12-13 15:04:50.266] [INFO] Loading remaining screens...
[2025-12-13 15:04:50.409] [INFO] Remaining screens loaded
[2025-12-13 15:04:50.423] [INFO] Loading PmcApplication...
[2025-12-13 15:04:50.457] [INFO] PmcApplication loaded
[2025-12-13 15:04:50.472] [INFO] All components loaded successfully
[2025-12-13 15:04:50.505] [INFO] Starting PMC TUI with screen: TaskList
[2025-12-13 15:04:50.528] [INFO] Cleared stale PmcSharedMenuBar and MenuRegistry singleton
[2025-12-13 15:04:50.545] [INFO] Creating ServiceContainer...
[2025-12-13 15:04:50.571] [INFO] ServiceContainer created
[2025-12-13 15:04:50.586] [INFO] Registering Theme service...
[2025-12-13 15:04:50.615] ServiceContainer: Registered 'Theme' (singleton=True)
[2025-12-13 15:04:50.631] [INFO] Registering ThemeManager...
[2025-12-13 15:04:50.646] ServiceContainer: Registered 'ThemeManager' (singleton=True)
[2025-12-13 15:04:50.660] [INFO] Registering Config service...
[2025-12-13 15:04:50.676] ServiceContainer: Registered 'Config' (singleton=True)
[2025-12-13 15:04:50.691] [INFO] Registering TaskStore service...
[2025-12-13 15:04:50.706] ServiceContainer: Registered 'TaskStore' (singleton=True)
[2025-12-13 15:04:50.720] [INFO] Registering MenuRegistry service...
[2025-12-13 15:04:50.735] ServiceContainer: Registered 'MenuRegistry' (singleton=True)
[2025-12-13 15:04:50.749] [INFO] Registering Application service...
[2025-12-13 15:04:50.764] ServiceContainer: Registered 'Application' (singleton=True)
[2025-12-13 15:04:50.778] [INFO] Registering CommandService...
[2025-12-13 15:04:50.798] ServiceContainer: Registered 'CommandService' (singleton=True)
[2025-12-13 15:04:50.811] [INFO] Registering ChecklistService...
[2025-12-13 15:04:50.826] ServiceContainer: Registered 'ChecklistService' (singleton=True)
[2025-12-13 15:04:50.841] [INFO] Registering NoteService...
[2025-12-13 15:04:50.857] ServiceContainer: Registered 'NoteService' (singleton=True)
[2025-12-13 15:04:50.870] [INFO] Registering ExcelMappingService...
[2025-12-13 15:04:50.885] ServiceContainer: Registered 'ExcelMappingService' (singleton=True)
[2025-12-13 15:04:50.897] [INFO] Registering PreferencesService...
[2025-12-13 15:04:50.911] ServiceContainer: Registered 'PreferencesService' (singleton=True)
[2025-12-13 15:04:50.925] [INFO] Registering screen factories...
[2025-12-13 15:04:50.940] ServiceContainer: Registered 'TaskListScreen' (singleton=False)
[2025-12-13 15:04:50.957] [INFO] Resolving Application from container...
[2025-12-13 15:04:50.993] ServiceContainer: Resolving 'Application'...
[2025-12-13 15:04:51.011] [INFO] Resolving Application...
[2025-12-13 15:04:51.029] ServiceContainer: Resolving 'Theme'...
[2025-12-13 15:04:51.052] [INFO] Resolving Theme: Calling Initialize-PmcThemeSystem...
[2025-12-13 15:04:51.078] [INFO] Theme resolved: #33aaff
[2025-12-13 15:04:51.092] [INFO] Loading PmcThemeEngine...
[2025-12-13 15:04:51.220] [DEBUG] Palette [Footer] -> #185F30 (R=24 G=95 B=48)
[2025-12-13 15:04:51.234] [DEBUG] Palette [Label] -> #5C8F6D (R=92 G=143 B=109)
[2025-12-13 15:04:51.249] [DEBUG] Palette [Border] -> #185F30 (R=24 G=95 B=48)
[2025-12-13 15:04:51.264] [DEBUG] Palette [Cursor] -> #228844 (R=34 G=136 B=68)
[2025-12-13 15:04:51.278] [DEBUG] Palette [Muted] -> #5C8F6D (R=92 G=143 B=109)
[2025-12-13 15:04:51.293] [DEBUG] Palette [Highlight] -> #228844 (R=34 G=136 B=68)
[2025-12-13 15:04:51.308] [DEBUG] Palette [Text] -> #C2EACF (R=194 G=234 B=207)
[2025-12-13 15:04:51.322] [DEBUG] Palette [Bright] -> #2CB158 (R=44 G=177 B=88)
[2025-12-13 15:04:51.336] [DEBUG] Palette [Success] -> #2CB158 (R=44 G=177 B=88)
[2025-12-13 15:04:51.350] [DEBUG] Palette [Header] -> #228844 (R=34 G=136 B=68)
[2025-12-13 15:04:51.370] [DEBUG] Palette [Status] -> #5C8F6D (R=92 G=143 B=109)
[2025-12-13 15:04:51.384] [DEBUG] Palette [Primary] -> #228844 (R=34 G=136 B=68)
[2025-12-13 15:04:51.398] [DEBUG] Palette [Warning] -> #7FCA14 (R=127 G=202 B=20)
[2025-12-13 15:04:51.410] [DEBUG] Palette [Error] -> #BE2914 (R=190 G=41 B=20)
[2025-12-13 15:04:51.432] [INFO] LoadFromConfig: Loaded Properties with 16 items
[2025-12-13 15:04:51.456] [INFO] PmcThemeEngine initialized with PMC palette (14 colors)
[2025-12-13 15:04:51.470] ServiceContainer: Resolved 'Theme' successfully
[2025-12-13 15:04:51.585] ServiceContainer: Resolving 'ThemeManager'...
[2025-12-13 15:04:51.601] [INFO] Resolving ThemeManager...
[2025-12-13 15:04:51.727] ServiceContainer: Resolved 'ThemeManager' successfully
[2025-12-13 15:04:51.749] ServiceContainer: Resolved 'Application' successfully
[2025-12-13 15:04:51.766] [INFO] Application resolved and assigned to $global:PmcApp
[2025-12-13 15:04:51.781] [INFO] Loading menus from manifest...
[2025-12-13 15:04:51.796] ServiceContainer: Resolving 'MenuRegistry'...
[2025-12-13 15:04:51.812] [INFO] Resolving MenuRegistry...
[2025-12-13 15:04:51.831] ServiceContainer: Resolved 'MenuRegistry' successfully
[2025-12-13 15:04:51.861] MenuRegistry: Loaded manifest with 24 entries
[2025-12-13 15:04:51.895] ServiceContainer: Registered 'ExcelProfileManagerScreen' (singleton=False)
[2025-12-13 15:04:51.909] MenuRegistry: Registered screen factory 'ExcelProfileManagerScreen' in container (viewMode=)
[2025-12-13 15:04:51.935] MenuRegistry: Registered 'Excel Profiles' in 'Projects' menu (hotkey=M order=50)
[2025-12-13 15:04:51.952] ServiceContainer: Registered 'TaskListScreen_Week' (singleton=False)
[2025-12-13 15:04:51.970] MenuRegistry: Registered screen factory 'TaskListScreen_Week' in container (viewMode=week)
[2025-12-13 15:04:51.988] MenuRegistry: Registered 'Week View' in 'Tasks' menu (hotkey=W order=20)
[2025-12-13 15:04:52.007] ServiceContainer: Registered 'TaskListScreen_Default' (singleton=False)
[2025-12-13 15:04:52.025] MenuRegistry: Registered screen factory 'TaskListScreen_Default' in container (viewMode=)
[2025-12-13 15:04:52.049] MenuRegistry: Registered 'Task List' in 'Tasks' menu (hotkey=L order=5)
[2025-12-13 15:04:52.067] ServiceContainer: Registered 'TimeListScreen' (singleton=False)
[2025-12-13 15:04:52.084] MenuRegistry: Registered screen factory 'TimeListScreen' in container (viewMode=)
[2025-12-13 15:04:52.100] MenuRegistry: Registered 'Time Tracking' in 'Time' menu (hotkey=T order=5)
[2025-12-13 15:04:52.115] ServiceContainer: Registered 'TaskListScreen_Upcoming' (singleton=False)
[2025-12-13 15:04:52.128] MenuRegistry: Registered screen factory 'TaskListScreen_Upcoming' in container (viewMode=upcoming)
[2025-12-13 15:04:52.143] MenuRegistry: Registered 'Upcoming' in 'Tasks' menu (hotkey=U order=25)
[2025-12-13 15:04:52.157] ServiceContainer: Registered 'TaskListScreen_Overdue' (singleton=False)
[2025-12-13 15:04:52.171] MenuRegistry: Registered screen factory 'TaskListScreen_Overdue' in container (viewMode=overdue)
[2025-12-13 15:04:52.185] MenuRegistry: Registered 'Overdue' in 'Tasks' menu (hotkey=O order=30)
[2025-12-13 15:04:52.200] ServiceContainer: Registered 'ChecklistTemplatesFolderScreen' (singleton=False)
[2025-12-13 15:04:52.213] MenuRegistry: Registered screen factory 'ChecklistTemplatesFolderScreen' in container (viewMode=)
[2025-12-13 15:04:52.228] MenuRegistry: Registered 'Checklist Templates' in 'Tools' menu (hotkey=H order=30)
[2025-12-13 15:04:52.249] ServiceContainer: Registered 'TaskListScreen_Agenda' (singleton=False)
[2025-12-13 15:04:52.265] MenuRegistry: Registered screen factory 'TaskListScreen_Agenda' in container (viewMode=agenda)
[2025-12-13 15:04:52.280] MenuRegistry: Registered 'Agenda View' in 'Tasks' menu (hotkey=A order=50)
[2025-12-13 15:04:52.295] ServiceContainer: Registered 'TaskListScreen_NextActions' (singleton=False)
[2025-12-13 15:04:52.311] MenuRegistry: Registered screen factory 'TaskListScreen_NextActions' in container (viewMode=nextactions)
[2025-12-13 15:04:52.326] MenuRegistry: Registered 'Next Actions' in 'Tasks' menu (hotkey=N order=35)
[2025-12-13 15:04:52.340] ServiceContainer: Registered 'ChecklistsLauncherScreen' (singleton=False)
[2025-12-13 15:04:52.354] MenuRegistry: Registered screen factory 'ChecklistsLauncherScreen' in container (viewMode=)
[2025-12-13 15:04:52.368] MenuRegistry: Registered 'Checklists' in 'Tools' menu (hotkey=C order=25)
[2025-12-13 15:04:52.382] ServiceContainer: Registered 'TaskListScreen_Month' (singleton=False)
[2025-12-13 15:04:52.397] MenuRegistry: Registered screen factory 'TaskListScreen_Month' in container (viewMode=month)
[2025-12-13 15:04:52.412] MenuRegistry: Registered 'Month View' in 'Tasks' menu (hotkey=M order=45)
[2025-12-13 15:04:52.429] ServiceContainer: Registered 'TaskListScreen_Tomorrow' (singleton=False)
[2025-12-13 15:04:52.443] MenuRegistry: Registered screen factory 'TaskListScreen_Tomorrow' in container (viewMode=tomorrow)
[2025-12-13 15:04:52.455] MenuRegistry: Registered 'Tomorrow' in 'Tasks' menu (hotkey=T order=15)
[2025-12-13 15:04:52.470] ServiceContainer: Registered 'TimeReportScreen' (singleton=False)
[2025-12-13 15:04:52.485] MenuRegistry: Registered screen factory 'TimeReportScreen' in container (viewMode=)
[2025-12-13 15:04:52.501] MenuRegistry: Registered 'Time Report' in 'Time' menu (hotkey=R order=20)
[2025-12-13 15:04:52.517] ServiceContainer: Registered 'WeeklyTimeReportScreen' (singleton=False)
[2025-12-13 15:04:52.531] MenuRegistry: Registered screen factory 'WeeklyTimeReportScreen' in container (viewMode=)
[2025-12-13 15:04:52.547] MenuRegistry: Registered 'Weekly Report' in 'Time' menu (hotkey=W order=10)
[2025-12-13 15:04:52.563] ServiceContainer: Registered 'ExcelImportScreen' (singleton=False)
[2025-12-13 15:04:52.577] MenuRegistry: Registered screen factory 'ExcelImportScreen' in container (viewMode=)
[2025-12-13 15:04:52.591] MenuRegistry: Registered 'Import from Excel' in 'Projects' menu (hotkey=I order=40)
[2025-12-13 15:04:52.607] ServiceContainer: Registered 'ThemeEditorScreen' (singleton=False)
[2025-12-13 15:04:52.620] MenuRegistry: Registered screen factory 'ThemeEditorScreen' in container (viewMode=)
[2025-12-13 15:04:52.635] MenuRegistry: Registered 'Theme Editor' in 'Options' menu (hotkey=T order=10)
[2025-12-13 15:04:52.650] ServiceContainer: Registered 'HelpViewScreen' (singleton=False)
[2025-12-13 15:04:52.666] MenuRegistry: Registered screen factory 'HelpViewScreen' in container (viewMode=)
[2025-12-13 15:04:52.684] MenuRegistry: Registered 'Help' in 'Help' menu (hotkey=H order=10)
[2025-12-13 15:04:52.698] ServiceContainer: Registered 'KanbanScreenV2' (singleton=False)
[2025-12-13 15:04:52.712] MenuRegistry: Registered screen factory 'KanbanScreenV2' in container (viewMode=)
[2025-12-13 15:04:52.728] MenuRegistry: Registered 'Kanban Board' in 'Tasks' menu (hotkey=K order=55)
[2025-12-13 15:04:52.743] ServiceContainer: Registered 'ProjectListScreen' (singleton=False)
[2025-12-13 15:04:52.758] MenuRegistry: Registered screen factory 'ProjectListScreen' in container (viewMode=)
[2025-12-13 15:04:52.773] MenuRegistry: Registered 'Project List' in 'Projects' menu (hotkey=L order=10)
[2025-12-13 15:04:52.788] ServiceContainer: Registered 'TaskListScreen_NoDate' (singleton=False)
[2025-12-13 15:04:52.804] MenuRegistry: Registered screen factory 'TaskListScreen_NoDate' in container (viewMode=noduedate)
[2025-12-13 15:04:52.821] MenuRegistry: Registered 'No Due Date' in 'Tasks' menu (hotkey=D order=40)
[2025-12-13 15:04:52.838] ServiceContainer: Registered 'CommandLibraryScreen' (singleton=False)
[2025-12-13 15:04:52.855] MenuRegistry: Registered screen factory 'CommandLibraryScreen' in container (viewMode=)
[2025-12-13 15:04:52.872] MenuRegistry: Registered 'Command Library' in 'Tools' menu (hotkey=L order=10)
[2025-12-13 15:04:52.892] ServiceContainer: Registered 'SettingsScreen' (singleton=False)
[2025-12-13 15:04:52.912] MenuRegistry: Registered screen factory 'SettingsScreen' in container (viewMode=)
[2025-12-13 15:04:52.932] MenuRegistry: Registered 'Settings' in 'Options' menu (hotkey=S order=20)
[2025-12-13 15:04:52.968] ServiceContainer: Registered 'TaskListScreen_Today' (singleton=False)
[2025-12-13 15:04:53.029] MenuRegistry: Registered screen factory 'TaskListScreen_Today' in container (viewMode=today)
[2025-12-13 15:04:53.079] MenuRegistry: Registered 'Today' in 'Tasks' menu (hotkey=Y order=10)
[2025-12-13 15:04:53.108] ServiceContainer: Registered 'NotesMenuScreen' (singleton=False)
[2025-12-13 15:04:53.138] MenuRegistry: Registered screen factory 'NotesMenuScreen' in container (viewMode=)
[2025-12-13 15:04:53.157] MenuRegistry: Registered 'Notes' in 'Tools' menu (hotkey=N order=20)
[2025-12-13 15:04:53.174] [INFO] Menus loaded from C:\Users\jhnhe\OneDrive\Documents\GitHub\project-management-console\og_transport\HYBRID\module\Pmc.Strict\consoleui\screens\MenuItems.psd1
[2025-12-13 15:04:53.190] [INFO] Launching screen: TaskList
[2025-12-13 15:04:53.207] [INFO] Resolving TaskListScreen from container...
[2025-12-13 15:04:53.222] ServiceContainer: Resolving 'TaskListScreen'...
[2025-12-13 15:04:53.241] [INFO] Resolving TaskListScreen...
[2025-12-13 15:04:53.257] ServiceContainer: Resolving 'TaskStore'...
[2025-12-13 15:04:53.275] [INFO] Resolving TaskStore...
[2025-12-13 15:04:53.329] [DEBUG] TaskStore.LoadData: Starting
[2025-12-13 15:04:53.346] [DEBUG] TaskStore.LoadData: Calling Get-PmcData
[2025-12-13 15:04:53.725] [DEBUG] TaskStore.LoadData: Get-PmcData returned - tasks=4 projects=2 timelogs=3
[2025-12-13 15:04:53.750] [DEBUG] TaskStore.LoadData: Loaded 4 tasks
[2025-12-13 15:04:53.769] [DEBUG] TaskStore.LoadData: Loaded 2 projects
[2025-12-13 15:04:53.794] [INFO] Cleanup - showing cursor and resetting terminal
