[2025-12-14 15:25:01.797] [INFO] Loading PMC module...
[2025-12-14 15:25:03.278] [INFO] PMC module loaded
[2025-12-14 15:25:03.280] [INFO] Loading dependencies (FieldSchemas, etc.)...
[2025-12-14 15:25:03.636] [INFO] Dependencies loaded
[2025-12-14 15:25:03.664] [INFO] Loading SpeedTUI framework...
[2025-12-14 15:25:04.140] [INFO] SpeedTUI framework loaded
[2025-12-14 15:25:04.158] [INFO] Loading PraxisVT...
[2025-12-14 15:25:04.187] [INFO] PraxisVT loaded
[2025-12-14 15:25:04.202] [INFO] Loading core dependencies...
[2025-12-14 15:25:04.302] [INFO] Core dependencies loaded
[2025-12-14 15:25:04.319] [INFO] Loading widget base classes...
[2025-12-14 15:25:04.415] [INFO] Widget base classes loaded
[2025-12-14 15:25:04.430] [INFO] Loading services...
[2025-12-14 15:25:04.666] [INFO] Services loaded
[2025-12-14 15:25:04.687] [INFO] Loading helpers...
[2025-12-14 15:25:06.266] [INFO] Helpers loaded
[2025-12-14 15:25:06.267] [INFO] Loading widgets...
[2025-12-14 15:25:06.783] [INFO] Widgets loaded
[2025-12-14 15:25:06.791] [INFO] Loading screen base class...
[2025-12-14 15:25:06.825] [INFO] Screen base class loaded
[2025-12-14 15:25:06.835] [INFO] Loading HelpViewScreen (needed by base classes)...
[2025-12-14 15:25:06.868] [INFO] HelpViewScreen loaded
[2025-12-14 15:25:06.880] [INFO] Loading base classes...
[2025-12-14 15:25:06.986] [INFO] Base classes loaded
[2025-12-14 15:25:06.998] [INFO] Loading ServiceContainer (needed by screens)...
[2025-12-14 15:25:07.022] [INFO] ServiceContainer loaded
[2025-12-14 15:25:07.031] [INFO] Loading remaining screens...
[2025-12-14 15:25:07.143] [INFO] Remaining screens loaded
[2025-12-14 15:25:07.153] [INFO] Loading PmcApplication...
[2025-12-14 15:25:07.184] [INFO] PmcApplication loaded
[2025-12-14 15:25:07.198] [INFO] All components loaded successfully
[2025-12-14 15:25:07.220] [INFO] Starting PMC TUI with screen: TaskList
[2025-12-14 15:25:07.237] [INFO] Cleared stale PmcSharedMenuBar and MenuRegistry singleton
[2025-12-14 15:25:07.248] [INFO] Creating ServiceContainer...
[2025-12-14 15:25:07.265] [INFO] ServiceContainer created
[2025-12-14 15:25:07.275] [INFO] Registering Theme service...
[2025-12-14 15:25:07.295] ServiceContainer: Registered 'Theme' (singleton=True)
[2025-12-14 15:25:07.309] [INFO] Registering ThemeManager...
[2025-12-14 15:25:07.322] ServiceContainer: Registered 'ThemeManager' (singleton=True)
[2025-12-14 15:25:07.334] [INFO] Registering Config service...
[2025-12-14 15:25:07.344] ServiceContainer: Registered 'Config' (singleton=True)
[2025-12-14 15:25:07.354] [INFO] Registering TaskStore service...
[2025-12-14 15:25:07.365] ServiceContainer: Registered 'TaskStore' (singleton=True)
[2025-12-14 15:25:07.375] [INFO] Registering MenuRegistry service...
[2025-12-14 15:25:07.385] ServiceContainer: Registered 'MenuRegistry' (singleton=True)
[2025-12-14 15:25:07.397] [INFO] Registering Application service...
[2025-12-14 15:25:07.411] ServiceContainer: Registered 'Application' (singleton=True)
[2025-12-14 15:25:07.423] [INFO] Registering CommandService...
[2025-12-14 15:25:07.437] ServiceContainer: Registered 'CommandService' (singleton=True)
[2025-12-14 15:25:07.450] [INFO] Registering ChecklistService...
[2025-12-14 15:25:07.462] ServiceContainer: Registered 'ChecklistService' (singleton=True)
[2025-12-14 15:25:07.477] [INFO] Registering NoteService...
[2025-12-14 15:25:07.490] ServiceContainer: Registered 'NoteService' (singleton=True)
[2025-12-14 15:25:07.510] [INFO] Registering ExcelMappingService...
[2025-12-14 15:25:07.524] ServiceContainer: Registered 'ExcelMappingService' (singleton=True)
[2025-12-14 15:25:07.535] [INFO] Registering PreferencesService...
[2025-12-14 15:25:07.545] ServiceContainer: Registered 'PreferencesService' (singleton=True)
[2025-12-14 15:25:07.559] [INFO] Registering screen factories...
[2025-12-14 15:25:07.572] ServiceContainer: Registered 'TaskListScreen' (singleton=False)
[2025-12-14 15:25:07.582] [INFO] Resolving Application from container...
[2025-12-14 15:25:07.601] ServiceContainer: Resolving 'Application'...
[2025-12-14 15:25:07.613] [INFO] Resolving Application...
[2025-12-14 15:25:07.623] ServiceContainer: Resolving 'Theme'...
[2025-12-14 15:25:07.639] [INFO] Resolving Theme: Calling Initialize-PmcThemeSystem...
[2025-12-14 15:25:07.656] [INFO] Theme resolved: #33aaff
[2025-12-14 15:25:07.665] [INFO] Loading PmcThemeEngine...
[2025-12-14 15:25:07.760] [DEBUG] Palette [Label] -> #5C8F6D (R=92 G=143 B=109)
[2025-12-14 15:25:07.770] [DEBUG] Palette [Text] -> #C2EACF (R=194 G=234 B=207)
[2025-12-14 15:25:07.780] [DEBUG] Palette [Success] -> #2CB158 (R=44 G=177 B=88)
[2025-12-14 15:25:07.790] [DEBUG] Palette [Muted] -> #5C8F6D (R=92 G=143 B=109)
[2025-12-14 15:25:07.800] [DEBUG] Palette [Warning] -> #7FCA14 (R=127 G=202 B=20)
[2025-12-14 15:25:07.815] [DEBUG] Palette [Cursor] -> #228844 (R=34 G=136 B=68)
[2025-12-14 15:25:07.827] [DEBUG] Palette [Bright] -> #2CB158 (R=44 G=177 B=88)
[2025-12-14 15:25:07.837] [DEBUG] Palette [Footer] -> #185F30 (R=24 G=95 B=48)
[2025-12-14 15:25:07.847] [DEBUG] Palette [Primary] -> #228844 (R=34 G=136 B=68)
[2025-12-14 15:25:07.857] [DEBUG] Palette [Border] -> #185F30 (R=24 G=95 B=48)
[2025-12-14 15:25:07.868] [DEBUG] Palette [Error] -> #BE2914 (R=190 G=41 B=20)
[2025-12-14 15:25:07.879] [DEBUG] Palette [Status] -> #5C8F6D (R=92 G=143 B=109)
[2025-12-14 15:25:07.890] [DEBUG] Palette [Highlight] -> #228844 (R=34 G=136 B=68)
[2025-12-14 15:25:07.901] [DEBUG] Palette [Header] -> #228844 (R=34 G=136 B=68)
[2025-12-14 15:25:07.922] [INFO] LoadFromConfig: Loaded Properties with 16 items
[2025-12-14 15:25:07.945] [INFO] PmcThemeEngine initialized with PMC palette (14 colors)
[2025-12-14 15:25:07.957] ServiceContainer: Resolved 'Theme' successfully
[2025-12-14 15:25:08.260] ServiceContainer: Resolving 'ThemeManager'...
[2025-12-14 15:25:08.272] [INFO] Resolving ThemeManager...
[2025-12-14 15:25:08.351] ServiceContainer: Resolved 'ThemeManager' successfully
[2025-12-14 15:25:08.371] ServiceContainer: Resolved 'Application' successfully
[2025-12-14 15:25:08.381] [INFO] Application resolved and assigned to $global:PmcApp
[2025-12-14 15:25:08.392] [INFO] Loading menus from manifest...
[2025-12-14 15:25:08.402] ServiceContainer: Resolving 'MenuRegistry'...
[2025-12-14 15:25:08.414] [INFO] Resolving MenuRegistry...
[2025-12-14 15:25:08.435] ServiceContainer: Resolved 'MenuRegistry' successfully
[2025-12-14 15:25:08.459] MenuRegistry: Loaded manifest with 24 entries
[2025-12-14 15:25:08.486] ServiceContainer: Registered 'ProjectListScreen' (singleton=False)
[2025-12-14 15:25:08.495] MenuRegistry: Registered screen factory 'ProjectListScreen' in container (viewMode=)
[2025-12-14 15:25:08.514] MenuRegistry: Registered 'Project List' in 'Projects' menu (hotkey=L order=10)
[2025-12-14 15:25:08.526] ServiceContainer: Registered 'ExcelProfileManagerScreen' (singleton=False)
[2025-12-14 15:25:08.537] MenuRegistry: Registered screen factory 'ExcelProfileManagerScreen' in container (viewMode=)
[2025-12-14 15:25:08.548] MenuRegistry: Registered 'Excel Profiles' in 'Projects' menu (hotkey=M order=50)
[2025-12-14 15:25:08.561] ServiceContainer: Registered 'CommandLibraryScreen' (singleton=False)
[2025-12-14 15:25:08.573] MenuRegistry: Registered screen factory 'CommandLibraryScreen' in container (viewMode=)
[2025-12-14 15:25:08.583] MenuRegistry: Registered 'Command Library' in 'Tools' menu (hotkey=L order=10)
[2025-12-14 15:25:08.596] ServiceContainer: Registered 'TaskListScreen_Month' (singleton=False)
[2025-12-14 15:25:08.605] MenuRegistry: Registered screen factory 'TaskListScreen_Month' in container (viewMode=month)
[2025-12-14 15:25:08.615] MenuRegistry: Registered 'Month View' in 'Tasks' menu (hotkey=M order=45)
[2025-12-14 15:25:08.625] ServiceContainer: Registered 'TaskListScreen_NoDate' (singleton=False)
[2025-12-14 15:25:08.634] MenuRegistry: Registered screen factory 'TaskListScreen_NoDate' in container (viewMode=noduedate)
[2025-12-14 15:25:08.645] MenuRegistry: Registered 'No Due Date' in 'Tasks' menu (hotkey=D order=40)
[2025-12-14 15:25:08.655] ServiceContainer: Registered 'ChecklistsLauncherScreen' (singleton=False)
[2025-12-14 15:25:08.665] MenuRegistry: Registered screen factory 'ChecklistsLauncherScreen' in container (viewMode=)
[2025-12-14 15:25:08.685] MenuRegistry: Registered 'Checklists' in 'Tools' menu (hotkey=C order=25)
[2025-12-14 15:25:08.701] ServiceContainer: Registered 'TimeReportScreen' (singleton=False)
[2025-12-14 15:25:08.714] MenuRegistry: Registered screen factory 'TimeReportScreen' in container (viewMode=)
[2025-12-14 15:25:08.725] MenuRegistry: Registered 'Time Report' in 'Time' menu (hotkey=R order=20)
[2025-12-14 15:25:08.740] ServiceContainer: Registered 'TaskListScreen_Tomorrow' (singleton=False)
[2025-12-14 15:25:08.752] MenuRegistry: Registered screen factory 'TaskListScreen_Tomorrow' in container (viewMode=tomorrow)
[2025-12-14 15:25:08.764] MenuRegistry: Registered 'Tomorrow' in 'Tasks' menu (hotkey=T order=15)
[2025-12-14 15:25:08.776] ServiceContainer: Registered 'TimeListScreen' (singleton=False)
[2025-12-14 15:25:08.787] MenuRegistry: Registered screen factory 'TimeListScreen' in container (viewMode=)
[2025-12-14 15:25:08.800] MenuRegistry: Registered 'Time Tracking' in 'Time' menu (hotkey=T order=5)
[2025-12-14 15:25:08.819] ServiceContainer: Registered 'TaskListScreen_Upcoming' (singleton=False)
[2025-12-14 15:25:08.835] MenuRegistry: Registered screen factory 'TaskListScreen_Upcoming' in container (viewMode=upcoming)
[2025-12-14 15:25:08.847] MenuRegistry: Registered 'Upcoming' in 'Tasks' menu (hotkey=U order=25)
[2025-12-14 15:25:08.859] ServiceContainer: Registered 'TaskListScreen_Week' (singleton=False)
[2025-12-14 15:25:08.871] MenuRegistry: Registered screen factory 'TaskListScreen_Week' in container (viewMode=week)
[2025-12-14 15:25:08.883] MenuRegistry: Registered 'Week View' in 'Tasks' menu (hotkey=W order=20)
[2025-12-14 15:25:08.895] ServiceContainer: Registered 'TaskListScreen_NextActions' (singleton=False)
[2025-12-14 15:25:08.907] MenuRegistry: Registered screen factory 'TaskListScreen_NextActions' in container (viewMode=nextactions)
[2025-12-14 15:25:08.920] MenuRegistry: Registered 'Next Actions' in 'Tasks' menu (hotkey=N order=35)
[2025-12-14 15:25:08.936] ServiceContainer: Registered 'TaskListScreen_Today' (singleton=False)
[2025-12-14 15:25:08.950] MenuRegistry: Registered screen factory 'TaskListScreen_Today' in container (viewMode=today)
[2025-12-14 15:25:08.961] MenuRegistry: Registered 'Today' in 'Tasks' menu (hotkey=Y order=10)
[2025-12-14 15:25:08.972] ServiceContainer: Registered 'SettingsScreen' (singleton=False)
[2025-12-14 15:25:08.982] MenuRegistry: Registered screen factory 'SettingsScreen' in container (viewMode=)
[2025-12-14 15:25:08.992] MenuRegistry: Registered 'Settings' in 'Options' menu (hotkey=S order=20)
[2025-12-14 15:25:09.004] ServiceContainer: Registered 'ThemeEditorScreen' (singleton=False)
[2025-12-14 15:25:09.015] MenuRegistry: Registered screen factory 'ThemeEditorScreen' in container (viewMode=)
[2025-12-14 15:25:09.026] MenuRegistry: Registered 'Theme Editor' in 'Options' menu (hotkey=T order=10)
[2025-12-14 15:25:09.036] ServiceContainer: Registered 'KanbanScreenV2' (singleton=False)
[2025-12-14 15:25:09.046] MenuRegistry: Registered screen factory 'KanbanScreenV2' in container (viewMode=)
[2025-12-14 15:25:09.060] MenuRegistry: Registered 'Kanban Board' in 'Tasks' menu (hotkey=K order=55)
[2025-12-14 15:25:09.073] ServiceContainer: Registered 'WeeklyTimeReportScreen' (singleton=False)
[2025-12-14 15:25:09.082] MenuRegistry: Registered screen factory 'WeeklyTimeReportScreen' in container (viewMode=)
[2025-12-14 15:25:09.093] MenuRegistry: Registered 'Weekly Report' in 'Time' menu (hotkey=W order=10)
[2025-12-14 15:25:09.104] ServiceContainer: Registered 'TaskListScreen_Default' (singleton=False)
[2025-12-14 15:25:09.114] MenuRegistry: Registered screen factory 'TaskListScreen_Default' in container (viewMode=)
[2025-12-14 15:25:09.125] MenuRegistry: Registered 'Task List' in 'Tasks' menu (hotkey=L order=5)
[2025-12-14 15:25:09.135] ServiceContainer: Registered 'ExcelImportScreen' (singleton=False)
[2025-12-14 15:25:09.144] MenuRegistry: Registered screen factory 'ExcelImportScreen' in container (viewMode=)
[2025-12-14 15:25:09.155] MenuRegistry: Registered 'Import from Excel' in 'Projects' menu (hotkey=I order=40)
[2025-12-14 15:25:09.165] ServiceContainer: Registered 'NotesMenuScreen' (singleton=False)
[2025-12-14 15:25:09.175] MenuRegistry: Registered screen factory 'NotesMenuScreen' in container (viewMode=)
[2025-12-14 15:25:09.189] MenuRegistry: Registered 'Notes' in 'Tools' menu (hotkey=N order=20)
[2025-12-14 15:25:09.202] ServiceContainer: Registered 'HelpViewScreen' (singleton=False)
[2025-12-14 15:25:09.212] MenuRegistry: Registered screen factory 'HelpViewScreen' in container (viewMode=)
[2025-12-14 15:25:09.222] MenuRegistry: Registered 'Help' in 'Help' menu (hotkey=H order=10)
[2025-12-14 15:25:09.233] ServiceContainer: Registered 'TaskListScreen_Overdue' (singleton=False)
[2025-12-14 15:25:09.242] MenuRegistry: Registered screen factory 'TaskListScreen_Overdue' in container (viewMode=overdue)
[2025-12-14 15:25:09.252] MenuRegistry: Registered 'Overdue' in 'Tasks' menu (hotkey=O order=30)
[2025-12-14 15:25:09.263] ServiceContainer: Registered 'ChecklistTemplatesFolderScreen' (singleton=False)
[2025-12-14 15:25:09.273] MenuRegistry: Registered screen factory 'ChecklistTemplatesFolderScreen' in container (viewMode=)
[2025-12-14 15:25:09.284] MenuRegistry: Registered 'Checklist Templates' in 'Tools' menu (hotkey=H order=30)
[2025-12-14 15:25:09.295] ServiceContainer: Registered 'TaskListScreen_Agenda' (singleton=False)
[2025-12-14 15:25:09.306] MenuRegistry: Registered screen factory 'TaskListScreen_Agenda' in container (viewMode=agenda)
[2025-12-14 15:25:09.319] MenuRegistry: Registered 'Agenda View' in 'Tasks' menu (hotkey=A order=50)
[2025-12-14 15:25:09.330] [INFO] Menus loaded from C:\Users\jhnhe\OneDrive\Documents\GitHub\project-management-console\og_transport\HYBRID\module\Pmc.Strict\consoleui\screens\MenuItems.psd1
[2025-12-14 15:25:09.341] [INFO] Launching screen: TaskList
[2025-12-14 15:25:09.351] [INFO] Resolving TaskListScreen from container...
[2025-12-14 15:25:09.362] ServiceContainer: Resolving 'TaskListScreen'...
[2025-12-14 15:25:09.375] [INFO] Resolving TaskListScreen...
[2025-12-14 15:25:09.386] ServiceContainer: Resolving 'TaskStore'...
[2025-12-14 15:25:09.396] [INFO] Resolving TaskStore...
[2025-12-14 15:25:09.435] [DEBUG] TaskStore.LoadData: Starting
[2025-12-14 15:25:09.452] [DEBUG] TaskStore.LoadData: Calling Get-PmcData
[2025-12-14 15:25:09.660] [DEBUG] TaskStore.LoadData: Get-PmcData returned - tasks=2 projects=2 timelogs=3
[2025-12-14 15:25:09.678] [DEBUG] TaskStore.LoadData: Loaded 2 tasks
[2025-12-14 15:25:09.697] [DEBUG] TaskStore.LoadData: Loaded 2 projects
[2025-12-14 15:25:09.713] [DEBUG] TaskStore.LoadData: First project name='p1' ID1='111'
[2025-12-14 15:25:09.729] ServiceContainer: Resolved 'TaskStore' successfully
[2025-12-14 15:25:10.093] [DEBUG] PmcScreen.AddContentWidget: Adding UniversalList (Total: 1)
[2025-12-14 15:25:10.149] [DEBUG] TaskListScreen: Constructor started
[2025-12-14 15:25:10.205] _PopulateMenusFromRegistry: Menu 'Tasks' has 11 items from registry (array)
[2025-12-14 15:25:10.229] _PopulateMenusFromRegistry: Menu 'Tools' has 4 items from registry (array)
[2025-12-14 15:25:10.242] _PopulateMenusFromRegistry: Menu 'Help' has 1 items from registry (array)
[2025-12-14 15:25:10.256] _PopulateMenusFromRegistry: Menu 'Projects' has 3 items from registry (array)
[2025-12-14 15:25:10.269] _PopulateMenusFromRegistry: Menu 'Time' has 3 items from registry (array)
[2025-12-14 15:25:10.281] _PopulateMenusFromRegistry: Menu 'Options' has 2 items from registry (array)
[2025-12-14 15:25:10.290] [DEBUG] TaskListScreen: Constructor completed
[2025-12-14 15:25:10.300] ServiceContainer: Resolved 'TaskListScreen' successfully
[2025-12-14 15:25:10.315] [INFO] Pushing screen to app...
[2025-12-14 15:25:10.733] [DEBUG] LoadData: Got 2 tasks from Store
[2025-12-14 15:25:10.788] [DEBUG] TaskListScreen.LoadData: Setting 2 tasks
[2025-12-14 15:25:10.800] [DEBUG] UniversalList.SetData: START
[2025-12-14 15:25:10.856] [DEBUG] UniversalList.SetData: COMPLETE (2 items)
[2025-12-14 15:25:10.993] [INFO] Screen pushed successfully
[2025-12-14 15:25:11.003] [INFO] Starting event loop...
[2025-12-14 15:25:11.448] [DEBUG] PmcScreen: Calling RenderToEngine on UniversalList
[2025-12-14 15:25:13.693] [DEBUG] PmcScreen: Calling RenderToEngine on UniversalList
[2025-12-14 15:25:14.648] [DEBUG] StandardListScreen: Routing to InlineEditor (Key=Tab)
[2025-12-14 15:25:14.661] [DEBUG] StandardListScreen: After HandleInput - IsConfirmed=False IsCancelled=False ShowInlineEditor=True
[2025-12-14 15:25:14.676] [DEBUG] StandardListScreen: After close check - ShowInlineEditor=True
[2025-12-14 15:25:14.860] [DEBUG] PmcScreen: Calling RenderToEngine on UniversalList
[2025-12-14 15:25:15.309] [DEBUG] StandardListScreen: Routing to InlineEditor (Key=Tab)
[2025-12-14 15:25:15.324] [DEBUG] StandardListScreen: After HandleInput - IsConfirmed=False IsCancelled=False ShowInlineEditor=True
[2025-12-14 15:25:15.334] [DEBUG] StandardListScreen: After close check - ShowInlineEditor=True
[2025-12-14 15:25:15.495] [DEBUG] PmcScreen: Calling RenderToEngine on UniversalList
[2025-12-14 15:25:16.090] [DEBUG] StandardListScreen: Routing to InlineEditor (Key=Tab)
[2025-12-14 15:25:16.102] [DEBUG] StandardListScreen: After HandleInput - IsConfirmed=False IsCancelled=False ShowInlineEditor=True
[2025-12-14 15:25:16.114] [DEBUG] StandardListScreen: After close check - ShowInlineEditor=True
[2025-12-14 15:25:16.258] [DEBUG] PmcScreen: Calling RenderToEngine on UniversalList
[2025-12-14 15:25:16.690] [DEBUG] StandardListScreen: Routing to InlineEditor (Key=Enter)
[2025-12-14 15:25:16.759] [DEBUG] StandardListScreen: After HandleInput - IsConfirmed=False IsCancelled=False ShowInlineEditor=True
[2025-12-14 15:25:16.773] [DEBUG] StandardListScreen: After close check - ShowInlineEditor=True
[2025-12-14 15:25:17.010] [INFO] PadText: text='Type to filter...' rawLen=17 visibleLen=17 width=56 align=left
[2025-12-14 15:25:17.080] [INFO] PadText: text='Enter=Select | Alt+N=Create' rawLen=27 visibleLen=27 width=56 align=left
[2025-12-14 15:25:17.096] [DEBUG] PmcScreen: Calling RenderToEngine on UniversalList
[2025-12-14 15:25:17.214] [INFO] PadText: text='Type to filter...' rawLen=17 visibleLen=17 width=56 align=left
[2025-12-14 15:25:17.269] [INFO] PadText: text='Enter=Select | Alt+N=Create' rawLen=27 visibleLen=27 width=56 align=left
[2025-12-14 15:25:17.408] [INFO] PadText: text='Type to filter...' rawLen=17 visibleLen=17 width=56 align=left
[2025-12-14 15:25:17.465] [INFO] PadText: text='Enter=Select | Alt+N=Create' rawLen=27 visibleLen=27 width=56 align=left
[2025-12-14 15:25:17.529] [INFO] PadText: text='Type to filter...' rawLen=17 visibleLen=17 width=56 align=left
[2025-12-14 15:25:17.584] [INFO] PadText: text='Enter=Select | Alt+N=Create' rawLen=27 visibleLen=27 width=56 align=left
[2025-12-14 15:34:01.998] [INFO] Event loop exited normally
[2025-12-14 15:34:02.003] [INFO] Cleanup - showing cursor and resetting terminal
