[2025-12-13 15:55:15.164] [INFO] Loading PMC module...
[2025-12-13 15:55:17.071] [INFO] PMC module loaded
[2025-12-13 15:55:17.074] [INFO] Loading dependencies (FieldSchemas, etc.)...
[2025-12-13 15:55:17.255] [INFO] Dependencies loaded
[2025-12-13 15:55:17.269] [INFO] Loading SpeedTUI framework...
[2025-12-13 15:55:17.638] [INFO] SpeedTUI framework loaded
[2025-12-13 15:55:17.656] [INFO] Loading PraxisVT...
[2025-12-13 15:55:17.682] [INFO] PraxisVT loaded
[2025-12-13 15:55:17.698] [INFO] Loading core dependencies...
[2025-12-13 15:55:17.792] [INFO] Core dependencies loaded
[2025-12-13 15:55:17.811] [INFO] Loading widget base classes...
[2025-12-13 15:55:17.912] [INFO] Widget base classes loaded
[2025-12-13 15:55:17.926] [INFO] Loading services...
[2025-12-13 15:55:18.223] [INFO] Services loaded
[2025-12-13 15:55:18.244] [INFO] Loading helpers...
[2025-12-13 15:55:19.653] [INFO] Helpers loaded
[2025-12-13 15:55:19.655] [INFO] Loading widgets...
[2025-12-13 15:55:20.551] [INFO] Widgets loaded
[2025-12-13 15:55:20.553] [INFO] Loading screen base class...
[2025-12-13 15:55:20.639] [INFO] Screen base class loaded
[2025-12-13 15:55:20.659] [INFO] Loading HelpViewScreen (needed by base classes)...
[2025-12-13 15:55:20.707] [INFO] HelpViewScreen loaded
[2025-12-13 15:55:20.724] [INFO] Loading base classes...
[2025-12-13 15:55:20.851] [INFO] Base classes loaded
[2025-12-13 15:55:20.864] [INFO] Loading ServiceContainer (needed by screens)...
[2025-12-13 15:55:20.896] [INFO] ServiceContainer loaded
[2025-12-13 15:55:20.911] [INFO] Loading remaining screens...
[2025-12-13 15:55:21.075] [INFO] Remaining screens loaded
[2025-12-13 15:55:21.090] [INFO] Loading PmcApplication...
[2025-12-13 15:55:21.128] [INFO] PmcApplication loaded
[2025-12-13 15:55:21.144] [INFO] All components loaded successfully
[2025-12-13 15:55:21.166] [INFO] Starting PMC TUI with screen: TaskList
[2025-12-13 15:55:21.185] [INFO] Cleared stale PmcSharedMenuBar and MenuRegistry singleton
[2025-12-13 15:55:21.199] [INFO] Creating ServiceContainer...
[2025-12-13 15:55:21.220] [INFO] ServiceContainer created
[2025-12-13 15:55:21.247] [INFO] Registering Theme service...
[2025-12-13 15:55:21.312] ServiceContainer: Registered 'Theme' (singleton=True)
[2025-12-13 15:55:21.334] [INFO] Registering ThemeManager...
[2025-12-13 15:55:21.362] ServiceContainer: Registered 'ThemeManager' (singleton=True)
[2025-12-13 15:55:21.390] [INFO] Registering Config service...
[2025-12-13 15:55:21.411] ServiceContainer: Registered 'Config' (singleton=True)
[2025-12-13 15:55:21.439] [INFO] Registering TaskStore service...
[2025-12-13 15:55:21.462] ServiceContainer: Registered 'TaskStore' (singleton=True)
[2025-12-13 15:55:21.493] [INFO] Registering MenuRegistry service...
[2025-12-13 15:55:21.524] ServiceContainer: Registered 'MenuRegistry' (singleton=True)
[2025-12-13 15:55:21.555] [INFO] Registering Application service...
[2025-12-13 15:55:21.575] ServiceContainer: Registered 'Application' (singleton=True)
[2025-12-13 15:55:21.591] [INFO] Registering CommandService...
[2025-12-13 15:55:21.645] ServiceContainer: Registered 'CommandService' (singleton=True)
[2025-12-13 15:55:21.662] [INFO] Registering ChecklistService...
[2025-12-13 15:55:21.685] ServiceContainer: Registered 'ChecklistService' (singleton=True)
[2025-12-13 15:55:21.713] [INFO] Registering NoteService...
[2025-12-13 15:55:21.727] ServiceContainer: Registered 'NoteService' (singleton=True)
[2025-12-13 15:55:21.741] [INFO] Registering ExcelMappingService...
[2025-12-13 15:55:21.761] ServiceContainer: Registered 'ExcelMappingService' (singleton=True)
[2025-12-13 15:55:21.778] [INFO] Registering PreferencesService...
[2025-12-13 15:55:21.794] ServiceContainer: Registered 'PreferencesService' (singleton=True)
[2025-12-13 15:55:21.813] [INFO] Registering screen factories...
[2025-12-13 15:55:21.825] ServiceContainer: Registered 'TaskListScreen' (singleton=False)
[2025-12-13 15:55:21.840] [INFO] Resolving Application from container...
[2025-12-13 15:55:21.865] ServiceContainer: Resolving 'Application'...
[2025-12-13 15:55:21.878] [INFO] Resolving Application...
[2025-12-13 15:55:21.892] ServiceContainer: Resolving 'Theme'...
[2025-12-13 15:55:21.909] [INFO] Resolving Theme: Calling Initialize-PmcThemeSystem...
[2025-12-13 15:55:21.930] [INFO] Theme resolved: #33aaff
[2025-12-13 15:55:21.947] [INFO] Loading PmcThemeEngine...
[2025-12-13 15:55:22.100] [DEBUG] Palette [Error] -> #BE2914 (R=190 G=41 B=20)
[2025-12-13 15:55:22.125] [DEBUG] Palette [Primary] -> #228844 (R=34 G=136 B=68)
[2025-12-13 15:55:22.142] [DEBUG] Palette [Bright] -> #2CB158 (R=44 G=177 B=88)
[2025-12-13 15:55:22.159] [DEBUG] Palette [Highlight] -> #228844 (R=34 G=136 B=68)
[2025-12-13 15:55:22.175] [DEBUG] Palette [Warning] -> #7FCA14 (R=127 G=202 B=20)
[2025-12-13 15:55:22.191] [DEBUG] Palette [Status] -> #5C8F6D (R=92 G=143 B=109)
[2025-12-13 15:55:22.208] [DEBUG] Palette [Text] -> #C2EACF (R=194 G=234 B=207)
[2025-12-13 15:55:22.227] [DEBUG] Palette [Footer] -> #185F30 (R=24 G=95 B=48)
[2025-12-13 15:55:22.244] [DEBUG] Palette [Header] -> #228844 (R=34 G=136 B=68)
[2025-12-13 15:55:22.261] [DEBUG] Palette [Muted] -> #5C8F6D (R=92 G=143 B=109)
[2025-12-13 15:55:22.284] [DEBUG] Palette [Success] -> #2CB158 (R=44 G=177 B=88)
[2025-12-13 15:55:22.299] [DEBUG] Palette [Label] -> #5C8F6D (R=92 G=143 B=109)
[2025-12-13 15:55:22.317] [DEBUG] Palette [Cursor] -> #228844 (R=34 G=136 B=68)
[2025-12-13 15:55:22.336] [DEBUG] Palette [Border] -> #185F30 (R=24 G=95 B=48)
[2025-12-13 15:55:22.386] [INFO] LoadFromConfig: Loaded Properties with 16 items
[2025-12-13 15:55:22.415] [INFO] PmcThemeEngine initialized with PMC palette (14 colors)
[2025-12-13 15:55:22.435] ServiceContainer: Resolved 'Theme' successfully
[2025-12-13 15:55:22.579] ServiceContainer: Resolving 'ThemeManager'...
[2025-12-13 15:55:22.600] [INFO] Resolving ThemeManager...
[2025-12-13 15:55:22.740] ServiceContainer: Resolved 'ThemeManager' successfully
[2025-12-13 15:55:22.772] ServiceContainer: Resolved 'Application' successfully
[2025-12-13 15:55:22.796] [INFO] Application resolved and assigned to $global:PmcApp
[2025-12-13 15:55:22.820] [INFO] Loading menus from manifest...
[2025-12-13 15:55:22.838] ServiceContainer: Resolving 'MenuRegistry'...
[2025-12-13 15:55:22.860] [INFO] Resolving MenuRegistry...
[2025-12-13 15:55:22.886] ServiceContainer: Resolved 'MenuRegistry' successfully
[2025-12-13 15:55:22.926] MenuRegistry: Loaded manifest with 24 entries
[2025-12-13 15:55:22.974] ServiceContainer: Registered 'KanbanScreenV2' (singleton=False)
[2025-12-13 15:55:22.992] MenuRegistry: Registered screen factory 'KanbanScreenV2' in container (viewMode=)
[2025-12-13 15:55:23.026] MenuRegistry: Registered 'Kanban Board' in 'Tasks' menu (hotkey=K order=55)
[2025-12-13 15:55:23.057] ServiceContainer: Registered 'ChecklistTemplatesFolderScreen' (singleton=False)
[2025-12-13 15:55:23.078] MenuRegistry: Registered screen factory 'ChecklistTemplatesFolderScreen' in container (viewMode=)
[2025-12-13 15:55:23.099] MenuRegistry: Registered 'Checklist Templates' in 'Tools' menu (hotkey=H order=30)
[2025-12-13 15:55:23.122] ServiceContainer: Registered 'CommandLibraryScreen' (singleton=False)
[2025-12-13 15:55:23.143] MenuRegistry: Registered screen factory 'CommandLibraryScreen' in container (viewMode=)
[2025-12-13 15:55:23.167] MenuRegistry: Registered 'Command Library' in 'Tools' menu (hotkey=L order=10)
[2025-12-13 15:55:23.188] ServiceContainer: Registered 'TimeListScreen' (singleton=False)
[2025-12-13 15:55:23.216] MenuRegistry: Registered screen factory 'TimeListScreen' in container (viewMode=)
[2025-12-13 15:55:23.248] MenuRegistry: Registered 'Time Tracking' in 'Time' menu (hotkey=T order=5)
[2025-12-13 15:55:23.281] ServiceContainer: Registered 'TaskListScreen_NextActions' (singleton=False)
[2025-12-13 15:55:23.301] MenuRegistry: Registered screen factory 'TaskListScreen_NextActions' in container (viewMode=nextactions)
[2025-12-13 15:55:23.320] MenuRegistry: Registered 'Next Actions' in 'Tasks' menu (hotkey=N order=35)
[2025-12-13 15:55:23.340] ServiceContainer: Registered 'HelpViewScreen' (singleton=False)
[2025-12-13 15:55:23.362] MenuRegistry: Registered screen factory 'HelpViewScreen' in container (viewMode=)
[2025-12-13 15:55:23.381] MenuRegistry: Registered 'Help' in 'Help' menu (hotkey=H order=10)
[2025-12-13 15:55:23.403] ServiceContainer: Registered 'TaskListScreen_Overdue' (singleton=False)
[2025-12-13 15:55:23.422] MenuRegistry: Registered screen factory 'TaskListScreen_Overdue' in container (viewMode=overdue)
[2025-12-13 15:55:23.448] MenuRegistry: Registered 'Overdue' in 'Tasks' menu (hotkey=O order=30)
[2025-12-13 15:55:23.467] ServiceContainer: Registered 'TaskListScreen_Tomorrow' (singleton=False)
[2025-12-13 15:55:23.487] MenuRegistry: Registered screen factory 'TaskListScreen_Tomorrow' in container (viewMode=tomorrow)
[2025-12-13 15:55:23.505] MenuRegistry: Registered 'Tomorrow' in 'Tasks' menu (hotkey=T order=15)
[2025-12-13 15:55:23.525] ServiceContainer: Registered 'WeeklyTimeReportScreen' (singleton=False)
[2025-12-13 15:55:23.542] MenuRegistry: Registered screen factory 'WeeklyTimeReportScreen' in container (viewMode=)
[2025-12-13 15:55:23.561] MenuRegistry: Registered 'Weekly Report' in 'Time' menu (hotkey=W order=10)
[2025-12-13 15:55:23.578] ServiceContainer: Registered 'TaskListScreen_Upcoming' (singleton=False)
[2025-12-13 15:55:23.599] MenuRegistry: Registered screen factory 'TaskListScreen_Upcoming' in container (viewMode=upcoming)
[2025-12-13 15:55:23.620] MenuRegistry: Registered 'Upcoming' in 'Tasks' menu (hotkey=U order=25)
[2025-12-13 15:55:23.641] ServiceContainer: Registered 'TaskListScreen_Week' (singleton=False)
[2025-12-13 15:55:23.660] MenuRegistry: Registered screen factory 'TaskListScreen_Week' in container (viewMode=week)
[2025-12-13 15:55:23.685] MenuRegistry: Registered 'Week View' in 'Tasks' menu (hotkey=W order=20)
[2025-12-13 15:55:23.707] ServiceContainer: Registered 'TaskListScreen_NoDate' (singleton=False)
[2025-12-13 15:55:23.728] MenuRegistry: Registered screen factory 'TaskListScreen_NoDate' in container (viewMode=noduedate)
[2025-12-13 15:55:23.750] MenuRegistry: Registered 'No Due Date' in 'Tasks' menu (hotkey=D order=40)
[2025-12-13 15:55:23.769] ServiceContainer: Registered 'TaskListScreen_Default' (singleton=False)
[2025-12-13 15:55:23.789] MenuRegistry: Registered screen factory 'TaskListScreen_Default' in container (viewMode=)
[2025-12-13 15:55:23.805] MenuRegistry: Registered 'Task List' in 'Tasks' menu (hotkey=L order=5)
[2025-12-13 15:55:23.822] ServiceContainer: Registered 'TimeReportScreen' (singleton=False)
[2025-12-13 15:55:23.837] MenuRegistry: Registered screen factory 'TimeReportScreen' in container (viewMode=)
[2025-12-13 15:55:23.851] MenuRegistry: Registered 'Time Report' in 'Time' menu (hotkey=R order=20)
[2025-12-13 15:55:23.872] ServiceContainer: Registered 'ChecklistsLauncherScreen' (singleton=False)
[2025-12-13 15:55:23.891] MenuRegistry: Registered screen factory 'ChecklistsLauncherScreen' in container (viewMode=)
[2025-12-13 15:55:23.909] MenuRegistry: Registered 'Checklists' in 'Tools' menu (hotkey=C order=25)
[2025-12-13 15:55:23.930] ServiceContainer: Registered 'NotesMenuScreen' (singleton=False)
[2025-12-13 15:55:23.946] MenuRegistry: Registered screen factory 'NotesMenuScreen' in container (viewMode=)
[2025-12-13 15:55:23.963] MenuRegistry: Registered 'Notes' in 'Tools' menu (hotkey=N order=20)
[2025-12-13 15:55:23.982] ServiceContainer: Registered 'TaskListScreen_Today' (singleton=False)
[2025-12-13 15:55:24.001] MenuRegistry: Registered screen factory 'TaskListScreen_Today' in container (viewMode=today)
[2025-12-13 15:55:24.018] MenuRegistry: Registered 'Today' in 'Tasks' menu (hotkey=Y order=10)
[2025-12-13 15:55:24.033] ServiceContainer: Registered 'ExcelImportScreen' (singleton=False)
[2025-12-13 15:55:24.050] MenuRegistry: Registered screen factory 'ExcelImportScreen' in container (viewMode=)
[2025-12-13 15:55:24.065] MenuRegistry: Registered 'Import from Excel' in 'Projects' menu (hotkey=I order=40)
[2025-12-13 15:55:24.080] ServiceContainer: Registered 'ProjectListScreen' (singleton=False)
[2025-12-13 15:55:24.096] MenuRegistry: Registered screen factory 'ProjectListScreen' in container (viewMode=)
[2025-12-13 15:55:24.116] MenuRegistry: Registered 'Project List' in 'Projects' menu (hotkey=L order=10)
[2025-12-13 15:55:24.131] ServiceContainer: Registered 'SettingsScreen' (singleton=False)
[2025-12-13 15:55:24.148] MenuRegistry: Registered screen factory 'SettingsScreen' in container (viewMode=)
[2025-12-13 15:55:24.166] MenuRegistry: Registered 'Settings' in 'Options' menu (hotkey=S order=20)
[2025-12-13 15:55:24.184] ServiceContainer: Registered 'TaskListScreen_Agenda' (singleton=False)
[2025-12-13 15:55:24.203] MenuRegistry: Registered screen factory 'TaskListScreen_Agenda' in container (viewMode=agenda)
[2025-12-13 15:55:24.249] MenuRegistry: Registered 'Agenda View' in 'Tasks' menu (hotkey=A order=50)
[2025-12-13 15:55:24.267] ServiceContainer: Registered 'ThemeEditorScreen' (singleton=False)
[2025-12-13 15:55:24.288] MenuRegistry: Registered screen factory 'ThemeEditorScreen' in container (viewMode=)
[2025-12-13 15:55:24.305] MenuRegistry: Registered 'Theme Editor' in 'Options' menu (hotkey=T order=10)
[2025-12-13 15:55:24.327] ServiceContainer: Registered 'TaskListScreen_Month' (singleton=False)
[2025-12-13 15:55:24.344] MenuRegistry: Registered screen factory 'TaskListScreen_Month' in container (viewMode=month)
[2025-12-13 15:55:24.361] MenuRegistry: Registered 'Month View' in 'Tasks' menu (hotkey=M order=45)
[2025-12-13 15:55:24.382] ServiceContainer: Registered 'ExcelProfileManagerScreen' (singleton=False)
[2025-12-13 15:55:24.402] MenuRegistry: Registered screen factory 'ExcelProfileManagerScreen' in container (viewMode=)
[2025-12-13 15:55:24.421] MenuRegistry: Registered 'Excel Profiles' in 'Projects' menu (hotkey=M order=50)
[2025-12-13 15:55:24.440] [INFO] Menus loaded from C:\Users\jhnhe\OneDrive\Documents\GitHub\project-management-console\og_transport\HYBRID\module\Pmc.Strict\consoleui\screens\MenuItems.psd1
[2025-12-13 15:55:24.458] [INFO] Launching screen: TaskList
[2025-12-13 15:55:24.474] [INFO] Resolving TaskListScreen from container...
[2025-12-13 15:55:24.488] ServiceContainer: Resolving 'TaskListScreen'...
[2025-12-13 15:55:24.507] [INFO] Resolving TaskListScreen...
[2025-12-13 15:55:24.524] ServiceContainer: Resolving 'TaskStore'...
[2025-12-13 15:55:24.543] [INFO] Resolving TaskStore...
[2025-12-13 15:55:24.593] [DEBUG] TaskStore.LoadData: Starting
[2025-12-13 15:55:24.611] [DEBUG] TaskStore.LoadData: Calling Get-PmcData
[2025-12-13 15:55:25.052] [DEBUG] TaskStore.LoadData: Get-PmcData returned - tasks=4 projects=2 timelogs=3
[2025-12-13 15:55:25.078] [DEBUG] TaskStore.LoadData: Loaded 4 tasks
[2025-12-13 15:55:25.097] [DEBUG] TaskStore.LoadData: Loaded 2 projects
[2025-12-13 15:55:25.118] [DEBUG] TaskStore.LoadData: First project name='p1' ID1='111'
[2025-12-13 15:55:25.143] ServiceContainer: Resolved 'TaskStore' successfully
[2025-12-13 15:55:26.801] [DEBUG] PmcScreen.AddContentWidget: Adding UniversalList (Total: 1)
[2025-12-13 15:55:26.811] [DEBUG] PmcScreen.AddContentWidget: Adding FilterPanel (Total: 2)
[2025-12-13 15:55:26.844] [DEBUG] PmcScreen.AddContentWidget: Adding InlineEditor (Total: 3)
[2025-12-13 15:55:26.936] [DEBUG] TaskListScreen: Constructor started
[2025-12-13 15:55:27.011] _PopulateMenusFromRegistry: Menu 'Tools' has 4 items from registry (array)
[2025-12-13 15:55:27.044] _PopulateMenusFromRegistry: Menu 'Help' has 1 items from registry (array)
[2025-12-13 15:55:27.061] _PopulateMenusFromRegistry: Menu 'Options' has 2 items from registry (array)
[2025-12-13 15:55:27.078] _PopulateMenusFromRegistry: Menu 'Projects' has 3 items from registry (array)
[2025-12-13 15:55:27.100] _PopulateMenusFromRegistry: Menu 'Tasks' has 11 items from registry (array)
[2025-12-13 15:55:27.123] _PopulateMenusFromRegistry: Menu 'Time' has 3 items from registry (array)
[2025-12-13 15:55:27.150] [DEBUG] TaskListScreen: Constructor completed
[2025-12-13 15:55:27.171] ServiceContainer: Resolved 'TaskListScreen' successfully
[2025-12-13 15:55:27.190] [INFO] Pushing screen to app...
[2025-12-13 15:55:27.600] [DEBUG] LoadData: Got 4 tasks from Store
[2025-12-13 15:55:27.777] [DEBUG] TaskListScreen.LoadData: Setting 4 tasks
[2025-12-13 15:55:27.799] [DEBUG] UniversalList.SetData: START
[2025-12-13 15:55:27.889] [DEBUG] UniversalList.SetData: COMPLETE (4 items)
[2025-12-13 15:55:28.214] [INFO] Screen pushed successfully
[2025-12-13 15:55:28.231] [INFO] Starting event loop...
[2025-12-13 15:55:30.426] [DEBUG] UniversalList.RenderToEngine: W=100 H=23 MaxRows=17 Items=4 RegionCount=0
[2025-12-13 15:55:31.365] [DEBUG] Row 0 Col 0: 't2' (Region: R0_title) FG=16777215 BG=2263108
[2025-12-13 15:55:31.389] [DEBUG] Row 0 Col 1: 'd2' (Region: R0_details) FG=16777215 BG=2263108
[2025-12-13 15:55:31.417] [DEBUG] Row 0 Col 2: 'Dec 16' (Region: R0_due) FG=16777215 BG=2263108
[2025-12-13 15:55:31.434] [DEBUG] Row 0 Col 3: '' (Region: R0_project) FG=16777215 BG=2263108
[2025-12-13 15:55:31.452] [DEBUG] Row 0 Col 4: '' (Region: R0_tags) FG=16777215 BG=2263108
[2025-12-13 15:55:31.480] [DEBUG] PmcScreen: Calling RenderToEngine on UniversalList
[2025-12-13 15:55:31.499] [DEBUG] UniversalList.RenderToEngine: W=100 H=23 MaxRows=17 Items=4 RegionCount=17
[2025-12-13 15:55:31.562] [DEBUG] Row 0 Col 0: 't2' (Region: R0_title) FG=16777215 BG=2263108
[2025-12-13 15:55:31.577] [DEBUG] Row 0 Col 1: 'd2' (Region: R0_details) FG=16777215 BG=2263108
[2025-12-13 15:55:31.594] [DEBUG] Row 0 Col 2: 'Dec 16' (Region: R0_due) FG=16777215 BG=2263108
[2025-12-13 15:55:31.610] [DEBUG] Row 0 Col 3: '' (Region: R0_project) FG=16777215 BG=2263108
[2025-12-13 15:55:31.628] [DEBUG] Row 0 Col 4: '' (Region: R0_tags) FG=16777215 BG=2263108
[2025-12-13 15:55:31.653] [DEBUG] PmcScreen: Calling RenderToEngine on FilterPanel
[2025-12-13 15:55:31.744] [DEBUG] PmcScreen: Calling RenderToEngine on InlineEditor
[2025-12-13 15:55:31.878] [DEBUG] UniversalList.RenderToEngine: W=100 H=23 MaxRows=17 Items=4 RegionCount=17
[2025-12-13 15:55:32.522] [DEBUG] Row 0 Col 0: 't2' (Region: R0_title) FG=16777215 BG=2263108
[2025-12-13 15:55:32.540] [DEBUG] Row 0 Col 1: 'd2' (Region: R0_details) FG=16777215 BG=2263108
[2025-12-13 15:55:32.556] [DEBUG] Row 0 Col 2: 'Dec 16' (Region: R0_due) FG=16777215 BG=2263108
[2025-12-13 15:55:32.572] [DEBUG] Row 0 Col 3: '' (Region: R0_project) FG=16777215 BG=2263108
[2025-12-13 15:55:32.588] [DEBUG] Row 0 Col 4: '' (Region: R0_tags) FG=16777215 BG=2263108
[2025-12-13 15:58:09.976] [DEBUG] UniversalList.RenderToEngine: W=100 H=23 MaxRows=17 Items=4 RegionCount=17
[2025-12-13 15:58:10.026] [DEBUG] Row 0 Col 0: 't2' (Region: R0_title) FG=16777215 BG=2263108
[2025-12-13 15:58:10.057] [DEBUG] Row 0 Col 1: 'd2' (Region: R0_details) FG=16777215 BG=2263108
[2025-12-13 15:58:10.100] [DEBUG] Row 0 Col 2: 'Dec 16' (Region: R0_due) FG=16777215 BG=2263108
[2025-12-13 15:58:10.139] [DEBUG] Row 0 Col 3: '' (Region: R0_project) FG=16777215 BG=2263108
[2025-12-13 15:58:10.179] [DEBUG] Row 0 Col 4: '' (Region: R0_tags) FG=16777215 BG=2263108
[2025-12-13 15:58:10.232] [DEBUG] PmcScreen: Calling RenderToEngine on UniversalList
[2025-12-13 15:58:10.269] [DEBUG] UniversalList.RenderToEngine: W=100 H=23 MaxRows=17 Items=4 RegionCount=17
[2025-12-13 15:58:11.011] [DEBUG] Row 0 Col 0: 't2' (Region: R0_title) FG=16777215 BG=2263108
[2025-12-13 15:58:11.040] [DEBUG] Row 0 Col 1: 'd2' (Region: R0_details) FG=16777215 BG=2263108
[2025-12-13 15:58:11.069] [DEBUG] Row 0 Col 2: 'Dec 16' (Region: R0_due) FG=16777215 BG=2263108
[2025-12-13 15:58:11.088] [DEBUG] Row 0 Col 3: '' (Region: R0_project) FG=16777215 BG=2263108
[2025-12-13 15:58:11.105] [DEBUG] Row 0 Col 4: '' (Region: R0_tags) FG=16777215 BG=2263108
[2025-12-13 15:58:11.136] [DEBUG] PmcScreen: Calling RenderToEngine on FilterPanel
[2025-12-13 15:58:11.210] [DEBUG] PmcScreen: Calling RenderToEngine on InlineEditor
[2025-12-13 15:58:11.257] [DEBUG] UniversalList.RenderToEngine: W=100 H=23 MaxRows=17 Items=4 RegionCount=17
[2025-12-13 15:58:11.888] [DEBUG] Row 0 Col 0: 't2' (Region: R0_title) FG=16777215 BG=2263108
[2025-12-13 15:58:11.910] [DEBUG] Row 0 Col 1: 'd2' (Region: R0_details) FG=16777215 BG=2263108
[2025-12-13 15:58:11.935] [DEBUG] Row 0 Col 2: 'Dec 16' (Region: R0_due) FG=16777215 BG=2263108
[2025-12-13 15:58:11.966] [DEBUG] Row 0 Col 3: '' (Region: R0_project) FG=16777215 BG=2263108
[2025-12-13 15:58:11.988] [DEBUG] Row 0 Col 4: '' (Region: R0_tags) FG=16777215 BG=2263108
[2025-12-13 21:48:18.385] [DEBUG] UniversalList.RenderToEngine: W=100 H=23 MaxRows=17 Items=4 RegionCount=17
[2025-12-13 21:48:18.457] [DEBUG] Row 0 Col 0: 't2' (Region: R0_title) FG=16777215 BG=2263108
[2025-12-13 21:48:18.479] [DEBUG] Row 0 Col 1: 'd2' (Region: R0_details) FG=16777215 BG=2263108
[2025-12-13 21:48:18.492] [DEBUG] Row 0 Col 2: 'Dec 16' (Region: R0_due) FG=16777215 BG=2263108
[2025-12-13 21:48:18.506] [DEBUG] Row 0 Col 3: '' (Region: R0_project) FG=16777215 BG=2263108
[2025-12-13 21:48:18.520] [DEBUG] Row 0 Col 4: '' (Region: R0_tags) FG=16777215 BG=2263108
[2025-12-13 21:48:18.539] [DEBUG] PmcScreen: Calling RenderToEngine on UniversalList
[2025-12-13 21:48:18.551] [DEBUG] UniversalList.RenderToEngine: W=100 H=23 MaxRows=17 Items=4 RegionCount=17
[2025-12-13 21:48:18.644] [DEBUG] Row 0 Col 0: 't2' (Region: R0_title) FG=16777215 BG=2263108
[2025-12-13 21:48:18.659] [DEBUG] Row 0 Col 1: 'd2' (Region: R0_details) FG=16777215 BG=2263108
[2025-12-13 21:48:18.677] [DEBUG] Row 0 Col 2: 'Dec 16' (Region: R0_due) FG=16777215 BG=2263108
[2025-12-13 21:48:18.694] [DEBUG] Row 0 Col 3: '' (Region: R0_project) FG=16777215 BG=2263108
[2025-12-13 21:48:18.711] [DEBUG] Row 0 Col 4: '' (Region: R0_tags) FG=16777215 BG=2263108
[2025-12-13 21:48:18.732] [DEBUG] PmcScreen: Calling RenderToEngine on FilterPanel
[2025-12-13 21:48:18.757] [DEBUG] PmcScreen: Calling RenderToEngine on InlineEditor
[2025-12-13 21:48:18.785] [DEBUG] UniversalList.RenderToEngine: W=100 H=23 MaxRows=17 Items=4 RegionCount=17
[2025-12-13 21:48:18.885] [DEBUG] Row 0 Col 0: 't2' (Region: R0_title) FG=16777215 BG=2263108
[2025-12-13 21:48:18.904] [DEBUG] Row 0 Col 1: 'd2' (Region: R0_details) FG=16777215 BG=2263108
[2025-12-13 21:48:18.921] [DEBUG] Row 0 Col 2: 'Dec 16' (Region: R0_due) FG=16777215 BG=2263108
[2025-12-13 21:48:18.939] [DEBUG] Row 0 Col 3: '' (Region: R0_project) FG=16777215 BG=2263108
[2025-12-13 21:48:18.961] [DEBUG] Row 0 Col 4: '' (Region: R0_tags) FG=16777215 BG=2263108
