[2025-12-13 15:01:22.147] [INFO] Loading PMC module...
[2025-12-13 15:01:25.026] [INFO] PMC module loaded
[2025-12-13 15:01:25.028] [INFO] Loading dependencies (FieldSchemas, etc.)...
[2025-12-13 15:01:25.265] [INFO] Dependencies loaded
[2025-12-13 15:01:25.274] [INFO] Loading SpeedTUI framework...
[2025-12-13 15:01:25.865] [INFO] SpeedTUI framework loaded
[2025-12-13 15:01:25.878] [INFO] Loading PraxisVT...
[2025-12-13 15:01:25.899] [INFO] PraxisVT loaded
[2025-12-13 15:01:25.909] [INFO] Loading core dependencies...
[2025-12-13 15:01:26.096] [INFO] Core dependencies loaded
[2025-12-13 15:01:26.107] [INFO] Loading widget base classes...
[2025-12-13 15:01:26.242] [INFO] Widget base classes loaded
[2025-12-13 15:01:26.253] [INFO] Loading services...
[2025-12-13 15:01:26.682] [INFO] Services loaded
[2025-12-13 15:01:26.696] [INFO] Loading helpers...
[2025-12-13 15:01:27.439] [INFO] Helpers loaded
[2025-12-13 15:01:27.450] [INFO] Loading widgets...
[2025-12-13 15:01:28.081] [INFO] Widgets loaded
[2025-12-13 15:01:28.094] [INFO] Loading screen base class...
[2025-12-13 15:01:28.126] [INFO] Screen base class loaded
[2025-12-13 15:01:28.139] [INFO] Loading HelpViewScreen (needed by base classes)...
[2025-12-13 15:01:28.177] [INFO] HelpViewScreen loaded
[2025-12-13 15:01:28.190] [INFO] Loading base classes...
[2025-12-13 15:01:28.337] [INFO] Base classes loaded
[2025-12-13 15:01:28.350] [INFO] Loading ServiceContainer (needed by screens)...
[2025-12-13 15:01:28.379] [INFO] ServiceContainer loaded
[2025-12-13 15:01:28.393] [INFO] Loading remaining screens...
[2025-12-13 15:01:28.550] [INFO] Remaining screens loaded
[2025-12-13 15:01:28.564] [INFO] Loading PmcApplication...
[2025-12-13 15:01:28.601] [INFO] PmcApplication loaded
[2025-12-13 15:01:28.615] [INFO] All components loaded successfully
[2025-12-13 15:01:28.641] [INFO] Starting PMC TUI with screen: TaskList
[2025-12-13 15:01:28.662] [INFO] Cleared stale PmcSharedMenuBar and MenuRegistry singleton
[2025-12-13 15:01:28.678] [INFO] Creating ServiceContainer...
[2025-12-13 15:01:28.710] [INFO] ServiceContainer created
[2025-12-13 15:01:28.735] [INFO] Registering Theme service...
[2025-12-13 15:01:28.792] ServiceContainer: Registered 'Theme' (singleton=True)
[2025-12-13 15:01:28.818] [INFO] Registering ThemeManager...
[2025-12-13 15:01:28.841] ServiceContainer: Registered 'ThemeManager' (singleton=True)
[2025-12-13 15:01:28.856] [INFO] Registering Config service...
[2025-12-13 15:01:28.872] ServiceContainer: Registered 'Config' (singleton=True)
[2025-12-13 15:01:28.886] [INFO] Registering TaskStore service...
[2025-12-13 15:01:28.901] ServiceContainer: Registered 'TaskStore' (singleton=True)
[2025-12-13 15:01:28.915] [INFO] Registering MenuRegistry service...
[2025-12-13 15:01:28.931] ServiceContainer: Registered 'MenuRegistry' (singleton=True)
[2025-12-13 15:01:28.947] [INFO] Registering Application service...
[2025-12-13 15:01:28.966] ServiceContainer: Registered 'Application' (singleton=True)
[2025-12-13 15:01:28.981] [INFO] Registering CommandService...
[2025-12-13 15:01:28.998] ServiceContainer: Registered 'CommandService' (singleton=True)
[2025-12-13 15:01:29.021] [INFO] Registering ChecklistService...
[2025-12-13 15:01:29.039] ServiceContainer: Registered 'ChecklistService' (singleton=True)
[2025-12-13 15:01:29.054] [INFO] Registering NoteService...
[2025-12-13 15:01:29.074] ServiceContainer: Registered 'NoteService' (singleton=True)
[2025-12-13 15:01:29.088] [INFO] Registering ExcelMappingService...
[2025-12-13 15:01:29.103] ServiceContainer: Registered 'ExcelMappingService' (singleton=True)
[2025-12-13 15:01:29.119] [INFO] Registering PreferencesService...
[2025-12-13 15:01:29.135] ServiceContainer: Registered 'PreferencesService' (singleton=True)
[2025-12-13 15:01:29.151] [INFO] Registering screen factories...
[2025-12-13 15:01:29.166] ServiceContainer: Registered 'TaskListScreen' (singleton=False)
[2025-12-13 15:01:29.182] [INFO] Resolving Application from container...
[2025-12-13 15:01:29.210] ServiceContainer: Resolving 'Application'...
[2025-12-13 15:01:29.223] [INFO] Resolving Application...
[2025-12-13 15:01:29.240] ServiceContainer: Resolving 'Theme'...
[2025-12-13 15:01:29.262] [INFO] Resolving Theme: Calling Initialize-PmcThemeSystem...
[2025-12-13 15:01:29.286] [INFO] Theme resolved: #33aaff
[2025-12-13 15:01:29.302] [INFO] Loading PmcThemeEngine...
[2025-12-13 15:01:29.517] [DEBUG] Palette [Label] -> #5C8F6D (R=92 G=143 B=109)
[2025-12-13 15:01:29.533] [DEBUG] Palette [Status] -> #5C8F6D (R=92 G=143 B=109)
[2025-12-13 15:01:29.550] [DEBUG] Palette [Text] -> #C2EACF (R=194 G=234 B=207)
[2025-12-13 15:01:29.567] [DEBUG] Palette [Cursor] -> #228844 (R=34 G=136 B=68)
[2025-12-13 15:01:29.583] [DEBUG] Palette [Warning] -> #7FCA14 (R=127 G=202 B=20)
[2025-12-13 15:01:29.596] [DEBUG] Palette [Primary] -> #228844 (R=34 G=136 B=68)
[2025-12-13 15:01:29.612] [DEBUG] Palette [Footer] -> #185F30 (R=24 G=95 B=48)
[2025-12-13 15:01:29.626] [DEBUG] Palette [Muted] -> #5C8F6D (R=92 G=143 B=109)
[2025-12-13 15:01:29.641] [DEBUG] Palette [Error] -> #BE2914 (R=190 G=41 B=20)
[2025-12-13 15:01:29.655] [DEBUG] Palette [Success] -> #2CB158 (R=44 G=177 B=88)
[2025-12-13 15:01:29.669] [DEBUG] Palette [Highlight] -> #228844 (R=34 G=136 B=68)
[2025-12-13 15:01:29.691] [DEBUG] Palette [Header] -> #228844 (R=34 G=136 B=68)
[2025-12-13 15:01:29.706] [DEBUG] Palette [Bright] -> #2CB158 (R=44 G=177 B=88)
[2025-12-13 15:01:29.727] [DEBUG] Palette [Border] -> #185F30 (R=24 G=95 B=48)
[2025-12-13 15:01:29.764] [INFO] LoadFromConfig: Loaded Properties with 16 items
[2025-12-13 15:01:29.806] [INFO] Cleanup - showing cursor and resetting terminal
