[2025-12-13 15:43:14.693] [INFO] Loading PMC module...
[2025-12-13 15:43:16.399] [INFO] PMC module loaded
[2025-12-13 15:43:16.401] [INFO] Loading dependencies (FieldSchemas, etc.)...
[2025-12-13 15:43:16.575] [INFO] Dependencies loaded
[2025-12-13 15:43:16.587] [INFO] Loading SpeedTUI framework...
[2025-12-13 15:43:16.978] [INFO] SpeedTUI framework loaded
[2025-12-13 15:43:16.992] [INFO] Loading PraxisVT...
[2025-12-13 15:43:17.018] [INFO] PraxisVT loaded
[2025-12-13 15:43:17.033] [INFO] Loading core dependencies...
[2025-12-13 15:43:17.125] [INFO] Core dependencies loaded
[2025-12-13 15:43:17.138] [INFO] Loading widget base classes...
[2025-12-13 15:43:17.215] [INFO] Widget base classes loaded
[2025-12-13 15:43:17.232] [INFO] Loading services...
[2025-12-13 15:43:17.459] [INFO] Services loaded
[2025-12-13 15:43:17.476] [INFO] Loading helpers...
[2025-12-13 15:43:18.417] [INFO] Helpers loaded
[2025-12-13 15:43:18.430] [INFO] Loading widgets...
[2025-12-13 15:43:19.025] [ERROR] Failed to load widgets: At C:\Users\jhnhe\OneDrive\Documents\GitHub\project-management-console\og_transport\HYBRID\module\Pmc.Strict\consoleui\widgets\UniversalList.ps1:902 char:12
+     [void] RenderToEngine([object]$engine) {
+            ~~~~~~~~~~~~~~
The member 'RenderToEngine' is already defined.
