[2025-12-13 08:05:12.609] [INFO] Loading PMC module...
[2025-12-13 08:05:13.690] [INFO] PMC module loaded
[2025-12-13 08:05:13.691] [INFO] Loading dependencies (FieldSchemas, etc.)...
[2025-12-13 08:05:13.829] [INFO] Dependencies loaded
[2025-12-13 08:05:13.841] [INFO] Loading SpeedTUI framework...
[2025-12-13 08:05:14.110] [INFO] SpeedTUI framework loaded
[2025-12-13 08:05:14.120] [INFO] Loading PraxisVT...
[2025-12-13 08:05:14.138] [INFO] PraxisVT loaded
[2025-12-13 08:05:14.147] [INFO] Loading core dependencies...
[2025-12-13 08:05:14.205] [INFO] Core dependencies loaded
[2025-12-13 08:05:14.215] [INFO] Loading widget base classes...
[2025-12-13 08:05:14.265] [INFO] Widget base classes loaded
[2025-12-13 08:05:14.275] [INFO] Loading services...
[2025-12-13 08:05:14.490] [INFO] Services loaded
[2025-12-13 08:05:14.506] [INFO] Loading helpers...
[2025-12-13 08:05:15.175] [INFO] Helpers loaded
[2025-12-13 08:05:15.176] [INFO] Loading widgets...
[2025-12-13 08:05:15.563] [INFO] Widgets loaded
[2025-12-13 08:05:15.573] [INFO] Loading screen base class...
[2025-12-13 08:05:15.602] [INFO] Screen base class loaded
[2025-12-13 08:05:15.612] [INFO] Loading HelpViewScreen (needed by base classes)...
[2025-12-13 08:05:15.642] [INFO] HelpViewScreen loaded
[2025-12-13 08:05:15.653] [INFO] Loading base classes...
[2025-12-13 08:05:15.753] [INFO] Base classes loaded
[2025-12-13 08:05:15.766] [INFO] Loading ServiceContainer (needed by screens)...
[2025-12-13 08:05:15.794] [INFO] ServiceContainer loaded
[2025-12-13 08:05:15.807] [INFO] Loading remaining screens...
[2025-12-13 08:05:15.926] [INFO] Remaining screens loaded
[2025-12-13 08:05:15.938] [INFO] Loading PmcApplication...
[2025-12-13 08:05:15.966] [INFO] PmcApplication loaded
[2025-12-13 08:05:15.977] [INFO] All components loaded successfully
[2025-12-13 08:05:15.998] [INFO] Starting PMC TUI with screen: TaskList
[2025-12-13 08:05:16.014] [INFO] Cleared stale PmcSharedMenuBar and MenuRegistry singleton
[2025-12-13 08:05:16.026] [INFO] Creating ServiceContainer...
[2025-12-13 08:05:16.041] [INFO] ServiceContainer created
[2025-12-13 08:05:16.059] [INFO] Registering Theme service...
[2025-12-13 08:05:16.078] ServiceContainer: Registered 'Theme' (singleton=True)
[2025-12-13 08:05:16.091] [INFO] Registering ThemeManager...
[2025-12-13 08:05:16.101] ServiceContainer: Registered 'ThemeManager' (singleton=True)
[2025-12-13 08:05:16.111] [INFO] Registering Config service...
[2025-12-13 08:05:16.122] ServiceContainer: Registered 'Config' (singleton=True)
[2025-12-13 08:05:16.133] [INFO] Registering TaskStore service...
[2025-12-13 08:05:16.144] ServiceContainer: Registered 'TaskStore' (singleton=True)
[2025-12-13 08:05:16.157] [INFO] Registering MenuRegistry service...
[2025-12-13 08:05:16.167] ServiceContainer: Registered 'MenuRegistry' (singleton=True)
[2025-12-13 08:05:16.177] [INFO] Registering Application service...
[2025-12-13 08:05:16.188] ServiceContainer: Registered 'Application' (singleton=True)
[2025-12-13 08:05:16.198] [INFO] Registering CommandService...
[2025-12-13 08:05:16.208] ServiceContainer: Registered 'CommandService' (singleton=True)
[2025-12-13 08:05:16.219] [INFO] Registering ChecklistService...
[2025-12-13 08:05:16.230] ServiceContainer: Registered 'ChecklistService' (singleton=True)
[2025-12-13 08:05:16.241] [INFO] Registering NoteService...
[2025-12-13 08:05:16.252] ServiceContainer: Registered 'NoteService' (singleton=True)
[2025-12-13 08:05:16.264] [INFO] Registering ExcelMappingService...
[2025-12-13 08:05:16.275] ServiceContainer: Registered 'ExcelMappingService' (singleton=True)
[2025-12-13 08:05:16.287] [INFO] Registering PreferencesService...
[2025-12-13 08:05:16.298] ServiceContainer: Registered 'PreferencesService' (singleton=True)
[2025-12-13 08:05:16.309] [INFO] Registering screen factories...
[2025-12-13 08:05:16.319] ServiceContainer: Registered 'TaskListScreen' (singleton=False)
[2025-12-13 08:05:16.330] [INFO] Resolving Application from container...
[2025-12-13 08:05:16.349] ServiceContainer: Resolving 'Application'...
[2025-12-13 08:05:16.360] [INFO] Resolving Application...
[2025-12-13 08:05:16.371] ServiceContainer: Resolving 'Theme'...
[2025-12-13 08:05:16.385] [INFO] Resolving Theme: Calling Initialize-PmcThemeSystem...
[2025-12-13 08:05:16.403] [INFO] Theme resolved: #33aaff
[2025-12-13 08:05:16.413] [INFO] Loading PmcThemeEngine...
[2025-12-13 08:05:16.517] [DEBUG] Palette [Status] -> #5C8F6D (R=92 G=143 B=109)
[2025-12-13 08:05:16.529] [DEBUG] Palette [Success] -> #2CB158 (R=44 G=177 B=88)
[2025-12-13 08:05:16.539] [DEBUG] Palette [Bright] -> #2CB158 (R=44 G=177 B=88)
[2025-12-13 08:05:16.550] [DEBUG] Palette [Muted] -> #5C8F6D (R=92 G=143 B=109)
[2025-12-13 08:05:16.560] [DEBUG] Palette [Footer] -> #185F30 (R=24 G=95 B=48)
[2025-12-13 08:05:16.572] [DEBUG] Palette [Header] -> #228844 (R=34 G=136 B=68)
[2025-12-13 08:05:16.582] [DEBUG] Palette [Error] -> #BE2914 (R=190 G=41 B=20)
[2025-12-13 08:05:16.594] [DEBUG] Palette [Border] -> #185F30 (R=24 G=95 B=48)
[2025-12-13 08:05:16.604] [DEBUG] Palette [Warning] -> #7FCA14 (R=127 G=202 B=20)
[2025-12-13 08:05:16.615] [DEBUG] Palette [Label] -> #5C8F6D (R=92 G=143 B=109)
[2025-12-13 08:05:16.627] [DEBUG] Palette [Text] -> #C2EACF (R=194 G=234 B=207)
[2025-12-13 08:05:16.639] [DEBUG] Palette [Highlight] -> #228844 (R=34 G=136 B=68)
[2025-12-13 08:05:16.650] [DEBUG] Palette [Cursor] -> #228844 (R=34 G=136 B=68)
[2025-12-13 08:05:16.662] [DEBUG] Palette [Primary] -> #228844 (R=34 G=136 B=68)
[2025-12-13 08:05:16.680] [INFO] LoadFromConfig: Loaded Properties with 16 items
[2025-12-13 08:05:16.697] [INFO] PmcThemeEngine initialized with PMC palette (14 colors)
[2025-12-13 08:05:16.709] ServiceContainer: Resolved 'Theme' successfully
[2025-12-13 08:05:16.983] ServiceContainer: Resolving 'ThemeManager'...
[2025-12-13 08:05:16.997] [INFO] Resolving ThemeManager...
[2025-12-13 08:05:17.087] ServiceContainer: Resolved 'ThemeManager' successfully
[2025-12-13 08:05:17.106] ServiceContainer: Resolved 'Application' successfully
[2025-12-13 08:05:17.119] [INFO] Application resolved and assigned to $global:PmcApp
[2025-12-13 08:05:17.132] [INFO] Loading menus from manifest...
[2025-12-13 08:05:17.145] ServiceContainer: Resolving 'MenuRegistry'...
[2025-12-13 08:05:17.161] [INFO] Resolving MenuRegistry...
[2025-12-13 08:05:17.176] ServiceContainer: Resolved 'MenuRegistry' successfully
[2025-12-13 08:05:17.201] MenuRegistry: Loaded manifest with 24 entries
[2025-12-13 08:05:17.228] ServiceContainer: Registered 'TaskListScreen_Month' (singleton=False)
[2025-12-13 08:05:17.243] MenuRegistry: Registered screen factory 'TaskListScreen_Month' in container (viewMode=month)
[2025-12-13 08:05:17.264] MenuRegistry: Registered 'Month View' in 'Tasks' menu (hotkey=M order=45)
[2025-12-13 08:05:17.278] ServiceContainer: Registered 'TaskListScreen_Week' (singleton=False)
[2025-12-13 08:05:17.290] MenuRegistry: Registered screen factory 'TaskListScreen_Week' in container (viewMode=week)
[2025-12-13 08:05:17.317] MenuRegistry: Registered 'Week View' in 'Tasks' menu (hotkey=W order=20)
[2025-12-13 08:05:17.336] ServiceContainer: Registered 'TaskListScreen_NoDate' (singleton=False)
[2025-12-13 08:05:17.356] MenuRegistry: Registered screen factory 'TaskListScreen_NoDate' in container (viewMode=noduedate)
[2025-12-13 08:05:17.375] MenuRegistry: Registered 'No Due Date' in 'Tasks' menu (hotkey=D order=40)
[2025-12-13 08:05:17.392] ServiceContainer: Registered 'TaskListScreen_NextActions' (singleton=False)
[2025-12-13 08:05:17.405] MenuRegistry: Registered screen factory 'TaskListScreen_NextActions' in container (viewMode=nextactions)
[2025-12-13 08:05:17.422] MenuRegistry: Registered 'Next Actions' in 'Tasks' menu (hotkey=N order=35)
[2025-12-13 08:05:17.434] ServiceContainer: Registered 'ProjectListScreen' (singleton=False)
[2025-12-13 08:05:17.446] MenuRegistry: Registered screen factory 'ProjectListScreen' in container (viewMode=)
[2025-12-13 08:05:17.459] MenuRegistry: Registered 'Project List' in 'Projects' menu (hotkey=L order=10)
[2025-12-13 08:05:17.471] ServiceContainer: Registered 'TimeListScreen' (singleton=False)
[2025-12-13 08:05:17.482] MenuRegistry: Registered screen factory 'TimeListScreen' in container (viewMode=)
[2025-12-13 08:05:17.493] MenuRegistry: Registered 'Time Tracking' in 'Time' menu (hotkey=T order=5)
[2025-12-13 08:05:17.504] ServiceContainer: Registered 'HelpViewScreen' (singleton=False)
[2025-12-13 08:05:17.515] MenuRegistry: Registered screen factory 'HelpViewScreen' in container (viewMode=)
[2025-12-13 08:05:17.527] MenuRegistry: Registered 'Help' in 'Help' menu (hotkey=H order=10)
[2025-12-13 08:05:17.539] ServiceContainer: Registered 'ChecklistTemplatesFolderScreen' (singleton=False)
[2025-12-13 08:05:17.551] MenuRegistry: Registered screen factory 'ChecklistTemplatesFolderScreen' in container (viewMode=)
[2025-12-13 08:05:17.563] MenuRegistry: Registered 'Checklist Templates' in 'Tools' menu (hotkey=H order=30)
[2025-12-13 08:05:17.575] ServiceContainer: Registered 'TimeReportScreen' (singleton=False)
[2025-12-13 08:05:17.587] MenuRegistry: Registered screen factory 'TimeReportScreen' in container (viewMode=)
[2025-12-13 08:05:17.599] MenuRegistry: Registered 'Time Report' in 'Time' menu (hotkey=R order=20)
[2025-12-13 08:05:17.612] ServiceContainer: Registered 'TaskListScreen_Today' (singleton=False)
[2025-12-13 08:05:17.623] MenuRegistry: Registered screen factory 'TaskListScreen_Today' in container (viewMode=today)
[2025-12-13 08:05:17.635] MenuRegistry: Registered 'Today' in 'Tasks' menu (hotkey=Y order=10)
[2025-12-13 08:05:17.648] ServiceContainer: Registered 'CommandLibraryScreen' (singleton=False)
[2025-12-13 08:05:17.659] MenuRegistry: Registered screen factory 'CommandLibraryScreen' in container (viewMode=)
[2025-12-13 08:05:17.671] MenuRegistry: Registered 'Command Library' in 'Tools' menu (hotkey=L order=10)
[2025-12-13 08:05:17.685] ServiceContainer: Registered 'KanbanScreenV2' (singleton=False)
[2025-12-13 08:05:17.696] MenuRegistry: Registered screen factory 'KanbanScreenV2' in container (viewMode=)
[2025-12-13 08:05:17.708] MenuRegistry: Registered 'Kanban Board' in 'Tasks' menu (hotkey=K order=55)
[2025-12-13 08:05:17.719] ServiceContainer: Registered 'TaskListScreen_Overdue' (singleton=False)
[2025-12-13 08:05:17.730] MenuRegistry: Registered screen factory 'TaskListScreen_Overdue' in container (viewMode=overdue)
[2025-12-13 08:05:17.741] MenuRegistry: Registered 'Overdue' in 'Tasks' menu (hotkey=O order=30)
[2025-12-13 08:05:17.753] ServiceContainer: Registered 'ExcelImportScreen' (singleton=False)
[2025-12-13 08:05:17.764] MenuRegistry: Registered screen factory 'ExcelImportScreen' in container (viewMode=)
[2025-12-13 08:05:17.775] MenuRegistry: Registered 'Import from Excel' in 'Projects' menu (hotkey=I order=40)
[2025-12-13 08:05:17.786] ServiceContainer: Registered 'ExcelProfileManagerScreen' (singleton=False)
[2025-12-13 08:05:17.798] MenuRegistry: Registered screen factory 'ExcelProfileManagerScreen' in container (viewMode=)
[2025-12-13 08:05:17.812] MenuRegistry: Registered 'Excel Profiles' in 'Projects' menu (hotkey=M order=50)
[2025-12-13 08:05:17.825] ServiceContainer: Registered 'ThemeEditorScreen' (singleton=False)
[2025-12-13 08:05:17.837] MenuRegistry: Registered screen factory 'ThemeEditorScreen' in container (viewMode=)
[2025-12-13 08:05:17.848] MenuRegistry: Registered 'Theme Editor' in 'Options' menu (hotkey=T order=10)
[2025-12-13 08:05:17.860] ServiceContainer: Registered 'ChecklistsLauncherScreen' (singleton=False)
[2025-12-13 08:05:17.875] MenuRegistry: Registered screen factory 'ChecklistsLauncherScreen' in container (viewMode=)
[2025-12-13 08:05:17.887] MenuRegistry: Registered 'Checklists' in 'Tools' menu (hotkey=C order=25)
[2025-12-13 08:05:17.898] ServiceContainer: Registered 'SettingsScreen' (singleton=False)
[2025-12-13 08:05:17.909] MenuRegistry: Registered screen factory 'SettingsScreen' in container (viewMode=)
[2025-12-13 08:05:17.922] MenuRegistry: Registered 'Settings' in 'Options' menu (hotkey=S order=20)
[2025-12-13 08:05:17.934] ServiceContainer: Registered 'TaskListScreen_Default' (singleton=False)
[2025-12-13 08:05:17.946] MenuRegistry: Registered screen factory 'TaskListScreen_Default' in container (viewMode=)
[2025-12-13 08:05:17.959] MenuRegistry: Registered 'Task List' in 'Tasks' menu (hotkey=L order=5)
[2025-12-13 08:05:17.972] ServiceContainer: Registered 'TaskListScreen_Upcoming' (singleton=False)
[2025-12-13 08:05:17.984] MenuRegistry: Registered screen factory 'TaskListScreen_Upcoming' in container (viewMode=upcoming)
[2025-12-13 08:05:17.995] MenuRegistry: Registered 'Upcoming' in 'Tasks' menu (hotkey=U order=25)
[2025-12-13 08:05:18.006] ServiceContainer: Registered 'NotesMenuScreen' (singleton=False)
[2025-12-13 08:05:18.017] MenuRegistry: Registered screen factory 'NotesMenuScreen' in container (viewMode=)
[2025-12-13 08:05:18.029] MenuRegistry: Registered 'Notes' in 'Tools' menu (hotkey=N order=20)
[2025-12-13 08:05:18.040] ServiceContainer: Registered 'WeeklyTimeReportScreen' (singleton=False)
[2025-12-13 08:05:18.052] MenuRegistry: Registered screen factory 'WeeklyTimeReportScreen' in container (viewMode=)
[2025-12-13 08:05:18.065] MenuRegistry: Registered 'Weekly Report' in 'Time' menu (hotkey=W order=10)
[2025-12-13 08:05:18.078] ServiceContainer: Registered 'TaskListScreen_Agenda' (singleton=False)
[2025-12-13 08:05:18.090] MenuRegistry: Registered screen factory 'TaskListScreen_Agenda' in container (viewMode=agenda)
[2025-12-13 08:05:18.103] MenuRegistry: Registered 'Agenda View' in 'Tasks' menu (hotkey=A order=50)
[2025-12-13 08:05:18.114] ServiceContainer: Registered 'TaskListScreen_Tomorrow' (singleton=False)
[2025-12-13 08:05:18.125] MenuRegistry: Registered screen factory 'TaskListScreen_Tomorrow' in container (viewMode=tomorrow)
[2025-12-13 08:05:18.136] MenuRegistry: Registered 'Tomorrow' in 'Tasks' menu (hotkey=T order=15)
[2025-12-13 08:05:18.147] [INFO] Menus loaded from C:\Users\jhnhe\OneDrive\Documents\GitHub\project-management-console\og_transport\HYBRID\module\Pmc.strict\consoleui\screens\MenuItems.psd1
[2025-12-13 08:05:18.157] [INFO] Launching screen: TaskList
[2025-12-13 08:05:18.169] [INFO] Resolving TaskListScreen from container...
[2025-12-13 08:05:18.180] ServiceContainer: Resolving 'TaskListScreen'...
[2025-12-13 08:05:18.192] [INFO] Resolving TaskListScreen...
[2025-12-13 08:05:18.204] ServiceContainer: Resolving 'TaskStore'...
[2025-12-13 08:05:18.216] [INFO] Resolving TaskStore...
[2025-12-13 08:05:18.257] [DEBUG] TaskStore.LoadData: Starting
[2025-12-13 08:05:18.270] [DEBUG] TaskStore.LoadData: Calling Get-PmcData
[2025-12-13 08:05:18.477] [DEBUG] TaskStore.LoadData: Get-PmcData returned - tasks=4 projects=2 timelogs=3
[2025-12-13 08:05:18.495] [DEBUG] TaskStore.LoadData: Loaded 4 tasks
[2025-12-13 08:05:18.509] [DEBUG] TaskStore.LoadData: Loaded 2 projects
[2025-12-13 08:05:18.524] [DEBUG] TaskStore.LoadData: First project name='p1' ID1='111'
[2025-12-13 08:05:18.541] ServiceContainer: Resolved 'TaskStore' successfully
[2025-12-13 08:05:18.879] MenuRegistry: Loaded manifest with 24 entries
[2025-12-13 08:05:18.892] MenuRegistry: Registered 'Month View' in 'Tasks' menu (hotkey=M order=45)
[2025-12-13 08:05:18.903] MenuRegistry: Registered 'Week View' in 'Tasks' menu (hotkey=W order=20)
[2025-12-13 08:05:18.914] MenuRegistry: Registered 'No Due Date' in 'Tasks' menu (hotkey=D order=40)
[2025-12-13 08:05:18.926] MenuRegistry: Registered 'Next Actions' in 'Tasks' menu (hotkey=N order=35)
[2025-12-13 08:05:18.937] MenuRegistry: Registered 'Project List' in 'Projects' menu (hotkey=L order=10)
[2025-12-13 08:05:18.948] MenuRegistry: Registered 'Time Tracking' in 'Time' menu (hotkey=T order=5)
[2025-12-13 08:05:18.960] MenuRegistry: Registered 'Help' in 'Help' menu (hotkey=H order=10)
[2025-12-13 08:05:18.971] MenuRegistry: Registered 'Checklist Templates' in 'Tools' menu (hotkey=H order=30)
[2025-12-13 08:05:18.984] MenuRegistry: Registered 'Time Report' in 'Time' menu (hotkey=R order=20)
[2025-12-13 08:05:18.995] MenuRegistry: Registered 'Today' in 'Tasks' menu (hotkey=Y order=10)
[2025-12-13 08:05:19.009] MenuRegistry: Registered 'Command Library' in 'Tools' menu (hotkey=L order=10)
[2025-12-13 08:05:19.022] MenuRegistry: Registered 'Kanban Board' in 'Tasks' menu (hotkey=K order=55)
[2025-12-13 08:05:19.036] MenuRegistry: Registered 'Overdue' in 'Tasks' menu (hotkey=O order=30)
[2025-12-13 08:05:19.055] MenuRegistry: Registered 'Import from Excel' in 'Projects' menu (hotkey=I order=40)
[2025-12-13 08:05:19.070] MenuRegistry: Registered 'Excel Profiles' in 'Projects' menu (hotkey=M order=50)
[2025-12-13 08:05:19.085] MenuRegistry: Registered 'Theme Editor' in 'Options' menu (hotkey=T order=10)
[2025-12-13 08:05:19.100] MenuRegistry: Registered 'Checklists' in 'Tools' menu (hotkey=C order=25)
[2025-12-13 08:05:19.116] MenuRegistry: Registered 'Settings' in 'Options' menu (hotkey=S order=20)
[2025-12-13 08:05:19.131] MenuRegistry: Registered 'Task List' in 'Tasks' menu (hotkey=L order=5)
[2025-12-13 08:05:19.144] MenuRegistry: Registered 'Upcoming' in 'Tasks' menu (hotkey=U order=25)
[2025-12-13 08:05:19.158] MenuRegistry: Registered 'Notes' in 'Tools' menu (hotkey=N order=20)
[2025-12-13 08:05:19.173] MenuRegistry: Registered 'Weekly Report' in 'Time' menu (hotkey=W order=10)
[2025-12-13 08:05:19.189] MenuRegistry: Registered 'Agenda View' in 'Tasks' menu (hotkey=A order=50)
[2025-12-13 08:05:19.201] MenuRegistry: Registered 'Tomorrow' in 'Tasks' menu (hotkey=T order=15)
[2025-12-13 08:05:19.224] _PopulateMenusFromRegistry: Menu 'Help' has 1 items from registry (array)
[2025-12-13 08:05:19.246] _PopulateMenusFromRegistry: Menu 'Time' has 3 items from registry (array)
[2025-12-13 08:05:19.259] _PopulateMenusFromRegistry: Menu 'Projects' has 3 items from registry (array)
[2025-12-13 08:05:19.271] _PopulateMenusFromRegistry: Menu 'Options' has 2 items from registry (array)
[2025-12-13 08:05:19.285] _PopulateMenusFromRegistry: Menu 'Tasks' has 11 items from registry (array)
[2025-12-13 08:05:19.298] _PopulateMenusFromRegistry: Menu 'Tools' has 4 items from registry (array)
[2025-12-13 08:05:19.310] ServiceContainer: Resolved 'TaskListScreen' successfully
[2025-12-13 08:05:19.321] [INFO] Pushing screen to app...
[2025-12-13 08:05:19.632] [DEBUG] LoadData: Got 4 tasks from Store
[2025-12-13 08:05:19.706] [DEBUG] TaskListScreen.LoadData: Setting 4 tasks
[2025-12-13 08:05:19.730] [INFO] UniversalList.SetData: START, data param type=System.Object[]
[2025-12-13 08:05:19.742] [INFO] UniversalList.SetData: About to assign _data
[2025-12-13 08:05:19.756] [INFO] UniversalList.SetData: _data assigned successfully
[2025-12-13 08:05:19.768] [INFO] UniversalList.SetData: About to check _data type
[2025-12-13 08:05:19.780] [INFO] UniversalList.SetData: _data type=System.Object[]
[2025-12-13 08:05:19.791] [INFO] UniversalList.SetData: About to access _data.Count
[2025-12-13 08:05:19.802] [INFO] UniversalList.SetData: _data.Count=4
[2025-12-13 08:05:19.814] [INFO] UniversalList.SetData: _filteredData assigned
[2025-12-13 08:05:19.827] [INFO] UniversalList.SetData: About to clear _selectedIndices
[2025-12-13 08:05:19.842] [INFO] UniversalList.SetData: _selectedIndices cleared
[2025-12-13 08:05:19.853] [INFO] UniversalList.SetData: Received 4 items
[2025-12-13 08:05:19.865] [INFO] UniversalList.SetData: First item type=Hashtable isHashtable=True
[2025-12-13 08:05:19.878] [INFO] UniversalList.SetData: First item keys: text, details, created, modified, completed, due, status, project, id, priority, tags
[2025-12-13 08:05:19.890] [INFO] UniversalList.SetData: Incrementing cache generation
[2025-12-13 08:05:19.903] [INFO] UniversalList.SetData: Clearing row cache
[2025-12-13 08:05:19.916] [INFO] UniversalList.SetData: Clearing cache access order
[2025-12-13 08:05:19.929] [INFO] UniversalList.SetData: Applying filters
[2025-12-13 08:05:19.957] [INFO] UniversalList.SetData: Applying search
[2025-12-13 08:05:19.969] [INFO] UniversalList.SetData: Invoking OnDataChanged callback
[2025-12-13 08:05:19.987] [INFO] UniversalList.SetData: COMPLETE
[2025-12-13 08:05:20.102] [INFO] Screen pushed successfully
[2025-12-13 08:05:20.112] [INFO] Starting event loop...
[2025-12-13 08:05:20.391] [INFO] PadText: text='Task' rawLen=4 visibleLen=4 width=40 align=left
[2025-12-13 08:05:20.406] [INFO] PadText: text='Details' rawLen=7 visibleLen=7 width=28 align=left
[2025-12-13 08:05:20.419] [INFO] PadText: text='Due' rawLen=3 visibleLen=3 width=16 align=left
[2025-12-13 08:05:20.431] [INFO] PadText: text='Project' rawLen=7 visibleLen=7 width=21 align=left
[2025-12-13 08:05:20.444] [INFO] PadText: text='Tags' rawLen=4 visibleLen=4 width=23 align=left
[2025-12-13 08:05:20.490] [INFO] PadText: text='t2' rawLen=2 visibleLen=2 width=38 align=left
[2025-12-13 08:05:20.505] [INFO] PadText: text='d2' rawLen=2 visibleLen=2 width=26 align=left
[2025-12-13 08:05:20.530] [INFO] PadText: text='Dec 16' rawLen=6 visibleLen=6 width=14 align=left
[2025-12-13 08:05:20.561] [INFO] PadText: text='t3' rawLen=2 visibleLen=2 width=38 align=left
[2025-12-13 08:05:20.574] [INFO] PadText: text='Dec 18' rawLen=6 visibleLen=6 width=14 align=left
[2025-12-13 08:05:20.586] [INFO] PadText: text='p1' rawLen=2 visibleLen=2 width=19 align=left
[2025-12-13 08:05:20.610] [INFO] PadText: text='t1' rawLen=2 visibleLen=2 width=38 align=left
[2025-12-13 08:05:20.632] [INFO] PadText: text='task' rawLen=4 visibleLen=4 width=38 align=left
[2025-12-13 08:05:20.846] [INFO] PadText: text='Task' rawLen=4 visibleLen=4 width=40 align=left
[2025-12-13 08:05:20.860] [INFO] PadText: text='Details' rawLen=7 visibleLen=7 width=28 align=left
[2025-12-13 08:05:20.873] [INFO] PadText: text='Due' rawLen=3 visibleLen=3 width=16 align=left
[2025-12-13 08:05:20.885] [INFO] PadText: text='Project' rawLen=7 visibleLen=7 width=21 align=left
[2025-12-13 08:05:20.897] [INFO] PadText: text='Tags' rawLen=4 visibleLen=4 width=23 align=left
[2025-12-13 08:05:20.917] [INFO] PadText: text='t2' rawLen=2 visibleLen=2 width=38 align=left
[2025-12-13 08:05:20.928] [INFO] PadText: text='d2' rawLen=2 visibleLen=2 width=26 align=left
[2025-12-13 08:05:20.940] [INFO] PadText: text='Dec 16' rawLen=6 visibleLen=6 width=14 align=left
[2025-12-13 08:05:20.961] [INFO] PadText: text='t3' rawLen=2 visibleLen=2 width=38 align=left
[2025-12-13 08:05:20.974] [INFO] PadText: text='Dec 18' rawLen=6 visibleLen=6 width=14 align=left
[2025-12-13 08:05:20.986] [INFO] PadText: text='p1' rawLen=2 visibleLen=2 width=19 align=left
[2025-12-13 08:05:21.008] [INFO] PadText: text='t1' rawLen=2 visibleLen=2 width=38 align=left
[2025-12-13 08:05:21.029] [INFO] PadText: text='task' rawLen=4 visibleLen=4 width=38 align=left
[2025-12-13 08:05:22.383] [INFO] PadText: text='Task' rawLen=4 visibleLen=4 width=40 align=left
[2025-12-13 08:05:22.386] [INFO] PadText: text='Details' rawLen=7 visibleLen=7 width=28 align=left
[2025-12-13 08:05:22.405] [INFO] PadText: text='Due' rawLen=3 visibleLen=3 width=16 align=left
[2025-12-13 08:05:22.417] [INFO] PadText: text='Project' rawLen=7 visibleLen=7 width=21 align=left
[2025-12-13 08:05:22.430] [INFO] PadText: text='Tags' rawLen=4 visibleLen=4 width=23 align=left
[2025-12-13 08:05:22.448] [INFO] PadText: text='t2' rawLen=2 visibleLen=2 width=38 align=left
[2025-12-13 08:05:22.460] [INFO] PadText: text='d2' rawLen=2 visibleLen=2 width=26 align=left
[2025-12-13 08:05:22.472] [INFO] PadText: text='Dec 16' rawLen=6 visibleLen=6 width=14 align=left
[2025-12-13 08:05:22.493] [INFO] PadText: text='t3' rawLen=2 visibleLen=2 width=38 align=left
[2025-12-13 08:05:22.505] [INFO] PadText: text='Dec 18' rawLen=6 visibleLen=6 width=14 align=left
[2025-12-13 08:05:22.517] [INFO] PadText: text='p1' rawLen=2 visibleLen=2 width=19 align=left
[2025-12-13 08:05:22.539] [INFO] PadText: text='t1' rawLen=2 visibleLen=2 width=38 align=left
[2025-12-13 08:05:22.560] [INFO] PadText: text='task' rawLen=4 visibleLen=4 width=38 align=left
[2025-12-13 08:05:22.711] [INFO] PadText: text='Task' rawLen=4 visibleLen=4 width=40 align=left
[2025-12-13 08:05:22.725] [INFO] PadText: text='Details' rawLen=7 visibleLen=7 width=28 align=left
[2025-12-13 08:05:22.737] [INFO] PadText: text='Due' rawLen=3 visibleLen=3 width=16 align=left
[2025-12-13 08:05:22.749] [INFO] PadText: text='Project' rawLen=7 visibleLen=7 width=21 align=left
[2025-12-13 08:05:22.762] [INFO] PadText: text='Tags' rawLen=4 visibleLen=4 width=23 align=left
[2025-12-13 08:05:22.780] [INFO] PadText: text='t2' rawLen=2 visibleLen=2 width=38 align=left
[2025-12-13 08:05:22.792] [INFO] PadText: text='d2' rawLen=2 visibleLen=2 width=26 align=left
[2025-12-13 08:05:22.803] [INFO] PadText: text='Dec 16' rawLen=6 visibleLen=6 width=14 align=left
[2025-12-13 08:05:22.826] [INFO] PadText: text='t3' rawLen=2 visibleLen=2 width=38 align=left
[2025-12-13 08:05:22.838] [INFO] PadText: text='Dec 18' rawLen=6 visibleLen=6 width=14 align=left
[2025-12-13 08:05:22.850] [INFO] PadText: text='p1' rawLen=2 visibleLen=2 width=19 align=left
[2025-12-13 08:05:22.878] [INFO] PadText: text='t1' rawLen=2 visibleLen=2 width=38 align=left
[2025-12-13 08:05:22.900] [INFO] PadText: text='task' rawLen=4 visibleLen=4 width=38 align=left
[2025-12-13 08:05:26.157] [DEBUG] StandardListScreen: Routing to InlineEditor (Key=D1)
[2025-12-13 08:05:26.182] [DEBUG] StandardListScreen: After HandleInput - IsConfirmed=False IsCancelled=False ShowInlineEditor=True
[2025-12-13 08:05:26.197] [DEBUG] StandardListScreen: After close check - ShowInlineEditor=True
[2025-12-13 08:05:26.235] [INFO] PadText: text='Task' rawLen=4 visibleLen=4 width=40 align=left
[2025-12-13 08:05:26.247] [INFO] PadText: text='Details' rawLen=7 visibleLen=7 width=28 align=left
[2025-12-13 08:05:26.258] [INFO] PadText: text='Due' rawLen=3 visibleLen=3 width=16 align=left
[2025-12-13 08:05:26.270] [INFO] PadText: text='Project' rawLen=7 visibleLen=7 width=21 align=left
[2025-12-13 08:05:26.286] [INFO] PadText: text='Tags' rawLen=4 visibleLen=4 width=23 align=left
[2025-12-13 08:05:26.302] [INFO] PadText: text='t2' rawLen=2 visibleLen=2 width=38 align=left
[2025-12-13 08:05:26.312] [INFO] PadText: text='d2' rawLen=2 visibleLen=2 width=26 align=left
[2025-12-13 08:05:26.323] [INFO] PadText: text='Dec 16' rawLen=6 visibleLen=6 width=14 align=left
[2025-12-13 08:05:26.341] [INFO] PadText: text='t3' rawLen=2 visibleLen=2 width=38 align=left
[2025-12-13 08:05:26.352] [INFO] PadText: text='Dec 18' rawLen=6 visibleLen=6 width=14 align=left
[2025-12-13 08:05:26.363] [INFO] PadText: text='p1' rawLen=2 visibleLen=2 width=19 align=left
[2025-12-13 08:05:26.380] [INFO] PadText: text='t1' rawLen=2 visibleLen=2 width=38 align=left
[2025-12-13 08:05:26.399] [INFO] PadText: text='task' rawLen=4 visibleLen=4 width=38 align=left
[2025-12-13 08:05:26.518] [INFO] PadText: text='Task' rawLen=4 visibleLen=4 width=40 align=left
[2025-12-13 08:05:26.533] [INFO] PadText: text='Details' rawLen=7 visibleLen=7 width=28 align=left
[2025-12-13 08:05:26.545] [INFO] PadText: text='Due' rawLen=3 visibleLen=3 width=16 align=left
[2025-12-13 08:05:26.557] [INFO] PadText: text='Project' rawLen=7 visibleLen=7 width=21 align=left
[2025-12-13 08:05:26.570] [INFO] PadText: text='Tags' rawLen=4 visibleLen=4 width=23 align=left
[2025-12-13 08:05:26.585] [INFO] PadText: text='t2' rawLen=2 visibleLen=2 width=38 align=left
[2025-12-13 08:05:26.596] [INFO] PadText: text='d2' rawLen=2 visibleLen=2 width=26 align=left
[2025-12-13 08:05:26.606] [INFO] PadText: text='Dec 16' rawLen=6 visibleLen=6 width=14 align=left
[2025-12-13 08:05:26.623] [INFO] PadText: text='t3' rawLen=2 visibleLen=2 width=38 align=left
[2025-12-13 08:05:26.634] [INFO] PadText: text='Dec 18' rawLen=6 visibleLen=6 width=14 align=left
[2025-12-13 08:05:26.645] [INFO] PadText: text='p1' rawLen=2 visibleLen=2 width=19 align=left
[2025-12-13 08:05:26.661] [INFO] PadText: text='t1' rawLen=2 visibleLen=2 width=38 align=left
[2025-12-13 08:05:26.678] [INFO] PadText: text='task' rawLen=4 visibleLen=4 width=38 align=left
[2025-12-13 08:05:26.889] [DEBUG] StandardListScreen: Routing to InlineEditor (Key=D1)
[2025-12-13 08:05:26.901] [DEBUG] StandardListScreen: After HandleInput - IsConfirmed=False IsCancelled=False ShowInlineEditor=True
[2025-12-13 08:05:26.911] [DEBUG] StandardListScreen: After close check - ShowInlineEditor=True
[2025-12-13 08:05:26.942] [INFO] PadText: text='Task' rawLen=4 visibleLen=4 width=40 align=left
[2025-12-13 08:05:26.954] [INFO] PadText: text='Details' rawLen=7 visibleLen=7 width=28 align=left
[2025-12-13 08:05:26.965] [INFO] PadText: text='Due' rawLen=3 visibleLen=3 width=16 align=left
[2025-12-13 08:05:26.978] [INFO] PadText: text='Project' rawLen=7 visibleLen=7 width=21 align=left
[2025-12-13 08:05:26.989] [INFO] PadText: text='Tags' rawLen=4 visibleLen=4 width=23 align=left
[2025-12-13 08:05:27.003] [INFO] PadText: text='t2' rawLen=2 visibleLen=2 width=38 align=left
[2025-12-13 08:05:27.014] [INFO] PadText: text='d2' rawLen=2 visibleLen=2 width=26 align=left
[2025-12-13 08:05:27.025] [INFO] PadText: text='Dec 16' rawLen=6 visibleLen=6 width=14 align=left
[2025-12-13 08:05:27.042] [INFO] PadText: text='t3' rawLen=2 visibleLen=2 width=38 align=left
[2025-12-13 08:05:27.053] [INFO] PadText: text='Dec 18' rawLen=6 visibleLen=6 width=14 align=left
[2025-12-13 08:05:27.065] [INFO] PadText: text='p1' rawLen=2 visibleLen=2 width=19 align=left
[2025-12-13 08:05:27.081] [INFO] PadText: text='t1' rawLen=2 visibleLen=2 width=38 align=left
[2025-12-13 08:05:27.099] [INFO] PadText: text='task' rawLen=4 visibleLen=4 width=38 align=left
[2025-12-13 08:05:27.191] [INFO] PadText: text='Task' rawLen=4 visibleLen=4 width=40 align=left
[2025-12-13 08:05:27.202] [INFO] PadText: text='Details' rawLen=7 visibleLen=7 width=28 align=left
[2025-12-13 08:05:27.214] [INFO] PadText: text='Due' rawLen=3 visibleLen=3 width=16 align=left
[2025-12-13 08:05:27.225] [INFO] PadText: text='Project' rawLen=7 visibleLen=7 width=21 align=left
[2025-12-13 08:05:27.237] [INFO] PadText: text='Tags' rawLen=4 visibleLen=4 width=23 align=left
[2025-12-13 08:05:27.251] [INFO] PadText: text='t2' rawLen=2 visibleLen=2 width=38 align=left
[2025-12-13 08:05:27.262] [INFO] PadText: text='d2' rawLen=2 visibleLen=2 width=26 align=left
[2025-12-13 08:05:27.273] [INFO] PadText: text='Dec 16' rawLen=6 visibleLen=6 width=14 align=left
[2025-12-13 08:05:27.289] [INFO] PadText: text='t3' rawLen=2 visibleLen=2 width=38 align=left
[2025-12-13 08:05:27.300] [INFO] PadText: text='Dec 18' rawLen=6 visibleLen=6 width=14 align=left
[2025-12-13 08:05:27.311] [INFO] PadText: text='p1' rawLen=2 visibleLen=2 width=19 align=left
[2025-12-13 08:05:27.328] [INFO] PadText: text='t1' rawLen=2 visibleLen=2 width=38 align=left
[2025-12-13 08:05:27.348] [INFO] PadText: text='task' rawLen=4 visibleLen=4 width=38 align=left
[2025-12-13 08:05:27.554] [DEBUG] StandardListScreen: Routing to InlineEditor (Key=D1)
[2025-12-13 08:05:27.565] [DEBUG] StandardListScreen: After HandleInput - IsConfirmed=False IsCancelled=False ShowInlineEditor=True
[2025-12-13 08:05:27.576] [DEBUG] StandardListScreen: After close check - ShowInlineEditor=True
[2025-12-13 08:05:27.607] [INFO] PadText: text='Task' rawLen=4 visibleLen=4 width=40 align=left
[2025-12-13 08:05:27.620] [INFO] PadText: text='Details' rawLen=7 visibleLen=7 width=28 align=left
[2025-12-13 08:05:27.632] [INFO] PadText: text='Due' rawLen=3 visibleLen=3 width=16 align=left
[2025-12-13 08:05:27.643] [INFO] PadText: text='Project' rawLen=7 visibleLen=7 width=21 align=left
[2025-12-13 08:05:27.655] [INFO] PadText: text='Tags' rawLen=4 visibleLen=4 width=23 align=left
[2025-12-13 08:05:27.670] [INFO] PadText: text='t2' rawLen=2 visibleLen=2 width=38 align=left
[2025-12-13 08:05:27.681] [INFO] PadText: text='d2' rawLen=2 visibleLen=2 width=26 align=left
[2025-12-13 08:05:27.693] [INFO] PadText: text='Dec 16' rawLen=6 visibleLen=6 width=14 align=left
[2025-12-13 08:05:27.710] [INFO] PadText: text='t3' rawLen=2 visibleLen=2 width=38 align=left
[2025-12-13 08:05:27.720] [INFO] PadText: text='Dec 18' rawLen=6 visibleLen=6 width=14 align=left
[2025-12-13 08:05:27.731] [INFO] PadText: text='p1' rawLen=2 visibleLen=2 width=19 align=left
[2025-12-13 08:05:27.748] [INFO] PadText: text='t1' rawLen=2 visibleLen=2 width=38 align=left
[2025-12-13 08:05:27.765] [INFO] PadText: text='task' rawLen=4 visibleLen=4 width=38 align=left
[2025-12-13 08:05:27.861] [INFO] PadText: text='Task' rawLen=4 visibleLen=4 width=40 align=left
[2025-12-13 08:05:27.873] [INFO] PadText: text='Details' rawLen=7 visibleLen=7 width=28 align=left
[2025-12-13 08:05:27.884] [INFO] PadText: text='Due' rawLen=3 visibleLen=3 width=16 align=left
[2025-12-13 08:05:27.895] [INFO] PadText: text='Project' rawLen=7 visibleLen=7 width=21 align=left
[2025-12-13 08:05:27.907] [INFO] PadText: text='Tags' rawLen=4 visibleLen=4 width=23 align=left
[2025-12-13 08:05:27.923] [INFO] PadText: text='t2' rawLen=2 visibleLen=2 width=38 align=left
[2025-12-13 08:05:27.934] [INFO] PadText: text='d2' rawLen=2 visibleLen=2 width=26 align=left
[2025-12-13 08:05:27.944] [INFO] PadText: text='Dec 16' rawLen=6 visibleLen=6 width=14 align=left
[2025-12-13 08:05:27.961] [INFO] PadText: text='t3' rawLen=2 visibleLen=2 width=38 align=left
[2025-12-13 08:05:27.973] [INFO] PadText: text='Dec 18' rawLen=6 visibleLen=6 width=14 align=left
[2025-12-13 08:05:27.983] [INFO] PadText: text='p1' rawLen=2 visibleLen=2 width=19 align=left
[2025-12-13 08:05:28.001] [INFO] PadText: text='t1' rawLen=2 visibleLen=2 width=38 align=left
[2025-12-13 08:05:28.017] [INFO] PadText: text='task' rawLen=4 visibleLen=4 width=38 align=left
[2025-12-13 08:05:28.210] [DEBUG] StandardListScreen: Routing to InlineEditor (Key=Escape)
[2025-12-13 08:05:29.177] [INFO] Event loop exited normally
[2025-12-13 08:05:29.188] [INFO] Cleanup - showing cursor and resetting terminal
