[2025-12-13 15:02:47.065] [INFO] Loading PMC module...
[2025-12-13 15:02:48.145] [INFO] PMC module loaded
[2025-12-13 15:02:48.148] [INFO] Loading dependencies (FieldSchemas, etc.)...
[2025-12-13 15:02:48.263] [INFO] Dependencies loaded
[2025-12-13 15:02:48.273] [INFO] Loading SpeedTUI framework...
[2025-12-13 15:02:48.576] [INFO] SpeedTUI framework loaded
[2025-12-13 15:02:48.586] [INFO] Loading PraxisVT...
[2025-12-13 15:02:48.608] [INFO] PraxisVT loaded
[2025-12-13 15:02:48.618] [INFO] Loading core dependencies...
[2025-12-13 15:02:48.687] [INFO] Core dependencies loaded
[2025-12-13 15:02:48.697] [INFO] Loading widget base classes...
[2025-12-13 15:02:48.757] [INFO] Widget base classes loaded
[2025-12-13 15:02:48.768] [INFO] Loading services...
[2025-12-13 15:02:48.912] [INFO] Services loaded
[2025-12-13 15:02:48.923] [INFO] Loading helpers...
[2025-12-13 15:02:49.348] [INFO] Helpers loaded
[2025-12-13 15:02:49.358] [INFO] Loading widgets...
[2025-12-13 15:02:49.926] [INFO] Widgets loaded
[2025-12-13 15:02:49.938] [INFO] Loading screen base class...
[2025-12-13 15:02:49.975] [INFO] Screen base class loaded
[2025-12-13 15:02:49.989] [INFO] Loading HelpViewScreen (needed by base classes)...
[2025-12-13 15:02:50.026] [INFO] HelpViewScreen loaded
[2025-12-13 15:02:50.039] [INFO] Loading base classes...
[2025-12-13 15:02:50.165] [INFO] Base classes loaded
[2025-12-13 15:02:50.179] [INFO] Loading ServiceContainer (needed by screens)...
[2025-12-13 15:02:50.210] [INFO] ServiceContainer loaded
[2025-12-13 15:02:50.224] [INFO] Loading remaining screens...
[2025-12-13 15:02:50.394] [INFO] Remaining screens loaded
[2025-12-13 15:02:50.406] [INFO] Loading PmcApplication...
[2025-12-13 15:02:50.450] [INFO] PmcApplication loaded
[2025-12-13 15:02:50.465] [INFO] All components loaded successfully
[2025-12-13 15:02:50.500] [INFO] Starting PMC TUI with screen: TaskList
[2025-12-13 15:02:50.521] [INFO] Cleared stale PmcSharedMenuBar and MenuRegistry singleton
[2025-12-13 15:02:50.537] [INFO] Creating ServiceContainer...
[2025-12-13 15:02:50.560] [INFO] ServiceContainer created
[2025-12-13 15:02:50.574] [INFO] Registering Theme service...
[2025-12-13 15:02:50.603] ServiceContainer: Registered 'Theme' (singleton=True)
[2025-12-13 15:02:50.620] [INFO] Registering ThemeManager...
[2025-12-13 15:02:50.634] ServiceContainer: Registered 'ThemeManager' (singleton=True)
[2025-12-13 15:02:50.648] [INFO] Registering Config service...
[2025-12-13 15:02:50.662] ServiceContainer: Registered 'Config' (singleton=True)
[2025-12-13 15:02:50.677] [INFO] Registering TaskStore service...
[2025-12-13 15:02:50.693] ServiceContainer: Registered 'TaskStore' (singleton=True)
[2025-12-13 15:02:50.706] [INFO] Registering MenuRegistry service...
[2025-12-13 15:02:50.721] ServiceContainer: Registered 'MenuRegistry' (singleton=True)
[2025-12-13 15:02:50.735] [INFO] Registering Application service...
[2025-12-13 15:02:50.751] ServiceContainer: Registered 'Application' (singleton=True)
[2025-12-13 15:02:50.766] [INFO] Registering CommandService...
[2025-12-13 15:02:50.788] ServiceContainer: Registered 'CommandService' (singleton=True)
[2025-12-13 15:02:50.804] [INFO] Registering ChecklistService...
[2025-12-13 15:02:50.817] ServiceContainer: Registered 'ChecklistService' (singleton=True)
[2025-12-13 15:02:50.832] [INFO] Registering NoteService...
[2025-12-13 15:02:50.846] ServiceContainer: Registered 'NoteService' (singleton=True)
[2025-12-13 15:02:50.861] [INFO] Registering ExcelMappingService...
[2025-12-13 15:02:50.874] ServiceContainer: Registered 'ExcelMappingService' (singleton=True)
[2025-12-13 15:02:50.886] [INFO] Registering PreferencesService...
[2025-12-13 15:02:50.900] ServiceContainer: Registered 'PreferencesService' (singleton=True)
[2025-12-13 15:02:50.915] [INFO] Registering screen factories...
[2025-12-13 15:02:50.929] ServiceContainer: Registered 'TaskListScreen' (singleton=False)
[2025-12-13 15:02:50.941] [INFO] Resolving Application from container...
[2025-12-13 15:02:50.967] ServiceContainer: Resolving 'Application'...
[2025-12-13 15:02:50.983] [INFO] Resolving Application...
[2025-12-13 15:02:50.995] ServiceContainer: Resolving 'Theme'...
[2025-12-13 15:02:51.015] [INFO] Resolving Theme: Calling Initialize-PmcThemeSystem...
[2025-12-13 15:02:51.036] [INFO] Theme resolved: #33aaff
[2025-12-13 15:02:51.053] [INFO] Loading PmcThemeEngine...
[2025-12-13 15:02:51.168] [DEBUG] Palette [Highlight] -> #228844 (R=34 G=136 B=68)
[2025-12-13 15:02:51.181] [DEBUG] Palette [Footer] -> #185F30 (R=24 G=95 B=48)
[2025-12-13 15:02:51.195] [DEBUG] Palette [Error] -> #BE2914 (R=190 G=41 B=20)
[2025-12-13 15:02:51.210] [DEBUG] Palette [Text] -> #C2EACF (R=194 G=234 B=207)
[2025-12-13 15:02:51.223] [DEBUG] Palette [Primary] -> #228844 (R=34 G=136 B=68)
[2025-12-13 15:02:51.237] [DEBUG] Palette [Cursor] -> #228844 (R=34 G=136 B=68)
[2025-12-13 15:02:51.252] [DEBUG] Palette [Success] -> #2CB158 (R=44 G=177 B=88)
[2025-12-13 15:02:51.268] [DEBUG] Palette [Warning] -> #7FCA14 (R=127 G=202 B=20)
[2025-12-13 15:02:51.284] [DEBUG] Palette [Header] -> #228844 (R=34 G=136 B=68)
[2025-12-13 15:02:51.299] [DEBUG] Palette [Muted] -> #5C8F6D (R=92 G=143 B=109)
[2025-12-13 15:02:51.319] [DEBUG] Palette [Bright] -> #2CB158 (R=44 G=177 B=88)
[2025-12-13 15:02:51.334] [DEBUG] Palette [Label] -> #5C8F6D (R=92 G=143 B=109)
[2025-12-13 15:02:51.356] [DEBUG] Palette [Border] -> #185F30 (R=24 G=95 B=48)
[2025-12-13 15:02:51.370] [DEBUG] Palette [Status] -> #5C8F6D (R=92 G=143 B=109)
[2025-12-13 15:02:51.396] [INFO] LoadFromConfig: Loaded Properties with 16 items
[2025-12-13 15:02:51.419] [INFO] PmcThemeEngine initialized with PMC palette (14 colors)
[2025-12-13 15:02:51.435] ServiceContainer: Resolved 'Theme' successfully
[2025-12-13 15:02:51.554] ServiceContainer: Resolving 'ThemeManager'...
[2025-12-13 15:02:51.571] [INFO] Resolving ThemeManager...
[2025-12-13 15:02:51.778] ServiceContainer: Resolved 'ThemeManager' successfully
[2025-12-13 15:02:51.801] ServiceContainer: Resolved 'Application' successfully
[2025-12-13 15:02:51.815] [INFO] Application resolved and assigned to $global:PmcApp
[2025-12-13 15:02:51.829] [INFO] Loading menus from manifest...
[2025-12-13 15:02:51.844] ServiceContainer: Resolving 'MenuRegistry'...
[2025-12-13 15:02:51.861] [INFO] Resolving MenuRegistry...
[2025-12-13 15:02:51.880] ServiceContainer: Resolved 'MenuRegistry' successfully
[2025-12-13 15:02:51.908] MenuRegistry: Loaded manifest with 24 entries
[2025-12-13 15:02:51.940] ServiceContainer: Registered 'HelpViewScreen' (singleton=False)
[2025-12-13 15:02:51.955] MenuRegistry: Registered screen factory 'HelpViewScreen' in container (viewMode=)
[2025-12-13 15:02:51.978] MenuRegistry: Registered 'Help' in 'Help' menu (hotkey=H order=10)
[2025-12-13 15:02:51.991] ServiceContainer: Registered 'TimeListScreen' (singleton=False)
[2025-12-13 15:02:52.008] MenuRegistry: Registered screen factory 'TimeListScreen' in container (viewMode=)
[2025-12-13 15:02:52.023] MenuRegistry: Registered 'Time Tracking' in 'Time' menu (hotkey=T order=5)
[2025-12-13 15:02:52.038] ServiceContainer: Registered 'TaskListScreen_NoDate' (singleton=False)
[2025-12-13 15:02:52.053] MenuRegistry: Registered screen factory 'TaskListScreen_NoDate' in container (viewMode=noduedate)
[2025-12-13 15:02:52.067] MenuRegistry: Registered 'No Due Date' in 'Tasks' menu (hotkey=D order=40)
[2025-12-13 15:02:52.086] ServiceContainer: Registered 'TaskListScreen_Tomorrow' (singleton=False)
[2025-12-13 15:02:52.099] MenuRegistry: Registered screen factory 'TaskListScreen_Tomorrow' in container (viewMode=tomorrow)
[2025-12-13 15:02:52.113] MenuRegistry: Registered 'Tomorrow' in 'Tasks' menu (hotkey=T order=15)
[2025-12-13 15:02:52.128] ServiceContainer: Registered 'TimeReportScreen' (singleton=False)
[2025-12-13 15:02:52.141] MenuRegistry: Registered screen factory 'TimeReportScreen' in container (viewMode=)
[2025-12-13 15:02:52.157] MenuRegistry: Registered 'Time Report' in 'Time' menu (hotkey=R order=20)
[2025-12-13 15:02:52.171] ServiceContainer: Registered 'TaskListScreen_NextActions' (singleton=False)
[2025-12-13 15:02:52.188] MenuRegistry: Registered screen factory 'TaskListScreen_NextActions' in container (viewMode=nextactions)
[2025-12-13 15:02:52.202] MenuRegistry: Registered 'Next Actions' in 'Tasks' menu (hotkey=N order=35)
[2025-12-13 15:02:52.217] ServiceContainer: Registered 'ChecklistTemplatesFolderScreen' (singleton=False)
[2025-12-13 15:02:52.231] MenuRegistry: Registered screen factory 'ChecklistTemplatesFolderScreen' in container (viewMode=)
[2025-12-13 15:02:52.245] MenuRegistry: Registered 'Checklist Templates' in 'Tools' menu (hotkey=H order=30)
[2025-12-13 15:02:52.266] ServiceContainer: Registered 'NotesMenuScreen' (singleton=False)
[2025-12-13 15:02:52.281] MenuRegistry: Registered screen factory 'NotesMenuScreen' in container (viewMode=)
[2025-12-13 15:02:52.298] MenuRegistry: Registered 'Notes' in 'Tools' menu (hotkey=N order=20)
[2025-12-13 15:02:52.314] ServiceContainer: Registered 'ExcelProfileManagerScreen' (singleton=False)
[2025-12-13 15:02:52.328] MenuRegistry: Registered screen factory 'ExcelProfileManagerScreen' in container (viewMode=)
[2025-12-13 15:02:52.342] MenuRegistry: Registered 'Excel Profiles' in 'Projects' menu (hotkey=M order=50)
[2025-12-13 15:02:52.361] ServiceContainer: Registered 'TaskListScreen_Upcoming' (singleton=False)
[2025-12-13 15:02:52.377] MenuRegistry: Registered screen factory 'TaskListScreen_Upcoming' in container (viewMode=upcoming)
[2025-12-13 15:02:52.395] MenuRegistry: Registered 'Upcoming' in 'Tasks' menu (hotkey=U order=25)
[2025-12-13 15:02:52.410] ServiceContainer: Registered 'ProjectListScreen' (singleton=False)
[2025-12-13 15:02:52.425] MenuRegistry: Registered screen factory 'ProjectListScreen' in container (viewMode=)
[2025-12-13 15:02:52.438] MenuRegistry: Registered 'Project List' in 'Projects' menu (hotkey=L order=10)
[2025-12-13 15:02:52.455] ServiceContainer: Registered 'ChecklistsLauncherScreen' (singleton=False)
[2025-12-13 15:02:52.469] MenuRegistry: Registered screen factory 'ChecklistsLauncherScreen' in container (viewMode=)
[2025-12-13 15:02:52.485] MenuRegistry: Registered 'Checklists' in 'Tools' menu (hotkey=C order=25)
[2025-12-13 15:02:52.502] ServiceContainer: Registered 'TaskListScreen_Month' (singleton=False)
[2025-12-13 15:02:52.517] MenuRegistry: Registered screen factory 'TaskListScreen_Month' in container (viewMode=month)
[2025-12-13 15:02:52.532] MenuRegistry: Registered 'Month View' in 'Tasks' menu (hotkey=M order=45)
[2025-12-13 15:02:52.550] ServiceContainer: Registered 'SettingsScreen' (singleton=False)
[2025-12-13 15:02:52.565] MenuRegistry: Registered screen factory 'SettingsScreen' in container (viewMode=)
[2025-12-13 15:02:52.579] MenuRegistry: Registered 'Settings' in 'Options' menu (hotkey=S order=20)
[2025-12-13 15:02:52.593] ServiceContainer: Registered 'KanbanScreenV2' (singleton=False)
[2025-12-13 15:02:52.606] MenuRegistry: Registered screen factory 'KanbanScreenV2' in container (viewMode=)
[2025-12-13 15:02:52.623] MenuRegistry: Registered 'Kanban Board' in 'Tasks' menu (hotkey=K order=55)
[2025-12-13 15:02:52.636] ServiceContainer: Registered 'TaskListScreen_Overdue' (singleton=False)
[2025-12-13 15:02:52.652] MenuRegistry: Registered screen factory 'TaskListScreen_Overdue' in container (viewMode=overdue)
[2025-12-13 15:02:52.673] MenuRegistry: Registered 'Overdue' in 'Tasks' menu (hotkey=O order=30)
[2025-12-13 15:02:52.698] ServiceContainer: Registered 'TaskListScreen_Agenda' (singleton=False)
[2025-12-13 15:02:52.714] MenuRegistry: Registered screen factory 'TaskListScreen_Agenda' in container (viewMode=agenda)
[2025-12-13 15:02:52.731] MenuRegistry: Registered 'Agenda View' in 'Tasks' menu (hotkey=A order=50)
[2025-12-13 15:02:52.748] ServiceContainer: Registered 'CommandLibraryScreen' (singleton=False)
[2025-12-13 15:02:52.762] MenuRegistry: Registered screen factory 'CommandLibraryScreen' in container (viewMode=)
[2025-12-13 15:02:52.776] MenuRegistry: Registered 'Command Library' in 'Tools' menu (hotkey=L order=10)
[2025-12-13 15:02:52.790] ServiceContainer: Registered 'TaskListScreen_Default' (singleton=False)
[2025-12-13 15:02:52.807] MenuRegistry: Registered screen factory 'TaskListScreen_Default' in container (viewMode=)
[2025-12-13 15:02:52.821] MenuRegistry: Registered 'Task List' in 'Tasks' menu (hotkey=L order=5)
[2025-12-13 15:02:52.835] ServiceContainer: Registered 'ExcelImportScreen' (singleton=False)
[2025-12-13 15:02:52.848] MenuRegistry: Registered screen factory 'ExcelImportScreen' in container (viewMode=)
[2025-12-13 15:02:52.862] MenuRegistry: Registered 'Import from Excel' in 'Projects' menu (hotkey=I order=40)
[2025-12-13 15:02:52.877] ServiceContainer: Registered 'TaskListScreen_Today' (singleton=False)
[2025-12-13 15:02:52.893] MenuRegistry: Registered screen factory 'TaskListScreen_Today' in container (viewMode=today)
[2025-12-13 15:02:52.907] MenuRegistry: Registered 'Today' in 'Tasks' menu (hotkey=Y order=10)
[2025-12-13 15:02:52.923] ServiceContainer: Registered 'TaskListScreen_Week' (singleton=False)
[2025-12-13 15:02:52.941] MenuRegistry: Registered screen factory 'TaskListScreen_Week' in container (viewMode=week)
[2025-12-13 15:02:52.956] MenuRegistry: Registered 'Week View' in 'Tasks' menu (hotkey=W order=20)
[2025-12-13 15:02:52.971] ServiceContainer: Registered 'WeeklyTimeReportScreen' (singleton=False)
[2025-12-13 15:02:52.986] MenuRegistry: Registered screen factory 'WeeklyTimeReportScreen' in container (viewMode=)
[2025-12-13 15:02:53.001] MenuRegistry: Registered 'Weekly Report' in 'Time' menu (hotkey=W order=10)
[2025-12-13 15:02:53.015] ServiceContainer: Registered 'ThemeEditorScreen' (singleton=False)
[2025-12-13 15:02:53.029] MenuRegistry: Registered screen factory 'ThemeEditorScreen' in container (viewMode=)
[2025-12-13 15:02:53.042] MenuRegistry: Registered 'Theme Editor' in 'Options' menu (hotkey=T order=10)
[2025-12-13 15:02:53.058] [INFO] Menus loaded from C:\Users\jhnhe\OneDrive\Documents\GitHub\project-management-console\og_transport\HYBRID\module\Pmc.Strict\consoleui\screens\MenuItems.psd1
[2025-12-13 15:02:53.071] [INFO] Launching screen: TaskList
[2025-12-13 15:02:53.083] [INFO] Resolving TaskListScreen from container...
[2025-12-13 15:02:53.096] ServiceContainer: Resolving 'TaskListScreen'...
[2025-12-13 15:02:53.111] [INFO] Resolving TaskListScreen...
[2025-12-13 15:02:53.126] ServiceContainer: Resolving 'TaskStore'...
[2025-12-13 15:02:53.140] [INFO] Resolving TaskStore...
[2025-12-13 15:02:53.183] [DEBUG] TaskStore.LoadData: Starting
[2025-12-13 15:02:53.197] [DEBUG] TaskStore.LoadData: Calling Get-PmcData
[2025-12-13 15:02:53.477] [DEBUG] TaskStore.LoadData: Get-PmcData returned - tasks=4 projects=2 timelogs=3
[2025-12-13 15:02:53.500] [DEBUG] TaskStore.LoadData: Loaded 4 tasks
[2025-12-13 15:02:53.518] [DEBUG] TaskStore.LoadData: Loaded 2 projects
[2025-12-13 15:02:53.537] [DEBUG] TaskStore.LoadData: First project name='p1' ID1='111'
[2025-12-13 15:02:53.559] ServiceContainer: Resolved 'TaskStore' successfully
[2025-12-13 15:02:54.022] MenuRegistry: Loaded manifest with 24 entries
[2025-12-13 15:02:54.038] MenuRegistry: Registered 'Help' in 'Help' menu (hotkey=H order=10)
[2025-12-13 15:02:54.054] MenuRegistry: Registered 'Time Tracking' in 'Time' menu (hotkey=T order=5)
[2025-12-13 15:02:54.068] MenuRegistry: Registered 'No Due Date' in 'Tasks' menu (hotkey=D order=40)
[2025-12-13 15:02:54.083] MenuRegistry: Registered 'Tomorrow' in 'Tasks' menu (hotkey=T order=15)
[2025-12-13 15:02:54.096] MenuRegistry: Registered 'Time Report' in 'Time' menu (hotkey=R order=20)
[2025-12-13 15:02:54.110] MenuRegistry: Registered 'Next Actions' in 'Tasks' menu (hotkey=N order=35)
[2025-12-13 15:02:54.124] MenuRegistry: Registered 'Checklist Templates' in 'Tools' menu (hotkey=H order=30)
[2025-12-13 15:02:54.137] MenuRegistry: Registered 'Notes' in 'Tools' menu (hotkey=N order=20)
[2025-12-13 15:02:54.152] MenuRegistry: Registered 'Excel Profiles' in 'Projects' menu (hotkey=M order=50)
[2025-12-13 15:02:54.167] MenuRegistry: Registered 'Upcoming' in 'Tasks' menu (hotkey=U order=25)
[2025-12-13 15:02:54.184] MenuRegistry: Registered 'Project List' in 'Projects' menu (hotkey=L order=10)
[2025-12-13 15:02:54.198] MenuRegistry: Registered 'Checklists' in 'Tools' menu (hotkey=C order=25)
[2025-12-13 15:02:54.213] MenuRegistry: Registered 'Month View' in 'Tasks' menu (hotkey=M order=45)
[2025-12-13 15:02:54.227] MenuRegistry: Registered 'Settings' in 'Options' menu (hotkey=S order=20)
[2025-12-13 15:02:54.240] MenuRegistry: Registered 'Kanban Board' in 'Tasks' menu (hotkey=K order=55)
[2025-12-13 15:02:54.256] MenuRegistry: Registered 'Overdue' in 'Tasks' menu (hotkey=O order=30)
[2025-12-13 15:02:54.272] MenuRegistry: Registered 'Agenda View' in 'Tasks' menu (hotkey=A order=50)
[2025-12-13 15:02:54.287] MenuRegistry: Registered 'Command Library' in 'Tools' menu (hotkey=L order=10)
[2025-12-13 15:02:54.301] MenuRegistry: Registered 'Task List' in 'Tasks' menu (hotkey=L order=5)
[2025-12-13 15:02:54.316] MenuRegistry: Registered 'Import from Excel' in 'Projects' menu (hotkey=I order=40)
[2025-12-13 15:02:54.333] MenuRegistry: Registered 'Today' in 'Tasks' menu (hotkey=Y order=10)
[2025-12-13 15:02:54.348] MenuRegistry: Registered 'Week View' in 'Tasks' menu (hotkey=W order=20)
[2025-12-13 15:02:54.366] MenuRegistry: Registered 'Weekly Report' in 'Time' menu (hotkey=W order=10)
[2025-12-13 15:02:54.381] MenuRegistry: Registered 'Theme Editor' in 'Options' menu (hotkey=T order=10)
[2025-12-13 15:02:54.414] _PopulateMenusFromRegistry: Menu 'Tasks' has 11 items from registry (array)
[2025-12-13 15:02:54.440] _PopulateMenusFromRegistry: Menu 'Help' has 1 items from registry (array)
[2025-12-13 15:02:54.458] _PopulateMenusFromRegistry: Menu 'Tools' has 4 items from registry (array)
[2025-12-13 15:02:54.479] _PopulateMenusFromRegistry: Menu 'Options' has 2 items from registry (array)
[2025-12-13 15:02:54.497] _PopulateMenusFromRegistry: Menu 'Projects' has 3 items from registry (array)
[2025-12-13 15:02:54.512] _PopulateMenusFromRegistry: Menu 'Time' has 3 items from registry (array)
[2025-12-13 15:02:54.527] ServiceContainer: Resolved 'TaskListScreen' successfully
[2025-12-13 15:02:54.541] [INFO] Pushing screen to app...
[2025-12-13 15:02:54.894] [DEBUG] LoadData: Got 4 tasks from Store
[2025-12-13 15:02:55.003] [DEBUG] TaskListScreen.LoadData: Setting 4 tasks
[2025-12-13 15:02:55.313] [INFO] Screen pushed successfully
[2025-12-13 15:02:55.335] [INFO] Starting event loop...
[2025-12-13 15:02:56.298] [INFO] Cleanup - showing cursor and resetting terminal
