[2025-12-13 16:10:32.395] [INFO] Loading PMC module...
[2025-12-13 16:10:33.545] [INFO] PMC module loaded
[2025-12-13 16:10:33.546] [INFO] Loading dependencies (FieldSchemas, etc.)...
[2025-12-13 16:10:33.656] [INFO] Dependencies loaded
[2025-12-13 16:10:33.666] [INFO] Loading SpeedTUI framework...
[2025-12-13 16:10:33.936] [INFO] SpeedTUI framework loaded
[2025-12-13 16:10:33.938] [INFO] Loading PraxisVT...
[2025-12-13 16:10:33.955] [INFO] PraxisVT loaded
[2025-12-13 16:10:33.966] [INFO] Loading core dependencies...
[2025-12-13 16:10:34.025] [INFO] Core dependencies loaded
[2025-12-13 16:10:34.035] [INFO] Loading widget base classes...
[2025-12-13 16:10:34.098] [INFO] Widget base classes loaded
[2025-12-13 16:10:34.115] [INFO] Loading services...
[2025-12-13 16:10:34.270] [INFO] Services loaded
[2025-12-13 16:10:34.283] [INFO] Loading helpers...
[2025-12-13 16:10:34.830] [INFO] Helpers loaded
[2025-12-13 16:10:34.842] [INFO] Loading widgets...
[2025-12-13 16:10:35.250] [INFO] Widgets loaded
[2025-12-13 16:10:35.251] [INFO] Loading screen base class...
[2025-12-13 16:10:35.280] [INFO] Screen base class loaded
[2025-12-13 16:10:35.291] [INFO] Loading HelpViewScreen (needed by base classes)...
[2025-12-13 16:10:35.327] [INFO] HelpViewScreen loaded
[2025-12-13 16:10:35.342] [INFO] Loading base classes...
[2025-12-13 16:10:35.452] [INFO] Base classes loaded
[2025-12-13 16:10:35.466] [INFO] Loading ServiceContainer (needed by screens)...
[2025-12-13 16:10:35.490] [INFO] ServiceContainer loaded
[2025-12-13 16:10:35.504] [INFO] Loading remaining screens...
[2025-12-13 16:10:35.673] [INFO] Remaining screens loaded
[2025-12-13 16:10:35.683] [INFO] Loading PmcApplication...
[2025-12-13 16:10:35.710] [INFO] PmcApplication loaded
[2025-12-13 16:10:35.720] [INFO] All components loaded successfully
[2025-12-13 16:10:35.739] [INFO] Starting PMC TUI with screen: TaskList
[2025-12-13 16:10:35.754] [INFO] Cleared stale PmcSharedMenuBar and MenuRegistry singleton
[2025-12-13 16:10:35.765] [INFO] Creating ServiceContainer...
[2025-12-13 16:10:35.779] [INFO] ServiceContainer created
[2025-12-13 16:10:35.790] [INFO] Registering Theme service...
[2025-12-13 16:10:35.810] ServiceContainer: Registered 'Theme' (singleton=True)
[2025-12-13 16:10:35.822] [INFO] Registering ThemeManager...
[2025-12-13 16:10:35.832] ServiceContainer: Registered 'ThemeManager' (singleton=True)
[2025-12-13 16:10:35.844] [INFO] Registering Config service...
[2025-12-13 16:10:35.855] ServiceContainer: Registered 'Config' (singleton=True)
[2025-12-13 16:10:35.866] [INFO] Registering TaskStore service...
[2025-12-13 16:10:35.877] ServiceContainer: Registered 'TaskStore' (singleton=True)
[2025-12-13 16:10:35.888] [INFO] Registering MenuRegistry service...
[2025-12-13 16:10:35.899] ServiceContainer: Registered 'MenuRegistry' (singleton=True)
[2025-12-13 16:10:35.909] [INFO] Registering Application service...
[2025-12-13 16:10:35.923] ServiceContainer: Registered 'Application' (singleton=True)
[2025-12-13 16:10:35.934] [INFO] Registering CommandService...
[2025-12-13 16:10:35.949] ServiceContainer: Registered 'CommandService' (singleton=True)
[2025-12-13 16:10:35.961] [INFO] Registering ChecklistService...
[2025-12-13 16:10:35.973] ServiceContainer: Registered 'ChecklistService' (singleton=True)
[2025-12-13 16:10:35.986] [INFO] Registering NoteService...
[2025-12-13 16:10:35.999] ServiceContainer: Registered 'NoteService' (singleton=True)
[2025-12-13 16:10:36.010] [INFO] Registering ExcelMappingService...
[2025-12-13 16:10:36.023] ServiceContainer: Registered 'ExcelMappingService' (singleton=True)
[2025-12-13 16:10:36.036] [INFO] Registering PreferencesService...
[2025-12-13 16:10:36.047] ServiceContainer: Registered 'PreferencesService' (singleton=True)
[2025-12-13 16:10:36.058] [INFO] Registering screen factories...
[2025-12-13 16:10:36.069] ServiceContainer: Registered 'TaskListScreen' (singleton=False)
[2025-12-13 16:10:36.079] [INFO] Resolving Application from container...
[2025-12-13 16:10:36.100] ServiceContainer: Resolving 'Application'...
[2025-12-13 16:10:36.112] [INFO] Resolving Application...
[2025-12-13 16:10:36.124] ServiceContainer: Resolving 'Theme'...
[2025-12-13 16:10:36.138] [INFO] Resolving Theme: Calling Initialize-PmcThemeSystem...
[2025-12-13 16:10:36.154] [INFO] Theme resolved: #33aaff
[2025-12-13 16:10:36.164] [INFO] Loading PmcThemeEngine...
[2025-12-13 16:10:36.260] [DEBUG] Palette [Bright] -> #2CB158 (R=44 G=177 B=88)
[2025-12-13 16:10:36.274] [DEBUG] Palette [Footer] -> #185F30 (R=24 G=95 B=48)
[2025-12-13 16:10:36.286] [DEBUG] Palette [Cursor] -> #228844 (R=34 G=136 B=68)
[2025-12-13 16:10:36.299] [DEBUG] Palette [Primary] -> #228844 (R=34 G=136 B=68)
[2025-12-13 16:10:36.311] [DEBUG] Palette [Border] -> #185F30 (R=24 G=95 B=48)
[2025-12-13 16:10:36.325] [DEBUG] Palette [Muted] -> #5C8F6D (R=92 G=143 B=109)
[2025-12-13 16:10:36.341] [DEBUG] Palette [Status] -> #5C8F6D (R=92 G=143 B=109)
[2025-12-13 16:10:36.353] [DEBUG] Palette [Highlight] -> #228844 (R=34 G=136 B=68)
[2025-12-13 16:10:36.366] [DEBUG] Palette [Success] -> #2CB158 (R=44 G=177 B=88)
[2025-12-13 16:10:36.385] [DEBUG] Palette [Text] -> #C2EACF (R=194 G=234 B=207)
[2025-12-13 16:10:36.399] [DEBUG] Palette [Error] -> #BE2914 (R=190 G=41 B=20)
[2025-12-13 16:10:36.412] [DEBUG] Palette [Header] -> #228844 (R=34 G=136 B=68)
[2025-12-13 16:10:36.429] [DEBUG] Palette [Label] -> #5C8F6D (R=92 G=143 B=109)
[2025-12-13 16:10:36.443] [DEBUG] Palette [Warning] -> #7FCA14 (R=127 G=202 B=20)
[2025-12-13 16:10:36.469] [INFO] LoadFromConfig: Loaded Properties with 16 items
[2025-12-13 16:10:36.489] [INFO] PmcThemeEngine initialized with PMC palette (14 colors)
[2025-12-13 16:10:36.503] ServiceContainer: Resolved 'Theme' successfully
[2025-12-13 16:10:36.588] ServiceContainer: Resolving 'ThemeManager'...
[2025-12-13 16:10:36.604] [INFO] Resolving ThemeManager...
[2025-12-13 16:10:36.720] ServiceContainer: Resolved 'ThemeManager' successfully
[2025-12-13 16:10:36.739] ServiceContainer: Resolved 'Application' successfully
[2025-12-13 16:10:36.752] [INFO] Application resolved and assigned to $global:PmcApp
[2025-12-13 16:10:36.764] [INFO] Loading menus from manifest...
[2025-12-13 16:10:36.774] ServiceContainer: Resolving 'MenuRegistry'...
[2025-12-13 16:10:36.786] [INFO] Resolving MenuRegistry...
[2025-12-13 16:10:36.806] ServiceContainer: Resolved 'MenuRegistry' successfully
[2025-12-13 16:10:36.830] MenuRegistry: Loaded manifest with 24 entries
[2025-12-13 16:10:36.859] ServiceContainer: Registered 'WeeklyTimeReportScreen' (singleton=False)
[2025-12-13 16:10:36.869] MenuRegistry: Registered screen factory 'WeeklyTimeReportScreen' in container (viewMode=)
[2025-12-13 16:10:36.889] MenuRegistry: Registered 'Weekly Report' in 'Time' menu (hotkey=W order=10)
[2025-12-13 16:10:36.901] ServiceContainer: Registered 'TaskListScreen_Today' (singleton=False)
[2025-12-13 16:10:36.912] MenuRegistry: Registered screen factory 'TaskListScreen_Today' in container (viewMode=today)
[2025-12-13 16:10:36.923] MenuRegistry: Registered 'Today' in 'Tasks' menu (hotkey=Y order=10)
[2025-12-13 16:10:36.934] ServiceContainer: Registered 'CommandLibraryScreen' (singleton=False)
[2025-12-13 16:10:36.944] MenuRegistry: Registered screen factory 'CommandLibraryScreen' in container (viewMode=)
[2025-12-13 16:10:36.956] MenuRegistry: Registered 'Command Library' in 'Tools' menu (hotkey=L order=10)
[2025-12-13 16:10:36.968] ServiceContainer: Registered 'TaskListScreen_Tomorrow' (singleton=False)
[2025-12-13 16:10:36.978] MenuRegistry: Registered screen factory 'TaskListScreen_Tomorrow' in container (viewMode=tomorrow)
[2025-12-13 16:10:36.989] MenuRegistry: Registered 'Tomorrow' in 'Tasks' menu (hotkey=T order=15)
[2025-12-13 16:10:37.002] ServiceContainer: Registered 'SettingsScreen' (singleton=False)
[2025-12-13 16:10:37.013] MenuRegistry: Registered screen factory 'SettingsScreen' in container (viewMode=)
[2025-12-13 16:10:37.030] MenuRegistry: Registered 'Settings' in 'Options' menu (hotkey=S order=20)
[2025-12-13 16:10:37.042] ServiceContainer: Registered 'TaskListScreen_Month' (singleton=False)
[2025-12-13 16:10:37.054] MenuRegistry: Registered screen factory 'TaskListScreen_Month' in container (viewMode=month)
[2025-12-13 16:10:37.066] MenuRegistry: Registered 'Month View' in 'Tasks' menu (hotkey=M order=45)
[2025-12-13 16:10:37.077] ServiceContainer: Registered 'TaskListScreen_NextActions' (singleton=False)
[2025-12-13 16:10:37.090] MenuRegistry: Registered screen factory 'TaskListScreen_NextActions' in container (viewMode=nextactions)
[2025-12-13 16:10:37.104] MenuRegistry: Registered 'Next Actions' in 'Tasks' menu (hotkey=N order=35)
[2025-12-13 16:10:37.116] ServiceContainer: Registered 'TaskListScreen_Week' (singleton=False)
[2025-12-13 16:10:37.127] MenuRegistry: Registered screen factory 'TaskListScreen_Week' in container (viewMode=week)
[2025-12-13 16:10:37.137] MenuRegistry: Registered 'Week View' in 'Tasks' menu (hotkey=W order=20)
[2025-12-13 16:10:37.147] ServiceContainer: Registered 'ProjectListScreen' (singleton=False)
[2025-12-13 16:10:37.158] MenuRegistry: Registered screen factory 'ProjectListScreen' in container (viewMode=)
[2025-12-13 16:10:37.169] MenuRegistry: Registered 'Project List' in 'Projects' menu (hotkey=L order=10)
[2025-12-13 16:10:37.180] ServiceContainer: Registered 'TaskListScreen_Upcoming' (singleton=False)
[2025-12-13 16:10:37.190] MenuRegistry: Registered screen factory 'TaskListScreen_Upcoming' in container (viewMode=upcoming)
[2025-12-13 16:10:37.202] MenuRegistry: Registered 'Upcoming' in 'Tasks' menu (hotkey=U order=25)
[2025-12-13 16:10:37.216] ServiceContainer: Registered 'TaskListScreen_Overdue' (singleton=False)
[2025-12-13 16:10:37.226] MenuRegistry: Registered screen factory 'TaskListScreen_Overdue' in container (viewMode=overdue)
[2025-12-13 16:10:37.239] MenuRegistry: Registered 'Overdue' in 'Tasks' menu (hotkey=O order=30)
[2025-12-13 16:10:37.250] ServiceContainer: Registered 'TimeReportScreen' (singleton=False)
[2025-12-13 16:10:37.260] MenuRegistry: Registered screen factory 'TimeReportScreen' in container (viewMode=)
[2025-12-13 16:10:37.270] MenuRegistry: Registered 'Time Report' in 'Time' menu (hotkey=R order=20)
[2025-12-13 16:10:37.283] ServiceContainer: Registered 'TaskListScreen_NoDate' (singleton=False)
[2025-12-13 16:10:37.296] MenuRegistry: Registered screen factory 'TaskListScreen_NoDate' in container (viewMode=noduedate)
[2025-12-13 16:10:37.313] MenuRegistry: Registered 'No Due Date' in 'Tasks' menu (hotkey=D order=40)
[2025-12-13 16:10:37.329] ServiceContainer: Registered 'TimeListScreen' (singleton=False)
[2025-12-13 16:10:37.346] MenuRegistry: Registered screen factory 'TimeListScreen' in container (viewMode=)
[2025-12-13 16:10:37.361] MenuRegistry: Registered 'Time Tracking' in 'Time' menu (hotkey=T order=5)
[2025-12-13 16:10:37.376] ServiceContainer: Registered 'ChecklistsLauncherScreen' (singleton=False)
[2025-12-13 16:10:37.391] MenuRegistry: Registered screen factory 'ChecklistsLauncherScreen' in container (viewMode=)
[2025-12-13 16:10:37.403] MenuRegistry: Registered 'Checklists' in 'Tools' menu (hotkey=C order=25)
[2025-12-13 16:10:37.415] ServiceContainer: Registered 'ExcelProfileManagerScreen' (singleton=False)
[2025-12-13 16:10:37.428] MenuRegistry: Registered screen factory 'ExcelProfileManagerScreen' in container (viewMode=)
[2025-12-13 16:10:37.441] MenuRegistry: Registered 'Excel Profiles' in 'Projects' menu (hotkey=M order=50)
[2025-12-13 16:10:37.454] ServiceContainer: Registered 'HelpViewScreen' (singleton=False)
[2025-12-13 16:10:37.469] MenuRegistry: Registered screen factory 'HelpViewScreen' in container (viewMode=)
[2025-12-13 16:10:37.484] MenuRegistry: Registered 'Help' in 'Help' menu (hotkey=H order=10)
[2025-12-13 16:10:37.498] ServiceContainer: Registered 'ExcelImportScreen' (singleton=False)
[2025-12-13 16:10:37.508] MenuRegistry: Registered screen factory 'ExcelImportScreen' in container (viewMode=)
[2025-12-13 16:10:37.519] MenuRegistry: Registered 'Import from Excel' in 'Projects' menu (hotkey=I order=40)
[2025-12-13 16:10:37.532] ServiceContainer: Registered 'TaskListScreen_Default' (singleton=False)
[2025-12-13 16:10:37.544] MenuRegistry: Registered screen factory 'TaskListScreen_Default' in container (viewMode=)
[2025-12-13 16:10:37.556] MenuRegistry: Registered 'Task List' in 'Tasks' menu (hotkey=L order=5)
[2025-12-13 16:10:37.568] ServiceContainer: Registered 'ChecklistTemplatesFolderScreen' (singleton=False)
[2025-12-13 16:10:37.579] MenuRegistry: Registered screen factory 'ChecklistTemplatesFolderScreen' in container (viewMode=)
[2025-12-13 16:10:37.593] MenuRegistry: Registered 'Checklist Templates' in 'Tools' menu (hotkey=H order=30)
[2025-12-13 16:10:37.605] ServiceContainer: Registered 'NotesMenuScreen' (singleton=False)
[2025-12-13 16:10:37.617] MenuRegistry: Registered screen factory 'NotesMenuScreen' in container (viewMode=)
[2025-12-13 16:10:37.630] MenuRegistry: Registered 'Notes' in 'Tools' menu (hotkey=N order=20)
[2025-12-13 16:10:37.641] ServiceContainer: Registered 'KanbanScreenV2' (singleton=False)
[2025-12-13 16:10:37.651] MenuRegistry: Registered screen factory 'KanbanScreenV2' in container (viewMode=)
[2025-12-13 16:10:37.662] MenuRegistry: Registered 'Kanban Board' in 'Tasks' menu (hotkey=K order=55)
[2025-12-13 16:10:37.676] ServiceContainer: Registered 'TaskListScreen_Agenda' (singleton=False)
[2025-12-13 16:10:37.687] MenuRegistry: Registered screen factory 'TaskListScreen_Agenda' in container (viewMode=agenda)
[2025-12-13 16:10:37.700] MenuRegistry: Registered 'Agenda View' in 'Tasks' menu (hotkey=A order=50)
[2025-12-13 16:10:37.713] ServiceContainer: Registered 'ThemeEditorScreen' (singleton=False)
[2025-12-13 16:10:37.724] MenuRegistry: Registered screen factory 'ThemeEditorScreen' in container (viewMode=)
[2025-12-13 16:10:37.737] MenuRegistry: Registered 'Theme Editor' in 'Options' menu (hotkey=T order=10)
[2025-12-13 16:10:37.747] [INFO] Menus loaded from C:\Users\jhnhe\OneDrive\Documents\GitHub\project-management-console\og_transport\HYBRID\module\Pmc.Strict\consoleui\screens\MenuItems.psd1
[2025-12-13 16:10:37.757] [INFO] Launching screen: TaskList
[2025-12-13 16:10:37.768] [INFO] Resolving TaskListScreen from container...
[2025-12-13 16:10:37.780] ServiceContainer: Resolving 'TaskListScreen'...
[2025-12-13 16:10:37.792] [INFO] Resolving TaskListScreen...
[2025-12-13 16:10:37.802] ServiceContainer: Resolving 'TaskStore'...
[2025-12-13 16:10:37.815] [INFO] Resolving TaskStore...
[2025-12-13 16:10:37.848] [DEBUG] TaskStore.LoadData: Starting
[2025-12-13 16:10:37.861] [DEBUG] TaskStore.LoadData: Calling Get-PmcData
[2025-12-13 16:10:38.086] [DEBUG] TaskStore.LoadData: Get-PmcData returned - tasks=4 projects=2 timelogs=3
[2025-12-13 16:10:38.105] [DEBUG] TaskStore.LoadData: Loaded 4 tasks
[2025-12-13 16:10:38.122] [DEBUG] TaskStore.LoadData: Loaded 2 projects
[2025-12-13 16:10:38.137] [DEBUG] TaskStore.LoadData: First project name='p1' ID1='111'
[2025-12-13 16:10:38.155] ServiceContainer: Resolved 'TaskStore' successfully
[2025-12-13 16:10:38.534] [DEBUG] PmcScreen.AddContentWidget: Adding UniversalList (Total: 1)
[2025-12-13 16:10:38.550] [DEBUG] PmcScreen.AddContentWidget: Adding FilterPanel (Total: 2)
[2025-12-13 16:10:38.565] [DEBUG] PmcScreen.AddContentWidget: Adding InlineEditor (Total: 3)
[2025-12-13 16:10:38.619] [DEBUG] TaskListScreen: Constructor started
[2025-12-13 16:10:38.674] _PopulateMenusFromRegistry: Menu 'Tools' has 4 items from registry (array)
[2025-12-13 16:10:38.698] _PopulateMenusFromRegistry: Menu 'Time' has 3 items from registry (array)
[2025-12-13 16:10:38.713] _PopulateMenusFromRegistry: Menu 'Help' has 1 items from registry (array)
[2025-12-13 16:10:38.726] _PopulateMenusFromRegistry: Menu 'Options' has 2 items from registry (array)
[2025-12-13 16:10:38.741] _PopulateMenusFromRegistry: Menu 'Tasks' has 11 items from registry (array)
[2025-12-13 16:10:38.754] _PopulateMenusFromRegistry: Menu 'Projects' has 3 items from registry (array)
[2025-12-13 16:10:38.767] [DEBUG] TaskListScreen: Constructor completed
[2025-12-13 16:10:38.780] ServiceContainer: Resolved 'TaskListScreen' successfully
[2025-12-13 16:10:38.794] [INFO] Pushing screen to app...
[2025-12-13 16:10:39.098] [DEBUG] LoadData: Got 4 tasks from Store
[2025-12-13 16:10:39.176] [DEBUG] TaskListScreen.LoadData: Setting 4 tasks
[2025-12-13 16:10:39.191] [DEBUG] UniversalList.SetData: START
[2025-12-13 16:10:39.250] [DEBUG] UniversalList.SetData: COMPLETE (4 items)
[2025-12-13 16:10:39.283] [INFO] Screen pushed successfully
[2025-12-13 16:10:39.293] [INFO] Starting event loop...
[2025-12-13 16:10:39.692] [DEBUG] PmcScreen: Calling RenderToEngine on UniversalList
[2025-12-13 16:10:39.746] [DEBUG] PmcScreen: Calling RenderToEngine on FilterPanel
[2025-12-13 16:10:39.809] [DEBUG] PmcScreen: Calling RenderToEngine on InlineEditor
[2025-12-13 16:13:41.187] [DEBUG] PmcScreen: Calling RenderToEngine on UniversalList
[2025-12-13 16:13:41.216] [DEBUG] PmcScreen: Calling RenderToEngine on FilterPanel
[2025-12-13 16:13:41.240] [DEBUG] PmcScreen: Calling RenderToEngine on InlineEditor
