[2025-12-13 16:11:35.482] [INFO] Loading PMC module...
[2025-12-13 16:11:36.581] [INFO] PMC module loaded
[2025-12-13 16:11:36.584] [INFO] Loading dependencies (FieldSchemas, etc.)...
[2025-12-13 16:11:36.693] [INFO] Dependencies loaded
[2025-12-13 16:11:36.705] [INFO] Loading SpeedTUI framework...
[2025-12-13 16:11:36.990] [INFO] SpeedTUI framework loaded
[2025-12-13 16:11:36.999] [INFO] Loading PraxisVT...
[2025-12-13 16:11:37.018] [INFO] PraxisVT loaded
[2025-12-13 16:11:37.032] [INFO] Loading core dependencies...
[2025-12-13 16:11:37.091] [INFO] Core dependencies loaded
[2025-12-13 16:11:37.100] [INFO] Loading widget base classes...
[2025-12-13 16:11:37.150] [INFO] Widget base classes loaded
[2025-12-13 16:11:37.161] [INFO] Loading services...
[2025-12-13 16:11:37.300] [INFO] Services loaded
[2025-12-13 16:11:37.311] [INFO] Loading helpers...
[2025-12-13 16:11:37.762] [INFO] Helpers loaded
[2025-12-13 16:11:37.774] [INFO] Loading widgets...
[2025-12-13 16:11:38.285] [INFO] Widgets loaded
[2025-12-13 16:11:38.296] [INFO] Loading screen base class...
[2025-12-13 16:11:38.322] [INFO] Screen base class loaded
[2025-12-13 16:11:38.334] [INFO] Loading HelpViewScreen (needed by base classes)...
[2025-12-13 16:11:38.375] [INFO] HelpViewScreen loaded
[2025-12-13 16:11:38.389] [INFO] Loading base classes...
[2025-12-13 16:11:38.503] [INFO] Base classes loaded
[2025-12-13 16:11:38.505] [INFO] Loading ServiceContainer (needed by screens)...
[2025-12-13 16:11:38.532] [INFO] ServiceContainer loaded
[2025-12-13 16:11:38.543] [INFO] Loading remaining screens...
[2025-12-13 16:11:38.660] [INFO] Remaining screens loaded
[2025-12-13 16:11:38.670] [INFO] Loading PmcApplication...
[2025-12-13 16:11:38.695] [INFO] PmcApplication loaded
[2025-12-13 16:11:38.704] [INFO] All components loaded successfully
[2025-12-13 16:11:38.726] [INFO] Starting PMC TUI with screen: TaskList
[2025-12-13 16:11:38.741] [INFO] Cleared stale PmcSharedMenuBar and MenuRegistry singleton
[2025-12-13 16:11:38.751] [INFO] Creating ServiceContainer...
[2025-12-13 16:11:38.770] [INFO] ServiceContainer created
[2025-12-13 16:11:38.782] [INFO] Registering Theme service...
[2025-12-13 16:11:38.801] ServiceContainer: Registered 'Theme' (singleton=True)
[2025-12-13 16:11:38.815] [INFO] Registering ThemeManager...
[2025-12-13 16:11:38.825] ServiceContainer: Registered 'ThemeManager' (singleton=True)
[2025-12-13 16:11:38.836] [INFO] Registering Config service...
[2025-12-13 16:11:38.850] ServiceContainer: Registered 'Config' (singleton=True)
[2025-12-13 16:11:38.863] [INFO] Registering TaskStore service...
[2025-12-13 16:11:38.875] ServiceContainer: Registered 'TaskStore' (singleton=True)
[2025-12-13 16:11:38.896] [INFO] Registering MenuRegistry service...
[2025-12-13 16:11:38.911] ServiceContainer: Registered 'MenuRegistry' (singleton=True)
[2025-12-13 16:11:38.925] [INFO] Registering Application service...
[2025-12-13 16:11:38.938] ServiceContainer: Registered 'Application' (singleton=True)
[2025-12-13 16:11:38.951] [INFO] Registering CommandService...
[2025-12-13 16:11:38.971] ServiceContainer: Registered 'CommandService' (singleton=True)
[2025-12-13 16:11:38.986] [INFO] Registering ChecklistService...
[2025-12-13 16:11:38.999] ServiceContainer: Registered 'ChecklistService' (singleton=True)
[2025-12-13 16:11:39.013] [INFO] Registering NoteService...
[2025-12-13 16:11:39.027] ServiceContainer: Registered 'NoteService' (singleton=True)
[2025-12-13 16:11:39.040] [INFO] Registering ExcelMappingService...
[2025-12-13 16:11:39.052] ServiceContainer: Registered 'ExcelMappingService' (singleton=True)
[2025-12-13 16:11:39.064] [INFO] Registering PreferencesService...
[2025-12-13 16:11:39.076] ServiceContainer: Registered 'PreferencesService' (singleton=True)
[2025-12-13 16:11:39.089] [INFO] Registering screen factories...
[2025-12-13 16:11:39.101] ServiceContainer: Registered 'TaskListScreen' (singleton=False)
[2025-12-13 16:11:39.112] [INFO] Resolving Application from container...
[2025-12-13 16:11:39.132] ServiceContainer: Resolving 'Application'...
[2025-12-13 16:11:39.147] [INFO] Resolving Application...
[2025-12-13 16:11:39.160] ServiceContainer: Resolving 'Theme'...
[2025-12-13 16:11:39.175] [INFO] Resolving Theme: Calling Initialize-PmcThemeSystem...
[2025-12-13 16:11:39.194] [INFO] Theme resolved: #33aaff
[2025-12-13 16:11:39.205] [INFO] Loading PmcThemeEngine...
[2025-12-13 16:11:39.299] [DEBUG] Palette [Muted] -> #5C8F6D (R=92 G=143 B=109)
[2025-12-13 16:11:39.312] [DEBUG] Palette [Warning] -> #7FCA14 (R=127 G=202 B=20)
[2025-12-13 16:11:39.323] [DEBUG] Palette [Success] -> #2CB158 (R=44 G=177 B=88)
[2025-12-13 16:11:39.336] [DEBUG] Palette [Cursor] -> #228844 (R=34 G=136 B=68)
[2025-12-13 16:11:39.347] [DEBUG] Palette [Bright] -> #2CB158 (R=44 G=177 B=88)
[2025-12-13 16:11:39.359] [DEBUG] Palette [Label] -> #5C8F6D (R=92 G=143 B=109)
[2025-12-13 16:11:39.372] [DEBUG] Palette [Footer] -> #185F30 (R=24 G=95 B=48)
[2025-12-13 16:11:39.389] [DEBUG] Palette [Border] -> #185F30 (R=24 G=95 B=48)
[2025-12-13 16:11:39.403] [DEBUG] Palette [Header] -> #228844 (R=34 G=136 B=68)
[2025-12-13 16:11:39.416] [DEBUG] Palette [Highlight] -> #228844 (R=34 G=136 B=68)
[2025-12-13 16:11:39.436] [DEBUG] Palette [Error] -> #BE2914 (R=190 G=41 B=20)
[2025-12-13 16:11:39.449] [DEBUG] Palette [Text] -> #C2EACF (R=194 G=234 B=207)
[2025-12-13 16:11:39.465] [DEBUG] Palette [Primary] -> #228844 (R=34 G=136 B=68)
[2025-12-13 16:11:39.477] [DEBUG] Palette [Status] -> #5C8F6D (R=92 G=143 B=109)
[2025-12-13 16:11:39.497] [INFO] LoadFromConfig: Loaded Properties with 16 items
[2025-12-13 16:11:39.515] [INFO] PmcThemeEngine initialized with PMC palette (14 colors)
[2025-12-13 16:11:39.528] ServiceContainer: Resolved 'Theme' successfully
[2025-12-13 16:11:39.608] ServiceContainer: Resolving 'ThemeManager'...
[2025-12-13 16:11:39.620] [INFO] Resolving ThemeManager...
[2025-12-13 16:11:39.718] ServiceContainer: Resolved 'ThemeManager' successfully
[2025-12-13 16:11:39.735] ServiceContainer: Resolved 'Application' successfully
[2025-12-13 16:11:39.747] [INFO] Application resolved and assigned to $global:PmcApp
[2025-12-13 16:11:39.761] [INFO] Loading menus from manifest...
[2025-12-13 16:11:39.774] ServiceContainer: Resolving 'MenuRegistry'...
[2025-12-13 16:11:39.787] [INFO] Resolving MenuRegistry...
[2025-12-13 16:11:39.804] ServiceContainer: Resolved 'MenuRegistry' successfully
[2025-12-13 16:11:39.825] MenuRegistry: Loaded manifest with 24 entries
[2025-12-13 16:11:39.856] ServiceContainer: Registered 'TaskListScreen_Overdue' (singleton=False)
[2025-12-13 16:11:39.868] MenuRegistry: Registered screen factory 'TaskListScreen_Overdue' in container (viewMode=overdue)
[2025-12-13 16:11:39.888] MenuRegistry: Registered 'Overdue' in 'Tasks' menu (hotkey=O order=30)
[2025-12-13 16:11:39.902] ServiceContainer: Registered 'TaskListScreen_Tomorrow' (singleton=False)
[2025-12-13 16:11:39.914] MenuRegistry: Registered screen factory 'TaskListScreen_Tomorrow' in container (viewMode=tomorrow)
[2025-12-13 16:11:39.926] MenuRegistry: Registered 'Tomorrow' in 'Tasks' menu (hotkey=T order=15)
[2025-12-13 16:11:39.938] ServiceContainer: Registered 'KanbanScreenV2' (singleton=False)
[2025-12-13 16:11:39.948] MenuRegistry: Registered screen factory 'KanbanScreenV2' in container (viewMode=)
[2025-12-13 16:11:39.960] MenuRegistry: Registered 'Kanban Board' in 'Tasks' menu (hotkey=K order=55)
[2025-12-13 16:11:39.969] ServiceContainer: Registered 'HelpViewScreen' (singleton=False)
[2025-12-13 16:11:39.981] MenuRegistry: Registered screen factory 'HelpViewScreen' in container (viewMode=)
[2025-12-13 16:11:39.991] MenuRegistry: Registered 'Help' in 'Help' menu (hotkey=H order=10)
[2025-12-13 16:11:40.002] ServiceContainer: Registered 'NotesMenuScreen' (singleton=False)
[2025-12-13 16:11:40.015] MenuRegistry: Registered screen factory 'NotesMenuScreen' in container (viewMode=)
[2025-12-13 16:11:40.026] MenuRegistry: Registered 'Notes' in 'Tools' menu (hotkey=N order=20)
[2025-12-13 16:11:40.038] ServiceContainer: Registered 'TaskListScreen_Week' (singleton=False)
[2025-12-13 16:11:40.049] MenuRegistry: Registered screen factory 'TaskListScreen_Week' in container (viewMode=week)
[2025-12-13 16:11:40.061] MenuRegistry: Registered 'Week View' in 'Tasks' menu (hotkey=W order=20)
[2025-12-13 16:11:40.073] ServiceContainer: Registered 'TaskListScreen_NoDate' (singleton=False)
[2025-12-13 16:11:40.084] MenuRegistry: Registered screen factory 'TaskListScreen_NoDate' in container (viewMode=noduedate)
[2025-12-13 16:11:40.094] MenuRegistry: Registered 'No Due Date' in 'Tasks' menu (hotkey=D order=40)
[2025-12-13 16:11:40.108] ServiceContainer: Registered 'ProjectListScreen' (singleton=False)
[2025-12-13 16:11:40.119] MenuRegistry: Registered screen factory 'ProjectListScreen' in container (viewMode=)
[2025-12-13 16:11:40.131] MenuRegistry: Registered 'Project List' in 'Projects' menu (hotkey=L order=10)
[2025-12-13 16:11:40.146] ServiceContainer: Registered 'TimeListScreen' (singleton=False)
[2025-12-13 16:11:40.156] MenuRegistry: Registered screen factory 'TimeListScreen' in container (viewMode=)
[2025-12-13 16:11:40.168] MenuRegistry: Registered 'Time Tracking' in 'Time' menu (hotkey=T order=5)
[2025-12-13 16:11:40.179] ServiceContainer: Registered 'ExcelProfileManagerScreen' (singleton=False)
[2025-12-13 16:11:40.190] MenuRegistry: Registered screen factory 'ExcelProfileManagerScreen' in container (viewMode=)
[2025-12-13 16:11:40.200] MenuRegistry: Registered 'Excel Profiles' in 'Projects' menu (hotkey=M order=50)
[2025-12-13 16:11:40.211] ServiceContainer: Registered 'SettingsScreen' (singleton=False)
[2025-12-13 16:11:40.220] MenuRegistry: Registered screen factory 'SettingsScreen' in container (viewMode=)
[2025-12-13 16:11:40.230] MenuRegistry: Registered 'Settings' in 'Options' menu (hotkey=S order=20)
[2025-12-13 16:11:40.241] ServiceContainer: Registered 'TaskListScreen_Default' (singleton=False)
[2025-12-13 16:11:40.250] MenuRegistry: Registered screen factory 'TaskListScreen_Default' in container (viewMode=)
[2025-12-13 16:11:40.264] MenuRegistry: Registered 'Task List' in 'Tasks' menu (hotkey=L order=5)
[2025-12-13 16:11:40.277] ServiceContainer: Registered 'TaskListScreen_NextActions' (singleton=False)
[2025-12-13 16:11:40.288] MenuRegistry: Registered screen factory 'TaskListScreen_NextActions' in container (viewMode=nextactions)
[2025-12-13 16:11:40.300] MenuRegistry: Registered 'Next Actions' in 'Tasks' menu (hotkey=N order=35)
[2025-12-13 16:11:40.314] ServiceContainer: Registered 'ChecklistTemplatesFolderScreen' (singleton=False)
[2025-12-13 16:11:40.329] MenuRegistry: Registered screen factory 'ChecklistTemplatesFolderScreen' in container (viewMode=)
[2025-12-13 16:11:40.343] MenuRegistry: Registered 'Checklist Templates' in 'Tools' menu (hotkey=H order=30)
[2025-12-13 16:11:40.356] ServiceContainer: Registered 'ThemeEditorScreen' (singleton=False)
[2025-12-13 16:11:40.368] MenuRegistry: Registered screen factory 'ThemeEditorScreen' in container (viewMode=)
[2025-12-13 16:11:40.383] MenuRegistry: Registered 'Theme Editor' in 'Options' menu (hotkey=T order=10)
[2025-12-13 16:11:40.399] ServiceContainer: Registered 'ChecklistsLauncherScreen' (singleton=False)
[2025-12-13 16:11:40.412] MenuRegistry: Registered screen factory 'ChecklistsLauncherScreen' in container (viewMode=)
[2025-12-13 16:11:40.425] MenuRegistry: Registered 'Checklists' in 'Tools' menu (hotkey=C order=25)
[2025-12-13 16:11:40.437] ServiceContainer: Registered 'TaskListScreen_Upcoming' (singleton=False)
[2025-12-13 16:11:40.450] MenuRegistry: Registered screen factory 'TaskListScreen_Upcoming' in container (viewMode=upcoming)
[2025-12-13 16:11:40.463] MenuRegistry: Registered 'Upcoming' in 'Tasks' menu (hotkey=U order=25)
[2025-12-13 16:11:40.475] ServiceContainer: Registered 'TimeReportScreen' (singleton=False)
[2025-12-13 16:11:40.487] MenuRegistry: Registered screen factory 'TimeReportScreen' in container (viewMode=)
[2025-12-13 16:11:40.498] MenuRegistry: Registered 'Time Report' in 'Time' menu (hotkey=R order=20)
[2025-12-13 16:11:40.512] ServiceContainer: Registered 'TaskListScreen_Month' (singleton=False)
[2025-12-13 16:11:40.523] MenuRegistry: Registered screen factory 'TaskListScreen_Month' in container (viewMode=month)
[2025-12-13 16:11:40.534] MenuRegistry: Registered 'Month View' in 'Tasks' menu (hotkey=M order=45)
[2025-12-13 16:11:40.546] ServiceContainer: Registered 'ExcelImportScreen' (singleton=False)
[2025-12-13 16:11:40.556] MenuRegistry: Registered screen factory 'ExcelImportScreen' in container (viewMode=)
[2025-12-13 16:11:40.567] MenuRegistry: Registered 'Import from Excel' in 'Projects' menu (hotkey=I order=40)
[2025-12-13 16:11:40.580] ServiceContainer: Registered 'TaskListScreen_Agenda' (singleton=False)
[2025-12-13 16:11:40.594] MenuRegistry: Registered screen factory 'TaskListScreen_Agenda' in container (viewMode=agenda)
[2025-12-13 16:11:40.606] MenuRegistry: Registered 'Agenda View' in 'Tasks' menu (hotkey=A order=50)
[2025-12-13 16:11:40.619] ServiceContainer: Registered 'CommandLibraryScreen' (singleton=False)
[2025-12-13 16:11:40.632] MenuRegistry: Registered screen factory 'CommandLibraryScreen' in container (viewMode=)
[2025-12-13 16:11:40.647] MenuRegistry: Registered 'Command Library' in 'Tools' menu (hotkey=L order=10)
[2025-12-13 16:11:40.660] ServiceContainer: Registered 'WeeklyTimeReportScreen' (singleton=False)
[2025-12-13 16:11:40.671] MenuRegistry: Registered screen factory 'WeeklyTimeReportScreen' in container (viewMode=)
[2025-12-13 16:11:40.684] MenuRegistry: Registered 'Weekly Report' in 'Time' menu (hotkey=W order=10)
[2025-12-13 16:11:40.698] ServiceContainer: Registered 'TaskListScreen_Today' (singleton=False)
[2025-12-13 16:11:40.710] MenuRegistry: Registered screen factory 'TaskListScreen_Today' in container (viewMode=today)
[2025-12-13 16:11:40.722] MenuRegistry: Registered 'Today' in 'Tasks' menu (hotkey=Y order=10)
[2025-12-13 16:11:40.732] [INFO] Menus loaded from C:\Users\jhnhe\OneDrive\Documents\GitHub\project-management-console\og_transport\HYBRID\module\Pmc.Strict\consoleui\screens\MenuItems.psd1
[2025-12-13 16:11:40.745] [INFO] Launching screen: TaskList
[2025-12-13 16:11:40.759] [INFO] Resolving TaskListScreen from container...
[2025-12-13 16:11:40.772] ServiceContainer: Resolving 'TaskListScreen'...
[2025-12-13 16:11:40.787] [INFO] Resolving TaskListScreen...
[2025-12-13 16:11:40.798] ServiceContainer: Resolving 'TaskStore'...
[2025-12-13 16:11:40.811] [INFO] Resolving TaskStore...
[2025-12-13 16:11:40.843] [DEBUG] TaskStore.LoadData: Starting
[2025-12-13 16:11:40.856] [DEBUG] TaskStore.LoadData: Calling Get-PmcData
[2025-12-13 16:11:41.088] [DEBUG] TaskStore.LoadData: Get-PmcData returned - tasks=4 projects=2 timelogs=3
[2025-12-13 16:11:41.105] [DEBUG] TaskStore.LoadData: Loaded 4 tasks
[2025-12-13 16:11:41.121] [DEBUG] TaskStore.LoadData: Loaded 2 projects
[2025-12-13 16:11:41.137] [DEBUG] TaskStore.LoadData: First project name='p1' ID1='111'
[2025-12-13 16:11:41.159] ServiceContainer: Resolved 'TaskStore' successfully
[2025-12-13 16:11:41.550] [DEBUG] PmcScreen.AddContentWidget: Adding UniversalList (Total: 1)
[2025-12-13 16:11:41.565] [DEBUG] PmcScreen.AddContentWidget: Adding FilterPanel (Total: 2)
[2025-12-13 16:11:41.578] [DEBUG] PmcScreen.AddContentWidget: Adding InlineEditor (Total: 3)
[2025-12-13 16:11:41.614] [DEBUG] TaskListScreen: Constructor started
[2025-12-13 16:11:41.661] _PopulateMenusFromRegistry: Menu 'Options' has 2 items from registry (array)
[2025-12-13 16:11:41.684] _PopulateMenusFromRegistry: Menu 'Tools' has 4 items from registry (array)
[2025-12-13 16:11:41.699] _PopulateMenusFromRegistry: Menu 'Tasks' has 11 items from registry (array)
[2025-12-13 16:11:41.712] _PopulateMenusFromRegistry: Menu 'Projects' has 3 items from registry (array)
[2025-12-13 16:11:41.724] _PopulateMenusFromRegistry: Menu 'Time' has 3 items from registry (array)
[2025-12-13 16:11:41.738] _PopulateMenusFromRegistry: Menu 'Help' has 1 items from registry (array)
[2025-12-13 16:11:41.748] [DEBUG] TaskListScreen: Constructor completed
[2025-12-13 16:11:41.761] ServiceContainer: Resolved 'TaskListScreen' successfully
[2025-12-13 16:11:41.775] [INFO] Pushing screen to app...
[2025-12-13 16:11:42.050] [DEBUG] LoadData: Got 4 tasks from Store
[2025-12-13 16:11:42.135] [DEBUG] TaskListScreen.LoadData: Setting 4 tasks
[2025-12-13 16:11:42.153] [DEBUG] UniversalList.SetData: START
[2025-12-13 16:11:42.216] [DEBUG] UniversalList.SetData: COMPLETE (4 items)
[2025-12-13 16:11:42.256] [INFO] Screen pushed successfully
[2025-12-13 16:11:42.270] [INFO] Starting event loop...
[2025-12-13 16:11:42.653] [DEBUG] PmcScreen: Calling RenderToEngine on UniversalList
[2025-12-13 16:11:42.702] [DEBUG] PmcScreen: Calling RenderToEngine on FilterPanel
[2025-12-13 16:11:42.763] [DEBUG] PmcScreen: Calling RenderToEngine on InlineEditor
[2025-12-13 16:13:41.201] [DEBUG] PmcScreen: Calling RenderToEngine on UniversalList
[2025-12-13 16:13:41.231] [DEBUG] PmcScreen: Calling RenderToEngine on FilterPanel
[2025-12-13 16:13:41.256] [DEBUG] PmcScreen: Calling RenderToEngine on InlineEditor
