[2025-12-13 12:54:40.235] [INFO] Loading PMC module...
[2025-12-13 12:54:41.222] [INFO] PMC module loaded
[2025-12-13 12:54:41.223] [INFO] Loading dependencies (FieldSchemas, etc.)...
[2025-12-13 12:54:41.320] [INFO] Dependencies loaded
[2025-12-13 12:54:41.329] [INFO] Loading SpeedTUI framework...
[2025-12-13 12:54:41.564] [INFO] SpeedTUI framework loaded
[2025-12-13 12:54:41.565] [INFO] Loading PraxisVT...
[2025-12-13 12:54:41.582] [INFO] PraxisVT loaded
[2025-12-13 12:54:41.592] [INFO] Loading core dependencies...
[2025-12-13 12:54:41.651] [INFO] Core dependencies loaded
[2025-12-13 12:54:41.661] [INFO] Loading widget base classes...
[2025-12-13 12:54:41.731] [INFO] Widget base classes loaded
[2025-12-13 12:54:41.741] [INFO] Loading services...
[2025-12-13 12:54:41.875] [INFO] Services loaded
[2025-12-13 12:54:41.885] [INFO] Loading helpers...
[2025-12-13 12:54:42.366] [INFO] Helpers loaded
[2025-12-13 12:54:42.375] [INFO] Loading widgets...
[2025-12-13 12:54:42.747] [INFO] Widgets loaded
[2025-12-13 12:54:42.758] [INFO] Loading screen base class...
[2025-12-13 12:54:42.783] [INFO] Screen base class loaded
[2025-12-13 12:54:42.793] [INFO] Loading HelpViewScreen (needed by base classes)...
[2025-12-13 12:54:42.823] [INFO] HelpViewScreen loaded
[2025-12-13 12:54:42.835] [INFO] Loading base classes...
[2025-12-13 12:54:42.909] [INFO] Base classes loaded
[2025-12-13 12:54:42.919] [INFO] Loading ServiceContainer (needed by screens)...
[2025-12-13 12:54:42.942] [INFO] ServiceContainer loaded
[2025-12-13 12:54:42.954] [INFO] Loading remaining screens...
[2025-12-13 12:54:43.051] [INFO] Remaining screens loaded
[2025-12-13 12:54:43.065] [INFO] Loading PmcApplication...
[2025-12-13 12:54:43.090] [INFO] PmcApplication loaded
[2025-12-13 12:54:43.100] [INFO] All components loaded successfully
[2025-12-13 12:54:43.118] [INFO] Starting PMC TUI with screen: TaskList
[2025-12-13 12:54:43.131] [INFO] Cleared stale PmcSharedMenuBar and MenuRegistry singleton
[2025-12-13 12:54:43.142] [INFO] Creating ServiceContainer...
[2025-12-13 12:54:43.156] [INFO] ServiceContainer created
[2025-12-13 12:54:43.166] [INFO] Registering Theme service...
[2025-12-13 12:54:43.188] ServiceContainer: Registered 'Theme' (singleton=True)
[2025-12-13 12:54:43.199] [INFO] Registering ThemeManager...
[2025-12-13 12:54:43.210] ServiceContainer: Registered 'ThemeManager' (singleton=True)
[2025-12-13 12:54:43.220] [INFO] Registering Config service...
[2025-12-13 12:54:43.229] ServiceContainer: Registered 'Config' (singleton=True)
[2025-12-13 12:54:43.240] [INFO] Registering TaskStore service...
[2025-12-13 12:54:43.249] ServiceContainer: Registered 'TaskStore' (singleton=True)
[2025-12-13 12:54:43.259] [INFO] Registering MenuRegistry service...
[2025-12-13 12:54:43.269] ServiceContainer: Registered 'MenuRegistry' (singleton=True)
[2025-12-13 12:54:43.281] [INFO] Registering Application service...
[2025-12-13 12:54:43.292] ServiceContainer: Registered 'Application' (singleton=True)
[2025-12-13 12:54:43.304] [INFO] Registering CommandService...
[2025-12-13 12:54:43.316] ServiceContainer: Registered 'CommandService' (singleton=True)
[2025-12-13 12:54:43.346] [INFO] Registering ChecklistService...
[2025-12-13 12:54:43.357] ServiceContainer: Registered 'ChecklistService' (singleton=True)
[2025-12-13 12:54:43.369] [INFO] Registering NoteService...
[2025-12-13 12:54:43.380] ServiceContainer: Registered 'NoteService' (singleton=True)
[2025-12-13 12:54:43.390] [INFO] Registering ExcelMappingService...
[2025-12-13 12:54:43.400] ServiceContainer: Registered 'ExcelMappingService' (singleton=True)
[2025-12-13 12:54:43.410] [INFO] Registering PreferencesService...
[2025-12-13 12:54:43.420] ServiceContainer: Registered 'PreferencesService' (singleton=True)
[2025-12-13 12:54:43.433] [INFO] Registering screen factories...
[2025-12-13 12:54:43.445] ServiceContainer: Registered 'TaskListScreen' (singleton=False)
[2025-12-13 12:54:43.455] [INFO] Resolving Application from container...
[2025-12-13 12:54:43.473] ServiceContainer: Resolving 'Application'...
[2025-12-13 12:54:43.485] [INFO] Resolving Application...
[2025-12-13 12:54:43.495] ServiceContainer: Resolving 'Theme'...
[2025-12-13 12:54:43.509] [INFO] Resolving Theme: Calling Initialize-PmcThemeSystem...
[2025-12-13 12:54:43.525] [INFO] Theme resolved: #33aaff
[2025-12-13 12:54:43.535] [INFO] Loading PmcThemeEngine...
[2025-12-13 12:54:43.621] [DEBUG] Palette [Header] -> #228844 (R=34 G=136 B=68)
[2025-12-13 12:54:43.632] [DEBUG] Palette [Status] -> #5C8F6D (R=92 G=143 B=109)
[2025-12-13 12:54:43.643] [DEBUG] Palette [Warning] -> #7FCA14 (R=127 G=202 B=20)
[2025-12-13 12:54:43.654] [DEBUG] Palette [Success] -> #2CB158 (R=44 G=177 B=88)
[2025-12-13 12:54:43.664] [DEBUG] Palette [Border] -> #185F30 (R=24 G=95 B=48)
[2025-12-13 12:54:43.675] [DEBUG] Palette [Bright] -> #2CB158 (R=44 G=177 B=88)
[2025-12-13 12:54:43.688] [DEBUG] Palette [Error] -> #BE2914 (R=190 G=41 B=20)
[2025-12-13 12:54:43.697] [DEBUG] Palette [Cursor] -> #228844 (R=34 G=136 B=68)
[2025-12-13 12:54:43.708] [DEBUG] Palette [Highlight] -> #228844 (R=34 G=136 B=68)
[2025-12-13 12:54:43.719] [DEBUG] Palette [Primary] -> #228844 (R=34 G=136 B=68)
[2025-12-13 12:54:43.728] [DEBUG] Palette [Footer] -> #185F30 (R=24 G=95 B=48)
[2025-12-13 12:54:43.743] [DEBUG] Palette [Muted] -> #5C8F6D (R=92 G=143 B=109)
[2025-12-13 12:54:43.754] [DEBUG] Palette [Label] -> #5C8F6D (R=92 G=143 B=109)
[2025-12-13 12:54:43.764] [DEBUG] Palette [Text] -> #C2EACF (R=194 G=234 B=207)
[2025-12-13 12:54:43.781] [INFO] LoadFromConfig: Loaded Properties with 16 items
[2025-12-13 12:54:43.796] [INFO] PmcThemeEngine initialized with PMC palette (14 colors)
[2025-12-13 12:54:43.810] ServiceContainer: Resolved 'Theme' successfully
[2025-12-13 12:54:44.081] ServiceContainer: Resolving 'ThemeManager'...
[2025-12-13 12:54:44.094] [INFO] Resolving ThemeManager...
[2025-12-13 12:54:44.165] ServiceContainer: Resolved 'ThemeManager' successfully
[2025-12-13 12:54:44.182] ServiceContainer: Resolved 'Application' successfully
[2025-12-13 12:54:44.193] [INFO] Application resolved and assigned to $global:PmcApp
[2025-12-13 12:54:44.204] [INFO] Loading menus from manifest...
[2025-12-13 12:54:44.215] ServiceContainer: Resolving 'MenuRegistry'...
[2025-12-13 12:54:44.226] [INFO] Resolving MenuRegistry...
[2025-12-13 12:54:44.240] ServiceContainer: Resolved 'MenuRegistry' successfully
[2025-12-13 12:54:44.261] MenuRegistry: Loaded manifest with 24 entries
[2025-12-13 12:54:44.285] ServiceContainer: Registered 'CommandLibraryScreen' (singleton=False)
[2025-12-13 12:54:44.295] MenuRegistry: Registered screen factory 'CommandLibraryScreen' in container (viewMode=)
[2025-12-13 12:54:44.316] MenuRegistry: Registered 'Command Library' in 'Tools' menu (hotkey=L order=10)
[2025-12-13 12:54:44.327] ServiceContainer: Registered 'TaskListScreen_Default' (singleton=False)
[2025-12-13 12:54:44.337] MenuRegistry: Registered screen factory 'TaskListScreen_Default' in container (viewMode=)
[2025-12-13 12:54:44.348] MenuRegistry: Registered 'Task List' in 'Tasks' menu (hotkey=L order=5)
[2025-12-13 12:54:44.359] ServiceContainer: Registered 'TaskListScreen_Month' (singleton=False)
[2025-12-13 12:54:44.370] MenuRegistry: Registered screen factory 'TaskListScreen_Month' in container (viewMode=month)
[2025-12-13 12:54:44.380] MenuRegistry: Registered 'Month View' in 'Tasks' menu (hotkey=M order=45)
[2025-12-13 12:54:44.391] ServiceContainer: Registered 'ChecklistsLauncherScreen' (singleton=False)
[2025-12-13 12:54:44.401] MenuRegistry: Registered screen factory 'ChecklistsLauncherScreen' in container (viewMode=)
[2025-12-13 12:54:44.413] MenuRegistry: Registered 'Checklists' in 'Tools' menu (hotkey=C order=25)
[2025-12-13 12:54:44.424] ServiceContainer: Registered 'ExcelImportScreen' (singleton=False)
[2025-12-13 12:54:44.436] MenuRegistry: Registered screen factory 'ExcelImportScreen' in container (viewMode=)
[2025-12-13 12:54:44.447] MenuRegistry: Registered 'Import from Excel' in 'Projects' menu (hotkey=I order=40)
[2025-12-13 12:54:44.463] ServiceContainer: Registered 'NotesMenuScreen' (singleton=False)
[2025-12-13 12:54:44.473] MenuRegistry: Registered screen factory 'NotesMenuScreen' in container (viewMode=)
[2025-12-13 12:54:44.484] MenuRegistry: Registered 'Notes' in 'Tools' menu (hotkey=N order=20)
[2025-12-13 12:54:44.495] ServiceContainer: Registered 'HelpViewScreen' (singleton=False)
[2025-12-13 12:54:44.505] MenuRegistry: Registered screen factory 'HelpViewScreen' in container (viewMode=)
[2025-12-13 12:54:44.515] MenuRegistry: Registered 'Help' in 'Help' menu (hotkey=H order=10)
[2025-12-13 12:54:44.526] ServiceContainer: Registered 'TimeListScreen' (singleton=False)
[2025-12-13 12:54:44.536] MenuRegistry: Registered screen factory 'TimeListScreen' in container (viewMode=)
[2025-12-13 12:54:44.547] MenuRegistry: Registered 'Time Tracking' in 'Time' menu (hotkey=T order=5)
[2025-12-13 12:54:44.559] ServiceContainer: Registered 'TaskListScreen_Today' (singleton=False)
[2025-12-13 12:54:44.569] MenuRegistry: Registered screen factory 'TaskListScreen_Today' in container (viewMode=today)
[2025-12-13 12:54:44.580] MenuRegistry: Registered 'Today' in 'Tasks' menu (hotkey=Y order=10)
[2025-12-13 12:54:44.591] ServiceContainer: Registered 'ThemeEditorScreen' (singleton=False)
[2025-12-13 12:54:44.601] MenuRegistry: Registered screen factory 'ThemeEditorScreen' in container (viewMode=)
[2025-12-13 12:54:44.612] MenuRegistry: Registered 'Theme Editor' in 'Options' menu (hotkey=T order=10)
[2025-12-13 12:54:44.623] ServiceContainer: Registered 'ChecklistTemplatesFolderScreen' (singleton=False)
[2025-12-13 12:54:44.633] MenuRegistry: Registered screen factory 'ChecklistTemplatesFolderScreen' in container (viewMode=)
[2025-12-13 12:54:44.644] MenuRegistry: Registered 'Checklist Templates' in 'Tools' menu (hotkey=H order=30)
[2025-12-13 12:54:44.654] ServiceContainer: Registered 'TaskListScreen_Upcoming' (singleton=False)
[2025-12-13 12:54:44.665] MenuRegistry: Registered screen factory 'TaskListScreen_Upcoming' in container (viewMode=upcoming)
[2025-12-13 12:54:44.677] MenuRegistry: Registered 'Upcoming' in 'Tasks' menu (hotkey=U order=25)
[2025-12-13 12:54:44.690] ServiceContainer: Registered 'TaskListScreen_NoDate' (singleton=False)
[2025-12-13 12:54:44.700] MenuRegistry: Registered screen factory 'TaskListScreen_NoDate' in container (viewMode=noduedate)
[2025-12-13 12:54:44.711] MenuRegistry: Registered 'No Due Date' in 'Tasks' menu (hotkey=D order=40)
[2025-12-13 12:54:44.721] ServiceContainer: Registered 'KanbanScreenV2' (singleton=False)
[2025-12-13 12:54:44.733] MenuRegistry: Registered screen factory 'KanbanScreenV2' in container (viewMode=)
[2025-12-13 12:54:44.744] MenuRegistry: Registered 'Kanban Board' in 'Tasks' menu (hotkey=K order=55)
[2025-12-13 12:54:44.754] ServiceContainer: Registered 'TaskListScreen_Week' (singleton=False)
[2025-12-13 12:54:44.765] MenuRegistry: Registered screen factory 'TaskListScreen_Week' in container (viewMode=week)
[2025-12-13 12:54:44.776] MenuRegistry: Registered 'Week View' in 'Tasks' menu (hotkey=W order=20)
[2025-12-13 12:54:44.786] ServiceContainer: Registered 'TaskListScreen_Agenda' (singleton=False)
[2025-12-13 12:54:44.796] MenuRegistry: Registered screen factory 'TaskListScreen_Agenda' in container (viewMode=agenda)
[2025-12-13 12:54:44.809] MenuRegistry: Registered 'Agenda View' in 'Tasks' menu (hotkey=A order=50)
[2025-12-13 12:54:44.820] ServiceContainer: Registered 'TaskListScreen_Overdue' (singleton=False)
[2025-12-13 12:54:44.831] MenuRegistry: Registered screen factory 'TaskListScreen_Overdue' in container (viewMode=overdue)
[2025-12-13 12:54:44.842] MenuRegistry: Registered 'Overdue' in 'Tasks' menu (hotkey=O order=30)
[2025-12-13 12:54:44.853] ServiceContainer: Registered 'ProjectListScreen' (singleton=False)
[2025-12-13 12:54:44.863] MenuRegistry: Registered screen factory 'ProjectListScreen' in container (viewMode=)
[2025-12-13 12:54:44.874] MenuRegistry: Registered 'Project List' in 'Projects' menu (hotkey=L order=10)
[2025-12-13 12:54:44.885] ServiceContainer: Registered 'TaskListScreen_Tomorrow' (singleton=False)
[2025-12-13 12:54:44.894] MenuRegistry: Registered screen factory 'TaskListScreen_Tomorrow' in container (viewMode=tomorrow)
[2025-12-13 12:54:44.905] MenuRegistry: Registered 'Tomorrow' in 'Tasks' menu (hotkey=T order=15)
[2025-12-13 12:54:44.918] ServiceContainer: Registered 'TaskListScreen_NextActions' (singleton=False)
[2025-12-13 12:54:44.930] MenuRegistry: Registered screen factory 'TaskListScreen_NextActions' in container (viewMode=nextactions)
[2025-12-13 12:54:44.942] MenuRegistry: Registered 'Next Actions' in 'Tasks' menu (hotkey=N order=35)
[2025-12-13 12:54:44.954] ServiceContainer: Registered 'TimeReportScreen' (singleton=False)
[2025-12-13 12:54:44.965] MenuRegistry: Registered screen factory 'TimeReportScreen' in container (viewMode=)
[2025-12-13 12:54:44.977] MenuRegistry: Registered 'Time Report' in 'Time' menu (hotkey=R order=20)
[2025-12-13 12:54:44.988] ServiceContainer: Registered 'ExcelProfileManagerScreen' (singleton=False)
[2025-12-13 12:54:44.998] MenuRegistry: Registered screen factory 'ExcelProfileManagerScreen' in container (viewMode=)
[2025-12-13 12:54:45.012] MenuRegistry: Registered 'Excel Profiles' in 'Projects' menu (hotkey=M order=50)
[2025-12-13 12:54:45.023] ServiceContainer: Registered 'SettingsScreen' (singleton=False)
[2025-12-13 12:54:45.034] MenuRegistry: Registered screen factory 'SettingsScreen' in container (viewMode=)
[2025-12-13 12:54:45.046] MenuRegistry: Registered 'Settings' in 'Options' menu (hotkey=S order=20)
[2025-12-13 12:54:45.061] ServiceContainer: Registered 'WeeklyTimeReportScreen' (singleton=False)
[2025-12-13 12:54:45.073] MenuRegistry: Registered screen factory 'WeeklyTimeReportScreen' in container (viewMode=)
[2025-12-13 12:54:45.084] MenuRegistry: Registered 'Weekly Report' in 'Time' menu (hotkey=W order=10)
[2025-12-13 12:54:45.095] [INFO] Menus loaded from C:\Users\jhnhe\OneDrive\Documents\GitHub\project-management-console\og_transport\HYBRID\module\Pmc.Strict\consoleui\screens\MenuItems.psd1
[2025-12-13 12:54:45.106] [INFO] Launching screen: TaskList
[2025-12-13 12:54:45.117] [INFO] Resolving TaskListScreen from container...
[2025-12-13 12:54:45.127] ServiceContainer: Resolving 'TaskListScreen'...
[2025-12-13 12:54:45.139] [INFO] Resolving TaskListScreen...
[2025-12-13 12:54:45.150] ServiceContainer: Resolving 'TaskStore'...
[2025-12-13 12:54:45.161] [INFO] Resolving TaskStore...
[2025-12-13 12:54:45.195] [DEBUG] TaskStore.LoadData: Starting
[2025-12-13 12:54:45.207] [DEBUG] TaskStore.LoadData: Calling Get-PmcData
[2025-12-13 12:54:45.418] [DEBUG] TaskStore.LoadData: Get-PmcData returned - tasks=4 projects=2 timelogs=3
[2025-12-13 12:54:45.438] [DEBUG] TaskStore.LoadData: Loaded 4 tasks
[2025-12-13 12:54:45.453] [DEBUG] TaskStore.LoadData: Loaded 2 projects
[2025-12-13 12:54:45.469] [DEBUG] TaskStore.LoadData: First project name='p1' ID1='111'
[2025-12-13 12:54:45.486] ServiceContainer: Resolved 'TaskStore' successfully
[2025-12-13 12:54:45.856] MenuRegistry: Loaded manifest with 24 entries
[2025-12-13 12:54:45.868] MenuRegistry: Registered 'Command Library' in 'Tools' menu (hotkey=L order=10)
[2025-12-13 12:54:45.879] MenuRegistry: Registered 'Task List' in 'Tasks' menu (hotkey=L order=5)
[2025-12-13 12:54:45.889] MenuRegistry: Registered 'Month View' in 'Tasks' menu (hotkey=M order=45)
[2025-12-13 12:54:45.901] MenuRegistry: Registered 'Checklists' in 'Tools' menu (hotkey=C order=25)
[2025-12-13 12:54:45.912] MenuRegistry: Registered 'Import from Excel' in 'Projects' menu (hotkey=I order=40)
[2025-12-13 12:54:45.923] MenuRegistry: Registered 'Notes' in 'Tools' menu (hotkey=N order=20)
[2025-12-13 12:54:45.937] MenuRegistry: Registered 'Help' in 'Help' menu (hotkey=H order=10)
[2025-12-13 12:54:45.950] MenuRegistry: Registered 'Time Tracking' in 'Time' menu (hotkey=T order=5)
[2025-12-13 12:54:45.962] MenuRegistry: Registered 'Today' in 'Tasks' menu (hotkey=Y order=10)
[2025-12-13 12:54:45.974] MenuRegistry: Registered 'Theme Editor' in 'Options' menu (hotkey=T order=10)
[2025-12-13 12:54:45.985] MenuRegistry: Registered 'Checklist Templates' in 'Tools' menu (hotkey=H order=30)
[2025-12-13 12:54:45.997] MenuRegistry: Registered 'Upcoming' in 'Tasks' menu (hotkey=U order=25)
[2025-12-13 12:54:46.008] MenuRegistry: Registered 'No Due Date' in 'Tasks' menu (hotkey=D order=40)
[2025-12-13 12:54:46.018] MenuRegistry: Registered 'Kanban Board' in 'Tasks' menu (hotkey=K order=55)
[2025-12-13 12:54:46.029] MenuRegistry: Registered 'Week View' in 'Tasks' menu (hotkey=W order=20)
[2025-12-13 12:54:46.040] MenuRegistry: Registered 'Agenda View' in 'Tasks' menu (hotkey=A order=50)
[2025-12-13 12:54:46.052] MenuRegistry: Registered 'Overdue' in 'Tasks' menu (hotkey=O order=30)
[2025-12-13 12:54:46.065] MenuRegistry: Registered 'Project List' in 'Projects' menu (hotkey=L order=10)
[2025-12-13 12:54:46.076] MenuRegistry: Registered 'Tomorrow' in 'Tasks' menu (hotkey=T order=15)
[2025-12-13 12:54:46.087] MenuRegistry: Registered 'Next Actions' in 'Tasks' menu (hotkey=N order=35)
[2025-12-13 12:54:46.100] MenuRegistry: Registered 'Time Report' in 'Time' menu (hotkey=R order=20)
[2025-12-13 12:54:46.111] MenuRegistry: Registered 'Excel Profiles' in 'Projects' menu (hotkey=M order=50)
[2025-12-13 12:54:46.121] MenuRegistry: Registered 'Settings' in 'Options' menu (hotkey=S order=20)
[2025-12-13 12:54:46.132] MenuRegistry: Registered 'Weekly Report' in 'Time' menu (hotkey=W order=10)
[2025-12-13 12:54:46.173] _PopulateMenusFromRegistry: Menu 'Options' has 2 items from registry (array)
[2025-12-13 12:54:46.198] _PopulateMenusFromRegistry: Menu 'Projects' has 3 items from registry (array)
[2025-12-13 12:54:46.210] _PopulateMenusFromRegistry: Menu 'Help' has 1 items from registry (array)
[2025-12-13 12:54:46.223] _PopulateMenusFromRegistry: Menu 'Tools' has 4 items from registry (array)
[2025-12-13 12:54:46.237] _PopulateMenusFromRegistry: Menu 'Tasks' has 11 items from registry (array)
[2025-12-13 12:54:46.249] _PopulateMenusFromRegistry: Menu 'Time' has 3 items from registry (array)
[2025-12-13 12:54:46.261] ServiceContainer: Resolved 'TaskListScreen' successfully
[2025-12-13 12:54:46.272] [INFO] Pushing screen to app...
[2025-12-13 12:54:46.630] [DEBUG] LoadData: Got 4 tasks from Store
[2025-12-13 12:54:46.704] [DEBUG] TaskListScreen.LoadData: Setting 4 tasks
[2025-12-13 12:54:46.722] [INFO] UniversalList.SetData: START, data param type=System.Object[]
[2025-12-13 12:54:46.733] [INFO] UniversalList.SetData: About to assign _data
[2025-12-13 12:54:46.749] [INFO] UniversalList.SetData: _data assigned successfully
[2025-12-13 12:54:46.760] [INFO] UniversalList.SetData: About to check _data type
[2025-12-13 12:54:46.773] [INFO] UniversalList.SetData: _data type=System.Object[]
[2025-12-13 12:54:46.784] [INFO] UniversalList.SetData: About to access _data.Count
[2025-12-13 12:54:46.795] [INFO] UniversalList.SetData: _data.Count=4
[2025-12-13 12:54:46.809] [INFO] UniversalList.SetData: _filteredData assigned
[2025-12-13 12:54:46.823] [INFO] UniversalList.SetData: About to clear _selectedIndices
[2025-12-13 12:54:46.839] [INFO] UniversalList.SetData: _selectedIndices cleared
[2025-12-13 12:54:46.851] [INFO] UniversalList.SetData: Received 4 items
[2025-12-13 12:54:46.871] [INFO] UniversalList.SetData: First item type=Hashtable isHashtable=True
[2025-12-13 12:54:46.884] [INFO] UniversalList.SetData: First item keys: status, project, details, priority, tags, completed, due, text, modified, created, id
[2025-12-13 12:54:46.896] [INFO] UniversalList.SetData: Incrementing cache generation
[2025-12-13 12:54:46.909] [INFO] UniversalList.SetData: Clearing row cache
[2025-12-13 12:54:46.922] [INFO] UniversalList.SetData: Clearing cache access order
[2025-12-13 12:54:46.937] [INFO] UniversalList.SetData: Applying filters
[2025-12-13 12:54:46.964] [INFO] UniversalList.SetData: Applying search
[2025-12-13 12:54:46.975] [INFO] UniversalList.SetData: Invoking OnDataChanged callback
[2025-12-13 12:54:46.993] [INFO] UniversalList.SetData: COMPLETE
[2025-12-13 12:54:47.156] [INFO] Screen pushed successfully
[2025-12-13 12:54:47.169] [INFO] Starting event loop...
[2025-12-13 12:55:00.685] [INFO] Event loop exited normally
[2025-12-13 12:55:00.688] [INFO] Cleanup - showing cursor and resetting terminal
