[2025-12-13 12:44:18.125] [INFO] Loading PMC module...
[2025-12-13 12:44:19.757] [INFO] PMC module loaded
[2025-12-13 12:44:19.759] [INFO] Loading dependencies (FieldSchemas, etc.)...
[2025-12-13 12:44:19.918] [INFO] Dependencies loaded
[2025-12-13 12:44:19.932] [INFO] Loading SpeedTUI framework...
[2025-12-13 12:44:20.385] [INFO] SpeedTUI framework loaded
[2025-12-13 12:44:20.401] [INFO] Loading PraxisVT...
[2025-12-13 12:44:20.426] [INFO] PraxisVT loaded
[2025-12-13 12:44:20.463] [INFO] Loading core dependencies...
[2025-12-13 12:44:20.604] [INFO] Core dependencies loaded
[2025-12-13 12:44:20.624] [INFO] Loading widget base classes...
[2025-12-13 12:44:20.708] [INFO] Widget base classes loaded
[2025-12-13 12:44:20.724] [INFO] Loading services...
[2025-12-13 12:44:20.939] [INFO] Services loaded
[2025-12-13 12:44:20.957] [INFO] Loading helpers...
[2025-12-13 12:44:21.696] [INFO] Helpers loaded
[2025-12-13 12:44:21.707] [INFO] Loading widgets...
[2025-12-13 12:44:22.285] [INFO] Widgets loaded
[2025-12-13 12:44:22.301] [INFO] Loading screen base class...
[2025-12-13 12:44:22.338] [INFO] Screen base class loaded
[2025-12-13 12:44:22.354] [INFO] Loading HelpViewScreen (needed by base classes)...
[2025-12-13 12:44:22.438] [INFO] HelpViewScreen loaded
[2025-12-13 12:44:22.455] [INFO] Loading base classes...
[2025-12-13 12:44:22.646] [ERROR] Failed to load base classes: At C:\Users\jhnhe\OneDrive\Documents\GitHub\project-management-console\og_transport\HYBRID\module\Pmc.Strict\consoleui\base\StandardListScreen.ps1:1190 char:14
+     if ($null -eq $this.List) {
+              ~
Missing ')' in function parameter list.

At C:\Users\jhnhe\OneDrive\Documents\GitHub\project-management-console\og_transport\HYBRID\module\Pmc.Strict\consoleui\base\StandardListScreen.ps1:1249 char:37
+ hidden [hashtable] _GetTerminalSize() {
+                                     ~
An expression was expected after '('.

At C:\Users\jhnhe\OneDrive\Documents\GitHub\project-management-console\og_transport\HYBRID\module\Pmc.Strict\consoleui\base\StandardListScreen.ps1:1260 char:1
+ }
+ ~
Unexpected token '}' in expression or statement.
